[2025-10-07T12:06:56.975+0000] {local_task_job_runner.py:123} INFO - ::group::Pre task execution logs
[2025-10-07T12:06:56.995+0000] {taskinstance.py:2614} INFO - Dependencies all met for dep_context=non-requeueable deps ti=<TaskInstance: vnstock_weekly_etl_incremental.process_batch manual__2025-10-07T10:41:48.387187+00:00 map_index=34 [queued]>
[2025-10-07T12:06:57.006+0000] {taskinstance.py:2614} INFO - Dependencies all met for dep_context=requeueable deps ti=<TaskInstance: vnstock_weekly_etl_incremental.process_batch manual__2025-10-07T10:41:48.387187+00:00 map_index=34 [queued]>
[2025-10-07T12:06:57.007+0000] {taskinstance.py:2867} INFO - Starting attempt 1 of 3
[2025-10-07T12:06:57.018+0000] {taskinstance.py:2890} INFO - Executing <Mapped(_PythonDecoratedOperator): process_batch> on 2025-10-07 10:41:48.387187+00:00
[2025-10-07T12:06:57.027+0000] {logging_mixin.py:190} WARNING - /home/***/.local/lib/python3.12/site-packages/***/task/task_runner/standard_task_runner.py:70 DeprecationWarning: This process (pid=10310) is multi-threaded, use of fork() may lead to deadlocks in the child.
[2025-10-07T12:06:57.029+0000] {standard_task_runner.py:72} INFO - Started process 10329 to run task
[2025-10-07T12:06:57.028+0000] {standard_task_runner.py:104} INFO - Running: ['***', 'tasks', 'run', 'vnstock_weekly_etl_incremental', 'process_batch', 'manual__2025-10-07T10:41:48.387187+00:00', '--job-id', '157', '--raw', '--subdir', 'DAGS_FOLDER/dag.py', '--cfg-path', '/tmp/tmpkwfhlgbg', '--map-index', '34']
[2025-10-07T12:06:57.031+0000] {standard_task_runner.py:105} INFO - Job 157: Subtask process_batch
[2025-10-07T12:06:57.044+0000] {logging_mixin.py:190} WARNING - /home/***/.local/lib/python3.12/site-packages/***/settings.py:209 DeprecationWarning: The sql_alchemy_conn option in [core] has been moved to the sql_alchemy_conn option in [database] - the old setting has been used, but please update your config.
[2025-10-07T12:06:57.087+0000] {task_command.py:467} INFO - Running <TaskInstance: vnstock_weekly_etl_incremental.process_batch manual__2025-10-07T10:41:48.387187+00:00 map_index=34 [running]> on host e3278e0f0bbc
[2025-10-07T12:06:57.343+0000] {taskinstance.py:3134} INFO - Exporting env vars: AIRFLOW_CTX_DAG_OWNER='***' AIRFLOW_CTX_DAG_ID='vnstock_weekly_etl_incremental' AIRFLOW_CTX_TASK_ID='process_batch' AIRFLOW_CTX_EXECUTION_DATE='2025-10-07T10:41:48.387187+00:00' AIRFLOW_CTX_TRY_NUMBER='1' AIRFLOW_CTX_DAG_RUN_ID='manual__2025-10-07T10:41:48.387187+00:00'
[2025-10-07T12:06:57.344+0000] {taskinstance.py:732} INFO - ::endgroup::
[2025-10-07T12:06:57.346+0000] {logging_mixin.py:190} INFO - ⬇️ Bắt đầu xử lý symbol = ACL
[2025-10-07T12:06:57.355+0000] {logging_mixin.py:190} INFO - ⚠️ Không đọc được file cũ ACL: 'date'
[2025-10-07T12:06:57.364+0000] {logging_mixin.py:190} INFO - ACL: trích dữ liệu từ 2025-10-08 đến 2025-10-07
[2025-10-07T12:07:02.054+0000] {logging_mixin.py:190} INFO - Không tìm thấy dữ liệu cho ACL
[2025-10-07T12:07:02.056+0000] {logging_mixin.py:190} INFO - ℹ️ ACL: Không có dữ liệu mới.
[2025-10-07T12:07:02.056+0000] {logging_mixin.py:190} INFO - ⬇️ Bắt đầu xử lý symbol = ACG
[2025-10-07T12:07:02.062+0000] {logging_mixin.py:190} INFO - ⚠️ Không đọc được file cũ ACG: 'date'
[2025-10-07T12:07:02.069+0000] {logging_mixin.py:190} INFO - ACG: trích dữ liệu từ 2025-10-08 đến 2025-10-07
[2025-10-07T12:07:06.563+0000] {logging_mixin.py:190} INFO - Không tìm thấy dữ liệu cho ACG
[2025-10-07T12:07:06.565+0000] {logging_mixin.py:190} INFO - ℹ️ ACG: Không có dữ liệu mới.
[2025-10-07T12:07:06.565+0000] {logging_mixin.py:190} INFO - ⬇️ Bắt đầu xử lý symbol = ACE
[2025-10-07T12:07:06.572+0000] {logging_mixin.py:190} INFO - ⚠️ Không đọc được file cũ ACE: 'date'
[2025-10-07T12:07:06.578+0000] {logging_mixin.py:190} INFO - ACE: trích dữ liệu từ 2025-10-08 đến 2025-10-07
[2025-10-07T12:07:11.030+0000] {logging_mixin.py:190} INFO - Không tìm thấy dữ liệu cho ACE
[2025-10-07T12:07:11.032+0000] {logging_mixin.py:190} INFO - ℹ️ ACE: Không có dữ liệu mới.
[2025-10-07T12:07:11.033+0000] {logging_mixin.py:190} INFO - ⬇️ Bắt đầu xử lý symbol = ACC
[2025-10-07T12:07:11.039+0000] {logging_mixin.py:190} INFO - ⚠️ Không đọc được file cũ ACC: 'date'
[2025-10-07T12:07:11.046+0000] {logging_mixin.py:190} INFO - ACC: trích dữ liệu từ 2025-10-08 đến 2025-10-07
[2025-10-07T12:07:15.591+0000] {logging_mixin.py:190} INFO - Không tìm thấy dữ liệu cho ACC
[2025-10-07T12:07:15.593+0000] {logging_mixin.py:190} INFO - ℹ️ ACC: Không có dữ liệu mới.
[2025-10-07T12:07:15.593+0000] {logging_mixin.py:190} INFO - ⬇️ Bắt đầu xử lý symbol = ACB
[2025-10-07T12:07:15.600+0000] {logging_mixin.py:190} INFO - ⚠️ Không đọc được file cũ ACB: 'date'
[2025-10-07T12:07:15.607+0000] {logging_mixin.py:190} INFO - ACB: trích dữ liệu từ 2025-10-08 đến 2025-10-07
[2025-10-07T12:07:20.202+0000] {logging_mixin.py:190} INFO - Không tìm thấy dữ liệu cho ACB
[2025-10-07T12:07:20.203+0000] {logging_mixin.py:190} INFO - ℹ️ ACB: Không có dữ liệu mới.
[2025-10-07T12:07:20.204+0000] {logging_mixin.py:190} INFO - 🚦 Giới hạn API đạt mức tối đa, chờ 37.1s...
[2025-10-07T12:07:58.910+0000] {logging_mixin.py:190} INFO - ⬇️ Bắt đầu xử lý symbol = ABW
[2025-10-07T12:07:58.926+0000] {logging_mixin.py:190} INFO - ⚠️ Không đọc được file cũ ABW: 'date'
[2025-10-07T12:07:58.932+0000] {logging_mixin.py:190} INFO - ABW: trích dữ liệu từ 2025-10-04 đến 2025-10-07
[2025-10-07T12:07:59.232+0000] {logging_mixin.py:190} INFO - Trích xuất 2 dòng mới cho ABW
[2025-10-07T12:07:59.234+0000] {logging_mixin.py:190} INFO - ⚠️ Lỗi khi xử lý ABW: load_data() got an unexpected keyword argument 'mode'
[2025-10-07T12:07:59.235+0000] {logging_mixin.py:190} INFO - 🚦 Giới hạn API đạt mức tối đa, chờ 2.8s...
[2025-10-07T12:08:02.057+0000] {logging_mixin.py:190} INFO - ⬇️ Bắt đầu xử lý symbol = ABT
[2025-10-07T12:08:02.079+0000] {logging_mixin.py:190} INFO - ⚠️ Không đọc được file cũ ABT: 'date'
[2025-10-07T12:08:02.086+0000] {logging_mixin.py:190} INFO - ABT: trích dữ liệu từ 2025-10-04 đến 2025-10-07
[2025-10-07T12:08:02.269+0000] {logging_mixin.py:190} INFO - Trích xuất 2 dòng mới cho ABT
[2025-10-07T12:08:02.271+0000] {logging_mixin.py:190} INFO - ⚠️ Lỗi khi xử lý ABT: load_data() got an unexpected keyword argument 'mode'
[2025-10-07T12:08:02.271+0000] {logging_mixin.py:190} INFO - 🚦 Giới hạn API đạt mức tối đa, chờ 4.3s...
[2025-10-07T12:08:06.566+0000] {logging_mixin.py:190} INFO - ⬇️ Bắt đầu xử lý symbol = ABS
[2025-10-07T12:08:06.585+0000] {logging_mixin.py:190} INFO - ⚠️ Không đọc được file cũ ABS: 'date'
[2025-10-07T12:08:06.593+0000] {logging_mixin.py:190} INFO - ABS: trích dữ liệu từ 2025-10-04 đến 2025-10-07
[2025-10-07T12:08:06.813+0000] {logging_mixin.py:190} INFO - Trích xuất 2 dòng mới cho ABS
[2025-10-07T12:08:06.815+0000] {logging_mixin.py:190} INFO - ⚠️ Lỗi khi xử lý ABS: load_data() got an unexpected keyword argument 'mode'
[2025-10-07T12:08:06.815+0000] {logging_mixin.py:190} INFO - 🚦 Giới hạn API đạt mức tối đa, chờ 4.2s...
[2025-10-07T12:08:11.033+0000] {logging_mixin.py:190} INFO - ⬇️ Bắt đầu xử lý symbol = ABR
[2025-10-07T12:08:11.054+0000] {logging_mixin.py:190} INFO - ⚠️ Không đọc được file cũ ABR: 'date'
[2025-10-07T12:08:11.061+0000] {logging_mixin.py:190} INFO - ABR: trích dữ liệu từ 2025-10-04 đến 2025-10-07
[2025-10-07T12:08:11.288+0000] {logging_mixin.py:190} INFO - Trích xuất 2 dòng mới cho ABR
[2025-10-07T12:08:11.290+0000] {logging_mixin.py:190} INFO - ⚠️ Lỗi khi xử lý ABR: load_data() got an unexpected keyword argument 'mode'
[2025-10-07T12:08:11.291+0000] {logging_mixin.py:190} INFO - 🚦 Giới hạn API đạt mức tối đa, chờ 4.3s...
[2025-10-07T12:08:15.592+0000] {logging_mixin.py:190} INFO - ⬇️ Bắt đầu xử lý symbol = ABI
[2025-10-07T12:08:15.608+0000] {logging_mixin.py:190} INFO - ⚠️ Không đọc được file cũ ABI: 'date'
[2025-10-07T12:08:15.618+0000] {logging_mixin.py:190} INFO - ABI: trích dữ liệu từ 2025-10-04 đến 2025-10-07
[2025-10-07T12:08:15.813+0000] {logging_mixin.py:190} INFO - Trích xuất 2 dòng mới cho ABI
[2025-10-07T12:08:15.815+0000] {logging_mixin.py:190} INFO - ⚠️ Lỗi khi xử lý ABI: load_data() got an unexpected keyword argument 'mode'
[2025-10-07T12:08:15.816+0000] {logging_mixin.py:190} INFO - 🚦 Giới hạn API đạt mức tối đa, chờ 43.1s...
[2025-10-07T12:08:58.907+0000] {logging_mixin.py:190} INFO - ⬇️ Bắt đầu xử lý symbol = ABC
[2025-10-07T12:08:58.927+0000] {logging_mixin.py:190} INFO - ⚠️ Không đọc được file cũ ABC: 'date'
[2025-10-07T12:08:58.934+0000] {logging_mixin.py:190} INFO - ABC: trích dữ liệu từ 2025-10-04 đến 2025-10-07
[2025-10-07T12:08:59.244+0000] {logging_mixin.py:190} INFO - Trích xuất 2 dòng mới cho ABC
[2025-10-07T12:08:59.246+0000] {logging_mixin.py:190} INFO - ⚠️ Lỗi khi xử lý ABC: load_data() got an unexpected keyword argument 'mode'
[2025-10-07T12:08:59.247+0000] {logging_mixin.py:190} INFO - 🚦 Giới hạn API đạt mức tối đa, chờ 2.8s...
[2025-10-07T12:09:02.058+0000] {logging_mixin.py:190} INFO - ⬇️ Bắt đầu xử lý symbol = ABB
[2025-10-07T12:09:02.078+0000] {logging_mixin.py:190} INFO - ⚠️ Không đọc được file cũ ABB: 'date'
[2025-10-07T12:09:02.086+0000] {logging_mixin.py:190} INFO - ABB: trích dữ liệu từ 2025-10-04 đến 2025-10-07
[2025-10-07T12:09:02.338+0000] {logging_mixin.py:190} INFO - Trích xuất 2 dòng mới cho ABB
[2025-10-07T12:09:02.340+0000] {logging_mixin.py:190} INFO - ⚠️ Lỗi khi xử lý ABB: load_data() got an unexpected keyword argument 'mode'
[2025-10-07T12:09:02.341+0000] {logging_mixin.py:190} INFO - 🚦 Giới hạn API đạt mức tối đa, chờ 4.2s...
[2025-10-07T12:09:06.566+0000] {logging_mixin.py:190} INFO - ⬇️ Bắt đầu xử lý symbol = AAV
[2025-10-07T12:09:06.587+0000] {logging_mixin.py:190} INFO - ⚠️ Không đọc được file cũ AAV: 'date'
[2025-10-07T12:09:06.594+0000] {logging_mixin.py:190} INFO - AAV: trích dữ liệu từ 2025-10-04 đến 2025-10-07
[2025-10-07T12:09:07.034+0000] {logging_mixin.py:190} INFO - Trích xuất 2 dòng mới cho AAV
[2025-10-07T12:09:07.036+0000] {logging_mixin.py:190} INFO - ⚠️ Lỗi khi xử lý AAV: load_data() got an unexpected keyword argument 'mode'
[2025-10-07T12:09:07.036+0000] {logging_mixin.py:190} INFO - 🚦 Giới hạn API đạt mức tối đa, chờ 4.0s...
[2025-10-07T12:09:11.034+0000] {logging_mixin.py:190} INFO - ⬇️ Bắt đầu xử lý symbol = AAT
[2025-10-07T12:09:11.056+0000] {logging_mixin.py:190} INFO - ⚠️ Không đọc được file cũ AAT: 'date'
[2025-10-07T12:09:11.062+0000] {logging_mixin.py:190} INFO - AAT: trích dữ liệu từ 2025-10-04 đến 2025-10-07
[2025-10-07T12:09:11.257+0000] {logging_mixin.py:190} INFO - Trích xuất 2 dòng mới cho AAT
[2025-10-07T12:09:11.259+0000] {logging_mixin.py:190} INFO - ⚠️ Lỗi khi xử lý AAT: load_data() got an unexpected keyword argument 'mode'
[2025-10-07T12:09:11.259+0000] {logging_mixin.py:190} INFO - 🚦 Giới hạn API đạt mức tối đa, chờ 4.3s...
[2025-10-07T12:09:15.591+0000] {logging_mixin.py:190} INFO - ⬇️ Bắt đầu xử lý symbol = AAS
[2025-10-07T12:09:15.610+0000] {logging_mixin.py:190} INFO - ⚠️ Không đọc được file cũ AAS: 'date'
[2025-10-07T12:09:15.617+0000] {logging_mixin.py:190} INFO - AAS: trích dữ liệu từ 2025-10-04 đến 2025-10-07
[2025-10-07T12:09:15.821+0000] {logging_mixin.py:190} INFO - Trích xuất 2 dòng mới cho AAS
[2025-10-07T12:09:15.823+0000] {logging_mixin.py:190} INFO - ⚠️ Lỗi khi xử lý AAS: load_data() got an unexpected keyword argument 'mode'
[2025-10-07T12:09:15.824+0000] {logging_mixin.py:190} INFO - 🚦 Giới hạn API đạt mức tối đa, chờ 43.1s...
[2025-10-07T12:09:58.906+0000] {logging_mixin.py:190} INFO - ⬇️ Bắt đầu xử lý symbol = AAM
[2025-10-07T12:09:58.928+0000] {logging_mixin.py:190} INFO - ⚠️ Không đọc được file cũ AAM: 'date'
[2025-10-07T12:09:58.935+0000] {logging_mixin.py:190} INFO - AAM: trích dữ liệu từ 2025-10-04 đến 2025-10-07
[2025-10-07T12:10:00.153+0000] {logging_mixin.py:190} INFO - Trích xuất 2 dòng mới cho AAM
[2025-10-07T12:10:00.155+0000] {logging_mixin.py:190} INFO - ⚠️ Lỗi khi xử lý AAM: load_data() got an unexpected keyword argument 'mode'
[2025-10-07T12:10:00.156+0000] {logging_mixin.py:190} INFO - 🚦 Giới hạn API đạt mức tối đa, chờ 1.9s...
[2025-10-07T12:10:02.059+0000] {logging_mixin.py:190} INFO - ⬇️ Bắt đầu xử lý symbol = AAH
[2025-10-07T12:10:02.076+0000] {logging_mixin.py:190} INFO - ⚠️ Không đọc được file cũ AAH: 'date'
[2025-10-07T12:10:02.082+0000] {logging_mixin.py:190} INFO - AAH: trích dữ liệu từ 2025-10-04 đến 2025-10-07
[2025-10-07T12:10:02.493+0000] {logging_mixin.py:190} INFO - Trích xuất 2 dòng mới cho AAH
[2025-10-07T12:10:02.494+0000] {logging_mixin.py:190} INFO - ⚠️ Lỗi khi xử lý AAH: load_data() got an unexpected keyword argument 'mode'
[2025-10-07T12:10:02.495+0000] {logging_mixin.py:190} INFO - 🚦 Giới hạn API đạt mức tối đa, chờ 4.1s...
[2025-10-07T12:10:06.567+0000] {logging_mixin.py:190} INFO - ⬇️ Bắt đầu xử lý symbol = AAA
[2025-10-07T12:10:06.586+0000] {logging_mixin.py:190} INFO - ⚠️ Không đọc được file cũ AAA: 'date'
[2025-10-07T12:10:06.594+0000] {logging_mixin.py:190} INFO - AAA: trích dữ liệu từ 2025-10-04 đến 2025-10-07
[2025-10-07T12:10:06.749+0000] {logging_mixin.py:190} INFO - Trích xuất 2 dòng mới cho AAA
[2025-10-07T12:10:06.751+0000] {logging_mixin.py:190} INFO - ⚠️ Lỗi khi xử lý AAA: load_data() got an unexpected keyword argument 'mode'
[2025-10-07T12:10:06.751+0000] {logging_mixin.py:190} INFO - 🚦 Giới hạn API đạt mức tối đa, chờ 4.3s...
[2025-10-07T12:10:11.035+0000] {logging_mixin.py:190} INFO - ⬇️ Bắt đầu xử lý symbol = A32
[2025-10-07T12:10:11.050+0000] {logging_mixin.py:190} INFO - ⚠️ Không đọc được file cũ A32: 'date'
[2025-10-07T12:10:11.056+0000] {logging_mixin.py:190} INFO - A32: trích dữ liệu từ 2025-10-03 đến 2025-10-07
[2025-10-07T12:10:11.230+0000] {logging_mixin.py:190} INFO - Trích xuất 2 dòng mới cho A32
[2025-10-07T12:10:11.233+0000] {logging_mixin.py:190} INFO - ⚠️ Lỗi khi xử lý A32: load_data() got an unexpected keyword argument 'mode'
[2025-10-07T12:10:11.234+0000] {python.py:240} INFO - Done. Returned value was: None
[2025-10-07T12:10:11.242+0000] {taskinstance.py:341} INFO - ::group::Post task execution logs
[2025-10-07T12:10:11.242+0000] {taskinstance.py:353} INFO - Marking task as SUCCESS. dag_id=vnstock_weekly_etl_incremental, task_id=process_batch, run_id=manual__2025-10-07T10:41:48.387187+00:00, map_index=34, execution_date=20251007T104148, start_date=20251007T120656, end_date=20251007T121011
[2025-10-07T12:10:11.305+0000] {local_task_job_runner.py:266} INFO - Task exited with return code 0
[2025-10-07T12:10:11.436+0000] {taskinstance.py:3901} INFO - 0 downstream tasks scheduled from follow-on schedule check
[2025-10-07T12:10:11.438+0000] {local_task_job_runner.py:245} INFO - ::endgroup::
