[2025-10-07T13:23:14.806+0000] {local_task_job_runner.py:123} INFO - ::group::Pre task execution logs
[2025-10-07T13:23:14.835+0000] {taskinstance.py:2614} INFO - Dependencies all met for dep_context=non-requeueable deps ti=<TaskInstance: vnstock_weekly_etl_incremental.process_batch manual__2025-10-07T10:43:54.222487+00:00 map_index=33 [queued]>
[2025-10-07T13:23:14.847+0000] {taskinstance.py:2614} INFO - Dependencies all met for dep_context=requeueable deps ti=<TaskInstance: vnstock_weekly_etl_incremental.process_batch manual__2025-10-07T10:43:54.222487+00:00 map_index=33 [queued]>
[2025-10-07T13:23:14.848+0000] {taskinstance.py:2867} INFO - Starting attempt 1 of 3
[2025-10-07T13:23:14.859+0000] {taskinstance.py:2890} INFO - Executing <Mapped(_PythonDecoratedOperator): process_batch> on 2025-10-07 10:43:54.222487+00:00
[2025-10-07T13:23:14.871+0000] {logging_mixin.py:190} WARNING - /home/***/.local/lib/python3.12/site-packages/***/task/task_runner/standard_task_runner.py:70 DeprecationWarning: This process (pid=17146) is multi-threaded, use of fork() may lead to deadlocks in the child.
[2025-10-07T13:23:14.873+0000] {standard_task_runner.py:72} INFO - Started process 17156 to run task
[2025-10-07T13:23:14.871+0000] {standard_task_runner.py:104} INFO - Running: ['***', 'tasks', 'run', 'vnstock_weekly_etl_incremental', 'process_batch', 'manual__2025-10-07T10:43:54.222487+00:00', '--job-id', '192', '--raw', '--subdir', 'DAGS_FOLDER/dag.py', '--cfg-path', '/tmp/tmpwkz7m6hz', '--map-index', '33']
[2025-10-07T13:23:14.874+0000] {standard_task_runner.py:105} INFO - Job 192: Subtask process_batch
[2025-10-07T13:23:14.887+0000] {logging_mixin.py:190} WARNING - /home/***/.local/lib/python3.12/site-packages/***/settings.py:209 DeprecationWarning: The sql_alchemy_conn option in [core] has been moved to the sql_alchemy_conn option in [database] - the old setting has been used, but please update your config.
[2025-10-07T13:23:14.934+0000] {task_command.py:467} INFO - Running <TaskInstance: vnstock_weekly_etl_incremental.process_batch manual__2025-10-07T10:43:54.222487+00:00 map_index=33 [running]> on host e3278e0f0bbc
[2025-10-07T13:23:15.206+0000] {taskinstance.py:3134} INFO - Exporting env vars: AIRFLOW_CTX_DAG_OWNER='***' AIRFLOW_CTX_DAG_ID='vnstock_weekly_etl_incremental' AIRFLOW_CTX_TASK_ID='process_batch' AIRFLOW_CTX_EXECUTION_DATE='2025-10-07T10:43:54.222487+00:00' AIRFLOW_CTX_TRY_NUMBER='1' AIRFLOW_CTX_DAG_RUN_ID='manual__2025-10-07T10:43:54.222487+00:00'
[2025-10-07T13:23:15.208+0000] {taskinstance.py:732} INFO - ::endgroup::
[2025-10-07T13:23:15.210+0000] {logging_mixin.py:190} INFO - ⬇️ Bắt đầu xử lý symbol = AVC
[2025-10-07T13:23:15.237+0000] {logging_mixin.py:190} INFO - ⚠️ Không đọc được file cũ AVC: 'date'
[2025-10-07T13:23:15.249+0000] {logging_mixin.py:190} INFO - AVC: trích dữ liệu từ 2025-10-04 đến 2025-10-07
[2025-10-07T13:23:15.515+0000] {logging_mixin.py:190} INFO - Trích xuất 2 dòng mới cho AVC
[2025-10-07T13:23:15.524+0000] {logging_mixin.py:190} INFO - Append 2 dòng mới vào /opt/***/data/lake/AVC.csv
[2025-10-07T13:23:15.524+0000] {logging_mixin.py:190} INFO - ✅ Hoàn tất AVC, thêm 2 dòng mới.
[2025-10-07T13:23:17.525+0000] {logging_mixin.py:190} INFO - ⬇️ Bắt đầu xử lý symbol = AUM
[2025-10-07T13:23:17.539+0000] {logging_mixin.py:190} INFO - ⚠️ Không đọc được file cũ AUM: 'date'
[2025-10-07T13:23:17.546+0000] {logging_mixin.py:190} INFO - AUM: trích dữ liệu từ 2022-07-29 đến 2025-10-07
[2025-10-07T13:23:22.126+0000] {logging_mixin.py:190} INFO - Không tìm thấy dữ liệu cho AUM
[2025-10-07T13:23:22.128+0000] {logging_mixin.py:190} INFO - ℹ️ AUM: Không có dữ liệu mới.
[2025-10-07T13:23:22.128+0000] {logging_mixin.py:190} INFO - ⬇️ Bắt đầu xử lý symbol = ATS
[2025-10-07T13:23:22.143+0000] {logging_mixin.py:190} INFO - ⚠️ Không đọc được file cũ ATS: 'date'
[2025-10-07T13:23:22.154+0000] {logging_mixin.py:190} INFO - ATS: trích dữ liệu từ 2025-10-03 đến 2025-10-07
[2025-10-07T13:23:26.862+0000] {logging_mixin.py:190} INFO - Không tìm thấy dữ liệu cho ATS
[2025-10-07T13:23:26.863+0000] {logging_mixin.py:190} INFO - ℹ️ ATS: Không có dữ liệu mới.
[2025-10-07T13:23:26.864+0000] {logging_mixin.py:190} INFO - ⬇️ Bắt đầu xử lý symbol = ATG
[2025-10-07T13:23:26.869+0000] {logging_mixin.py:190} INFO - ⚠️ Không đọc được file cũ ATG: 'date'
[2025-10-07T13:23:26.877+0000] {logging_mixin.py:190} INFO - ATG: trích dữ liệu từ 2025-10-04 đến 2025-10-07
[2025-10-07T13:23:31.718+0000] {logging_mixin.py:190} INFO - Không tìm thấy dữ liệu cho ATG
[2025-10-07T13:23:31.719+0000] {logging_mixin.py:190} INFO - ℹ️ ATG: Không có dữ liệu mới.
[2025-10-07T13:23:31.720+0000] {logging_mixin.py:190} INFO - ⬇️ Bắt đầu xử lý symbol = ATB
[2025-10-07T13:23:31.730+0000] {logging_mixin.py:190} INFO - ⚠️ Không đọc được file cũ ATB: 'date'
[2025-10-07T13:23:31.739+0000] {logging_mixin.py:190} INFO - ATB: trích dữ liệu từ 2025-05-31 đến 2025-10-07
[2025-10-07T13:23:36.517+0000] {logging_mixin.py:190} INFO - Không tìm thấy dữ liệu cho ATB
[2025-10-07T13:23:36.519+0000] {logging_mixin.py:190} INFO - ℹ️ ATB: Không có dữ liệu mới.
[2025-10-07T13:23:36.520+0000] {logging_mixin.py:190} INFO - 🚦 Giới hạn API đạt mức tối đa, chờ 38.7s...
[2025-10-07T13:24:15.070+0000] {logging_mixin.py:190} INFO - ⬇️ Bắt đầu xử lý symbol = ATA
[2025-10-07T13:24:15.076+0000] {logging_mixin.py:190} INFO - ⚠️ Không đọc được file cũ ATA: 'date'
[2025-10-07T13:24:15.089+0000] {logging_mixin.py:190} INFO - ATA: trích dữ liệu từ 2025-10-04 đến 2025-10-07
[2025-10-07T13:24:19.774+0000] {logging_mixin.py:190} INFO - Không tìm thấy dữ liệu cho ATA
[2025-10-07T13:24:19.775+0000] {logging_mixin.py:190} INFO - ℹ️ ATA: Không có dữ liệu mới.
[2025-10-07T13:24:19.775+0000] {logging_mixin.py:190} INFO - ⬇️ Bắt đầu xử lý symbol = AST
[2025-10-07T13:24:19.782+0000] {logging_mixin.py:190} INFO - ⚠️ Không đọc được file cũ AST: 'date'
[2025-10-07T13:24:19.788+0000] {logging_mixin.py:190} INFO - AST: trích dữ liệu từ 2025-10-04 đến 2025-10-07
[2025-10-07T13:24:20.295+0000] {logging_mixin.py:190} INFO - Trích xuất 2 dòng mới cho AST
[2025-10-07T13:24:20.302+0000] {logging_mixin.py:190} INFO - Append 2 dòng mới vào /opt/***/data/lake/AST.csv
[2025-10-07T13:24:20.302+0000] {logging_mixin.py:190} INFO - ✅ Hoàn tất AST, thêm 2 dòng mới.
[2025-10-07T13:24:22.303+0000] {logging_mixin.py:190} INFO - ⬇️ Bắt đầu xử lý symbol = ASP
[2025-10-07T13:24:22.319+0000] {logging_mixin.py:190} INFO - ⚠️ Không đọc được file cũ ASP: 'date'
[2025-10-07T13:24:22.327+0000] {logging_mixin.py:190} INFO - ASP: trích dữ liệu từ 2025-10-04 đến 2025-10-07
[2025-10-07T13:24:22.498+0000] {logging_mixin.py:190} INFO - Trích xuất 2 dòng mới cho ASP
[2025-10-07T13:24:22.504+0000] {logging_mixin.py:190} INFO - Append 2 dòng mới vào /opt/***/data/lake/ASP.csv
[2025-10-07T13:24:22.505+0000] {logging_mixin.py:190} INFO - ✅ Hoàn tất ASP, thêm 2 dòng mới.
[2025-10-07T13:24:24.506+0000] {logging_mixin.py:190} INFO - 🚦 Giới hạn API đạt mức tối đa, chờ 2.4s...
[2025-10-07T13:24:26.709+0000] {logging_mixin.py:190} INFO - ⬇️ Bắt đầu xử lý symbol = ASM
[2025-10-07T13:24:26.725+0000] {logging_mixin.py:190} INFO - ⚠️ Không đọc được file cũ ASM: 'date'
[2025-10-07T13:24:26.732+0000] {logging_mixin.py:190} INFO - ASM: trích dữ liệu từ 2025-10-04 đến 2025-10-07
[2025-10-07T13:24:26.911+0000] {logging_mixin.py:190} INFO - Trích xuất 2 dòng mới cho ASM
[2025-10-07T13:24:26.918+0000] {logging_mixin.py:190} INFO - Append 2 dòng mới vào /opt/***/data/lake/ASM.csv
[2025-10-07T13:24:26.918+0000] {logging_mixin.py:190} INFO - ✅ Hoàn tất ASM, thêm 2 dòng mới.
[2025-10-07T13:24:28.919+0000] {logging_mixin.py:190} INFO - 🚦 Giới hạn API đạt mức tối đa, chờ 2.8s...
[2025-10-07T13:24:31.721+0000] {logging_mixin.py:190} INFO - ⬇️ Bắt đầu xử lý symbol = ASG
[2025-10-07T13:24:31.730+0000] {logging_mixin.py:190} INFO - ⚠️ Không đọc được file cũ ASG: 'date'
[2025-10-07T13:24:31.737+0000] {logging_mixin.py:190} INFO - ASG: trích dữ liệu từ 2025-10-04 đến 2025-10-07
[2025-10-07T13:24:31.904+0000] {logging_mixin.py:190} INFO - Trích xuất 2 dòng mới cho ASG
[2025-10-07T13:24:31.911+0000] {logging_mixin.py:190} INFO - Append 2 dòng mới vào /opt/***/data/lake/ASG.csv
[2025-10-07T13:24:31.911+0000] {logging_mixin.py:190} INFO - ✅ Hoàn tất ASG, thêm 2 dòng mới.
[2025-10-07T13:24:33.912+0000] {logging_mixin.py:190} INFO - 🚦 Giới hạn API đạt mức tối đa, chờ 41.2s...
[2025-10-07T13:25:14.935+0000] {logging_mixin.py:190} INFO - ⬇️ Bắt đầu xử lý symbol = ASA
[2025-10-07T13:25:14.944+0000] {logging_mixin.py:190} INFO - ⚠️ Không đọc được file cũ ASA: 'date'
[2025-10-07T13:25:14.950+0000] {logging_mixin.py:190} INFO - ASA: trích dữ liệu từ 2024-07-26 đến 2025-10-07
[2025-10-07T13:25:19.702+0000] {logging_mixin.py:190} INFO - Không tìm thấy dữ liệu cho ASA
[2025-10-07T13:25:19.703+0000] {logging_mixin.py:190} INFO - ℹ️ ASA: Không có dữ liệu mới.
[2025-10-07T13:25:19.704+0000] {logging_mixin.py:190} INFO - 🚦 Giới hạn API đạt mức tối đa, chờ 0.1s...
[2025-10-07T13:25:19.777+0000] {logging_mixin.py:190} INFO - ⬇️ Bắt đầu xử lý symbol = ART
[2025-10-07T13:25:19.783+0000] {logging_mixin.py:190} INFO - ⚠️ Không đọc được file cũ ART: 'date'
[2025-10-07T13:25:19.789+0000] {logging_mixin.py:190} INFO - ART: trích dữ liệu từ 2024-07-26 đến 2025-10-07
[2025-10-07T13:25:25.033+0000] {logging_mixin.py:190} INFO - Không tìm thấy dữ liệu cho ART
[2025-10-07T13:25:25.035+0000] {logging_mixin.py:190} INFO - ℹ️ ART: Không có dữ liệu mới.
[2025-10-07T13:25:25.035+0000] {logging_mixin.py:190} INFO - ⬇️ Bắt đầu xử lý symbol = ARM
[2025-10-07T13:25:25.042+0000] {logging_mixin.py:190} INFO - ⚠️ Không đọc được file cũ ARM: 'date'
[2025-10-07T13:25:25.049+0000] {logging_mixin.py:190} INFO - ARM: trích dữ liệu từ 2025-09-10 đến 2025-10-07
[2025-10-07T13:25:25.071+0000] {logging_mixin.py:190} INFO - Trích xuất 1 dòng mới cho ARM
[2025-10-07T13:25:25.077+0000] {logging_mixin.py:190} INFO - Append 1 dòng mới vào /opt/***/data/lake/ARM.csv
[2025-10-07T13:25:25.077+0000] {logging_mixin.py:190} INFO - ✅ Hoàn tất ARM, thêm 1 dòng mới.
[2025-10-07T13:25:27.078+0000] {logging_mixin.py:190} INFO - ⬇️ Bắt đầu xử lý symbol = APT
[2025-10-07T13:25:27.085+0000] {logging_mixin.py:190} INFO - ⚠️ Không đọc được file cũ APT: 'date'
[2025-10-07T13:25:27.090+0000] {logging_mixin.py:190} INFO - APT: trích dữ liệu từ 2025-09-27 đến 2025-10-07
[2025-10-07T13:25:31.631+0000] {logging_mixin.py:190} INFO - Không tìm thấy dữ liệu cho APT
[2025-10-07T13:25:31.632+0000] {logging_mixin.py:190} INFO - ℹ️ APT: Không có dữ liệu mới.
[2025-10-07T13:25:31.633+0000] {logging_mixin.py:190} INFO - 🚦 Giới hạn API đạt mức tối đa, chờ 0.1s...
[2025-10-07T13:25:31.721+0000] {logging_mixin.py:190} INFO - ⬇️ Bắt đầu xử lý symbol = APS
[2025-10-07T13:25:31.729+0000] {logging_mixin.py:190} INFO - ⚠️ Không đọc được file cũ APS: 'date'
[2025-10-07T13:25:31.736+0000] {logging_mixin.py:190} INFO - APS: trích dữ liệu từ 2025-10-04 đến 2025-10-07
[2025-10-07T13:25:32.906+0000] {logging_mixin.py:190} INFO - Trích xuất 2 dòng mới cho APS
[2025-10-07T13:25:32.912+0000] {logging_mixin.py:190} INFO - Append 2 dòng mới vào /opt/***/data/lake/APS.csv
[2025-10-07T13:25:32.912+0000] {logging_mixin.py:190} INFO - ✅ Hoàn tất APS, thêm 2 dòng mới.
[2025-10-07T13:25:34.913+0000] {logging_mixin.py:190} INFO - 🚦 Giới hạn API đạt mức tối đa, chờ 40.0s...
[2025-10-07T13:26:14.798+0000] {logging_mixin.py:190} INFO - ⬇️ Bắt đầu xử lý symbol = APP
[2025-10-07T13:26:14.808+0000] {logging_mixin.py:190} INFO - ⚠️ Không đọc được file cũ APP: 'date'
[2025-10-07T13:26:14.816+0000] {logging_mixin.py:190} INFO - APP: trích dữ liệu từ 2025-10-04 đến 2025-10-07
[2025-10-07T13:26:14.987+0000] {logging_mixin.py:190} INFO - Trích xuất 2 dòng mới cho APP
[2025-10-07T13:26:14.994+0000] {logging_mixin.py:190} INFO - Append 2 dòng mới vào /opt/***/data/lake/APP.csv
[2025-10-07T13:26:14.995+0000] {logging_mixin.py:190} INFO - ✅ Hoàn tất APP, thêm 2 dòng mới.
[2025-10-07T13:26:16.996+0000] {logging_mixin.py:190} INFO - 🚦 Giới hạn API đạt mức tối đa, chờ 2.8s...
[2025-10-07T13:26:19.780+0000] {logging_mixin.py:190} INFO - ⬇️ Bắt đầu xử lý symbol = APL
[2025-10-07T13:26:19.795+0000] {logging_mixin.py:190} INFO - ⚠️ Không đọc được file cũ APL: 'date'
[2025-10-07T13:26:19.801+0000] {logging_mixin.py:190} INFO - APL: trích dữ liệu từ 2025-10-01 đến 2025-10-07
[2025-10-07T13:26:20.059+0000] {logging_mixin.py:190} INFO - Trích xuất 1 dòng mới cho APL
[2025-10-07T13:26:20.068+0000] {logging_mixin.py:190} INFO - Append 1 dòng mới vào /opt/***/data/lake/APL.csv
[2025-10-07T13:26:20.069+0000] {logging_mixin.py:190} INFO - ✅ Hoàn tất APL, thêm 1 dòng mới.
[2025-10-07T13:26:22.072+0000] {logging_mixin.py:190} INFO - 🚦 Giới hạn API đạt mức tối đa, chờ 3.0s...
[2025-10-07T13:26:24.896+0000] {logging_mixin.py:190} INFO - ⬇️ Bắt đầu xử lý symbol = API
[2025-10-07T13:26:24.905+0000] {logging_mixin.py:190} INFO - ⚠️ Không đọc được file cũ API: 'date'
[2025-10-07T13:26:24.911+0000] {logging_mixin.py:190} INFO - API: trích dữ liệu từ 2025-10-04 đến 2025-10-07
[2025-10-07T13:26:25.065+0000] {logging_mixin.py:190} INFO - Trích xuất 2 dòng mới cho API
[2025-10-07T13:26:25.072+0000] {logging_mixin.py:190} INFO - Append 2 dòng mới vào /opt/***/data/lake/API.csv
[2025-10-07T13:26:25.072+0000] {logging_mixin.py:190} INFO - ✅ Hoàn tất API, thêm 2 dòng mới.
[2025-10-07T13:26:27.073+0000] {logging_mixin.py:190} INFO - 🚦 Giới hạn API đạt mức tối đa, chờ 0.0s...
[2025-10-07T13:26:27.078+0000] {logging_mixin.py:190} INFO - ⬇️ Bắt đầu xử lý symbol = APH
[2025-10-07T13:26:27.088+0000] {logging_mixin.py:190} INFO - ⚠️ Không đọc được file cũ APH: 'date'
[2025-10-07T13:26:27.096+0000] {logging_mixin.py:190} INFO - APH: trích dữ liệu từ 2025-10-04 đến 2025-10-07
[2025-10-07T13:26:28.334+0000] {logging_mixin.py:190} INFO - Trích xuất 2 dòng mới cho APH
[2025-10-07T13:26:28.342+0000] {logging_mixin.py:190} INFO - Append 2 dòng mới vào /opt/***/data/lake/APH.csv
[2025-10-07T13:26:28.343+0000] {logging_mixin.py:190} INFO - ✅ Hoàn tất APH, thêm 2 dòng mới.
[2025-10-07T13:26:30.344+0000] {logging_mixin.py:190} INFO - 🚦 Giới hạn API đạt mức tối đa, chờ 1.4s...
[2025-10-07T13:26:31.722+0000] {logging_mixin.py:190} INFO - ⬇️ Bắt đầu xử lý symbol = APG
[2025-10-07T13:26:31.731+0000] {logging_mixin.py:190} INFO - ⚠️ Không đọc được file cũ APG: 'date'
[2025-10-07T13:26:31.737+0000] {logging_mixin.py:190} INFO - APG: trích dữ liệu từ 2025-10-04 đến 2025-10-07
[2025-10-07T13:26:31.882+0000] {logging_mixin.py:190} INFO - Trích xuất 2 dòng mới cho APG
[2025-10-07T13:26:31.888+0000] {logging_mixin.py:190} INFO - Append 2 dòng mới vào /opt/***/data/lake/APG.csv
[2025-10-07T13:26:31.889+0000] {logging_mixin.py:190} INFO - ✅ Hoàn tất APG, thêm 2 dòng mới.
[2025-10-07T13:26:33.889+0000] {logging_mixin.py:190} INFO - 🚦 Giới hạn API đạt mức tối đa, chờ 40.9s...
[2025-10-07T13:27:14.665+0000] {logging_mixin.py:190} INFO - ⬇️ Bắt đầu xử lý symbol = APF
[2025-10-07T13:27:14.675+0000] {logging_mixin.py:190} INFO - ⚠️ Không đọc được file cũ APF: 'date'
[2025-10-07T13:27:14.681+0000] {logging_mixin.py:190} INFO - APF: trích dữ liệu từ 2025-10-04 đến 2025-10-07
[2025-10-07T13:27:14.904+0000] {logging_mixin.py:190} INFO - Trích xuất 2 dòng mới cho APF
[2025-10-07T13:27:14.913+0000] {logging_mixin.py:190} INFO - Append 2 dòng mới vào /opt/***/data/lake/APF.csv
[2025-10-07T13:27:14.913+0000] {logging_mixin.py:190} INFO - ✅ Hoàn tất APF, thêm 2 dòng mới.
[2025-10-07T13:27:16.914+0000] {logging_mixin.py:190} INFO - 🚦 Giới hạn API đạt mức tối đa, chờ 2.9s...
[2025-10-07T13:27:19.782+0000] {logging_mixin.py:190} INFO - ⬇️ Bắt đầu xử lý symbol = APC
[2025-10-07T13:27:19.791+0000] {logging_mixin.py:190} INFO - ⚠️ Không đọc được file cũ APC: 'date'
[2025-10-07T13:27:19.798+0000] {logging_mixin.py:190} INFO - APC: trích dữ liệu từ 2025-10-04 đến 2025-10-07
[2025-10-07T13:27:20.065+0000] {logging_mixin.py:190} INFO - Trích xuất 1 dòng mới cho APC
[2025-10-07T13:27:20.071+0000] {logging_mixin.py:190} INFO - Append 1 dòng mới vào /opt/***/data/lake/APC.csv
[2025-10-07T13:27:20.072+0000] {logging_mixin.py:190} INFO - ✅ Hoàn tất APC, thêm 1 dòng mới.
[2025-10-07T13:27:22.072+0000] {logging_mixin.py:190} INFO - 🚦 Giới hạn API đạt mức tối đa, chờ 2.8s...
[2025-10-07T13:27:24.757+0000] {logging_mixin.py:190} INFO - ⬇️ Bắt đầu xử lý symbol = ANV
[2025-10-07T13:27:24.773+0000] {logging_mixin.py:190} INFO - ⚠️ Không đọc được file cũ ANV: 'date'
[2025-10-07T13:27:24.783+0000] {logging_mixin.py:190} INFO - ANV: trích dữ liệu từ 2025-10-04 đến 2025-10-07
[2025-10-07T13:27:25.957+0000] {logging_mixin.py:190} INFO - Trích xuất 2 dòng mới cho ANV
[2025-10-07T13:27:25.967+0000] {logging_mixin.py:190} INFO - Append 2 dòng mới vào /opt/***/data/lake/ANV.csv
[2025-10-07T13:27:25.967+0000] {logging_mixin.py:190} INFO - ✅ Hoàn tất ANV, thêm 2 dòng mới.
[2025-10-07T13:27:27.968+0000] {logging_mixin.py:190} INFO - ⬇️ Bắt đầu xử lý symbol = ANT
[2025-10-07T13:27:27.977+0000] {logging_mixin.py:190} INFO - ⚠️ Không đọc được file cũ ANT: 'date'
[2025-10-07T13:27:27.985+0000] {logging_mixin.py:190} INFO - ANT: trích dữ liệu từ 2025-10-04 đến 2025-10-07
[2025-10-07T13:27:28.144+0000] {logging_mixin.py:190} INFO - Trích xuất 2 dòng mới cho ANT
[2025-10-07T13:27:28.150+0000] {logging_mixin.py:190} INFO - Append 2 dòng mới vào /opt/***/data/lake/ANT.csv
[2025-10-07T13:27:28.151+0000] {logging_mixin.py:190} INFO - ✅ Hoàn tất ANT, thêm 2 dòng mới.
[2025-10-07T13:27:30.151+0000] {logging_mixin.py:190} INFO - 🚦 Giới hạn API đạt mức tối đa, chờ 1.6s...
[2025-10-07T13:27:31.723+0000] {logging_mixin.py:190} INFO - ⬇️ Bắt đầu xử lý symbol = AMV
[2025-10-07T13:27:31.813+0000] {logging_mixin.py:190} INFO - ⚠️ Không đọc được file cũ AMV: 'date'
[2025-10-07T13:27:31.837+0000] {logging_mixin.py:190} INFO - AMV: trích dữ liệu từ 2025-03-15 đến 2025-10-07
[2025-10-07T13:27:41.593+0000] {logging_mixin.py:190} INFO - Không tìm thấy dữ liệu cho AMV
[2025-10-07T13:27:41.594+0000] {logging_mixin.py:190} INFO - ℹ️ AMV: Không có dữ liệu mới.
[2025-10-07T13:27:41.595+0000] {logging_mixin.py:190} INFO - 🚦 Giới hạn API đạt mức tối đa, chờ 33.1s...
[2025-10-07T13:28:14.527+0000] {logging_mixin.py:190} INFO - ⬇️ Bắt đầu xử lý symbol = AMS
[2025-10-07T13:28:14.545+0000] {logging_mixin.py:190} INFO - ⚠️ Không đọc được file cũ AMS: 'date'
[2025-10-07T13:28:14.553+0000] {logging_mixin.py:190} INFO - AMS: trích dữ liệu từ 2025-10-04 đến 2025-10-07
[2025-10-07T13:28:14.767+0000] {logging_mixin.py:190} INFO - Trích xuất 2 dòng mới cho AMS
[2025-10-07T13:28:14.773+0000] {logging_mixin.py:190} INFO - Append 2 dòng mới vào /opt/***/data/lake/AMS.csv
[2025-10-07T13:28:14.774+0000] {logging_mixin.py:190} INFO - ✅ Hoàn tất AMS, thêm 2 dòng mới.
[2025-10-07T13:28:16.775+0000] {logging_mixin.py:190} INFO - 🚦 Giới hạn API đạt mức tối đa, chờ 3.0s...
[2025-10-07T13:28:19.783+0000] {logging_mixin.py:190} INFO - ⬇️ Bắt đầu xử lý symbol = AMP
[2025-10-07T13:28:19.797+0000] {logging_mixin.py:190} INFO - ⚠️ Không đọc được file cũ AMP: 'date'
[2025-10-07T13:28:19.804+0000] {logging_mixin.py:190} INFO - AMP: trích dữ liệu từ 2025-10-04 đến 2025-10-07
[2025-10-07T13:28:19.987+0000] {logging_mixin.py:190} INFO - Trích xuất 2 dòng mới cho AMP
[2025-10-07T13:28:19.993+0000] {logging_mixin.py:190} INFO - Append 2 dòng mới vào /opt/***/data/lake/AMP.csv
[2025-10-07T13:28:19.994+0000] {logging_mixin.py:190} INFO - ✅ Hoàn tất AMP, thêm 2 dòng mới.
[2025-10-07T13:28:21.997+0000] {logging_mixin.py:190} INFO - 🚦 Giới hạn API đạt mức tối đa, chờ 2.8s...
[2025-10-07T13:28:24.606+0000] {logging_mixin.py:190} INFO - ⬇️ Bắt đầu xử lý symbol = AME
[2025-10-07T13:28:24.613+0000] {logging_mixin.py:190} INFO - ⚠️ Không đọc được file cũ AME: 'date'
[2025-10-07T13:28:24.620+0000] {logging_mixin.py:190} INFO - AME: trích dữ liệu từ 2025-10-04 đến 2025-10-07
[2025-10-07T13:28:24.826+0000] {logging_mixin.py:190} INFO - Trích xuất 2 dòng mới cho AME
[2025-10-07T13:28:24.832+0000] {logging_mixin.py:190} INFO - Append 2 dòng mới vào /opt/***/data/lake/AME.csv
[2025-10-07T13:28:24.833+0000] {logging_mixin.py:190} INFO - ✅ Hoàn tất AME, thêm 2 dòng mới.
[2025-10-07T13:28:26.833+0000] {logging_mixin.py:190} INFO - 🚦 Giới hạn API đạt mức tối đa, chờ 1.1s...
[2025-10-07T13:28:27.969+0000] {logging_mixin.py:190} INFO - ⬇️ Bắt đầu xử lý symbol = AMD
[2025-10-07T13:28:27.975+0000] {logging_mixin.py:190} INFO - ⚠️ Không đọc được file cũ AMD: 'date'
[2025-10-07T13:28:27.982+0000] {logging_mixin.py:190} INFO - AMD: trích dữ liệu từ 2024-07-26 đến 2025-10-07
[2025-10-07T13:28:32.760+0000] {logging_mixin.py:190} INFO - Không tìm thấy dữ liệu cho AMD
[2025-10-07T13:28:32.762+0000] {logging_mixin.py:190} INFO - ℹ️ AMD: Không có dữ liệu mới.
[2025-10-07T13:28:32.764+0000] {logging_mixin.py:190} INFO - ⬇️ Bắt đầu xử lý symbol = AMC
[2025-10-07T13:28:32.774+0000] {logging_mixin.py:190} INFO - ⚠️ Không đọc được file cũ AMC: 'date'
[2025-10-07T13:28:32.788+0000] {logging_mixin.py:190} INFO - AMC: trích dữ liệu từ 2025-10-04 đến 2025-10-07
[2025-10-07T13:28:33.674+0000] {logging_mixin.py:190} INFO - Trích xuất 1 dòng mới cho AMC
[2025-10-07T13:28:33.681+0000] {logging_mixin.py:190} INFO - Append 1 dòng mới vào /opt/***/data/lake/AMC.csv
[2025-10-07T13:28:33.681+0000] {logging_mixin.py:190} INFO - ✅ Hoàn tất AMC, thêm 1 dòng mới.
[2025-10-07T13:28:35.682+0000] {logging_mixin.py:190} INFO - 🚦 Giới hạn API đạt mức tối đa, chờ 38.8s...
[2025-10-07T13:29:14.417+0000] {logging_mixin.py:190} INFO - ⬇️ Bắt đầu xử lý symbol = ALV
[2025-10-07T13:29:14.425+0000] {logging_mixin.py:190} INFO - ⚠️ Không đọc được file cũ ALV: 'date'
[2025-10-07T13:29:14.432+0000] {logging_mixin.py:190} INFO - ALV: trích dữ liệu từ 2025-10-04 đến 2025-10-07
[2025-10-07T13:29:14.628+0000] {logging_mixin.py:190} INFO - Trích xuất 2 dòng mới cho ALV
[2025-10-07T13:29:14.636+0000] {logging_mixin.py:190} INFO - Append 2 dòng mới vào /opt/***/data/lake/ALV.csv
[2025-10-07T13:29:14.637+0000] {logging_mixin.py:190} INFO - ✅ Hoàn tất ALV, thêm 2 dòng mới.
[2025-10-07T13:29:16.638+0000] {logging_mixin.py:190} INFO - 🚦 Giới hạn API đạt mức tối đa, chờ 3.1s...
[2025-10-07T13:29:19.787+0000] {logging_mixin.py:190} INFO - ⬇️ Bắt đầu xử lý symbol = ALT
[2025-10-07T13:29:19.795+0000] {logging_mixin.py:190} INFO - ⚠️ Không đọc được file cũ ALT: 'date'
[2025-10-07T13:29:19.802+0000] {logging_mixin.py:190} INFO - ALT: trích dữ liệu từ 2025-10-04 đến 2025-10-07
[2025-10-07T13:29:20.032+0000] {logging_mixin.py:190} INFO - Trích xuất 2 dòng mới cho ALT
[2025-10-07T13:29:20.039+0000] {logging_mixin.py:190} INFO - Append 2 dòng mới vào /opt/***/data/lake/ALT.csv
[2025-10-07T13:29:20.040+0000] {logging_mixin.py:190} INFO - ✅ Hoàn tất ALT, thêm 2 dòng mới.
[2025-10-07T13:29:22.042+0000] {logging_mixin.py:190} INFO - 🚦 Giới hạn API đạt mức tối đa, chờ 2.6s...
[2025-10-07T13:29:24.457+0000] {logging_mixin.py:190} INFO - ⬇️ Bắt đầu xử lý symbol = AIG
[2025-10-07T13:29:24.463+0000] {logging_mixin.py:190} INFO - ⚠️ Không đọc được file cũ AIG: 'date'
[2025-10-07T13:29:24.470+0000] {logging_mixin.py:190} INFO - AIG: trích dữ liệu từ 2025-10-04 đến 2025-10-07
[2025-10-07T13:29:24.863+0000] {logging_mixin.py:190} INFO - Trích xuất 2 dòng mới cho AIG
[2025-10-07T13:29:24.870+0000] {logging_mixin.py:190} INFO - Append 2 dòng mới vào /opt/***/data/lake/AIG.csv
[2025-10-07T13:29:24.870+0000] {logging_mixin.py:190} INFO - ✅ Hoàn tất AIG, thêm 2 dòng mới.
[2025-10-07T13:29:26.871+0000] {logging_mixin.py:190} INFO - 🚦 Giới hạn API đạt mức tối đa, chờ 1.1s...
[2025-10-07T13:29:27.970+0000] {logging_mixin.py:190} INFO - ⬇️ Bắt đầu xử lý symbol = AIC
[2025-10-07T13:29:27.978+0000] {logging_mixin.py:190} INFO - ⚠️ Không đọc được file cũ AIC: 'date'
[2025-10-07T13:29:27.984+0000] {logging_mixin.py:190} INFO - AIC: trích dữ liệu từ 2025-10-03 đến 2025-10-07
[2025-10-07T13:29:28.159+0000] {logging_mixin.py:190} INFO - Trích xuất 2 dòng mới cho AIC
[2025-10-07T13:29:28.165+0000] {logging_mixin.py:190} INFO - Append 2 dòng mới vào /opt/***/data/lake/AIC.csv
[2025-10-07T13:29:28.165+0000] {logging_mixin.py:190} INFO - ✅ Hoàn tất AIC, thêm 2 dòng mới.
[2025-10-07T13:29:30.166+0000] {logging_mixin.py:190} INFO - 🚦 Giới hạn API đạt mức tối đa, chờ 2.6s...
[2025-10-07T13:29:32.764+0000] {logging_mixin.py:190} INFO - ⬇️ Bắt đầu xử lý symbol = AGX
[2025-10-07T13:29:32.776+0000] {logging_mixin.py:190} INFO - ⚠️ Không đọc được file cũ AGX: 'date'
[2025-10-07T13:29:32.784+0000] {logging_mixin.py:190} INFO - AGX: trích dữ liệu từ 2025-10-02 đến 2025-10-07
[2025-10-07T13:29:32.988+0000] {logging_mixin.py:190} INFO - Trích xuất 2 dòng mới cho AGX
[2025-10-07T13:29:32.998+0000] {logging_mixin.py:190} INFO - Append 2 dòng mới vào /opt/***/data/lake/AGX.csv
[2025-10-07T13:29:32.999+0000] {logging_mixin.py:190} INFO - ✅ Hoàn tất AGX, thêm 2 dòng mới.
[2025-10-07T13:29:35.000+0000] {logging_mixin.py:190} INFO - 🚦 Giới hạn API đạt mức tối đa, chờ 39.4s...
[2025-10-07T13:30:14.266+0000] {logging_mixin.py:190} INFO - ⬇️ Bắt đầu xử lý symbol = AGR
[2025-10-07T13:30:14.276+0000] {logging_mixin.py:190} INFO - ⚠️ Không đọc được file cũ AGR: 'date'
[2025-10-07T13:30:14.283+0000] {logging_mixin.py:190} INFO - AGR: trích dữ liệu từ 2025-10-04 đến 2025-10-07
[2025-10-07T13:30:14.767+0000] {logging_mixin.py:190} INFO - Trích xuất 2 dòng mới cho AGR
[2025-10-07T13:30:14.773+0000] {logging_mixin.py:190} INFO - Append 2 dòng mới vào /opt/***/data/lake/AGR.csv
[2025-10-07T13:30:14.773+0000] {logging_mixin.py:190} INFO - ✅ Hoàn tất AGR, thêm 2 dòng mới.
[2025-10-07T13:30:16.774+0000] {logging_mixin.py:190} INFO - 🚦 Giới hạn API đạt mức tối đa, chờ 3.0s...
[2025-10-07T13:30:19.790+0000] {logging_mixin.py:190} INFO - ⬇️ Bắt đầu xử lý symbol = AGP
[2025-10-07T13:30:19.797+0000] {logging_mixin.py:190} INFO - ⚠️ Không đọc được file cũ AGP: 'date'
[2025-10-07T13:30:19.804+0000] {logging_mixin.py:190} INFO - AGP: trích dữ liệu từ 2025-10-04 đến 2025-10-07
[2025-10-07T13:30:19.976+0000] {logging_mixin.py:190} INFO - Trích xuất 2 dòng mới cho AGP
[2025-10-07T13:30:19.983+0000] {logging_mixin.py:190} INFO - Append 2 dòng mới vào /opt/***/data/lake/AGP.csv
[2025-10-07T13:30:19.984+0000] {logging_mixin.py:190} INFO - ✅ Hoàn tất AGP, thêm 2 dòng mới.
[2025-10-07T13:30:21.984+0000] {logging_mixin.py:190} INFO - 🚦 Giới hạn API đạt mức tối đa, chờ 2.5s...
[2025-10-07T13:30:24.316+0000] {logging_mixin.py:190} INFO - ⬇️ Bắt đầu xử lý symbol = AGM
[2025-10-07T13:30:24.324+0000] {logging_mixin.py:190} INFO - ⚠️ Không đọc được file cũ AGM: 'date'
[2025-10-07T13:30:24.332+0000] {logging_mixin.py:190} INFO - AGM: trích dữ liệu từ 2025-10-04 đến 2025-10-07
[2025-10-07T13:30:29.283+0000] {logging_mixin.py:190} INFO - Không tìm thấy dữ liệu cho AGM
[2025-10-07T13:30:29.285+0000] {logging_mixin.py:190} INFO - ℹ️ AGM: Không có dữ liệu mới.
[2025-10-07T13:30:29.285+0000] {logging_mixin.py:190} INFO - ⬇️ Bắt đầu xử lý symbol = AGG
[2025-10-07T13:30:29.301+0000] {logging_mixin.py:190} INFO - ⚠️ Không đọc được file cũ AGG: 'date'
[2025-10-07T13:30:29.307+0000] {logging_mixin.py:190} INFO - AGG: trích dữ liệu từ 2025-10-04 đến 2025-10-07
[2025-10-07T13:30:29.528+0000] {logging_mixin.py:190} INFO - Trích xuất 2 dòng mới cho AGG
[2025-10-07T13:30:29.533+0000] {logging_mixin.py:190} INFO - Append 2 dòng mới vào /opt/***/data/lake/AGG.csv
[2025-10-07T13:30:29.533+0000] {logging_mixin.py:190} INFO - ✅ Hoàn tất AGG, thêm 2 dòng mới.
[2025-10-07T13:30:31.534+0000] {logging_mixin.py:190} INFO - 🚦 Giới hạn API đạt mức tối đa, chờ 1.2s...
[2025-10-07T13:30:32.766+0000] {logging_mixin.py:190} INFO - ⬇️ Bắt đầu xử lý symbol = AGF
[2025-10-07T13:30:32.791+0000] {logging_mixin.py:190} INFO - ⚠️ Không đọc được file cũ AGF: 'date'
[2025-10-07T13:30:32.807+0000] {logging_mixin.py:190} INFO - AGF: trích dữ liệu từ 2025-10-04 đến 2025-10-07
[2025-10-07T13:30:37.665+0000] {logging_mixin.py:190} INFO - Không tìm thấy dữ liệu cho AGF
[2025-10-07T13:30:37.667+0000] {logging_mixin.py:190} INFO - ℹ️ AGF: Không có dữ liệu mới.
[2025-10-07T13:30:37.668+0000] {logging_mixin.py:190} INFO - 🚦 Giới hạn API đạt mức tối đa, chờ 36.6s...
[2025-10-07T13:31:14.123+0000] {logging_mixin.py:190} INFO - ⬇️ Bắt đầu xử lý symbol = AGE
[2025-10-07T13:31:14.130+0000] {logging_mixin.py:190} INFO - ⚠️ Không đọc được file cũ AGE: 'date'
[2025-10-07T13:31:14.137+0000] {logging_mixin.py:190} INFO - AGE: trích dữ liệu từ 2023-09-22 đến 2025-10-07
[2025-10-07T13:31:18.931+0000] {logging_mixin.py:190} INFO - Không tìm thấy dữ liệu cho AGE
[2025-10-07T13:31:18.933+0000] {logging_mixin.py:190} INFO - ℹ️ AGE: Không có dữ liệu mới.
[2025-10-07T13:31:18.934+0000] {logging_mixin.py:190} INFO - 🚦 Giới hạn API đạt mức tối đa, chờ 0.9s...
[2025-10-07T13:31:19.791+0000] {logging_mixin.py:190} INFO - ⬇️ Bắt đầu xử lý symbol = AG1
[2025-10-07T13:31:19.798+0000] {logging_mixin.py:190} INFO - ⚠️ Không đọc được file cũ AG1: 'date'
[2025-10-07T13:31:19.806+0000] {logging_mixin.py:190} INFO - AG1: trích dữ liệu từ 2025-10-03 đến 2025-10-07
[2025-10-07T13:31:20.021+0000] {logging_mixin.py:190} INFO - Trích xuất 1 dòng mới cho AG1
[2025-10-07T13:31:20.026+0000] {logging_mixin.py:190} INFO - Append 1 dòng mới vào /opt/***/data/lake/AG1.csv
[2025-10-07T13:31:20.027+0000] {logging_mixin.py:190} INFO - ✅ Hoàn tất AG1, thêm 1 dòng mới.
[2025-10-07T13:31:22.027+0000] {logging_mixin.py:190} INFO - 🚦 Giới hạn API đạt mức tối đa, chờ 2.3s...
[2025-10-07T13:31:24.183+0000] {logging_mixin.py:190} INFO - ⬇️ Bắt đầu xử lý symbol = AFX
[2025-10-07T13:31:24.192+0000] {logging_mixin.py:190} INFO - ⚠️ Không đọc được file cũ AFX: 'date'
[2025-10-07T13:31:24.198+0000] {logging_mixin.py:190} INFO - AFX: trích dữ liệu từ 2025-10-04 đến 2025-10-07
[2025-10-07T13:31:24.328+0000] {logging_mixin.py:190} INFO - Trích xuất 2 dòng mới cho AFX
[2025-10-07T13:31:24.335+0000] {logging_mixin.py:190} INFO - Append 2 dòng mới vào /opt/***/data/lake/AFX.csv
[2025-10-07T13:31:24.335+0000] {logging_mixin.py:190} INFO - ✅ Hoàn tất AFX, thêm 2 dòng mới.
[2025-10-07T13:31:26.335+0000] {logging_mixin.py:190} INFO - 🚦 Giới hạn API đạt mức tối đa, chờ 2.9s...
[2025-10-07T13:31:29.286+0000] {logging_mixin.py:190} INFO - ⬇️ Bắt đầu xử lý symbol = ADS
[2025-10-07T13:31:29.294+0000] {logging_mixin.py:190} INFO - ⚠️ Không đọc được file cũ ADS: 'date'
[2025-10-07T13:31:29.302+0000] {logging_mixin.py:190} INFO - ADS: trích dữ liệu từ 2025-10-04 đến 2025-10-07
[2025-10-07T13:31:29.454+0000] {logging_mixin.py:190} INFO - Trích xuất 2 dòng mới cho ADS
[2025-10-07T13:31:29.460+0000] {logging_mixin.py:190} INFO - Append 2 dòng mới vào /opt/***/data/lake/ADS.csv
[2025-10-07T13:31:29.460+0000] {logging_mixin.py:190} INFO - ✅ Hoàn tất ADS, thêm 2 dòng mới.
[2025-10-07T13:31:31.461+0000] {logging_mixin.py:190} INFO - 🚦 Giới hạn API đạt mức tối đa, chờ 1.3s...
[2025-10-07T13:31:32.767+0000] {logging_mixin.py:190} INFO - ⬇️ Bắt đầu xử lý symbol = ADP
[2025-10-07T13:31:32.783+0000] {logging_mixin.py:190} INFO - ⚠️ Không đọc được file cũ ADP: 'date'
[2025-10-07T13:31:32.796+0000] {logging_mixin.py:190} INFO - ADP: trích dữ liệu từ 2025-10-04 đến 2025-10-07
[2025-10-07T13:31:32.960+0000] {logging_mixin.py:190} INFO - Trích xuất 2 dòng mới cho ADP
[2025-10-07T13:31:32.966+0000] {logging_mixin.py:190} INFO - Append 2 dòng mới vào /opt/***/data/lake/ADP.csv
[2025-10-07T13:31:32.966+0000] {logging_mixin.py:190} INFO - ✅ Hoàn tất ADP, thêm 2 dòng mới.
[2025-10-07T13:31:34.967+0000] {logging_mixin.py:190} INFO - 🚦 Giới hạn API đạt mức tối đa, chờ 39.2s...
[2025-10-07T13:32:13.977+0000] {logging_mixin.py:190} INFO - ⬇️ Bắt đầu xử lý symbol = ADG
[2025-10-07T13:32:14.019+0000] {logging_mixin.py:190} INFO - ⚠️ Không đọc được file cũ ADG: 'date'
[2025-10-07T13:32:14.035+0000] {logging_mixin.py:190} INFO - ADG: trích dữ liệu từ 2025-10-04 đến 2025-10-07
[2025-10-07T13:32:14.277+0000] {logging_mixin.py:190} INFO - Trích xuất 2 dòng mới cho ADG
[2025-10-07T13:32:14.617+0000] {logging_mixin.py:190} INFO - Append 2 dòng mới vào /opt/***/data/lake/ADG.csv
[2025-10-07T13:32:14.628+0000] {logging_mixin.py:190} INFO - ✅ Hoàn tất ADG, thêm 2 dòng mới.
[2025-10-07T13:32:16.644+0000] {logging_mixin.py:190} INFO - 🚦 Giới hạn API đạt mức tối đa, chờ 3.1s...
[2025-10-07T13:32:19.830+0000] {logging_mixin.py:190} INFO - ⬇️ Bắt đầu xử lý symbol = ADC
[2025-10-07T13:32:19.871+0000] {logging_mixin.py:190} INFO - ⚠️ Không đọc được file cũ ADC: 'date'
[2025-10-07T13:32:19.895+0000] {logging_mixin.py:190} INFO - ADC: trích dữ liệu từ 2025-10-03 đến 2025-10-07
[2025-10-07T13:32:24.303+0000] {logging_mixin.py:190} INFO - Không tìm thấy dữ liệu cho ADC
[2025-10-07T13:32:24.306+0000] {logging_mixin.py:190} INFO - ℹ️ ADC: Không có dữ liệu mới.
[2025-10-07T13:32:24.310+0000] {logging_mixin.py:190} INFO - ⬇️ Bắt đầu xử lý symbol = ACV
[2025-10-07T13:32:24.396+0000] {logging_mixin.py:190} INFO - ⚠️ Không đọc được file cũ ACV: 'date'
[2025-10-07T13:32:24.438+0000] {logging_mixin.py:190} INFO - ACV: trích dữ liệu từ 2025-10-04 đến 2025-10-07
[2025-10-07T13:32:24.654+0000] {logging_mixin.py:190} INFO - Trích xuất 2 dòng mới cho ACV
[2025-10-07T13:32:24.700+0000] {logging_mixin.py:190} INFO - Append 2 dòng mới vào /opt/***/data/lake/ACV.csv
[2025-10-07T13:32:24.711+0000] {logging_mixin.py:190} INFO - ✅ Hoàn tất ACV, thêm 2 dòng mới.
[2025-10-07T13:32:26.720+0000] {logging_mixin.py:190} INFO - 🚦 Giới hạn API đạt mức tối đa, chờ 2.6s...
[2025-10-07T13:32:29.288+0000] {logging_mixin.py:190} INFO - ⬇️ Bắt đầu xử lý symbol = ACS
[2025-10-07T13:32:29.325+0000] {logging_mixin.py:190} INFO - ⚠️ Không đọc được file cũ ACS: 'date'
[2025-10-07T13:32:29.382+0000] {logging_mixin.py:190} INFO - ACS: trích dữ liệu từ 2025-10-04 đến 2025-10-07
[2025-10-07T13:32:34.493+0000] {logging_mixin.py:190} INFO - Không tìm thấy dữ liệu cho ACS
[2025-10-07T13:32:34.495+0000] {logging_mixin.py:190} INFO - ℹ️ ACS: Không có dữ liệu mới.
[2025-10-07T13:32:34.496+0000] {logging_mixin.py:190} INFO - ⬇️ Bắt đầu xử lý symbol = ACM
[2025-10-07T13:32:34.520+0000] {logging_mixin.py:190} INFO - ⚠️ Không đọc được file cũ ACM: 'date'
[2025-10-07T13:32:34.570+0000] {logging_mixin.py:190} INFO - ACM: trích dữ liệu từ 2025-10-04 đến 2025-10-07
[2025-10-07T13:32:39.179+0000] {logging_mixin.py:190} INFO - Không tìm thấy dữ liệu cho ACM
[2025-10-07T13:32:39.180+0000] {logging_mixin.py:190} INFO - ℹ️ ACM: Không có dữ liệu mới.
[2025-10-07T13:32:39.181+0000] {python.py:240} INFO - Done. Returned value was: None
[2025-10-07T13:32:39.190+0000] {taskinstance.py:341} INFO - ::group::Post task execution logs
[2025-10-07T13:32:39.191+0000] {taskinstance.py:353} INFO - Marking task as SUCCESS. dag_id=vnstock_weekly_etl_incremental, task_id=process_batch, run_id=manual__2025-10-07T10:43:54.222487+00:00, map_index=33, execution_date=20251007T104354, start_date=20251007T132314, end_date=20251007T133239
[2025-10-07T13:32:39.231+0000] {local_task_job_runner.py:266} INFO - Task exited with return code 0
[2025-10-07T13:32:39.244+0000] {taskinstance.py:3901} INFO - 0 downstream tasks scheduled from follow-on schedule check
[2025-10-07T13:32:39.246+0000] {local_task_job_runner.py:245} INFO - ::endgroup::
