[2025-10-07T15:00:05.694+0000] {local_task_job_runner.py:123} INFO - ::group::Pre task execution logs
[2025-10-07T15:00:05.750+0000] {taskinstance.py:2614} INFO - Dependencies all met for dep_context=non-requeueable deps ti=<TaskInstance: vnstock_weekly_etl_incremental.process_batch manual__2025-10-07T10:44:44.201464+00:00 map_index=14 [queued]>
[2025-10-07T15:00:05.784+0000] {taskinstance.py:2614} INFO - Dependencies all met for dep_context=requeueable deps ti=<TaskInstance: vnstock_weekly_etl_incremental.process_batch manual__2025-10-07T10:44:44.201464+00:00 map_index=14 [queued]>
[2025-10-07T15:00:05.785+0000] {taskinstance.py:2867} INFO - Starting attempt 1 of 3
[2025-10-07T15:00:05.811+0000] {taskinstance.py:2890} INFO - Executing <Mapped(_PythonDecoratedOperator): process_batch> on 2025-10-07 10:44:44.201464+00:00
[2025-10-07T15:00:05.841+0000] {logging_mixin.py:190} WARNING - /home/***/.local/lib/python3.12/site-packages/***/task/task_runner/standard_task_runner.py:70 DeprecationWarning: This process (pid=20164) is multi-threaded, use of fork() may lead to deadlocks in the child.
[2025-10-07T15:00:05.843+0000] {standard_task_runner.py:72} INFO - Started process 20254 to run task
[2025-10-07T15:00:05.834+0000] {standard_task_runner.py:104} INFO - Running: ['***', 'tasks', 'run', 'vnstock_weekly_etl_incremental', 'process_batch', 'manual__2025-10-07T10:44:44.201464+00:00', '--job-id', '207', '--raw', '--subdir', 'DAGS_FOLDER/dag.py', '--cfg-path', '/tmp/tmpo70ubimd', '--map-index', '14']
[2025-10-07T15:00:05.848+0000] {standard_task_runner.py:105} INFO - Job 207: Subtask process_batch
[2025-10-07T15:00:05.876+0000] {logging_mixin.py:190} WARNING - /home/***/.local/lib/python3.12/site-packages/***/settings.py:209 DeprecationWarning: The sql_alchemy_conn option in [core] has been moved to the sql_alchemy_conn option in [database] - the old setting has been used, but please update your config.
[2025-10-07T15:00:06.017+0000] {task_command.py:467} INFO - Running <TaskInstance: vnstock_weekly_etl_incremental.process_batch manual__2025-10-07T10:44:44.201464+00:00 map_index=14 [running]> on host e3278e0f0bbc
[2025-10-07T15:00:06.996+0000] {taskinstance.py:3134} INFO - Exporting env vars: AIRFLOW_CTX_DAG_OWNER='***' AIRFLOW_CTX_DAG_ID='vnstock_weekly_etl_incremental' AIRFLOW_CTX_TASK_ID='process_batch' AIRFLOW_CTX_EXECUTION_DATE='2025-10-07T10:44:44.201464+00:00' AIRFLOW_CTX_TRY_NUMBER='1' AIRFLOW_CTX_DAG_RUN_ID='manual__2025-10-07T10:44:44.201464+00:00'
[2025-10-07T15:00:06.998+0000] {taskinstance.py:732} INFO - ::endgroup::
[2025-10-07T15:00:07.005+0000] {logging_mixin.py:190} INFO - ⬇️ Bắt đầu xử lý symbol = PGN
[2025-10-07T15:00:07.058+0000] {logging_mixin.py:190} INFO - ⚠️ Không đọc được file cũ PGN: 'date'
[2025-10-07T15:00:07.084+0000] {logging_mixin.py:190} INFO - PGN: trích dữ liệu từ 2025-10-08 đến 2025-10-07
[2025-10-07T15:00:11.647+0000] {logging_mixin.py:190} INFO - Không tìm thấy dữ liệu cho PGN
[2025-10-07T15:00:11.657+0000] {logging_mixin.py:190} INFO - ℹ️ PGN: Không có dữ liệu mới.
[2025-10-07T15:00:11.671+0000] {logging_mixin.py:190} INFO - ⬇️ Bắt đầu xử lý symbol = PGI
[2025-10-07T15:00:11.829+0000] {logging_mixin.py:190} INFO - ⚠️ Không đọc được file cũ PGI: 'date'
[2025-10-07T15:00:11.887+0000] {logging_mixin.py:190} INFO - PGI: trích dữ liệu từ 2025-10-08 đến 2025-10-07
[2025-10-07T15:00:16.653+0000] {logging_mixin.py:190} INFO - Không tìm thấy dữ liệu cho PGI
[2025-10-07T15:00:16.678+0000] {logging_mixin.py:190} INFO - ℹ️ PGI: Không có dữ liệu mới.
[2025-10-07T15:00:16.692+0000] {logging_mixin.py:190} INFO - ⬇️ Bắt đầu xử lý symbol = PGD
[2025-10-07T15:00:16.885+0000] {logging_mixin.py:190} INFO - ⚠️ Không đọc được file cũ PGD: 'date'
[2025-10-07T15:00:16.964+0000] {logging_mixin.py:190} INFO - PGD: trích dữ liệu từ 2025-10-07 đến 2025-10-07
[2025-10-07T15:00:21.712+0000] {logging_mixin.py:190} INFO - Không tìm thấy dữ liệu cho PGD
[2025-10-07T15:00:21.719+0000] {logging_mixin.py:190} INFO - ℹ️ PGD: Không có dữ liệu mới.
[2025-10-07T15:00:21.726+0000] {logging_mixin.py:190} INFO - ⬇️ Bắt đầu xử lý symbol = PGC
[2025-10-07T15:00:21.789+0000] {logging_mixin.py:190} INFO - ⚠️ Không đọc được file cũ PGC: 'date'
[2025-10-07T15:00:21.807+0000] {logging_mixin.py:190} INFO - PGC: trích dữ liệu từ 2025-10-08 đến 2025-10-07
[2025-10-07T15:00:26.563+0000] {logging_mixin.py:190} INFO - Không tìm thấy dữ liệu cho PGC
[2025-10-07T15:00:26.565+0000] {logging_mixin.py:190} INFO - ℹ️ PGC: Không có dữ liệu mới.
[2025-10-07T15:00:26.565+0000] {logging_mixin.py:190} INFO - ⬇️ Bắt đầu xử lý symbol = PGB
[2025-10-07T15:00:26.590+0000] {logging_mixin.py:190} INFO - ⚠️ Không đọc được file cũ PGB: 'date'
[2025-10-07T15:00:26.602+0000] {logging_mixin.py:190} INFO - PGB: trích dữ liệu từ 2025-10-08 đến 2025-10-07
[2025-10-07T15:00:31.173+0000] {logging_mixin.py:190} INFO - Không tìm thấy dữ liệu cho PGB
[2025-10-07T15:00:31.174+0000] {logging_mixin.py:190} INFO - ℹ️ PGB: Không có dữ liệu mới.
[2025-10-07T15:00:31.175+0000] {logging_mixin.py:190} INFO - 🚦 Giới hạn API đạt mức tối đa, chờ 35.8s...
[2025-10-07T15:01:06.861+0000] {logging_mixin.py:190} INFO - ⬇️ Bắt đầu xử lý symbol = PFL
[2025-10-07T15:01:06.893+0000] {logging_mixin.py:190} INFO - ⚠️ Không đọc được file cũ PFL: 'date'
[2025-10-07T15:01:06.778+0000] {logging_mixin.py:190} INFO - PFL: trích dữ liệu từ 2025-10-08 đến 2025-10-07
[2025-10-07T15:01:11.298+0000] {logging_mixin.py:190} INFO - Không tìm thấy dữ liệu cho PFL
[2025-10-07T15:01:11.300+0000] {logging_mixin.py:190} INFO - ℹ️ PFL: Không có dữ liệu mới.
[2025-10-07T15:01:11.301+0000] {logging_mixin.py:190} INFO - 🚦 Giới hạn API đạt mức tối đa, chờ 0.4s...
[2025-10-07T15:01:11.672+0000] {logging_mixin.py:190} INFO - ⬇️ Bắt đầu xử lý symbol = PET
[2025-10-07T15:01:11.702+0000] {logging_mixin.py:190} INFO - ⚠️ Không đọc được file cũ PET: 'date'
[2025-10-07T15:01:11.712+0000] {logging_mixin.py:190} INFO - PET: trích dữ liệu từ 2025-10-08 đến 2025-10-07
[2025-10-07T15:01:16.489+0000] {logging_mixin.py:190} INFO - Không tìm thấy dữ liệu cho PET
[2025-10-07T15:01:16.491+0000] {logging_mixin.py:190} INFO - ℹ️ PET: Không có dữ liệu mới.
[2025-10-07T15:01:16.491+0000] {logging_mixin.py:190} INFO - 🚦 Giới hạn API đạt mức tối đa, chờ 0.2s...
[2025-10-07T15:01:16.692+0000] {logging_mixin.py:190} INFO - ⬇️ Bắt đầu xử lý symbol = PEQ
[2025-10-07T15:01:16.711+0000] {logging_mixin.py:190} INFO - ⚠️ Không đọc được file cũ PEQ: 'date'
[2025-10-07T15:01:16.718+0000] {logging_mixin.py:190} INFO - PEQ: trích dữ liệu từ 2025-10-04 đến 2025-10-07
[2025-10-07T15:01:21.371+0000] {logging_mixin.py:190} INFO - Không tìm thấy dữ liệu cho PEQ
[2025-10-07T15:01:21.372+0000] {logging_mixin.py:190} INFO - ℹ️ PEQ: Không có dữ liệu mới.
[2025-10-07T15:01:21.372+0000] {logging_mixin.py:190} INFO - 🚦 Giới hạn API đạt mức tối đa, chờ 0.4s...
[2025-10-07T15:01:21.727+0000] {logging_mixin.py:190} INFO - ⬇️ Bắt đầu xử lý symbol = PEN
[2025-10-07T15:01:21.750+0000] {logging_mixin.py:190} INFO - ⚠️ Không đọc được file cũ PEN: 'date'
[2025-10-07T15:01:21.759+0000] {logging_mixin.py:190} INFO - PEN: trích dữ liệu từ 2025-10-01 đến 2025-10-07
[2025-10-07T15:01:26.199+0000] {logging_mixin.py:190} INFO - Không tìm thấy dữ liệu cho PEN
[2025-10-07T15:01:26.200+0000] {logging_mixin.py:190} INFO - ℹ️ PEN: Không có dữ liệu mới.
[2025-10-07T15:01:26.200+0000] {logging_mixin.py:190} INFO - 🚦 Giới hạn API đạt mức tối đa, chờ 0.4s...
[2025-10-07T15:01:26.566+0000] {logging_mixin.py:190} INFO - ⬇️ Bắt đầu xử lý symbol = PEG
[2025-10-07T15:01:26.585+0000] {logging_mixin.py:190} INFO - ⚠️ Không đọc được file cũ PEG: 'date'
[2025-10-07T15:01:26.592+0000] {logging_mixin.py:190} INFO - PEG: trích dữ liệu từ 2025-10-07 đến 2025-10-07
[2025-10-07T15:01:31.248+0000] {logging_mixin.py:190} INFO - Không tìm thấy dữ liệu cho PEG
[2025-10-07T15:01:31.250+0000] {logging_mixin.py:190} INFO - ℹ️ PEG: Không có dữ liệu mới.
[2025-10-07T15:01:31.251+0000] {logging_mixin.py:190} INFO - 🚦 Giới hạn API đạt mức tối đa, chờ 35.6s...
[2025-10-07T15:02:06.666+0000] {logging_mixin.py:190} INFO - ⬇️ Bắt đầu xử lý symbol = PEC
[2025-10-07T15:02:06.684+0000] {logging_mixin.py:190} INFO - ⚠️ Không đọc được file cũ PEC: 'date'
[2025-10-07T15:02:06.694+0000] {logging_mixin.py:190} INFO - PEC: trích dữ liệu từ 2025-08-02 đến 2025-10-07
[2025-10-07T15:02:12.297+0000] {logging_mixin.py:190} INFO - Không tìm thấy dữ liệu cho PEC
[2025-10-07T15:02:12.299+0000] {logging_mixin.py:190} INFO - ℹ️ PEC: Không có dữ liệu mới.
[2025-10-07T15:02:12.299+0000] {logging_mixin.py:190} INFO - ⬇️ Bắt đầu xử lý symbol = PDV
[2025-10-07T15:02:12.317+0000] {logging_mixin.py:190} INFO - ⚠️ Không đọc được file cũ PDV: 'date'
[2025-10-07T15:02:12.327+0000] {logging_mixin.py:190} INFO - PDV: trích dữ liệu từ 2025-10-07 đến 2025-10-07
[2025-10-07T15:02:17.283+0000] {logging_mixin.py:190} INFO - Không tìm thấy dữ liệu cho PDV
[2025-10-07T15:02:17.284+0000] {logging_mixin.py:190} INFO - ℹ️ PDV: Không có dữ liệu mới.
[2025-10-07T15:02:17.285+0000] {logging_mixin.py:190} INFO - ⬇️ Bắt đầu xử lý symbol = PDT
[2025-10-07T15:02:17.302+0000] {logging_mixin.py:190} INFO - PDT: trích dữ liệu từ 2020-01-01 đến 2025-10-07
[2025-10-07T15:02:22.066+0000] {logging_mixin.py:190} INFO - Không tìm thấy dữ liệu cho PDT
[2025-10-07T15:02:22.068+0000] {logging_mixin.py:190} INFO - ℹ️ PDT: Không có dữ liệu mới.
[2025-10-07T15:02:22.069+0000] {logging_mixin.py:190} INFO - ⬇️ Bắt đầu xử lý symbol = PDR
[2025-10-07T15:02:22.092+0000] {logging_mixin.py:190} INFO - ⚠️ Không đọc được file cũ PDR: 'date'
[2025-10-07T15:02:22.102+0000] {logging_mixin.py:190} INFO - PDR: trích dữ liệu từ 2025-10-08 đến 2025-10-07
[2025-10-07T15:02:26.791+0000] {logging_mixin.py:190} INFO - Không tìm thấy dữ liệu cho PDR
[2025-10-07T15:02:26.792+0000] {logging_mixin.py:190} INFO - ℹ️ PDR: Không có dữ liệu mới.
[2025-10-07T15:02:26.793+0000] {logging_mixin.py:190} INFO - ⬇️ Bắt đầu xử lý symbol = PDN
[2025-10-07T15:02:26.810+0000] {logging_mixin.py:190} INFO - ⚠️ Không đọc được file cũ PDN: 'date'
[2025-10-07T15:02:26.818+0000] {logging_mixin.py:190} INFO - PDN: trích dữ liệu từ 2025-10-08 đến 2025-10-07
[2025-10-07T15:02:32.245+0000] {logging_mixin.py:190} INFO - Không tìm thấy dữ liệu cho PDN
[2025-10-07T15:02:32.248+0000] {logging_mixin.py:190} INFO - ℹ️ PDN: Không có dữ liệu mới.
[2025-10-07T15:02:32.248+0000] {logging_mixin.py:190} INFO - 🚦 Giới hạn API đạt mức tối đa, chờ 34.4s...
[2025-10-07T15:03:06.504+0000] {logging_mixin.py:190} INFO - ⬇️ Bắt đầu xử lý symbol = PDC
[2025-10-07T15:03:06.524+0000] {logging_mixin.py:190} INFO - ⚠️ Không đọc được file cũ PDC: 'date'
[2025-10-07T15:03:06.532+0000] {logging_mixin.py:190} INFO - PDC: trích dữ liệu từ 2025-10-01 đến 2025-10-07
[2025-10-07T15:03:11.215+0000] {logging_mixin.py:190} INFO - Không tìm thấy dữ liệu cho PDC
[2025-10-07T15:03:11.217+0000] {logging_mixin.py:190} INFO - ℹ️ PDC: Không có dữ liệu mới.
[2025-10-07T15:03:11.218+0000] {logging_mixin.py:190} INFO - 🚦 Giới hạn API đạt mức tối đa, chờ 1.1s...
[2025-10-07T15:03:12.300+0000] {logging_mixin.py:190} INFO - ⬇️ Bắt đầu xử lý symbol = PDB
[2025-10-07T15:03:12.325+0000] {logging_mixin.py:190} INFO - ⚠️ Không đọc được file cũ PDB: 'date'
[2025-10-07T15:03:12.338+0000] {logging_mixin.py:190} INFO - PDB: trích dữ liệu từ 2025-10-08 đến 2025-10-07
[2025-10-07T15:03:16.904+0000] {logging_mixin.py:190} INFO - Không tìm thấy dữ liệu cho PDB
[2025-10-07T15:03:16.907+0000] {logging_mixin.py:190} INFO - ℹ️ PDB: Không có dữ liệu mới.
[2025-10-07T15:03:16.907+0000] {logging_mixin.py:190} INFO - 🚦 Giới hạn API đạt mức tối đa, chờ 0.4s...
[2025-10-07T15:03:17.286+0000] {logging_mixin.py:190} INFO - ⬇️ Bắt đầu xử lý symbol = PCT
[2025-10-07T15:03:17.308+0000] {logging_mixin.py:190} INFO - ⚠️ Không đọc được file cũ PCT: 'date'
[2025-10-07T15:03:17.315+0000] {logging_mixin.py:190} INFO - PCT: trích dữ liệu từ 2025-10-08 đến 2025-10-07
[2025-10-07T15:03:21.859+0000] {logging_mixin.py:190} INFO - Không tìm thấy dữ liệu cho PCT
[2025-10-07T15:03:21.861+0000] {logging_mixin.py:190} INFO - ℹ️ PCT: Không có dữ liệu mới.
[2025-10-07T15:03:21.861+0000] {logging_mixin.py:190} INFO - 🚦 Giới hạn API đạt mức tối đa, chờ 0.2s...
[2025-10-07T15:03:22.070+0000] {logging_mixin.py:190} INFO - ⬇️ Bắt đầu xử lý symbol = PCN
[2025-10-07T15:03:22.088+0000] {logging_mixin.py:190} INFO - ⚠️ Không đọc được file cũ PCN: 'date'
[2025-10-07T15:03:22.095+0000] {logging_mixin.py:190} INFO - PCN: trích dữ liệu từ 2024-12-14 đến 2025-10-07
[2025-10-07T15:03:27.679+0000] {logging_mixin.py:190} INFO - Không tìm thấy dữ liệu cho PCN
[2025-10-07T15:03:27.681+0000] {logging_mixin.py:190} INFO - ℹ️ PCN: Không có dữ liệu mới.
[2025-10-07T15:03:27.682+0000] {logging_mixin.py:190} INFO - ⬇️ Bắt đầu xử lý symbol = PCM
[2025-10-07T15:03:27.704+0000] {logging_mixin.py:190} INFO - ⚠️ Không đọc được file cũ PCM: 'date'
[2025-10-07T15:03:27.712+0000] {logging_mixin.py:190} INFO - PCM: trích dữ liệu từ 2025-09-05 đến 2025-10-07
[2025-10-07T15:03:32.297+0000] {logging_mixin.py:190} INFO - Không tìm thấy dữ liệu cho PCM
[2025-10-07T15:03:32.299+0000] {logging_mixin.py:190} INFO - ℹ️ PCM: Không có dữ liệu mới.
[2025-10-07T15:03:32.300+0000] {logging_mixin.py:190} INFO - 🚦 Giới hạn API đạt mức tối đa, chờ 34.2s...
[2025-10-07T15:04:06.375+0000] {logging_mixin.py:190} INFO - ⬇️ Bắt đầu xử lý symbol = PCH
[2025-10-07T15:04:06.405+0000] {logging_mixin.py:190} INFO - ⚠️ Không đọc được file cũ PCH: 'date'
[2025-10-07T15:04:06.415+0000] {logging_mixin.py:190} INFO - PCH: trích dữ liệu từ 2025-10-08 đến 2025-10-07
[2025-10-07T15:04:11.245+0000] {logging_mixin.py:190} INFO - Không tìm thấy dữ liệu cho PCH
[2025-10-07T15:04:11.246+0000] {logging_mixin.py:190} INFO - ℹ️ PCH: Không có dữ liệu mới.
[2025-10-07T15:04:11.247+0000] {logging_mixin.py:190} INFO - 🚦 Giới hạn API đạt mức tối đa, chờ 1.1s...
[2025-10-07T15:04:12.301+0000] {logging_mixin.py:190} INFO - ⬇️ Bắt đầu xử lý symbol = PCG
[2025-10-07T15:04:12.344+0000] {logging_mixin.py:190} INFO - ⚠️ Không đọc được file cũ PCG: 'date'
[2025-10-07T15:04:12.356+0000] {logging_mixin.py:190} INFO - PCG: trích dữ liệu từ 2025-10-04 đến 2025-10-07
[2025-10-07T15:04:16.941+0000] {logging_mixin.py:190} INFO - Không tìm thấy dữ liệu cho PCG
[2025-10-07T15:04:16.943+0000] {logging_mixin.py:190} INFO - ℹ️ PCG: Không có dữ liệu mới.
[2025-10-07T15:04:16.943+0000] {logging_mixin.py:190} INFO - 🚦 Giới hạn API đạt mức tối đa, chờ 0.3s...
[2025-10-07T15:04:17.287+0000] {logging_mixin.py:190} INFO - ⬇️ Bắt đầu xử lý symbol = PCF
[2025-10-07T15:04:17.309+0000] {logging_mixin.py:190} INFO - ⚠️ Không đọc được file cũ PCF: 'date'
[2025-10-07T15:04:17.317+0000] {logging_mixin.py:190} INFO - PCF: trích dữ liệu từ 2025-10-08 đến 2025-10-07
[2025-10-07T15:04:22.149+0000] {logging_mixin.py:190} INFO - Không tìm thấy dữ liệu cho PCF
[2025-10-07T15:04:22.151+0000] {logging_mixin.py:190} INFO - ℹ️ PCF: Không có dữ liệu mới.
[2025-10-07T15:04:22.152+0000] {logging_mixin.py:190} INFO - ⬇️ Bắt đầu xử lý symbol = PCE
[2025-10-07T15:04:22.173+0000] {logging_mixin.py:190} INFO - ⚠️ Không đọc được file cũ PCE: 'date'
[2025-10-07T15:04:22.184+0000] {logging_mixin.py:190} INFO - PCE: trích dữ liệu từ 2025-10-08 đến 2025-10-07
[2025-10-07T15:04:26.792+0000] {logging_mixin.py:190} INFO - Không tìm thấy dữ liệu cho PCE
[2025-10-07T15:04:26.794+0000] {logging_mixin.py:190} INFO - ℹ️ PCE: Không có dữ liệu mới.
[2025-10-07T15:04:26.795+0000] {logging_mixin.py:190} INFO - 🚦 Giới hạn API đạt mức tối đa, chờ 0.9s...
[2025-10-07T15:04:27.683+0000] {logging_mixin.py:190} INFO - ⬇️ Bắt đầu xử lý symbol = PCC
[2025-10-07T15:04:27.704+0000] {logging_mixin.py:190} INFO - ⚠️ Không đọc được file cũ PCC: 'date'
[2025-10-07T15:04:27.713+0000] {logging_mixin.py:190} INFO - PCC: trích dữ liệu từ 2025-10-03 đến 2025-10-07
[2025-10-07T15:04:32.297+0000] {logging_mixin.py:190} INFO - Không tìm thấy dữ liệu cho PCC
[2025-10-07T15:04:32.300+0000] {logging_mixin.py:190} INFO - ℹ️ PCC: Không có dữ liệu mới.
[2025-10-07T15:04:32.300+0000] {logging_mixin.py:190} INFO - 🚦 Giới hạn API đạt mức tối đa, chờ 34.1s...
[2025-10-07T15:05:06.313+0000] {logging_mixin.py:190} INFO - ⬇️ Bắt đầu xử lý symbol = PC1
[2025-10-07T15:05:06.328+0000] {logging_mixin.py:190} INFO - ⚠️ Không đọc được file cũ PC1: 'date'
[2025-10-07T15:05:06.334+0000] {logging_mixin.py:190} INFO - PC1: trích dữ liệu từ 2025-10-08 đến 2025-10-07
[2025-10-07T15:05:11.060+0000] {logging_mixin.py:190} INFO - Không tìm thấy dữ liệu cho PC1
[2025-10-07T15:05:11.062+0000] {logging_mixin.py:190} INFO - ℹ️ PC1: Không có dữ liệu mới.
[2025-10-07T15:05:11.062+0000] {logging_mixin.py:190} INFO - 🚦 Giới hạn API đạt mức tối đa, chờ 1.2s...
[2025-10-07T15:05:12.301+0000] {logging_mixin.py:190} INFO - ⬇️ Bắt đầu xử lý symbol = PBT
[2025-10-07T15:05:12.324+0000] {logging_mixin.py:190} INFO - ⚠️ Không đọc được file cũ PBT: 'date'
[2025-10-07T15:05:12.332+0000] {logging_mixin.py:190} INFO - PBT: trích dữ liệu từ 2025-10-08 đến 2025-10-07
[2025-10-07T15:05:16.895+0000] {logging_mixin.py:190} INFO - Không tìm thấy dữ liệu cho PBT
[2025-10-07T15:05:16.896+0000] {logging_mixin.py:190} INFO - ℹ️ PBT: Không có dữ liệu mới.
[2025-10-07T15:05:16.897+0000] {logging_mixin.py:190} INFO - 🚦 Giới hạn API đạt mức tối đa, chờ 0.4s...
[2025-10-07T15:05:17.288+0000] {logging_mixin.py:190} INFO - ⬇️ Bắt đầu xử lý symbol = PBP
[2025-10-07T15:05:17.307+0000] {logging_mixin.py:190} INFO - ⚠️ Không đọc được file cũ PBP: 'date'
[2025-10-07T15:05:17.315+0000] {logging_mixin.py:190} INFO - PBP: trích dữ liệu từ 2025-10-08 đến 2025-10-07
[2025-10-07T15:05:21.934+0000] {logging_mixin.py:190} INFO - Không tìm thấy dữ liệu cho PBP
[2025-10-07T15:05:21.937+0000] {logging_mixin.py:190} INFO - ℹ️ PBP: Không có dữ liệu mới.
[2025-10-07T15:05:21.938+0000] {logging_mixin.py:190} INFO - 🚦 Giới hạn API đạt mức tối đa, chờ 0.2s...
[2025-10-07T15:05:22.153+0000] {logging_mixin.py:190} INFO - ⬇️ Bắt đầu xử lý symbol = PBC
[2025-10-07T15:05:22.176+0000] {logging_mixin.py:190} INFO - ⚠️ Không đọc được file cũ PBC: 'date'
[2025-10-07T15:05:22.185+0000] {logging_mixin.py:190} INFO - PBC: trích dữ liệu từ 2025-10-08 đến 2025-10-07
[2025-10-07T15:05:26.795+0000] {logging_mixin.py:190} INFO - Không tìm thấy dữ liệu cho PBC
[2025-10-07T15:05:26.796+0000] {logging_mixin.py:190} INFO - ℹ️ PBC: Không có dữ liệu mới.
[2025-10-07T15:05:26.797+0000] {logging_mixin.py:190} INFO - 🚦 Giới hạn API đạt mức tối đa, chờ 0.9s...
[2025-10-07T15:05:27.684+0000] {logging_mixin.py:190} INFO - ⬇️ Bắt đầu xử lý symbol = PAT
[2025-10-07T15:05:27.704+0000] {logging_mixin.py:190} INFO - ⚠️ Không đọc được file cũ PAT: 'date'
[2025-10-07T15:05:27.711+0000] {logging_mixin.py:190} INFO - PAT: trích dữ liệu từ 2025-10-08 đến 2025-10-07
[2025-10-07T15:05:32.614+0000] {logging_mixin.py:190} INFO - Không tìm thấy dữ liệu cho PAT
[2025-10-07T15:05:32.616+0000] {logging_mixin.py:190} INFO - ℹ️ PAT: Không có dữ liệu mới.
[2025-10-07T15:05:32.616+0000] {logging_mixin.py:190} INFO - 🚦 Giới hạn API đạt mức tối đa, chờ 33.7s...
[2025-10-07T15:06:06.287+0000] {logging_mixin.py:190} INFO - ⬇️ Bắt đầu xử lý symbol = PAS
[2025-10-07T15:06:06.302+0000] {logging_mixin.py:190} INFO - ⚠️ Không đọc được file cũ PAS: 'date'
[2025-10-07T15:06:06.308+0000] {logging_mixin.py:190} INFO - PAS: trích dữ liệu từ 2025-10-08 đến 2025-10-07
[2025-10-07T15:06:10.821+0000] {logging_mixin.py:190} INFO - Không tìm thấy dữ liệu cho PAS
[2025-10-07T15:06:10.822+0000] {logging_mixin.py:190} INFO - ℹ️ PAS: Không có dữ liệu mới.
[2025-10-07T15:06:10.823+0000] {logging_mixin.py:190} INFO - 🚦 Giới hạn API đạt mức tối đa, chờ 1.5s...
[2025-10-07T15:06:12.302+0000] {logging_mixin.py:190} INFO - ⬇️ Bắt đầu xử lý symbol = PAP
[2025-10-07T15:06:12.327+0000] {logging_mixin.py:190} INFO - ⚠️ Không đọc được file cũ PAP: 'date'
[2025-10-07T15:06:12.335+0000] {logging_mixin.py:190} INFO - PAP: trích dữ liệu từ 2025-10-08 đến 2025-10-07
[2025-10-07T15:06:16.835+0000] {logging_mixin.py:190} INFO - Không tìm thấy dữ liệu cho PAP
[2025-10-07T15:06:16.837+0000] {logging_mixin.py:190} INFO - ℹ️ PAP: Không có dữ liệu mới.
[2025-10-07T15:06:16.837+0000] {logging_mixin.py:190} INFO - 🚦 Giới hạn API đạt mức tối đa, chờ 0.5s...
[2025-10-07T15:06:17.288+0000] {logging_mixin.py:190} INFO - ⬇️ Bắt đầu xử lý symbol = PAN
[2025-10-07T15:06:17.307+0000] {logging_mixin.py:190} INFO - ⚠️ Không đọc được file cũ PAN: 'date'
[2025-10-07T15:06:17.313+0000] {logging_mixin.py:190} INFO - PAN: trích dữ liệu từ 2025-10-08 đến 2025-10-07
[2025-10-07T15:06:21.760+0000] {logging_mixin.py:190} INFO - Không tìm thấy dữ liệu cho PAN
[2025-10-07T15:06:21.762+0000] {logging_mixin.py:190} INFO - ℹ️ PAN: Không có dữ liệu mới.
[2025-10-07T15:06:21.762+0000] {logging_mixin.py:190} INFO - 🚦 Giới hạn API đạt mức tối đa, chờ 0.4s...
[2025-10-07T15:06:22.153+0000] {logging_mixin.py:190} INFO - ⬇️ Bắt đầu xử lý symbol = PAI
[2025-10-07T15:06:22.176+0000] {logging_mixin.py:190} INFO - ⚠️ Không đọc được file cũ PAI: 'date'
[2025-10-07T15:06:22.182+0000] {logging_mixin.py:190} INFO - PAI: trích dữ liệu từ 2025-09-06 đến 2025-10-07
[2025-10-07T15:06:26.592+0000] {logging_mixin.py:190} INFO - Không tìm thấy dữ liệu cho PAI
[2025-10-07T15:06:26.593+0000] {logging_mixin.py:190} INFO - ℹ️ PAI: Không có dữ liệu mới.
[2025-10-07T15:06:26.594+0000] {logging_mixin.py:190} INFO - 🚦 Giới hạn API đạt mức tối đa, chờ 1.1s...
[2025-10-07T15:06:27.684+0000] {logging_mixin.py:190} INFO - ⬇️ Bắt đầu xử lý symbol = PAC
[2025-10-07T15:06:27.710+0000] {logging_mixin.py:190} INFO - ⚠️ Không đọc được file cũ PAC: 'date'
[2025-10-07T15:06:27.718+0000] {logging_mixin.py:190} INFO - PAC: trích dữ liệu từ 2025-10-08 đến 2025-10-07
[2025-10-07T15:06:33.046+0000] {logging_mixin.py:190} INFO - Không tìm thấy dữ liệu cho PAC
[2025-10-07T15:06:33.048+0000] {logging_mixin.py:190} INFO - ℹ️ PAC: Không có dữ liệu mới.
[2025-10-07T15:06:33.048+0000] {logging_mixin.py:190} INFO - 🚦 Giới hạn API đạt mức tối đa, chờ 33.2s...
[2025-10-07T15:07:06.283+0000] {logging_mixin.py:190} INFO - ⬇️ Bắt đầu xử lý symbol = ORS
[2025-10-07T15:07:06.300+0000] {logging_mixin.py:190} INFO - ⚠️ Không đọc được file cũ ORS: 'date'
[2025-10-07T15:07:06.307+0000] {logging_mixin.py:190} INFO - ORS: trích dữ liệu từ 2025-10-08 đến 2025-10-07
[2025-10-07T15:07:11.721+0000] {logging_mixin.py:190} INFO - Không tìm thấy dữ liệu cho ORS
[2025-10-07T15:07:11.722+0000] {logging_mixin.py:190} INFO - ℹ️ ORS: Không có dữ liệu mới.
[2025-10-07T15:07:11.723+0000] {logging_mixin.py:190} INFO - 🚦 Giới hạn API đạt mức tối đa, chờ 0.6s...
[2025-10-07T15:07:12.302+0000] {logging_mixin.py:190} INFO - ⬇️ Bắt đầu xử lý symbol = OPC
[2025-10-07T15:07:12.329+0000] {logging_mixin.py:190} INFO - ⚠️ Không đọc được file cũ OPC: 'date'
[2025-10-07T15:07:12.340+0000] {logging_mixin.py:190} INFO - OPC: trích dữ liệu từ 2025-10-08 đến 2025-10-07
[2025-10-07T15:07:17.756+0000] {logging_mixin.py:190} INFO - Không tìm thấy dữ liệu cho OPC
[2025-10-07T15:07:17.758+0000] {logging_mixin.py:190} INFO - ℹ️ OPC: Không có dữ liệu mới.
[2025-10-07T15:07:17.758+0000] {logging_mixin.py:190} INFO - ⬇️ Bắt đầu xử lý symbol = ONW
[2025-10-07T15:07:17.775+0000] {logging_mixin.py:190} INFO - ⚠️ Không đọc được file cũ ONW: 'date'
[2025-10-07T15:07:17.782+0000] {logging_mixin.py:190} INFO - ONW: trích dữ liệu từ 2025-09-11 đến 2025-10-07
[2025-10-07T15:07:22.517+0000] {logging_mixin.py:190} INFO - Không tìm thấy dữ liệu cho ONW
[2025-10-07T15:07:22.519+0000] {logging_mixin.py:190} INFO - ℹ️ ONW: Không có dữ liệu mới.
[2025-10-07T15:07:22.519+0000] {logging_mixin.py:190} INFO - ⬇️ Bắt đầu xử lý symbol = ONE
[2025-10-07T15:07:22.535+0000] {logging_mixin.py:190} INFO - ⚠️ Không đọc được file cũ ONE: 'date'
[2025-10-07T15:07:22.542+0000] {logging_mixin.py:190} INFO - ONE: trích dữ liệu từ 2025-10-08 đến 2025-10-07
[2025-10-07T15:07:27.025+0000] {logging_mixin.py:190} INFO - Không tìm thấy dữ liệu cho ONE
[2025-10-07T15:07:27.026+0000] {logging_mixin.py:190} INFO - ℹ️ ONE: Không có dữ liệu mới.
[2025-10-07T15:07:27.027+0000] {logging_mixin.py:190} INFO - 🚦 Giới hạn API đạt mức tối đa, chờ 0.7s...
[2025-10-07T15:07:27.685+0000] {logging_mixin.py:190} INFO - ⬇️ Bắt đầu xử lý symbol = OIL
[2025-10-07T15:07:27.745+0000] {logging_mixin.py:190} INFO - ⚠️ Không đọc được file cũ OIL: 'date'
[2025-10-07T15:07:27.766+0000] {logging_mixin.py:190} INFO - OIL: trích dữ liệu từ 2025-10-08 đến 2025-10-07
[2025-10-07T15:07:32.469+0000] {logging_mixin.py:190} INFO - Không tìm thấy dữ liệu cho OIL
[2025-10-07T15:07:32.470+0000] {logging_mixin.py:190} INFO - ℹ️ OIL: Không có dữ liệu mới.
[2025-10-07T15:07:32.470+0000] {logging_mixin.py:190} INFO - 🚦 Giới hạn API đạt mức tối đa, chờ 33.8s...
[2025-10-07T15:08:06.286+0000] {logging_mixin.py:190} INFO - ⬇️ Bắt đầu xử lý symbol = OGC
[2025-10-07T15:08:06.304+0000] {logging_mixin.py:190} INFO - ⚠️ Không đọc được file cũ OGC: 'date'
[2025-10-07T15:08:06.313+0000] {logging_mixin.py:190} INFO - OGC: trích dữ liệu từ 2025-10-08 đến 2025-10-07
[2025-10-07T15:08:11.968+0000] {logging_mixin.py:190} INFO - Không tìm thấy dữ liệu cho OGC
[2025-10-07T15:08:11.969+0000] {logging_mixin.py:190} INFO - ℹ️ OGC: Không có dữ liệu mới.
[2025-10-07T15:08:11.969+0000] {logging_mixin.py:190} INFO - 🚦 Giới hạn API đạt mức tối đa, chờ 0.3s...
[2025-10-07T15:08:12.303+0000] {logging_mixin.py:190} INFO - ⬇️ Bắt đầu xử lý symbol = ODE
[2025-10-07T15:08:12.321+0000] {logging_mixin.py:190} INFO - ⚠️ Không đọc được file cũ ODE: 'date'
[2025-10-07T15:08:12.332+0000] {logging_mixin.py:190} INFO - ODE: trích dữ liệu từ 2025-10-08 đến 2025-10-07
[2025-10-07T15:08:16.956+0000] {logging_mixin.py:190} INFO - Không tìm thấy dữ liệu cho ODE
[2025-10-07T15:08:16.958+0000] {logging_mixin.py:190} INFO - ℹ️ ODE: Không có dữ liệu mới.
[2025-10-07T15:08:16.959+0000] {logging_mixin.py:190} INFO - 🚦 Giới hạn API đạt mức tối đa, chờ 0.8s...
[2025-10-07T15:08:17.759+0000] {logging_mixin.py:190} INFO - ⬇️ Bắt đầu xử lý symbol = OCH
[2025-10-07T15:08:17.785+0000] {logging_mixin.py:190} INFO - ⚠️ Không đọc được file cũ OCH: 'date'
[2025-10-07T15:08:17.793+0000] {logging_mixin.py:190} INFO - OCH: trích dữ liệu từ 2025-10-08 đến 2025-10-07
[2025-10-07T15:08:27.274+0000] {logging_mixin.py:190} INFO - Không tìm thấy dữ liệu cho OCH
[2025-10-07T15:08:27.275+0000] {logging_mixin.py:190} INFO - ℹ️ OCH: Không có dữ liệu mới.
[2025-10-07T15:08:27.276+0000] {logging_mixin.py:190} INFO - ⬇️ Bắt đầu xử lý symbol = OCB
[2025-10-07T15:08:27.296+0000] {logging_mixin.py:190} INFO - ⚠️ Không đọc được file cũ OCB: 'date'
[2025-10-07T15:08:27.303+0000] {logging_mixin.py:190} INFO - OCB: trích dữ liệu từ 2025-10-08 đến 2025-10-07
[2025-10-07T15:08:31.961+0000] {logging_mixin.py:190} INFO - Không tìm thấy dữ liệu cho OCB
[2025-10-07T15:08:31.962+0000] {logging_mixin.py:190} INFO - ℹ️ OCB: Không có dữ liệu mới.
[2025-10-07T15:08:31.963+0000] {logging_mixin.py:190} INFO - ⬇️ Bắt đầu xử lý symbol = NXT
[2025-10-07T15:08:31.987+0000] {logging_mixin.py:190} INFO - ⚠️ Không đọc được file cũ NXT: 'date'
[2025-10-07T15:08:31.991+0000] {logging_mixin.py:190} INFO - NXT: trích dữ liệu từ 2025-10-08 đến 2025-10-07
[2025-10-07T15:08:36.550+0000] {logging_mixin.py:190} INFO - Không tìm thấy dữ liệu cho NXT
[2025-10-07T15:08:36.551+0000] {logging_mixin.py:190} INFO - ℹ️ NXT: Không có dữ liệu mới.
[2025-10-07T15:08:36.552+0000] {logging_mixin.py:190} INFO - 🚦 Giới hạn API đạt mức tối đa, chờ 29.7s...
[2025-10-07T15:09:06.284+0000] {logging_mixin.py:190} INFO - ⬇️ Bắt đầu xử lý symbol = NWT
[2025-10-07T15:09:06.302+0000] {logging_mixin.py:190} INFO - ⚠️ Không đọc được file cũ NWT: 'date'
[2025-10-07T15:09:06.309+0000] {logging_mixin.py:190} INFO - NWT: trích dữ liệu từ 2025-09-20 đến 2025-10-07
[2025-10-07T15:09:10.878+0000] {logging_mixin.py:190} INFO - Không tìm thấy dữ liệu cho NWT
[2025-10-07T15:09:10.880+0000] {logging_mixin.py:190} INFO - ℹ️ NWT: Không có dữ liệu mới.
[2025-10-07T15:09:10.881+0000] {logging_mixin.py:190} INFO - 🚦 Giới hạn API đạt mức tối đa, chờ 1.4s...
[2025-10-07T15:09:12.304+0000] {logging_mixin.py:190} INFO - ⬇️ Bắt đầu xử lý symbol = NVT
[2025-10-07T15:09:12.327+0000] {logging_mixin.py:190} INFO - ⚠️ Không đọc được file cũ NVT: 'date'
[2025-10-07T15:09:12.337+0000] {logging_mixin.py:190} INFO - NVT: trích dữ liệu từ 2025-10-07 đến 2025-10-07
[2025-10-07T15:09:16.885+0000] {logging_mixin.py:190} INFO - Không tìm thấy dữ liệu cho NVT
[2025-10-07T15:09:16.886+0000] {logging_mixin.py:190} INFO - ℹ️ NVT: Không có dữ liệu mới.
[2025-10-07T15:09:16.887+0000] {logging_mixin.py:190} INFO - 🚦 Giới hạn API đạt mức tối đa, chờ 0.9s...
[2025-10-07T15:09:17.760+0000] {logging_mixin.py:190} INFO - ⬇️ Bắt đầu xử lý symbol = NVP
[2025-10-07T15:09:17.778+0000] {logging_mixin.py:190} INFO - ⚠️ Không đọc được file cũ NVP: 'date'
[2025-10-07T15:09:17.784+0000] {logging_mixin.py:190} INFO - NVP: trích dữ liệu từ 2025-09-09 đến 2025-10-07
[2025-10-07T15:09:22.616+0000] {logging_mixin.py:190} INFO - Không tìm thấy dữ liệu cho NVP
[2025-10-07T15:09:22.617+0000] {logging_mixin.py:190} INFO - ℹ️ NVP: Không có dữ liệu mới.
[2025-10-07T15:09:22.618+0000] {logging_mixin.py:190} INFO - 🚦 Giới hạn API đạt mức tối đa, chờ 4.7s...
[2025-10-07T15:09:27.276+0000] {logging_mixin.py:190} INFO - ⬇️ Bắt đầu xử lý symbol = NVL
[2025-10-07T15:09:27.295+0000] {logging_mixin.py:190} INFO - ⚠️ Không đọc được file cũ NVL: 'date'
[2025-10-07T15:09:27.301+0000] {logging_mixin.py:190} INFO - NVL: trích dữ liệu từ 2025-10-08 đến 2025-10-07
[2025-10-07T15:09:31.972+0000] {logging_mixin.py:190} INFO - Không tìm thấy dữ liệu cho NVL
[2025-10-07T15:09:31.974+0000] {logging_mixin.py:190} INFO - ℹ️ NVL: Không có dữ liệu mới.
[2025-10-07T15:09:31.974+0000] {logging_mixin.py:190} INFO - ⬇️ Bắt đầu xử lý symbol = NVB
[2025-10-07T15:09:31.990+0000] {logging_mixin.py:190} INFO - ⚠️ Không đọc được file cũ NVB: 'date'
[2025-10-07T15:09:31.996+0000] {logging_mixin.py:190} INFO - NVB: trích dữ liệu từ 2025-10-08 đến 2025-10-07
[2025-10-07T15:09:36.612+0000] {logging_mixin.py:190} INFO - Không tìm thấy dữ liệu cho NVB
[2025-10-07T15:09:36.613+0000] {logging_mixin.py:190} INFO - ℹ️ NVB: Không có dữ liệu mới.
[2025-10-07T15:09:36.614+0000] {python.py:240} INFO - Done. Returned value was: None
[2025-10-07T15:09:36.622+0000] {taskinstance.py:341} INFO - ::group::Post task execution logs
[2025-10-07T15:09:36.622+0000] {taskinstance.py:353} INFO - Marking task as SUCCESS. dag_id=vnstock_weekly_etl_incremental, task_id=process_batch, run_id=manual__2025-10-07T10:44:44.201464+00:00, map_index=14, execution_date=20251007T104444, start_date=20251007T150005, end_date=20251007T150936
[2025-10-07T15:09:36.668+0000] {local_task_job_runner.py:266} INFO - Task exited with return code 0
[2025-10-07T15:09:36.794+0000] {taskinstance.py:3901} INFO - 0 downstream tasks scheduled from follow-on schedule check
[2025-10-07T15:09:36.798+0000] {local_task_job_runner.py:245} INFO - ::endgroup::
