[2025-10-07T10:36:21.982+0000] {local_task_job_runner.py:123} INFO - ::group::Pre task execution logs
[2025-10-07T10:36:22.027+0000] {taskinstance.py:2614} INFO - Dependencies all met for dep_context=non-requeueable deps ti=<TaskInstance: vnstock_weekly_etl_incremental.process_batch manual__2025-10-07T10:36:05.597506+00:00 map_index=10 [queued]>
[2025-10-07T10:36:22.072+0000] {taskinstance.py:2614} INFO - Dependencies all met for dep_context=requeueable deps ti=<TaskInstance: vnstock_weekly_etl_incremental.process_batch manual__2025-10-07T10:36:05.597506+00:00 map_index=10 [queued]>
[2025-10-07T10:36:22.074+0000] {taskinstance.py:2867} INFO - Starting attempt 1 of 3
[2025-10-07T10:36:22.129+0000] {taskinstance.py:2890} INFO - Executing <Mapped(_PythonDecoratedOperator): process_batch> on 2025-10-07 10:36:05.597506+00:00
[2025-10-07T10:36:22.182+0000] {logging_mixin.py:190} WARNING - /home/***/.local/lib/python3.12/site-packages/***/task/task_runner/standard_task_runner.py:70 DeprecationWarning: This process (pid=2685) is multi-threaded, use of fork() may lead to deadlocks in the child.
[2025-10-07T10:36:22.188+0000] {standard_task_runner.py:72} INFO - Started process 2866 to run task
[2025-10-07T10:36:22.189+0000] {standard_task_runner.py:104} INFO - Running: ['***', 'tasks', 'run', 'vnstock_weekly_etl_incremental', 'process_batch', 'manual__2025-10-07T10:36:05.597506+00:00', '--job-id', '86', '--raw', '--subdir', 'DAGS_FOLDER/dag.py', '--cfg-path', '/tmp/tmpkwtg6zx7', '--map-index', '10']
[2025-10-07T10:36:22.216+0000] {standard_task_runner.py:105} INFO - Job 86: Subtask process_batch
[2025-10-07T10:36:22.302+0000] {logging_mixin.py:190} WARNING - /home/***/.local/lib/python3.12/site-packages/***/settings.py:209 DeprecationWarning: The sql_alchemy_conn option in [core] has been moved to the sql_alchemy_conn option in [database] - the old setting has been used, but please update your config.
[2025-10-07T10:36:23.807+0000] {task_command.py:467} INFO - Running <TaskInstance: vnstock_weekly_etl_incremental.process_batch manual__2025-10-07T10:36:05.597506+00:00 map_index=10 [running]> on host e3278e0f0bbc
[2025-10-07T10:36:24.781+0000] {taskinstance.py:3134} INFO - Exporting env vars: AIRFLOW_CTX_DAG_OWNER='***' AIRFLOW_CTX_DAG_ID='vnstock_weekly_etl_incremental' AIRFLOW_CTX_TASK_ID='process_batch' AIRFLOW_CTX_EXECUTION_DATE='2025-10-07T10:36:05.597506+00:00' AIRFLOW_CTX_TRY_NUMBER='1' AIRFLOW_CTX_DAG_RUN_ID='manual__2025-10-07T10:36:05.597506+00:00'
[2025-10-07T10:36:24.789+0000] {taskinstance.py:732} INFO - ::endgroup::
[2025-10-07T10:36:24.812+0000] {logging_mixin.py:190} INFO - ⬇️ Xử lý symbol = SDG
[2025-10-07T10:36:25.217+0000] {logging_mixin.py:190} INFO - SDG: trích dữ liệu từ 2025-09-27 đến 2025-10-07
[2025-10-07T10:36:26.141+0000] {logging_mixin.py:190} INFO - Trích xuất 1 dòng mới cho SDG
[2025-10-07T10:36:26.212+0000] {logging_mixin.py:190} INFO - Append 1 dòng mới vào /opt/***/data/lake/SDG.csv
[2025-10-07T10:36:28.238+0000] {logging_mixin.py:190} INFO - ⬇️ Xử lý symbol = SDD
[2025-10-07T10:36:28.371+0000] {logging_mixin.py:190} INFO - SDD: trích dữ liệu từ 2025-10-04 đến 2025-10-07
[2025-10-07T10:36:32.996+0000] {logging_mixin.py:190} INFO - Không tìm thấy dữ liệu cho SDD
[2025-10-07T10:36:32.998+0000] {logging_mixin.py:190} INFO - Không có dữ liệu mới cho SDD
[2025-10-07T10:36:34.999+0000] {logging_mixin.py:190} INFO - ⬇️ Xử lý symbol = SDC
[2025-10-07T10:36:35.035+0000] {logging_mixin.py:190} INFO - SDC: trích dữ liệu từ 2025-10-01 đến 2025-10-07
[2025-10-07T10:36:39.858+0000] {logging_mixin.py:190} INFO - Không tìm thấy dữ liệu cho SDC
[2025-10-07T10:36:39.860+0000] {logging_mixin.py:190} INFO - Không có dữ liệu mới cho SDC
[2025-10-07T10:36:41.861+0000] {logging_mixin.py:190} INFO - ⬇️ Xử lý symbol = SDB
[2025-10-07T10:36:41.886+0000] {logging_mixin.py:190} INFO - SDB: trích dữ liệu từ 2024-07-26 đến 2025-10-07
[2025-10-07T10:36:47.389+0000] {logging_mixin.py:190} INFO - Không tìm thấy dữ liệu cho SDB
[2025-10-07T10:36:47.392+0000] {logging_mixin.py:190} INFO - Không có dữ liệu mới cho SDB
[2025-10-07T10:36:51.861+0000] {logging_mixin.py:190} INFO - ⬇️ Xử lý symbol = SDA
[2025-10-07T10:36:51.884+0000] {logging_mixin.py:190} INFO - SDA: trích dữ liệu từ 2025-10-04 đến 2025-10-07
[2025-10-07T10:36:56.407+0000] {logging_mixin.py:190} INFO - Không tìm thấy dữ liệu cho SDA
[2025-10-07T10:36:56.410+0000] {logging_mixin.py:190} INFO - Không có dữ liệu mới cho SDA
[2025-10-07T10:36:58.411+0000] {logging_mixin.py:190} INFO - ⚠️ Lỗi khi xử lý SD9: Bucket for item=vnstock with Rate limit=5/1.0m is already full
[2025-10-07T10:36:58.412+0000] {logging_mixin.py:190} INFO - ⚠️ Lỗi khi xử lý SD8: Bucket for item=vnstock with Rate limit=5/1.0m is already full
[2025-10-07T10:36:58.412+0000] {logging_mixin.py:190} INFO - ⚠️ Lỗi khi xử lý SD7: Bucket for item=vnstock with Rate limit=5/1.0m is already full
[2025-10-07T10:36:58.413+0000] {logging_mixin.py:190} INFO - ⚠️ Lỗi khi xử lý SD6: Bucket for item=vnstock with Rate limit=5/1.0m is already full
[2025-10-07T10:36:58.414+0000] {logging_mixin.py:190} INFO - ⚠️ Lỗi khi xử lý SD5: Bucket for item=vnstock with Rate limit=5/1.0m is already full
[2025-10-07T10:36:58.414+0000] {logging_mixin.py:190} INFO - ⚠️ Lỗi khi xử lý SD4: Bucket for item=vnstock with Rate limit=5/1.0m is already full
[2025-10-07T10:36:58.415+0000] {logging_mixin.py:190} INFO - ⚠️ Lỗi khi xử lý SD3: Bucket for item=vnstock with Rate limit=5/1.0m is already full
[2025-10-07T10:36:58.415+0000] {logging_mixin.py:190} INFO - ⚠️ Lỗi khi xử lý SD2: Bucket for item=vnstock with Rate limit=5/1.0m is already full
[2025-10-07T10:36:58.416+0000] {logging_mixin.py:190} INFO - ⚠️ Lỗi khi xử lý SD1: Bucket for item=vnstock with Rate limit=5/1.0m is already full
[2025-10-07T10:36:58.416+0000] {logging_mixin.py:190} INFO - ⚠️ Lỗi khi xử lý SCY: Bucket for item=vnstock with Rate limit=5/1.0m is already full
[2025-10-07T10:36:58.417+0000] {logging_mixin.py:190} INFO - ⚠️ Lỗi khi xử lý SCV: Bucket for item=vnstock with Rate limit=5/1.0m is already full
[2025-10-07T10:36:58.417+0000] {logging_mixin.py:190} INFO - ⚠️ Lỗi khi xử lý SCS: Bucket for item=vnstock with Rate limit=5/1.0m is already full
[2025-10-07T10:36:58.417+0000] {logging_mixin.py:190} INFO - ⚠️ Lỗi khi xử lý SCR: Bucket for item=vnstock with Rate limit=5/1.0m is already full
[2025-10-07T10:36:58.418+0000] {logging_mixin.py:190} INFO - ⚠️ Lỗi khi xử lý SCO: Bucket for item=vnstock with Rate limit=5/1.0m is already full
[2025-10-07T10:36:58.418+0000] {logging_mixin.py:190} INFO - ⚠️ Lỗi khi xử lý SCL: Bucket for item=vnstock with Rate limit=5/1.0m is already full
[2025-10-07T10:36:58.419+0000] {logging_mixin.py:190} INFO - ⚠️ Lỗi khi xử lý SCJ: Bucket for item=vnstock with Rate limit=5/1.0m is already full
[2025-10-07T10:36:58.419+0000] {logging_mixin.py:190} INFO - ⚠️ Lỗi khi xử lý SCI: Bucket for item=vnstock with Rate limit=5/1.0m is already full
[2025-10-07T10:36:58.419+0000] {logging_mixin.py:190} INFO - ⚠️ Lỗi khi xử lý SCG: Bucket for item=vnstock with Rate limit=5/1.0m is already full
[2025-10-07T10:36:58.419+0000] {logging_mixin.py:190} INFO - ⚠️ Lỗi khi xử lý SCD: Bucket for item=vnstock with Rate limit=5/1.0m is already full
[2025-10-07T10:36:58.420+0000] {logging_mixin.py:190} INFO - ⚠️ Lỗi khi xử lý SCC: Bucket for item=vnstock with Rate limit=5/1.0m is already full
[2025-10-07T10:36:58.420+0000] {logging_mixin.py:190} INFO - ⚠️ Lỗi khi xử lý SCA: Bucket for item=vnstock with Rate limit=5/1.0m is already full
[2025-10-07T10:36:58.421+0000] {logging_mixin.py:190} INFO - ⚠️ Lỗi khi xử lý SC5: Bucket for item=vnstock with Rate limit=5/1.0m is already full
[2025-10-07T10:36:58.421+0000] {logging_mixin.py:190} INFO - ⚠️ Lỗi khi xử lý SBV: Bucket for item=vnstock with Rate limit=5/1.0m is already full
[2025-10-07T10:36:58.422+0000] {logging_mixin.py:190} INFO - ⚠️ Lỗi khi xử lý SBT: Bucket for item=vnstock with Rate limit=5/1.0m is already full
[2025-10-07T10:36:58.422+0000] {logging_mixin.py:190} INFO - ⚠️ Lỗi khi xử lý SBS: Bucket for item=vnstock with Rate limit=5/1.0m is already full
[2025-10-07T10:36:58.423+0000] {logging_mixin.py:190} INFO - ⚠️ Lỗi khi xử lý SBR: Bucket for item=vnstock with Rate limit=5/1.0m is already full
[2025-10-07T10:36:58.423+0000] {logging_mixin.py:190} INFO - ⚠️ Lỗi khi xử lý SBM: Bucket for item=vnstock with Rate limit=5/1.0m is already full
[2025-10-07T10:36:58.424+0000] {logging_mixin.py:190} INFO - ⚠️ Lỗi khi xử lý SBL: Bucket for item=vnstock with Rate limit=5/1.0m is already full
[2025-10-07T10:36:58.424+0000] {logging_mixin.py:190} INFO - ⚠️ Lỗi khi xử lý SBH: Bucket for item=vnstock with Rate limit=5/1.0m is already full
[2025-10-07T10:36:58.424+0000] {logging_mixin.py:190} INFO - ⚠️ Lỗi khi xử lý SBG: Bucket for item=vnstock with Rate limit=5/1.0m is already full
[2025-10-07T10:36:58.425+0000] {logging_mixin.py:190} INFO - ⚠️ Lỗi khi xử lý SBD: Bucket for item=vnstock with Rate limit=5/1.0m is already full
[2025-10-07T10:36:58.425+0000] {logging_mixin.py:190} INFO - ⚠️ Lỗi khi xử lý SBB: Bucket for item=vnstock with Rate limit=5/1.0m is already full
[2025-10-07T10:36:58.425+0000] {logging_mixin.py:190} INFO - ⚠️ Lỗi khi xử lý SBA: Bucket for item=vnstock with Rate limit=5/1.0m is already full
[2025-10-07T10:36:58.426+0000] {logging_mixin.py:190} INFO - ⚠️ Lỗi khi xử lý SB1: Bucket for item=vnstock with Rate limit=5/1.0m is already full
[2025-10-07T10:36:58.426+0000] {logging_mixin.py:190} INFO - ⚠️ Lỗi khi xử lý SAV: Bucket for item=vnstock with Rate limit=5/1.0m is already full
[2025-10-07T10:36:58.426+0000] {logging_mixin.py:190} INFO - ⚠️ Lỗi khi xử lý SAS: Bucket for item=vnstock with Rate limit=5/1.0m is already full
[2025-10-07T10:36:58.427+0000] {logging_mixin.py:190} INFO - ⚠️ Lỗi khi xử lý SAP: Bucket for item=vnstock with Rate limit=5/1.0m is already full
[2025-10-07T10:36:58.427+0000] {logging_mixin.py:190} INFO - ⚠️ Lỗi khi xử lý SAM: Bucket for item=vnstock with Rate limit=5/1.0m is already full
[2025-10-07T10:36:58.427+0000] {logging_mixin.py:190} INFO - ⚠️ Lỗi khi xử lý SAL: Bucket for item=vnstock with Rate limit=5/1.0m is already full
[2025-10-07T10:36:58.427+0000] {logging_mixin.py:190} INFO - ⚠️ Lỗi khi xử lý SAF: Bucket for item=vnstock with Rate limit=5/1.0m is already full
[2025-10-07T10:36:58.428+0000] {logging_mixin.py:190} INFO - ⚠️ Lỗi khi xử lý SAC: Bucket for item=vnstock with Rate limit=5/1.0m is already full
[2025-10-07T10:36:58.428+0000] {logging_mixin.py:190} INFO - ⚠️ Lỗi khi xử lý SAB: Bucket for item=vnstock with Rate limit=5/1.0m is already full
[2025-10-07T10:36:58.429+0000] {logging_mixin.py:190} INFO - ⚠️ Lỗi khi xử lý S99: Bucket for item=vnstock with Rate limit=5/1.0m is already full
[2025-10-07T10:36:58.429+0000] {logging_mixin.py:190} INFO - ⚠️ Lỗi khi xử lý S96: Bucket for item=vnstock with Rate limit=5/1.0m is already full
[2025-10-07T10:36:58.430+0000] {logging_mixin.py:190} INFO - ⚠️ Lỗi khi xử lý S74: Bucket for item=vnstock with Rate limit=5/1.0m is already full
[2025-10-07T10:36:58.430+0000] {python.py:240} INFO - Done. Returned value was: None
[2025-10-07T10:36:58.444+0000] {taskinstance.py:341} INFO - ::group::Post task execution logs
[2025-10-07T10:36:58.445+0000] {taskinstance.py:353} INFO - Marking task as SUCCESS. dag_id=vnstock_weekly_etl_incremental, task_id=process_batch, run_id=manual__2025-10-07T10:36:05.597506+00:00, map_index=10, execution_date=20251007T103605, start_date=20251007T103622, end_date=20251007T103658
[2025-10-07T10:36:58.489+0000] {local_task_job_runner.py:266} INFO - Task exited with return code 0
[2025-10-07T10:36:58.504+0000] {taskinstance.py:3901} INFO - 0 downstream tasks scheduled from follow-on schedule check
[2025-10-07T10:36:58.507+0000] {local_task_job_runner.py:245} INFO - ::endgroup::
