[2025-10-07T10:17:28.706+0000] {local_task_job_runner.py:123} INFO - ::group::Pre task execution logs
[2025-10-07T10:17:28.745+0000] {taskinstance.py:2614} INFO - Dependencies all met for dep_context=non-requeueable deps ti=<TaskInstance: vnstock_weekly_etl_incremental.process_batch manual__2025-10-07T10:16:29.686945+00:00 map_index=31 [queued]>
[2025-10-07T10:17:28.767+0000] {taskinstance.py:2614} INFO - Dependencies all met for dep_context=requeueable deps ti=<TaskInstance: vnstock_weekly_etl_incremental.process_batch manual__2025-10-07T10:16:29.686945+00:00 map_index=31 [queued]>
[2025-10-07T10:17:28.769+0000] {taskinstance.py:2867} INFO - Starting attempt 1 of 3
[2025-10-07T10:17:28.793+0000] {taskinstance.py:2890} INFO - Executing <Mapped(_PythonDecoratedOperator): process_batch> on 2025-10-07 10:16:29.686945+00:00
[2025-10-07T10:17:28.810+0000] {logging_mixin.py:190} WARNING - /home/***/.local/lib/python3.12/site-packages/***/task/task_runner/standard_task_runner.py:70 DeprecationWarning: This process (pid=1161) is multi-threaded, use of fork() may lead to deadlocks in the child.
[2025-10-07T10:17:28.812+0000] {standard_task_runner.py:72} INFO - Started process 1243 to run task
[2025-10-07T10:17:28.812+0000] {standard_task_runner.py:104} INFO - Running: ['***', 'tasks', 'run', 'vnstock_weekly_etl_incremental', 'process_batch', 'manual__2025-10-07T10:16:29.686945+00:00', '--job-id', '76', '--raw', '--subdir', 'DAGS_FOLDER/dag.py', '--cfg-path', '/tmp/tmph786fo8z', '--map-index', '31']
[2025-10-07T10:17:28.814+0000] {standard_task_runner.py:105} INFO - Job 76: Subtask process_batch
[2025-10-07T10:17:28.832+0000] {logging_mixin.py:190} WARNING - /home/***/.local/lib/python3.12/site-packages/***/settings.py:209 DeprecationWarning: The sql_alchemy_conn option in [core] has been moved to the sql_alchemy_conn option in [database] - the old setting has been used, but please update your config.
[2025-10-07T10:17:29.173+0000] {task_command.py:467} INFO - Running <TaskInstance: vnstock_weekly_etl_incremental.process_batch manual__2025-10-07T10:16:29.686945+00:00 map_index=31 [running]> on host e3278e0f0bbc
[2025-10-07T10:17:29.306+0000] {taskinstance.py:3134} INFO - Exporting env vars: AIRFLOW_CTX_DAG_OWNER='***' AIRFLOW_CTX_DAG_ID='vnstock_weekly_etl_incremental' AIRFLOW_CTX_TASK_ID='process_batch' AIRFLOW_CTX_EXECUTION_DATE='2025-10-07T10:16:29.686945+00:00' AIRFLOW_CTX_TRY_NUMBER='1' AIRFLOW_CTX_DAG_RUN_ID='manual__2025-10-07T10:16:29.686945+00:00'
[2025-10-07T10:17:29.307+0000] {taskinstance.py:732} INFO - ::endgroup::
[2025-10-07T10:17:29.311+0000] {logging_mixin.py:190} INFO - ⚠️ Lỗi khi xử lý BUD: 'Limiter' object has no attribute 'ratelimit'
[2025-10-07T10:17:29.311+0000] {logging_mixin.py:190} INFO - ⚠️ Lỗi khi xử lý BTW: 'Limiter' object has no attribute 'ratelimit'
[2025-10-07T10:17:29.312+0000] {logging_mixin.py:190} INFO - ⚠️ Lỗi khi xử lý BTV: 'Limiter' object has no attribute 'ratelimit'
[2025-10-07T10:17:29.313+0000] {logging_mixin.py:190} INFO - ⚠️ Lỗi khi xử lý BTU: 'Limiter' object has no attribute 'ratelimit'
[2025-10-07T10:17:29.314+0000] {logging_mixin.py:190} INFO - ⚠️ Lỗi khi xử lý BTT: 'Limiter' object has no attribute 'ratelimit'
[2025-10-07T10:17:29.314+0000] {logging_mixin.py:190} INFO - ⚠️ Lỗi khi xử lý BTS: 'Limiter' object has no attribute 'ratelimit'
[2025-10-07T10:17:29.315+0000] {logging_mixin.py:190} INFO - ⚠️ Lỗi khi xử lý BTP: 'Limiter' object has no attribute 'ratelimit'
[2025-10-07T10:17:29.316+0000] {logging_mixin.py:190} INFO - ⚠️ Lỗi khi xử lý BTN: 'Limiter' object has no attribute 'ratelimit'
[2025-10-07T10:17:29.317+0000] {logging_mixin.py:190} INFO - ⚠️ Lỗi khi xử lý BTH: 'Limiter' object has no attribute 'ratelimit'
[2025-10-07T10:17:29.319+0000] {logging_mixin.py:190} INFO - ⚠️ Lỗi khi xử lý BTG: 'Limiter' object has no attribute 'ratelimit'
[2025-10-07T10:17:29.320+0000] {logging_mixin.py:190} INFO - ⚠️ Lỗi khi xử lý BTD: 'Limiter' object has no attribute 'ratelimit'
[2025-10-07T10:17:29.321+0000] {logging_mixin.py:190} INFO - ⚠️ Lỗi khi xử lý BTB: 'Limiter' object has no attribute 'ratelimit'
[2025-10-07T10:17:29.322+0000] {logging_mixin.py:190} INFO - ⚠️ Lỗi khi xử lý BT6: 'Limiter' object has no attribute 'ratelimit'
[2025-10-07T10:17:29.323+0000] {logging_mixin.py:190} INFO - ⚠️ Lỗi khi xử lý BT1: 'Limiter' object has no attribute 'ratelimit'
[2025-10-07T10:17:29.324+0000] {logging_mixin.py:190} INFO - ⚠️ Lỗi khi xử lý BST: 'Limiter' object has no attribute 'ratelimit'
[2025-10-07T10:17:29.325+0000] {logging_mixin.py:190} INFO - ⚠️ Lỗi khi xử lý BSR: 'Limiter' object has no attribute 'ratelimit'
[2025-10-07T10:17:29.325+0000] {logging_mixin.py:190} INFO - ⚠️ Lỗi khi xử lý BSQ: 'Limiter' object has no attribute 'ratelimit'
[2025-10-07T10:17:29.326+0000] {logging_mixin.py:190} INFO - ⚠️ Lỗi khi xử lý BSP: 'Limiter' object has no attribute 'ratelimit'
[2025-10-07T10:17:29.327+0000] {logging_mixin.py:190} INFO - ⚠️ Lỗi khi xử lý BSL: 'Limiter' object has no attribute 'ratelimit'
[2025-10-07T10:17:29.328+0000] {logging_mixin.py:190} INFO - ⚠️ Lỗi khi xử lý BSI: 'Limiter' object has no attribute 'ratelimit'
[2025-10-07T10:17:29.329+0000] {logging_mixin.py:190} INFO - ⚠️ Lỗi khi xử lý BSH: 'Limiter' object has no attribute 'ratelimit'
[2025-10-07T10:17:29.330+0000] {logging_mixin.py:190} INFO - ⚠️ Lỗi khi xử lý BSG: 'Limiter' object has no attribute 'ratelimit'
[2025-10-07T10:17:29.330+0000] {logging_mixin.py:190} INFO - ⚠️ Lỗi khi xử lý BSD: 'Limiter' object has no attribute 'ratelimit'
[2025-10-07T10:17:29.332+0000] {logging_mixin.py:190} INFO - ⚠️ Lỗi khi xử lý BSC: 'Limiter' object has no attribute 'ratelimit'
[2025-10-07T10:17:29.332+0000] {logging_mixin.py:190} INFO - ⚠️ Lỗi khi xử lý BSA: 'Limiter' object has no attribute 'ratelimit'
[2025-10-07T10:17:29.333+0000] {logging_mixin.py:190} INFO - ⚠️ Lỗi khi xử lý BRS: 'Limiter' object has no attribute 'ratelimit'
[2025-10-07T10:17:29.334+0000] {logging_mixin.py:190} INFO - ⚠️ Lỗi khi xử lý BRR: 'Limiter' object has no attribute 'ratelimit'
[2025-10-07T10:17:29.334+0000] {logging_mixin.py:190} INFO - ⚠️ Lỗi khi xử lý BRC: 'Limiter' object has no attribute 'ratelimit'
[2025-10-07T10:17:29.335+0000] {logging_mixin.py:190} INFO - ⚠️ Lỗi khi xử lý BQB: 'Limiter' object has no attribute 'ratelimit'
[2025-10-07T10:17:29.336+0000] {logging_mixin.py:190} INFO - ⚠️ Lỗi khi xử lý BPW: 'Limiter' object has no attribute 'ratelimit'
[2025-10-07T10:17:29.336+0000] {logging_mixin.py:190} INFO - ⚠️ Lỗi khi xử lý BPC: 'Limiter' object has no attribute 'ratelimit'
[2025-10-07T10:17:29.337+0000] {logging_mixin.py:190} INFO - ⚠️ Lỗi khi xử lý BOT: 'Limiter' object has no attribute 'ratelimit'
[2025-10-07T10:17:29.337+0000] {logging_mixin.py:190} INFO - ⚠️ Lỗi khi xử lý BNW: 'Limiter' object has no attribute 'ratelimit'
[2025-10-07T10:17:29.338+0000] {logging_mixin.py:190} INFO - ⚠️ Lỗi khi xử lý BNA: 'Limiter' object has no attribute 'ratelimit'
[2025-10-07T10:17:29.338+0000] {logging_mixin.py:190} INFO - ⚠️ Lỗi khi xử lý BMV: 'Limiter' object has no attribute 'ratelimit'
[2025-10-07T10:17:29.339+0000] {logging_mixin.py:190} INFO - ⚠️ Lỗi khi xử lý BMS: 'Limiter' object has no attribute 'ratelimit'
[2025-10-07T10:17:29.340+0000] {logging_mixin.py:190} INFO - ⚠️ Lỗi khi xử lý BMP: 'Limiter' object has no attribute 'ratelimit'
[2025-10-07T10:17:29.341+0000] {logging_mixin.py:190} INFO - ⚠️ Lỗi khi xử lý BMN: 'Limiter' object has no attribute 'ratelimit'
[2025-10-07T10:17:29.341+0000] {logging_mixin.py:190} INFO - ⚠️ Lỗi khi xử lý BMK: 'Limiter' object has no attribute 'ratelimit'
[2025-10-07T10:17:29.342+0000] {logging_mixin.py:190} INFO - ⚠️ Lỗi khi xử lý BMJ: 'Limiter' object has no attribute 'ratelimit'
[2025-10-07T10:17:29.342+0000] {logging_mixin.py:190} INFO - ⚠️ Lỗi khi xử lý BMI: 'Limiter' object has no attribute 'ratelimit'
[2025-10-07T10:17:29.343+0000] {logging_mixin.py:190} INFO - ⚠️ Lỗi khi xử lý BMG: 'Limiter' object has no attribute 'ratelimit'
[2025-10-07T10:17:29.344+0000] {logging_mixin.py:190} INFO - ⚠️ Lỗi khi xử lý BMF: 'Limiter' object has no attribute 'ratelimit'
[2025-10-07T10:17:29.344+0000] {logging_mixin.py:190} INFO - ⚠️ Lỗi khi xử lý BMD: 'Limiter' object has no attribute 'ratelimit'
[2025-10-07T10:17:29.345+0000] {logging_mixin.py:190} INFO - ⚠️ Lỗi khi xử lý BMC: 'Limiter' object has no attribute 'ratelimit'
[2025-10-07T10:17:29.345+0000] {logging_mixin.py:190} INFO - ⚠️ Lỗi khi xử lý BLW: 'Limiter' object has no attribute 'ratelimit'
[2025-10-07T10:17:29.346+0000] {logging_mixin.py:190} INFO - ⚠️ Lỗi khi xử lý BLU: 'Limiter' object has no attribute 'ratelimit'
[2025-10-07T10:17:29.346+0000] {logging_mixin.py:190} INFO - ⚠️ Lỗi khi xử lý BLT: 'Limiter' object has no attribute 'ratelimit'
[2025-10-07T10:17:29.347+0000] {logging_mixin.py:190} INFO - ⚠️ Lỗi khi xử lý BLN: 'Limiter' object has no attribute 'ratelimit'
[2025-10-07T10:17:29.348+0000] {logging_mixin.py:190} INFO - ⚠️ Lỗi khi xử lý BLI: 'Limiter' object has no attribute 'ratelimit'
[2025-10-07T10:17:29.348+0000] {python.py:240} INFO - Done. Returned value was: None
[2025-10-07T10:17:29.360+0000] {taskinstance.py:341} INFO - ::group::Post task execution logs
[2025-10-07T10:17:29.364+0000] {taskinstance.py:353} INFO - Marking task as SUCCESS. dag_id=vnstock_weekly_etl_incremental, task_id=process_batch, run_id=manual__2025-10-07T10:16:29.686945+00:00, map_index=31, execution_date=20251007T101629, start_date=20251007T101728, end_date=20251007T101729
[2025-10-07T10:17:29.516+0000] {local_task_job_runner.py:266} INFO - Task exited with return code 0
[2025-10-07T10:17:29.765+0000] {taskinstance.py:3901} INFO - 0 downstream tasks scheduled from follow-on schedule check
[2025-10-07T10:17:29.769+0000] {local_task_job_runner.py:245} INFO - ::endgroup::
