[2025-10-07T10:16:59.392+0000] {local_task_job_runner.py:123} INFO - ::group::Pre task execution logs
[2025-10-07T10:16:59.522+0000] {taskinstance.py:2614} INFO - Dependencies all met for dep_context=non-requeueable deps ti=<TaskInstance: vnstock_weekly_etl_incremental.process_batch manual__2025-10-07T10:01:57.519057+00:00 map_index=16 [queued]>
[2025-10-07T10:16:59.559+0000] {taskinstance.py:2614} INFO - Dependencies all met for dep_context=requeueable deps ti=<TaskInstance: vnstock_weekly_etl_incremental.process_batch manual__2025-10-07T10:01:57.519057+00:00 map_index=16 [queued]>
[2025-10-07T10:16:59.577+0000] {taskinstance.py:2867} INFO - Starting attempt 1 of 3
[2025-10-07T10:16:59.625+0000] {taskinstance.py:2890} INFO - Executing <Mapped(_PythonDecoratedOperator): process_batch> on 2025-10-07 10:01:57.519057+00:00
[2025-10-07T10:16:59.679+0000] {standard_task_runner.py:104} INFO - Running: ['***', 'tasks', 'run', 'vnstock_weekly_etl_incremental', 'process_batch', 'manual__2025-10-07T10:01:57.519057+00:00', '--job-id', '35', '--raw', '--subdir', 'DAGS_FOLDER/dag.py', '--cfg-path', '/tmp/tmps8mp5pm9', '--map-index', '16']
[2025-10-07T10:16:59.680+0000] {logging_mixin.py:190} WARNING - /home/***/.local/lib/python3.12/site-packages/***/task/task_runner/standard_task_runner.py:70 DeprecationWarning: This process (pid=516) is multi-threaded, use of fork() may lead to deadlocks in the child.
[2025-10-07T10:16:59.690+0000] {standard_task_runner.py:105} INFO - Job 35: Subtask process_batch
[2025-10-07T10:16:59.690+0000] {standard_task_runner.py:72} INFO - Started process 702 to run task
[2025-10-07T10:16:59.794+0000] {logging_mixin.py:190} WARNING - /home/***/.local/lib/python3.12/site-packages/***/settings.py:209 DeprecationWarning: The sql_alchemy_conn option in [core] has been moved to the sql_alchemy_conn option in [database] - the old setting has been used, but please update your config.
[2025-10-07T10:17:00.024+0000] {task_command.py:467} INFO - Running <TaskInstance: vnstock_weekly_etl_incremental.process_batch manual__2025-10-07T10:01:57.519057+00:00 map_index=16 [running]> on host e3278e0f0bbc
[2025-10-07T10:17:01.255+0000] {taskinstance.py:3134} INFO - Exporting env vars: AIRFLOW_CTX_DAG_OWNER='***' AIRFLOW_CTX_DAG_ID='vnstock_weekly_etl_incremental' AIRFLOW_CTX_TASK_ID='process_batch' AIRFLOW_CTX_EXECUTION_DATE='2025-10-07T10:01:57.519057+00:00' AIRFLOW_CTX_TRY_NUMBER='1' AIRFLOW_CTX_DAG_RUN_ID='manual__2025-10-07T10:01:57.519057+00:00'
[2025-10-07T10:17:01.259+0000] {taskinstance.py:732} INFO - ::endgroup::
[2025-10-07T10:17:01.263+0000] {logging_mixin.py:190} INFO - ⚠️ Lỗi khi xử lý ND2: 'Limiter' object has no attribute 'ratelimit'
[2025-10-07T10:17:01.267+0000] {logging_mixin.py:190} INFO - ⚠️ Lỗi khi xử lý NCT: 'Limiter' object has no attribute 'ratelimit'
[2025-10-07T10:17:01.270+0000] {logging_mixin.py:190} INFO - ⚠️ Lỗi khi xử lý NCS: 'Limiter' object has no attribute 'ratelimit'
[2025-10-07T10:17:01.272+0000] {logging_mixin.py:190} INFO - ⚠️ Lỗi khi xử lý NCG: 'Limiter' object has no attribute 'ratelimit'
[2025-10-07T10:17:01.272+0000] {logging_mixin.py:190} INFO - ⚠️ Lỗi khi xử lý NBW: 'Limiter' object has no attribute 'ratelimit'
[2025-10-07T10:17:01.274+0000] {logging_mixin.py:190} INFO - ⚠️ Lỗi khi xử lý NBT: 'Limiter' object has no attribute 'ratelimit'
[2025-10-07T10:17:01.278+0000] {logging_mixin.py:190} INFO - ⚠️ Lỗi khi xử lý NBP: 'Limiter' object has no attribute 'ratelimit'
[2025-10-07T10:17:01.279+0000] {logging_mixin.py:190} INFO - ⚠️ Lỗi khi xử lý NBE: 'Limiter' object has no attribute 'ratelimit'
[2025-10-07T10:17:01.279+0000] {logging_mixin.py:190} INFO - ⚠️ Lỗi khi xử lý NBC: 'Limiter' object has no attribute 'ratelimit'
[2025-10-07T10:17:01.279+0000] {logging_mixin.py:190} INFO - ⚠️ Lỗi khi xử lý NBB: 'Limiter' object has no attribute 'ratelimit'
[2025-10-07T10:17:01.280+0000] {logging_mixin.py:190} INFO - ⚠️ Lỗi khi xử lý NAW: 'Limiter' object has no attribute 'ratelimit'
[2025-10-07T10:17:01.281+0000] {logging_mixin.py:190} INFO - ⚠️ Lỗi khi xử lý NAV: 'Limiter' object has no attribute 'ratelimit'
[2025-10-07T10:17:01.282+0000] {logging_mixin.py:190} INFO - ⚠️ Lỗi khi xử lý NAU: 'Limiter' object has no attribute 'ratelimit'
[2025-10-07T10:17:01.284+0000] {logging_mixin.py:190} INFO - ⚠️ Lỗi khi xử lý NAS: 'Limiter' object has no attribute 'ratelimit'
[2025-10-07T10:17:01.285+0000] {logging_mixin.py:190} INFO - ⚠️ Lỗi khi xử lý NAP: 'Limiter' object has no attribute 'ratelimit'
[2025-10-07T10:17:01.286+0000] {logging_mixin.py:190} INFO - ⚠️ Lỗi khi xử lý NAG: 'Limiter' object has no attribute 'ratelimit'
[2025-10-07T10:17:01.287+0000] {logging_mixin.py:190} INFO - ⚠️ Lỗi khi xử lý NAF: 'Limiter' object has no attribute 'ratelimit'
[2025-10-07T10:17:01.288+0000] {logging_mixin.py:190} INFO - ⚠️ Lỗi khi xử lý NAC: 'Limiter' object has no attribute 'ratelimit'
[2025-10-07T10:17:01.289+0000] {logging_mixin.py:190} INFO - ⚠️ Lỗi khi xử lý NAB: 'Limiter' object has no attribute 'ratelimit'
[2025-10-07T10:17:01.291+0000] {logging_mixin.py:190} INFO - ⚠️ Lỗi khi xử lý MZG: 'Limiter' object has no attribute 'ratelimit'
[2025-10-07T10:17:01.292+0000] {logging_mixin.py:190} INFO - ⚠️ Lỗi khi xử lý MXC: 'Limiter' object has no attribute 'ratelimit'
[2025-10-07T10:17:01.292+0000] {logging_mixin.py:190} INFO - ⚠️ Lỗi khi xử lý MWG: 'Limiter' object has no attribute 'ratelimit'
[2025-10-07T10:17:01.296+0000] {logging_mixin.py:190} INFO - ⚠️ Lỗi khi xử lý MVN: 'Limiter' object has no attribute 'ratelimit'
[2025-10-07T10:17:01.296+0000] {logging_mixin.py:190} INFO - ⚠️ Lỗi khi xử lý MVC: 'Limiter' object has no attribute 'ratelimit'
[2025-10-07T10:17:01.297+0000] {logging_mixin.py:190} INFO - ⚠️ Lỗi khi xử lý MVB: 'Limiter' object has no attribute 'ratelimit'
[2025-10-07T10:17:01.298+0000] {logging_mixin.py:190} INFO - ⚠️ Lỗi khi xử lý MTX: 'Limiter' object has no attribute 'ratelimit'
[2025-10-07T10:17:01.301+0000] {logging_mixin.py:190} INFO - ⚠️ Lỗi khi xử lý MTV: 'Limiter' object has no attribute 'ratelimit'
[2025-10-07T10:17:01.302+0000] {logging_mixin.py:190} INFO - ⚠️ Lỗi khi xử lý MTS: 'Limiter' object has no attribute 'ratelimit'
[2025-10-07T10:17:01.303+0000] {logging_mixin.py:190} INFO - ⚠️ Lỗi khi xử lý MTP: 'Limiter' object has no attribute 'ratelimit'
[2025-10-07T10:17:01.304+0000] {logging_mixin.py:190} INFO - ⚠️ Lỗi khi xử lý MTL: 'Limiter' object has no attribute 'ratelimit'
[2025-10-07T10:17:01.304+0000] {logging_mixin.py:190} INFO - ⚠️ Lỗi khi xử lý MTH: 'Limiter' object has no attribute 'ratelimit'
[2025-10-07T10:17:01.304+0000] {logging_mixin.py:190} INFO - ⚠️ Lỗi khi xử lý MTG: 'Limiter' object has no attribute 'ratelimit'
[2025-10-07T10:17:01.305+0000] {logging_mixin.py:190} INFO - ⚠️ Lỗi khi xử lý MTC: 'Limiter' object has no attribute 'ratelimit'
[2025-10-07T10:17:01.306+0000] {logging_mixin.py:190} INFO - ⚠️ Lỗi khi xử lý MTB: 'Limiter' object has no attribute 'ratelimit'
[2025-10-07T10:17:01.306+0000] {logging_mixin.py:190} INFO - ⚠️ Lỗi khi xử lý MTA: 'Limiter' object has no attribute 'ratelimit'
[2025-10-07T10:17:01.307+0000] {logging_mixin.py:190} INFO - ⚠️ Lỗi khi xử lý MST: 'Limiter' object has no attribute 'ratelimit'
[2025-10-07T10:17:01.310+0000] {logging_mixin.py:190} INFO - ⚠️ Lỗi khi xử lý MSR: 'Limiter' object has no attribute 'ratelimit'
[2025-10-07T10:17:01.311+0000] {logging_mixin.py:190} INFO - ⚠️ Lỗi khi xử lý MSN: 'Limiter' object has no attribute 'ratelimit'
[2025-10-07T10:17:01.311+0000] {logging_mixin.py:190} INFO - ⚠️ Lỗi khi xử lý MSH: 'Limiter' object has no attribute 'ratelimit'
[2025-10-07T10:17:01.314+0000] {logging_mixin.py:190} INFO - ⚠️ Lỗi khi xử lý MSB: 'Limiter' object has no attribute 'ratelimit'
[2025-10-07T10:17:01.319+0000] {logging_mixin.py:190} INFO - ⚠️ Lỗi khi xử lý MRF: 'Limiter' object has no attribute 'ratelimit'
[2025-10-07T10:17:01.320+0000] {logging_mixin.py:190} INFO - ⚠️ Lỗi khi xử lý MQN: 'Limiter' object has no attribute 'ratelimit'
[2025-10-07T10:17:01.322+0000] {logging_mixin.py:190} INFO - ⚠️ Lỗi khi xử lý MQB: 'Limiter' object has no attribute 'ratelimit'
[2025-10-07T10:17:01.322+0000] {logging_mixin.py:190} INFO - ⚠️ Lỗi khi xử lý MPY: 'Limiter' object has no attribute 'ratelimit'
[2025-10-07T10:17:01.328+0000] {logging_mixin.py:190} INFO - ⚠️ Lỗi khi xử lý MPT: 'Limiter' object has no attribute 'ratelimit'
[2025-10-07T10:17:01.337+0000] {logging_mixin.py:190} INFO - ⚠️ Lỗi khi xử lý MPC: 'Limiter' object has no attribute 'ratelimit'
[2025-10-07T10:17:01.346+0000] {logging_mixin.py:190} INFO - ⚠️ Lỗi khi xử lý MND: 'Limiter' object has no attribute 'ratelimit'
[2025-10-07T10:17:01.353+0000] {logging_mixin.py:190} INFO - ⚠️ Lỗi khi xử lý MNB: 'Limiter' object has no attribute 'ratelimit'
[2025-10-07T10:17:01.357+0000] {logging_mixin.py:190} INFO - ⚠️ Lỗi khi xử lý MML: 'Limiter' object has no attribute 'ratelimit'
[2025-10-07T10:17:01.360+0000] {logging_mixin.py:190} INFO - ⚠️ Lỗi khi xử lý MLS: 'Limiter' object has no attribute 'ratelimit'
[2025-10-07T10:17:01.363+0000] {python.py:240} INFO - Done. Returned value was: None
[2025-10-07T10:17:01.386+0000] {taskinstance.py:341} INFO - ::group::Post task execution logs
[2025-10-07T10:17:01.397+0000] {taskinstance.py:353} INFO - Marking task as SUCCESS. dag_id=vnstock_weekly_etl_incremental, task_id=process_batch, run_id=manual__2025-10-07T10:01:57.519057+00:00, map_index=16, execution_date=20251007T100157, start_date=20251007T101659, end_date=20251007T101701
[2025-10-07T10:17:01.943+0000] {local_task_job_runner.py:266} INFO - Task exited with return code 0
[2025-10-07T10:17:02.001+0000] {local_task_job_runner.py:245} INFO - ::endgroup::
