[2025-10-07T10:37:06.813+0000] {local_task_job_runner.py:123} INFO - ::group::Pre task execution logs
[2025-10-07T10:37:06.838+0000] {taskinstance.py:2614} INFO - Dependencies all met for dep_context=non-requeueable deps ti=<TaskInstance: vnstock_weekly_etl_incremental.process_batch manual__2025-10-07T10:36:05.597506+00:00 map_index=33 [queued]>
[2025-10-07T10:37:06.852+0000] {taskinstance.py:2614} INFO - Dependencies all met for dep_context=requeueable deps ti=<TaskInstance: vnstock_weekly_etl_incremental.process_batch manual__2025-10-07T10:36:05.597506+00:00 map_index=33 [queued]>
[2025-10-07T10:37:06.853+0000] {taskinstance.py:2867} INFO - Starting attempt 1 of 3
[2025-10-07T10:37:06.868+0000] {taskinstance.py:2890} INFO - Executing <Mapped(_PythonDecoratedOperator): process_batch> on 2025-10-07 10:36:05.597506+00:00
[2025-10-07T10:37:06.877+0000] {logging_mixin.py:190} WARNING - /home/***/.local/lib/python3.12/site-packages/***/task/task_runner/standard_task_runner.py:70 DeprecationWarning: This process (pid=3161) is multi-threaded, use of fork() may lead to deadlocks in the child.
[2025-10-07T10:37:06.879+0000] {standard_task_runner.py:72} INFO - Started process 3185 to run task
[2025-10-07T10:37:06.879+0000] {standard_task_runner.py:104} INFO - Running: ['***', 'tasks', 'run', 'vnstock_weekly_etl_incremental', 'process_batch', 'manual__2025-10-07T10:36:05.597506+00:00', '--job-id', '116', '--raw', '--subdir', 'DAGS_FOLDER/dag.py', '--cfg-path', '/tmp/tmpetrp7psx', '--map-index', '33']
[2025-10-07T10:37:06.881+0000] {standard_task_runner.py:105} INFO - Job 116: Subtask process_batch
[2025-10-07T10:37:06.895+0000] {logging_mixin.py:190} WARNING - /home/***/.local/lib/python3.12/site-packages/***/settings.py:209 DeprecationWarning: The sql_alchemy_conn option in [core] has been moved to the sql_alchemy_conn option in [database] - the old setting has been used, but please update your config.
[2025-10-07T10:37:07.147+0000] {task_command.py:467} INFO - Running <TaskInstance: vnstock_weekly_etl_incremental.process_batch manual__2025-10-07T10:36:05.597506+00:00 map_index=33 [running]> on host e3278e0f0bbc
[2025-10-07T10:37:07.243+0000] {taskinstance.py:3134} INFO - Exporting env vars: AIRFLOW_CTX_DAG_OWNER='***' AIRFLOW_CTX_DAG_ID='vnstock_weekly_etl_incremental' AIRFLOW_CTX_TASK_ID='process_batch' AIRFLOW_CTX_EXECUTION_DATE='2025-10-07T10:36:05.597506+00:00' AIRFLOW_CTX_TRY_NUMBER='1' AIRFLOW_CTX_DAG_RUN_ID='manual__2025-10-07T10:36:05.597506+00:00'
[2025-10-07T10:37:07.244+0000] {taskinstance.py:732} INFO - ::endgroup::
[2025-10-07T10:37:07.247+0000] {logging_mixin.py:190} INFO - ⬇️ Xử lý symbol = AVC
[2025-10-07T10:37:07.275+0000] {logging_mixin.py:190} INFO - AVC: trích dữ liệu từ 2025-10-04 đến 2025-10-07
[2025-10-07T10:37:07.474+0000] {logging_mixin.py:190} INFO - Trích xuất 2 dòng mới cho AVC
[2025-10-07T10:37:07.485+0000] {logging_mixin.py:190} INFO - Append 2 dòng mới vào /opt/***/data/lake/AVC.csv
[2025-10-07T10:37:09.486+0000] {logging_mixin.py:190} INFO - ⬇️ Xử lý symbol = AUM
[2025-10-07T10:37:09.504+0000] {logging_mixin.py:190} INFO - AUM: trích dữ liệu từ 2022-07-29 đến 2025-10-07
[2025-10-07T10:37:14.043+0000] {logging_mixin.py:190} INFO - Không tìm thấy dữ liệu cho AUM
[2025-10-07T10:37:14.045+0000] {logging_mixin.py:190} INFO - Không có dữ liệu mới cho AUM
[2025-10-07T10:37:16.046+0000] {logging_mixin.py:190} INFO - ⬇️ Xử lý symbol = ATS
[2025-10-07T10:37:16.083+0000] {logging_mixin.py:190} INFO - ATS: trích dữ liệu từ 2025-10-03 đến 2025-10-07
[2025-10-07T10:37:20.638+0000] {logging_mixin.py:190} INFO - Không tìm thấy dữ liệu cho ATS
[2025-10-07T10:37:20.639+0000] {logging_mixin.py:190} INFO - Không có dữ liệu mới cho ATS
[2025-10-07T10:37:25.153+0000] {logging_mixin.py:190} INFO - ⬇️ Xử lý symbol = ATG
[2025-10-07T10:37:25.195+0000] {logging_mixin.py:190} INFO - ATG: trích dữ liệu từ 2025-10-04 đến 2025-10-07
[2025-10-07T10:37:29.743+0000] {logging_mixin.py:190} INFO - Không tìm thấy dữ liệu cho ATG
[2025-10-07T10:37:29.745+0000] {logging_mixin.py:190} INFO - Không có dữ liệu mới cho ATG
[2025-10-07T10:37:31.745+0000] {logging_mixin.py:190} INFO - ⬇️ Xử lý symbol = ATB
[2025-10-07T10:37:31.764+0000] {logging_mixin.py:190} INFO - ATB: trích dữ liệu từ 2025-05-31 đến 2025-10-07
[2025-10-07T10:37:36.379+0000] {logging_mixin.py:190} INFO - Không tìm thấy dữ liệu cho ATB
[2025-10-07T10:37:36.381+0000] {logging_mixin.py:190} INFO - Không có dữ liệu mới cho ATB
[2025-10-07T10:37:38.382+0000] {logging_mixin.py:190} INFO - ⚠️ Lỗi khi xử lý ATA: Bucket for item=vnstock with Rate limit=5/1.0m is already full
[2025-10-07T10:37:38.383+0000] {logging_mixin.py:190} INFO - ⚠️ Lỗi khi xử lý AST: Bucket for item=vnstock with Rate limit=5/1.0m is already full
[2025-10-07T10:37:38.384+0000] {logging_mixin.py:190} INFO - ⚠️ Lỗi khi xử lý ASP: Bucket for item=vnstock with Rate limit=5/1.0m is already full
[2025-10-07T10:37:38.384+0000] {logging_mixin.py:190} INFO - ⚠️ Lỗi khi xử lý ASM: Bucket for item=vnstock with Rate limit=5/1.0m is already full
[2025-10-07T10:37:38.385+0000] {logging_mixin.py:190} INFO - ⚠️ Lỗi khi xử lý ASG: Bucket for item=vnstock with Rate limit=5/1.0m is already full
[2025-10-07T10:37:38.385+0000] {logging_mixin.py:190} INFO - ⚠️ Lỗi khi xử lý ASA: Bucket for item=vnstock with Rate limit=5/1.0m is already full
[2025-10-07T10:37:38.385+0000] {logging_mixin.py:190} INFO - ⚠️ Lỗi khi xử lý ART: Bucket for item=vnstock with Rate limit=5/1.0m is already full
[2025-10-07T10:37:38.386+0000] {logging_mixin.py:190} INFO - ⚠️ Lỗi khi xử lý ARM: Bucket for item=vnstock with Rate limit=5/1.0m is already full
[2025-10-07T10:37:38.387+0000] {logging_mixin.py:190} INFO - ⚠️ Lỗi khi xử lý APT: Bucket for item=vnstock with Rate limit=5/1.0m is already full
[2025-10-07T10:37:38.388+0000] {logging_mixin.py:190} INFO - ⚠️ Lỗi khi xử lý APS: Bucket for item=vnstock with Rate limit=5/1.0m is already full
[2025-10-07T10:37:38.389+0000] {logging_mixin.py:190} INFO - ⚠️ Lỗi khi xử lý APP: Bucket for item=vnstock with Rate limit=5/1.0m is already full
[2025-10-07T10:37:38.389+0000] {logging_mixin.py:190} INFO - ⚠️ Lỗi khi xử lý APL: Bucket for item=vnstock with Rate limit=5/1.0m is already full
[2025-10-07T10:37:38.390+0000] {logging_mixin.py:190} INFO - ⚠️ Lỗi khi xử lý API: Bucket for item=vnstock with Rate limit=5/1.0m is already full
[2025-10-07T10:37:38.390+0000] {logging_mixin.py:190} INFO - ⚠️ Lỗi khi xử lý APH: Bucket for item=vnstock with Rate limit=5/1.0m is already full
[2025-10-07T10:37:38.391+0000] {logging_mixin.py:190} INFO - ⚠️ Lỗi khi xử lý APG: Bucket for item=vnstock with Rate limit=5/1.0m is already full
[2025-10-07T10:37:38.392+0000] {logging_mixin.py:190} INFO - ⚠️ Lỗi khi xử lý APF: Bucket for item=vnstock with Rate limit=5/1.0m is already full
[2025-10-07T10:37:38.392+0000] {logging_mixin.py:190} INFO - ⚠️ Lỗi khi xử lý APC: Bucket for item=vnstock with Rate limit=5/1.0m is already full
[2025-10-07T10:37:38.393+0000] {logging_mixin.py:190} INFO - ⚠️ Lỗi khi xử lý ANV: Bucket for item=vnstock with Rate limit=5/1.0m is already full
[2025-10-07T10:37:38.393+0000] {logging_mixin.py:190} INFO - ⚠️ Lỗi khi xử lý ANT: Bucket for item=vnstock with Rate limit=5/1.0m is already full
[2025-10-07T10:37:38.394+0000] {logging_mixin.py:190} INFO - ⚠️ Lỗi khi xử lý AMV: Bucket for item=vnstock with Rate limit=5/1.0m is already full
[2025-10-07T10:37:38.394+0000] {logging_mixin.py:190} INFO - ⚠️ Lỗi khi xử lý AMS: Bucket for item=vnstock with Rate limit=5/1.0m is already full
[2025-10-07T10:37:38.395+0000] {logging_mixin.py:190} INFO - ⚠️ Lỗi khi xử lý AMP: Bucket for item=vnstock with Rate limit=5/1.0m is already full
[2025-10-07T10:37:38.395+0000] {logging_mixin.py:190} INFO - ⚠️ Lỗi khi xử lý AME: Bucket for item=vnstock with Rate limit=5/1.0m is already full
[2025-10-07T10:37:38.395+0000] {logging_mixin.py:190} INFO - ⚠️ Lỗi khi xử lý AMD: Bucket for item=vnstock with Rate limit=5/1.0m is already full
[2025-10-07T10:37:38.396+0000] {logging_mixin.py:190} INFO - ⚠️ Lỗi khi xử lý AMC: Bucket for item=vnstock with Rate limit=5/1.0m is already full
[2025-10-07T10:37:38.397+0000] {logging_mixin.py:190} INFO - ⚠️ Lỗi khi xử lý ALV: Bucket for item=vnstock with Rate limit=5/1.0m is already full
[2025-10-07T10:37:38.397+0000] {logging_mixin.py:190} INFO - ⚠️ Lỗi khi xử lý ALT: Bucket for item=vnstock with Rate limit=5/1.0m is already full
[2025-10-07T10:37:38.397+0000] {logging_mixin.py:190} INFO - ⚠️ Lỗi khi xử lý AIG: Bucket for item=vnstock with Rate limit=5/1.0m is already full
[2025-10-07T10:37:38.398+0000] {logging_mixin.py:190} INFO - ⚠️ Lỗi khi xử lý AIC: Bucket for item=vnstock with Rate limit=5/1.0m is already full
[2025-10-07T10:37:38.398+0000] {logging_mixin.py:190} INFO - ⚠️ Lỗi khi xử lý AGX: Bucket for item=vnstock with Rate limit=5/1.0m is already full
[2025-10-07T10:37:38.398+0000] {logging_mixin.py:190} INFO - ⚠️ Lỗi khi xử lý AGR: Bucket for item=vnstock with Rate limit=5/1.0m is already full
[2025-10-07T10:37:38.399+0000] {logging_mixin.py:190} INFO - ⚠️ Lỗi khi xử lý AGP: Bucket for item=vnstock with Rate limit=5/1.0m is already full
[2025-10-07T10:37:38.399+0000] {logging_mixin.py:190} INFO - ⚠️ Lỗi khi xử lý AGM: Bucket for item=vnstock with Rate limit=5/1.0m is already full
[2025-10-07T10:37:38.400+0000] {logging_mixin.py:190} INFO - ⚠️ Lỗi khi xử lý AGG: Bucket for item=vnstock with Rate limit=5/1.0m is already full
[2025-10-07T10:37:38.400+0000] {logging_mixin.py:190} INFO - ⚠️ Lỗi khi xử lý AGF: Bucket for item=vnstock with Rate limit=5/1.0m is already full
[2025-10-07T10:37:38.400+0000] {logging_mixin.py:190} INFO - ⚠️ Lỗi khi xử lý AGE: Bucket for item=vnstock with Rate limit=5/1.0m is already full
[2025-10-07T10:37:38.401+0000] {logging_mixin.py:190} INFO - ⚠️ Lỗi khi xử lý AG1: Bucket for item=vnstock with Rate limit=5/1.0m is already full
[2025-10-07T10:37:38.401+0000] {logging_mixin.py:190} INFO - ⚠️ Lỗi khi xử lý AFX: Bucket for item=vnstock with Rate limit=5/1.0m is already full
[2025-10-07T10:37:38.402+0000] {logging_mixin.py:190} INFO - ⚠️ Lỗi khi xử lý ADS: Bucket for item=vnstock with Rate limit=5/1.0m is already full
[2025-10-07T10:37:38.402+0000] {logging_mixin.py:190} INFO - ⚠️ Lỗi khi xử lý ADP: Bucket for item=vnstock with Rate limit=5/1.0m is already full
[2025-10-07T10:37:38.403+0000] {logging_mixin.py:190} INFO - ⚠️ Lỗi khi xử lý ADG: Bucket for item=vnstock with Rate limit=5/1.0m is already full
[2025-10-07T10:37:38.404+0000] {logging_mixin.py:190} INFO - ⚠️ Lỗi khi xử lý ADC: Bucket for item=vnstock with Rate limit=5/1.0m is already full
[2025-10-07T10:37:38.405+0000] {logging_mixin.py:190} INFO - ⚠️ Lỗi khi xử lý ACV: Bucket for item=vnstock with Rate limit=5/1.0m is already full
[2025-10-07T10:37:38.405+0000] {logging_mixin.py:190} INFO - ⚠️ Lỗi khi xử lý ACS: Bucket for item=vnstock with Rate limit=5/1.0m is already full
[2025-10-07T10:37:38.406+0000] {logging_mixin.py:190} INFO - ⚠️ Lỗi khi xử lý ACM: Bucket for item=vnstock with Rate limit=5/1.0m is already full
[2025-10-07T10:37:38.406+0000] {python.py:240} INFO - Done. Returned value was: None
[2025-10-07T10:37:38.417+0000] {taskinstance.py:341} INFO - ::group::Post task execution logs
[2025-10-07T10:37:38.417+0000] {taskinstance.py:353} INFO - Marking task as SUCCESS. dag_id=vnstock_weekly_etl_incremental, task_id=process_batch, run_id=manual__2025-10-07T10:36:05.597506+00:00, map_index=33, execution_date=20251007T103605, start_date=20251007T103706, end_date=20251007T103738
[2025-10-07T10:37:38.496+0000] {local_task_job_runner.py:266} INFO - Task exited with return code 0
[2025-10-07T10:37:38.516+0000] {taskinstance.py:3901} INFO - 0 downstream tasks scheduled from follow-on schedule check
[2025-10-07T10:37:38.533+0000] {local_task_job_runner.py:245} INFO - ::endgroup::
