[2025-10-07T10:51:47.225+0000] {local_task_job_runner.py:123} INFO - ::group::Pre task execution logs
[2025-10-07T10:51:47.255+0000] {taskinstance.py:2614} INFO - Dependencies all met for dep_context=non-requeueable deps ti=<TaskInstance: vnstock_weekly_etl_incremental.process_batch manual__2025-10-07T10:41:48.387187+00:00 map_index=7 [queued]>
[2025-10-07T10:51:47.269+0000] {taskinstance.py:2614} INFO - Dependencies all met for dep_context=requeueable deps ti=<TaskInstance: vnstock_weekly_etl_incremental.process_batch manual__2025-10-07T10:41:48.387187+00:00 map_index=7 [queued]>
[2025-10-07T10:51:47.270+0000] {taskinstance.py:2867} INFO - Starting attempt 1 of 3
[2025-10-07T10:51:47.287+0000] {taskinstance.py:2890} INFO - Executing <Mapped(_PythonDecoratedOperator): process_batch> on 2025-10-07 10:41:48.387187+00:00
[2025-10-07T10:51:47.303+0000] {standard_task_runner.py:104} INFO - Running: ['***', 'tasks', 'run', 'vnstock_weekly_etl_incremental', 'process_batch', 'manual__2025-10-07T10:41:48.387187+00:00', '--job-id', '127', '--raw', '--subdir', 'DAGS_FOLDER/dag.py', '--cfg-path', '/tmp/tmp4g35uy8k', '--map-index', '7']
[2025-10-07T10:51:47.305+0000] {logging_mixin.py:190} WARNING - /home/***/.local/lib/python3.12/site-packages/***/task/task_runner/standard_task_runner.py:70 DeprecationWarning: This process (pid=4284) is multi-threaded, use of fork() may lead to deadlocks in the child.
[2025-10-07T10:51:47.308+0000] {standard_task_runner.py:105} INFO - Job 127: Subtask process_batch
[2025-10-07T10:51:47.308+0000] {standard_task_runner.py:72} INFO - Started process 4334 to run task
[2025-10-07T10:51:47.325+0000] {logging_mixin.py:190} WARNING - /home/***/.local/lib/python3.12/site-packages/***/settings.py:209 DeprecationWarning: The sql_alchemy_conn option in [core] has been moved to the sql_alchemy_conn option in [database] - the old setting has been used, but please update your config.
[2025-10-07T10:51:47.402+0000] {task_command.py:467} INFO - Running <TaskInstance: vnstock_weekly_etl_incremental.process_batch manual__2025-10-07T10:41:48.387187+00:00 map_index=7 [running]> on host e3278e0f0bbc
[2025-10-07T10:51:47.793+0000] {taskinstance.py:3134} INFO - Exporting env vars: AIRFLOW_CTX_DAG_OWNER='***' AIRFLOW_CTX_DAG_ID='vnstock_weekly_etl_incremental' AIRFLOW_CTX_TASK_ID='process_batch' AIRFLOW_CTX_EXECUTION_DATE='2025-10-07T10:41:48.387187+00:00' AIRFLOW_CTX_TRY_NUMBER='1' AIRFLOW_CTX_DAG_RUN_ID='manual__2025-10-07T10:41:48.387187+00:00'
[2025-10-07T10:51:47.798+0000] {taskinstance.py:732} INFO - ::endgroup::
[2025-10-07T10:51:47.801+0000] {logging_mixin.py:190} INFO - ⬇️ Bắt đầu xử lý symbol = TCW
[2025-10-07T10:51:47.817+0000] {logging_mixin.py:190} INFO - ⚠️ Không đọc được file cũ TCW: 'date'
[2025-10-07T10:51:47.839+0000] {logging_mixin.py:190} INFO - TCW: trích dữ liệu từ 2025-10-08 đến 2025-10-07
[2025-10-07T10:51:52.268+0000] {logging_mixin.py:190} INFO - Không tìm thấy dữ liệu cho TCW
[2025-10-07T10:51:52.269+0000] {logging_mixin.py:190} INFO - ℹ️ TCW: Không có dữ liệu mới.
[2025-10-07T10:51:52.270+0000] {logging_mixin.py:190} INFO - ⬇️ Bắt đầu xử lý symbol = TCT
[2025-10-07T10:51:52.276+0000] {logging_mixin.py:190} INFO - ⚠️ Không đọc được file cũ TCT: 'date'
[2025-10-07T10:51:52.283+0000] {logging_mixin.py:190} INFO - TCT: trích dữ liệu từ 2025-10-08 đến 2025-10-07
[2025-10-07T10:51:56.738+0000] {logging_mixin.py:190} INFO - Không tìm thấy dữ liệu cho TCT
[2025-10-07T10:51:56.740+0000] {logging_mixin.py:190} INFO - ℹ️ TCT: Không có dữ liệu mới.
[2025-10-07T10:51:56.740+0000] {logging_mixin.py:190} INFO - ⬇️ Bắt đầu xử lý symbol = TCR
[2025-10-07T10:51:56.747+0000] {logging_mixin.py:190} INFO - ⚠️ Không đọc được file cũ TCR: 'date'
[2025-10-07T10:51:56.759+0000] {logging_mixin.py:190} INFO - TCR: trích dữ liệu từ 2025-10-08 đến 2025-10-07
[2025-10-07T10:52:03.563+0000] {logging_mixin.py:190} INFO - Không tìm thấy dữ liệu cho TCR
[2025-10-07T10:52:03.564+0000] {logging_mixin.py:190} INFO - ℹ️ TCR: Không có dữ liệu mới.
[2025-10-07T10:52:03.564+0000] {logging_mixin.py:190} INFO - ⬇️ Bắt đầu xử lý symbol = TCO
[2025-10-07T10:52:03.570+0000] {logging_mixin.py:190} INFO - ⚠️ Không đọc được file cũ TCO: 'date'
[2025-10-07T10:52:03.577+0000] {logging_mixin.py:190} INFO - TCO: trích dữ liệu từ 2025-10-08 đến 2025-10-07
[2025-10-07T10:52:08.029+0000] {logging_mixin.py:190} INFO - Không tìm thấy dữ liệu cho TCO
[2025-10-07T10:52:08.030+0000] {logging_mixin.py:190} INFO - ℹ️ TCO: Không có dữ liệu mới.
[2025-10-07T10:52:08.031+0000] {logging_mixin.py:190} INFO - ⬇️ Bắt đầu xử lý symbol = TCM
[2025-10-07T10:52:08.037+0000] {logging_mixin.py:190} INFO - ⚠️ Không đọc được file cũ TCM: 'date'
[2025-10-07T10:52:08.043+0000] {logging_mixin.py:190} INFO - TCM: trích dữ liệu từ 2025-10-08 đến 2025-10-07
[2025-10-07T10:52:12.441+0000] {logging_mixin.py:190} INFO - Không tìm thấy dữ liệu cho TCM
[2025-10-07T10:52:12.442+0000] {logging_mixin.py:190} INFO - ℹ️ TCM: Không có dữ liệu mới.
[2025-10-07T10:52:12.442+0000] {logging_mixin.py:190} INFO - 🚦 Giới hạn API đạt mức tối đa, chờ 35.4s...
[2025-10-07T10:52:48.791+0000] {logging_mixin.py:190} INFO - ⬇️ Bắt đầu xử lý symbol = TCL
[2025-10-07T10:52:48.812+0000] {logging_mixin.py:190} INFO - ⚠️ Không đọc được file cũ TCL: 'date'
[2025-10-07T10:52:48.822+0000] {logging_mixin.py:190} INFO - TCL: trích dữ liệu từ 2025-10-04 đến 2025-10-07
[2025-10-07T10:52:48.827+0000] {client.py:83} ERROR - API request failed: HTTPSConnectionPool(host='trading.vietcap.com.vn', port=443): Max retries exceeded with url: /api/chart/OHLCChart/gap (Caused by NameResolutionError("<urllib3.connection.HTTPSConnection object at 0x7e619e937380>: Failed to resolve 'trading.vietcap.com.vn' ([Errno -2] Name or service not known)"))
[2025-10-07T10:52:50.834+0000] {client.py:83} ERROR - API request failed: HTTPSConnectionPool(host='trading.vietcap.com.vn', port=443): Max retries exceeded with url: /api/chart/OHLCChart/gap (Caused by NameResolutionError("<urllib3.connection.HTTPSConnection object at 0x7e619e7b0050>: Failed to resolve 'trading.vietcap.com.vn' ([Errno -2] Name or service not known)"))
[2025-10-07T10:52:52.853+0000] {client.py:83} ERROR - API request failed: HTTPSConnectionPool(host='trading.vietcap.com.vn', port=443): Max retries exceeded with url: /api/chart/OHLCChart/gap (Caused by NameResolutionError("<urllib3.connection.HTTPSConnection object at 0x7e619e7b0d70>: Failed to resolve 'trading.vietcap.com.vn' ([Errno -2] Name or service not known)"))
[2025-10-07T10:52:52.856+0000] {logging_mixin.py:190} INFO - Không tìm thấy dữ liệu cho TCL
[2025-10-07T10:52:52.861+0000] {logging_mixin.py:190} INFO - ℹ️ TCL: Không có dữ liệu mới.
[2025-10-07T10:52:52.863+0000] {logging_mixin.py:190} INFO - ⬇️ Bắt đầu xử lý symbol = TCK
[2025-10-07T10:52:52.938+0000] {logging_mixin.py:190} INFO - ⚠️ Không đọc được file cũ TCK: 'date'
[2025-10-07T10:52:52.969+0000] {logging_mixin.py:190} INFO - TCK: trích dữ liệu từ 2025-08-23 đến 2025-10-07
[2025-10-07T10:52:52.986+0000] {client.py:83} ERROR - API request failed: HTTPSConnectionPool(host='trading.vietcap.com.vn', port=443): Max retries exceeded with url: /api/chart/OHLCChart/gap (Caused by NameResolutionError("<urllib3.connection.HTTPSConnection object at 0x7e619e935be0>: Failed to resolve 'trading.vietcap.com.vn' ([Errno -2] Name or service not known)"))
[2025-10-07T10:52:55.002+0000] {client.py:83} ERROR - API request failed: HTTPSConnectionPool(host='trading.vietcap.com.vn', port=443): Max retries exceeded with url: /api/chart/OHLCChart/gap (Caused by NameResolutionError("<urllib3.connection.HTTPSConnection object at 0x7e619e996990>: Failed to resolve 'trading.vietcap.com.vn' ([Errno -2] Name or service not known)"))
[2025-10-07T10:52:57.016+0000] {client.py:83} ERROR - API request failed: HTTPSConnectionPool(host='trading.vietcap.com.vn', port=443): Max retries exceeded with url: /api/chart/OHLCChart/gap (Caused by NameResolutionError("<urllib3.connection.HTTPSConnection object at 0x7e619e7b11c0>: Failed to resolve 'trading.vietcap.com.vn' ([Errno -2] Name or service not known)"))
[2025-10-07T10:52:57.020+0000] {logging_mixin.py:190} INFO - Không tìm thấy dữ liệu cho TCK
[2025-10-07T10:52:57.023+0000] {logging_mixin.py:190} INFO - ℹ️ TCK: Không có dữ liệu mới.
[2025-10-07T10:52:57.025+0000] {logging_mixin.py:190} INFO - ⬇️ Bắt đầu xử lý symbol = TCJ
[2025-10-07T10:52:57.097+0000] {logging_mixin.py:190} INFO - ⚠️ Không đọc được file cũ TCJ: 'date'
[2025-10-07T10:52:57.133+0000] {logging_mixin.py:190} INFO - TCJ: trích dữ liệu từ 2025-08-09 đến 2025-10-07
[2025-10-07T10:52:57.149+0000] {client.py:83} ERROR - API request failed: HTTPSConnectionPool(host='trading.vietcap.com.vn', port=443): Max retries exceeded with url: /api/chart/OHLCChart/gap (Caused by NameResolutionError("<urllib3.connection.HTTPSConnection object at 0x7e619e894cb0>: Failed to resolve 'trading.vietcap.com.vn' ([Errno -2] Name or service not known)"))
[2025-10-07T10:52:59.162+0000] {client.py:83} ERROR - API request failed: HTTPSConnectionPool(host='trading.vietcap.com.vn', port=443): Max retries exceeded with url: /api/chart/OHLCChart/gap (Caused by NameResolutionError("<urllib3.connection.HTTPSConnection object at 0x7e619e935940>: Failed to resolve 'trading.vietcap.com.vn' ([Errno -2] Name or service not known)"))
[2025-10-07T10:53:01.176+0000] {client.py:83} ERROR - API request failed: HTTPSConnectionPool(host='trading.vietcap.com.vn', port=443): Max retries exceeded with url: /api/chart/OHLCChart/gap (Caused by NameResolutionError("<urllib3.connection.HTTPSConnection object at 0x7e619e937470>: Failed to resolve 'trading.vietcap.com.vn' ([Errno -2] Name or service not known)"))
[2025-10-07T10:53:01.178+0000] {logging_mixin.py:190} INFO - Không tìm thấy dữ liệu cho TCJ
[2025-10-07T10:53:01.185+0000] {logging_mixin.py:190} INFO - ℹ️ TCJ: Không có dữ liệu mới.
[2025-10-07T10:53:01.188+0000] {logging_mixin.py:190} INFO - 🚦 Giới hạn API đạt mức tối đa, chờ 2.4s...
[2025-10-07T10:53:05.849+0000] {logging_mixin.py:190} INFO - ⬇️ Bắt đầu xử lý symbol = TCI
[2025-10-07T10:53:05.919+0000] {logging_mixin.py:190} INFO - ⚠️ Không đọc được file cũ TCI: 'date'
[2025-10-07T10:53:05.951+0000] {logging_mixin.py:190} INFO - TCI: trích dữ liệu từ 2025-10-04 đến 2025-10-07
[2025-10-07T10:53:05.966+0000] {client.py:83} ERROR - API request failed: HTTPSConnectionPool(host='trading.vietcap.com.vn', port=443): Max retries exceeded with url: /api/chart/OHLCChart/gap (Caused by NameResolutionError("<urllib3.connection.HTTPSConnection object at 0x7e619e7b32f0>: Failed to resolve 'trading.vietcap.com.vn' ([Errno -2] Name or service not known)"))
[2025-10-07T10:53:07.981+0000] {client.py:83} ERROR - API request failed: HTTPSConnectionPool(host='trading.vietcap.com.vn', port=443): Max retries exceeded with url: /api/chart/OHLCChart/gap (Caused by NameResolutionError("<urllib3.connection.HTTPSConnection object at 0x7e619e936270>: Failed to resolve 'trading.vietcap.com.vn' ([Errno -2] Name or service not known)"))
[2025-10-07T10:53:09.996+0000] {client.py:83} ERROR - API request failed: HTTPSConnectionPool(host='trading.vietcap.com.vn', port=443): Max retries exceeded with url: /api/chart/OHLCChart/gap (Caused by NameResolutionError("<urllib3.connection.HTTPSConnection object at 0x7e619e894e00>: Failed to resolve 'trading.vietcap.com.vn' ([Errno -2] Name or service not known)"))
[2025-10-07T10:53:10.003+0000] {logging_mixin.py:190} INFO - Không tìm thấy dữ liệu cho TCI
[2025-10-07T10:53:10.009+0000] {logging_mixin.py:190} INFO - ℹ️ TCI: Không có dữ liệu mới.
[2025-10-07T10:53:10.012+0000] {logging_mixin.py:190} INFO - ⬇️ Bắt đầu xử lý symbol = TCH
[2025-10-07T10:53:10.081+0000] {logging_mixin.py:190} INFO - ⚠️ Không đọc được file cũ TCH: 'date'
[2025-10-07T10:53:10.098+0000] {logging_mixin.py:190} INFO - TCH: trích dữ liệu từ 2025-10-04 đến 2025-10-07
[2025-10-07T10:53:10.104+0000] {client.py:83} ERROR - API request failed: HTTPSConnectionPool(host='trading.vietcap.com.vn', port=443): Max retries exceeded with url: /api/chart/OHLCChart/gap (Caused by NameResolutionError("<urllib3.connection.HTTPSConnection object at 0x7e619e7c0650>: Failed to resolve 'trading.vietcap.com.vn' ([Errno -2] Name or service not known)"))
[2025-10-07T10:53:12.118+0000] {client.py:83} ERROR - API request failed: HTTPSConnectionPool(host='trading.vietcap.com.vn', port=443): Max retries exceeded with url: /api/chart/OHLCChart/gap (Caused by NameResolutionError("<urllib3.connection.HTTPSConnection object at 0x7e619e7c13a0>: Failed to resolve 'trading.vietcap.com.vn' ([Errno -2] Name or service not known)"))
[2025-10-07T10:53:14.132+0000] {client.py:83} ERROR - API request failed: HTTPSConnectionPool(host='trading.vietcap.com.vn', port=443): Max retries exceeded with url: /api/chart/OHLCChart/gap (Caused by NameResolutionError("<urllib3.connection.HTTPSConnection object at 0x7e619e7b1bb0>: Failed to resolve 'trading.vietcap.com.vn' ([Errno -2] Name or service not known)"))
[2025-10-07T10:53:14.135+0000] {logging_mixin.py:190} INFO - Không tìm thấy dữ liệu cho TCH
[2025-10-07T10:53:14.138+0000] {logging_mixin.py:190} INFO - ℹ️ TCH: Không có dữ liệu mới.
[2025-10-07T10:53:14.146+0000] {logging_mixin.py:190} INFO - 🚦 Giới hạn API đạt mức tối đa, chờ 34.6s...
[2025-10-07T10:53:49.838+0000] {logging_mixin.py:190} INFO - ⬇️ Bắt đầu xử lý symbol = TCD
[2025-10-07T10:53:49.880+0000] {logging_mixin.py:190} INFO - ⚠️ Không đọc được file cũ TCD: 'date'
[2025-10-07T10:53:49.898+0000] {logging_mixin.py:190} INFO - TCD: trích dữ liệu từ 2025-10-04 đến 2025-10-07
[2025-10-07T10:53:49.906+0000] {client.py:83} ERROR - API request failed: HTTPSConnectionPool(host='trading.vietcap.com.vn', port=443): Max retries exceeded with url: /api/chart/OHLCChart/gap (Caused by NameResolutionError("<urllib3.connection.HTTPSConnection object at 0x7e619e7c02f0>: Failed to resolve 'trading.vietcap.com.vn' ([Errno -2] Name or service not known)"))
[2025-10-07T10:53:51.924+0000] {client.py:83} ERROR - API request failed: HTTPSConnectionPool(host='trading.vietcap.com.vn', port=443): Max retries exceeded with url: /api/chart/OHLCChart/gap (Caused by NameResolutionError("<urllib3.connection.HTTPSConnection object at 0x7e619e7c2480>: Failed to resolve 'trading.vietcap.com.vn' ([Errno -2] Name or service not known)"))
[2025-10-07T10:53:54.041+0000] {client.py:83} ERROR - API request failed: HTTPSConnectionPool(host='trading.vietcap.com.vn', port=443): Max retries exceeded with url: /api/chart/OHLCChart/gap (Caused by NameResolutionError("<urllib3.connection.HTTPSConnection object at 0x7e619e7c3e00>: Failed to resolve 'trading.vietcap.com.vn' ([Errno -2] Name or service not known)"))
[2025-10-07T10:53:54.045+0000] {logging_mixin.py:190} INFO - Không tìm thấy dữ liệu cho TCD
[2025-10-07T10:53:54.051+0000] {logging_mixin.py:190} INFO - ℹ️ TCD: Không có dữ liệu mới.
[2025-10-07T10:53:54.054+0000] {logging_mixin.py:190} INFO - ⬇️ Bắt đầu xử lý symbol = TCB
[2025-10-07T10:53:54.128+0000] {logging_mixin.py:190} INFO - ⚠️ Không đọc được file cũ TCB: 'date'
[2025-10-07T10:53:54.168+0000] {logging_mixin.py:190} INFO - TCB: trích dữ liệu từ 2025-10-04 đến 2025-10-07
[2025-10-07T10:53:54.188+0000] {client.py:83} ERROR - API request failed: HTTPSConnectionPool(host='trading.vietcap.com.vn', port=443): Max retries exceeded with url: /api/chart/OHLCChart/gap (Caused by NameResolutionError("<urllib3.connection.HTTPSConnection object at 0x7e619e7ecc50>: Failed to resolve 'trading.vietcap.com.vn' ([Errno -2] Name or service not known)"))
[2025-10-07T10:53:56.197+0000] {client.py:83} ERROR - API request failed: HTTPSConnectionPool(host='trading.vietcap.com.vn', port=443): Max retries exceeded with url: /api/chart/OHLCChart/gap (Caused by NameResolutionError("<urllib3.connection.HTTPSConnection object at 0x7e619e7ee480>: Failed to resolve 'trading.vietcap.com.vn' ([Errno -2] Name or service not known)"))
[2025-10-07T10:53:58.214+0000] {client.py:83} ERROR - API request failed: HTTPSConnectionPool(host='trading.vietcap.com.vn', port=443): Max retries exceeded with url: /api/chart/OHLCChart/gap (Caused by NameResolutionError("<urllib3.connection.HTTPSConnection object at 0x7e619e7c3a10>: Failed to resolve 'trading.vietcap.com.vn' ([Errno -2] Name or service not known)"))
[2025-10-07T10:53:58.217+0000] {logging_mixin.py:190} INFO - Không tìm thấy dữ liệu cho TCB
[2025-10-07T10:53:58.226+0000] {logging_mixin.py:190} INFO - ℹ️ TCB: Không có dữ liệu mới.
[2025-10-07T10:53:58.229+0000] {logging_mixin.py:190} INFO - ⬇️ Bắt đầu xử lý symbol = TC6
[2025-10-07T10:53:58.304+0000] {logging_mixin.py:190} INFO - ⚠️ Không đọc được file cũ TC6: 'date'
[2025-10-07T10:53:58.341+0000] {logging_mixin.py:190} INFO - TC6: trích dữ liệu từ 2024-06-25 đến 2025-10-07
[2025-10-07T10:53:58.364+0000] {client.py:83} ERROR - API request failed: HTTPSConnectionPool(host='trading.vietcap.com.vn', port=443): Max retries exceeded with url: /api/chart/OHLCChart/gap (Caused by NameResolutionError("<urllib3.connection.HTTPSConnection object at 0x7e619e7ec8c0>: Failed to resolve 'trading.vietcap.com.vn' ([Errno -2] Name or service not known)"))
[2025-10-07T10:54:00.382+0000] {client.py:83} ERROR - API request failed: HTTPSConnectionPool(host='trading.vietcap.com.vn', port=443): Max retries exceeded with url: /api/chart/OHLCChart/gap (Caused by NameResolutionError("<urllib3.connection.HTTPSConnection object at 0x7e619e7ed7f0>: Failed to resolve 'trading.vietcap.com.vn' ([Errno -2] Name or service not known)"))
[2025-10-07T10:54:02.407+0000] {client.py:83} ERROR - API request failed: HTTPSConnectionPool(host='trading.vietcap.com.vn', port=443): Max retries exceeded with url: /api/chart/OHLCChart/gap (Caused by NameResolutionError("<urllib3.connection.HTTPSConnection object at 0x7e619e7ec530>: Failed to resolve 'trading.vietcap.com.vn' ([Errno -2] Name or service not known)"))
[2025-10-07T10:54:02.410+0000] {logging_mixin.py:190} INFO - Không tìm thấy dữ liệu cho TC6
[2025-10-07T10:54:02.418+0000] {logging_mixin.py:190} INFO - ℹ️ TC6: Không có dữ liệu mới.
[2025-10-07T10:54:02.420+0000] {logging_mixin.py:190} INFO - 🚦 Giới hạn API đạt mức tối đa, chờ 3.4s...
[2025-10-07T10:54:06.951+0000] {logging_mixin.py:190} INFO - ⬇️ Bắt đầu xử lý symbol = TBX
[2025-10-07T10:54:07.033+0000] {logging_mixin.py:190} INFO - ⚠️ Không đọc được file cũ TBX: 'date'
[2025-10-07T10:54:07.072+0000] {logging_mixin.py:190} INFO - TBX: trích dữ liệu từ 2025-09-13 đến 2025-10-07
[2025-10-07T10:54:07.088+0000] {client.py:83} ERROR - API request failed: HTTPSConnectionPool(host='trading.vietcap.com.vn', port=443): Max retries exceeded with url: /api/chart/OHLCChart/gap (Caused by NameResolutionError("<urllib3.connection.HTTPSConnection object at 0x7e619e7c1a60>: Failed to resolve 'trading.vietcap.com.vn' ([Errno -2] Name or service not known)"))
[2025-10-07T10:54:09.105+0000] {client.py:83} ERROR - API request failed: HTTPSConnectionPool(host='trading.vietcap.com.vn', port=443): Max retries exceeded with url: /api/chart/OHLCChart/gap (Caused by NameResolutionError("<urllib3.connection.HTTPSConnection object at 0x7e619e7c19a0>: Failed to resolve 'trading.vietcap.com.vn' ([Errno -2] Name or service not known)"))
[2025-10-07T10:54:11.110+0000] {client.py:83} ERROR - API request failed: HTTPSConnectionPool(host='trading.vietcap.com.vn', port=443): Max retries exceeded with url: /api/chart/OHLCChart/gap (Caused by NameResolutionError("<urllib3.connection.HTTPSConnection object at 0x7e619e9bedb0>: Failed to resolve 'trading.vietcap.com.vn' ([Errno -2] Name or service not known)"))
[2025-10-07T10:54:11.111+0000] {logging_mixin.py:190} INFO - Không tìm thấy dữ liệu cho TBX
[2025-10-07T10:54:11.115+0000] {logging_mixin.py:190} INFO - ℹ️ TBX: Không có dữ liệu mới.
[2025-10-07T10:54:11.116+0000] {logging_mixin.py:190} INFO - ⬇️ Bắt đầu xử lý symbol = TBW
[2025-10-07T10:54:11.153+0000] {logging_mixin.py:190} INFO - ⚠️ Không đọc được file cũ TBW: 'date'
[2025-10-07T10:54:11.163+0000] {logging_mixin.py:190} INFO - TBW: trích dữ liệu từ 2025-06-11 đến 2025-10-07
[2025-10-07T10:54:11.170+0000] {client.py:83} ERROR - API request failed: HTTPSConnectionPool(host='trading.vietcap.com.vn', port=443): Max retries exceeded with url: /api/chart/OHLCChart/gap (Caused by NameResolutionError("<urllib3.connection.HTTPSConnection object at 0x7e619e927d10>: Failed to resolve 'trading.vietcap.com.vn' ([Errno -2] Name or service not known)"))
[2025-10-07T10:54:13.184+0000] {client.py:83} ERROR - API request failed: HTTPSConnectionPool(host='trading.vietcap.com.vn', port=443): Max retries exceeded with url: /api/chart/OHLCChart/gap (Caused by NameResolutionError("<urllib3.connection.HTTPSConnection object at 0x7e619e7c02c0>: Failed to resolve 'trading.vietcap.com.vn' ([Errno -2] Name or service not known)"))
[2025-10-07T10:54:15.194+0000] {client.py:83} ERROR - API request failed: HTTPSConnectionPool(host='trading.vietcap.com.vn', port=443): Max retries exceeded with url: /api/chart/OHLCChart/gap (Caused by NameResolutionError("<urllib3.connection.HTTPSConnection object at 0x7e619e7c1400>: Failed to resolve 'trading.vietcap.com.vn' ([Errno -2] Name or service not known)"))
[2025-10-07T10:54:15.196+0000] {logging_mixin.py:190} INFO - Không tìm thấy dữ liệu cho TBW
[2025-10-07T10:54:15.199+0000] {logging_mixin.py:190} INFO - ℹ️ TBW: Không có dữ liệu mới.
[2025-10-07T10:54:15.199+0000] {logging_mixin.py:190} INFO - 🚦 Giới hạn API đạt mức tối đa, chờ 34.6s...
[2025-10-07T10:54:50.395+0000] {logging_mixin.py:190} INFO - ⬇️ Bắt đầu xử lý symbol = TBT
[2025-10-07T10:54:50.461+0000] {logging_mixin.py:190} INFO - ⚠️ Không đọc được file cũ TBT: 'date'
[2025-10-07T10:54:50.471+0000] {logging_mixin.py:190} INFO - TBT: trích dữ liệu từ 2024-07-26 đến 2025-10-07
[2025-10-07T10:54:50.479+0000] {client.py:83} ERROR - API request failed: HTTPSConnectionPool(host='trading.vietcap.com.vn', port=443): Max retries exceeded with url: /api/chart/OHLCChart/gap (Caused by NameResolutionError("<urllib3.connection.HTTPSConnection object at 0x7e619e7b2cc0>: Failed to resolve 'trading.vietcap.com.vn' ([Errno -2] Name or service not known)"))
[2025-10-07T10:54:52.492+0000] {client.py:83} ERROR - API request failed: HTTPSConnectionPool(host='trading.vietcap.com.vn', port=443): Max retries exceeded with url: /api/chart/OHLCChart/gap (Caused by NameResolutionError("<urllib3.connection.HTTPSConnection object at 0x7e619e7b31d0>: Failed to resolve 'trading.vietcap.com.vn' ([Errno -2] Name or service not known)"))
[2025-10-07T10:54:54.510+0000] {client.py:83} ERROR - API request failed: HTTPSConnectionPool(host='trading.vietcap.com.vn', port=443): Max retries exceeded with url: /api/chart/OHLCChart/gap (Caused by NameResolutionError("<urllib3.connection.HTTPSConnection object at 0x7e619e7c2210>: Failed to resolve 'trading.vietcap.com.vn' ([Errno -2] Name or service not known)"))
[2025-10-07T10:54:54.513+0000] {logging_mixin.py:190} INFO - Không tìm thấy dữ liệu cho TBT
[2025-10-07T10:54:54.518+0000] {logging_mixin.py:190} INFO - ℹ️ TBT: Không có dữ liệu mới.
[2025-10-07T10:54:54.520+0000] {logging_mixin.py:190} INFO - ⬇️ Bắt đầu xử lý symbol = TBR
[2025-10-07T10:54:54.584+0000] {logging_mixin.py:190} INFO - ⚠️ Không đọc được file cũ TBR: 'date'
[2025-10-07T10:54:54.622+0000] {logging_mixin.py:190} INFO - TBR: trích dữ liệu từ 2025-10-01 đến 2025-10-07
[2025-10-07T10:54:54.637+0000] {client.py:83} ERROR - API request failed: HTTPSConnectionPool(host='trading.vietcap.com.vn', port=443): Max retries exceeded with url: /api/chart/OHLCChart/gap (Caused by NameResolutionError("<urllib3.connection.HTTPSConnection object at 0x7e619e7b32f0>: Failed to resolve 'trading.vietcap.com.vn' ([Errno -2] Name or service not known)"))
[2025-10-07T10:54:56.655+0000] {client.py:83} ERROR - API request failed: HTTPSConnectionPool(host='trading.vietcap.com.vn', port=443): Max retries exceeded with url: /api/chart/OHLCChart/gap (Caused by NameResolutionError("<urllib3.connection.HTTPSConnection object at 0x7e619e7b1820>: Failed to resolve 'trading.vietcap.com.vn' ([Errno -2] Name or service not known)"))
[2025-10-07T10:54:58.670+0000] {client.py:83} ERROR - API request failed: HTTPSConnectionPool(host='trading.vietcap.com.vn', port=443): Max retries exceeded with url: /api/chart/OHLCChart/gap (Caused by NameResolutionError("<urllib3.connection.HTTPSConnection object at 0x7e619e7b2d50>: Failed to resolve 'trading.vietcap.com.vn' ([Errno -2] Name or service not known)"))
[2025-10-07T10:54:58.673+0000] {logging_mixin.py:190} INFO - Không tìm thấy dữ liệu cho TBR
[2025-10-07T10:54:58.678+0000] {logging_mixin.py:190} INFO - ℹ️ TBR: Không có dữ liệu mới.
[2025-10-07T10:54:58.680+0000] {logging_mixin.py:190} INFO - ⬇️ Bắt đầu xử lý symbol = TBH
[2025-10-07T10:54:58.769+0000] {logging_mixin.py:190} INFO - ⚠️ Không đọc được file cũ TBH: 'date'
[2025-10-07T10:54:58.821+0000] {logging_mixin.py:190} INFO - TBH: trích dữ liệu từ 2024-07-26 đến 2025-10-07
[2025-10-07T10:54:58.833+0000] {client.py:83} ERROR - API request failed: HTTPSConnectionPool(host='trading.vietcap.com.vn', port=443): Max retries exceeded with url: /api/chart/OHLCChart/gap (Caused by NameResolutionError("<urllib3.connection.HTTPSConnection object at 0x7e619e7b2e10>: Failed to resolve 'trading.vietcap.com.vn' ([Errno -2] Name or service not known)"))
[2025-10-07T10:55:00.849+0000] {client.py:83} ERROR - API request failed: HTTPSConnectionPool(host='trading.vietcap.com.vn', port=443): Max retries exceeded with url: /api/chart/OHLCChart/gap (Caused by NameResolutionError("<urllib3.connection.HTTPSConnection object at 0x7e619e935a90>: Failed to resolve 'trading.vietcap.com.vn' ([Errno -2] Name or service not known)"))
[2025-10-07T10:55:02.863+0000] {client.py:83} ERROR - API request failed: HTTPSConnectionPool(host='trading.vietcap.com.vn', port=443): Max retries exceeded with url: /api/chart/OHLCChart/gap (Caused by NameResolutionError("<urllib3.connection.HTTPSConnection object at 0x7e619e7c13a0>: Failed to resolve 'trading.vietcap.com.vn' ([Errno -2] Name or service not known)"))
[2025-10-07T10:55:02.864+0000] {logging_mixin.py:190} INFO - Không tìm thấy dữ liệu cho TBH
[2025-10-07T10:55:02.867+0000] {logging_mixin.py:190} INFO - ℹ️ TBH: Không có dữ liệu mới.
[2025-10-07T10:55:02.868+0000] {logging_mixin.py:190} INFO - 🚦 Giới hạn API đạt mức tối đa, chờ 4.1s...
[2025-10-07T10:55:06.952+0000] {logging_mixin.py:190} INFO - ⬇️ Bắt đầu xử lý symbol = TBD
[2025-10-07T10:55:07.863+0000] {logging_mixin.py:190} INFO - ⚠️ Không đọc được file cũ TBD: 'date'
[2025-10-07T10:55:07.897+0000] {logging_mixin.py:190} INFO - TBD: trích dữ liệu từ 2025-10-02 đến 2025-10-07
[2025-10-07T10:55:07.912+0000] {client.py:83} ERROR - API request failed: HTTPSConnectionPool(host='trading.vietcap.com.vn', port=443): Max retries exceeded with url: /api/chart/OHLCChart/gap (Caused by NameResolutionError("<urllib3.connection.HTTPSConnection object at 0x7e619e7ed160>: Failed to resolve 'trading.vietcap.com.vn' ([Errno -2] Name or service not known)"))
[2025-10-07T10:55:09.929+0000] {client.py:83} ERROR - API request failed: HTTPSConnectionPool(host='trading.vietcap.com.vn', port=443): Max retries exceeded with url: /api/chart/OHLCChart/gap (Caused by NameResolutionError("<urllib3.connection.HTTPSConnection object at 0x7e619e935be0>: Failed to resolve 'trading.vietcap.com.vn' ([Errno -2] Name or service not known)"))
[2025-10-07T10:55:11.936+0000] {client.py:83} ERROR - API request failed: HTTPSConnectionPool(host='trading.vietcap.com.vn', port=443): Max retries exceeded with url: /api/chart/OHLCChart/gap (Caused by NameResolutionError("<urllib3.connection.HTTPSConnection object at 0x7e619e7b0290>: Failed to resolve 'trading.vietcap.com.vn' ([Errno -2] Name or service not known)"))
[2025-10-07T10:55:11.937+0000] {logging_mixin.py:190} INFO - Không tìm thấy dữ liệu cho TBD
[2025-10-07T10:55:11.939+0000] {logging_mixin.py:190} INFO - ℹ️ TBD: Không có dữ liệu mới.
[2025-10-07T10:55:11.940+0000] {logging_mixin.py:190} INFO - ⬇️ Bắt đầu xử lý symbol = TBC
[2025-10-07T10:55:11.977+0000] {logging_mixin.py:190} INFO - ⚠️ Không đọc được file cũ TBC: 'date'
[2025-10-07T10:55:11.993+0000] {logging_mixin.py:190} INFO - TBC: trích dữ liệu từ 2025-10-04 đến 2025-10-07
[2025-10-07T10:55:11.999+0000] {client.py:83} ERROR - API request failed: HTTPSConnectionPool(host='trading.vietcap.com.vn', port=443): Max retries exceeded with url: /api/chart/OHLCChart/gap (Caused by NameResolutionError("<urllib3.connection.HTTPSConnection object at 0x7e619e7ef140>: Failed to resolve 'trading.vietcap.com.vn' ([Errno -2] Name or service not known)"))
[2025-10-07T10:55:14.013+0000] {client.py:83} ERROR - API request failed: HTTPSConnectionPool(host='trading.vietcap.com.vn', port=443): Max retries exceeded with url: /api/chart/OHLCChart/gap (Caused by NameResolutionError("<urllib3.connection.HTTPSConnection object at 0x7e619e7ed310>: Failed to resolve 'trading.vietcap.com.vn' ([Errno -2] Name or service not known)"))
[2025-10-07T10:55:16.025+0000] {client.py:83} ERROR - API request failed: HTTPSConnectionPool(host='trading.vietcap.com.vn', port=443): Max retries exceeded with url: /api/chart/OHLCChart/gap (Caused by NameResolutionError("<urllib3.connection.HTTPSConnection object at 0x7e619e7b0350>: Failed to resolve 'trading.vietcap.com.vn' ([Errno -2] Name or service not known)"))
[2025-10-07T10:55:16.028+0000] {logging_mixin.py:190} INFO - Không tìm thấy dữ liệu cho TBC
[2025-10-07T10:55:16.031+0000] {logging_mixin.py:190} INFO - ℹ️ TBC: Không có dữ liệu mới.
[2025-10-07T10:55:16.032+0000] {logging_mixin.py:190} INFO - 🚦 Giới hạn API đạt mức tối đa, chờ 34.4s...
[2025-10-07T10:55:51.075+0000] {logging_mixin.py:190} INFO - ⬇️ Bắt đầu xử lý symbol = TB8
[2025-10-07T10:55:51.103+0000] {logging_mixin.py:190} INFO - ⚠️ Không đọc được file cũ TB8: 'date'
[2025-10-07T10:55:51.117+0000] {logging_mixin.py:190} INFO - TB8: trích dữ liệu từ 2025-06-03 đến 2025-10-07
[2025-10-07T10:55:51.123+0000] {client.py:83} ERROR - API request failed: HTTPSConnectionPool(host='trading.vietcap.com.vn', port=443): Max retries exceeded with url: /api/chart/OHLCChart/gap (Caused by NameResolutionError("<urllib3.connection.HTTPSConnection object at 0x7e619e7ecb90>: Failed to resolve 'trading.vietcap.com.vn' ([Errno -2] Name or service not known)"))
[2025-10-07T10:55:53.138+0000] {client.py:83} ERROR - API request failed: HTTPSConnectionPool(host='trading.vietcap.com.vn', port=443): Max retries exceeded with url: /api/chart/OHLCChart/gap (Caused by NameResolutionError("<urllib3.connection.HTTPSConnection object at 0x7e619e7edcd0>: Failed to resolve 'trading.vietcap.com.vn' ([Errno -2] Name or service not known)"))
[2025-10-07T10:55:55.155+0000] {client.py:83} ERROR - API request failed: HTTPSConnectionPool(host='trading.vietcap.com.vn', port=443): Max retries exceeded with url: /api/chart/OHLCChart/gap (Caused by NameResolutionError("<urllib3.connection.HTTPSConnection object at 0x7e619e7741d0>: Failed to resolve 'trading.vietcap.com.vn' ([Errno -2] Name or service not known)"))
[2025-10-07T10:55:55.279+0000] {logging_mixin.py:190} INFO - Không tìm thấy dữ liệu cho TB8
[2025-10-07T10:55:55.284+0000] {logging_mixin.py:190} INFO - ℹ️ TB8: Không có dữ liệu mới.
[2025-10-07T10:55:55.287+0000] {logging_mixin.py:190} INFO - ⬇️ Bắt đầu xử lý symbol = TAW
[2025-10-07T10:55:55.328+0000] {logging_mixin.py:190} INFO - ⚠️ Không đọc được file cũ TAW: 'date'
[2025-10-07T10:55:55.340+0000] {logging_mixin.py:190} INFO - TAW: trích dữ liệu từ 2025-09-25 đến 2025-10-07
[2025-10-07T10:55:55.345+0000] {client.py:83} ERROR - API request failed: HTTPSConnectionPool(host='trading.vietcap.com.vn', port=443): Max retries exceeded with url: /api/chart/OHLCChart/gap (Caused by NameResolutionError("<urllib3.connection.HTTPSConnection object at 0x7e619e7758b0>: Failed to resolve 'trading.vietcap.com.vn' ([Errno -2] Name or service not known)"))
[2025-10-07T10:55:57.358+0000] {client.py:83} ERROR - API request failed: HTTPSConnectionPool(host='trading.vietcap.com.vn', port=443): Max retries exceeded with url: /api/chart/OHLCChart/gap (Caused by NameResolutionError("<urllib3.connection.HTTPSConnection object at 0x7e619e7b3fb0>: Failed to resolve 'trading.vietcap.com.vn' ([Errno -2] Name or service not known)"))
[2025-10-07T10:55:59.377+0000] {client.py:83} ERROR - API request failed: HTTPSConnectionPool(host='trading.vietcap.com.vn', port=443): Max retries exceeded with url: /api/chart/OHLCChart/gap (Caused by NameResolutionError("<urllib3.connection.HTTPSConnection object at 0x7e619e775af0>: Failed to resolve 'trading.vietcap.com.vn' ([Errno -2] Name or service not known)"))
[2025-10-07T10:55:59.381+0000] {logging_mixin.py:190} INFO - Không tìm thấy dữ liệu cho TAW
[2025-10-07T10:55:59.385+0000] {logging_mixin.py:190} INFO - ℹ️ TAW: Không có dữ liệu mới.
[2025-10-07T10:55:59.386+0000] {logging_mixin.py:190} INFO - ⬇️ Bắt đầu xử lý symbol = TAR
[2025-10-07T10:55:59.461+0000] {logging_mixin.py:190} INFO - ⚠️ Không đọc được file cũ TAR: 'date'
[2025-10-07T10:55:59.499+0000] {logging_mixin.py:190} INFO - TAR: trích dữ liệu từ 2025-10-04 đến 2025-10-07
[2025-10-07T10:55:59.516+0000] {client.py:83} ERROR - API request failed: HTTPSConnectionPool(host='trading.vietcap.com.vn', port=443): Max retries exceeded with url: /api/chart/OHLCChart/gap (Caused by NameResolutionError("<urllib3.connection.HTTPSConnection object at 0x7e619e7773e0>: Failed to resolve 'trading.vietcap.com.vn' ([Errno -2] Name or service not known)"))
[2025-10-07T10:56:01.533+0000] {client.py:83} ERROR - API request failed: HTTPSConnectionPool(host='trading.vietcap.com.vn', port=443): Max retries exceeded with url: /api/chart/OHLCChart/gap (Caused by NameResolutionError("<urllib3.connection.HTTPSConnection object at 0x7e619e7ec500>: Failed to resolve 'trading.vietcap.com.vn' ([Errno -2] Name or service not known)"))
[2025-10-07T10:56:03.545+0000] {client.py:83} ERROR - API request failed: HTTPSConnectionPool(host='trading.vietcap.com.vn', port=443): Max retries exceeded with url: /api/chart/OHLCChart/gap (Caused by NameResolutionError("<urllib3.connection.HTTPSConnection object at 0x7e619e7ed040>: Failed to resolve 'trading.vietcap.com.vn' ([Errno -2] Name or service not known)"))
[2025-10-07T10:56:03.546+0000] {logging_mixin.py:190} INFO - Không tìm thấy dữ liệu cho TAR
[2025-10-07T10:56:03.547+0000] {logging_mixin.py:190} INFO - ℹ️ TAR: Không có dữ liệu mới.
[2025-10-07T10:56:03.548+0000] {logging_mixin.py:190} INFO - 🚦 Giới hạn API đạt mức tối đa, chờ 3.4s...
[2025-10-07T10:56:06.953+0000] {logging_mixin.py:190} INFO - ⬇️ Bắt đầu xử lý symbol = TAP
[2025-10-07T10:56:07.029+0000] {logging_mixin.py:190} INFO - ⚠️ Không đọc được file cũ TAP: 'date'
[2025-10-07T10:56:07.063+0000] {logging_mixin.py:190} INFO - TAP: trích dữ liệu từ 2022-07-29 đến 2025-10-07
[2025-10-07T10:56:07.083+0000] {client.py:83} ERROR - API request failed: HTTPSConnectionPool(host='trading.vietcap.com.vn', port=443): Max retries exceeded with url: /api/chart/OHLCChart/gap (Caused by NameResolutionError("<urllib3.connection.HTTPSConnection object at 0x7e619e774890>: Failed to resolve 'trading.vietcap.com.vn' ([Errno -2] Name or service not known)"))
[2025-10-07T10:56:09.901+0000] {client.py:83} ERROR - API request failed: HTTPSConnectionPool(host='trading.vietcap.com.vn', port=443): Max retries exceeded with url: /api/chart/OHLCChart/gap (Caused by NameResolutionError("<urllib3.connection.HTTPSConnection object at 0x7e619e7ed340>: Failed to resolve 'trading.vietcap.com.vn' ([Errno -2] Name or service not known)"))
[2025-10-07T10:56:11.916+0000] {client.py:83} ERROR - API request failed: HTTPSConnectionPool(host='trading.vietcap.com.vn', port=443): Max retries exceeded with url: /api/chart/OHLCChart/gap (Caused by NameResolutionError("<urllib3.connection.HTTPSConnection object at 0x7e619e7ec1d0>: Failed to resolve 'trading.vietcap.com.vn' ([Errno -2] Name or service not known)"))
[2025-10-07T10:56:11.919+0000] {logging_mixin.py:190} INFO - Không tìm thấy dữ liệu cho TAP
[2025-10-07T10:56:11.924+0000] {logging_mixin.py:190} INFO - ℹ️ TAP: Không có dữ liệu mới.
[2025-10-07T10:56:11.926+0000] {logging_mixin.py:190} INFO - 🚦 Giới hạn API đạt mức tối đa, chờ 0.0s...
[2025-10-07T10:56:11.942+0000] {logging_mixin.py:190} INFO - ⬇️ Bắt đầu xử lý symbol = TAN
[2025-10-07T10:56:12.018+0000] {logging_mixin.py:190} INFO - ⚠️ Không đọc được file cũ TAN: 'date'
[2025-10-07T10:56:12.056+0000] {logging_mixin.py:190} INFO - TAN: trích dữ liệu từ 2025-10-04 đến 2025-10-07
[2025-10-07T10:56:12.072+0000] {client.py:83} ERROR - API request failed: HTTPSConnectionPool(host='trading.vietcap.com.vn', port=443): Max retries exceeded with url: /api/chart/OHLCChart/gap (Caused by NameResolutionError("<urllib3.connection.HTTPSConnection object at 0x7e619e7b1220>: Failed to resolve 'trading.vietcap.com.vn' ([Errno -2] Name or service not known)"))
[2025-10-07T10:56:14.082+0000] {client.py:83} ERROR - API request failed: HTTPSConnectionPool(host='trading.vietcap.com.vn', port=443): Max retries exceeded with url: /api/chart/OHLCChart/gap (Caused by NameResolutionError("<urllib3.connection.HTTPSConnection object at 0x7e619e7eca10>: Failed to resolve 'trading.vietcap.com.vn' ([Errno -2] Name or service not known)"))
[2025-10-07T10:56:16.096+0000] {client.py:83} ERROR - API request failed: HTTPSConnectionPool(host='trading.vietcap.com.vn', port=443): Max retries exceeded with url: /api/chart/OHLCChart/gap (Caused by NameResolutionError("<urllib3.connection.HTTPSConnection object at 0x7e619e775760>: Failed to resolve 'trading.vietcap.com.vn' ([Errno -2] Name or service not known)"))
[2025-10-07T10:56:16.099+0000] {logging_mixin.py:190} INFO - Không tìm thấy dữ liệu cho TAN
[2025-10-07T10:56:16.104+0000] {logging_mixin.py:190} INFO - ℹ️ TAN: Không có dữ liệu mới.
[2025-10-07T10:56:16.105+0000] {logging_mixin.py:190} INFO - 🚦 Giới hạn API đạt mức tối đa, chờ 35.0s...
[2025-10-07T10:56:51.873+0000] {logging_mixin.py:190} INFO - ⬇️ Bắt đầu xử lý symbol = TAL
[2025-10-07T10:56:51.938+0000] {logging_mixin.py:190} INFO - ⚠️ Không đọc được file cũ TAL: 'date'
[2025-10-07T10:56:51.965+0000] {logging_mixin.py:190} INFO - TAL: trích dữ liệu từ 2025-10-04 đến 2025-10-07
[2025-10-07T10:56:51.981+0000] {client.py:83} ERROR - API request failed: HTTPSConnectionPool(host='trading.vietcap.com.vn', port=443): Max retries exceeded with url: /api/chart/OHLCChart/gap (Caused by NameResolutionError("<urllib3.connection.HTTPSConnection object at 0x7e619e7b0200>: Failed to resolve 'trading.vietcap.com.vn' ([Errno -2] Name or service not known)"))
[2025-10-07T10:56:53.995+0000] {client.py:83} ERROR - API request failed: HTTPSConnectionPool(host='trading.vietcap.com.vn', port=443): Max retries exceeded with url: /api/chart/OHLCChart/gap (Caused by NameResolutionError("<urllib3.connection.HTTPSConnection object at 0x7e619e96c9b0>: Failed to resolve 'trading.vietcap.com.vn' ([Errno -2] Name or service not known)"))
[2025-10-07T10:56:56.008+0000] {client.py:83} ERROR - API request failed: HTTPSConnectionPool(host='trading.vietcap.com.vn', port=443): Max retries exceeded with url: /api/chart/OHLCChart/gap (Caused by NameResolutionError("<urllib3.connection.HTTPSConnection object at 0x7e619e894980>: Failed to resolve 'trading.vietcap.com.vn' ([Errno -2] Name or service not known)"))
[2025-10-07T10:56:56.010+0000] {logging_mixin.py:190} INFO - Không tìm thấy dữ liệu cho TAL
[2025-10-07T10:56:56.014+0000] {logging_mixin.py:190} INFO - ℹ️ TAL: Không có dữ liệu mới.
[2025-10-07T10:56:56.016+0000] {logging_mixin.py:190} INFO - ⬇️ Bắt đầu xử lý symbol = TAG
[2025-10-07T10:56:56.069+0000] {logging_mixin.py:190} INFO - ⚠️ Không đọc được file cũ TAG: 'date'
[2025-10-07T10:56:56.094+0000] {logging_mixin.py:190} INFO - TAG: trích dữ liệu từ 2022-07-29 đến 2025-10-07
[2025-10-07T10:56:56.106+0000] {client.py:83} ERROR - API request failed: HTTPSConnectionPool(host='trading.vietcap.com.vn', port=443): Max retries exceeded with url: /api/chart/OHLCChart/gap (Caused by NameResolutionError("<urllib3.connection.HTTPSConnection object at 0x7e619e7c3710>: Failed to resolve 'trading.vietcap.com.vn' ([Errno -2] Name or service not known)"))
[2025-10-07T10:56:58.113+0000] {client.py:83} ERROR - API request failed: HTTPSConnectionPool(host='trading.vietcap.com.vn', port=443): Max retries exceeded with url: /api/chart/OHLCChart/gap (Caused by NameResolutionError("<urllib3.connection.HTTPSConnection object at 0x7e619e7c19a0>: Failed to resolve 'trading.vietcap.com.vn' ([Errno -2] Name or service not known)"))
[2025-10-07T10:57:00.129+0000] {client.py:83} ERROR - API request failed: HTTPSConnectionPool(host='trading.vietcap.com.vn', port=443): Max retries exceeded with url: /api/chart/OHLCChart/gap (Caused by NameResolutionError("<urllib3.connection.HTTPSConnection object at 0x7e619e7c2630>: Failed to resolve 'trading.vietcap.com.vn' ([Errno -2] Name or service not known)"))
[2025-10-07T10:57:00.134+0000] {logging_mixin.py:190} INFO - Không tìm thấy dữ liệu cho TAG
[2025-10-07T10:57:00.140+0000] {logging_mixin.py:190} INFO - ℹ️ TAG: Không có dữ liệu mới.
[2025-10-07T10:57:00.143+0000] {logging_mixin.py:190} INFO - ⬇️ Bắt đầu xử lý symbol = TAC
[2025-10-07T10:57:00.201+0000] {logging_mixin.py:190} INFO - TAC: trích dữ liệu từ 2020-01-01 đến 2025-10-07
[2025-10-07T10:57:00.217+0000] {client.py:83} ERROR - API request failed: HTTPSConnectionPool(host='trading.vietcap.com.vn', port=443): Max retries exceeded with url: /api/chart/OHLCChart/gap (Caused by NameResolutionError("<urllib3.connection.HTTPSConnection object at 0x7e619e7c1520>: Failed to resolve 'trading.vietcap.com.vn' ([Errno -2] Name or service not known)"))
[2025-10-07T10:57:02.233+0000] {client.py:83} ERROR - API request failed: HTTPSConnectionPool(host='trading.vietcap.com.vn', port=443): Max retries exceeded with url: /api/chart/OHLCChart/gap (Caused by NameResolutionError("<urllib3.connection.HTTPSConnection object at 0x7e619e777260>: Failed to resolve 'trading.vietcap.com.vn' ([Errno -2] Name or service not known)"))
[2025-10-07T10:57:04.250+0000] {client.py:83} ERROR - API request failed: HTTPSConnectionPool(host='trading.vietcap.com.vn', port=443): Max retries exceeded with url: /api/chart/OHLCChart/gap (Caused by NameResolutionError("<urllib3.connection.HTTPSConnection object at 0x7e619e7edf40>: Failed to resolve 'trading.vietcap.com.vn' ([Errno -2] Name or service not known)"))
[2025-10-07T10:57:04.254+0000] {logging_mixin.py:190} INFO - Không tìm thấy dữ liệu cho TAC
[2025-10-07T10:57:04.259+0000] {logging_mixin.py:190} INFO - ℹ️ TAC: Không có dữ liệu mới.
[2025-10-07T10:57:04.261+0000] {logging_mixin.py:190} INFO - 🚦 Giới hạn API đạt mức tối đa, chờ 2.7s...
[2025-10-07T10:57:06.955+0000] {logging_mixin.py:190} INFO - ⬇️ Bắt đầu xử lý symbol = TAB
[2025-10-07T10:57:07.011+0000] {logging_mixin.py:190} INFO - ⚠️ Không đọc được file cũ TAB: 'date'
[2025-10-07T10:57:07.028+0000] {logging_mixin.py:190} INFO - TAB: trích dữ liệu từ 2025-08-12 đến 2025-10-07
[2025-10-07T10:57:07.061+0000] {client.py:83} ERROR - API request failed: HTTPSConnectionPool(host='trading.vietcap.com.vn', port=443): Max retries exceeded with url: /api/chart/OHLCChart/gap (Caused by NameResolutionError("<urllib3.connection.HTTPSConnection object at 0x7e619e9358e0>: Failed to resolve 'trading.vietcap.com.vn' ([Errno -2] Name or service not known)"))
[2025-10-07T10:57:09.077+0000] {client.py:83} ERROR - API request failed: HTTPSConnectionPool(host='trading.vietcap.com.vn', port=443): Max retries exceeded with url: /api/chart/OHLCChart/gap (Caused by NameResolutionError("<urllib3.connection.HTTPSConnection object at 0x7e619e7ec770>: Failed to resolve 'trading.vietcap.com.vn' ([Errno -2] Name or service not known)"))
[2025-10-07T10:57:11.775+0000] {client.py:83} ERROR - API request failed: HTTPSConnectionPool(host='trading.vietcap.com.vn', port=443): Max retries exceeded with url: /api/chart/OHLCChart/gap (Caused by NameResolutionError("<urllib3.connection.HTTPSConnection object at 0x7e619e7c37a0>: Failed to resolve 'trading.vietcap.com.vn' ([Errno -2] Name or service not known)"))
[2025-10-07T10:57:11.776+0000] {logging_mixin.py:190} INFO - Không tìm thấy dữ liệu cho TAB
[2025-10-07T10:57:11.778+0000] {logging_mixin.py:190} INFO - ℹ️ TAB: Không có dữ liệu mới.
[2025-10-07T10:57:11.778+0000] {logging_mixin.py:190} INFO - 🚦 Giới hạn API đạt mức tối đa, chờ 0.2s...
[2025-10-07T10:57:11.943+0000] {logging_mixin.py:190} INFO - ⬇️ Bắt đầu xử lý symbol = TA9
[2025-10-07T10:57:12.022+0000] {logging_mixin.py:190} INFO - ⚠️ Không đọc được file cũ TA9: 'date'
[2025-10-07T10:57:12.058+0000] {logging_mixin.py:190} INFO - TA9: trích dữ liệu từ 2025-10-04 đến 2025-10-07
[2025-10-07T10:57:12.073+0000] {client.py:83} ERROR - API request failed: HTTPSConnectionPool(host='trading.vietcap.com.vn', port=443): Max retries exceeded with url: /api/chart/OHLCChart/gap (Caused by NameResolutionError("<urllib3.connection.HTTPSConnection object at 0x7e619e935010>: Failed to resolve 'trading.vietcap.com.vn' ([Errno -2] Name or service not known)"))
[2025-10-07T10:57:14.091+0000] {client.py:83} ERROR - API request failed: HTTPSConnectionPool(host='trading.vietcap.com.vn', port=443): Max retries exceeded with url: /api/chart/OHLCChart/gap (Caused by NameResolutionError("<urllib3.connection.HTTPSConnection object at 0x7e619e934a10>: Failed to resolve 'trading.vietcap.com.vn' ([Errno -2] Name or service not known)"))
[2025-10-07T10:57:16.105+0000] {client.py:83} ERROR - API request failed: HTTPSConnectionPool(host='trading.vietcap.com.vn', port=443): Max retries exceeded with url: /api/chart/OHLCChart/gap (Caused by NameResolutionError("<urllib3.connection.HTTPSConnection object at 0x7e619e7ec4d0>: Failed to resolve 'trading.vietcap.com.vn' ([Errno -2] Name or service not known)"))
[2025-10-07T10:57:16.107+0000] {logging_mixin.py:190} INFO - Không tìm thấy dữ liệu cho TA9
[2025-10-07T10:57:16.110+0000] {logging_mixin.py:190} INFO - ℹ️ TA9: Không có dữ liệu mới.
[2025-10-07T10:57:16.111+0000] {logging_mixin.py:190} INFO - 🚦 Giới hạn API đạt mức tối đa, chờ 35.8s...
[2025-10-07T10:57:52.523+0000] {logging_mixin.py:190} INFO - ⬇️ Bắt đầu xử lý symbol = TA6
[2025-10-07T10:57:52.595+0000] {logging_mixin.py:190} INFO - ⚠️ Không đọc được file cũ TA6: 'date'
[2025-10-07T10:57:52.633+0000] {logging_mixin.py:190} INFO - TA6: trích dữ liệu từ 2025-10-04 đến 2025-10-07
[2025-10-07T10:57:52.650+0000] {client.py:83} ERROR - API request failed: HTTPSConnectionPool(host='trading.vietcap.com.vn', port=443): Max retries exceeded with url: /api/chart/OHLCChart/gap (Caused by NameResolutionError("<urllib3.connection.HTTPSConnection object at 0x7e619e937d40>: Failed to resolve 'trading.vietcap.com.vn' ([Errno -2] Name or service not known)"))
[2025-10-07T10:57:54.666+0000] {client.py:83} ERROR - API request failed: HTTPSConnectionPool(host='trading.vietcap.com.vn', port=443): Max retries exceeded with url: /api/chart/OHLCChart/gap (Caused by NameResolutionError("<urllib3.connection.HTTPSConnection object at 0x7e619e936030>: Failed to resolve 'trading.vietcap.com.vn' ([Errno -2] Name or service not known)"))
[2025-10-07T10:57:56.684+0000] {client.py:83} ERROR - API request failed: HTTPSConnectionPool(host='trading.vietcap.com.vn', port=443): Max retries exceeded with url: /api/chart/OHLCChart/gap (Caused by NameResolutionError("<urllib3.connection.HTTPSConnection object at 0x7e61c52e8860>: Failed to resolve 'trading.vietcap.com.vn' ([Errno -2] Name or service not known)"))
[2025-10-07T10:57:56.687+0000] {logging_mixin.py:190} INFO - Không tìm thấy dữ liệu cho TA6
[2025-10-07T10:57:56.696+0000] {logging_mixin.py:190} INFO - ℹ️ TA6: Không có dữ liệu mới.
[2025-10-07T10:57:56.698+0000] {logging_mixin.py:190} INFO - ⬇️ Bắt đầu xử lý symbol = TA3
[2025-10-07T10:57:56.788+0000] {logging_mixin.py:190} INFO - ⚠️ Không đọc được file cũ TA3: 'date'
[2025-10-07T10:57:56.826+0000] {logging_mixin.py:190} INFO - TA3: trích dữ liệu từ 2024-07-26 đến 2025-10-07
[2025-10-07T10:57:56.845+0000] {client.py:83} ERROR - API request failed: HTTPSConnectionPool(host='trading.vietcap.com.vn', port=443): Max retries exceeded with url: /api/chart/OHLCChart/gap (Caused by NameResolutionError("<urllib3.connection.HTTPSConnection object at 0x7e619e7c28d0>: Failed to resolve 'trading.vietcap.com.vn' ([Errno -2] Name or service not known)"))
[2025-10-07T10:57:58.853+0000] {client.py:83} ERROR - API request failed: HTTPSConnectionPool(host='trading.vietcap.com.vn', port=443): Max retries exceeded with url: /api/chart/OHLCChart/gap (Caused by NameResolutionError("<urllib3.connection.HTTPSConnection object at 0x7e619e777290>: Failed to resolve 'trading.vietcap.com.vn' ([Errno -2] Name or service not known)"))
[2025-10-07T10:58:00.973+0000] {client.py:83} ERROR - API request failed: HTTPSConnectionPool(host='trading.vietcap.com.vn', port=443): Max retries exceeded with url: /api/chart/OHLCChart/gap (Caused by NameResolutionError("<urllib3.connection.HTTPSConnection object at 0x7e619e7ef470>: Failed to resolve 'trading.vietcap.com.vn' ([Errno -2] Name or service not known)"))
[2025-10-07T10:58:00.976+0000] {logging_mixin.py:190} INFO - Không tìm thấy dữ liệu cho TA3
[2025-10-07T10:58:00.983+0000] {logging_mixin.py:190} INFO - ℹ️ TA3: Không có dữ liệu mới.
[2025-10-07T10:58:00.985+0000] {logging_mixin.py:190} INFO - ⬇️ Bắt đầu xử lý symbol = T12
[2025-10-07T10:58:01.042+0000] {logging_mixin.py:190} INFO - T12: trích dữ liệu từ 2020-01-01 đến 2025-10-07
[2025-10-07T10:58:01.063+0000] {client.py:83} ERROR - API request failed: HTTPSConnectionPool(host='trading.vietcap.com.vn', port=443): Max retries exceeded with url: /api/chart/OHLCChart/gap (Caused by NameResolutionError("<urllib3.connection.HTTPSConnection object at 0x7e619e934aa0>: Failed to resolve 'trading.vietcap.com.vn' ([Errno -2] Name or service not known)"))
[2025-10-07T10:58:03.080+0000] {client.py:83} ERROR - API request failed: HTTPSConnectionPool(host='trading.vietcap.com.vn', port=443): Max retries exceeded with url: /api/chart/OHLCChart/gap (Caused by NameResolutionError("<urllib3.connection.HTTPSConnection object at 0x7e619e937da0>: Failed to resolve 'trading.vietcap.com.vn' ([Errno -2] Name or service not known)"))
[2025-10-07T10:58:05.099+0000] {client.py:83} ERROR - API request failed: HTTPSConnectionPool(host='trading.vietcap.com.vn', port=443): Max retries exceeded with url: /api/chart/OHLCChart/gap (Caused by NameResolutionError("<urllib3.connection.HTTPSConnection object at 0x7e619e937020>: Failed to resolve 'trading.vietcap.com.vn' ([Errno -2] Name or service not known)"))
[2025-10-07T10:58:05.102+0000] {logging_mixin.py:190} INFO - Không tìm thấy dữ liệu cho T12
[2025-10-07T10:58:05.108+0000] {logging_mixin.py:190} INFO - ℹ️ T12: Không có dữ liệu mới.
[2025-10-07T10:58:05.110+0000] {logging_mixin.py:190} INFO - 🚦 Giới hạn API đạt mức tối đa, chờ 1.8s...
[2025-10-07T10:58:06.957+0000] {logging_mixin.py:190} INFO - ⬇️ Bắt đầu xử lý symbol = SZL
[2025-10-07T10:58:06.997+0000] {logging_mixin.py:190} INFO - ⚠️ Không đọc được file cũ SZL: 'date'
[2025-10-07T10:58:07.016+0000] {logging_mixin.py:190} INFO - SZL: trích dữ liệu từ 2025-10-04 đến 2025-10-07
[2025-10-07T10:58:07.025+0000] {client.py:83} ERROR - API request failed: HTTPSConnectionPool(host='trading.vietcap.com.vn', port=443): Max retries exceeded with url: /api/chart/OHLCChart/gap (Caused by NameResolutionError("<urllib3.connection.HTTPSConnection object at 0x7e619e936330>: Failed to resolve 'trading.vietcap.com.vn' ([Errno -2] Name or service not known)"))
[2025-10-07T10:58:09.038+0000] {client.py:83} ERROR - API request failed: HTTPSConnectionPool(host='trading.vietcap.com.vn', port=443): Max retries exceeded with url: /api/chart/OHLCChart/gap (Caused by NameResolutionError("<urllib3.connection.HTTPSConnection object at 0x7e619e937da0>: Failed to resolve 'trading.vietcap.com.vn' ([Errno -2] Name or service not known)"))
[2025-10-07T10:58:11.046+0000] {client.py:83} ERROR - API request failed: HTTPSConnectionPool(host='trading.vietcap.com.vn', port=443): Max retries exceeded with url: /api/chart/OHLCChart/gap (Caused by NameResolutionError("<urllib3.connection.HTTPSConnection object at 0x7e619e7b2660>: Failed to resolve 'trading.vietcap.com.vn' ([Errno -2] Name or service not known)"))
[2025-10-07T10:58:11.047+0000] {logging_mixin.py:190} INFO - Không tìm thấy dữ liệu cho SZL
[2025-10-07T10:58:11.053+0000] {logging_mixin.py:190} INFO - ℹ️ SZL: Không có dữ liệu mới.
[2025-10-07T10:58:11.053+0000] {logging_mixin.py:190} INFO - 🚦 Giới hạn API đạt mức tối đa, chờ 0.9s...
[2025-10-07T10:58:12.750+0000] {logging_mixin.py:190} INFO - ⬇️ Bắt đầu xử lý symbol = SZG
[2025-10-07T10:58:12.784+0000] {logging_mixin.py:190} INFO - ⚠️ Không đọc được file cũ SZG: 'date'
[2025-10-07T10:58:12.798+0000] {logging_mixin.py:190} INFO - SZG: trích dữ liệu từ 2025-10-04 đến 2025-10-07
[2025-10-07T10:58:12.805+0000] {client.py:83} ERROR - API request failed: HTTPSConnectionPool(host='trading.vietcap.com.vn', port=443): Max retries exceeded with url: /api/chart/OHLCChart/gap (Caused by NameResolutionError("<urllib3.connection.HTTPSConnection object at 0x7e619e894dd0>: Failed to resolve 'trading.vietcap.com.vn' ([Errno -2] Name or service not known)"))
[2025-10-07T10:58:14.855+0000] {client.py:83} ERROR - API request failed: HTTPSConnectionPool(host='trading.vietcap.com.vn', port=443): Max retries exceeded with url: /api/chart/OHLCChart/gap (Caused by NameResolutionError("<urllib3.connection.HTTPSConnection object at 0x7e619e775a30>: Failed to resolve 'trading.vietcap.com.vn' ([Errno -2] Name or service not known)"))
[2025-10-07T10:58:16.863+0000] {client.py:83} ERROR - API request failed: HTTPSConnectionPool(host='trading.vietcap.com.vn', port=443): Max retries exceeded with url: /api/chart/OHLCChart/gap (Caused by NameResolutionError("<urllib3.connection.HTTPSConnection object at 0x7e619e927cb0>: Failed to resolve 'trading.vietcap.com.vn' ([Errno -2] Name or service not known)"))
[2025-10-07T10:58:16.864+0000] {logging_mixin.py:190} INFO - Không tìm thấy dữ liệu cho SZG
[2025-10-07T10:58:16.866+0000] {logging_mixin.py:190} INFO - ℹ️ SZG: Không có dữ liệu mới.
[2025-10-07T10:58:16.867+0000] {logging_mixin.py:190} INFO - 🚦 Giới hạn API đạt mức tối đa, chờ 35.7s...
[2025-10-07T10:58:53.313+0000] {logging_mixin.py:190} INFO - ⬇️ Bắt đầu xử lý symbol = SZE
[2025-10-07T10:58:53.387+0000] {logging_mixin.py:190} INFO - ⚠️ Không đọc được file cũ SZE: 'date'
[2025-10-07T10:58:53.425+0000] {logging_mixin.py:190} INFO - SZE: trích dữ liệu từ 2025-10-04 đến 2025-10-07
[2025-10-07T10:58:53.441+0000] {client.py:83} ERROR - API request failed: HTTPSConnectionPool(host='trading.vietcap.com.vn', port=443): Max retries exceeded with url: /api/chart/OHLCChart/gap (Caused by NameResolutionError("<urllib3.connection.HTTPSConnection object at 0x7e619e777c50>: Failed to resolve 'trading.vietcap.com.vn' ([Errno -2] Name or service not known)"))
[2025-10-07T10:58:55.458+0000] {client.py:83} ERROR - API request failed: HTTPSConnectionPool(host='trading.vietcap.com.vn', port=443): Max retries exceeded with url: /api/chart/OHLCChart/gap (Caused by NameResolutionError("<urllib3.connection.HTTPSConnection object at 0x7e619e7763c0>: Failed to resolve 'trading.vietcap.com.vn' ([Errno -2] Name or service not known)"))
[2025-10-07T10:58:57.472+0000] {client.py:83} ERROR - API request failed: HTTPSConnectionPool(host='trading.vietcap.com.vn', port=443): Max retries exceeded with url: /api/chart/OHLCChart/gap (Caused by NameResolutionError("<urllib3.connection.HTTPSConnection object at 0x7e619e7757f0>: Failed to resolve 'trading.vietcap.com.vn' ([Errno -2] Name or service not known)"))
[2025-10-07T10:58:57.475+0000] {logging_mixin.py:190} INFO - Không tìm thấy dữ liệu cho SZE
[2025-10-07T10:58:57.481+0000] {logging_mixin.py:190} INFO - ℹ️ SZE: Không có dữ liệu mới.
[2025-10-07T10:58:57.483+0000] {logging_mixin.py:190} INFO - ⬇️ Bắt đầu xử lý symbol = SZC
[2025-10-07T10:58:57.555+0000] {logging_mixin.py:190} INFO - ⚠️ Không đọc được file cũ SZC: 'date'
[2025-10-07T10:58:57.592+0000] {logging_mixin.py:190} INFO - SZC: trích dữ liệu từ 2025-10-04 đến 2025-10-07
[2025-10-07T10:58:57.607+0000] {client.py:83} ERROR - API request failed: HTTPSConnectionPool(host='trading.vietcap.com.vn', port=443): Max retries exceeded with url: /api/chart/OHLCChart/gap (Caused by NameResolutionError("<urllib3.connection.HTTPSConnection object at 0x7e619e774a70>: Failed to resolve 'trading.vietcap.com.vn' ([Errno -2] Name or service not known)"))
[2025-10-07T10:58:59.625+0000] {client.py:83} ERROR - API request failed: HTTPSConnectionPool(host='trading.vietcap.com.vn', port=443): Max retries exceeded with url: /api/chart/OHLCChart/gap (Caused by NameResolutionError("<urllib3.connection.HTTPSConnection object at 0x7e61c52e9400>: Failed to resolve 'trading.vietcap.com.vn' ([Errno -2] Name or service not known)"))
[2025-10-07T10:59:01.633+0000] {client.py:83} ERROR - API request failed: HTTPSConnectionPool(host='trading.vietcap.com.vn', port=443): Max retries exceeded with url: /api/chart/OHLCChart/gap (Caused by NameResolutionError("<urllib3.connection.HTTPSConnection object at 0x7e61c52ea540>: Failed to resolve 'trading.vietcap.com.vn' ([Errno -2] Name or service not known)"))
[2025-10-07T10:59:01.635+0000] {logging_mixin.py:190} INFO - Không tìm thấy dữ liệu cho SZC
[2025-10-07T10:59:01.637+0000] {logging_mixin.py:190} INFO - ℹ️ SZC: Không có dữ liệu mới.
[2025-10-07T10:59:01.638+0000] {logging_mixin.py:190} INFO - ⬇️ Bắt đầu xử lý symbol = SZB
[2025-10-07T10:59:01.669+0000] {logging_mixin.py:190} INFO - ⚠️ Không đọc được file cũ SZB: 'date'
[2025-10-07T10:59:01.680+0000] {logging_mixin.py:190} INFO - SZB: trích dữ liệu từ 2025-10-04 đến 2025-10-07
[2025-10-07T10:59:01.687+0000] {client.py:83} ERROR - API request failed: HTTPSConnectionPool(host='trading.vietcap.com.vn', port=443): Max retries exceeded with url: /api/chart/OHLCChart/gap (Caused by NameResolutionError("<urllib3.connection.HTTPSConnection object at 0x7e61c52e9b80>: Failed to resolve 'trading.vietcap.com.vn' ([Errno -2] Name or service not known)"))
[2025-10-07T10:59:03.693+0000] {client.py:83} ERROR - API request failed: HTTPSConnectionPool(host='trading.vietcap.com.vn', port=443): Max retries exceeded with url: /api/chart/OHLCChart/gap (Caused by NameResolutionError("<urllib3.connection.HTTPSConnection object at 0x7e619e776f90>: Failed to resolve 'trading.vietcap.com.vn' ([Errno -2] Name or service not known)"))
[2025-10-07T10:59:05.706+0000] {client.py:83} ERROR - API request failed: HTTPSConnectionPool(host='trading.vietcap.com.vn', port=443): Max retries exceeded with url: /api/chart/OHLCChart/gap (Caused by NameResolutionError("<urllib3.connection.HTTPSConnection object at 0x7e619e777590>: Failed to resolve 'trading.vietcap.com.vn' ([Errno -2] Name or service not known)"))
[2025-10-07T10:59:05.709+0000] {logging_mixin.py:190} INFO - Không tìm thấy dữ liệu cho SZB
[2025-10-07T10:59:05.713+0000] {logging_mixin.py:190} INFO - ℹ️ SZB: Không có dữ liệu mới.
[2025-10-07T10:59:05.715+0000] {logging_mixin.py:190} INFO - 🚦 Giới hạn API đạt mức tối đa, chờ 1.2s...
[2025-10-07T10:59:06.959+0000] {logging_mixin.py:190} INFO - ⬇️ Bắt đầu xử lý symbol = SWC
[2025-10-07T10:59:07.035+0000] {logging_mixin.py:190} INFO - ⚠️ Không đọc được file cũ SWC: 'date'
[2025-10-07T10:59:07.074+0000] {logging_mixin.py:190} INFO - SWC: trích dữ liệu từ 2025-10-04 đến 2025-10-07
[2025-10-07T10:59:07.090+0000] {client.py:83} ERROR - API request failed: HTTPSConnectionPool(host='trading.vietcap.com.vn', port=443): Max retries exceeded with url: /api/chart/OHLCChart/gap (Caused by NameResolutionError("<urllib3.connection.HTTPSConnection object at 0x7e619e7b24e0>: Failed to resolve 'trading.vietcap.com.vn' ([Errno -2] Name or service not known)"))
[2025-10-07T10:59:09.105+0000] {client.py:83} ERROR - API request failed: HTTPSConnectionPool(host='trading.vietcap.com.vn', port=443): Max retries exceeded with url: /api/chart/OHLCChart/gap (Caused by NameResolutionError("<urllib3.connection.HTTPSConnection object at 0x7e619e936600>: Failed to resolve 'trading.vietcap.com.vn' ([Errno -2] Name or service not known)"))
[2025-10-07T10:59:11.124+0000] {client.py:83} ERROR - API request failed: HTTPSConnectionPool(host='trading.vietcap.com.vn', port=443): Max retries exceeded with url: /api/chart/OHLCChart/gap (Caused by NameResolutionError("<urllib3.connection.HTTPSConnection object at 0x7e619e775310>: Failed to resolve 'trading.vietcap.com.vn' ([Errno -2] Name or service not known)"))
[2025-10-07T10:59:11.128+0000] {logging_mixin.py:190} INFO - Không tìm thấy dữ liệu cho SWC
[2025-10-07T10:59:11.132+0000] {logging_mixin.py:190} INFO - ℹ️ SWC: Không có dữ liệu mới.
[2025-10-07T10:59:11.134+0000] {logging_mixin.py:190} INFO - 🚦 Giới hạn API đạt mức tối đa, chờ 1.6s...
[2025-10-07T10:59:12.752+0000] {logging_mixin.py:190} INFO - ⬇️ Bắt đầu xử lý symbol = SVT
[2025-10-07T10:59:12.827+0000] {logging_mixin.py:190} INFO - ⚠️ Không đọc được file cũ SVT: 'date'
[2025-10-07T10:59:12.863+0000] {logging_mixin.py:190} INFO - SVT: trích dữ liệu từ 2025-10-04 đến 2025-10-07
[2025-10-07T10:59:12.878+0000] {client.py:83} ERROR - API request failed: HTTPSConnectionPool(host='trading.vietcap.com.vn', port=443): Max retries exceeded with url: /api/chart/OHLCChart/gap (Caused by NameResolutionError("<urllib3.connection.HTTPSConnection object at 0x7e619e7b32f0>: Failed to resolve 'trading.vietcap.com.vn' ([Errno -2] Name or service not known)"))
[2025-10-07T10:59:15.543+0000] {client.py:83} ERROR - API request failed: HTTPSConnectionPool(host='trading.vietcap.com.vn', port=443): Max retries exceeded with url: /api/chart/OHLCChart/gap (Caused by NameResolutionError("<urllib3.connection.HTTPSConnection object at 0x7e619e934530>: Failed to resolve 'trading.vietcap.com.vn' ([Errno -2] Name or service not known)"))
[2025-10-07T10:59:17.560+0000] {client.py:83} ERROR - API request failed: HTTPSConnectionPool(host='trading.vietcap.com.vn', port=443): Max retries exceeded with url: /api/chart/OHLCChart/gap (Caused by NameResolutionError("<urllib3.connection.HTTPSConnection object at 0x7e619e9376e0>: Failed to resolve 'trading.vietcap.com.vn' ([Errno -2] Name or service not known)"))
[2025-10-07T10:59:17.564+0000] {logging_mixin.py:190} INFO - Không tìm thấy dữ liệu cho SVT
[2025-10-07T10:59:17.571+0000] {logging_mixin.py:190} INFO - ℹ️ SVT: Không có dữ liệu mới.
[2025-10-07T10:59:17.575+0000] {logging_mixin.py:190} INFO - 🚦 Giới hạn API đạt mức tối đa, chờ 35.7s...
[2025-10-07T10:59:53.959+0000] {logging_mixin.py:190} INFO - ⬇️ Bắt đầu xử lý symbol = SVN
[2025-10-07T10:59:54.041+0000] {logging_mixin.py:190} INFO - ⚠️ Không đọc được file cũ SVN: 'date'
[2025-10-07T10:59:54.074+0000] {logging_mixin.py:190} INFO - SVN: trích dữ liệu từ 2025-10-04 đến 2025-10-07
[2025-10-07T10:59:54.087+0000] {client.py:83} ERROR - API request failed: HTTPSConnectionPool(host='trading.vietcap.com.vn', port=443): Max retries exceeded with url: /api/chart/OHLCChart/gap (Caused by NameResolutionError("<urllib3.connection.HTTPSConnection object at 0x7e619e7b1850>: Failed to resolve 'trading.vietcap.com.vn' ([Errno -2] Name or service not known)"))
[2025-10-07T10:59:56.100+0000] {client.py:83} ERROR - API request failed: HTTPSConnectionPool(host='trading.vietcap.com.vn', port=443): Max retries exceeded with url: /api/chart/OHLCChart/gap (Caused by NameResolutionError("<urllib3.connection.HTTPSConnection object at 0x7e619e7b2a80>: Failed to resolve 'trading.vietcap.com.vn' ([Errno -2] Name or service not known)"))
[2025-10-07T10:59:58.110+0000] {client.py:83} ERROR - API request failed: HTTPSConnectionPool(host='trading.vietcap.com.vn', port=443): Max retries exceeded with url: /api/chart/OHLCChart/gap (Caused by NameResolutionError("<urllib3.connection.HTTPSConnection object at 0x7e619e7c0b90>: Failed to resolve 'trading.vietcap.com.vn' ([Errno -2] Name or service not known)"))
[2025-10-07T10:59:58.199+0000] {logging_mixin.py:190} INFO - Không tìm thấy dữ liệu cho SVN
[2025-10-07T10:59:58.210+0000] {logging_mixin.py:190} INFO - ℹ️ SVN: Không có dữ liệu mới.
[2025-10-07T10:59:58.214+0000] {logging_mixin.py:190} INFO - ⬇️ Bắt đầu xử lý symbol = SVL
[2025-10-07T10:59:58.254+0000] {logging_mixin.py:190} INFO - SVL: trích dữ liệu từ 2020-01-01 đến 2025-10-07
[2025-10-07T10:59:58.263+0000] {client.py:83} ERROR - API request failed: HTTPSConnectionPool(host='trading.vietcap.com.vn', port=443): Max retries exceeded with url: /api/chart/OHLCChart/gap (Caused by NameResolutionError("<urllib3.connection.HTTPSConnection object at 0x7e61c52e9490>: Failed to resolve 'trading.vietcap.com.vn' ([Errno -2] Name or service not known)"))
[2025-10-07T11:00:00.278+0000] {client.py:83} ERROR - API request failed: HTTPSConnectionPool(host='trading.vietcap.com.vn', port=443): Max retries exceeded with url: /api/chart/OHLCChart/gap (Caused by NameResolutionError("<urllib3.connection.HTTPSConnection object at 0x7e619e7b1850>: Failed to resolve 'trading.vietcap.com.vn' ([Errno -2] Name or service not known)"))
[2025-10-07T11:00:02.295+0000] {client.py:83} ERROR - API request failed: HTTPSConnectionPool(host='trading.vietcap.com.vn', port=443): Max retries exceeded with url: /api/chart/OHLCChart/gap (Caused by NameResolutionError("<urllib3.connection.HTTPSConnection object at 0x7e619e7ee030>: Failed to resolve 'trading.vietcap.com.vn' ([Errno -2] Name or service not known)"))
[2025-10-07T11:00:02.299+0000] {logging_mixin.py:190} INFO - Không tìm thấy dữ liệu cho SVL
[2025-10-07T11:00:02.308+0000] {logging_mixin.py:190} INFO - ℹ️ SVL: Không có dữ liệu mới.
[2025-10-07T11:00:02.323+0000] {logging_mixin.py:190} INFO - ⬇️ Bắt đầu xử lý symbol = SVI
[2025-10-07T11:00:02.391+0000] {logging_mixin.py:190} INFO - ⚠️ Không đọc được file cũ SVI: 'date'
[2025-10-07T11:00:02.407+0000] {logging_mixin.py:190} INFO - SVI: trích dữ liệu từ 2025-10-04 đến 2025-10-07
[2025-10-07T11:00:02.414+0000] {client.py:83} ERROR - API request failed: HTTPSConnectionPool(host='trading.vietcap.com.vn', port=443): Max retries exceeded with url: /api/chart/OHLCChart/gap (Caused by NameResolutionError("<urllib3.connection.HTTPSConnection object at 0x7e61c52eb380>: Failed to resolve 'trading.vietcap.com.vn' ([Errno -2] Name or service not known)"))
[2025-10-07T11:00:04.424+0000] {client.py:83} ERROR - API request failed: HTTPSConnectionPool(host='trading.vietcap.com.vn', port=443): Max retries exceeded with url: /api/chart/OHLCChart/gap (Caused by NameResolutionError("<urllib3.connection.HTTPSConnection object at 0x7e619e927fe0>: Failed to resolve 'trading.vietcap.com.vn' ([Errno -2] Name or service not known)"))
[2025-10-07T11:00:06.430+0000] {client.py:83} ERROR - API request failed: HTTPSConnectionPool(host='trading.vietcap.com.vn', port=443): Max retries exceeded with url: /api/chart/OHLCChart/gap (Caused by NameResolutionError("<urllib3.connection.HTTPSConnection object at 0x7e619e7b1580>: Failed to resolve 'trading.vietcap.com.vn' ([Errno -2] Name or service not known)"))
[2025-10-07T11:00:06.432+0000] {logging_mixin.py:190} INFO - Không tìm thấy dữ liệu cho SVI
[2025-10-07T11:00:06.433+0000] {logging_mixin.py:190} INFO - ℹ️ SVI: Không có dữ liệu mới.
[2025-10-07T11:00:06.435+0000] {logging_mixin.py:190} INFO - 🚦 Giới hạn API đạt mức tối đa, chờ 0.5s...
[2025-10-07T11:00:06.961+0000] {logging_mixin.py:190} INFO - ⬇️ Bắt đầu xử lý symbol = SVH
[2025-10-07T11:00:06.992+0000] {logging_mixin.py:190} INFO - ⚠️ Không đọc được file cũ SVH: 'date'
[2025-10-07T11:00:07.006+0000] {logging_mixin.py:190} INFO - SVH: trích dữ liệu từ 2024-07-26 đến 2025-10-07
[2025-10-07T11:00:07.012+0000] {client.py:83} ERROR - API request failed: HTTPSConnectionPool(host='trading.vietcap.com.vn', port=443): Max retries exceeded with url: /api/chart/OHLCChart/gap (Caused by NameResolutionError("<urllib3.connection.HTTPSConnection object at 0x7e619e7c13a0>: Failed to resolve 'trading.vietcap.com.vn' ([Errno -2] Name or service not known)"))
[2025-10-07T11:00:09.028+0000] {client.py:83} ERROR - API request failed: HTTPSConnectionPool(host='trading.vietcap.com.vn', port=443): Max retries exceeded with url: /api/chart/OHLCChart/gap (Caused by NameResolutionError("<urllib3.connection.HTTPSConnection object at 0x7e619e7b1c40>: Failed to resolve 'trading.vietcap.com.vn' ([Errno -2] Name or service not known)"))
[2025-10-07T11:00:11.054+0000] {client.py:83} ERROR - API request failed: HTTPSConnectionPool(host='trading.vietcap.com.vn', port=443): Max retries exceeded with url: /api/chart/OHLCChart/gap (Caused by NameResolutionError("<urllib3.connection.HTTPSConnection object at 0x7e619e7ed610>: Failed to resolve 'trading.vietcap.com.vn' ([Errno -2] Name or service not known)"))
[2025-10-07T11:00:11.058+0000] {logging_mixin.py:190} INFO - Không tìm thấy dữ liệu cho SVH
[2025-10-07T11:00:11.062+0000] {logging_mixin.py:190} INFO - ℹ️ SVH: Không có dữ liệu mới.
[2025-10-07T11:00:11.064+0000] {logging_mixin.py:190} INFO - 🚦 Giới hạn API đạt mức tối đa, chờ 1.7s...
[2025-10-07T11:00:12.754+0000] {logging_mixin.py:190} INFO - ⬇️ Bắt đầu xử lý symbol = SVG
[2025-10-07T11:00:12.857+0000] {logging_mixin.py:190} INFO - ⚠️ Không đọc được file cũ SVG: 'date'
[2025-10-07T11:00:12.900+0000] {logging_mixin.py:190} INFO - SVG: trích dữ liệu từ 2025-10-01 đến 2025-10-07
[2025-10-07T11:00:12.922+0000] {client.py:83} ERROR - API request failed: HTTPSConnectionPool(host='trading.vietcap.com.vn', port=443): Max retries exceeded with url: /api/chart/OHLCChart/gap (Caused by NameResolutionError("<urllib3.connection.HTTPSConnection object at 0x7e619e7c2f90>: Failed to resolve 'trading.vietcap.com.vn' ([Errno -2] Name or service not known)"))
[2025-10-07T11:00:15.456+0000] {client.py:83} ERROR - API request failed: HTTPSConnectionPool(host='trading.vietcap.com.vn', port=443): Max retries exceeded with url: /api/chart/OHLCChart/gap (Caused by NameResolutionError("<urllib3.connection.HTTPSConnection object at 0x7e619e7c1b80>: Failed to resolve 'trading.vietcap.com.vn' ([Errno -2] Name or service not known)"))
[2025-10-07T11:00:17.473+0000] {client.py:83} ERROR - API request failed: HTTPSConnectionPool(host='trading.vietcap.com.vn', port=443): Max retries exceeded with url: /api/chart/OHLCChart/gap (Caused by NameResolutionError("<urllib3.connection.HTTPSConnection object at 0x7e61c5310ad0>: Failed to resolve 'trading.vietcap.com.vn' ([Errno -2] Name or service not known)"))
[2025-10-07T11:00:17.475+0000] {logging_mixin.py:190} INFO - Không tìm thấy dữ liệu cho SVG
[2025-10-07T11:00:17.480+0000] {logging_mixin.py:190} INFO - ℹ️ SVG: Không có dữ liệu mới.
[2025-10-07T11:00:17.482+0000] {logging_mixin.py:190} INFO - 🚦 Giới hạn API đạt mức tối đa, chờ 36.5s...
[2025-10-07T11:00:54.440+0000] {logging_mixin.py:190} INFO - ⬇️ Bắt đầu xử lý symbol = SVD
[2025-10-07T11:00:54.508+0000] {logging_mixin.py:190} INFO - ⚠️ Không đọc được file cũ SVD: 'date'
[2025-10-07T11:00:54.566+0000] {logging_mixin.py:190} INFO - SVD: trích dữ liệu từ 2025-10-04 đến 2025-10-07
[2025-10-07T11:00:54.590+0000] {client.py:83} ERROR - API request failed: HTTPSConnectionPool(host='trading.vietcap.com.vn', port=443): Max retries exceeded with url: /api/chart/OHLCChart/gap (Caused by NameResolutionError("<urllib3.connection.HTTPSConnection object at 0x7e619e9344a0>: Failed to resolve 'trading.vietcap.com.vn' ([Errno -2] Name or service not known)"))
[2025-10-07T11:00:56.602+0000] {client.py:83} ERROR - API request failed: HTTPSConnectionPool(host='trading.vietcap.com.vn', port=443): Max retries exceeded with url: /api/chart/OHLCChart/gap (Caused by NameResolutionError("<urllib3.connection.HTTPSConnection object at 0x7e619e7b2cc0>: Failed to resolve 'trading.vietcap.com.vn' ([Errno -2] Name or service not known)"))
[2025-10-07T11:00:58.612+0000] {client.py:83} ERROR - API request failed: HTTPSConnectionPool(host='trading.vietcap.com.vn', port=443): Max retries exceeded with url: /api/chart/OHLCChart/gap (Caused by NameResolutionError("<urllib3.connection.HTTPSConnection object at 0x7e61c5311700>: Failed to resolve 'trading.vietcap.com.vn' ([Errno -2] Name or service not known)"))
[2025-10-07T11:00:58.615+0000] {logging_mixin.py:190} INFO - Không tìm thấy dữ liệu cho SVD
[2025-10-07T11:00:58.619+0000] {logging_mixin.py:190} INFO - ℹ️ SVD: Không có dữ liệu mới.
[2025-10-07T11:00:58.620+0000] {logging_mixin.py:190} INFO - ⬇️ Bắt đầu xử lý symbol = SVC
[2025-10-07T11:00:58.701+0000] {logging_mixin.py:190} INFO - ⚠️ Không đọc được file cũ SVC: 'date'
[2025-10-07T11:00:58.742+0000] {logging_mixin.py:190} INFO - SVC: trích dữ liệu từ 2025-10-04 đến 2025-10-07
[2025-10-07T11:00:58.758+0000] {client.py:83} ERROR - API request failed: HTTPSConnectionPool(host='trading.vietcap.com.vn', port=443): Max retries exceeded with url: /api/chart/OHLCChart/gap (Caused by NameResolutionError("<urllib3.connection.HTTPSConnection object at 0x7e619e7b1490>: Failed to resolve 'trading.vietcap.com.vn' ([Errno -2] Name or service not known)"))
[2025-10-07T11:01:00.773+0000] {client.py:83} ERROR - API request failed: HTTPSConnectionPool(host='trading.vietcap.com.vn', port=443): Max retries exceeded with url: /api/chart/OHLCChart/gap (Caused by NameResolutionError("<urllib3.connection.HTTPSConnection object at 0x7e619e7c1010>: Failed to resolve 'trading.vietcap.com.vn' ([Errno -2] Name or service not known)"))
[2025-10-07T11:01:02.789+0000] {client.py:83} ERROR - API request failed: HTTPSConnectionPool(host='trading.vietcap.com.vn', port=443): Max retries exceeded with url: /api/chart/OHLCChart/gap (Caused by NameResolutionError("<urllib3.connection.HTTPSConnection object at 0x7e61c5311160>: Failed to resolve 'trading.vietcap.com.vn' ([Errno -2] Name or service not known)"))
[2025-10-07T11:01:02.791+0000] {logging_mixin.py:190} INFO - Không tìm thấy dữ liệu cho SVC
[2025-10-07T11:01:02.795+0000] {logging_mixin.py:190} INFO - ℹ️ SVC: Không có dữ liệu mới.
[2025-10-07T11:01:02.797+0000] {logging_mixin.py:190} INFO - ⬇️ Bắt đầu xử lý symbol = STW
[2025-10-07T11:01:02.862+0000] {logging_mixin.py:190} INFO - ⚠️ Không đọc được file cũ STW: 'date'
[2025-10-07T11:01:02.895+0000] {logging_mixin.py:190} INFO - STW: trích dữ liệu từ 2025-09-25 đến 2025-10-07
[2025-10-07T11:01:02.909+0000] {client.py:83} ERROR - API request failed: HTTPSConnectionPool(host='trading.vietcap.com.vn', port=443): Max retries exceeded with url: /api/chart/OHLCChart/gap (Caused by NameResolutionError("<urllib3.connection.HTTPSConnection object at 0x7e61c5312cc0>: Failed to resolve 'trading.vietcap.com.vn' ([Errno -2] Name or service not known)"))
[2025-10-07T11:01:04.921+0000] {client.py:83} ERROR - API request failed: HTTPSConnectionPool(host='trading.vietcap.com.vn', port=443): Max retries exceeded with url: /api/chart/OHLCChart/gap (Caused by NameResolutionError("<urllib3.connection.HTTPSConnection object at 0x7e619e7b31d0>: Failed to resolve 'trading.vietcap.com.vn' ([Errno -2] Name or service not known)"))
[2025-10-07T11:11:54.095+0000] {client.py:83} ERROR - API request failed: HTTPSConnectionPool(host='trading.vietcap.com.vn', port=443): Max retries exceeded with url: /api/chart/OHLCChart/gap (Caused by NameResolutionError("<urllib3.connection.HTTPSConnection object at 0x7e619e7b29f0>: Failed to resolve 'trading.vietcap.com.vn' ([Errno -2] Name or service not known)"))
[2025-10-07T11:11:54.122+0000] {logging_mixin.py:190} INFO - Không tìm thấy dữ liệu cho STW
[2025-10-07T11:11:54.133+0000] {logging_mixin.py:190} INFO - ℹ️ STW: Không có dữ liệu mới.
[2025-10-07T11:11:54.147+0000] {logging_mixin.py:190} INFO - ⬇️ Bắt đầu xử lý symbol = STT
[2025-10-07T11:11:54.422+0000] {logging_mixin.py:190} INFO - ⚠️ Không đọc được file cũ STT: 'date'
[2025-10-07T11:11:54.519+0000] {logging_mixin.py:190} INFO - STT: trích dữ liệu từ 2025-10-04 đến 2025-10-07
[2025-10-07T11:11:54.589+0000] {client.py:83} ERROR - API request failed: HTTPSConnectionPool(host='trading.vietcap.com.vn', port=443): Max retries exceeded with url: /api/chart/OHLCChart/gap (Caused by NameResolutionError("<urllib3.connection.HTTPSConnection object at 0x7e619e7c3a40>: Failed to resolve 'trading.vietcap.com.vn' ([Errno -2] Name or service not known)"))
[2025-10-07T11:11:56.637+0000] {client.py:83} ERROR - API request failed: HTTPSConnectionPool(host='trading.vietcap.com.vn', port=443): Max retries exceeded with url: /api/chart/OHLCChart/gap (Caused by NameResolutionError("<urllib3.connection.HTTPSConnection object at 0x7e619e9358e0>: Failed to resolve 'trading.vietcap.com.vn' ([Errno -2] Name or service not known)"))
[2025-10-07T11:11:58.342+0000] {job.py:229} INFO - Heartbeat recovered after 651.95 seconds
[2025-10-07T11:11:58.653+0000] {client.py:83} ERROR - API request failed: HTTPSConnectionPool(host='trading.vietcap.com.vn', port=443): Max retries exceeded with url: /api/chart/OHLCChart/gap (Caused by NameResolutionError("<urllib3.connection.HTTPSConnection object at 0x7e619e775610>: Failed to resolve 'trading.vietcap.com.vn' ([Errno -2] Name or service not known)"))
[2025-10-07T11:11:58.655+0000] {logging_mixin.py:190} INFO - Không tìm thấy dữ liệu cho STT
[2025-10-07T11:11:58.661+0000] {logging_mixin.py:190} INFO - ℹ️ STT: Không có dữ liệu mới.
[2025-10-07T11:11:58.662+0000] {logging_mixin.py:190} INFO - ⬇️ Bắt đầu xử lý symbol = STS
[2025-10-07T11:11:58.697+0000] {logging_mixin.py:190} INFO - ⚠️ Không đọc được file cũ STS: 'date'
[2025-10-07T11:11:58.710+0000] {logging_mixin.py:190} INFO - STS: trích dữ liệu từ 2025-06-25 đến 2025-10-07
[2025-10-07T11:11:58.719+0000] {client.py:83} ERROR - API request failed: HTTPSConnectionPool(host='trading.vietcap.com.vn', port=443): Max retries exceeded with url: /api/chart/OHLCChart/gap (Caused by NameResolutionError("<urllib3.connection.HTTPSConnection object at 0x7e619e7c1f40>: Failed to resolve 'trading.vietcap.com.vn' ([Errno -2] Name or service not known)"))
[2025-10-07T11:12:00.729+0000] {client.py:83} ERROR - API request failed: HTTPSConnectionPool(host='trading.vietcap.com.vn', port=443): Max retries exceeded with url: /api/chart/OHLCChart/gap (Caused by NameResolutionError("<urllib3.connection.HTTPSConnection object at 0x7e619e7773e0>: Failed to resolve 'trading.vietcap.com.vn' ([Errno -2] Name or service not known)"))
[2025-10-07T11:12:02.982+0000] {client.py:83} ERROR - API request failed: HTTPSConnectionPool(host='trading.vietcap.com.vn', port=443): Max retries exceeded with url: /api/chart/OHLCChart/gap (Caused by NameResolutionError("<urllib3.connection.HTTPSConnection object at 0x7e619e7ef170>: Failed to resolve 'trading.vietcap.com.vn' ([Errno -2] Name or service not known)"))
[2025-10-07T11:12:02.986+0000] {logging_mixin.py:190} INFO - Không tìm thấy dữ liệu cho STS
[2025-10-07T11:12:02.989+0000] {logging_mixin.py:190} INFO - ℹ️ STS: Không có dữ liệu mới.
[2025-10-07T11:12:02.992+0000] {python.py:240} INFO - Done. Returned value was: None
[2025-10-07T11:12:03.023+0000] {taskinstance.py:341} INFO - ::group::Post task execution logs
[2025-10-07T11:12:03.026+0000] {taskinstance.py:353} INFO - Marking task as SUCCESS. dag_id=vnstock_weekly_etl_incremental, task_id=process_batch, run_id=manual__2025-10-07T10:41:48.387187+00:00, map_index=7, execution_date=20251007T104148, start_date=20251007T105147, end_date=20251007T111203
[2025-10-07T11:12:03.169+0000] {local_task_job_runner.py:266} INFO - Task exited with return code 0
[2025-10-07T11:12:03.570+0000] {taskinstance.py:3901} INFO - 0 downstream tasks scheduled from follow-on schedule check
[2025-10-07T11:12:03.575+0000] {local_task_job_runner.py:245} INFO - ::endgroup::
