[2025-10-07T15:39:11.265+0000] {local_task_job_runner.py:123} INFO - ::group::Pre task execution logs
[2025-10-07T15:39:11.289+0000] {taskinstance.py:2614} INFO - Dependencies all met for dep_context=non-requeueable deps ti=<TaskInstance: vnstock_weekly_etl_incremental.process_batch manual__2025-10-07T10:44:44.201464+00:00 map_index=32 [queued]>
[2025-10-07T15:39:11.305+0000] {taskinstance.py:2614} INFO - Dependencies all met for dep_context=requeueable deps ti=<TaskInstance: vnstock_weekly_etl_incremental.process_batch manual__2025-10-07T10:44:44.201464+00:00 map_index=32 [queued]>
[2025-10-07T15:39:11.305+0000] {taskinstance.py:2867} INFO - Starting attempt 1 of 3
[2025-10-07T15:39:11.317+0000] {taskinstance.py:2890} INFO - Executing <Mapped(_PythonDecoratedOperator): process_batch> on 2025-10-07 10:44:44.201464+00:00
[2025-10-07T15:39:11.327+0000] {logging_mixin.py:190} WARNING - /home/***/.local/lib/python3.12/site-packages/***/task/task_runner/standard_task_runner.py:70 DeprecationWarning: This process (pid=25643) is multi-threaded, use of fork() may lead to deadlocks in the child.
[2025-10-07T15:39:11.329+0000] {standard_task_runner.py:72} INFO - Started process 25653 to run task
[2025-10-07T15:39:11.329+0000] {standard_task_runner.py:104} INFO - Running: ['***', 'tasks', 'run', 'vnstock_weekly_etl_incremental', 'process_batch', 'manual__2025-10-07T10:44:44.201464+00:00', '--job-id', '229', '--raw', '--subdir', 'DAGS_FOLDER/dag.py', '--cfg-path', '/tmp/tmpmj07jche', '--map-index', '32']
[2025-10-07T15:39:11.331+0000] {standard_task_runner.py:105} INFO - Job 229: Subtask process_batch
[2025-10-07T15:39:11.345+0000] {logging_mixin.py:190} WARNING - /home/***/.local/lib/python3.12/site-packages/***/settings.py:209 DeprecationWarning: The sql_alchemy_conn option in [core] has been moved to the sql_alchemy_conn option in [database] - the old setting has been used, but please update your config.
[2025-10-07T15:39:11.389+0000] {task_command.py:467} INFO - Running <TaskInstance: vnstock_weekly_etl_incremental.process_batch manual__2025-10-07T10:44:44.201464+00:00 map_index=32 [running]> on host e3278e0f0bbc
[2025-10-07T15:39:11.644+0000] {taskinstance.py:3134} INFO - Exporting env vars: AIRFLOW_CTX_DAG_OWNER='***' AIRFLOW_CTX_DAG_ID='vnstock_weekly_etl_incremental' AIRFLOW_CTX_TASK_ID='process_batch' AIRFLOW_CTX_EXECUTION_DATE='2025-10-07T10:44:44.201464+00:00' AIRFLOW_CTX_TRY_NUMBER='1' AIRFLOW_CTX_DAG_RUN_ID='manual__2025-10-07T10:44:44.201464+00:00'
[2025-10-07T15:39:11.645+0000] {taskinstance.py:732} INFO - ::endgroup::
[2025-10-07T15:39:11.647+0000] {logging_mixin.py:190} INFO - ⬇️ Bắt đầu xử lý symbol = BLF
[2025-10-07T15:39:11.667+0000] {logging_mixin.py:190} INFO - ⚠️ Không đọc được file cũ BLF: 'date'
[2025-10-07T15:39:11.680+0000] {logging_mixin.py:190} INFO - BLF: trích dữ liệu từ 2025-10-04 đến 2025-10-07
[2025-10-07T15:39:16.146+0000] {logging_mixin.py:190} INFO - Không tìm thấy dữ liệu cho BLF
[2025-10-07T15:39:16.148+0000] {logging_mixin.py:190} INFO - BLF: Không có dữ liệu mới.
[2025-10-07T15:39:16.149+0000] {logging_mixin.py:190} INFO - ⬇️ Bắt đầu xử lý symbol = BKH
[2025-10-07T15:39:16.167+0000] {logging_mixin.py:190} INFO - ⚠️ Không đọc được file cũ BKH: 'date'
[2025-10-07T15:39:16.174+0000] {logging_mixin.py:190} INFO - BKH: trích dữ liệu từ 2023-08-25 đến 2025-10-07
[2025-10-07T15:39:20.863+0000] {logging_mixin.py:190} INFO - Không tìm thấy dữ liệu cho BKH
[2025-10-07T15:39:20.864+0000] {logging_mixin.py:190} INFO - BKH: Không có dữ liệu mới.
[2025-10-07T15:39:20.865+0000] {logging_mixin.py:190} INFO - ⬇️ Bắt đầu xử lý symbol = BKG
[2025-10-07T15:39:20.882+0000] {logging_mixin.py:190} INFO - ⚠️ Không đọc được file cũ BKG: 'date'
[2025-10-07T15:39:20.890+0000] {logging_mixin.py:190} INFO - BKG: trích dữ liệu từ 2025-10-08 đến 2025-10-07
[2025-10-07T15:39:25.382+0000] {logging_mixin.py:190} INFO - Không tìm thấy dữ liệu cho BKG
[2025-10-07T15:39:25.383+0000] {logging_mixin.py:190} INFO - BKG: Không có dữ liệu mới.
[2025-10-07T15:39:25.384+0000] {logging_mixin.py:190} INFO - ⬇️ Bắt đầu xử lý symbol = BKC
[2025-10-07T15:39:25.404+0000] {logging_mixin.py:190} INFO - ⚠️ Không đọc được file cũ BKC: 'date'
[2025-10-07T15:39:25.412+0000] {logging_mixin.py:190} INFO - BKC: trích dữ liệu từ 2025-10-08 đến 2025-10-07
[2025-10-07T15:39:29.937+0000] {logging_mixin.py:190} INFO - Không tìm thấy dữ liệu cho BKC
[2025-10-07T15:39:29.939+0000] {logging_mixin.py:190} INFO - BKC: Không có dữ liệu mới.
[2025-10-07T15:39:29.939+0000] {logging_mixin.py:190} INFO - ⬇️ Bắt đầu xử lý symbol = BIO
[2025-10-07T15:39:29.958+0000] {logging_mixin.py:190} INFO - ⚠️ Không đọc được file cũ BIO: 'date'
[2025-10-07T15:39:29.966+0000] {logging_mixin.py:190} INFO - BIO: trích dữ liệu từ 2025-10-07 đến 2025-10-07
[2025-10-07T15:39:34.447+0000] {logging_mixin.py:190} INFO - Không tìm thấy dữ liệu cho BIO
[2025-10-07T15:39:34.448+0000] {logging_mixin.py:190} INFO - BIO: Không có dữ liệu mới.
[2025-10-07T15:39:34.449+0000] {logging_mixin.py:190} INFO - 🚦 Giới hạn API đạt mức tối đa, chờ 37.2s...
[2025-10-07T15:40:11.611+0000] {logging_mixin.py:190} INFO - ⬇️ Bắt đầu xử lý symbol = BII
[2025-10-07T15:40:11.645+0000] {logging_mixin.py:190} INFO - ⚠️ Không đọc được file cũ BII: 'date'
[2025-10-07T15:40:11.653+0000] {logging_mixin.py:190} INFO - BII: trích dữ liệu từ 2025-10-04 đến 2025-10-07
[2025-10-07T15:40:16.085+0000] {logging_mixin.py:190} INFO - Không tìm thấy dữ liệu cho BII
[2025-10-07T15:40:16.087+0000] {logging_mixin.py:190} INFO - BII: Không có dữ liệu mới.
[2025-10-07T15:40:16.088+0000] {logging_mixin.py:190} INFO - 🚦 Giới hạn API đạt mức tối đa, chờ 0.1s...
[2025-10-07T15:40:16.149+0000] {logging_mixin.py:190} INFO - ⬇️ Bắt đầu xử lý symbol = BIG
[2025-10-07T15:40:16.169+0000] {logging_mixin.py:190} INFO - ⚠️ Không đọc được file cũ BIG: 'date'
[2025-10-07T15:40:16.177+0000] {logging_mixin.py:190} INFO - BIG: trích dữ liệu từ 2025-10-08 đến 2025-10-07
[2025-10-07T15:40:20.612+0000] {logging_mixin.py:190} INFO - Không tìm thấy dữ liệu cho BIG
[2025-10-07T15:40:20.614+0000] {logging_mixin.py:190} INFO - BIG: Không có dữ liệu mới.
[2025-10-07T15:40:20.614+0000] {logging_mixin.py:190} INFO - 🚦 Giới hạn API đạt mức tối đa, chờ 0.3s...
[2025-10-07T15:40:20.865+0000] {logging_mixin.py:190} INFO - ⬇️ Bắt đầu xử lý symbol = BID
[2025-10-07T15:40:20.883+0000] {logging_mixin.py:190} INFO - ⚠️ Không đọc được file cũ BID: 'date'
[2025-10-07T15:40:20.891+0000] {logging_mixin.py:190} INFO - BID: trích dữ liệu từ 2025-10-08 đến 2025-10-07
[2025-10-07T15:40:25.448+0000] {logging_mixin.py:190} INFO - Không tìm thấy dữ liệu cho BID
[2025-10-07T15:40:25.450+0000] {logging_mixin.py:190} INFO - BID: Không có dữ liệu mới.
[2025-10-07T15:40:25.450+0000] {logging_mixin.py:190} INFO - ⬇️ Bắt đầu xử lý symbol = BIC
[2025-10-07T15:40:25.468+0000] {logging_mixin.py:190} INFO - ⚠️ Không đọc được file cũ BIC: 'date'
[2025-10-07T15:40:25.475+0000] {logging_mixin.py:190} INFO - BIC: trích dữ liệu từ 2025-10-08 đến 2025-10-07
[2025-10-07T15:40:29.921+0000] {logging_mixin.py:190} INFO - Không tìm thấy dữ liệu cho BIC
[2025-10-07T15:40:29.922+0000] {logging_mixin.py:190} INFO - BIC: Không có dữ liệu mới.
[2025-10-07T15:40:29.923+0000] {logging_mixin.py:190} INFO - 🚦 Giới hạn API đạt mức tối đa, chờ 0.0s...
[2025-10-07T15:40:29.940+0000] {logging_mixin.py:190} INFO - ⬇️ Bắt đầu xử lý symbol = BHT
[2025-10-07T15:40:29.963+0000] {logging_mixin.py:190} INFO - ⚠️ Không đọc được file cũ BHT: 'date'
[2025-10-07T15:40:29.970+0000] {logging_mixin.py:190} INFO - BHT: trích dữ liệu từ 2023-03-25 đến 2025-10-07
[2025-10-07T15:40:34.549+0000] {logging_mixin.py:190} INFO - Không tìm thấy dữ liệu cho BHT
[2025-10-07T15:40:34.551+0000] {logging_mixin.py:190} INFO - BHT: Không có dữ liệu mới.
[2025-10-07T15:40:34.551+0000] {logging_mixin.py:190} INFO - 🚦 Giới hạn API đạt mức tối đa, chờ 37.1s...
[2025-10-07T15:41:11.568+0000] {logging_mixin.py:190} INFO - ⬇️ Bắt đầu xử lý symbol = BHP
[2025-10-07T15:41:11.620+0000] {logging_mixin.py:190} INFO - ⚠️ Không đọc được file cũ BHP: 'date'
[2025-10-07T15:41:11.628+0000] {logging_mixin.py:190} INFO - BHP: trích dữ liệu từ 2025-10-08 đến 2025-10-07
[2025-10-07T15:41:16.492+0000] {logging_mixin.py:190} INFO - Không tìm thấy dữ liệu cho BHP
[2025-10-07T15:41:16.496+0000] {logging_mixin.py:190} INFO - BHP: Không có dữ liệu mới.
[2025-10-07T15:41:16.497+0000] {logging_mixin.py:190} INFO - ⬇️ Bắt đầu xử lý symbol = BHN
[2025-10-07T15:41:16.529+0000] {logging_mixin.py:190} INFO - ⚠️ Không đọc được file cũ BHN: 'date'
[2025-10-07T15:41:16.587+0000] {logging_mixin.py:190} INFO - BHN: trích dữ liệu từ 2025-10-08 đến 2025-10-07
[2025-10-07T15:41:21.309+0000] {logging_mixin.py:190} INFO - Không tìm thấy dữ liệu cho BHN
[2025-10-07T15:41:21.312+0000] {logging_mixin.py:190} INFO - BHN: Không có dữ liệu mới.
[2025-10-07T15:41:21.313+0000] {logging_mixin.py:190} INFO - ⬇️ Bắt đầu xử lý symbol = BHK
[2025-10-07T15:41:21.346+0000] {logging_mixin.py:190} INFO - ⚠️ Không đọc được file cũ BHK: 'date'
[2025-10-07T15:41:21.357+0000] {logging_mixin.py:190} INFO - BHK: trích dữ liệu từ 2025-10-04 đến 2025-10-07
[2025-10-07T15:41:25.872+0000] {logging_mixin.py:190} INFO - Không tìm thấy dữ liệu cho BHK
[2025-10-07T15:41:25.874+0000] {logging_mixin.py:190} INFO - BHK: Không có dữ liệu mới.
[2025-10-07T15:41:25.874+0000] {logging_mixin.py:190} INFO - ⬇️ Bắt đầu xử lý symbol = BHI
[2025-10-07T15:41:25.891+0000] {logging_mixin.py:190} INFO - ⚠️ Không đọc được file cũ BHI: 'date'
[2025-10-07T15:41:25.896+0000] {logging_mixin.py:190} INFO - BHI: trích dữ liệu từ 2025-10-07 đến 2025-10-07
[2025-10-07T15:41:30.526+0000] {logging_mixin.py:190} INFO - Không tìm thấy dữ liệu cho BHI
[2025-10-07T15:41:30.528+0000] {logging_mixin.py:190} INFO - BHI: Không có dữ liệu mới.
[2025-10-07T15:41:30.528+0000] {logging_mixin.py:190} INFO - ⬇️ Bắt đầu xử lý symbol = BHH
[2025-10-07T15:41:30.542+0000] {logging_mixin.py:190} INFO - ⚠️ Không đọc được file cũ BHH: 'date'
[2025-10-07T15:41:30.547+0000] {logging_mixin.py:190} INFO - BHH: trích dữ liệu từ 2025-10-08 đến 2025-10-07
[2025-10-07T15:41:35.027+0000] {logging_mixin.py:190} INFO - Không tìm thấy dữ liệu cho BHH
[2025-10-07T15:41:35.029+0000] {logging_mixin.py:190} INFO - BHH: Không có dữ liệu mới.
[2025-10-07T15:41:35.029+0000] {logging_mixin.py:190} INFO - 🚦 Giới hạn API đạt mức tối đa, chờ 36.5s...
[2025-10-07T15:42:11.520+0000] {logging_mixin.py:190} INFO - ⬇️ Bắt đầu xử lý symbol = BHG
[2025-10-07T15:42:11.542+0000] {logging_mixin.py:190} INFO - ⚠️ Không đọc được file cũ BHG: 'date'
[2025-10-07T15:42:11.548+0000] {logging_mixin.py:190} INFO - BHG: trích dữ liệu từ 2024-10-25 đến 2025-10-07
[2025-10-07T15:42:16.056+0000] {logging_mixin.py:190} INFO - Không tìm thấy dữ liệu cho BHG
[2025-10-07T15:42:16.058+0000] {logging_mixin.py:190} INFO - BHG: Không có dữ liệu mới.
[2025-10-07T15:42:16.058+0000] {logging_mixin.py:190} INFO - 🚦 Giới hạn API đạt mức tối đa, chờ 0.4s...
[2025-10-07T15:42:16.497+0000] {logging_mixin.py:190} INFO - ⬇️ Bắt đầu xử lý symbol = BHC
[2025-10-07T15:42:16.515+0000] {logging_mixin.py:190} INFO - ⚠️ Không đọc được file cũ BHC: 'date'
[2025-10-07T15:42:16.523+0000] {logging_mixin.py:190} INFO - BHC: trích dữ liệu từ 2025-10-04 đến 2025-10-07
[2025-10-07T15:42:21.290+0000] {logging_mixin.py:190} INFO - Không tìm thấy dữ liệu cho BHC
[2025-10-07T15:42:21.292+0000] {logging_mixin.py:190} INFO - BHC: Không có dữ liệu mới.
[2025-10-07T15:42:21.292+0000] {logging_mixin.py:190} INFO - 🚦 Giới hạn API đạt mức tối đa, chờ 0.0s...
[2025-10-07T15:42:21.313+0000] {logging_mixin.py:190} INFO - ⬇️ Bắt đầu xử lý symbol = BHA
[2025-10-07T15:42:21.333+0000] {logging_mixin.py:190} INFO - ⚠️ Không đọc được file cũ BHA: 'date'
[2025-10-07T15:42:21.341+0000] {logging_mixin.py:190} INFO - BHA: trích dữ liệu từ 2025-10-08 đến 2025-10-07
[2025-10-07T15:42:25.806+0000] {logging_mixin.py:190} INFO - Không tìm thấy dữ liệu cho BHA
[2025-10-07T15:42:25.808+0000] {logging_mixin.py:190} INFO - BHA: Không có dữ liệu mới.
[2025-10-07T15:42:25.808+0000] {logging_mixin.py:190} INFO - 🚦 Giới hạn API đạt mức tối đa, chờ 0.1s...
[2025-10-07T15:42:25.875+0000] {logging_mixin.py:190} INFO - ⬇️ Bắt đầu xử lý symbol = BGW
[2025-10-07T15:42:25.912+0000] {logging_mixin.py:190} INFO - ⚠️ Không đọc được file cũ BGW: 'date'
[2025-10-07T15:42:25.931+0000] {logging_mixin.py:190} INFO - BGW: trích dữ liệu từ 2025-10-03 đến 2025-10-07
[2025-10-07T15:42:31.821+0000] {logging_mixin.py:190} INFO - Không tìm thấy dữ liệu cho BGW
[2025-10-07T15:42:31.822+0000] {logging_mixin.py:190} INFO - BGW: Không có dữ liệu mới.
[2025-10-07T15:42:31.823+0000] {logging_mixin.py:190} INFO - ⬇️ Bắt đầu xử lý symbol = BGE
[2025-10-07T15:42:31.845+0000] {logging_mixin.py:190} INFO - ⚠️ Không đọc được file cũ BGE: 'date'
[2025-10-07T15:42:31.850+0000] {logging_mixin.py:190} INFO - BGE: trích dữ liệu từ 2025-10-04 đến 2025-10-07
[2025-10-07T15:42:37.462+0000] {logging_mixin.py:190} INFO - Không tìm thấy dữ liệu cho BGE
[2025-10-07T15:42:37.464+0000] {logging_mixin.py:190} INFO - BGE: Không có dữ liệu mới.
[2025-10-07T15:42:37.464+0000] {logging_mixin.py:190} INFO - 🚦 Giới hạn API đạt mức tối đa, chờ 34.1s...
[2025-10-07T15:43:11.508+0000] {logging_mixin.py:190} INFO - ⬇️ Bắt đầu xử lý symbol = BFC
[2025-10-07T15:43:11.523+0000] {logging_mixin.py:190} INFO - ⚠️ Không đọc được file cũ BFC: 'date'
[2025-10-07T15:43:11.534+0000] {logging_mixin.py:190} INFO - BFC: trích dữ liệu từ 2025-10-08 đến 2025-10-07
[2025-10-07T15:43:16.044+0000] {logging_mixin.py:190} INFO - Không tìm thấy dữ liệu cho BFC
[2025-10-07T15:43:16.046+0000] {logging_mixin.py:190} INFO - BFC: Không có dữ liệu mới.
[2025-10-07T15:43:16.046+0000] {logging_mixin.py:190} INFO - 🚦 Giới hạn API đạt mức tối đa, chờ 0.5s...
[2025-10-07T15:43:16.498+0000] {logging_mixin.py:190} INFO - ⬇️ Bắt đầu xử lý symbol = BEL
[2025-10-07T15:43:16.531+0000] {logging_mixin.py:190} INFO - ⚠️ Không đọc được file cũ BEL: 'date'
[2025-10-07T15:43:16.539+0000] {logging_mixin.py:190} INFO - BEL: trích dữ liệu từ 2025-08-12 đến 2025-10-07
[2025-10-07T15:43:21.030+0000] {logging_mixin.py:190} INFO - Không tìm thấy dữ liệu cho BEL
[2025-10-07T15:43:21.032+0000] {logging_mixin.py:190} INFO - BEL: Không có dữ liệu mới.
[2025-10-07T15:43:21.032+0000] {logging_mixin.py:190} INFO - 🚦 Giới hạn API đạt mức tối đa, chờ 0.3s...
[2025-10-07T15:43:21.314+0000] {logging_mixin.py:190} INFO - ⬇️ Bắt đầu xử lý symbol = BED
[2025-10-07T15:43:21.330+0000] {logging_mixin.py:190} INFO - ⚠️ Không đọc được file cũ BED: 'date'
[2025-10-07T15:43:21.338+0000] {logging_mixin.py:190} INFO - BED: trích dữ liệu từ 2025-06-11 đến 2025-10-07
[2025-10-07T15:43:26.047+0000] {logging_mixin.py:190} INFO - Không tìm thấy dữ liệu cho BED
[2025-10-07T15:43:26.049+0000] {logging_mixin.py:190} INFO - BED: Không có dữ liệu mới.
[2025-10-07T15:43:26.050+0000] {logging_mixin.py:190} INFO - ⬇️ Bắt đầu xử lý symbol = BDW
[2025-10-07T15:43:26.077+0000] {logging_mixin.py:190} INFO - ⚠️ Không đọc được file cũ BDW: 'date'
[2025-10-07T15:43:26.089+0000] {logging_mixin.py:190} INFO - BDW: trích dữ liệu từ 2025-10-08 đến 2025-10-07
[2025-10-07T15:43:30.547+0000] {logging_mixin.py:190} INFO - Không tìm thấy dữ liệu cho BDW
[2025-10-07T15:43:30.549+0000] {logging_mixin.py:190} INFO - BDW: Không có dữ liệu mới.
[2025-10-07T15:43:30.550+0000] {logging_mixin.py:190} INFO - 🚦 Giới hạn API đạt mức tối đa, chờ 1.3s...
[2025-10-07T15:43:31.824+0000] {logging_mixin.py:190} INFO - ⬇️ Bắt đầu xử lý symbol = BDT
[2025-10-07T15:43:31.848+0000] {logging_mixin.py:190} INFO - ⚠️ Không đọc được file cũ BDT: 'date'
[2025-10-07T15:43:31.855+0000] {logging_mixin.py:190} INFO - BDT: trích dữ liệu từ 2025-10-08 đến 2025-10-07
[2025-10-07T15:43:36.392+0000] {logging_mixin.py:190} INFO - Không tìm thấy dữ liệu cho BDT
[2025-10-07T15:43:36.394+0000] {logging_mixin.py:190} INFO - BDT: Không có dữ liệu mới.
[2025-10-07T15:43:36.394+0000] {logging_mixin.py:190} INFO - 🚦 Giới hạn API đạt mức tối đa, chờ 35.1s...
[2025-10-07T15:44:11.495+0000] {logging_mixin.py:190} INFO - ⬇️ Bắt đầu xử lý symbol = BDG
[2025-10-07T15:44:11.516+0000] {logging_mixin.py:190} INFO - ⚠️ Không đọc được file cũ BDG: 'date'
[2025-10-07T15:44:11.524+0000] {logging_mixin.py:190} INFO - BDG: trích dữ liệu từ 2025-10-07 đến 2025-10-07
[2025-10-07T15:44:16.278+0000] {logging_mixin.py:190} INFO - Không tìm thấy dữ liệu cho BDG
[2025-10-07T15:44:16.279+0000] {logging_mixin.py:190} INFO - BDG: Không có dữ liệu mới.
[2025-10-07T15:44:16.280+0000] {logging_mixin.py:190} INFO - 🚦 Giới hạn API đạt mức tối đa, chờ 0.2s...
[2025-10-07T15:44:16.498+0000] {logging_mixin.py:190} INFO - ⬇️ Bắt đầu xử lý symbol = BDB
[2025-10-07T15:44:16.517+0000] {logging_mixin.py:190} INFO - ⚠️ Không đọc được file cũ BDB: 'date'
[2025-10-07T15:44:16.527+0000] {logging_mixin.py:190} INFO - BDB: trích dữ liệu từ 2025-08-14 đến 2025-10-07
[2025-10-07T15:44:26.559+0000] {logging_mixin.py:190} INFO - Không tìm thấy dữ liệu cho BDB
[2025-10-07T15:44:26.560+0000] {logging_mixin.py:190} INFO - BDB: Không có dữ liệu mới.
[2025-10-07T15:44:26.561+0000] {logging_mixin.py:190} INFO - ⬇️ Bắt đầu xử lý symbol = BCV
[2025-10-07T15:44:26.585+0000] {logging_mixin.py:190} INFO - ⚠️ Không đọc được file cũ BCV: 'date'
[2025-10-07T15:44:26.593+0000] {logging_mixin.py:190} INFO - BCV: trích dữ liệu từ 2024-07-26 đến 2025-10-07
[2025-10-07T15:44:31.473+0000] {logging_mixin.py:190} INFO - Không tìm thấy dữ liệu cho BCV
[2025-10-07T15:44:31.475+0000] {logging_mixin.py:190} INFO - BCV: Không có dữ liệu mới.
[2025-10-07T15:44:31.475+0000] {logging_mixin.py:190} INFO - ⬇️ Bắt đầu xử lý symbol = BCR
[2025-10-07T15:44:31.490+0000] {logging_mixin.py:190} INFO - ⚠️ Không đọc được file cũ BCR: 'date'
[2025-10-07T15:44:31.496+0000] {logging_mixin.py:190} INFO - BCR: trích dữ liệu từ 2025-10-04 đến 2025-10-07
[2025-10-07T15:44:36.115+0000] {logging_mixin.py:190} INFO - Không tìm thấy dữ liệu cho BCR
[2025-10-07T15:44:36.116+0000] {logging_mixin.py:190} INFO - BCR: Không có dữ liệu mới.
[2025-10-07T15:44:36.117+0000] {logging_mixin.py:190} INFO - ⬇️ Bắt đầu xử lý symbol = BCP
[2025-10-07T15:44:36.139+0000] {logging_mixin.py:190} INFO - ⚠️ Không đọc được file cũ BCP: 'date'
[2025-10-07T15:44:36.147+0000] {logging_mixin.py:190} INFO - BCP: trích dữ liệu từ 2025-10-08 đến 2025-10-07
[2025-10-07T15:44:40.893+0000] {logging_mixin.py:190} INFO - Không tìm thấy dữ liệu cho BCP
[2025-10-07T15:44:40.894+0000] {logging_mixin.py:190} INFO - BCP: Không có dữ liệu mới.
[2025-10-07T15:44:40.894+0000] {logging_mixin.py:190} INFO - 🚦 Giới hạn API đạt mức tối đa, chờ 30.6s...
[2025-10-07T15:45:11.469+0000] {logging_mixin.py:190} INFO - ⬇️ Bắt đầu xử lý symbol = BCO
[2025-10-07T15:45:11.485+0000] {logging_mixin.py:190} INFO - ⚠️ Không đọc được file cũ BCO: 'date'
[2025-10-07T15:45:11.492+0000] {logging_mixin.py:190} INFO - BCO: trích dữ liệu từ 2024-07-26 đến 2025-10-07
[2025-10-07T15:45:16.094+0000] {logging_mixin.py:190} INFO - Không tìm thấy dữ liệu cho BCO
[2025-10-07T15:45:16.097+0000] {logging_mixin.py:190} INFO - BCO: Không có dữ liệu mới.
[2025-10-07T15:45:16.098+0000] {logging_mixin.py:190} INFO - 🚦 Giới hạn API đạt mức tối đa, chờ 0.4s...
[2025-10-07T15:45:16.500+0000] {logging_mixin.py:190} INFO - ⬇️ Bắt đầu xử lý symbol = BCM
[2025-10-07T15:45:16.516+0000] {logging_mixin.py:190} INFO - ⚠️ Không đọc được file cũ BCM: 'date'
[2025-10-07T15:45:16.523+0000] {logging_mixin.py:190} INFO - BCM: trích dữ liệu từ 2025-10-08 đến 2025-10-07
[2025-10-07T15:45:21.079+0000] {logging_mixin.py:190} INFO - Không tìm thấy dữ liệu cho BCM
[2025-10-07T15:45:21.081+0000] {logging_mixin.py:190} INFO - BCM: Không có dữ liệu mới.
[2025-10-07T15:45:21.081+0000] {logging_mixin.py:190} INFO - 🚦 Giới hạn API đạt mức tối đa, chờ 5.5s...
[2025-10-07T15:45:26.562+0000] {logging_mixin.py:190} INFO - ⬇️ Bắt đầu xử lý symbol = BCG
[2025-10-07T15:45:26.583+0000] {logging_mixin.py:190} INFO - ⚠️ Không đọc được file cũ BCG: 'date'
[2025-10-07T15:45:26.590+0000] {logging_mixin.py:190} INFO - BCG: trích dữ liệu từ 2025-10-08 đến 2025-10-07
[2025-10-07T15:45:31.184+0000] {logging_mixin.py:190} INFO - Không tìm thấy dữ liệu cho BCG
[2025-10-07T15:45:31.186+0000] {logging_mixin.py:190} INFO - BCG: Không có dữ liệu mới.
[2025-10-07T15:45:31.186+0000] {logging_mixin.py:190} INFO - 🚦 Giới hạn API đạt mức tối đa, chờ 0.3s...
[2025-10-07T15:45:31.476+0000] {logging_mixin.py:190} INFO - ⬇️ Bắt đầu xử lý symbol = BCF
[2025-10-07T15:45:31.499+0000] {logging_mixin.py:190} INFO - ⚠️ Không đọc được file cũ BCF: 'date'
[2025-10-07T15:45:31.509+0000] {logging_mixin.py:190} INFO - BCF: trích dữ liệu từ 2025-10-03 đến 2025-10-07
[2025-10-07T15:45:36.132+0000] {logging_mixin.py:190} INFO - Không tìm thấy dữ liệu cho BCF
[2025-10-07T15:45:36.133+0000] {logging_mixin.py:190} INFO - BCF: Không có dữ liệu mới.
[2025-10-07T15:45:36.133+0000] {logging_mixin.py:190} INFO - ⬇️ Bắt đầu xử lý symbol = BCE
[2025-10-07T15:45:36.150+0000] {logging_mixin.py:190} INFO - ⚠️ Không đọc được file cũ BCE: 'date'
[2025-10-07T15:45:36.159+0000] {logging_mixin.py:190} INFO - BCE: trích dữ liệu từ 2025-10-08 đến 2025-10-07
[2025-10-07T15:45:41.946+0000] {logging_mixin.py:190} INFO - Không tìm thấy dữ liệu cho BCE
[2025-10-07T15:45:41.947+0000] {logging_mixin.py:190} INFO - BCE: Không có dữ liệu mới.
[2025-10-07T15:45:41.948+0000] {logging_mixin.py:190} INFO - 🚦 Giới hạn API đạt mức tối đa, chờ 29.5s...
[2025-10-07T15:46:11.452+0000] {logging_mixin.py:190} INFO - ⬇️ Bắt đầu xử lý symbol = BCC
[2025-10-07T15:46:11.477+0000] {logging_mixin.py:190} INFO - ⚠️ Không đọc được file cũ BCC: 'date'
[2025-10-07T15:46:11.484+0000] {logging_mixin.py:190} INFO - BCC: trích dữ liệu từ 2025-10-08 đến 2025-10-07
[2025-10-07T15:46:17.049+0000] {logging_mixin.py:190} INFO - Không tìm thấy dữ liệu cho BCC
[2025-10-07T15:46:17.051+0000] {logging_mixin.py:190} INFO - BCC: Không có dữ liệu mới.
[2025-10-07T15:46:17.051+0000] {logging_mixin.py:190} INFO - ⬇️ Bắt đầu xử lý symbol = BCB
[2025-10-07T15:46:17.068+0000] {logging_mixin.py:190} INFO - ⚠️ Không đọc được file cũ BCB: 'date'
[2025-10-07T15:46:17.074+0000] {logging_mixin.py:190} INFO - BCB: trích dữ liệu từ 2025-09-06 đến 2025-10-07
[2025-10-07T15:46:21.577+0000] {logging_mixin.py:190} INFO - Không tìm thấy dữ liệu cho BCB
[2025-10-07T15:46:21.578+0000] {logging_mixin.py:190} INFO - BCB: Không có dữ liệu mới.
[2025-10-07T15:46:21.578+0000] {logging_mixin.py:190} INFO - 🚦 Giới hạn API đạt mức tối đa, chờ 5.0s...
[2025-10-07T15:46:26.562+0000] {logging_mixin.py:190} INFO - ⬇️ Bắt đầu xử lý symbol = BCA
[2025-10-07T15:46:26.584+0000] {logging_mixin.py:190} INFO - ⚠️ Không đọc được file cũ BCA: 'date'
[2025-10-07T15:46:26.592+0000] {logging_mixin.py:190} INFO - BCA: trích dữ liệu từ 2025-10-08 đến 2025-10-07
[2025-10-07T15:46:31.644+0000] {logging_mixin.py:190} INFO - Không tìm thấy dữ liệu cho BCA
[2025-10-07T15:46:31.645+0000] {logging_mixin.py:190} INFO - BCA: Không có dữ liệu mới.
[2025-10-07T15:46:31.646+0000] {logging_mixin.py:190} INFO - ⬇️ Bắt đầu xử lý symbol = BBT
[2025-10-07T15:46:31.663+0000] {logging_mixin.py:190} INFO - ⚠️ Không đọc được file cũ BBT: 'date'
[2025-10-07T15:46:31.670+0000] {logging_mixin.py:190} INFO - BBT: trích dữ liệu từ 2025-10-08 đến 2025-10-07
[2025-10-07T15:46:36.504+0000] {logging_mixin.py:190} INFO - Không tìm thấy dữ liệu cho BBT
[2025-10-07T15:46:36.506+0000] {logging_mixin.py:190} INFO - BBT: Không có dữ liệu mới.
[2025-10-07T15:46:36.506+0000] {logging_mixin.py:190} INFO - ⬇️ Bắt đầu xử lý symbol = BBS
[2025-10-07T15:46:36.533+0000] {logging_mixin.py:190} INFO - ⚠️ Không đọc được file cũ BBS: 'date'
[2025-10-07T15:46:36.541+0000] {logging_mixin.py:190} INFO - BBS: trích dữ liệu từ 2025-09-19 đến 2025-10-07
[2025-10-07T15:46:41.055+0000] {logging_mixin.py:190} INFO - Không tìm thấy dữ liệu cho BBS
[2025-10-07T15:46:41.056+0000] {logging_mixin.py:190} INFO - BBS: Không có dữ liệu mới.
[2025-10-07T15:46:41.056+0000] {logging_mixin.py:190} INFO - 🚦 Giới hạn API đạt mức tối đa, chờ 30.4s...
[2025-10-07T15:47:11.438+0000] {logging_mixin.py:190} INFO - ⬇️ Bắt đầu xử lý symbol = BBM
[2025-10-07T15:47:11.466+0000] {logging_mixin.py:190} INFO - ⚠️ Không đọc được file cũ BBM: 'date'
[2025-10-07T15:47:11.475+0000] {logging_mixin.py:190} INFO - BBM: trích dữ liệu từ 2025-10-01 đến 2025-10-07
[2025-10-07T15:47:16.346+0000] {logging_mixin.py:190} INFO - Không tìm thấy dữ liệu cho BBM
[2025-10-07T15:47:16.348+0000] {logging_mixin.py:190} INFO - BBM: Không có dữ liệu mới.
[2025-10-07T15:47:16.349+0000] {logging_mixin.py:190} INFO - 🚦 Giới hạn API đạt mức tối đa, chờ 0.7s...
[2025-10-07T15:47:17.052+0000] {logging_mixin.py:190} INFO - ⬇️ Bắt đầu xử lý symbol = BBH
[2025-10-07T15:47:17.068+0000] {logging_mixin.py:190} INFO - ⚠️ Không đọc được file cũ BBH: 'date'
[2025-10-07T15:47:17.075+0000] {logging_mixin.py:190} INFO - BBH: trích dữ liệu từ 2025-10-04 đến 2025-10-07
[2025-10-07T15:47:22.626+0000] {logging_mixin.py:190} INFO - Không tìm thấy dữ liệu cho BBH
[2025-10-07T15:47:22.627+0000] {logging_mixin.py:190} INFO - BBH: Không có dữ liệu mới.
[2025-10-07T15:47:22.628+0000] {logging_mixin.py:190} INFO - 🚦 Giới hạn API đạt mức tối đa, chờ 3.9s...
[2025-10-07T15:47:26.563+0000] {logging_mixin.py:190} INFO - ⬇️ Bắt đầu xử lý symbol = BBC
[2025-10-07T15:47:26.583+0000] {logging_mixin.py:190} INFO - ⚠️ Không đọc được file cũ BBC: 'date'
[2025-10-07T15:47:26.590+0000] {logging_mixin.py:190} INFO - BBC: trích dữ liệu từ 2025-10-07 đến 2025-10-07
[2025-10-07T15:47:31.161+0000] {logging_mixin.py:190} INFO - Không tìm thấy dữ liệu cho BBC
[2025-10-07T15:47:31.163+0000] {logging_mixin.py:190} INFO - BBC: Không có dữ liệu mới.
[2025-10-07T15:47:31.164+0000] {logging_mixin.py:190} INFO - 🚦 Giới hạn API đạt mức tối đa, chờ 0.5s...
[2025-10-07T15:47:31.647+0000] {logging_mixin.py:190} INFO - ⬇️ Bắt đầu xử lý symbol = BAX
[2025-10-07T15:47:31.668+0000] {logging_mixin.py:190} INFO - ⚠️ Không đọc được file cũ BAX: 'date'
[2025-10-07T15:47:31.677+0000] {logging_mixin.py:190} INFO - BAX: trích dữ liệu từ 2025-09-24 đến 2025-10-07
[2025-10-07T15:47:36.194+0000] {logging_mixin.py:190} INFO - Không tìm thấy dữ liệu cho BAX
[2025-10-07T15:47:36.195+0000] {logging_mixin.py:190} INFO - BAX: Không có dữ liệu mới.
[2025-10-07T15:47:36.197+0000] {logging_mixin.py:190} INFO - 🚦 Giới hạn API đạt mức tối đa, chờ 0.3s...
[2025-10-07T15:47:36.507+0000] {logging_mixin.py:190} INFO - ⬇️ Bắt đầu xử lý symbol = BAL
[2025-10-07T15:47:36.526+0000] {logging_mixin.py:190} INFO - ⚠️ Không đọc được file cũ BAL: 'date'
[2025-10-07T15:47:36.533+0000] {logging_mixin.py:190} INFO - BAL: trích dữ liệu từ 2025-10-01 đến 2025-10-07
[2025-10-07T15:47:41.010+0000] {logging_mixin.py:190} INFO - Không tìm thấy dữ liệu cho BAL
[2025-10-07T15:47:41.012+0000] {logging_mixin.py:190} INFO - BAL: Không có dữ liệu mới.
[2025-10-07T15:47:41.013+0000] {logging_mixin.py:190} INFO - 🚦 Giới hạn API đạt mức tối đa, chờ 30.4s...
[2025-10-07T15:48:11.431+0000] {logging_mixin.py:190} INFO - ⬇️ Bắt đầu xử lý symbol = BAF
[2025-10-07T15:48:11.453+0000] {logging_mixin.py:190} INFO - ⚠️ Không đọc được file cũ BAF: 'date'
[2025-10-07T15:48:11.461+0000] {logging_mixin.py:190} INFO - BAF: trích dữ liệu từ 2025-10-08 đến 2025-10-07
[2025-10-07T15:48:16.322+0000] {logging_mixin.py:190} INFO - Không tìm thấy dữ liệu cho BAF
[2025-10-07T15:48:16.324+0000] {logging_mixin.py:190} INFO - BAF: Không có dữ liệu mới.
[2025-10-07T15:48:16.325+0000] {logging_mixin.py:190} INFO - 🚦 Giới hạn API đạt mức tối đa, chờ 0.7s...
[2025-10-07T15:48:17.053+0000] {logging_mixin.py:190} INFO - ⬇️ Bắt đầu xử lý symbol = BAB
[2025-10-07T15:48:17.079+0000] {logging_mixin.py:190} INFO - ⚠️ Không đọc được file cũ BAB: 'date'
[2025-10-07T15:48:17.086+0000] {logging_mixin.py:190} INFO - BAB: trích dữ liệu từ 2025-10-08 đến 2025-10-07
[2025-10-07T15:48:21.780+0000] {logging_mixin.py:190} INFO - Không tìm thấy dữ liệu cho BAB
[2025-10-07T15:48:21.785+0000] {logging_mixin.py:190} INFO - BAB: Không có dữ liệu mới.
[2025-10-07T15:48:21.803+0000] {logging_mixin.py:190} INFO - 🚦 Giới hạn API đạt mức tối đa, chờ 4.8s...
[2025-10-07T15:48:26.564+0000] {logging_mixin.py:190} INFO - ⬇️ Bắt đầu xử lý symbol = B82
[2025-10-07T15:48:26.592+0000] {logging_mixin.py:190} INFO - ⚠️ Không đọc được file cũ B82: 'date'
[2025-10-07T15:48:26.603+0000] {logging_mixin.py:190} INFO - B82: trích dữ liệu từ 2024-07-26 đến 2025-10-07
[2025-10-07T15:48:31.718+0000] {logging_mixin.py:190} INFO - Không tìm thấy dữ liệu cho B82
[2025-10-07T15:48:31.719+0000] {logging_mixin.py:190} INFO - B82: Không có dữ liệu mới.
[2025-10-07T15:48:31.720+0000] {logging_mixin.py:190} INFO - ⬇️ Bắt đầu xử lý symbol = AVG
[2025-10-07T15:48:31.737+0000] {logging_mixin.py:190} INFO - ⚠️ Không đọc được file cũ AVG: 'date'
[2025-10-07T15:48:31.743+0000] {logging_mixin.py:190} INFO - AVG: trích dữ liệu từ 2025-10-08 đến 2025-10-07
[2025-10-07T15:48:36.442+0000] {logging_mixin.py:190} INFO - Không tìm thấy dữ liệu cho AVG
[2025-10-07T15:48:36.443+0000] {logging_mixin.py:190} INFO - AVG: Không có dữ liệu mới.
[2025-10-07T15:48:36.444+0000] {logging_mixin.py:190} INFO - 🚦 Giới hạn API đạt mức tối đa, chờ 0.1s...
[2025-10-07T15:48:36.508+0000] {logging_mixin.py:190} INFO - ⬇️ Bắt đầu xử lý symbol = AVF
[2025-10-07T15:48:36.526+0000] {logging_mixin.py:190} INFO - ⚠️ Không đọc được file cũ AVF: 'date'
[2025-10-07T15:48:36.533+0000] {logging_mixin.py:190} INFO - AVF: trích dữ liệu từ 2024-07-26 đến 2025-10-07
[2025-10-07T15:48:41.130+0000] {logging_mixin.py:190} INFO - Không tìm thấy dữ liệu cho AVF
[2025-10-07T15:48:41.133+0000] {logging_mixin.py:190} INFO - AVF: Không có dữ liệu mới.
[2025-10-07T15:48:41.134+0000] {python.py:240} INFO - Done. Returned value was: None
[2025-10-07T15:48:41.146+0000] {taskinstance.py:341} INFO - ::group::Post task execution logs
[2025-10-07T15:48:41.147+0000] {taskinstance.py:353} INFO - Marking task as SUCCESS. dag_id=vnstock_weekly_etl_incremental, task_id=process_batch, run_id=manual__2025-10-07T10:44:44.201464+00:00, map_index=32, execution_date=20251007T104444, start_date=20251007T153911, end_date=20251007T154841
[2025-10-07T15:48:41.244+0000] {local_task_job_runner.py:266} INFO - Task exited with return code 0
[2025-10-07T15:48:41.399+0000] {taskinstance.py:3901} INFO - 0 downstream tasks scheduled from follow-on schedule check
[2025-10-07T15:48:41.402+0000] {local_task_job_runner.py:245} INFO - ::endgroup::
