[2025-10-07T10:36:22.254+0000] {local_task_job_runner.py:123} INFO - ::group::Pre task execution logs
[2025-10-07T10:36:22.390+0000] {taskinstance.py:2614} INFO - Dependencies all met for dep_context=non-requeueable deps ti=<TaskInstance: vnstock_weekly_etl_incremental.process_batch manual__2025-10-07T10:36:05.597506+00:00 map_index=8 [queued]>
[2025-10-07T10:36:22.430+0000] {taskinstance.py:2614} INFO - Dependencies all met for dep_context=requeueable deps ti=<TaskInstance: vnstock_weekly_etl_incremental.process_batch manual__2025-10-07T10:36:05.597506+00:00 map_index=8 [queued]>
[2025-10-07T10:36:22.438+0000] {taskinstance.py:2867} INFO - Starting attempt 1 of 3
[2025-10-07T10:36:22.496+0000] {taskinstance.py:2890} INFO - Executing <Mapped(_PythonDecoratedOperator): process_batch> on 2025-10-07 10:36:05.597506+00:00
[2025-10-07T10:36:22.555+0000] {logging_mixin.py:190} WARNING - /home/***/.local/lib/python3.12/site-packages/***/task/task_runner/standard_task_runner.py:70 DeprecationWarning: This process (pid=2684) is multi-threaded, use of fork() may lead to deadlocks in the child.
[2025-10-07T10:36:22.569+0000] {standard_task_runner.py:72} INFO - Started process 2877 to run task
[2025-10-07T10:36:22.578+0000] {standard_task_runner.py:104} INFO - Running: ['***', 'tasks', 'run', 'vnstock_weekly_etl_incremental', 'process_batch', 'manual__2025-10-07T10:36:05.597506+00:00', '--job-id', '89', '--raw', '--subdir', 'DAGS_FOLDER/dag.py', '--cfg-path', '/tmp/tmpsfphfqya', '--map-index', '8']
[2025-10-07T10:36:22.588+0000] {standard_task_runner.py:105} INFO - Job 89: Subtask process_batch
[2025-10-07T10:36:22.664+0000] {logging_mixin.py:190} WARNING - /home/***/.local/lib/python3.12/site-packages/***/settings.py:209 DeprecationWarning: The sql_alchemy_conn option in [core] has been moved to the sql_alchemy_conn option in [database] - the old setting has been used, but please update your config.
[2025-10-07T10:36:23.701+0000] {task_command.py:467} INFO - Running <TaskInstance: vnstock_weekly_etl_incremental.process_batch manual__2025-10-07T10:36:05.597506+00:00 map_index=8 [running]> on host e3278e0f0bbc
[2025-10-07T10:36:24.928+0000] {taskinstance.py:3134} INFO - Exporting env vars: AIRFLOW_CTX_DAG_OWNER='***' AIRFLOW_CTX_DAG_ID='vnstock_weekly_etl_incremental' AIRFLOW_CTX_TASK_ID='process_batch' AIRFLOW_CTX_EXECUTION_DATE='2025-10-07T10:36:05.597506+00:00' AIRFLOW_CTX_TRY_NUMBER='1' AIRFLOW_CTX_DAG_RUN_ID='manual__2025-10-07T10:36:05.597506+00:00'
[2025-10-07T10:36:24.936+0000] {taskinstance.py:732} INFO - ::endgroup::
[2025-10-07T10:36:24.940+0000] {logging_mixin.py:190} INFO - ⬇️ Xử lý symbol = STP
[2025-10-07T10:36:25.504+0000] {logging_mixin.py:190} INFO - STP: trích dữ liệu từ 2025-10-03 đến 2025-10-07
[2025-10-07T10:36:26.262+0000] {logging_mixin.py:190} INFO - Trích xuất 1 dòng mới cho STP
[2025-10-07T10:36:26.345+0000] {logging_mixin.py:190} INFO - Append 1 dòng mới vào /opt/***/data/lake/STP.csv
[2025-10-07T10:36:28.348+0000] {logging_mixin.py:190} INFO - ⬇️ Xử lý symbol = STL
[2025-10-07T10:36:28.429+0000] {logging_mixin.py:190} INFO - STL: trích dữ liệu từ 2024-07-26 đến 2025-10-07
[2025-10-07T10:36:33.069+0000] {logging_mixin.py:190} INFO - Không tìm thấy dữ liệu cho STL
[2025-10-07T10:36:33.071+0000] {logging_mixin.py:190} INFO - Không có dữ liệu mới cho STL
[2025-10-07T10:36:35.072+0000] {logging_mixin.py:190} INFO - ⬇️ Xử lý symbol = STK
[2025-10-07T10:36:35.101+0000] {logging_mixin.py:190} INFO - STK: trích dữ liệu từ 2025-10-04 đến 2025-10-07
[2025-10-07T10:36:35.318+0000] {logging_mixin.py:190} INFO - Trích xuất 2 dòng mới cho STK
[2025-10-07T10:36:35.330+0000] {logging_mixin.py:190} INFO - Append 2 dòng mới vào /opt/***/data/lake/STK.csv
[2025-10-07T10:36:37.331+0000] {logging_mixin.py:190} INFO - ⬇️ Xử lý symbol = STH
[2025-10-07T10:36:37.349+0000] {logging_mixin.py:190} INFO - STH: trích dữ liệu từ 2025-10-04 đến 2025-10-07
[2025-10-07T10:36:37.542+0000] {logging_mixin.py:190} INFO - Trích xuất 2 dòng mới cho STH
[2025-10-07T10:36:37.549+0000] {logging_mixin.py:190} INFO - Append 2 dòng mới vào /opt/***/data/lake/STH.csv
[2025-10-07T10:36:39.550+0000] {logging_mixin.py:190} INFO - ⬇️ Xử lý symbol = STG
[2025-10-07T10:36:39.577+0000] {logging_mixin.py:190} INFO - STG: trích dữ liệu từ 2025-10-04 đến 2025-10-07
[2025-10-07T10:36:39.806+0000] {logging_mixin.py:190} INFO - Trích xuất 2 dòng mới cho STG
[2025-10-07T10:36:39.817+0000] {logging_mixin.py:190} INFO - Append 2 dòng mới vào /opt/***/data/lake/STG.csv
[2025-10-07T10:36:41.818+0000] {logging_mixin.py:190} INFO - ⚠️ Lỗi khi xử lý STC: Bucket for item=vnstock with Rate limit=5/1.0m is already full
[2025-10-07T10:36:41.819+0000] {logging_mixin.py:190} INFO - ⚠️ Lỗi khi xử lý STB: Bucket for item=vnstock with Rate limit=5/1.0m is already full
[2025-10-07T10:36:41.819+0000] {logging_mixin.py:190} INFO - ⚠️ Lỗi khi xử lý ST8: Bucket for item=vnstock with Rate limit=5/1.0m is already full
[2025-10-07T10:36:41.819+0000] {logging_mixin.py:190} INFO - ⚠️ Lỗi khi xử lý SSU: Bucket for item=vnstock with Rate limit=5/1.0m is already full
[2025-10-07T10:36:41.820+0000] {logging_mixin.py:190} INFO - ⚠️ Lỗi khi xử lý SSN: Bucket for item=vnstock with Rate limit=5/1.0m is already full
[2025-10-07T10:36:41.820+0000] {logging_mixin.py:190} INFO - ⚠️ Lỗi khi xử lý SSM: Bucket for item=vnstock with Rate limit=5/1.0m is already full
[2025-10-07T10:36:41.820+0000] {logging_mixin.py:190} INFO - ⚠️ Lỗi khi xử lý SSI: Bucket for item=vnstock with Rate limit=5/1.0m is already full
[2025-10-07T10:36:41.821+0000] {logging_mixin.py:190} INFO - ⚠️ Lỗi khi xử lý SSH: Bucket for item=vnstock with Rate limit=5/1.0m is already full
[2025-10-07T10:36:41.821+0000] {logging_mixin.py:190} INFO - ⚠️ Lỗi khi xử lý SSG: Bucket for item=vnstock with Rate limit=5/1.0m is already full
[2025-10-07T10:36:41.821+0000] {logging_mixin.py:190} INFO - ⚠️ Lỗi khi xử lý SSF: Bucket for item=vnstock with Rate limit=5/1.0m is already full
[2025-10-07T10:36:41.822+0000] {logging_mixin.py:190} INFO - ⚠️ Lỗi khi xử lý SSC: Bucket for item=vnstock with Rate limit=5/1.0m is already full
[2025-10-07T10:36:41.822+0000] {logging_mixin.py:190} INFO - ⚠️ Lỗi khi xử lý SSB: Bucket for item=vnstock with Rate limit=5/1.0m is already full
[2025-10-07T10:36:41.822+0000] {logging_mixin.py:190} INFO - ⚠️ Lỗi khi xử lý SRT: Bucket for item=vnstock with Rate limit=5/1.0m is already full
[2025-10-07T10:36:41.823+0000] {logging_mixin.py:190} INFO - ⚠️ Lỗi khi xử lý SRF: Bucket for item=vnstock with Rate limit=5/1.0m is already full
[2025-10-07T10:36:41.823+0000] {logging_mixin.py:190} INFO - ⚠️ Lỗi khi xử lý SRC: Bucket for item=vnstock with Rate limit=5/1.0m is already full
[2025-10-07T10:36:41.824+0000] {logging_mixin.py:190} INFO - ⚠️ Lỗi khi xử lý SRB: Bucket for item=vnstock with Rate limit=5/1.0m is already full
[2025-10-07T10:36:41.824+0000] {logging_mixin.py:190} INFO - ⚠️ Lỗi khi xử lý SRA: Bucket for item=vnstock with Rate limit=5/1.0m is already full
[2025-10-07T10:36:41.825+0000] {logging_mixin.py:190} INFO - ⚠️ Lỗi khi xử lý SQC: Bucket for item=vnstock with Rate limit=5/1.0m is already full
[2025-10-07T10:36:41.826+0000] {logging_mixin.py:190} INFO - ⚠️ Lỗi khi xử lý SPV: Bucket for item=vnstock with Rate limit=5/1.0m is already full
[2025-10-07T10:36:41.826+0000] {logging_mixin.py:190} INFO - ⚠️ Lỗi khi xử lý SPP: Bucket for item=vnstock with Rate limit=5/1.0m is already full
[2025-10-07T10:36:41.826+0000] {logging_mixin.py:190} INFO - ⚠️ Lỗi khi xử lý SPM: Bucket for item=vnstock with Rate limit=5/1.0m is already full
[2025-10-07T10:36:41.827+0000] {logging_mixin.py:190} INFO - ⚠️ Lỗi khi xử lý SPI: Bucket for item=vnstock with Rate limit=5/1.0m is already full
[2025-10-07T10:36:41.827+0000] {logging_mixin.py:190} INFO - ⚠️ Lỗi khi xử lý SPH: Bucket for item=vnstock with Rate limit=5/1.0m is already full
[2025-10-07T10:36:41.828+0000] {logging_mixin.py:190} INFO - ⚠️ Lỗi khi xử lý SPD: Bucket for item=vnstock with Rate limit=5/1.0m is already full
[2025-10-07T10:36:41.828+0000] {logging_mixin.py:190} INFO - ⚠️ Lỗi khi xử lý SPC: Bucket for item=vnstock with Rate limit=5/1.0m is already full
[2025-10-07T10:36:41.828+0000] {logging_mixin.py:190} INFO - ⚠️ Lỗi khi xử lý SPB: Bucket for item=vnstock with Rate limit=5/1.0m is already full
[2025-10-07T10:36:41.829+0000] {logging_mixin.py:190} INFO - ⚠️ Lỗi khi xử lý SPA: Bucket for item=vnstock with Rate limit=5/1.0m is already full
[2025-10-07T10:36:41.829+0000] {logging_mixin.py:190} INFO - ⚠️ Lỗi khi xử lý SP2: Bucket for item=vnstock with Rate limit=5/1.0m is already full
[2025-10-07T10:36:41.829+0000] {logging_mixin.py:190} INFO - ⚠️ Lỗi khi xử lý SON: Bucket for item=vnstock with Rate limit=5/1.0m is already full
[2025-10-07T10:36:41.830+0000] {logging_mixin.py:190} INFO - ⚠️ Lỗi khi xử lý SNZ: Bucket for item=vnstock with Rate limit=5/1.0m is already full
[2025-10-07T10:36:41.830+0000] {logging_mixin.py:190} INFO - ⚠️ Lỗi khi xử lý SNC: Bucket for item=vnstock with Rate limit=5/1.0m is already full
[2025-10-07T10:36:41.830+0000] {logging_mixin.py:190} INFO - ⚠️ Lỗi khi xử lý SMT: Bucket for item=vnstock with Rate limit=5/1.0m is already full
[2025-10-07T10:36:41.831+0000] {logging_mixin.py:190} INFO - ⚠️ Lỗi khi xử lý SMN: Bucket for item=vnstock with Rate limit=5/1.0m is already full
[2025-10-07T10:36:41.831+0000] {logging_mixin.py:190} INFO - ⚠️ Lỗi khi xử lý SMC: Bucket for item=vnstock with Rate limit=5/1.0m is already full
[2025-10-07T10:36:41.831+0000] {logging_mixin.py:190} INFO - ⚠️ Lỗi khi xử lý SMB: Bucket for item=vnstock with Rate limit=5/1.0m is already full
[2025-10-07T10:36:41.832+0000] {logging_mixin.py:190} INFO - ⚠️ Lỗi khi xử lý SMA: Bucket for item=vnstock with Rate limit=5/1.0m is already full
[2025-10-07T10:36:41.833+0000] {logging_mixin.py:190} INFO - ⚠️ Lỗi khi xử lý SLS: Bucket for item=vnstock with Rate limit=5/1.0m is already full
[2025-10-07T10:36:41.833+0000] {logging_mixin.py:190} INFO - ⚠️ Lỗi khi xử lý SLD: Bucket for item=vnstock with Rate limit=5/1.0m is already full
[2025-10-07T10:36:41.833+0000] {logging_mixin.py:190} INFO - ⚠️ Lỗi khi xử lý SKV: Bucket for item=vnstock with Rate limit=5/1.0m is already full
[2025-10-07T10:36:41.834+0000] {logging_mixin.py:190} INFO - ⚠️ Lỗi khi xử lý SKN: Bucket for item=vnstock with Rate limit=5/1.0m is already full
[2025-10-07T10:36:41.834+0000] {logging_mixin.py:190} INFO - ⚠️ Lỗi khi xử lý SKH: Bucket for item=vnstock with Rate limit=5/1.0m is already full
[2025-10-07T10:36:41.835+0000] {logging_mixin.py:190} INFO - ⚠️ Lỗi khi xử lý SKG: Bucket for item=vnstock with Rate limit=5/1.0m is already full
[2025-10-07T10:36:41.835+0000] {logging_mixin.py:190} INFO - ⚠️ Lỗi khi xử lý SJS: Bucket for item=vnstock with Rate limit=5/1.0m is already full
[2025-10-07T10:36:41.835+0000] {logging_mixin.py:190} INFO - ⚠️ Lỗi khi xử lý SJM: Bucket for item=vnstock with Rate limit=5/1.0m is already full
[2025-10-07T10:36:41.836+0000] {logging_mixin.py:190} INFO - ⚠️ Lỗi khi xử lý SJG: Bucket for item=vnstock with Rate limit=5/1.0m is already full
[2025-10-07T10:36:41.836+0000] {python.py:240} INFO - Done. Returned value was: None
[2025-10-07T10:36:41.845+0000] {taskinstance.py:341} INFO - ::group::Post task execution logs
[2025-10-07T10:36:41.845+0000] {taskinstance.py:353} INFO - Marking task as SUCCESS. dag_id=vnstock_weekly_etl_incremental, task_id=process_batch, run_id=manual__2025-10-07T10:36:05.597506+00:00, map_index=8, execution_date=20251007T103605, start_date=20251007T103622, end_date=20251007T103641
[2025-10-07T10:36:41.917+0000] {local_task_job_runner.py:266} INFO - Task exited with return code 0
[2025-10-07T10:36:41.936+0000] {taskinstance.py:3901} INFO - 0 downstream tasks scheduled from follow-on schedule check
[2025-10-07T10:36:41.938+0000] {local_task_job_runner.py:245} INFO - ::endgroup::
