[2025-10-07T13:41:54.107+0000] {local_task_job_runner.py:123} INFO - ::group::Pre task execution logs
[2025-10-07T13:41:54.127+0000] {taskinstance.py:2614} INFO - Dependencies all met for dep_context=non-requeueable deps ti=<TaskInstance: vnstock_weekly_etl_incremental.process_batch manual__2025-10-07T10:44:44.201464+00:00 map_index=8 [queued]>
[2025-10-07T13:41:54.136+0000] {taskinstance.py:2614} INFO - Dependencies all met for dep_context=requeueable deps ti=<TaskInstance: vnstock_weekly_etl_incremental.process_batch manual__2025-10-07T10:44:44.201464+00:00 map_index=8 [queued]>
[2025-10-07T13:41:54.137+0000] {taskinstance.py:2867} INFO - Starting attempt 1 of 3
[2025-10-07T13:41:54.147+0000] {taskinstance.py:2890} INFO - Executing <Mapped(_PythonDecoratedOperator): process_batch> on 2025-10-07 10:44:44.201464+00:00
[2025-10-07T13:41:54.157+0000] {logging_mixin.py:190} WARNING - /home/***/.local/lib/python3.12/site-packages/***/task/task_runner/standard_task_runner.py:70 DeprecationWarning: This process (pid=19042) is multi-threaded, use of fork() may lead to deadlocks in the child.
[2025-10-07T13:41:54.158+0000] {standard_task_runner.py:72} INFO - Started process 19064 to run task
[2025-10-07T13:41:54.157+0000] {standard_task_runner.py:104} INFO - Running: ['***', 'tasks', 'run', 'vnstock_weekly_etl_incremental', 'process_batch', 'manual__2025-10-07T10:44:44.201464+00:00', '--job-id', '202', '--raw', '--subdir', 'DAGS_FOLDER/dag.py', '--cfg-path', '/tmp/tmp4idqfgdf', '--map-index', '8']
[2025-10-07T13:41:54.160+0000] {standard_task_runner.py:105} INFO - Job 202: Subtask process_batch
[2025-10-07T13:41:54.174+0000] {logging_mixin.py:190} WARNING - /home/***/.local/lib/python3.12/site-packages/***/settings.py:209 DeprecationWarning: The sql_alchemy_conn option in [core] has been moved to the sql_alchemy_conn option in [database] - the old setting has been used, but please update your config.
[2025-10-07T13:41:54.219+0000] {task_command.py:467} INFO - Running <TaskInstance: vnstock_weekly_etl_incremental.process_batch manual__2025-10-07T10:44:44.201464+00:00 map_index=8 [running]> on host e3278e0f0bbc
[2025-10-07T13:41:54.509+0000] {taskinstance.py:3134} INFO - Exporting env vars: AIRFLOW_CTX_DAG_OWNER='***' AIRFLOW_CTX_DAG_ID='vnstock_weekly_etl_incremental' AIRFLOW_CTX_TASK_ID='process_batch' AIRFLOW_CTX_EXECUTION_DATE='2025-10-07T10:44:44.201464+00:00' AIRFLOW_CTX_TRY_NUMBER='1' AIRFLOW_CTX_DAG_RUN_ID='manual__2025-10-07T10:44:44.201464+00:00'
[2025-10-07T13:41:54.510+0000] {taskinstance.py:732} INFO - ::endgroup::
[2025-10-07T13:41:54.512+0000] {logging_mixin.py:190} INFO - ⬇️ Bắt đầu xử lý symbol = STP
[2025-10-07T13:41:54.533+0000] {logging_mixin.py:190} INFO - ⚠️ Không đọc được file cũ STP: 'date'
[2025-10-07T13:41:54.543+0000] {logging_mixin.py:190} INFO - STP: trích dữ liệu từ 2025-10-08 đến 2025-10-07
[2025-10-07T13:41:59.136+0000] {logging_mixin.py:190} INFO - Không tìm thấy dữ liệu cho STP
[2025-10-07T13:41:59.137+0000] {logging_mixin.py:190} INFO - ℹ️ STP: Không có dữ liệu mới.
[2025-10-07T13:41:59.138+0000] {logging_mixin.py:190} INFO - ⬇️ Bắt đầu xử lý symbol = STL
[2025-10-07T13:41:59.157+0000] {logging_mixin.py:190} INFO - ⚠️ Không đọc được file cũ STL: 'date'
[2025-10-07T13:41:59.164+0000] {logging_mixin.py:190} INFO - STL: trích dữ liệu từ 2024-07-26 đến 2025-10-07
[2025-10-07T13:42:03.642+0000] {logging_mixin.py:190} INFO - Không tìm thấy dữ liệu cho STL
[2025-10-07T13:42:03.644+0000] {logging_mixin.py:190} INFO - ℹ️ STL: Không có dữ liệu mới.
[2025-10-07T13:42:03.644+0000] {logging_mixin.py:190} INFO - ⬇️ Bắt đầu xử lý symbol = STK
[2025-10-07T13:42:03.659+0000] {logging_mixin.py:190} INFO - ⚠️ Không đọc được file cũ STK: 'date'
[2025-10-07T13:42:03.666+0000] {logging_mixin.py:190} INFO - STK: trích dữ liệu từ 2025-10-08 đến 2025-10-07
[2025-10-07T13:42:08.214+0000] {logging_mixin.py:190} INFO - Không tìm thấy dữ liệu cho STK
[2025-10-07T13:42:08.215+0000] {logging_mixin.py:190} INFO - ℹ️ STK: Không có dữ liệu mới.
[2025-10-07T13:42:08.216+0000] {logging_mixin.py:190} INFO - ⬇️ Bắt đầu xử lý symbol = STH
[2025-10-07T13:42:08.233+0000] {logging_mixin.py:190} INFO - ⚠️ Không đọc được file cũ STH: 'date'
[2025-10-07T13:42:08.239+0000] {logging_mixin.py:190} INFO - STH: trích dữ liệu từ 2025-10-08 đến 2025-10-07
[2025-10-07T13:42:12.859+0000] {logging_mixin.py:190} INFO - Không tìm thấy dữ liệu cho STH
[2025-10-07T13:42:12.860+0000] {logging_mixin.py:190} INFO - ℹ️ STH: Không có dữ liệu mới.
[2025-10-07T13:42:12.861+0000] {logging_mixin.py:190} INFO - ⬇️ Bắt đầu xử lý symbol = STG
[2025-10-07T13:42:12.877+0000] {logging_mixin.py:190} INFO - ⚠️ Không đọc được file cũ STG: 'date'
[2025-10-07T13:42:12.885+0000] {logging_mixin.py:190} INFO - STG: trích dữ liệu từ 2025-10-08 đến 2025-10-07
[2025-10-07T13:42:17.413+0000] {logging_mixin.py:190} INFO - Không tìm thấy dữ liệu cho STG
[2025-10-07T13:42:17.424+0000] {logging_mixin.py:190} INFO - ℹ️ STG: Không có dữ liệu mới.
[2025-10-07T13:42:17.430+0000] {logging_mixin.py:190} INFO - 🚦 Giới hạn API đạt mức tối đa, chờ 37.1s...
[2025-10-07T13:42:54.205+0000] {logging_mixin.py:190} INFO - ⬇️ Bắt đầu xử lý symbol = STC
[2025-10-07T13:42:54.224+0000] {logging_mixin.py:190} INFO - ⚠️ Không đọc được file cũ STC: 'date'
[2025-10-07T13:42:54.231+0000] {logging_mixin.py:190} INFO - STC: trích dữ liệu từ 2025-10-08 đến 2025-10-07
[2025-10-07T13:42:59.065+0000] {logging_mixin.py:190} INFO - Không tìm thấy dữ liệu cho STC
[2025-10-07T13:42:59.066+0000] {logging_mixin.py:190} INFO - ℹ️ STC: Không có dữ liệu mới.
[2025-10-07T13:42:59.067+0000] {logging_mixin.py:190} INFO - 🚦 Giới hạn API đạt mức tối đa, chờ 0.1s...
[2025-10-07T13:42:59.139+0000] {logging_mixin.py:190} INFO - ⬇️ Bắt đầu xử lý symbol = STB
[2025-10-07T13:42:59.157+0000] {logging_mixin.py:190} INFO - ⚠️ Không đọc được file cũ STB: 'date'
[2025-10-07T13:42:59.165+0000] {logging_mixin.py:190} INFO - STB: trích dữ liệu từ 2025-10-08 đến 2025-10-07
[2025-10-07T13:43:04.699+0000] {logging_mixin.py:190} INFO - Không tìm thấy dữ liệu cho STB
[2025-10-07T13:43:04.700+0000] {logging_mixin.py:190} INFO - ℹ️ STB: Không có dữ liệu mới.
[2025-10-07T13:43:04.701+0000] {logging_mixin.py:190} INFO - ⬇️ Bắt đầu xử lý symbol = ST8
[2025-10-07T13:43:04.727+0000] {logging_mixin.py:190} INFO - ⚠️ Không đọc được file cũ ST8: 'date'
[2025-10-07T13:43:04.734+0000] {logging_mixin.py:190} INFO - ST8: trích dữ liệu từ 2025-10-08 đến 2025-10-07
[2025-10-07T13:43:09.262+0000] {logging_mixin.py:190} INFO - Không tìm thấy dữ liệu cho ST8
[2025-10-07T13:43:09.263+0000] {logging_mixin.py:190} INFO - ℹ️ ST8: Không có dữ liệu mới.
[2025-10-07T13:43:09.264+0000] {logging_mixin.py:190} INFO - ⬇️ Bắt đầu xử lý symbol = SSU
[2025-10-07T13:43:09.284+0000] {logging_mixin.py:190} INFO - ⚠️ Không đọc được file cũ SSU: 'date'
[2025-10-07T13:43:09.290+0000] {logging_mixin.py:190} INFO - SSU: trích dữ liệu từ 2022-07-29 đến 2025-10-07
[2025-10-07T13:43:13.996+0000] {logging_mixin.py:190} INFO - Không tìm thấy dữ liệu cho SSU
[2025-10-07T13:43:13.998+0000] {logging_mixin.py:190} INFO - ℹ️ SSU: Không có dữ liệu mới.
[2025-10-07T13:43:13.998+0000] {logging_mixin.py:190} INFO - ⬇️ Bắt đầu xử lý symbol = SSN
[2025-10-07T13:43:14.015+0000] {logging_mixin.py:190} INFO - ⚠️ Không đọc được file cũ SSN: 'date'
[2025-10-07T13:43:14.020+0000] {logging_mixin.py:190} INFO - SSN: trích dữ liệu từ 2025-05-31 đến 2025-10-07
[2025-10-07T13:43:20.038+0000] {logging_mixin.py:190} INFO - Không tìm thấy dữ liệu cho SSN
[2025-10-07T13:43:20.040+0000] {logging_mixin.py:190} INFO - ℹ️ SSN: Không có dữ liệu mới.
[2025-10-07T13:43:20.040+0000] {logging_mixin.py:190} INFO - 🚦 Giới hạn API đạt mức tối đa, chờ 34.2s...
[2025-10-07T13:43:54.053+0000] {logging_mixin.py:190} INFO - ⬇️ Bắt đầu xử lý symbol = SSM
[2025-10-07T13:43:54.079+0000] {logging_mixin.py:190} INFO - ⚠️ Không đọc được file cũ SSM: 'date'
[2025-10-07T13:43:54.086+0000] {logging_mixin.py:190} INFO - SSM: trích dữ liệu từ 2025-10-01 đến 2025-10-07
[2025-10-07T13:43:58.742+0000] {logging_mixin.py:190} INFO - Không tìm thấy dữ liệu cho SSM
[2025-10-07T13:43:58.744+0000] {logging_mixin.py:190} INFO - ℹ️ SSM: Không có dữ liệu mới.
[2025-10-07T13:43:58.745+0000] {logging_mixin.py:190} INFO - 🚦 Giới hạn API đạt mức tối đa, chờ 0.4s...
[2025-10-07T13:43:59.140+0000] {logging_mixin.py:190} INFO - ⬇️ Bắt đầu xử lý symbol = SSI
[2025-10-07T13:43:59.159+0000] {logging_mixin.py:190} INFO - ⚠️ Không đọc được file cũ SSI: 'date'
[2025-10-07T13:43:59.166+0000] {logging_mixin.py:190} INFO - SSI: trích dữ liệu từ 2025-10-08 đến 2025-10-07
[2025-10-07T13:44:04.759+0000] {logging_mixin.py:190} INFO - Không tìm thấy dữ liệu cho SSI
[2025-10-07T13:44:04.760+0000] {logging_mixin.py:190} INFO - ℹ️ SSI: Không có dữ liệu mới.
[2025-10-07T13:44:04.760+0000] {logging_mixin.py:190} INFO - ⬇️ Bắt đầu xử lý symbol = SSH
[2025-10-07T13:44:04.776+0000] {logging_mixin.py:190} INFO - ⚠️ Không đọc được file cũ SSH: 'date'
[2025-10-07T13:44:04.783+0000] {logging_mixin.py:190} INFO - SSH: trích dữ liệu từ 2025-10-08 đến 2025-10-07
[2025-10-07T13:44:10.364+0000] {logging_mixin.py:190} INFO - Không tìm thấy dữ liệu cho SSH
[2025-10-07T13:44:10.366+0000] {logging_mixin.py:190} INFO - ℹ️ SSH: Không có dữ liệu mới.
[2025-10-07T13:44:10.366+0000] {logging_mixin.py:190} INFO - ⬇️ Bắt đầu xử lý symbol = SSG
[2025-10-07T13:44:10.383+0000] {logging_mixin.py:190} INFO - ⚠️ Không đọc được file cũ SSG: 'date'
[2025-10-07T13:44:10.390+0000] {logging_mixin.py:190} INFO - SSG: trích dữ liệu từ 2025-10-08 đến 2025-10-07
[2025-10-07T13:44:14.968+0000] {logging_mixin.py:190} INFO - Không tìm thấy dữ liệu cho SSG
[2025-10-07T13:44:14.971+0000] {logging_mixin.py:190} INFO - ℹ️ SSG: Không có dữ liệu mới.
[2025-10-07T13:44:14.972+0000] {logging_mixin.py:190} INFO - ⬇️ Bắt đầu xử lý symbol = SSF
[2025-10-07T13:44:14.996+0000] {logging_mixin.py:190} INFO - ⚠️ Không đọc được file cũ SSF: 'date'
[2025-10-07T13:44:15.003+0000] {logging_mixin.py:190} INFO - SSF: trích dữ liệu từ 2024-07-26 đến 2025-10-07
[2025-10-07T13:44:19.723+0000] {logging_mixin.py:190} INFO - Không tìm thấy dữ liệu cho SSF
[2025-10-07T13:44:19.724+0000] {logging_mixin.py:190} INFO - ℹ️ SSF: Không có dữ liệu mới.
[2025-10-07T13:44:19.724+0000] {logging_mixin.py:190} INFO - 🚦 Giới hạn API đạt mức tối đa, chờ 34.3s...
[2025-10-07T13:44:53.909+0000] {logging_mixin.py:190} INFO - ⬇️ Bắt đầu xử lý symbol = SSC
[2025-10-07T13:44:53.937+0000] {logging_mixin.py:190} INFO - ⚠️ Không đọc được file cũ SSC: 'date'
[2025-10-07T13:44:53.946+0000] {logging_mixin.py:190} INFO - SSC: trích dữ liệu từ 2025-10-08 đến 2025-10-07
[2025-10-07T13:44:58.530+0000] {logging_mixin.py:190} INFO - Không tìm thấy dữ liệu cho SSC
[2025-10-07T13:44:58.532+0000] {logging_mixin.py:190} INFO - ℹ️ SSC: Không có dữ liệu mới.
[2025-10-07T13:44:58.532+0000] {logging_mixin.py:190} INFO - 🚦 Giới hạn API đạt mức tối đa, chờ 0.6s...
[2025-10-07T13:44:59.141+0000] {logging_mixin.py:190} INFO - ⬇️ Bắt đầu xử lý symbol = SSB
[2025-10-07T13:44:59.162+0000] {logging_mixin.py:190} INFO - ⚠️ Không đọc được file cũ SSB: 'date'
[2025-10-07T13:44:59.170+0000] {logging_mixin.py:190} INFO - SSB: trích dữ liệu từ 2025-10-08 đến 2025-10-07
[2025-10-07T13:45:03.862+0000] {logging_mixin.py:190} INFO - Không tìm thấy dữ liệu cho SSB
[2025-10-07T13:45:03.864+0000] {logging_mixin.py:190} INFO - ℹ️ SSB: Không có dữ liệu mới.
[2025-10-07T13:45:03.864+0000] {logging_mixin.py:190} INFO - 🚦 Giới hạn API đạt mức tối đa, chờ 0.9s...
[2025-10-07T13:45:04.761+0000] {logging_mixin.py:190} INFO - ⬇️ Bắt đầu xử lý symbol = SRT
[2025-10-07T13:45:04.788+0000] {logging_mixin.py:190} INFO - ⚠️ Không đọc được file cũ SRT: 'date'
[2025-10-07T13:45:04.795+0000] {logging_mixin.py:190} INFO - SRT: trích dữ liệu từ 2024-10-31 đến 2025-10-07
[2025-10-07T13:45:09.396+0000] {logging_mixin.py:190} INFO - Không tìm thấy dữ liệu cho SRT
[2025-10-07T13:45:09.397+0000] {logging_mixin.py:190} INFO - ℹ️ SRT: Không có dữ liệu mới.
[2025-10-07T13:45:09.398+0000] {logging_mixin.py:190} INFO - 🚦 Giới hạn API đạt mức tối đa, chờ 1.0s...
[2025-10-07T13:45:10.367+0000] {logging_mixin.py:190} INFO - ⬇️ Bắt đầu xử lý symbol = SRF
[2025-10-07T13:45:10.388+0000] {logging_mixin.py:190} INFO - ⚠️ Không đọc được file cũ SRF: 'date'
[2025-10-07T13:45:10.397+0000] {logging_mixin.py:190} INFO - SRF: trích dữ liệu từ 2025-10-08 đến 2025-10-07
[2025-10-07T13:45:15.076+0000] {logging_mixin.py:190} INFO - Không tìm thấy dữ liệu cho SRF
[2025-10-07T13:45:15.077+0000] {logging_mixin.py:190} INFO - ℹ️ SRF: Không có dữ liệu mới.
[2025-10-07T13:45:15.078+0000] {logging_mixin.py:190} INFO - ⬇️ Bắt đầu xử lý symbol = SRC
[2025-10-07T13:45:15.099+0000] {logging_mixin.py:190} INFO - ⚠️ Không đọc được file cũ SRC: 'date'
[2025-10-07T13:45:15.107+0000] {logging_mixin.py:190} INFO - SRC: trích dữ liệu từ 2025-10-08 đến 2025-10-07
[2025-10-07T13:45:20.145+0000] {logging_mixin.py:190} INFO - Không tìm thấy dữ liệu cho SRC
[2025-10-07T13:45:20.148+0000] {logging_mixin.py:190} INFO - ℹ️ SRC: Không có dữ liệu mới.
[2025-10-07T13:45:20.150+0000] {logging_mixin.py:190} INFO - 🚦 Giới hạn API đạt mức tối đa, chờ 33.8s...
[2025-10-07T13:45:53.760+0000] {logging_mixin.py:190} INFO - ⬇️ Bắt đầu xử lý symbol = SRB
[2025-10-07T13:45:53.789+0000] {logging_mixin.py:190} INFO - ⚠️ Không đọc được file cũ SRB: 'date'
[2025-10-07T13:45:53.796+0000] {logging_mixin.py:190} INFO - SRB: trích dữ liệu từ 2025-10-08 đến 2025-10-07
[2025-10-07T13:45:58.515+0000] {logging_mixin.py:190} INFO - Không tìm thấy dữ liệu cho SRB
[2025-10-07T13:45:58.516+0000] {logging_mixin.py:190} INFO - ℹ️ SRB: Không có dữ liệu mới.
[2025-10-07T13:45:58.517+0000] {logging_mixin.py:190} INFO - 🚦 Giới hạn API đạt mức tối đa, chờ 0.6s...
[2025-10-07T13:45:59.142+0000] {logging_mixin.py:190} INFO - ⬇️ Bắt đầu xử lý symbol = SRA
[2025-10-07T13:45:59.166+0000] {logging_mixin.py:190} INFO - ⚠️ Không đọc được file cũ SRA: 'date'
[2025-10-07T13:45:59.174+0000] {logging_mixin.py:190} INFO - SRA: trích dữ liệu từ 2025-10-04 đến 2025-10-07
[2025-10-07T13:46:03.713+0000] {logging_mixin.py:190} INFO - Không tìm thấy dữ liệu cho SRA
[2025-10-07T13:46:03.715+0000] {logging_mixin.py:190} INFO - ℹ️ SRA: Không có dữ liệu mới.
[2025-10-07T13:46:03.716+0000] {logging_mixin.py:190} INFO - 🚦 Giới hạn API đạt mức tối đa, chờ 1.0s...
[2025-10-07T13:46:04.763+0000] {logging_mixin.py:190} INFO - ⬇️ Bắt đầu xử lý symbol = SQC
[2025-10-07T13:46:04.789+0000] {logging_mixin.py:190} INFO - ⚠️ Không đọc được file cũ SQC: 'date'
[2025-10-07T13:46:04.797+0000] {logging_mixin.py:190} INFO - SQC: trích dữ liệu từ 2025-10-01 đến 2025-10-07
[2025-10-07T13:46:09.348+0000] {logging_mixin.py:190} INFO - Không tìm thấy dữ liệu cho SQC
[2025-10-07T13:46:09.349+0000] {logging_mixin.py:190} INFO - ℹ️ SQC: Không có dữ liệu mới.
[2025-10-07T13:46:09.350+0000] {logging_mixin.py:190} INFO - 🚦 Giới hạn API đạt mức tối đa, chờ 1.0s...
[2025-10-07T13:46:10.368+0000] {logging_mixin.py:190} INFO - ⬇️ Bắt đầu xử lý symbol = SPV
[2025-10-07T13:46:10.386+0000] {logging_mixin.py:190} INFO - ⚠️ Không đọc được file cũ SPV: 'date'
[2025-10-07T13:46:10.394+0000] {logging_mixin.py:190} INFO - SPV: trích dữ liệu từ 2025-10-08 đến 2025-10-07
[2025-10-07T13:46:14.982+0000] {logging_mixin.py:190} INFO - Không tìm thấy dữ liệu cho SPV
[2025-10-07T13:46:14.984+0000] {logging_mixin.py:190} INFO - ℹ️ SPV: Không có dữ liệu mới.
[2025-10-07T13:46:14.984+0000] {logging_mixin.py:190} INFO - 🚦 Giới hạn API đạt mức tối đa, chờ 0.1s...
[2025-10-07T13:46:15.079+0000] {logging_mixin.py:190} INFO - ⬇️ Bắt đầu xử lý symbol = SPP
[2025-10-07T13:46:15.096+0000] {logging_mixin.py:190} INFO - ⚠️ Không đọc được file cũ SPP: 'date'
[2025-10-07T13:46:15.104+0000] {logging_mixin.py:190} INFO - SPP: trích dữ liệu từ 2023-03-25 đến 2025-10-07
[2025-10-07T13:46:19.542+0000] {logging_mixin.py:190} INFO - Không tìm thấy dữ liệu cho SPP
[2025-10-07T13:46:19.544+0000] {logging_mixin.py:190} INFO - ℹ️ SPP: Không có dữ liệu mới.
[2025-10-07T13:46:19.544+0000] {logging_mixin.py:190} INFO - 🚦 Giới hạn API đạt mức tối đa, chờ 34.2s...
[2025-10-07T13:46:53.612+0000] {logging_mixin.py:190} INFO - ⬇️ Bắt đầu xử lý symbol = SPM
[2025-10-07T13:46:53.632+0000] {logging_mixin.py:190} INFO - ⚠️ Không đọc được file cũ SPM: 'date'
[2025-10-07T13:46:53.643+0000] {logging_mixin.py:190} INFO - SPM: trích dữ liệu từ 2025-10-07 đến 2025-10-07
[2025-10-07T13:46:58.153+0000] {logging_mixin.py:190} INFO - Không tìm thấy dữ liệu cho SPM
[2025-10-07T13:46:58.154+0000] {logging_mixin.py:190} INFO - ℹ️ SPM: Không có dữ liệu mới.
[2025-10-07T13:46:58.154+0000] {logging_mixin.py:190} INFO - 🚦 Giới hạn API đạt mức tối đa, chờ 1.0s...
[2025-10-07T13:46:59.143+0000] {logging_mixin.py:190} INFO - ⬇️ Bắt đầu xử lý symbol = SPI
[2025-10-07T13:46:59.165+0000] {logging_mixin.py:190} INFO - ⚠️ Không đọc được file cũ SPI: 'date'
[2025-10-07T13:46:59.170+0000] {logging_mixin.py:190} INFO - SPI: trích dữ liệu từ 2025-02-15 đến 2025-10-07
[2025-10-07T13:47:03.801+0000] {logging_mixin.py:190} INFO - Không tìm thấy dữ liệu cho SPI
[2025-10-07T13:47:03.802+0000] {logging_mixin.py:190} INFO - ℹ️ SPI: Không có dữ liệu mới.
[2025-10-07T13:47:03.803+0000] {logging_mixin.py:190} INFO - 🚦 Giới hạn API đạt mức tối đa, chờ 1.0s...
[2025-10-07T13:47:04.764+0000] {logging_mixin.py:190} INFO - ⬇️ Bắt đầu xử lý symbol = SPH
[2025-10-07T13:47:04.783+0000] {logging_mixin.py:190} INFO - ⚠️ Không đọc được file cũ SPH: 'date'
[2025-10-07T13:47:04.790+0000] {logging_mixin.py:190} INFO - SPH: trích dữ liệu từ 2025-09-06 đến 2025-10-07
[2025-10-07T13:47:09.490+0000] {logging_mixin.py:190} INFO - Không tìm thấy dữ liệu cho SPH
[2025-10-07T13:47:09.492+0000] {logging_mixin.py:190} INFO - ℹ️ SPH: Không có dữ liệu mới.
[2025-10-07T13:47:09.493+0000] {logging_mixin.py:190} INFO - 🚦 Giới hạn API đạt mức tối đa, chờ 0.9s...
[2025-10-07T13:47:10.368+0000] {logging_mixin.py:190} INFO - ⬇️ Bắt đầu xử lý symbol = SPD
[2025-10-07T13:47:10.386+0000] {logging_mixin.py:190} INFO - ⚠️ Không đọc được file cũ SPD: 'date'
[2025-10-07T13:47:10.392+0000] {logging_mixin.py:190} INFO - SPD: trích dữ liệu từ 2025-03-12 đến 2025-10-07
[2025-10-07T13:47:15.135+0000] {logging_mixin.py:190} INFO - Không tìm thấy dữ liệu cho SPD
[2025-10-07T13:47:15.137+0000] {logging_mixin.py:190} INFO - ℹ️ SPD: Không có dữ liệu mới.
[2025-10-07T13:47:15.137+0000] {logging_mixin.py:190} INFO - ⬇️ Bắt đầu xử lý symbol = SPC
[2025-10-07T13:47:15.152+0000] {logging_mixin.py:190} INFO - ⚠️ Không đọc được file cũ SPC: 'date'
[2025-10-07T13:47:15.160+0000] {logging_mixin.py:190} INFO - SPC: trích dữ liệu từ 2025-09-24 đến 2025-10-07
[2025-10-07T13:47:19.968+0000] {logging_mixin.py:190} INFO - Không tìm thấy dữ liệu cho SPC
[2025-10-07T13:47:19.970+0000] {logging_mixin.py:190} INFO - ℹ️ SPC: Không có dữ liệu mới.
[2025-10-07T13:47:19.970+0000] {logging_mixin.py:190} INFO - 🚦 Giới hạn API đạt mức tối đa, chờ 33.6s...
[2025-10-07T13:47:53.450+0000] {logging_mixin.py:190} INFO - ⬇️ Bắt đầu xử lý symbol = SPB
[2025-10-07T13:47:53.474+0000] {logging_mixin.py:190} INFO - ⚠️ Không đọc được file cũ SPB: 'date'
[2025-10-07T13:47:53.483+0000] {logging_mixin.py:190} INFO - SPB: trích dữ liệu từ 2025-10-08 đến 2025-10-07
[2025-10-07T13:47:58.101+0000] {logging_mixin.py:190} INFO - Không tìm thấy dữ liệu cho SPB
[2025-10-07T13:47:58.102+0000] {logging_mixin.py:190} INFO - ℹ️ SPB: Không có dữ liệu mới.
[2025-10-07T13:47:58.103+0000] {logging_mixin.py:190} INFO - 🚦 Giới hạn API đạt mức tối đa, chờ 1.0s...
[2025-10-07T13:47:59.144+0000] {logging_mixin.py:190} INFO - ⬇️ Bắt đầu xử lý symbol = SPA
[2025-10-07T13:47:59.161+0000] {logging_mixin.py:190} INFO - ⚠️ Không đọc được file cũ SPA: 'date'
[2025-10-07T13:47:59.168+0000] {logging_mixin.py:190} INFO - SPA: trích dữ liệu từ 2022-08-16 đến 2025-10-07
[2025-10-07T13:48:03.934+0000] {logging_mixin.py:190} INFO - Không tìm thấy dữ liệu cho SPA
[2025-10-07T13:48:03.936+0000] {logging_mixin.py:190} INFO - ℹ️ SPA: Không có dữ liệu mới.
[2025-10-07T13:48:03.937+0000] {logging_mixin.py:190} INFO - 🚦 Giới hạn API đạt mức tối đa, chờ 0.8s...
[2025-10-07T13:48:04.765+0000] {logging_mixin.py:190} INFO - ⬇️ Bắt đầu xử lý symbol = SP2
[2025-10-07T13:48:04.783+0000] {logging_mixin.py:190} INFO - ⚠️ Không đọc được file cũ SP2: 'date'
[2025-10-07T13:48:04.791+0000] {logging_mixin.py:190} INFO - SP2: trích dữ liệu từ 2025-10-02 đến 2025-10-07
[2025-10-07T13:48:09.273+0000] {logging_mixin.py:190} INFO - Không tìm thấy dữ liệu cho SP2
[2025-10-07T13:48:09.275+0000] {logging_mixin.py:190} INFO - ℹ️ SP2: Không có dữ liệu mới.
[2025-10-07T13:48:09.275+0000] {logging_mixin.py:190} INFO - 🚦 Giới hạn API đạt mức tối đa, chờ 1.1s...
[2025-10-07T13:48:10.369+0000] {logging_mixin.py:190} INFO - ⬇️ Bắt đầu xử lý symbol = SON
[2025-10-07T13:48:10.382+0000] {logging_mixin.py:190} INFO - SON: trích dữ liệu từ 2020-01-01 đến 2025-10-07
[2025-10-07T13:48:15.014+0000] {logging_mixin.py:190} INFO - Không tìm thấy dữ liệu cho SON
[2025-10-07T13:48:15.015+0000] {logging_mixin.py:190} INFO - ℹ️ SON: Không có dữ liệu mới.
[2025-10-07T13:48:15.016+0000] {logging_mixin.py:190} INFO - 🚦 Giới hạn API đạt mức tối đa, chờ 0.1s...
[2025-10-07T13:48:15.138+0000] {logging_mixin.py:190} INFO - ⬇️ Bắt đầu xử lý symbol = SNZ
[2025-10-07T13:48:15.158+0000] {logging_mixin.py:190} INFO - ⚠️ Không đọc được file cũ SNZ: 'date'
[2025-10-07T13:48:15.164+0000] {logging_mixin.py:190} INFO - SNZ: trích dữ liệu từ 2025-10-08 đến 2025-10-07
[2025-10-07T13:48:19.501+0000] {logging_mixin.py:190} INFO - Không tìm thấy dữ liệu cho SNZ
[2025-10-07T13:48:19.502+0000] {logging_mixin.py:190} INFO - ℹ️ SNZ: Không có dữ liệu mới.
[2025-10-07T13:48:19.503+0000] {logging_mixin.py:190} INFO - 🚦 Giới hạn API đạt mức tối đa, chờ 33.9s...
[2025-10-07T13:48:53.284+0000] {logging_mixin.py:190} INFO - ⬇️ Bắt đầu xử lý symbol = SNC
[2025-10-07T13:48:53.309+0000] {logging_mixin.py:190} INFO - ⚠️ Không đọc được file cũ SNC: 'date'
[2025-10-07T13:48:53.317+0000] {logging_mixin.py:190} INFO - SNC: trích dữ liệu từ 2025-09-13 đến 2025-10-07
[2025-10-07T13:48:57.797+0000] {logging_mixin.py:190} INFO - Không tìm thấy dữ liệu cho SNC
[2025-10-07T13:48:57.799+0000] {logging_mixin.py:190} INFO - ℹ️ SNC: Không có dữ liệu mới.
[2025-10-07T13:48:57.799+0000] {logging_mixin.py:190} INFO - 🚦 Giới hạn API đạt mức tối đa, chờ 1.3s...
[2025-10-07T13:48:59.144+0000] {logging_mixin.py:190} INFO - ⬇️ Bắt đầu xử lý symbol = SMT
[2025-10-07T13:48:59.164+0000] {logging_mixin.py:190} INFO - ⚠️ Không đọc được file cũ SMT: 'date'
[2025-10-07T13:48:59.171+0000] {logging_mixin.py:190} INFO - SMT: trích dữ liệu từ 2025-10-08 đến 2025-10-07
[2025-10-07T13:49:04.804+0000] {logging_mixin.py:190} INFO - Không tìm thấy dữ liệu cho SMT
[2025-10-07T13:49:04.805+0000] {logging_mixin.py:190} INFO - ℹ️ SMT: Không có dữ liệu mới.
[2025-10-07T13:49:04.805+0000] {logging_mixin.py:190} INFO - ⬇️ Bắt đầu xử lý symbol = SMN
[2025-10-07T13:49:04.821+0000] {logging_mixin.py:190} INFO - ⚠️ Không đọc được file cũ SMN: 'date'
[2025-10-07T13:49:04.827+0000] {logging_mixin.py:190} INFO - SMN: trích dữ liệu từ 2025-10-08 đến 2025-10-07
[2025-10-07T13:49:09.807+0000] {logging_mixin.py:190} INFO - Không tìm thấy dữ liệu cho SMN
[2025-10-07T13:49:09.808+0000] {logging_mixin.py:190} INFO - ℹ️ SMN: Không có dữ liệu mới.
[2025-10-07T13:49:09.808+0000] {logging_mixin.py:190} INFO - 🚦 Giới hạn API đạt mức tối đa, chờ 0.6s...
[2025-10-07T13:49:10.369+0000] {logging_mixin.py:190} INFO - ⬇️ Bắt đầu xử lý symbol = SMC
[2025-10-07T13:49:10.385+0000] {logging_mixin.py:190} INFO - ⚠️ Không đọc được file cũ SMC: 'date'
[2025-10-07T13:49:10.394+0000] {logging_mixin.py:190} INFO - SMC: trích dữ liệu từ 2025-10-08 đến 2025-10-07
[2025-10-07T13:49:14.939+0000] {logging_mixin.py:190} INFO - Không tìm thấy dữ liệu cho SMC
[2025-10-07T13:49:14.941+0000] {logging_mixin.py:190} INFO - ℹ️ SMC: Không có dữ liệu mới.
[2025-10-07T13:49:14.941+0000] {logging_mixin.py:190} INFO - 🚦 Giới hạn API đạt mức tối đa, chờ 0.2s...
[2025-10-07T13:49:15.139+0000] {logging_mixin.py:190} INFO - ⬇️ Bắt đầu xử lý symbol = SMB
[2025-10-07T13:49:15.159+0000] {logging_mixin.py:190} INFO - ⚠️ Không đọc được file cũ SMB: 'date'
[2025-10-07T13:49:15.167+0000] {logging_mixin.py:190} INFO - SMB: trích dữ liệu từ 2025-10-08 đến 2025-10-07
[2025-10-07T13:49:19.533+0000] {logging_mixin.py:190} INFO - Không tìm thấy dữ liệu cho SMB
[2025-10-07T13:49:19.535+0000] {logging_mixin.py:190} INFO - ℹ️ SMB: Không có dữ liệu mới.
[2025-10-07T13:49:19.535+0000] {logging_mixin.py:190} INFO - 🚦 Giới hạn API đạt mức tối đa, chờ 33.7s...
[2025-10-07T14:59:31.536+0000] {job.py:229} INFO - Heartbeat recovered after 4194.42 seconds
[2025-10-07T14:59:42.365+0000] {logging_mixin.py:190} INFO - ⬇️ Bắt đầu xử lý symbol = SMA
[2025-10-07T14:59:42.684+0000] {logging_mixin.py:190} INFO - ⚠️ Không đọc được file cũ SMA: 'date'
[2025-10-07T14:59:42.824+0000] {logging_mixin.py:190} INFO - SMA: trích dữ liệu từ 2025-10-08 đến 2025-10-07
[2025-10-07T14:59:47.773+0000] {logging_mixin.py:190} INFO - Không tìm thấy dữ liệu cho SMA
[2025-10-07T14:59:47.775+0000] {logging_mixin.py:190} INFO - ℹ️ SMA: Không có dữ liệu mới.
[2025-10-07T14:59:47.777+0000] {logging_mixin.py:190} INFO - ⬇️ Bắt đầu xử lý symbol = SLS
[2025-10-07T14:59:47.818+0000] {logging_mixin.py:190} INFO - ⚠️ Không đọc được file cũ SLS: 'date'
[2025-10-07T14:59:47.829+0000] {logging_mixin.py:190} INFO - SLS: trích dữ liệu từ 2025-10-08 đến 2025-10-07
[2025-10-07T14:59:52.624+0000] {logging_mixin.py:190} INFO - Không tìm thấy dữ liệu cho SLS
[2025-10-07T14:59:52.636+0000] {logging_mixin.py:190} INFO - ℹ️ SLS: Không có dữ liệu mới.
[2025-10-07T14:59:52.648+0000] {logging_mixin.py:190} INFO - ⬇️ Bắt đầu xử lý symbol = SLD
[2025-10-07T14:59:52.779+0000] {logging_mixin.py:190} INFO - ⚠️ Không đọc được file cũ SLD: 'date'
[2025-10-07T14:59:52.792+0000] {logging_mixin.py:190} INFO - SLD: trích dữ liệu từ 2025-10-07 đến 2025-10-07
[2025-10-07T14:59:57.820+0000] {logging_mixin.py:190} INFO - Không tìm thấy dữ liệu cho SLD
[2025-10-07T14:59:57.834+0000] {logging_mixin.py:190} INFO - ℹ️ SLD: Không có dữ liệu mới.
[2025-10-07T14:59:57.836+0000] {logging_mixin.py:190} INFO - ⬇️ Bắt đầu xử lý symbol = SKV
[2025-10-07T14:59:57.954+0000] {logging_mixin.py:190} INFO - ⚠️ Không đọc được file cũ SKV: 'date'
[2025-10-07T14:59:57.992+0000] {logging_mixin.py:190} INFO - SKV: trích dữ liệu từ 2025-10-08 đến 2025-10-07
[2025-10-07T15:00:02.048+0000] {local_task_job_runner.py:346} WARNING - State of this instance has been externally set to up_for_retry. Terminating instance.
[2025-10-07T15:00:02.086+0000] {local_task_job_runner.py:245} INFO - ::endgroup::
[2025-10-07T15:00:02.097+0000] {process_utils.py:132} INFO - Sending 15 to group 19064. PIDs of all processes in the group: [19064]
[2025-10-07T15:00:02.099+0000] {process_utils.py:87} INFO - Sending the signal 15 to group 19064
[2025-10-07T15:00:02.100+0000] {taskinstance.py:3094} ERROR - Received SIGTERM. Terminating subprocesses.
[2025-10-07T15:00:02.229+0000] {taskinstance.py:3095} ERROR - Stacktrace: 
  File "/home/***/.local/bin/***", line 8, in <module>
    sys.exit(main())
  File "/home/***/.local/lib/python3.12/site-packages/***/__main__.py", line 62, in main
    args.func(args)
  File "/home/***/.local/lib/python3.12/site-packages/***/cli/cli_config.py", line 49, in command
    return func(*args, **kwargs)
  File "/home/***/.local/lib/python3.12/site-packages/***/utils/cli.py", line 116, in wrapper
    return f(*args, **kwargs)
  File "/home/***/.local/lib/python3.12/site-packages/***/utils/providers_configuration_loader.py", line 55, in wrapped_function
    return func(*args, **kwargs)
  File "/home/***/.local/lib/python3.12/site-packages/***/cli/commands/scheduler_command.py", line 56, in scheduler
    run_command_with_daemon_option(
  File "/home/***/.local/lib/python3.12/site-packages/***/cli/commands/daemon_utils.py", line 86, in run_command_with_daemon_option
    callback()
  File "/home/***/.local/lib/python3.12/site-packages/***/cli/commands/scheduler_command.py", line 59, in <lambda>
    callback=lambda: _run_scheduler_job(args),
  File "/home/***/.local/lib/python3.12/site-packages/***/cli/commands/scheduler_command.py", line 47, in _run_scheduler_job
    run_job(job=job_runner.job, execute_callable=job_runner._execute)
  File "/home/***/.local/lib/python3.12/site-packages/***/utils/session.py", line 97, in wrapper
    return func(*args, session=session, **kwargs)
  File "/home/***/.local/lib/python3.12/site-packages/***/jobs/job.py", line 421, in run_job
    return execute_job(job, execute_callable=execute_callable)
  File "/home/***/.local/lib/python3.12/site-packages/***/jobs/job.py", line 450, in execute_job
    ret = execute_callable()
  File "/home/***/.local/lib/python3.12/site-packages/***/jobs/scheduler_job_runner.py", line 990, in _execute
    executor.start()
  File "/home/***/.local/lib/python3.12/site-packages/***/executors/local_executor.py", line 392, in start
    self.impl.start()
  File "/home/***/.local/lib/python3.12/site-packages/***/executors/local_executor.py", line 330, in start
    worker.start()
  File "/usr/local/lib/python3.12/multiprocessing/process.py", line 121, in start
    self._popen = self._Popen(self)
  File "/usr/local/lib/python3.12/multiprocessing/context.py", line 224, in _Popen
    return _default_context.get_context().Process._Popen(process_obj)
  File "/usr/local/lib/python3.12/multiprocessing/context.py", line 282, in _Popen
    return Popen(process_obj)
  File "/usr/local/lib/python3.12/multiprocessing/popen_fork.py", line 19, in __init__
    self._launch(process_obj)
  File "/usr/local/lib/python3.12/multiprocessing/popen_fork.py", line 71, in _launch
    code = process_obj._bootstrap(parent_sentinel=child_r)
  File "/usr/local/lib/python3.12/multiprocessing/process.py", line 314, in _bootstrap
    self.run()
  File "/home/***/.local/lib/python3.12/site-packages/***/executors/local_executor.py", line 80, in run
    return super().run()
  File "/usr/local/lib/python3.12/multiprocessing/process.py", line 108, in run
    self._target(*self._args, **self._kwargs)
  File "/home/***/.local/lib/python3.12/site-packages/***/traces/tracer.py", line 58, in wrapper
    return func(*args, **kwargs)
  File "/home/***/.local/lib/python3.12/site-packages/***/executors/local_executor.py", line 211, in do_work
    self.execute_work(key=key, command=command)
  File "/home/***/.local/lib/python3.12/site-packages/***/traces/tracer.py", line 58, in wrapper
    return func(*args, **kwargs)
  File "/home/***/.local/lib/python3.12/site-packages/***/executors/local_executor.py", line 100, in execute_work
    state = self._execute_work_in_fork(command)
  File "/home/***/.local/lib/python3.12/site-packages/***/traces/tracer.py", line 58, in wrapper
    return func(*args, **kwargs)
  File "/home/***/.local/lib/python3.12/site-packages/***/executors/local_executor.py", line 142, in _execute_work_in_fork
    args.func(args)
  File "/home/***/.local/lib/python3.12/site-packages/***/cli/cli_config.py", line 49, in command
    return func(*args, **kwargs)
  File "/home/***/.local/lib/python3.12/site-packages/***/utils/cli.py", line 116, in wrapper
    return f(*args, **kwargs)
  File "/home/***/.local/lib/python3.12/site-packages/***/cli/commands/task_command.py", line 483, in task_run
    task_return_code = _run_task_by_selected_method(args, _dag, ti)
  File "/home/***/.local/lib/python3.12/site-packages/***/cli/commands/task_command.py", line 254, in _run_task_by_selected_method
    return _run_task_by_local_task_job(args, ti)
  File "/home/***/.local/lib/python3.12/site-packages/***/cli/commands/task_command.py", line 322, in _run_task_by_local_task_job
    ret = run_job(job=job_runner.job, execute_callable=job_runner._execute)
  File "/home/***/.local/lib/python3.12/site-packages/***/utils/session.py", line 97, in wrapper
    return func(*args, session=session, **kwargs)
  File "/home/***/.local/lib/python3.12/site-packages/***/jobs/job.py", line 421, in run_job
    return execute_job(job, execute_callable=execute_callable)
  File "/home/***/.local/lib/python3.12/site-packages/***/jobs/job.py", line 450, in execute_job
    ret = execute_callable()
  File "/home/***/.local/lib/python3.12/site-packages/***/jobs/local_task_job_runner.py", line 171, in _execute
    self.task_runner.start()
  File "/home/***/.local/lib/python3.12/site-packages/***/task/task_runner/standard_task_runner.py", line 55, in start
    self.process = self._start_by_fork()
  File "/home/***/.local/lib/python3.12/site-packages/***/task/task_runner/standard_task_runner.py", line 117, in _start_by_fork
    ret = args.func(args, dag=self.dag)
  File "/home/***/.local/lib/python3.12/site-packages/***/cli/cli_config.py", line 49, in command
    return func(*args, **kwargs)
  File "/home/***/.local/lib/python3.12/site-packages/***/utils/cli.py", line 116, in wrapper
    return f(*args, **kwargs)
  File "/home/***/.local/lib/python3.12/site-packages/***/cli/commands/task_command.py", line 483, in task_run
    task_return_code = _run_task_by_selected_method(args, _dag, ti)
  File "/home/***/.local/lib/python3.12/site-packages/***/cli/commands/task_command.py", line 256, in _run_task_by_selected_method
    return _run_raw_task(args, ti)
  File "/home/***/.local/lib/python3.12/site-packages/***/cli/commands/task_command.py", line 341, in _run_raw_task
    return ti._run_raw_task(
  File "/home/***/.local/lib/python3.12/site-packages/***/utils/session.py", line 97, in wrapper
    return func(*args, session=session, **kwargs)
  File "/home/***/.local/lib/python3.12/site-packages/***/models/taskinstance.py", line 3006, in _run_raw_task
    return _run_raw_task(
  File "/home/***/.local/lib/python3.12/site-packages/***/models/taskinstance.py", line 274, in _run_raw_task
    TaskInstance._execute_task_with_callbacks(
  File "/home/***/.local/lib/python3.12/site-packages/***/models/taskinstance.py", line 3161, in _execute_task_with_callbacks
    result = self._execute_task(context, task_orig)
  File "/home/***/.local/lib/python3.12/site-packages/***/models/taskinstance.py", line 3185, in _execute_task
    return _execute_task(self, context, task_orig)
  File "/home/***/.local/lib/python3.12/site-packages/***/models/taskinstance.py", line 768, in _execute_task
    result = _execute_callable(context=context, **execute_callable_kwargs)
  File "/home/***/.local/lib/python3.12/site-packages/***/models/taskinstance.py", line 734, in _execute_callable
    return ExecutionCallableRunner(
  File "/home/***/.local/lib/python3.12/site-packages/***/utils/operator_helpers.py", line 252, in run
    return self.func(*args, **kwargs)
  File "/home/***/.local/lib/python3.12/site-packages/***/models/baseoperator.py", line 424, in wrapper
    return func(self, *args, **kwargs)
  File "/home/***/.local/lib/python3.12/site-packages/***/decorators/base.py", line 266, in execute
    return_value = super().execute(context)
  File "/home/***/.local/lib/python3.12/site-packages/***/models/baseoperator.py", line 424, in wrapper
    return func(self, *args, **kwargs)
  File "/home/***/.local/lib/python3.12/site-packages/***/operators/python.py", line 238, in execute
    return_value = self.execute_callable()
  File "/home/***/.local/lib/python3.12/site-packages/***/operators/python.py", line 256, in execute_callable
    return runner.run(*self.op_args, **self.op_kwargs)
  File "/home/***/.local/lib/python3.12/site-packages/***/utils/operator_helpers.py", line 252, in run
    return self.func(*args, **kwargs)
  File "/opt/***/dags/dag.py", line 99, in process_batch
    df_new = extract_data(symbol, OUTPUT_DIR, start_date=last_date)
  File "/opt/***/src/batch/etl_vnstock.py", line 29, in extract_data
    df = quote.history(start=start_date, end=today.strftime("%Y-%m-%d"))
  File "/home/***/.local/lib/python3.12/site-packages/tenacity/__init__.py", line 338, in wrapped_f
    return copy(f, *args, **kw)
  File "/home/***/.local/lib/python3.12/site-packages/tenacity/__init__.py", line 487, in __call__
    self.sleep(do)
  File "/home/***/.local/lib/python3.12/site-packages/tenacity/nap.py", line 31, in sleep
    time.sleep(seconds)
  File "/home/***/.local/lib/python3.12/site-packages/***/models/taskinstance.py", line 3095, in signal_handler
    self.log.error("Stacktrace: \n%s", "".join(traceback.format_stack()))

[2025-10-07T15:00:02.246+0000] {taskinstance.py:3313} ERROR - Task failed with exception
Traceback (most recent call last):
  File "/home/airflow/.local/lib/python3.12/site-packages/airflow/models/taskinstance.py", line 768, in _execute_task
    result = _execute_callable(context=context, **execute_callable_kwargs)
             ^^^^^^^^^^^^^^^^^^^^^^^^^^^^^^^^^^^^^^^^^^^^^^^^^^^^^^^^^^^^^
  File "/home/airflow/.local/lib/python3.12/site-packages/airflow/models/taskinstance.py", line 734, in _execute_callable
    return ExecutionCallableRunner(
           ^^^^^^^^^^^^^^^^^^^^^^^^
  File "/home/airflow/.local/lib/python3.12/site-packages/airflow/utils/operator_helpers.py", line 252, in run
    return self.func(*args, **kwargs)
           ^^^^^^^^^^^^^^^^^^^^^^^^^^
  File "/home/airflow/.local/lib/python3.12/site-packages/airflow/models/baseoperator.py", line 424, in wrapper
    return func(self, *args, **kwargs)
           ^^^^^^^^^^^^^^^^^^^^^^^^^^^
  File "/home/airflow/.local/lib/python3.12/site-packages/airflow/decorators/base.py", line 266, in execute
    return_value = super().execute(context)
                   ^^^^^^^^^^^^^^^^^^^^^^^^
  File "/home/airflow/.local/lib/python3.12/site-packages/airflow/models/baseoperator.py", line 424, in wrapper
    return func(self, *args, **kwargs)
           ^^^^^^^^^^^^^^^^^^^^^^^^^^^
  File "/home/airflow/.local/lib/python3.12/site-packages/airflow/operators/python.py", line 238, in execute
    return_value = self.execute_callable()
                   ^^^^^^^^^^^^^^^^^^^^^^^
  File "/home/airflow/.local/lib/python3.12/site-packages/airflow/operators/python.py", line 256, in execute_callable
    return runner.run(*self.op_args, **self.op_kwargs)
           ^^^^^^^^^^^^^^^^^^^^^^^^^^^^^^^^^^^^^^^^^^^
  File "/home/airflow/.local/lib/python3.12/site-packages/airflow/utils/operator_helpers.py", line 252, in run
    return self.func(*args, **kwargs)
           ^^^^^^^^^^^^^^^^^^^^^^^^^^
  File "/opt/airflow/dags/dag.py", line 99, in process_batch
    df_new = extract_data(symbol, OUTPUT_DIR, start_date=last_date)
             ^^^^^^^^^^^^^^^^^^^^^^^^^^^^^^^^^^^^^^^^^^^^^^^^^^^^^^
  File "/opt/airflow/src/batch/etl_vnstock.py", line 29, in extract_data
    df = quote.history(start=start_date, end=today.strftime("%Y-%m-%d"))
         ^^^^^^^^^^^^^^^^^^^^^^^^^^^^^^^^^^^^^^^^^^^^^^^^^^^^^^^^^^^^^^^
  File "/home/airflow/.local/lib/python3.12/site-packages/tenacity/__init__.py", line 338, in wrapped_f
    return copy(f, *args, **kw)
           ^^^^^^^^^^^^^^^^^^^^
  File "/home/airflow/.local/lib/python3.12/site-packages/tenacity/__init__.py", line 487, in __call__
    self.sleep(do)
  File "/home/airflow/.local/lib/python3.12/site-packages/tenacity/nap.py", line 31, in sleep
    time.sleep(seconds)
  File "/home/airflow/.local/lib/python3.12/site-packages/airflow/models/taskinstance.py", line 3097, in signal_handler
    raise AirflowTaskTerminated("Task received SIGTERM signal")
airflow.exceptions.AirflowTaskTerminated: Task received SIGTERM signal
[2025-10-07T15:00:02.259+0000] {taskinstance.py:1226} INFO - Marking task as UP_FOR_RETRY. dag_id=vnstock_weekly_etl_incremental, task_id=process_batch, run_id=manual__2025-10-07T10:44:44.201464+00:00, map_index=8, execution_date=20251007T104444, start_date=20251007T134154, end_date=20251007T150002
[2025-10-07T15:00:02.333+0000] {taskinstance.py:341} INFO - ::group::Post task execution logs
[2025-10-07T15:00:02.419+0000] {process_utils.py:80} INFO - Process psutil.Process(pid=19064, status='terminated', exitcode=2, started='13:41:53') (19064) terminated with exit code 2
