[2025-10-07T15:39:51.362+0000] {local_task_job_runner.py:123} INFO - ::group::Pre task execution logs
[2025-10-07T15:39:51.386+0000] {taskinstance.py:2614} INFO - Dependencies all met for dep_context=non-requeueable deps ti=<TaskInstance: vnstock_weekly_etl_incremental.process_batch manual__2025-10-07T10:44:44.201464+00:00 map_index=33 [queued]>
[2025-10-07T15:39:51.398+0000] {taskinstance.py:2614} INFO - Dependencies all met for dep_context=requeueable deps ti=<TaskInstance: vnstock_weekly_etl_incremental.process_batch manual__2025-10-07T10:44:44.201464+00:00 map_index=33 [queued]>
[2025-10-07T15:39:51.399+0000] {taskinstance.py:2867} INFO - Starting attempt 1 of 3
[2025-10-07T15:39:51.412+0000] {taskinstance.py:2890} INFO - Executing <Mapped(_PythonDecoratedOperator): process_batch> on 2025-10-07 10:44:44.201464+00:00
[2025-10-07T15:39:51.423+0000] {logging_mixin.py:190} WARNING - /home/***/.local/lib/python3.12/site-packages/***/task/task_runner/standard_task_runner.py:70 DeprecationWarning: This process (pid=25722) is multi-threaded, use of fork() may lead to deadlocks in the child.
[2025-10-07T15:39:51.425+0000] {standard_task_runner.py:72} INFO - Started process 25732 to run task
[2025-10-07T15:39:51.424+0000] {standard_task_runner.py:104} INFO - Running: ['***', 'tasks', 'run', 'vnstock_weekly_etl_incremental', 'process_batch', 'manual__2025-10-07T10:44:44.201464+00:00', '--job-id', '230', '--raw', '--subdir', 'DAGS_FOLDER/dag.py', '--cfg-path', '/tmp/tmp3efidt2h', '--map-index', '33']
[2025-10-07T15:39:51.428+0000] {standard_task_runner.py:105} INFO - Job 230: Subtask process_batch
[2025-10-07T15:39:51.441+0000] {logging_mixin.py:190} WARNING - /home/***/.local/lib/python3.12/site-packages/***/settings.py:209 DeprecationWarning: The sql_alchemy_conn option in [core] has been moved to the sql_alchemy_conn option in [database] - the old setting has been used, but please update your config.
[2025-10-07T15:39:51.487+0000] {task_command.py:467} INFO - Running <TaskInstance: vnstock_weekly_etl_incremental.process_batch manual__2025-10-07T10:44:44.201464+00:00 map_index=33 [running]> on host e3278e0f0bbc
[2025-10-07T15:39:51.753+0000] {taskinstance.py:3134} INFO - Exporting env vars: AIRFLOW_CTX_DAG_OWNER='***' AIRFLOW_CTX_DAG_ID='vnstock_weekly_etl_incremental' AIRFLOW_CTX_TASK_ID='process_batch' AIRFLOW_CTX_EXECUTION_DATE='2025-10-07T10:44:44.201464+00:00' AIRFLOW_CTX_TRY_NUMBER='1' AIRFLOW_CTX_DAG_RUN_ID='manual__2025-10-07T10:44:44.201464+00:00'
[2025-10-07T15:39:51.754+0000] {taskinstance.py:732} INFO - ::endgroup::
[2025-10-07T15:39:51.756+0000] {logging_mixin.py:190} INFO - ⬇️ Bắt đầu xử lý symbol = AVC
[2025-10-07T15:39:51.779+0000] {logging_mixin.py:190} INFO - ⚠️ Không đọc được file cũ AVC: 'date'
[2025-10-07T15:39:51.790+0000] {logging_mixin.py:190} INFO - AVC: trích dữ liệu từ 2025-10-08 đến 2025-10-07
[2025-10-07T15:39:56.333+0000] {logging_mixin.py:190} INFO - Không tìm thấy dữ liệu cho AVC
[2025-10-07T15:39:56.335+0000] {logging_mixin.py:190} INFO - AVC: Không có dữ liệu mới.
[2025-10-07T15:39:56.335+0000] {logging_mixin.py:190} INFO - ⬇️ Bắt đầu xử lý symbol = AUM
[2025-10-07T15:39:56.353+0000] {logging_mixin.py:190} INFO - ⚠️ Không đọc được file cũ AUM: 'date'
[2025-10-07T15:39:56.360+0000] {logging_mixin.py:190} INFO - AUM: trích dữ liệu từ 2022-07-29 đến 2025-10-07
[2025-10-07T15:40:02.355+0000] {logging_mixin.py:190} INFO - Không tìm thấy dữ liệu cho AUM
[2025-10-07T15:40:02.356+0000] {logging_mixin.py:190} INFO - AUM: Không có dữ liệu mới.
[2025-10-07T15:40:02.357+0000] {logging_mixin.py:190} INFO - ⬇️ Bắt đầu xử lý symbol = ATS
[2025-10-07T15:40:02.375+0000] {logging_mixin.py:190} INFO - ⚠️ Không đọc được file cũ ATS: 'date'
[2025-10-07T15:40:02.384+0000] {logging_mixin.py:190} INFO - ATS: trích dữ liệu từ 2025-10-03 đến 2025-10-07
[2025-10-07T15:40:07.850+0000] {logging_mixin.py:190} INFO - Không tìm thấy dữ liệu cho ATS
[2025-10-07T15:40:07.852+0000] {logging_mixin.py:190} INFO - ATS: Không có dữ liệu mới.
[2025-10-07T15:40:07.852+0000] {logging_mixin.py:190} INFO - ⬇️ Bắt đầu xử lý symbol = ATG
[2025-10-07T15:40:07.870+0000] {logging_mixin.py:190} INFO - ⚠️ Không đọc được file cũ ATG: 'date'
[2025-10-07T15:40:07.877+0000] {logging_mixin.py:190} INFO - ATG: trích dữ liệu từ 2025-10-04 đến 2025-10-07
[2025-10-07T15:40:12.508+0000] {logging_mixin.py:190} INFO - Không tìm thấy dữ liệu cho ATG
[2025-10-07T15:40:12.510+0000] {logging_mixin.py:190} INFO - ATG: Không có dữ liệu mới.
[2025-10-07T15:40:12.511+0000] {logging_mixin.py:190} INFO - ⬇️ Bắt đầu xử lý symbol = ATB
[2025-10-07T15:40:12.534+0000] {logging_mixin.py:190} INFO - ⚠️ Không đọc được file cũ ATB: 'date'
[2025-10-07T15:40:12.542+0000] {logging_mixin.py:190} INFO - ATB: trích dữ liệu từ 2025-05-31 đến 2025-10-07
[2025-10-07T15:40:17.002+0000] {logging_mixin.py:190} INFO - Không tìm thấy dữ liệu cho ATB
[2025-10-07T15:40:17.003+0000] {logging_mixin.py:190} INFO - ATB: Không có dữ liệu mới.
[2025-10-07T15:40:17.004+0000] {logging_mixin.py:190} INFO - 🚦 Giới hạn API đạt mức tối đa, chờ 34.8s...
[2025-10-07T15:40:51.730+0000] {logging_mixin.py:190} INFO - ⬇️ Bắt đầu xử lý symbol = ATA
[2025-10-07T15:40:51.749+0000] {logging_mixin.py:190} INFO - ⚠️ Không đọc được file cũ ATA: 'date'
[2025-10-07T15:40:51.757+0000] {logging_mixin.py:190} INFO - ATA: trích dữ liệu từ 2025-10-04 đến 2025-10-07
[2025-10-07T15:40:56.235+0000] {logging_mixin.py:190} INFO - Không tìm thấy dữ liệu cho ATA
[2025-10-07T15:40:56.236+0000] {logging_mixin.py:190} INFO - ATA: Không có dữ liệu mới.
[2025-10-07T15:40:56.237+0000] {logging_mixin.py:190} INFO - 🚦 Giới hạn API đạt mức tối đa, chờ 0.1s...
[2025-10-07T15:40:56.336+0000] {logging_mixin.py:190} INFO - ⬇️ Bắt đầu xử lý symbol = AST
[2025-10-07T15:40:56.355+0000] {logging_mixin.py:190} INFO - ⚠️ Không đọc được file cũ AST: 'date'
[2025-10-07T15:40:56.368+0000] {logging_mixin.py:190} INFO - AST: trích dữ liệu từ 2025-10-08 đến 2025-10-07
[2025-10-07T15:41:00.946+0000] {logging_mixin.py:190} INFO - Không tìm thấy dữ liệu cho AST
[2025-10-07T15:41:00.948+0000] {logging_mixin.py:190} INFO - AST: Không có dữ liệu mới.
[2025-10-07T15:41:00.949+0000] {logging_mixin.py:190} INFO - 🚦 Giới hạn API đạt mức tối đa, chờ 1.4s...
[2025-10-07T15:41:02.357+0000] {logging_mixin.py:190} INFO - ⬇️ Bắt đầu xử lý symbol = ASP
[2025-10-07T15:41:02.375+0000] {logging_mixin.py:190} INFO - ⚠️ Không đọc được file cũ ASP: 'date'
[2025-10-07T15:41:02.381+0000] {logging_mixin.py:190} INFO - ASP: trích dữ liệu từ 2025-10-08 đến 2025-10-07
[2025-10-07T15:41:06.888+0000] {logging_mixin.py:190} INFO - Không tìm thấy dữ liệu cho ASP
[2025-10-07T15:41:06.889+0000] {logging_mixin.py:190} INFO - ASP: Không có dữ liệu mới.
[2025-10-07T15:41:06.890+0000] {logging_mixin.py:190} INFO - 🚦 Giới hạn API đạt mức tối đa, chờ 1.0s...
[2025-10-07T15:41:07.853+0000] {logging_mixin.py:190} INFO - ⬇️ Bắt đầu xử lý symbol = ASM
[2025-10-07T15:41:07.879+0000] {logging_mixin.py:190} INFO - ⚠️ Không đọc được file cũ ASM: 'date'
[2025-10-07T15:41:07.887+0000] {logging_mixin.py:190} INFO - ASM: trích dữ liệu từ 2025-10-08 đến 2025-10-07
[2025-10-07T15:41:12.471+0000] {logging_mixin.py:190} INFO - Không tìm thấy dữ liệu cho ASM
[2025-10-07T15:41:12.472+0000] {logging_mixin.py:190} INFO - ASM: Không có dữ liệu mới.
[2025-10-07T15:41:12.473+0000] {logging_mixin.py:190} INFO - 🚦 Giới hạn API đạt mức tối đa, chờ 0.0s...
[2025-10-07T15:41:12.511+0000] {logging_mixin.py:190} INFO - ⬇️ Bắt đầu xử lý symbol = ASG
[2025-10-07T15:41:12.531+0000] {logging_mixin.py:190} INFO - ⚠️ Không đọc được file cũ ASG: 'date'
[2025-10-07T15:41:12.540+0000] {logging_mixin.py:190} INFO - ASG: trích dữ liệu từ 2025-10-08 đến 2025-10-07
[2025-10-07T15:41:17.014+0000] {logging_mixin.py:190} INFO - Không tìm thấy dữ liệu cho ASG
[2025-10-07T15:41:17.015+0000] {logging_mixin.py:190} INFO - ASG: Không có dữ liệu mới.
[2025-10-07T15:41:17.016+0000] {logging_mixin.py:190} INFO - 🚦 Giới hạn API đạt mức tối đa, chờ 34.7s...
[2025-10-07T15:41:51.706+0000] {logging_mixin.py:190} INFO - ⬇️ Bắt đầu xử lý symbol = ASA
[2025-10-07T15:41:51.764+0000] {logging_mixin.py:190} INFO - ⚠️ Không đọc được file cũ ASA: 'date'
[2025-10-07T15:41:51.772+0000] {logging_mixin.py:190} INFO - ASA: trích dữ liệu từ 2024-07-26 đến 2025-10-07
[2025-10-07T15:41:56.702+0000] {logging_mixin.py:190} INFO - Không tìm thấy dữ liệu cho ASA
[2025-10-07T15:41:56.704+0000] {logging_mixin.py:190} INFO - ASA: Không có dữ liệu mới.
[2025-10-07T15:41:56.704+0000] {logging_mixin.py:190} INFO - ⬇️ Bắt đầu xử lý symbol = ART
[2025-10-07T15:41:56.729+0000] {logging_mixin.py:190} INFO - ⚠️ Không đọc được file cũ ART: 'date'
[2025-10-07T15:41:56.734+0000] {logging_mixin.py:190} INFO - ART: trích dữ liệu từ 2024-07-26 đến 2025-10-07
[2025-10-07T15:42:01.231+0000] {logging_mixin.py:190} INFO - Không tìm thấy dữ liệu cho ART
[2025-10-07T15:42:01.232+0000] {logging_mixin.py:190} INFO - ART: Không có dữ liệu mới.
[2025-10-07T15:42:01.233+0000] {logging_mixin.py:190} INFO - 🚦 Giới hạn API đạt mức tối đa, chờ 1.1s...
[2025-10-07T15:42:02.358+0000] {logging_mixin.py:190} INFO - ⬇️ Bắt đầu xử lý symbol = ARM
[2025-10-07T15:42:02.378+0000] {logging_mixin.py:190} INFO - ⚠️ Không đọc được file cũ ARM: 'date'
[2025-10-07T15:42:02.386+0000] {logging_mixin.py:190} INFO - ARM: trích dữ liệu từ 2025-10-07 đến 2025-10-07
[2025-10-07T15:42:06.976+0000] {logging_mixin.py:190} INFO - Không tìm thấy dữ liệu cho ARM
[2025-10-07T15:42:06.978+0000] {logging_mixin.py:190} INFO - ARM: Không có dữ liệu mới.
[2025-10-07T15:42:06.979+0000] {logging_mixin.py:190} INFO - 🚦 Giới hạn API đạt mức tối đa, chờ 0.9s...
[2025-10-07T15:42:07.854+0000] {logging_mixin.py:190} INFO - ⬇️ Bắt đầu xử lý symbol = APT
[2025-10-07T15:42:07.873+0000] {logging_mixin.py:190} INFO - ⚠️ Không đọc được file cũ APT: 'date'
[2025-10-07T15:42:07.880+0000] {logging_mixin.py:190} INFO - APT: trích dữ liệu từ 2025-09-27 đến 2025-10-07
[2025-10-07T15:42:12.521+0000] {logging_mixin.py:190} INFO - Không tìm thấy dữ liệu cho APT
[2025-10-07T15:42:12.523+0000] {logging_mixin.py:190} INFO - APT: Không có dữ liệu mới.
[2025-10-07T15:42:12.523+0000] {logging_mixin.py:190} INFO - ⬇️ Bắt đầu xử lý symbol = APS
[2025-10-07T15:42:12.543+0000] {logging_mixin.py:190} INFO - ⚠️ Không đọc được file cũ APS: 'date'
[2025-10-07T15:42:12.550+0000] {logging_mixin.py:190} INFO - APS: trích dữ liệu từ 2025-10-08 đến 2025-10-07
[2025-10-07T15:42:17.326+0000] {logging_mixin.py:190} INFO - Không tìm thấy dữ liệu cho APS
[2025-10-07T15:42:17.327+0000] {logging_mixin.py:190} INFO - APS: Không có dữ liệu mới.
[2025-10-07T15:42:17.327+0000] {logging_mixin.py:190} INFO - 🚦 Giới hạn API đạt mức tối đa, chờ 34.4s...
[2025-10-07T15:42:51.700+0000] {logging_mixin.py:190} INFO - ⬇️ Bắt đầu xử lý symbol = APP
[2025-10-07T15:42:51.719+0000] {logging_mixin.py:190} INFO - ⚠️ Không đọc được file cũ APP: 'date'
[2025-10-07T15:42:51.726+0000] {logging_mixin.py:190} INFO - APP: trích dữ liệu từ 2025-10-08 đến 2025-10-07
[2025-10-07T15:42:56.255+0000] {logging_mixin.py:190} INFO - Không tìm thấy dữ liệu cho APP
[2025-10-07T15:42:56.257+0000] {logging_mixin.py:190} INFO - APP: Không có dữ liệu mới.
[2025-10-07T15:42:56.257+0000] {logging_mixin.py:190} INFO - 🚦 Giới hạn API đạt mức tối đa, chờ 0.4s...
[2025-10-07T15:42:56.705+0000] {logging_mixin.py:190} INFO - ⬇️ Bắt đầu xử lý symbol = APL
[2025-10-07T15:42:56.731+0000] {logging_mixin.py:190} INFO - ⚠️ Không đọc được file cũ APL: 'date'
[2025-10-07T15:42:56.737+0000] {logging_mixin.py:190} INFO - APL: trích dữ liệu từ 2025-10-08 đến 2025-10-07
[2025-10-07T15:43:03.424+0000] {logging_mixin.py:190} INFO - Không tìm thấy dữ liệu cho APL
[2025-10-07T15:43:03.426+0000] {logging_mixin.py:190} INFO - APL: Không có dữ liệu mới.
[2025-10-07T15:43:03.426+0000] {logging_mixin.py:190} INFO - ⬇️ Bắt đầu xử lý symbol = API
[2025-10-07T15:43:03.443+0000] {logging_mixin.py:190} INFO - ⚠️ Không đọc được file cũ API: 'date'
[2025-10-07T15:43:03.450+0000] {logging_mixin.py:190} INFO - API: trích dữ liệu từ 2025-10-08 đến 2025-10-07
[2025-10-07T15:43:08.220+0000] {logging_mixin.py:190} INFO - Không tìm thấy dữ liệu cho API
[2025-10-07T15:43:08.221+0000] {logging_mixin.py:190} INFO - API: Không có dữ liệu mới.
[2025-10-07T15:43:08.221+0000] {logging_mixin.py:190} INFO - ⬇️ Bắt đầu xử lý symbol = APH
[2025-10-07T15:43:08.241+0000] {logging_mixin.py:190} INFO - ⚠️ Không đọc được file cũ APH: 'date'
[2025-10-07T15:43:08.250+0000] {logging_mixin.py:190} INFO - APH: trích dữ liệu từ 2025-10-08 đến 2025-10-07
[2025-10-07T15:43:12.796+0000] {logging_mixin.py:190} INFO - Không tìm thấy dữ liệu cho APH
[2025-10-07T15:43:12.797+0000] {logging_mixin.py:190} INFO - APH: Không có dữ liệu mới.
[2025-10-07T15:43:12.798+0000] {logging_mixin.py:190} INFO - ⬇️ Bắt đầu xử lý symbol = APG
[2025-10-07T15:43:12.816+0000] {logging_mixin.py:190} INFO - ⚠️ Không đọc được file cũ APG: 'date'
[2025-10-07T15:43:12.824+0000] {logging_mixin.py:190} INFO - APG: trích dữ liệu từ 2025-10-08 đến 2025-10-07
[2025-10-07T15:43:17.391+0000] {logging_mixin.py:190} INFO - Không tìm thấy dữ liệu cho APG
[2025-10-07T15:43:17.392+0000] {logging_mixin.py:190} INFO - APG: Không có dữ liệu mới.
[2025-10-07T15:43:17.393+0000] {logging_mixin.py:190} INFO - 🚦 Giới hạn API đạt mức tối đa, chờ 34.3s...
[2025-10-07T15:43:51.685+0000] {logging_mixin.py:190} INFO - ⬇️ Bắt đầu xử lý symbol = APF
[2025-10-07T15:43:51.714+0000] {logging_mixin.py:190} INFO - ⚠️ Không đọc được file cũ APF: 'date'
[2025-10-07T15:43:51.722+0000] {logging_mixin.py:190} INFO - APF: trích dữ liệu từ 2025-10-08 đến 2025-10-07
[2025-10-07T15:43:57.299+0000] {logging_mixin.py:190} INFO - Không tìm thấy dữ liệu cho APF
[2025-10-07T15:43:57.300+0000] {logging_mixin.py:190} INFO - APF: Không có dữ liệu mới.
[2025-10-07T15:43:57.301+0000] {logging_mixin.py:190} INFO - ⬇️ Bắt đầu xử lý symbol = APC
[2025-10-07T15:43:57.319+0000] {logging_mixin.py:190} INFO - ⚠️ Không đọc được file cũ APC: 'date'
[2025-10-07T15:43:57.326+0000] {logging_mixin.py:190} INFO - APC: trích dữ liệu từ 2025-10-08 đến 2025-10-07
[2025-10-07T15:44:01.962+0000] {logging_mixin.py:190} INFO - Không tìm thấy dữ liệu cho APC
[2025-10-07T15:44:01.963+0000] {logging_mixin.py:190} INFO - APC: Không có dữ liệu mới.
[2025-10-07T15:44:01.964+0000] {logging_mixin.py:190} INFO - 🚦 Giới hạn API đạt mức tối đa, chờ 1.5s...
[2025-10-07T15:44:03.427+0000] {logging_mixin.py:190} INFO - ⬇️ Bắt đầu xử lý symbol = ANV
[2025-10-07T15:44:03.444+0000] {logging_mixin.py:190} INFO - ⚠️ Không đọc được file cũ ANV: 'date'
[2025-10-07T15:44:03.452+0000] {logging_mixin.py:190} INFO - ANV: trích dữ liệu từ 2025-10-08 đến 2025-10-07
[2025-10-07T15:44:07.971+0000] {logging_mixin.py:190} INFO - Không tìm thấy dữ liệu cho ANV
[2025-10-07T15:44:07.972+0000] {logging_mixin.py:190} INFO - ANV: Không có dữ liệu mới.
[2025-10-07T15:44:07.973+0000] {logging_mixin.py:190} INFO - 🚦 Giới hạn API đạt mức tối đa, chờ 0.2s...
[2025-10-07T15:44:08.222+0000] {logging_mixin.py:190} INFO - ⬇️ Bắt đầu xử lý symbol = ANT
[2025-10-07T15:44:08.241+0000] {logging_mixin.py:190} INFO - ⚠️ Không đọc được file cũ ANT: 'date'
[2025-10-07T15:44:08.250+0000] {logging_mixin.py:190} INFO - ANT: trích dữ liệu từ 2025-10-08 đến 2025-10-07
[2025-10-07T15:44:13.758+0000] {logging_mixin.py:190} INFO - Không tìm thấy dữ liệu cho ANT
[2025-10-07T15:44:13.760+0000] {logging_mixin.py:190} INFO - ANT: Không có dữ liệu mới.
[2025-10-07T15:44:13.760+0000] {logging_mixin.py:190} INFO - ⬇️ Bắt đầu xử lý symbol = AMV
[2025-10-07T15:44:13.780+0000] {logging_mixin.py:190} INFO - ⚠️ Không đọc được file cũ AMV: 'date'
[2025-10-07T15:44:13.790+0000] {logging_mixin.py:190} INFO - AMV: trích dữ liệu từ 2025-03-15 đến 2025-10-07
[2025-10-07T15:44:18.301+0000] {logging_mixin.py:190} INFO - Không tìm thấy dữ liệu cho AMV
[2025-10-07T15:44:18.302+0000] {logging_mixin.py:190} INFO - AMV: Không có dữ liệu mới.
[2025-10-07T15:44:18.303+0000] {logging_mixin.py:190} INFO - 🚦 Giới hạn API đạt mức tối đa, chờ 33.4s...
[2025-10-07T15:44:51.710+0000] {logging_mixin.py:190} INFO - ⬇️ Bắt đầu xử lý symbol = AMS
[2025-10-07T15:44:51.730+0000] {logging_mixin.py:190} INFO - ⚠️ Không đọc được file cũ AMS: 'date'
[2025-10-07T15:44:51.740+0000] {logging_mixin.py:190} INFO - AMS: trích dữ liệu từ 2025-10-08 đến 2025-10-07
[2025-10-07T15:44:56.283+0000] {logging_mixin.py:190} INFO - Không tìm thấy dữ liệu cho AMS
[2025-10-07T15:44:56.284+0000] {logging_mixin.py:190} INFO - AMS: Không có dữ liệu mới.
[2025-10-07T15:44:56.285+0000] {logging_mixin.py:190} INFO - 🚦 Giới hạn API đạt mức tối đa, chờ 1.0s...
[2025-10-07T15:44:57.301+0000] {logging_mixin.py:190} INFO - ⬇️ Bắt đầu xử lý symbol = AMP
[2025-10-07T15:44:57.321+0000] {logging_mixin.py:190} INFO - ⚠️ Không đọc được file cũ AMP: 'date'
[2025-10-07T15:44:57.328+0000] {logging_mixin.py:190} INFO - AMP: trích dữ liệu từ 2025-10-08 đến 2025-10-07
[2025-10-07T15:45:02.922+0000] {logging_mixin.py:190} INFO - Không tìm thấy dữ liệu cho AMP
[2025-10-07T15:45:02.923+0000] {logging_mixin.py:190} INFO - AMP: Không có dữ liệu mới.
[2025-10-07T15:45:02.924+0000] {logging_mixin.py:190} INFO - 🚦 Giới hạn API đạt mức tối đa, chờ 0.5s...
[2025-10-07T15:45:03.430+0000] {logging_mixin.py:190} INFO - ⬇️ Bắt đầu xử lý symbol = AME
[2025-10-07T15:45:03.452+0000] {logging_mixin.py:190} INFO - ⚠️ Không đọc được file cũ AME: 'date'
[2025-10-07T15:45:03.459+0000] {logging_mixin.py:190} INFO - AME: trích dữ liệu từ 2025-10-08 đến 2025-10-07
[2025-10-07T15:45:07.936+0000] {logging_mixin.py:190} INFO - Không tìm thấy dữ liệu cho AME
[2025-10-07T15:45:07.938+0000] {logging_mixin.py:190} INFO - AME: Không có dữ liệu mới.
[2025-10-07T15:45:07.938+0000] {logging_mixin.py:190} INFO - 🚦 Giới hạn API đạt mức tối đa, chờ 0.3s...
[2025-10-07T15:45:08.223+0000] {logging_mixin.py:190} INFO - ⬇️ Bắt đầu xử lý symbol = AMD
[2025-10-07T15:45:08.240+0000] {logging_mixin.py:190} INFO - ⚠️ Không đọc được file cũ AMD: 'date'
[2025-10-07T15:45:08.247+0000] {logging_mixin.py:190} INFO - AMD: trích dữ liệu từ 2024-07-26 đến 2025-10-07
[2025-10-07T15:45:12.804+0000] {logging_mixin.py:190} INFO - Không tìm thấy dữ liệu cho AMD
[2025-10-07T15:45:12.805+0000] {logging_mixin.py:190} INFO - AMD: Không có dữ liệu mới.
[2025-10-07T15:45:12.806+0000] {logging_mixin.py:190} INFO - 🚦 Giới hạn API đạt mức tối đa, chờ 1.0s...
[2025-10-07T15:45:13.761+0000] {logging_mixin.py:190} INFO - ⬇️ Bắt đầu xử lý symbol = AMC
[2025-10-07T15:45:13.790+0000] {logging_mixin.py:190} INFO - ⚠️ Không đọc được file cũ AMC: 'date'
[2025-10-07T15:45:13.804+0000] {logging_mixin.py:190} INFO - AMC: trích dữ liệu từ 2025-10-08 đến 2025-10-07
[2025-10-07T15:45:18.444+0000] {logging_mixin.py:190} INFO - Không tìm thấy dữ liệu cho AMC
[2025-10-07T15:45:18.446+0000] {logging_mixin.py:190} INFO - AMC: Không có dữ liệu mới.
[2025-10-07T15:45:18.446+0000] {logging_mixin.py:190} INFO - 🚦 Giới hạn API đạt mức tối đa, chờ 33.3s...
[2025-10-07T15:45:51.703+0000] {logging_mixin.py:190} INFO - ⬇️ Bắt đầu xử lý symbol = ALV
[2025-10-07T15:45:51.723+0000] {logging_mixin.py:190} INFO - ⚠️ Không đọc được file cũ ALV: 'date'
[2025-10-07T15:45:51.731+0000] {logging_mixin.py:190} INFO - ALV: trích dữ liệu từ 2025-10-08 đến 2025-10-07
[2025-10-07T15:45:56.325+0000] {logging_mixin.py:190} INFO - Không tìm thấy dữ liệu cho ALV
[2025-10-07T15:45:56.326+0000] {logging_mixin.py:190} INFO - ALV: Không có dữ liệu mới.
[2025-10-07T15:45:56.327+0000] {logging_mixin.py:190} INFO - 🚦 Giới hạn API đạt mức tối đa, chờ 1.0s...
[2025-10-07T15:45:57.302+0000] {logging_mixin.py:190} INFO - ⬇️ Bắt đầu xử lý symbol = ALT
[2025-10-07T15:45:57.321+0000] {logging_mixin.py:190} INFO - ⚠️ Không đọc được file cũ ALT: 'date'
[2025-10-07T15:45:57.329+0000] {logging_mixin.py:190} INFO - ALT: trích dữ liệu từ 2025-10-08 đến 2025-10-07
[2025-10-07T15:46:01.881+0000] {logging_mixin.py:190} INFO - Không tìm thấy dữ liệu cho ALT
[2025-10-07T15:46:01.882+0000] {logging_mixin.py:190} INFO - ALT: Không có dữ liệu mới.
[2025-10-07T15:46:01.882+0000] {logging_mixin.py:190} INFO - 🚦 Giới hạn API đạt mức tối đa, chờ 1.5s...
[2025-10-07T15:46:03.431+0000] {logging_mixin.py:190} INFO - ⬇️ Bắt đầu xử lý symbol = AIG
[2025-10-07T15:46:03.452+0000] {logging_mixin.py:190} INFO - ⚠️ Không đọc được file cũ AIG: 'date'
[2025-10-07T15:46:03.461+0000] {logging_mixin.py:190} INFO - AIG: trích dữ liệu từ 2025-10-08 đến 2025-10-07
[2025-10-07T15:46:08.032+0000] {logging_mixin.py:190} INFO - Không tìm thấy dữ liệu cho AIG
[2025-10-07T15:46:08.033+0000] {logging_mixin.py:190} INFO - AIG: Không có dữ liệu mới.
[2025-10-07T15:46:08.033+0000] {logging_mixin.py:190} INFO - 🚦 Giới hạn API đạt mức tối đa, chờ 0.2s...
[2025-10-07T15:46:08.223+0000] {logging_mixin.py:190} INFO - ⬇️ Bắt đầu xử lý symbol = AIC
[2025-10-07T15:46:08.249+0000] {logging_mixin.py:190} INFO - ⚠️ Không đọc được file cũ AIC: 'date'
[2025-10-07T15:46:08.256+0000] {logging_mixin.py:190} INFO - AIC: trích dữ liệu từ 2025-10-08 đến 2025-10-07
[2025-10-07T15:46:13.038+0000] {logging_mixin.py:190} INFO - Không tìm thấy dữ liệu cho AIC
[2025-10-07T15:46:13.039+0000] {logging_mixin.py:190} INFO - AIC: Không có dữ liệu mới.
[2025-10-07T15:46:13.040+0000] {logging_mixin.py:190} INFO - 🚦 Giới hạn API đạt mức tối đa, chờ 0.7s...
[2025-10-07T15:46:13.761+0000] {logging_mixin.py:190} INFO - ⬇️ Bắt đầu xử lý symbol = AGX
[2025-10-07T15:46:13.793+0000] {logging_mixin.py:190} INFO - ⚠️ Không đọc được file cũ AGX: 'date'
[2025-10-07T15:46:13.809+0000] {logging_mixin.py:190} INFO - AGX: trích dữ liệu từ 2025-10-08 đến 2025-10-07
[2025-10-07T15:46:18.499+0000] {logging_mixin.py:190} INFO - Không tìm thấy dữ liệu cho AGX
[2025-10-07T15:46:18.501+0000] {logging_mixin.py:190} INFO - AGX: Không có dữ liệu mới.
[2025-10-07T15:46:18.502+0000] {logging_mixin.py:190} INFO - 🚦 Giới hạn API đạt mức tối đa, chờ 33.2s...
[2025-10-07T15:46:51.698+0000] {logging_mixin.py:190} INFO - ⬇️ Bắt đầu xử lý symbol = AGR
[2025-10-07T15:46:51.718+0000] {logging_mixin.py:190} INFO - ⚠️ Không đọc được file cũ AGR: 'date'
[2025-10-07T15:46:51.726+0000] {logging_mixin.py:190} INFO - AGR: trích dữ liệu từ 2025-10-08 đến 2025-10-07
[2025-10-07T15:46:56.310+0000] {logging_mixin.py:190} INFO - Không tìm thấy dữ liệu cho AGR
[2025-10-07T15:46:56.312+0000] {logging_mixin.py:190} INFO - AGR: Không có dữ liệu mới.
[2025-10-07T15:46:56.312+0000] {logging_mixin.py:190} INFO - 🚦 Giới hạn API đạt mức tối đa, chờ 1.0s...
[2025-10-07T15:46:57.303+0000] {logging_mixin.py:190} INFO - ⬇️ Bắt đầu xử lý symbol = AGP
[2025-10-07T15:46:57.322+0000] {logging_mixin.py:190} INFO - ⚠️ Không đọc được file cũ AGP: 'date'
[2025-10-07T15:46:57.329+0000] {logging_mixin.py:190} INFO - AGP: trích dữ liệu từ 2025-10-08 đến 2025-10-07
[2025-10-07T15:47:02.181+0000] {logging_mixin.py:190} INFO - Không tìm thấy dữ liệu cho AGP
[2025-10-07T15:47:02.183+0000] {logging_mixin.py:190} INFO - AGP: Không có dữ liệu mới.
[2025-10-07T15:47:02.184+0000] {logging_mixin.py:190} INFO - 🚦 Giới hạn API đạt mức tối đa, chờ 1.2s...
[2025-10-07T15:47:03.431+0000] {logging_mixin.py:190} INFO - ⬇️ Bắt đầu xử lý symbol = AGM
[2025-10-07T15:47:03.468+0000] {logging_mixin.py:190} INFO - ⚠️ Không đọc được file cũ AGM: 'date'
[2025-10-07T15:47:03.482+0000] {logging_mixin.py:190} INFO - AGM: trích dữ liệu từ 2025-10-04 đến 2025-10-07
[2025-10-07T15:47:08.046+0000] {logging_mixin.py:190} INFO - Không tìm thấy dữ liệu cho AGM
[2025-10-07T15:47:08.048+0000] {logging_mixin.py:190} INFO - AGM: Không có dữ liệu mới.
[2025-10-07T15:47:08.048+0000] {logging_mixin.py:190} INFO - 🚦 Giới hạn API đạt mức tối đa, chờ 0.2s...
[2025-10-07T15:47:08.224+0000] {logging_mixin.py:190} INFO - ⬇️ Bắt đầu xử lý symbol = AGG
[2025-10-07T15:47:08.243+0000] {logging_mixin.py:190} INFO - ⚠️ Không đọc được file cũ AGG: 'date'
[2025-10-07T15:47:08.251+0000] {logging_mixin.py:190} INFO - AGG: trích dữ liệu từ 2025-10-08 đến 2025-10-07
[2025-10-07T15:47:12.739+0000] {logging_mixin.py:190} INFO - Không tìm thấy dữ liệu cho AGG
[2025-10-07T15:47:12.740+0000] {logging_mixin.py:190} INFO - AGG: Không có dữ liệu mới.
[2025-10-07T15:47:12.741+0000] {logging_mixin.py:190} INFO - 🚦 Giới hạn API đạt mức tối đa, chờ 1.0s...
[2025-10-07T15:47:13.762+0000] {logging_mixin.py:190} INFO - ⬇️ Bắt đầu xử lý symbol = AGF
[2025-10-07T15:47:13.781+0000] {logging_mixin.py:190} INFO - ⚠️ Không đọc được file cũ AGF: 'date'
[2025-10-07T15:47:13.788+0000] {logging_mixin.py:190} INFO - AGF: trích dữ liệu từ 2025-10-04 đến 2025-10-07
[2025-10-07T15:47:18.358+0000] {logging_mixin.py:190} INFO - Không tìm thấy dữ liệu cho AGF
[2025-10-07T15:47:18.359+0000] {logging_mixin.py:190} INFO - AGF: Không có dữ liệu mới.
[2025-10-07T15:47:18.360+0000] {logging_mixin.py:190} INFO - 🚦 Giới hạn API đạt mức tối đa, chờ 33.3s...
[2025-10-07T15:47:51.684+0000] {logging_mixin.py:190} INFO - ⬇️ Bắt đầu xử lý symbol = AGE
[2025-10-07T15:47:51.701+0000] {logging_mixin.py:190} INFO - ⚠️ Không đọc được file cũ AGE: 'date'
[2025-10-07T15:47:51.707+0000] {logging_mixin.py:190} INFO - AGE: trích dữ liệu từ 2023-09-22 đến 2025-10-07
[2025-10-07T15:47:56.209+0000] {logging_mixin.py:190} INFO - Không tìm thấy dữ liệu cho AGE
[2025-10-07T15:47:56.210+0000] {logging_mixin.py:190} INFO - AGE: Không có dữ liệu mới.
[2025-10-07T15:47:56.211+0000] {logging_mixin.py:190} INFO - 🚦 Giới hạn API đạt mức tối đa, chờ 1.1s...
[2025-10-07T15:47:57.304+0000] {logging_mixin.py:190} INFO - ⬇️ Bắt đầu xử lý symbol = AG1
[2025-10-07T15:47:57.322+0000] {logging_mixin.py:190} INFO - ⚠️ Không đọc được file cũ AG1: 'date'
[2025-10-07T15:47:57.330+0000] {logging_mixin.py:190} INFO - AG1: trích dữ liệu từ 2025-10-08 đến 2025-10-07
[2025-10-07T15:48:02.382+0000] {logging_mixin.py:190} INFO - Không tìm thấy dữ liệu cho AG1
[2025-10-07T15:48:02.384+0000] {logging_mixin.py:190} INFO - AG1: Không có dữ liệu mới.
[2025-10-07T15:48:02.384+0000] {logging_mixin.py:190} INFO - 🚦 Giới hạn API đạt mức tối đa, chờ 1.0s...
[2025-10-07T15:48:03.432+0000] {logging_mixin.py:190} INFO - ⬇️ Bắt đầu xử lý symbol = AFX
[2025-10-07T15:48:03.459+0000] {logging_mixin.py:190} INFO - ⚠️ Không đọc được file cũ AFX: 'date'
[2025-10-07T15:48:03.467+0000] {logging_mixin.py:190} INFO - AFX: trích dữ liệu từ 2025-10-08 đến 2025-10-07
[2025-10-07T15:48:07.985+0000] {logging_mixin.py:190} INFO - Không tìm thấy dữ liệu cho AFX
[2025-10-07T15:48:07.986+0000] {logging_mixin.py:190} INFO - AFX: Không có dữ liệu mới.
[2025-10-07T15:48:07.987+0000] {logging_mixin.py:190} INFO - 🚦 Giới hạn API đạt mức tối đa, chờ 0.2s...
[2025-10-07T15:48:08.225+0000] {logging_mixin.py:190} INFO - ⬇️ Bắt đầu xử lý symbol = ADS
[2025-10-07T15:48:08.243+0000] {logging_mixin.py:190} INFO - ⚠️ Không đọc được file cũ ADS: 'date'
[2025-10-07T15:48:08.251+0000] {logging_mixin.py:190} INFO - ADS: trích dữ liệu từ 2025-10-08 đến 2025-10-07
[2025-10-07T15:48:12.694+0000] {logging_mixin.py:190} INFO - Không tìm thấy dữ liệu cho ADS
[2025-10-07T15:48:12.695+0000] {logging_mixin.py:190} INFO - ADS: Không có dữ liệu mới.
[2025-10-07T15:48:12.695+0000] {logging_mixin.py:190} INFO - 🚦 Giới hạn API đạt mức tối đa, chờ 1.1s...
[2025-10-07T15:48:13.762+0000] {logging_mixin.py:190} INFO - ⬇️ Bắt đầu xử lý symbol = ADP
[2025-10-07T15:48:13.782+0000] {logging_mixin.py:190} INFO - ⚠️ Không đọc được file cũ ADP: 'date'
[2025-10-07T15:48:13.791+0000] {logging_mixin.py:190} INFO - ADP: trích dữ liệu từ 2025-10-08 đến 2025-10-07
[2025-10-07T15:48:18.379+0000] {logging_mixin.py:190} INFO - Không tìm thấy dữ liệu cho ADP
[2025-10-07T15:48:18.380+0000] {logging_mixin.py:190} INFO - ADP: Không có dữ liệu mới.
[2025-10-07T15:48:18.381+0000] {logging_mixin.py:190} INFO - 🚦 Giới hạn API đạt mức tối đa, chờ 33.3s...
[2025-10-07T15:48:51.672+0000] {logging_mixin.py:190} INFO - ⬇️ Bắt đầu xử lý symbol = ADG
[2025-10-07T15:48:51.690+0000] {logging_mixin.py:190} INFO - ⚠️ Không đọc được file cũ ADG: 'date'
[2025-10-07T15:48:51.698+0000] {logging_mixin.py:190} INFO - ADG: trích dữ liệu từ 2025-10-08 đến 2025-10-07
[2025-10-07T15:48:56.242+0000] {logging_mixin.py:190} INFO - Không tìm thấy dữ liệu cho ADG
[2025-10-07T15:48:56.244+0000] {logging_mixin.py:190} INFO - ADG: Không có dữ liệu mới.
[2025-10-07T15:48:56.244+0000] {logging_mixin.py:190} INFO - 🚦 Giới hạn API đạt mức tối đa, chờ 1.1s...
[2025-10-07T15:48:57.305+0000] {logging_mixin.py:190} INFO - ⬇️ Bắt đầu xử lý symbol = ADC
[2025-10-07T15:48:57.326+0000] {logging_mixin.py:190} INFO - ⚠️ Không đọc được file cũ ADC: 'date'
[2025-10-07T15:48:57.334+0000] {logging_mixin.py:190} INFO - ADC: trích dữ liệu từ 2025-10-03 đến 2025-10-07
[2025-10-07T15:49:01.864+0000] {logging_mixin.py:190} INFO - Không tìm thấy dữ liệu cho ADC
[2025-10-07T15:49:01.865+0000] {logging_mixin.py:190} INFO - ADC: Không có dữ liệu mới.
[2025-10-07T15:49:01.866+0000] {logging_mixin.py:190} INFO - 🚦 Giới hạn API đạt mức tối đa, chờ 1.6s...
[2025-10-07T15:49:03.433+0000] {logging_mixin.py:190} INFO - ⬇️ Bắt đầu xử lý symbol = ACV
[2025-10-07T15:49:03.455+0000] {logging_mixin.py:190} INFO - ⚠️ Không đọc được file cũ ACV: 'date'
[2025-10-07T15:49:03.466+0000] {logging_mixin.py:190} INFO - ACV: trích dữ liệu từ 2025-10-08 đến 2025-10-07
[2025-10-07T15:49:08.048+0000] {logging_mixin.py:190} INFO - Không tìm thấy dữ liệu cho ACV
[2025-10-07T15:49:08.050+0000] {logging_mixin.py:190} INFO - ACV: Không có dữ liệu mới.
[2025-10-07T15:49:08.050+0000] {logging_mixin.py:190} INFO - 🚦 Giới hạn API đạt mức tối đa, chờ 0.2s...
[2025-10-07T15:49:08.225+0000] {logging_mixin.py:190} INFO - ⬇️ Bắt đầu xử lý symbol = ACS
[2025-10-07T15:49:08.251+0000] {logging_mixin.py:190} INFO - ⚠️ Không đọc được file cũ ACS: 'date'
[2025-10-07T15:49:08.257+0000] {logging_mixin.py:190} INFO - ACS: trích dữ liệu từ 2025-10-04 đến 2025-10-07
[2025-10-07T15:49:12.803+0000] {logging_mixin.py:190} INFO - Không tìm thấy dữ liệu cho ACS
[2025-10-07T15:49:12.804+0000] {logging_mixin.py:190} INFO - ACS: Không có dữ liệu mới.
[2025-10-07T15:49:12.805+0000] {logging_mixin.py:190} INFO - 🚦 Giới hạn API đạt mức tối đa, chờ 1.0s...
[2025-10-07T15:49:13.763+0000] {logging_mixin.py:190} INFO - ⬇️ Bắt đầu xử lý symbol = ACM
[2025-10-07T15:49:13.781+0000] {logging_mixin.py:190} INFO - ⚠️ Không đọc được file cũ ACM: 'date'
[2025-10-07T15:49:13.789+0000] {logging_mixin.py:190} INFO - ACM: trích dữ liệu từ 2025-10-04 đến 2025-10-07
[2025-10-07T15:49:18.418+0000] {logging_mixin.py:190} INFO - Không tìm thấy dữ liệu cho ACM
[2025-10-07T15:49:18.420+0000] {logging_mixin.py:190} INFO - ACM: Không có dữ liệu mới.
[2025-10-07T15:49:18.421+0000] {python.py:240} INFO - Done. Returned value was: None
[2025-10-07T15:49:18.431+0000] {taskinstance.py:341} INFO - ::group::Post task execution logs
[2025-10-07T15:49:18.431+0000] {taskinstance.py:353} INFO - Marking task as SUCCESS. dag_id=vnstock_weekly_etl_incremental, task_id=process_batch, run_id=manual__2025-10-07T10:44:44.201464+00:00, map_index=33, execution_date=20251007T104444, start_date=20251007T153951, end_date=20251007T154918
[2025-10-07T15:49:18.484+0000] {local_task_job_runner.py:266} INFO - Task exited with return code 0
[2025-10-07T15:49:18.500+0000] {taskinstance.py:3901} INFO - 0 downstream tasks scheduled from follow-on schedule check
[2025-10-07T15:49:18.503+0000] {local_task_job_runner.py:245} INFO - ::endgroup::
