[2025-10-07T13:04:24.030+0000] {local_task_job_runner.py:123} INFO - ::group::Pre task execution logs
[2025-10-07T13:04:24.051+0000] {taskinstance.py:2614} INFO - Dependencies all met for dep_context=non-requeueable deps ti=<TaskInstance: vnstock_weekly_etl_incremental.process_batch manual__2025-10-07T10:43:54.222487+00:00 map_index=24 [queued]>
[2025-10-07T13:04:24.062+0000] {taskinstance.py:2614} INFO - Dependencies all met for dep_context=requeueable deps ti=<TaskInstance: vnstock_weekly_etl_incremental.process_batch manual__2025-10-07T10:43:54.222487+00:00 map_index=24 [queued]>
[2025-10-07T13:04:24.063+0000] {taskinstance.py:2867} INFO - Starting attempt 1 of 3
[2025-10-07T13:04:24.073+0000] {taskinstance.py:2890} INFO - Executing <Mapped(_PythonDecoratedOperator): process_batch> on 2025-10-07 10:43:54.222487+00:00
[2025-10-07T13:04:24.082+0000] {logging_mixin.py:190} WARNING - /home/***/.local/lib/python3.12/site-packages/***/task/task_runner/standard_task_runner.py:70 DeprecationWarning: This process (pid=15226) is multi-threaded, use of fork() may lead to deadlocks in the child.
[2025-10-07T13:04:24.084+0000] {standard_task_runner.py:72} INFO - Started process 15236 to run task
[2025-10-07T13:04:24.083+0000] {standard_task_runner.py:104} INFO - Running: ['***', 'tasks', 'run', 'vnstock_weekly_etl_incremental', 'process_batch', 'manual__2025-10-07T10:43:54.222487+00:00', '--job-id', '183', '--raw', '--subdir', 'DAGS_FOLDER/dag.py', '--cfg-path', '/tmp/tmp3bz_fov6', '--map-index', '24']
[2025-10-07T13:04:24.085+0000] {standard_task_runner.py:105} INFO - Job 183: Subtask process_batch
[2025-10-07T13:04:24.100+0000] {logging_mixin.py:190} WARNING - /home/***/.local/lib/python3.12/site-packages/***/settings.py:209 DeprecationWarning: The sql_alchemy_conn option in [core] has been moved to the sql_alchemy_conn option in [database] - the old setting has been used, but please update your config.
[2025-10-07T13:04:24.146+0000] {task_command.py:467} INFO - Running <TaskInstance: vnstock_weekly_etl_incremental.process_batch manual__2025-10-07T10:43:54.222487+00:00 map_index=24 [running]> on host e3278e0f0bbc
[2025-10-07T13:04:24.435+0000] {taskinstance.py:3134} INFO - Exporting env vars: AIRFLOW_CTX_DAG_OWNER='***' AIRFLOW_CTX_DAG_ID='vnstock_weekly_etl_incremental' AIRFLOW_CTX_TASK_ID='process_batch' AIRFLOW_CTX_EXECUTION_DATE='2025-10-07T10:43:54.222487+00:00' AIRFLOW_CTX_TRY_NUMBER='1' AIRFLOW_CTX_DAG_RUN_ID='manual__2025-10-07T10:43:54.222487+00:00'
[2025-10-07T13:04:24.437+0000] {taskinstance.py:732} INFO - ::endgroup::
[2025-10-07T13:04:24.439+0000] {logging_mixin.py:190} INFO - ⬇️ Bắt đầu xử lý symbol = GMC
[2025-10-07T13:04:24.454+0000] {logging_mixin.py:190} INFO - ⚠️ Không đọc được file cũ GMC: 'date'
[2025-10-07T13:04:24.468+0000] {logging_mixin.py:190} INFO - GMC: trích dữ liệu từ 2025-10-04 đến 2025-10-07
[2025-10-07T13:04:29.246+0000] {logging_mixin.py:190} INFO - Không tìm thấy dữ liệu cho GMC
[2025-10-07T13:04:29.247+0000] {logging_mixin.py:190} INFO - ℹ️ GMC: Không có dữ liệu mới.
[2025-10-07T13:04:29.248+0000] {logging_mixin.py:190} INFO - ⬇️ Bắt đầu xử lý symbol = GMA
[2025-10-07T13:04:29.254+0000] {logging_mixin.py:190} INFO - ⚠️ Không đọc được file cũ GMA: 'date'
[2025-10-07T13:04:29.261+0000] {logging_mixin.py:190} INFO - GMA: trích dữ liệu từ 2025-10-01 đến 2025-10-07
[2025-10-07T13:04:33.709+0000] {logging_mixin.py:190} INFO - Không tìm thấy dữ liệu cho GMA
[2025-10-07T13:04:33.711+0000] {logging_mixin.py:190} INFO - ℹ️ GMA: Không có dữ liệu mới.
[2025-10-07T13:04:33.711+0000] {logging_mixin.py:190} INFO - ⬇️ Bắt đầu xử lý symbol = GLW
[2025-10-07T13:04:33.719+0000] {logging_mixin.py:190} INFO - ⚠️ Không đọc được file cũ GLW: 'date'
[2025-10-07T13:04:33.725+0000] {logging_mixin.py:190} INFO - GLW: trích dữ liệu từ 2025-10-03 đến 2025-10-07
[2025-10-07T13:04:38.247+0000] {logging_mixin.py:190} INFO - Không tìm thấy dữ liệu cho GLW
[2025-10-07T13:04:38.248+0000] {logging_mixin.py:190} INFO - ℹ️ GLW: Không có dữ liệu mới.
[2025-10-07T13:04:38.249+0000] {logging_mixin.py:190} INFO - ⬇️ Bắt đầu xử lý symbol = GLT
[2025-10-07T13:04:38.255+0000] {logging_mixin.py:190} INFO - ⚠️ Không đọc được file cũ GLT: 'date'
[2025-10-07T13:04:38.262+0000] {logging_mixin.py:190} INFO - GLT: trích dữ liệu từ 2025-10-08 đến 2025-10-07
[2025-10-07T13:04:42.901+0000] {logging_mixin.py:190} INFO - Không tìm thấy dữ liệu cho GLT
[2025-10-07T13:04:42.903+0000] {logging_mixin.py:190} INFO - ℹ️ GLT: Không có dữ liệu mới.
[2025-10-07T13:04:42.903+0000] {logging_mixin.py:190} INFO - ⬇️ Bắt đầu xử lý symbol = GLC
[2025-10-07T13:04:42.917+0000] {logging_mixin.py:190} INFO - ⚠️ Không đọc được file cũ GLC: 'date'
[2025-10-07T13:04:42.924+0000] {logging_mixin.py:190} INFO - GLC: trích dữ liệu từ 2025-08-02 đến 2025-10-07
[2025-10-07T13:04:47.465+0000] {logging_mixin.py:190} INFO - Không tìm thấy dữ liệu cho GLC
[2025-10-07T13:04:47.466+0000] {logging_mixin.py:190} INFO - ℹ️ GLC: Không có dữ liệu mới.
[2025-10-07T13:04:47.466+0000] {logging_mixin.py:190} INFO - 🚦 Giới hạn API đạt mức tối đa, chờ 37.0s...
[2025-10-07T13:05:24.318+0000] {logging_mixin.py:190} INFO - ⬇️ Bắt đầu xử lý symbol = GKM
[2025-10-07T13:05:24.338+0000] {logging_mixin.py:190} INFO - ⚠️ Không đọc được file cũ GKM: 'date'
[2025-10-07T13:05:24.349+0000] {logging_mixin.py:190} INFO - GKM: trích dữ liệu từ 2025-10-04 đến 2025-10-07
[2025-10-07T13:05:24.540+0000] {logging_mixin.py:190} INFO - Trích xuất 2 dòng mới cho GKM
[2025-10-07T13:05:24.548+0000] {logging_mixin.py:190} INFO - Append 2 dòng mới vào /opt/***/data/lake/GKM.csv
[2025-10-07T13:05:24.549+0000] {logging_mixin.py:190} INFO - ✅ Hoàn tất GKM, thêm 2 dòng mới.
[2025-10-07T13:05:26.550+0000] {logging_mixin.py:190} INFO - 🚦 Giới hạn API đạt mức tối đa, chờ 2.7s...
[2025-10-07T13:05:29.253+0000] {logging_mixin.py:190} INFO - ⬇️ Bắt đầu xử lý symbol = GIL
[2025-10-07T13:05:29.263+0000] {logging_mixin.py:190} INFO - ⚠️ Không đọc được file cũ GIL: 'date'
[2025-10-07T13:05:29.271+0000] {logging_mixin.py:190} INFO - GIL: trích dữ liệu từ 2025-10-04 đến 2025-10-07
[2025-10-07T13:05:29.568+0000] {logging_mixin.py:190} INFO - Trích xuất 2 dòng mới cho GIL
[2025-10-07T13:05:29.576+0000] {logging_mixin.py:190} INFO - Append 2 dòng mới vào /opt/***/data/lake/GIL.csv
[2025-10-07T13:05:29.576+0000] {logging_mixin.py:190} INFO - ✅ Hoàn tất GIL, thêm 2 dòng mới.
[2025-10-07T13:05:31.487+0000] {logging_mixin.py:190} INFO - 🚦 Giới hạn API đạt mức tối đa, chờ 2.2s...
[2025-10-07T13:05:33.712+0000] {logging_mixin.py:190} INFO - ⬇️ Bắt đầu xử lý symbol = GIC
[2025-10-07T13:05:33.720+0000] {logging_mixin.py:190} INFO - ⚠️ Không đọc được file cũ GIC: 'date'
[2025-10-07T13:05:33.728+0000] {logging_mixin.py:190} INFO - GIC: trích dữ liệu từ 2025-10-04 đến 2025-10-07
[2025-10-07T13:05:33.932+0000] {logging_mixin.py:190} INFO - Trích xuất 2 dòng mới cho GIC
[2025-10-07T13:05:33.938+0000] {logging_mixin.py:190} INFO - Append 2 dòng mới vào /opt/***/data/lake/GIC.csv
[2025-10-07T13:05:33.939+0000] {logging_mixin.py:190} INFO - ✅ Hoàn tất GIC, thêm 2 dòng mới.
[2025-10-07T13:05:35.945+0000] {logging_mixin.py:190} INFO - 🚦 Giới hạn API đạt mức tối đa, chờ 2.3s...
[2025-10-07T13:05:38.249+0000] {logging_mixin.py:190} INFO - ⬇️ Bắt đầu xử lý symbol = GHC
[2025-10-07T13:05:38.265+0000] {logging_mixin.py:190} INFO - ⚠️ Không đọc được file cũ GHC: 'date'
[2025-10-07T13:05:38.274+0000] {logging_mixin.py:190} INFO - GHC: trích dữ liệu từ 2025-10-04 đến 2025-10-07
[2025-10-07T13:05:38.802+0000] {logging_mixin.py:190} INFO - Trích xuất 2 dòng mới cho GHC
[2025-10-07T13:05:38.809+0000] {logging_mixin.py:190} INFO - Append 2 dòng mới vào /opt/***/data/lake/GHC.csv
[2025-10-07T13:05:38.810+0000] {logging_mixin.py:190} INFO - ✅ Hoàn tất GHC, thêm 2 dòng mới.
[2025-10-07T13:05:40.810+0000] {logging_mixin.py:190} INFO - 🚦 Giới hạn API đạt mức tối đa, chờ 2.1s...
[2025-10-07T13:05:42.904+0000] {logging_mixin.py:190} INFO - ⬇️ Bắt đầu xử lý symbol = GH3
[2025-10-07T13:05:42.911+0000] {logging_mixin.py:190} INFO - ⚠️ Không đọc được file cũ GH3: 'date'
[2025-10-07T13:05:42.918+0000] {logging_mixin.py:190} INFO - GH3: trích dữ liệu từ 2025-09-25 đến 2025-10-07
[2025-10-07T13:05:47.509+0000] {logging_mixin.py:190} INFO - Không tìm thấy dữ liệu cho GH3
[2025-10-07T13:05:47.510+0000] {logging_mixin.py:190} INFO - ℹ️ GH3: Không có dữ liệu mới.
[2025-10-07T13:05:47.511+0000] {logging_mixin.py:190} INFO - 🚦 Giới hạn API đạt mức tối đa, chờ 36.8s...
[2025-10-07T13:06:24.193+0000] {logging_mixin.py:190} INFO - ⬇️ Bắt đầu xử lý symbol = GGG
[2025-10-07T13:06:24.203+0000] {logging_mixin.py:190} INFO - ⚠️ Không đọc được file cũ GGG: 'date'
[2025-10-07T13:06:24.209+0000] {logging_mixin.py:190} INFO - GGG: trích dữ liệu từ 2025-09-27 đến 2025-10-07
[2025-10-07T13:06:28.952+0000] {logging_mixin.py:190} INFO - Không tìm thấy dữ liệu cho GGG
[2025-10-07T13:06:28.953+0000] {logging_mixin.py:190} INFO - ℹ️ GGG: Không có dữ liệu mới.
[2025-10-07T13:06:28.954+0000] {logging_mixin.py:190} INFO - 🚦 Giới hạn API đạt mức tối đa, chờ 0.3s...
[2025-10-07T13:06:29.254+0000] {logging_mixin.py:190} INFO - ⬇️ Bắt đầu xử lý symbol = GEX
[2025-10-07T13:06:29.262+0000] {logging_mixin.py:190} INFO - ⚠️ Không đọc được file cũ GEX: 'date'
[2025-10-07T13:06:29.269+0000] {logging_mixin.py:190} INFO - GEX: trích dữ liệu từ 2025-10-04 đến 2025-10-07
[2025-10-07T13:06:29.475+0000] {logging_mixin.py:190} INFO - Trích xuất 2 dòng mới cho GEX
[2025-10-07T13:06:29.482+0000] {logging_mixin.py:190} INFO - Append 2 dòng mới vào /opt/***/data/lake/GEX.csv
[2025-10-07T13:06:29.482+0000] {logging_mixin.py:190} INFO - ✅ Hoàn tất GEX, thêm 2 dòng mới.
[2025-10-07T13:06:31.360+0000] {logging_mixin.py:190} INFO - 🚦 Giới hạn API đạt mức tối đa, chờ 2.4s...
[2025-10-07T13:06:33.713+0000] {logging_mixin.py:190} INFO - ⬇️ Bắt đầu xử lý symbol = GER
[2025-10-07T13:06:33.719+0000] {logging_mixin.py:190} INFO - ⚠️ Không đọc được file cũ GER: 'date'
[2025-10-07T13:06:33.724+0000] {logging_mixin.py:190} INFO - GER: trích dữ liệu từ 2025-08-02 đến 2025-10-07
[2025-10-07T13:06:38.407+0000] {logging_mixin.py:190} INFO - Không tìm thấy dữ liệu cho GER
[2025-10-07T13:06:38.408+0000] {logging_mixin.py:190} INFO - ℹ️ GER: Không có dữ liệu mới.
[2025-10-07T13:06:38.409+0000] {logging_mixin.py:190} INFO - ⬇️ Bắt đầu xử lý symbol = GEG
[2025-10-07T13:06:38.418+0000] {logging_mixin.py:190} INFO - ⚠️ Không đọc được file cũ GEG: 'date'
[2025-10-07T13:06:38.424+0000] {logging_mixin.py:190} INFO - GEG: trích dữ liệu từ 2025-10-04 đến 2025-10-07
[2025-10-07T13:06:38.684+0000] {logging_mixin.py:190} INFO - Trích xuất 2 dòng mới cho GEG
[2025-10-07T13:06:38.692+0000] {logging_mixin.py:190} INFO - Append 2 dòng mới vào /opt/***/data/lake/GEG.csv
[2025-10-07T13:06:38.692+0000] {logging_mixin.py:190} INFO - ✅ Hoàn tất GEG, thêm 2 dòng mới.
[2025-10-07T13:06:40.693+0000] {logging_mixin.py:190} INFO - 🚦 Giới hạn API đạt mức tối đa, chờ 2.2s...
[2025-10-07T13:06:42.905+0000] {logging_mixin.py:190} INFO - ⬇️ Bắt đầu xử lý symbol = GEE
[2025-10-07T13:06:42.920+0000] {logging_mixin.py:190} INFO - ⚠️ Không đọc được file cũ GEE: 'date'
[2025-10-07T13:06:42.926+0000] {logging_mixin.py:190} INFO - GEE: trích dữ liệu từ 2025-10-04 đến 2025-10-07
[2025-10-07T13:06:43.197+0000] {logging_mixin.py:190} INFO - Trích xuất 2 dòng mới cho GEE
[2025-10-07T13:06:43.204+0000] {logging_mixin.py:190} INFO - Append 2 dòng mới vào /opt/***/data/lake/GEE.csv
[2025-10-07T13:06:43.204+0000] {logging_mixin.py:190} INFO - ✅ Hoàn tất GEE, thêm 2 dòng mới.
[2025-10-07T13:06:45.205+0000] {logging_mixin.py:190} INFO - 🚦 Giới hạn API đạt mức tối đa, chờ 39.0s...
[2025-10-07T13:07:24.101+0000] {logging_mixin.py:190} INFO - ⬇️ Bắt đầu xử lý symbol = GE2
[2025-10-07T13:07:24.114+0000] {logging_mixin.py:190} INFO - ⚠️ Không đọc được file cũ GE2: 'date'
[2025-10-07T13:07:24.121+0000] {logging_mixin.py:190} INFO - GE2: trích dữ liệu từ 2022-12-29 đến 2025-10-07
[2025-10-07T13:07:28.695+0000] {logging_mixin.py:190} INFO - Không tìm thấy dữ liệu cho GE2
[2025-10-07T13:07:28.697+0000] {logging_mixin.py:190} INFO - ℹ️ GE2: Không có dữ liệu mới.
[2025-10-07T13:07:28.697+0000] {logging_mixin.py:190} INFO - 🚦 Giới hạn API đạt mức tối đa, chờ 0.6s...
[2025-10-07T13:07:29.254+0000] {logging_mixin.py:190} INFO - ⬇️ Bắt đầu xử lý symbol = GDW
[2025-10-07T13:07:29.262+0000] {logging_mixin.py:190} INFO - ⚠️ Không đọc được file cũ GDW: 'date'
[2025-10-07T13:07:29.269+0000] {logging_mixin.py:190} INFO - GDW: trích dữ liệu từ 2025-10-04 đến 2025-10-07
[2025-10-07T13:07:29.483+0000] {logging_mixin.py:190} INFO - Trích xuất 1 dòng mới cho GDW
[2025-10-07T13:07:29.491+0000] {logging_mixin.py:190} INFO - Append 1 dòng mới vào /opt/***/data/lake/GDW.csv
[2025-10-07T13:07:29.492+0000] {logging_mixin.py:190} INFO - ✅ Hoàn tất GDW, thêm 1 dòng mới.
[2025-10-07T13:07:31.379+0000] {logging_mixin.py:190} INFO - 🚦 Giới hạn API đạt mức tối đa, chờ 2.3s...
[2025-10-07T13:07:33.714+0000] {logging_mixin.py:190} INFO - ⬇️ Bắt đầu xử lý symbol = GDT
[2025-10-07T13:07:33.724+0000] {logging_mixin.py:190} INFO - ⚠️ Không đọc được file cũ GDT: 'date'
[2025-10-07T13:07:33.732+0000] {logging_mixin.py:190} INFO - GDT: trích dữ liệu từ 2025-10-04 đến 2025-10-07
[2025-10-07T13:07:33.893+0000] {logging_mixin.py:190} INFO - Trích xuất 2 dòng mới cho GDT
[2025-10-07T13:07:33.898+0000] {logging_mixin.py:190} INFO - Append 2 dòng mới vào /opt/***/data/lake/GDT.csv
[2025-10-07T13:07:33.898+0000] {logging_mixin.py:190} INFO - ✅ Hoàn tất GDT, thêm 2 dòng mới.
[2025-10-07T13:07:35.899+0000] {logging_mixin.py:190} INFO - 🚦 Giới hạn API đạt mức tối đa, chờ 2.5s...
[2025-10-07T13:07:38.410+0000] {logging_mixin.py:190} INFO - ⬇️ Bắt đầu xử lý symbol = GDA
[2025-10-07T13:07:38.419+0000] {logging_mixin.py:190} INFO - ⚠️ Không đọc được file cũ GDA: 'date'
[2025-10-07T13:07:38.426+0000] {logging_mixin.py:190} INFO - GDA: trích dữ liệu từ 2025-10-04 đến 2025-10-07
[2025-10-07T13:07:38.601+0000] {logging_mixin.py:190} INFO - Trích xuất 2 dòng mới cho GDA
[2025-10-07T13:07:38.607+0000] {logging_mixin.py:190} INFO - Append 2 dòng mới vào /opt/***/data/lake/GDA.csv
[2025-10-07T13:07:38.607+0000] {logging_mixin.py:190} INFO - ✅ Hoàn tất GDA, thêm 2 dòng mới.
[2025-10-07T13:07:40.608+0000] {logging_mixin.py:190} INFO - 🚦 Giới hạn API đạt mức tối đa, chờ 2.3s...
[2025-10-07T13:07:42.906+0000] {logging_mixin.py:190} INFO - ⬇️ Bắt đầu xử lý symbol = GCF
[2025-10-07T13:07:42.914+0000] {logging_mixin.py:190} INFO - ⚠️ Không đọc được file cũ GCF: 'date'
[2025-10-07T13:07:42.920+0000] {logging_mixin.py:190} INFO - GCF: trích dữ liệu từ 2025-10-03 đến 2025-10-07
[2025-10-07T13:07:43.223+0000] {logging_mixin.py:190} INFO - Trích xuất 2 dòng mới cho GCF
[2025-10-07T13:07:43.231+0000] {logging_mixin.py:190} INFO - Append 2 dòng mới vào /opt/***/data/lake/GCF.csv
[2025-10-07T13:07:43.232+0000] {logging_mixin.py:190} INFO - ✅ Hoàn tất GCF, thêm 2 dòng mới.
[2025-10-07T13:07:45.232+0000] {logging_mixin.py:190} INFO - 🚦 Giới hạn API đạt mức tối đa, chờ 38.9s...
[2025-10-07T13:08:23.977+0000] {logging_mixin.py:190} INFO - ⬇️ Bắt đầu xử lý symbol = GCB
[2025-10-07T13:08:23.985+0000] {logging_mixin.py:190} INFO - ⚠️ Không đọc được file cũ GCB: 'date'
[2025-10-07T13:08:23.992+0000] {logging_mixin.py:190} INFO - GCB: trích dữ liệu từ 2025-10-04 đến 2025-10-07
[2025-10-07T13:08:24.233+0000] {logging_mixin.py:190} INFO - Trích xuất 2 dòng mới cho GCB
[2025-10-07T13:08:24.241+0000] {logging_mixin.py:190} INFO - Append 2 dòng mới vào /opt/***/data/lake/GCB.csv
[2025-10-07T13:08:24.242+0000] {logging_mixin.py:190} INFO - ✅ Hoàn tất GCB, thêm 2 dòng mới.
[2025-10-07T13:08:26.242+0000] {logging_mixin.py:190} INFO - 🚦 Giới hạn API đạt mức tối đa, chờ 3.0s...
[2025-10-07T13:08:29.256+0000] {logging_mixin.py:190} INFO - ⬇️ Bắt đầu xử lý symbol = GAS
[2025-10-07T13:08:29.264+0000] {logging_mixin.py:190} INFO - ⚠️ Không đọc được file cũ GAS: 'date'
[2025-10-07T13:08:29.271+0000] {logging_mixin.py:190} INFO - GAS: trích dữ liệu từ 2025-10-04 đến 2025-10-07
[2025-10-07T13:08:30.350+0000] {logging_mixin.py:190} INFO - Trích xuất 2 dòng mới cho GAS
[2025-10-07T13:08:30.356+0000] {logging_mixin.py:190} INFO - Append 2 dòng mới vào /opt/***/data/lake/GAS.csv
[2025-10-07T13:08:30.357+0000] {logging_mixin.py:190} INFO - ✅ Hoàn tất GAS, thêm 2 dòng mới.
[2025-10-07T13:08:32.357+0000] {logging_mixin.py:190} INFO - 🚦 Giới hạn API đạt mức tối đa, chờ 1.4s...
[2025-10-07T13:08:33.714+0000] {logging_mixin.py:190} INFO - ⬇️ Bắt đầu xử lý symbol = GAB
[2025-10-07T13:08:33.724+0000] {logging_mixin.py:190} INFO - ⚠️ Không đọc được file cũ GAB: 'date'
[2025-10-07T13:08:33.731+0000] {logging_mixin.py:190} INFO - GAB: trích dữ liệu từ 2024-07-26 đến 2025-10-07
[2025-10-07T13:08:38.267+0000] {logging_mixin.py:190} INFO - Không tìm thấy dữ liệu cho GAB
[2025-10-07T13:08:38.268+0000] {logging_mixin.py:190} INFO - ℹ️ GAB: Không có dữ liệu mới.
[2025-10-07T13:08:38.269+0000] {logging_mixin.py:190} INFO - 🚦 Giới hạn API đạt mức tối đa, chờ 0.1s...
[2025-10-07T13:08:38.411+0000] {logging_mixin.py:190} INFO - ⬇️ Bắt đầu xử lý symbol = G36
[2025-10-07T13:08:38.431+0000] {logging_mixin.py:190} INFO - ⚠️ Không đọc được file cũ G36: 'date'
[2025-10-07T13:08:38.437+0000] {logging_mixin.py:190} INFO - G36: trích dữ liệu từ 2025-10-04 đến 2025-10-07
[2025-10-07T13:08:38.640+0000] {logging_mixin.py:190} INFO - Trích xuất 2 dòng mới cho G36
[2025-10-07T13:08:38.646+0000] {logging_mixin.py:190} INFO - Append 2 dòng mới vào /opt/***/data/lake/G36.csv
[2025-10-07T13:08:38.646+0000] {logging_mixin.py:190} INFO - ✅ Hoàn tất G36, thêm 2 dòng mới.
[2025-10-07T13:08:40.647+0000] {logging_mixin.py:190} INFO - 🚦 Giới hạn API đạt mức tối đa, chờ 2.3s...
[2025-10-07T13:08:42.907+0000] {logging_mixin.py:190} INFO - ⬇️ Bắt đầu xử lý symbol = G20
[2025-10-07T13:08:42.924+0000] {logging_mixin.py:190} INFO - ⚠️ Không đọc được file cũ G20: 'date'
[2025-10-07T13:08:42.931+0000] {logging_mixin.py:190} INFO - G20: trích dữ liệu từ 2025-10-04 đến 2025-10-07
[2025-10-07T13:08:48.073+0000] {logging_mixin.py:190} INFO - Không tìm thấy dữ liệu cho G20
[2025-10-07T13:08:48.075+0000] {logging_mixin.py:190} INFO - ℹ️ G20: Không có dữ liệu mới.
[2025-10-07T13:08:48.075+0000] {logging_mixin.py:190} INFO - 🚦 Giới hạn API đạt mức tối đa, chờ 35.9s...
[2025-10-07T13:09:23.863+0000] {logging_mixin.py:190} INFO - ⬇️ Bắt đầu xử lý symbol = FTS
[2025-10-07T13:09:23.873+0000] {logging_mixin.py:190} INFO - ⚠️ Không đọc được file cũ FTS: 'date'
[2025-10-07T13:09:23.880+0000] {logging_mixin.py:190} INFO - FTS: trích dữ liệu từ 2025-10-04 đến 2025-10-07
[2025-10-07T13:09:24.043+0000] {logging_mixin.py:190} INFO - Trích xuất 2 dòng mới cho FTS
[2025-10-07T13:09:24.050+0000] {logging_mixin.py:190} INFO - Append 2 dòng mới vào /opt/***/data/lake/FTS.csv
[2025-10-07T13:09:24.051+0000] {logging_mixin.py:190} INFO - ✅ Hoàn tất FTS, thêm 2 dòng mới.
[2025-10-07T13:09:26.051+0000] {logging_mixin.py:190} INFO - 🚦 Giới hạn API đạt mức tối đa, chờ 3.2s...
[2025-10-07T13:09:29.134+0000] {logging_mixin.py:190} INFO - ⬇️ Bắt đầu xử lý symbol = FTM
[2025-10-07T13:09:29.142+0000] {logging_mixin.py:190} INFO - ⚠️ Không đọc được file cũ FTM: 'date'
[2025-10-07T13:09:29.149+0000] {logging_mixin.py:190} INFO - FTM: trích dữ liệu từ 2025-10-04 đến 2025-10-07
[2025-10-07T13:09:33.683+0000] {logging_mixin.py:190} INFO - Không tìm thấy dữ liệu cho FTM
[2025-10-07T13:09:33.684+0000] {logging_mixin.py:190} INFO - ℹ️ FTM: Không có dữ liệu mới.
[2025-10-07T13:09:33.684+0000] {logging_mixin.py:190} INFO - 🚦 Giới hạn API đạt mức tối đa, chờ 0.0s...
[2025-10-07T13:09:33.715+0000] {logging_mixin.py:190} INFO - ⬇️ Bắt đầu xử lý symbol = FTI
[2025-10-07T13:09:33.722+0000] {logging_mixin.py:190} INFO - ⚠️ Không đọc được file cũ FTI: 'date'
[2025-10-07T13:09:33.729+0000] {logging_mixin.py:190} INFO - FTI: trích dữ liệu từ 2024-07-26 đến 2025-10-07
[2025-10-07T13:09:39.330+0000] {logging_mixin.py:190} INFO - Không tìm thấy dữ liệu cho FTI
[2025-10-07T13:09:39.331+0000] {logging_mixin.py:190} INFO - ℹ️ FTI: Không có dữ liệu mới.
[2025-10-07T13:09:39.332+0000] {logging_mixin.py:190} INFO - ⬇️ Bắt đầu xử lý symbol = FT1
[2025-10-07T13:09:39.338+0000] {logging_mixin.py:190} INFO - ⚠️ Không đọc được file cũ FT1: 'date'
[2025-10-07T13:09:39.347+0000] {logging_mixin.py:190} INFO - FT1: trích dữ liệu từ 2025-10-04 đến 2025-10-07
[2025-10-07T13:09:43.837+0000] {logging_mixin.py:190} INFO - Không tìm thấy dữ liệu cho FT1
[2025-10-07T13:09:43.839+0000] {logging_mixin.py:190} INFO - ℹ️ FT1: Không có dữ liệu mới.
[2025-10-07T13:09:43.840+0000] {logging_mixin.py:190} INFO - ⬇️ Bắt đầu xử lý symbol = FSO
[2025-10-07T13:09:43.847+0000] {logging_mixin.py:190} INFO - ⚠️ Không đọc được file cũ FSO: 'date'
[2025-10-07T13:09:43.855+0000] {logging_mixin.py:190} INFO - FSO: trích dữ liệu từ 2025-10-01 đến 2025-10-07
[2025-10-07T13:09:49.528+0000] {logging_mixin.py:190} INFO - Không tìm thấy dữ liệu cho FSO
[2025-10-07T13:09:49.529+0000] {logging_mixin.py:190} INFO - ℹ️ FSO: Không có dữ liệu mới.
[2025-10-07T13:09:49.530+0000] {logging_mixin.py:190} INFO - 🚦 Giới hạn API đạt mức tối đa, chờ 34.3s...
[2025-10-07T13:10:23.736+0000] {logging_mixin.py:190} INFO - ⬇️ Bắt đầu xử lý symbol = FRT
[2025-10-07T13:10:23.744+0000] {logging_mixin.py:190} INFO - ⚠️ Không đọc được file cũ FRT: 'date'
[2025-10-07T13:10:23.751+0000] {logging_mixin.py:190} INFO - FRT: trích dữ liệu từ 2025-10-04 đến 2025-10-07
[2025-10-07T13:10:23.925+0000] {logging_mixin.py:190} INFO - Trích xuất 2 dòng mới cho FRT
[2025-10-07T13:10:23.932+0000] {logging_mixin.py:190} INFO - Append 2 dòng mới vào /opt/***/data/lake/FRT.csv
[2025-10-07T13:10:23.933+0000] {logging_mixin.py:190} INFO - ✅ Hoàn tất FRT, thêm 2 dòng mới.
[2025-10-07T13:10:25.936+0000] {logging_mixin.py:190} INFO - 🚦 Giới hạn API đạt mức tối đa, chờ 3.2s...
[2025-10-07T13:10:29.012+0000] {logging_mixin.py:190} INFO - ⬇️ Bắt đầu xử lý symbol = FRM
[2025-10-07T13:10:29.019+0000] {logging_mixin.py:190} INFO - ⚠️ Không đọc được file cũ FRM: 'date'
[2025-10-07T13:10:29.033+0000] {logging_mixin.py:190} INFO - FRM: trích dữ liệu từ 2025-09-30 đến 2025-10-07
[2025-10-07T13:10:29.256+0000] {logging_mixin.py:190} INFO - Trích xuất 1 dòng mới cho FRM
[2025-10-07T13:10:29.262+0000] {logging_mixin.py:190} INFO - Append 1 dòng mới vào /opt/***/data/lake/FRM.csv
[2025-10-07T13:10:29.263+0000] {logging_mixin.py:190} INFO - ✅ Hoàn tất FRM, thêm 1 dòng mới.
[2025-10-07T13:10:31.264+0000] {logging_mixin.py:190} INFO - 🚦 Giới hạn API đạt mức tối đa, chờ 2.5s...
[2025-10-07T13:10:33.716+0000] {logging_mixin.py:190} INFO - ⬇️ Bắt đầu xử lý symbol = FRC
[2025-10-07T13:10:33.724+0000] {logging_mixin.py:190} INFO - ⚠️ Không đọc được file cũ FRC: 'date'
[2025-10-07T13:10:33.732+0000] {logging_mixin.py:190} INFO - FRC: trích dữ liệu từ 2025-09-13 đến 2025-10-07
[2025-10-07T13:10:38.476+0000] {logging_mixin.py:190} INFO - Không tìm thấy dữ liệu cho FRC
[2025-10-07T13:10:38.477+0000] {logging_mixin.py:190} INFO - ℹ️ FRC: Không có dữ liệu mới.
[2025-10-07T13:10:38.478+0000] {logging_mixin.py:190} INFO - 🚦 Giới hạn API đạt mức tối đa, chờ 0.9s...
[2025-10-07T13:10:39.332+0000] {logging_mixin.py:190} INFO - ⬇️ Bắt đầu xử lý symbol = FPT
[2025-10-07T13:10:39.349+0000] {logging_mixin.py:190} INFO - ⚠️ Không đọc được file cũ FPT: 'date'
[2025-10-07T13:10:39.356+0000] {logging_mixin.py:190} INFO - FPT: trích dữ liệu từ 2025-10-04 đến 2025-10-07
[2025-10-07T13:10:39.574+0000] {logging_mixin.py:190} INFO - Trích xuất 2 dòng mới cho FPT
[2025-10-07T13:10:39.581+0000] {logging_mixin.py:190} INFO - Append 2 dòng mới vào /opt/***/data/lake/FPT.csv
[2025-10-07T13:10:39.581+0000] {logging_mixin.py:190} INFO - ✅ Hoàn tất FPT, thêm 2 dòng mới.
[2025-10-07T13:10:41.584+0000] {logging_mixin.py:190} INFO - 🚦 Giới hạn API đạt mức tối đa, chờ 2.3s...
[2025-10-07T13:10:43.841+0000] {logging_mixin.py:190} INFO - ⬇️ Bắt đầu xử lý symbol = FOX
[2025-10-07T13:10:43.848+0000] {logging_mixin.py:190} INFO - ⚠️ Không đọc được file cũ FOX: 'date'
[2025-10-07T13:10:43.863+0000] {logging_mixin.py:190} INFO - FOX: trích dữ liệu từ 2025-10-04 đến 2025-10-07
[2025-10-07T13:10:44.064+0000] {logging_mixin.py:190} INFO - Trích xuất 2 dòng mới cho FOX
[2025-10-07T13:10:44.073+0000] {logging_mixin.py:190} INFO - Append 2 dòng mới vào /opt/***/data/lake/FOX.csv
[2025-10-07T13:10:44.074+0000] {logging_mixin.py:190} INFO - ✅ Hoàn tất FOX, thêm 2 dòng mới.
[2025-10-07T13:10:46.075+0000] {logging_mixin.py:190} INFO - 🚦 Giới hạn API đạt mức tối đa, chờ 37.7s...
[2025-10-07T13:11:23.649+0000] {logging_mixin.py:190} INFO - ⬇️ Bắt đầu xử lý symbol = FOC
[2025-10-07T13:11:23.670+0000] {logging_mixin.py:190} INFO - ⚠️ Không đọc được file cũ FOC: 'date'
[2025-10-07T13:11:23.677+0000] {logging_mixin.py:190} INFO - FOC: trích dữ liệu từ 2025-10-04 đến 2025-10-07
[2025-10-07T13:11:23.865+0000] {logging_mixin.py:190} INFO - Trích xuất 2 dòng mới cho FOC
[2025-10-07T13:11:23.872+0000] {logging_mixin.py:190} INFO - Append 2 dòng mới vào /opt/***/data/lake/FOC.csv
[2025-10-07T13:11:23.872+0000] {logging_mixin.py:190} INFO - ✅ Hoàn tất FOC, thêm 2 dòng mới.
[2025-10-07T13:11:25.873+0000] {logging_mixin.py:190} INFO - 🚦 Giới hạn API đạt mức tối đa, chờ 3.1s...
[2025-10-07T13:11:28.880+0000] {logging_mixin.py:190} INFO - ⬇️ Bắt đầu xử lý symbol = FMC
[2025-10-07T13:11:28.944+0000] {logging_mixin.py:190} INFO - ⚠️ Không đọc được file cũ FMC: 'date'
[2025-10-07T13:11:28.957+0000] {logging_mixin.py:190} INFO - FMC: trích dữ liệu từ 2025-10-04 đến 2025-10-07
[2025-10-07T13:11:29.154+0000] {logging_mixin.py:190} INFO - Trích xuất 2 dòng mới cho FMC
[2025-10-07T13:11:29.160+0000] {logging_mixin.py:190} INFO - Append 2 dòng mới vào /opt/***/data/lake/FMC.csv
[2025-10-07T13:11:29.161+0000] {logging_mixin.py:190} INFO - ✅ Hoàn tất FMC, thêm 2 dòng mới.
[2025-10-07T13:11:31.162+0000] {logging_mixin.py:190} INFO - 🚦 Giới hạn API đạt mức tối đa, chờ 2.6s...
[2025-10-07T13:11:33.717+0000] {logging_mixin.py:190} INFO - ⬇️ Bắt đầu xử lý symbol = FLC
[2025-10-07T13:11:33.724+0000] {logging_mixin.py:190} INFO - ⚠️ Không đọc được file cũ FLC: 'date'
[2025-10-07T13:11:33.729+0000] {logging_mixin.py:190} INFO - FLC: trích dữ liệu từ 2024-07-26 đến 2025-10-07
[2025-10-07T13:11:38.686+0000] {logging_mixin.py:190} INFO - Không tìm thấy dữ liệu cho FLC
[2025-10-07T13:11:38.687+0000] {logging_mixin.py:190} INFO - ℹ️ FLC: Không có dữ liệu mới.
[2025-10-07T13:11:38.687+0000] {logging_mixin.py:190} INFO - 🚦 Giới hạn API đạt mức tối đa, chờ 0.6s...
[2025-10-07T13:11:39.333+0000] {logging_mixin.py:190} INFO - ⬇️ Bắt đầu xử lý symbol = FIT
[2025-10-07T13:11:39.342+0000] {logging_mixin.py:190} INFO - ⚠️ Không đọc được file cũ FIT: 'date'
[2025-10-07T13:11:39.350+0000] {logging_mixin.py:190} INFO - FIT: trích dữ liệu từ 2025-10-04 đến 2025-10-07
[2025-10-07T13:11:39.621+0000] {logging_mixin.py:190} INFO - Trích xuất 2 dòng mới cho FIT
[2025-10-07T13:11:39.627+0000] {logging_mixin.py:190} INFO - Append 2 dòng mới vào /opt/***/data/lake/FIT.csv
[2025-10-07T13:11:39.627+0000] {logging_mixin.py:190} INFO - ✅ Hoàn tất FIT, thêm 2 dòng mới.
[2025-10-07T13:11:41.628+0000] {logging_mixin.py:190} INFO - 🚦 Giới hạn API đạt mức tối đa, chờ 2.2s...
[2025-10-07T13:11:43.843+0000] {logging_mixin.py:190} INFO - ⬇️ Bắt đầu xử lý symbol = FIR
[2025-10-07T13:11:43.853+0000] {logging_mixin.py:190} INFO - ⚠️ Không đọc được file cũ FIR: 'date'
[2025-10-07T13:11:43.859+0000] {logging_mixin.py:190} INFO - FIR: trích dữ liệu từ 2025-10-04 đến 2025-10-07
[2025-10-07T13:11:44.025+0000] {logging_mixin.py:190} INFO - Trích xuất 2 dòng mới cho FIR
[2025-10-07T13:11:44.033+0000] {logging_mixin.py:190} INFO - Append 2 dòng mới vào /opt/***/data/lake/FIR.csv
[2025-10-07T13:11:44.034+0000] {logging_mixin.py:190} INFO - ✅ Hoàn tất FIR, thêm 2 dòng mới.
[2025-10-07T13:11:46.035+0000] {logging_mixin.py:190} INFO - 🚦 Giới hạn API đạt mức tối đa, chờ 37.6s...
[2025-10-07T13:12:23.534+0000] {logging_mixin.py:190} INFO - ⬇️ Bắt đầu xử lý symbol = FID
[2025-10-07T13:12:23.548+0000] {logging_mixin.py:190} INFO - ⚠️ Không đọc được file cũ FID: 'date'
[2025-10-07T13:12:23.563+0000] {logging_mixin.py:190} INFO - FID: trích dữ liệu từ 2025-10-04 đến 2025-10-07
[2025-10-07T13:12:29.152+0000] {logging_mixin.py:190} INFO - Không tìm thấy dữ liệu cho FID
[2025-10-07T13:12:29.224+0000] {logging_mixin.py:190} INFO - ℹ️ FID: Không có dữ liệu mới.
[2025-10-07T13:12:29.254+0000] {logging_mixin.py:190} INFO - ⬇️ Bắt đầu xử lý symbol = FIC
[2025-10-07T13:12:29.382+0000] {logging_mixin.py:190} INFO - ⚠️ Không đọc được file cũ FIC: 'date'
[2025-10-07T13:12:29.437+0000] {logging_mixin.py:190} INFO - FIC: trích dữ liệu từ 2025-10-04 đến 2025-10-07
[2025-10-07T13:12:29.743+0000] {logging_mixin.py:190} INFO - Trích xuất 2 dòng mới cho FIC
[2025-10-07T13:12:29.778+0000] {logging_mixin.py:190} INFO - Append 2 dòng mới vào /opt/***/data/lake/FIC.csv
[2025-10-07T13:12:29.781+0000] {logging_mixin.py:190} INFO - ✅ Hoàn tất FIC, thêm 2 dòng mới.
[2025-10-07T13:12:31.786+0000] {logging_mixin.py:190} INFO - 🚦 Giới hạn API đạt mức tối đa, chờ 1.9s...
[2025-10-07T13:12:33.727+0000] {logging_mixin.py:190} INFO - ⬇️ Bắt đầu xử lý symbol = FHS
[2025-10-07T13:12:33.763+0000] {logging_mixin.py:190} INFO - ⚠️ Không đọc được file cũ FHS: 'date'
[2025-10-07T13:12:33.794+0000] {logging_mixin.py:190} INFO - FHS: trích dữ liệu từ 2025-09-27 đến 2025-10-07
[2025-10-07T13:12:38.449+0000] {logging_mixin.py:190} INFO - Không tìm thấy dữ liệu cho FHS
[2025-10-07T13:12:38.450+0000] {logging_mixin.py:190} INFO - ℹ️ FHS: Không có dữ liệu mới.
[2025-10-07T13:12:38.451+0000] {logging_mixin.py:190} INFO - 🚦 Giới hạn API đạt mức tối đa, chờ 0.9s...
[2025-10-07T13:12:39.335+0000] {logging_mixin.py:190} INFO - ⬇️ Bắt đầu xử lý symbol = FHN
[2025-10-07T13:12:39.344+0000] {logging_mixin.py:190} INFO - ⚠️ Không đọc được file cũ FHN: 'date'
[2025-10-07T13:12:39.351+0000] {logging_mixin.py:190} INFO - FHN: trích dữ liệu từ 2025-06-20 đến 2025-10-07
[2025-10-07T13:12:44.052+0000] {logging_mixin.py:190} INFO - Không tìm thấy dữ liệu cho FHN
[2025-10-07T13:12:44.053+0000] {logging_mixin.py:190} INFO - ℹ️ FHN: Không có dữ liệu mới.
[2025-10-07T13:12:44.053+0000] {logging_mixin.py:190} INFO - ⬇️ Bắt đầu xử lý symbol = FGL
[2025-10-07T13:12:44.059+0000] {logging_mixin.py:190} INFO - ⚠️ Không đọc được file cũ FGL: 'date'
[2025-10-07T13:12:44.065+0000] {logging_mixin.py:190} INFO - FGL: trích dữ liệu từ 2025-10-02 đến 2025-10-07
[2025-10-07T13:12:49.420+0000] {logging_mixin.py:190} INFO - Không tìm thấy dữ liệu cho FGL
[2025-10-07T13:12:49.421+0000] {logging_mixin.py:190} INFO - ℹ️ FGL: Không có dữ liệu mới.
[2025-10-07T13:12:49.421+0000] {logging_mixin.py:190} INFO - 🚦 Giới hạn API đạt mức tối đa, chờ 34.1s...
[2025-10-07T13:13:23.425+0000] {logging_mixin.py:190} INFO - ⬇️ Bắt đầu xử lý symbol = FDG
[2025-10-07T13:13:23.433+0000] {logging_mixin.py:190} INFO - ⚠️ Không đọc được file cũ FDG: 'date'
[2025-10-07T13:13:23.439+0000] {logging_mixin.py:190} INFO - FDG: trích dữ liệu từ 2022-07-12 đến 2025-10-07
[2025-10-07T13:13:28.103+0000] {logging_mixin.py:190} INFO - Không tìm thấy dữ liệu cho FDG
[2025-10-07T13:13:28.104+0000] {logging_mixin.py:190} INFO - ℹ️ FDG: Không có dữ liệu mới.
[2025-10-07T13:13:28.105+0000] {logging_mixin.py:190} INFO - 🚦 Giới hạn API đạt mức tối đa, chờ 1.1s...
[2025-10-07T13:13:29.128+0000] {logging_mixin.py:190} INFO - ⬇️ Bắt đầu xử lý symbol = FDC
[2025-10-07T13:13:29.135+0000] {logging_mixin.py:190} INFO - ⚠️ Không đọc được file cũ FDC: 'date'
[2025-10-07T13:13:29.140+0000] {logging_mixin.py:190} INFO - FDC: trích dữ liệu từ 2025-10-03 đến 2025-10-07
[2025-10-07T13:13:33.834+0000] {logging_mixin.py:190} INFO - Không tìm thấy dữ liệu cho FDC
[2025-10-07T13:13:33.835+0000] {logging_mixin.py:190} INFO - ℹ️ FDC: Không có dữ liệu mới.
[2025-10-07T13:13:33.836+0000] {logging_mixin.py:190} INFO - ⬇️ Bắt đầu xử lý symbol = FCS
[2025-10-07T13:13:33.844+0000] {logging_mixin.py:190} INFO - ⚠️ Không đọc được file cũ FCS: 'date'
[2025-10-07T13:13:33.851+0000] {logging_mixin.py:190} INFO - FCS: trích dữ liệu từ 2025-10-01 đến 2025-10-07
[2025-10-07T13:13:34.095+0000] {logging_mixin.py:190} INFO - Trích xuất 2 dòng mới cho FCS
[2025-10-07T13:13:34.102+0000] {logging_mixin.py:190} INFO - Append 2 dòng mới vào /opt/***/data/lake/FCS.csv
[2025-10-07T13:13:34.102+0000] {logging_mixin.py:190} INFO - ✅ Hoàn tất FCS, thêm 2 dòng mới.
[2025-10-07T13:13:36.103+0000] {logging_mixin.py:190} INFO - 🚦 Giới hạn API đạt mức tối đa, chờ 3.2s...
[2025-10-07T13:13:39.339+0000] {logging_mixin.py:190} INFO - ⬇️ Bắt đầu xử lý symbol = FCN
[2025-10-07T13:13:39.351+0000] {logging_mixin.py:190} INFO - ⚠️ Không đọc được file cũ FCN: 'date'
[2025-10-07T13:13:39.358+0000] {logging_mixin.py:190} INFO - FCN: trích dữ liệu từ 2025-10-04 đến 2025-10-07
[2025-10-07T13:13:39.598+0000] {logging_mixin.py:190} INFO - Trích xuất 2 dòng mới cho FCN
[2025-10-07T13:13:39.604+0000] {logging_mixin.py:190} INFO - Append 2 dòng mới vào /opt/***/data/lake/FCN.csv
[2025-10-07T13:13:39.605+0000] {logging_mixin.py:190} INFO - ✅ Hoàn tất FCN, thêm 2 dòng mới.
[2025-10-07T13:13:41.605+0000] {logging_mixin.py:190} INFO - 🚦 Giới hạn API đạt mức tối đa, chờ 2.4s...
[2025-10-07T13:13:44.054+0000] {logging_mixin.py:190} INFO - ⬇️ Bắt đầu xử lý symbol = FCM
[2025-10-07T13:13:44.061+0000] {logging_mixin.py:190} INFO - ⚠️ Không đọc được file cũ FCM: 'date'
[2025-10-07T13:13:44.067+0000] {logging_mixin.py:190} INFO - FCM: trích dữ liệu từ 2025-10-04 đến 2025-10-07
[2025-10-07T13:13:44.381+0000] {logging_mixin.py:190} INFO - Trích xuất 2 dòng mới cho FCM
[2025-10-07T13:13:44.387+0000] {logging_mixin.py:190} INFO - Append 2 dòng mới vào /opt/***/data/lake/FCM.csv
[2025-10-07T13:13:44.388+0000] {logging_mixin.py:190} INFO - ✅ Hoàn tất FCM, thêm 2 dòng mới.
[2025-10-07T13:13:46.389+0000] {python.py:240} INFO - Done. Returned value was: None
[2025-10-07T13:13:46.397+0000] {taskinstance.py:341} INFO - ::group::Post task execution logs
[2025-10-07T13:13:46.398+0000] {taskinstance.py:353} INFO - Marking task as SUCCESS. dag_id=vnstock_weekly_etl_incremental, task_id=process_batch, run_id=manual__2025-10-07T10:43:54.222487+00:00, map_index=24, execution_date=20251007T104354, start_date=20251007T130424, end_date=20251007T131346
[2025-10-07T13:13:46.478+0000] {local_task_job_runner.py:266} INFO - Task exited with return code 0
[2025-10-07T13:13:46.625+0000] {taskinstance.py:3901} INFO - 0 downstream tasks scheduled from follow-on schedule check
[2025-10-07T13:13:46.628+0000] {local_task_job_runner.py:245} INFO - ::endgroup::
