[2025-10-07T13:32:41.897+0000] {local_task_job_runner.py:123} INFO - ::group::Pre task execution logs
[2025-10-07T13:32:41.919+0000] {taskinstance.py:2614} INFO - Dependencies all met for dep_context=non-requeueable deps ti=<TaskInstance: vnstock_weekly_etl_incremental.process_batch manual__2025-10-07T10:44:44.201464+00:00 map_index=4 [queued]>
[2025-10-07T13:32:41.930+0000] {taskinstance.py:2614} INFO - Dependencies all met for dep_context=requeueable deps ti=<TaskInstance: vnstock_weekly_etl_incremental.process_batch manual__2025-10-07T10:44:44.201464+00:00 map_index=4 [queued]>
[2025-10-07T13:32:41.934+0000] {taskinstance.py:2867} INFO - Starting attempt 1 of 3
[2025-10-07T13:32:41.947+0000] {taskinstance.py:2890} INFO - Executing <Mapped(_PythonDecoratedOperator): process_batch> on 2025-10-07 10:44:44.201464+00:00
[2025-10-07T13:32:41.958+0000] {logging_mixin.py:190} WARNING - /home/***/.local/lib/python3.12/site-packages/***/task/task_runner/standard_task_runner.py:70 DeprecationWarning: This process (pid=18071) is multi-threaded, use of fork() may lead to deadlocks in the child.
[2025-10-07T13:32:41.960+0000] {standard_task_runner.py:72} INFO - Started process 18093 to run task
[2025-10-07T13:32:41.958+0000] {standard_task_runner.py:104} INFO - Running: ['***', 'tasks', 'run', 'vnstock_weekly_etl_incremental', 'process_batch', 'manual__2025-10-07T10:44:44.201464+00:00', '--job-id', '198', '--raw', '--subdir', 'DAGS_FOLDER/dag.py', '--cfg-path', '/tmp/tmpeqtv6230', '--map-index', '4']
[2025-10-07T13:32:41.961+0000] {standard_task_runner.py:105} INFO - Job 198: Subtask process_batch
[2025-10-07T13:32:41.976+0000] {logging_mixin.py:190} WARNING - /home/***/.local/lib/python3.12/site-packages/***/settings.py:209 DeprecationWarning: The sql_alchemy_conn option in [core] has been moved to the sql_alchemy_conn option in [database] - the old setting has been used, but please update your config.
[2025-10-07T13:32:42.022+0000] {task_command.py:467} INFO - Running <TaskInstance: vnstock_weekly_etl_incremental.process_batch manual__2025-10-07T10:44:44.201464+00:00 map_index=4 [running]> on host e3278e0f0bbc
[2025-10-07T13:32:42.273+0000] {taskinstance.py:3134} INFO - Exporting env vars: AIRFLOW_CTX_DAG_OWNER='***' AIRFLOW_CTX_DAG_ID='vnstock_weekly_etl_incremental' AIRFLOW_CTX_TASK_ID='process_batch' AIRFLOW_CTX_EXECUTION_DATE='2025-10-07T10:44:44.201464+00:00' AIRFLOW_CTX_TRY_NUMBER='1' AIRFLOW_CTX_DAG_RUN_ID='manual__2025-10-07T10:44:44.201464+00:00'
[2025-10-07T13:32:42.274+0000] {taskinstance.py:732} INFO - ::endgroup::
[2025-10-07T13:32:42.276+0000] {logging_mixin.py:190} INFO - ⬇️ Bắt đầu xử lý symbol = V11
[2025-10-07T13:32:42.287+0000] {logging_mixin.py:190} INFO - ⚠️ Không đọc được file cũ V11: 'date'
[2025-10-07T13:32:42.297+0000] {logging_mixin.py:190} INFO - V11: trích dữ liệu từ 2025-05-10 đến 2025-10-07
[2025-10-07T13:32:46.725+0000] {logging_mixin.py:190} INFO - Không tìm thấy dữ liệu cho V11
[2025-10-07T13:32:46.727+0000] {logging_mixin.py:190} INFO - ℹ️ V11: Không có dữ liệu mới.
[2025-10-07T13:32:46.727+0000] {logging_mixin.py:190} INFO - ⬇️ Bắt đầu xử lý symbol = UXC
[2025-10-07T13:32:46.733+0000] {logging_mixin.py:190} INFO - ⚠️ Không đọc được file cũ UXC: 'date'
[2025-10-07T13:32:46.738+0000] {logging_mixin.py:190} INFO - UXC: trích dữ liệu từ 2025-09-20 đến 2025-10-07
[2025-10-07T13:32:51.295+0000] {logging_mixin.py:190} INFO - Không tìm thấy dữ liệu cho UXC
[2025-10-07T13:32:51.296+0000] {logging_mixin.py:190} INFO - ℹ️ UXC: Không có dữ liệu mới.
[2025-10-07T13:32:51.297+0000] {logging_mixin.py:190} INFO - ⬇️ Bắt đầu xử lý symbol = USD
[2025-10-07T13:32:51.311+0000] {logging_mixin.py:190} INFO - ⚠️ Không đọc được file cũ USD: 'date'
[2025-10-07T13:32:51.318+0000] {logging_mixin.py:190} INFO - USD: trích dữ liệu từ 2025-10-08 đến 2025-10-07
[2025-10-07T13:32:56.805+0000] {logging_mixin.py:190} INFO - Không tìm thấy dữ liệu cho USD
[2025-10-07T13:32:56.806+0000] {logging_mixin.py:190} INFO - ℹ️ USD: Không có dữ liệu mới.
[2025-10-07T13:32:56.807+0000] {logging_mixin.py:190} INFO - ⬇️ Bắt đầu xử lý symbol = USC
[2025-10-07T13:32:56.813+0000] {logging_mixin.py:190} INFO - ⚠️ Không đọc được file cũ USC: 'date'
[2025-10-07T13:32:56.820+0000] {logging_mixin.py:190} INFO - USC: trích dữ liệu từ 2025-10-08 đến 2025-10-07
[2025-10-07T13:33:01.901+0000] {logging_mixin.py:190} INFO - Không tìm thấy dữ liệu cho USC
[2025-10-07T13:33:01.902+0000] {logging_mixin.py:190} INFO - ℹ️ USC: Không có dữ liệu mới.
[2025-10-07T13:33:01.902+0000] {logging_mixin.py:190} INFO - ⬇️ Bắt đầu xử lý symbol = UPH
[2025-10-07T13:33:01.909+0000] {logging_mixin.py:190} INFO - ⚠️ Không đọc được file cũ UPH: 'date'
[2025-10-07T13:33:01.915+0000] {logging_mixin.py:190} INFO - UPH: trích dữ liệu từ 2025-10-08 đến 2025-10-07
[2025-10-07T13:33:06.678+0000] {logging_mixin.py:190} INFO - Không tìm thấy dữ liệu cho UPH
[2025-10-07T13:33:06.680+0000] {logging_mixin.py:190} INFO - ℹ️ UPH: Không có dữ liệu mới.
[2025-10-07T13:33:06.680+0000] {logging_mixin.py:190} INFO - 🚦 Giới hạn API đạt mức tối đa, chờ 35.6s...
[2025-10-07T13:33:42.126+0000] {logging_mixin.py:190} INFO - ⬇️ Bắt đầu xử lý symbol = UPC
[2025-10-07T13:33:42.134+0000] {logging_mixin.py:190} INFO - ⚠️ Không đọc được file cũ UPC: 'date'
[2025-10-07T13:33:42.141+0000] {logging_mixin.py:190} INFO - UPC: trích dữ liệu từ 2025-09-30 đến 2025-10-07
[2025-10-07T13:33:42.338+0000] {logging_mixin.py:190} INFO - Trích xuất 1 dòng mới cho UPC
[2025-10-07T13:33:42.346+0000] {logging_mixin.py:190} INFO - Append 1 dòng mới vào /opt/***/data/lake/UPC.csv
[2025-10-07T13:33:42.346+0000] {logging_mixin.py:190} INFO - ✅ Hoàn tất UPC, thêm 1 dòng mới.
[2025-10-07T13:33:44.348+0000] {logging_mixin.py:190} INFO - 🚦 Giới hạn API đạt mức tối đa, chờ 2.4s...
[2025-10-07T13:33:46.729+0000] {logging_mixin.py:190} INFO - ⬇️ Bắt đầu xử lý symbol = UNI
[2025-10-07T13:33:46.738+0000] {logging_mixin.py:190} INFO - ⚠️ Không đọc được file cũ UNI: 'date'
[2025-10-07T13:33:46.745+0000] {logging_mixin.py:190} INFO - UNI: trích dữ liệu từ 2025-10-04 đến 2025-10-07
[2025-10-07T13:33:51.342+0000] {logging_mixin.py:190} INFO - Không tìm thấy dữ liệu cho UNI
[2025-10-07T13:33:51.343+0000] {logging_mixin.py:190} INFO - ℹ️ UNI: Không có dữ liệu mới.
[2025-10-07T13:33:51.344+0000] {logging_mixin.py:190} INFO - ⬇️ Bắt đầu xử lý symbol = UMC
[2025-10-07T13:33:51.352+0000] {logging_mixin.py:190} INFO - ⚠️ Không đọc được file cũ UMC: 'date'
[2025-10-07T13:33:51.358+0000] {logging_mixin.py:190} INFO - UMC: trích dữ liệu từ 2025-06-03 đến 2025-10-07
[2025-10-07T13:33:55.932+0000] {logging_mixin.py:190} INFO - Không tìm thấy dữ liệu cho UMC
[2025-10-07T13:33:55.934+0000] {logging_mixin.py:190} INFO - ℹ️ UMC: Không có dữ liệu mới.
[2025-10-07T13:33:55.935+0000] {logging_mixin.py:190} INFO - 🚦 Giới hạn API đạt mức tối đa, chờ 0.9s...
[2025-10-07T13:33:56.807+0000] {logging_mixin.py:190} INFO - ⬇️ Bắt đầu xử lý symbol = UIC
[2025-10-07T13:33:56.824+0000] {logging_mixin.py:190} INFO - ⚠️ Không đọc được file cũ UIC: 'date'
[2025-10-07T13:33:56.831+0000] {logging_mixin.py:190} INFO - UIC: trích dữ liệu từ 2025-10-04 đến 2025-10-07
[2025-10-07T13:34:01.445+0000] {logging_mixin.py:190} INFO - Không tìm thấy dữ liệu cho UIC
[2025-10-07T13:34:01.447+0000] {logging_mixin.py:190} INFO - ℹ️ UIC: Không có dữ liệu mới.
[2025-10-07T13:34:01.447+0000] {logging_mixin.py:190} INFO - 🚦 Giới hạn API đạt mức tối đa, chờ 0.5s...
[2025-10-07T13:34:01.903+0000] {logging_mixin.py:190} INFO - ⬇️ Bắt đầu xử lý symbol = UEM
[2025-10-07T13:34:01.923+0000] {logging_mixin.py:190} INFO - ⚠️ Không đọc được file cũ UEM: 'date'
[2025-10-07T13:34:01.930+0000] {logging_mixin.py:190} INFO - UEM: trích dữ liệu từ 2025-05-29 đến 2025-10-07
[2025-10-07T13:34:06.478+0000] {logging_mixin.py:190} INFO - Không tìm thấy dữ liệu cho UEM
[2025-10-07T13:34:06.480+0000] {logging_mixin.py:190} INFO - ℹ️ UEM: Không có dữ liệu mới.
[2025-10-07T13:34:06.480+0000] {logging_mixin.py:190} INFO - 🚦 Giới hạn API đạt mức tối đa, chờ 35.6s...
[2025-10-07T13:34:41.974+0000] {logging_mixin.py:190} INFO - ⬇️ Bắt đầu xử lý symbol = UDL
[2025-10-07T13:34:41.982+0000] {logging_mixin.py:190} INFO - ⚠️ Không đọc được file cũ UDL: 'date'
[2025-10-07T13:34:41.989+0000] {logging_mixin.py:190} INFO - UDL: trích dữ liệu từ 2025-10-01 đến 2025-10-07
[2025-10-07T13:34:46.841+0000] {logging_mixin.py:190} INFO - Không tìm thấy dữ liệu cho UDL
[2025-10-07T13:34:46.842+0000] {logging_mixin.py:190} INFO - ℹ️ UDL: Không có dữ liệu mới.
[2025-10-07T13:34:46.843+0000] {logging_mixin.py:190} INFO - ⬇️ Bắt đầu xử lý symbol = UDJ
[2025-10-07T13:34:46.852+0000] {logging_mixin.py:190} INFO - ⚠️ Không đọc được file cũ UDJ: 'date'
[2025-10-07T13:34:46.860+0000] {logging_mixin.py:190} INFO - UDJ: trích dữ liệu từ 2025-10-04 đến 2025-10-07
[2025-10-07T13:34:47.079+0000] {logging_mixin.py:190} INFO - Trích xuất 2 dòng mới cho UDJ
[2025-10-07T13:34:47.086+0000] {logging_mixin.py:190} INFO - Append 2 dòng mới vào /opt/***/data/lake/UDJ.csv
[2025-10-07T13:34:47.086+0000] {logging_mixin.py:190} INFO - ✅ Hoàn tất UDJ, thêm 2 dòng mới.
[2025-10-07T13:34:49.087+0000] {logging_mixin.py:190} INFO - 🚦 Giới hạn API đạt mức tối đa, chờ 2.3s...
[2025-10-07T13:34:51.345+0000] {logging_mixin.py:190} INFO - ⬇️ Bắt đầu xử lý symbol = UDC
[2025-10-07T13:34:51.363+0000] {logging_mixin.py:190} INFO - ⚠️ Không đọc được file cũ UDC: 'date'
[2025-10-07T13:34:51.372+0000] {logging_mixin.py:190} INFO - UDC: trích dữ liệu từ 2025-10-04 đến 2025-10-07
[2025-10-07T13:34:51.635+0000] {logging_mixin.py:190} INFO - Trích xuất 2 dòng mới cho UDC
[2025-10-07T13:34:51.642+0000] {logging_mixin.py:190} INFO - Append 2 dòng mới vào /opt/***/data/lake/UDC.csv
[2025-10-07T13:34:51.642+0000] {logging_mixin.py:190} INFO - ✅ Hoàn tất UDC, thêm 2 dòng mới.
[2025-10-07T13:34:53.489+0000] {logging_mixin.py:190} INFO - 🚦 Giới hạn API đạt mức tối đa, chờ 3.3s...
[2025-10-07T13:34:56.808+0000] {logging_mixin.py:190} INFO - ⬇️ Bắt đầu xử lý symbol = UCT
[2025-10-07T13:34:56.828+0000] {logging_mixin.py:190} INFO - ⚠️ Không đọc được file cũ UCT: 'date'
[2025-10-07T13:34:56.835+0000] {logging_mixin.py:190} INFO - UCT: trích dữ liệu từ 2025-09-19 đến 2025-10-07
[2025-10-07T13:35:01.701+0000] {logging_mixin.py:190} INFO - Không tìm thấy dữ liệu cho UCT
[2025-10-07T13:35:01.703+0000] {logging_mixin.py:190} INFO - ℹ️ UCT: Không có dữ liệu mới.
[2025-10-07T13:35:01.704+0000] {logging_mixin.py:190} INFO - 🚦 Giới hạn API đạt mức tối đa, chờ 0.2s...
[2025-10-07T13:35:01.904+0000] {logging_mixin.py:190} INFO - ⬇️ Bắt đầu xử lý symbol = TYA
[2025-10-07T13:35:01.914+0000] {logging_mixin.py:190} INFO - ⚠️ Không đọc được file cũ TYA: 'date'
[2025-10-07T13:35:01.921+0000] {logging_mixin.py:190} INFO - TYA: trích dữ liệu từ 2025-10-04 đến 2025-10-07
[2025-10-07T13:35:02.084+0000] {logging_mixin.py:190} INFO - Trích xuất 2 dòng mới cho TYA
[2025-10-07T13:35:02.090+0000] {logging_mixin.py:190} INFO - Append 2 dòng mới vào /opt/***/data/lake/TYA.csv
[2025-10-07T13:35:02.091+0000] {logging_mixin.py:190} INFO - ✅ Hoàn tất TYA, thêm 2 dòng mới.
[2025-10-07T13:35:04.091+0000] {logging_mixin.py:190} INFO - 🚦 Giới hạn API đạt mức tối đa, chờ 37.9s...
[2025-10-07T13:35:41.825+0000] {logging_mixin.py:190} INFO - ⬇️ Bắt đầu xử lý symbol = TXM
[2025-10-07T13:35:41.835+0000] {logging_mixin.py:190} INFO - ⚠️ Không đọc được file cũ TXM: 'date'
[2025-10-07T13:35:41.841+0000] {logging_mixin.py:190} INFO - TXM: trích dữ liệu từ 2025-10-04 đến 2025-10-07
[2025-10-07T13:35:42.100+0000] {logging_mixin.py:190} INFO - Trích xuất 2 dòng mới cho TXM
[2025-10-07T13:35:42.107+0000] {logging_mixin.py:190} INFO - Append 2 dòng mới vào /opt/***/data/lake/TXM.csv
[2025-10-07T13:35:42.107+0000] {logging_mixin.py:190} INFO - ✅ Hoàn tất TXM, thêm 2 dòng mới.
[2025-10-07T13:35:44.108+0000] {logging_mixin.py:190} INFO - 🚦 Giới hạn API đạt mức tối đa, chờ 2.7s...
[2025-10-07T13:35:46.846+0000] {logging_mixin.py:190} INFO - ⬇️ Bắt đầu xử lý symbol = TW3
[2025-10-07T13:35:46.862+0000] {logging_mixin.py:190} INFO - ⚠️ Không đọc được file cũ TW3: 'date'
[2025-10-07T13:35:46.870+0000] {logging_mixin.py:190} INFO - TW3: trích dữ liệu từ 2025-10-03 đến 2025-10-07
[2025-10-07T13:35:51.402+0000] {logging_mixin.py:190} INFO - Không tìm thấy dữ liệu cho TW3
[2025-10-07T13:35:51.404+0000] {logging_mixin.py:190} INFO - ℹ️ TW3: Không có dữ liệu mới.
[2025-10-07T13:35:51.404+0000] {logging_mixin.py:190} INFO - ⬇️ Bắt đầu xử lý symbol = TVW
[2025-10-07T13:35:51.418+0000] {logging_mixin.py:190} INFO - ⚠️ Không đọc được file cũ TVW: 'date'
[2025-10-07T13:35:51.424+0000] {logging_mixin.py:190} INFO - TVW: trích dữ liệu từ 2023-09-13 đến 2025-10-07
[2025-10-07T13:35:55.883+0000] {logging_mixin.py:190} INFO - Không tìm thấy dữ liệu cho TVW
[2025-10-07T13:35:55.884+0000] {logging_mixin.py:190} INFO - ℹ️ TVW: Không có dữ liệu mới.
[2025-10-07T13:35:55.885+0000] {logging_mixin.py:190} INFO - 🚦 Giới hạn API đạt mức tối đa, chờ 0.9s...
[2025-10-07T13:35:56.809+0000] {logging_mixin.py:190} INFO - ⬇️ Bắt đầu xử lý symbol = TVT
[2025-10-07T13:35:56.825+0000] {logging_mixin.py:190} INFO - ⚠️ Không đọc được file cũ TVT: 'date'
[2025-10-07T13:35:56.832+0000] {logging_mixin.py:190} INFO - TVT: trích dữ liệu từ 2025-10-04 đến 2025-10-07
[2025-10-07T13:35:57.123+0000] {logging_mixin.py:190} INFO - Trích xuất 2 dòng mới cho TVT
[2025-10-07T13:35:57.130+0000] {logging_mixin.py:190} INFO - Append 2 dòng mới vào /opt/***/data/lake/TVT.csv
[2025-10-07T13:35:57.130+0000] {logging_mixin.py:190} INFO - ✅ Hoàn tất TVT, thêm 2 dòng mới.
[2025-10-07T13:35:59.131+0000] {logging_mixin.py:190} INFO - 🚦 Giới hạn API đạt mức tối đa, chờ 2.8s...
[2025-10-07T13:36:01.906+0000] {logging_mixin.py:190} INFO - ⬇️ Bắt đầu xử lý symbol = TVS
[2025-10-07T13:36:01.923+0000] {logging_mixin.py:190} INFO - ⚠️ Không đọc được file cũ TVS: 'date'
[2025-10-07T13:36:01.931+0000] {logging_mixin.py:190} INFO - TVS: trích dữ liệu từ 2025-10-04 đến 2025-10-07
[2025-10-07T13:36:02.454+0000] {logging_mixin.py:190} INFO - Trích xuất 2 dòng mới cho TVS
[2025-10-07T13:36:02.461+0000] {logging_mixin.py:190} INFO - Append 2 dòng mới vào /opt/***/data/lake/TVS.csv
[2025-10-07T13:36:02.461+0000] {logging_mixin.py:190} INFO - ✅ Hoàn tất TVS, thêm 2 dòng mới.
[2025-10-07T13:36:04.462+0000] {logging_mixin.py:190} INFO - 🚦 Giới hạn API đạt mức tối đa, chờ 37.4s...
[2025-10-07T13:36:41.677+0000] {logging_mixin.py:190} INFO - ⬇️ Bắt đầu xử lý symbol = TVP
[2025-10-07T13:36:41.683+0000] {logging_mixin.py:190} INFO - ⚠️ Không đọc được file cũ TVP: 'date'
[2025-10-07T13:36:41.690+0000] {logging_mixin.py:190} INFO - TVP: trích dữ liệu từ 2023-10-25 đến 2025-10-07
[2025-10-07T13:36:46.320+0000] {logging_mixin.py:190} INFO - Không tìm thấy dữ liệu cho TVP
[2025-10-07T13:36:46.322+0000] {logging_mixin.py:190} INFO - ℹ️ TVP: Không có dữ liệu mới.
[2025-10-07T13:36:46.322+0000] {logging_mixin.py:190} INFO - 🚦 Giới hạn API đạt mức tối đa, chờ 0.5s...
[2025-10-07T13:36:46.846+0000] {logging_mixin.py:190} INFO - ⬇️ Bắt đầu xử lý symbol = TVN
[2025-10-07T13:36:46.854+0000] {logging_mixin.py:190} INFO - ⚠️ Không đọc được file cũ TVN: 'date'
[2025-10-07T13:36:46.862+0000] {logging_mixin.py:190} INFO - TVN: trích dữ liệu từ 2025-10-04 đến 2025-10-07
[2025-10-07T13:36:47.102+0000] {logging_mixin.py:190} INFO - Trích xuất 2 dòng mới cho TVN
[2025-10-07T13:36:47.109+0000] {logging_mixin.py:190} INFO - Append 2 dòng mới vào /opt/***/data/lake/TVN.csv
[2025-10-07T13:36:47.109+0000] {logging_mixin.py:190} INFO - ✅ Hoàn tất TVN, thêm 2 dòng mới.
[2025-10-07T13:36:49.111+0000] {logging_mixin.py:190} INFO - 🚦 Giới hạn API đạt mức tối đa, chờ 2.3s...
[2025-10-07T13:36:51.405+0000] {logging_mixin.py:190} INFO - ⬇️ Bắt đầu xử lý symbol = TVM
[2025-10-07T13:36:51.421+0000] {logging_mixin.py:190} INFO - ⚠️ Không đọc được file cũ TVM: 'date'
[2025-10-07T13:36:51.428+0000] {logging_mixin.py:190} INFO - TVM: trích dữ liệu từ 2025-08-20 đến 2025-10-07
[2025-10-07T13:36:55.829+0000] {logging_mixin.py:190} INFO - Không tìm thấy dữ liệu cho TVM
[2025-10-07T13:36:55.831+0000] {logging_mixin.py:190} INFO - ℹ️ TVM: Không có dữ liệu mới.
[2025-10-07T13:36:55.831+0000] {logging_mixin.py:190} INFO - 🚦 Giới hạn API đạt mức tối đa, chờ 1.0s...
[2025-10-07T13:36:56.810+0000] {logging_mixin.py:190} INFO - ⬇️ Bắt đầu xử lý symbol = TVH
[2025-10-07T13:36:56.819+0000] {logging_mixin.py:190} INFO - ⚠️ Không đọc được file cũ TVH: 'date'
[2025-10-07T13:36:56.825+0000] {logging_mixin.py:190} INFO - TVH: trích dữ liệu từ 2025-08-14 đến 2025-10-07
[2025-10-07T13:36:57.039+0000] {logging_mixin.py:190} INFO - Trích xuất 1 dòng mới cho TVH
[2025-10-07T13:36:57.045+0000] {logging_mixin.py:190} INFO - Append 1 dòng mới vào /opt/***/data/lake/TVH.csv
[2025-10-07T13:36:57.045+0000] {logging_mixin.py:190} INFO - ✅ Hoàn tất TVH, thêm 1 dòng mới.
[2025-10-07T13:36:59.046+0000] {logging_mixin.py:190} INFO - 🚦 Giới hạn API đạt mức tối đa, chờ 2.9s...
[2025-10-07T13:37:01.907+0000] {logging_mixin.py:190} INFO - ⬇️ Bắt đầu xử lý symbol = TVG
[2025-10-07T13:37:01.915+0000] {logging_mixin.py:190} INFO - ⚠️ Không đọc được file cũ TVG: 'date'
[2025-10-07T13:37:01.921+0000] {logging_mixin.py:190} INFO - TVG: trích dữ liệu từ 2025-07-05 đến 2025-10-07
[2025-10-07T13:37:06.564+0000] {logging_mixin.py:190} INFO - Không tìm thấy dữ liệu cho TVG
[2025-10-07T13:37:06.566+0000] {logging_mixin.py:190} INFO - ℹ️ TVG: Không có dữ liệu mới.
[2025-10-07T13:37:06.567+0000] {logging_mixin.py:190} INFO - 🚦 Giới hạn API đạt mức tối đa, chờ 35.1s...
[2025-10-07T13:37:41.539+0000] {logging_mixin.py:190} INFO - ⬇️ Bắt đầu xử lý symbol = TVD
[2025-10-07T13:37:41.553+0000] {logging_mixin.py:190} INFO - ⚠️ Không đọc được file cũ TVD: 'date'
[2025-10-07T13:37:41.561+0000] {logging_mixin.py:190} INFO - TVD: trích dữ liệu từ 2025-10-04 đến 2025-10-07
[2025-10-07T13:37:41.910+0000] {logging_mixin.py:190} INFO - Trích xuất 2 dòng mới cho TVD
[2025-10-07T13:37:41.919+0000] {logging_mixin.py:190} INFO - Append 2 dòng mới vào /opt/***/data/lake/TVD.csv
[2025-10-07T13:37:41.919+0000] {logging_mixin.py:190} INFO - ✅ Hoàn tất TVD, thêm 2 dòng mới.
[2025-10-07T13:37:43.920+0000] {logging_mixin.py:190} INFO - 🚦 Giới hạn API đạt mức tối đa, chờ 2.9s...
[2025-10-07T13:37:46.849+0000] {logging_mixin.py:190} INFO - ⬇️ Bắt đầu xử lý symbol = TVC
[2025-10-07T13:37:46.857+0000] {logging_mixin.py:190} INFO - ⚠️ Không đọc được file cũ TVC: 'date'
[2025-10-07T13:37:46.864+0000] {logging_mixin.py:190} INFO - TVC: trích dữ liệu từ 2025-10-04 đến 2025-10-07
[2025-10-07T13:37:47.063+0000] {logging_mixin.py:190} INFO - Trích xuất 2 dòng mới cho TVC
[2025-10-07T13:37:47.070+0000] {logging_mixin.py:190} INFO - Append 2 dòng mới vào /opt/***/data/lake/TVC.csv
[2025-10-07T13:37:47.071+0000] {logging_mixin.py:190} INFO - ✅ Hoàn tất TVC, thêm 2 dòng mới.
[2025-10-07T13:37:49.073+0000] {logging_mixin.py:190} INFO - 🚦 Giới hạn API đạt mức tối đa, chờ 2.3s...
[2025-10-07T13:37:51.406+0000] {logging_mixin.py:190} INFO - ⬇️ Bắt đầu xử lý symbol = TVB
[2025-10-07T13:37:51.421+0000] {logging_mixin.py:190} INFO - ⚠️ Không đọc được file cũ TVB: 'date'
[2025-10-07T13:37:51.427+0000] {logging_mixin.py:190} INFO - TVB: trích dữ liệu từ 2025-10-04 đến 2025-10-07
[2025-10-07T13:37:51.538+0000] {logging_mixin.py:190} INFO - Trích xuất 2 dòng mới cho TVB
[2025-10-07T13:37:51.543+0000] {logging_mixin.py:190} INFO - Append 2 dòng mới vào /opt/***/data/lake/TVB.csv
[2025-10-07T13:37:51.544+0000] {logging_mixin.py:190} INFO - ✅ Hoàn tất TVB, thêm 2 dòng mới.
[2025-10-07T13:37:53.545+0000] {logging_mixin.py:190} INFO - 🚦 Giới hạn API đạt mức tối đa, chờ 3.3s...
[2025-10-07T13:37:56.811+0000] {logging_mixin.py:190} INFO - ⬇️ Bắt đầu xử lý symbol = TVA
[2025-10-07T13:37:56.824+0000] {logging_mixin.py:190} INFO - ⚠️ Không đọc được file cũ TVA: 'date'
[2025-10-07T13:37:56.831+0000] {logging_mixin.py:190} INFO - TVA: trích dữ liệu từ 2025-09-06 đến 2025-10-07
[2025-10-07T13:38:01.534+0000] {logging_mixin.py:190} INFO - Không tìm thấy dữ liệu cho TVA
[2025-10-07T13:38:01.536+0000] {logging_mixin.py:190} INFO - ℹ️ TVA: Không có dữ liệu mới.
[2025-10-07T13:38:01.537+0000] {logging_mixin.py:190} INFO - 🚦 Giới hạn API đạt mức tối đa, chờ 0.4s...
[2025-10-07T13:38:01.907+0000] {logging_mixin.py:190} INFO - ⬇️ Bắt đầu xử lý symbol = TV6
[2025-10-07T13:38:01.925+0000] {logging_mixin.py:190} INFO - ⚠️ Không đọc được file cũ TV6: 'date'
[2025-10-07T13:38:01.931+0000] {logging_mixin.py:190} INFO - TV6: trích dữ liệu từ 2025-10-04 đến 2025-10-07
[2025-10-07T13:38:02.885+0000] {logging_mixin.py:190} INFO - Trích xuất 1 dòng mới cho TV6
[2025-10-07T13:38:02.894+0000] {logging_mixin.py:190} INFO - Append 1 dòng mới vào /opt/***/data/lake/TV6.csv
[2025-10-07T13:38:02.895+0000] {logging_mixin.py:190} INFO - ✅ Hoàn tất TV6, thêm 1 dòng mới.
[2025-10-07T13:38:04.896+0000] {logging_mixin.py:190} INFO - 🚦 Giới hạn API đạt mức tối đa, chờ 36.6s...
[2025-10-07T13:38:41.380+0000] {logging_mixin.py:190} INFO - ⬇️ Bắt đầu xử lý symbol = TV4
[2025-10-07T13:38:41.386+0000] {logging_mixin.py:190} INFO - ⚠️ Không đọc được file cũ TV4: 'date'
[2025-10-07T13:38:41.392+0000] {logging_mixin.py:190} INFO - TV4: trích dữ liệu từ 2025-10-04 đến 2025-10-07
[2025-10-07T13:38:41.581+0000] {logging_mixin.py:190} INFO - Trích xuất 2 dòng mới cho TV4
[2025-10-07T13:38:41.587+0000] {logging_mixin.py:190} INFO - Append 2 dòng mới vào /opt/***/data/lake/TV4.csv
[2025-10-07T13:38:41.587+0000] {logging_mixin.py:190} INFO - ✅ Hoàn tất TV4, thêm 2 dòng mới.
[2025-10-07T13:38:43.588+0000] {logging_mixin.py:190} INFO - 🚦 Giới hạn API đạt mức tối đa, chờ 3.3s...
[2025-10-07T13:38:46.850+0000] {logging_mixin.py:190} INFO - ⬇️ Bắt đầu xử lý symbol = TV3
[2025-10-07T13:38:46.859+0000] {logging_mixin.py:190} INFO - ⚠️ Không đọc được file cũ TV3: 'date'
[2025-10-07T13:38:46.865+0000] {logging_mixin.py:190} INFO - TV3: trích dữ liệu từ 2025-10-04 đến 2025-10-07
[2025-10-07T13:38:47.068+0000] {logging_mixin.py:190} INFO - Trích xuất 2 dòng mới cho TV3
[2025-10-07T13:38:47.076+0000] {logging_mixin.py:190} INFO - Append 2 dòng mới vào /opt/***/data/lake/TV3.csv
[2025-10-07T13:38:47.076+0000] {logging_mixin.py:190} INFO - ✅ Hoàn tất TV3, thêm 2 dòng mới.
[2025-10-07T13:38:49.077+0000] {logging_mixin.py:190} INFO - 🚦 Giới hạn API đạt mức tối đa, chờ 2.3s...
[2025-10-07T13:38:51.256+0000] {logging_mixin.py:190} INFO - ⬇️ Bắt đầu xử lý symbol = TV2
[2025-10-07T13:38:51.272+0000] {logging_mixin.py:190} INFO - ⚠️ Không đọc được file cũ TV2: 'date'
[2025-10-07T13:38:51.279+0000] {logging_mixin.py:190} INFO - TV2: trích dữ liệu từ 2025-10-04 đến 2025-10-07
[2025-10-07T13:38:53.661+0000] {logging_mixin.py:190} INFO - Trích xuất 2 dòng mới cho TV2
[2025-10-07T13:38:53.667+0000] {logging_mixin.py:190} INFO - Append 2 dòng mới vào /opt/***/data/lake/TV2.csv
[2025-10-07T13:38:53.667+0000] {logging_mixin.py:190} INFO - ✅ Hoàn tất TV2, thêm 2 dòng mới.
[2025-10-07T13:38:55.668+0000] {logging_mixin.py:190} INFO - 🚦 Giới hạn API đạt mức tối đa, chờ 1.1s...
[2025-10-07T13:38:56.812+0000] {logging_mixin.py:190} INFO - ⬇️ Bắt đầu xử lý symbol = TV1
[2025-10-07T13:38:56.820+0000] {logging_mixin.py:190} INFO - ⚠️ Không đọc được file cũ TV1: 'date'
[2025-10-07T13:38:56.826+0000] {logging_mixin.py:190} INFO - TV1: trích dữ liệu từ 2025-10-04 đến 2025-10-07
[2025-10-07T13:38:57.046+0000] {logging_mixin.py:190} INFO - Trích xuất 2 dòng mới cho TV1
[2025-10-07T13:38:57.053+0000] {logging_mixin.py:190} INFO - Append 2 dòng mới vào /opt/***/data/lake/TV1.csv
[2025-10-07T13:38:57.054+0000] {logging_mixin.py:190} INFO - ✅ Hoàn tất TV1, thêm 2 dòng mới.
[2025-10-07T13:38:59.054+0000] {logging_mixin.py:190} INFO - 🚦 Giới hạn API đạt mức tối đa, chờ 2.9s...
[2025-10-07T13:39:01.909+0000] {logging_mixin.py:190} INFO - ⬇️ Bắt đầu xử lý symbol = TUG
[2025-10-07T13:39:01.918+0000] {logging_mixin.py:190} INFO - ⚠️ Không đọc được file cũ TUG: 'date'
[2025-10-07T13:39:01.923+0000] {logging_mixin.py:190} INFO - TUG: trích dữ liệu từ 2025-10-02 đến 2025-10-07
[2025-10-07T13:39:06.855+0000] {logging_mixin.py:190} INFO - Không tìm thấy dữ liệu cho TUG
[2025-10-07T13:39:06.857+0000] {logging_mixin.py:190} INFO - ℹ️ TUG: Không có dữ liệu mới.
[2025-10-07T13:39:06.857+0000] {logging_mixin.py:190} INFO - 🚦 Giới hạn API đạt mức tối đa, chờ 34.5s...
[2025-10-07T13:39:41.228+0000] {logging_mixin.py:190} INFO - ⬇️ Bắt đầu xử lý symbol = TTZ
[2025-10-07T13:39:41.235+0000] {logging_mixin.py:190} INFO - ⚠️ Không đọc được file cũ TTZ: 'date'
[2025-10-07T13:39:41.241+0000] {logging_mixin.py:190} INFO - TTZ: trích dữ liệu từ 2024-07-26 đến 2025-10-07
[2025-10-07T13:39:47.049+0000] {logging_mixin.py:190} INFO - Không tìm thấy dữ liệu cho TTZ
[2025-10-07T13:39:47.050+0000] {logging_mixin.py:190} INFO - ℹ️ TTZ: Không có dữ liệu mới.
[2025-10-07T13:39:47.051+0000] {logging_mixin.py:190} INFO - ⬇️ Bắt đầu xử lý symbol = TTT
[2025-10-07T13:39:47.060+0000] {logging_mixin.py:190} INFO - ⚠️ Không đọc được file cũ TTT: 'date'
[2025-10-07T13:39:47.070+0000] {logging_mixin.py:190} INFO - TTT: trích dữ liệu từ 2025-10-04 đến 2025-10-07
[2025-10-07T13:39:47.298+0000] {logging_mixin.py:190} INFO - Trích xuất 1 dòng mới cho TTT
[2025-10-07T13:39:47.305+0000] {logging_mixin.py:190} INFO - Append 1 dòng mới vào /opt/***/data/lake/TTT.csv
[2025-10-07T13:39:47.306+0000] {logging_mixin.py:190} INFO - ✅ Hoàn tất TTT, thêm 1 dòng mới.
[2025-10-07T13:39:49.306+0000] {logging_mixin.py:190} INFO - 🚦 Giới hạn API đạt mức tối đa, chờ 2.0s...
[2025-10-07T13:39:51.116+0000] {logging_mixin.py:190} INFO - ⬇️ Bắt đầu xử lý symbol = TTS
[2025-10-07T13:39:51.125+0000] {logging_mixin.py:190} INFO - ⚠️ Không đọc được file cũ TTS: 'date'
[2025-10-07T13:39:51.132+0000] {logging_mixin.py:190} INFO - TTS: trích dữ liệu từ 2025-08-22 đến 2025-10-07
[2025-10-07T13:39:55.730+0000] {logging_mixin.py:190} INFO - Không tìm thấy dữ liệu cho TTS
[2025-10-07T13:39:55.731+0000] {logging_mixin.py:190} INFO - ℹ️ TTS: Không có dữ liệu mới.
[2025-10-07T13:39:55.732+0000] {logging_mixin.py:190} INFO - 🚦 Giới hạn API đạt mức tối đa, chờ 1.1s...
[2025-10-07T13:39:56.812+0000] {logging_mixin.py:190} INFO - ⬇️ Bắt đầu xử lý symbol = TTP
[2025-10-07T13:39:56.829+0000] {logging_mixin.py:190} INFO - ⚠️ Không đọc được file cũ TTP: 'date'
[2025-10-07T13:39:56.837+0000] {logging_mixin.py:190} INFO - TTP: trích dữ liệu từ 2025-01-08 đến 2025-10-07
[2025-10-07T13:40:01.549+0000] {logging_mixin.py:190} INFO - Không tìm thấy dữ liệu cho TTP
[2025-10-07T13:40:01.551+0000] {logging_mixin.py:190} INFO - ℹ️ TTP: Không có dữ liệu mới.
[2025-10-07T13:40:01.552+0000] {logging_mixin.py:190} INFO - 🚦 Giới hạn API đạt mức tối đa, chờ 0.4s...
[2025-10-07T13:40:01.909+0000] {logging_mixin.py:190} INFO - ⬇️ Bắt đầu xử lý symbol = TTN
[2025-10-07T13:40:01.929+0000] {logging_mixin.py:190} INFO - ⚠️ Không đọc được file cũ TTN: 'date'
[2025-10-07T13:40:01.938+0000] {logging_mixin.py:190} INFO - TTN: trích dữ liệu từ 2025-10-04 đến 2025-10-07
[2025-10-07T13:40:02.235+0000] {logging_mixin.py:190} INFO - Trích xuất 2 dòng mới cho TTN
[2025-10-07T13:40:02.245+0000] {logging_mixin.py:190} INFO - Append 2 dòng mới vào /opt/***/data/lake/TTN.csv
[2025-10-07T13:40:02.246+0000] {logging_mixin.py:190} INFO - ✅ Hoàn tất TTN, thêm 2 dòng mới.
[2025-10-07T13:40:04.247+0000] {logging_mixin.py:190} INFO - 🚦 Giới hạn API đạt mức tối đa, chờ 37.0s...
[2025-10-07T13:40:41.078+0000] {logging_mixin.py:190} INFO - ⬇️ Bắt đầu xử lý symbol = TTL
[2025-10-07T13:40:41.095+0000] {logging_mixin.py:190} INFO - ⚠️ Không đọc được file cũ TTL: 'date'
[2025-10-07T13:40:41.102+0000] {logging_mixin.py:190} INFO - TTL: trích dữ liệu từ 2025-10-04 đến 2025-10-07
[2025-10-07T13:40:41.253+0000] {logging_mixin.py:190} INFO - Trích xuất 1 dòng mới cho TTL
[2025-10-07T13:40:41.259+0000] {logging_mixin.py:190} INFO - Append 1 dòng mới vào /opt/***/data/lake/TTL.csv
[2025-10-07T13:40:41.259+0000] {logging_mixin.py:190} INFO - ✅ Hoàn tất TTL, thêm 1 dòng mới.
[2025-10-07T13:40:43.260+0000] {logging_mixin.py:190} INFO - 🚦 Giới hạn API đạt mức tối đa, chờ 3.8s...
[2025-10-07T13:40:47.052+0000] {logging_mixin.py:190} INFO - ⬇️ Bắt đầu xử lý symbol = TTH
[2025-10-07T13:40:47.074+0000] {logging_mixin.py:190} INFO - ⚠️ Không đọc được file cũ TTH: 'date'
[2025-10-07T13:40:47.082+0000] {logging_mixin.py:190} INFO - TTH: trích dữ liệu từ 2025-10-04 đến 2025-10-07
[2025-10-07T13:40:47.339+0000] {logging_mixin.py:190} INFO - Trích xuất 2 dòng mới cho TTH
[2025-10-07T13:40:47.347+0000] {logging_mixin.py:190} INFO - Append 2 dòng mới vào /opt/***/data/lake/TTH.csv
[2025-10-07T13:40:47.348+0000] {logging_mixin.py:190} INFO - ✅ Hoàn tất TTH, thêm 2 dòng mới.
[2025-10-07T13:40:49.348+0000] {logging_mixin.py:190} INFO - 🚦 Giới hạn API đạt mức tối đa, chờ 1.8s...
[2025-10-07T13:40:50.969+0000] {logging_mixin.py:190} INFO - ⬇️ Bắt đầu xử lý symbol = TTG
[2025-10-07T13:40:51.003+0000] {logging_mixin.py:190} INFO - ⚠️ Không đọc được file cũ TTG: 'date'
[2025-10-07T13:40:51.008+0000] {logging_mixin.py:190} INFO - TTG: trích dữ liệu từ 2025-09-25 đến 2025-10-07
[2025-10-07T13:40:55.592+0000] {logging_mixin.py:190} INFO - Không tìm thấy dữ liệu cho TTG
[2025-10-07T13:40:55.593+0000] {logging_mixin.py:190} INFO - ℹ️ TTG: Không có dữ liệu mới.
[2025-10-07T13:40:55.594+0000] {logging_mixin.py:190} INFO - 🚦 Giới hạn API đạt mức tối đa, chờ 1.2s...
[2025-10-07T13:40:56.813+0000] {logging_mixin.py:190} INFO - ⬇️ Bắt đầu xử lý symbol = TTF
[2025-10-07T13:40:56.830+0000] {logging_mixin.py:190} INFO - ⚠️ Không đọc được file cũ TTF: 'date'
[2025-10-07T13:40:56.838+0000] {logging_mixin.py:190} INFO - TTF: trích dữ liệu từ 2025-10-04 đến 2025-10-07
[2025-10-07T13:40:57.028+0000] {logging_mixin.py:190} INFO - Trích xuất 2 dòng mới cho TTF
[2025-10-07T13:40:57.036+0000] {logging_mixin.py:190} INFO - Append 2 dòng mới vào /opt/***/data/lake/TTF.csv
[2025-10-07T13:40:57.036+0000] {logging_mixin.py:190} INFO - ✅ Hoàn tất TTF, thêm 2 dòng mới.
[2025-10-07T13:40:59.037+0000] {logging_mixin.py:190} INFO - 🚦 Giới hạn API đạt mức tối đa, chờ 2.9s...
[2025-10-07T13:41:01.910+0000] {logging_mixin.py:190} INFO - ⬇️ Bắt đầu xử lý symbol = TTE
[2025-10-07T13:41:01.928+0000] {logging_mixin.py:190} INFO - ⚠️ Không đọc được file cũ TTE: 'date'
[2025-10-07T13:41:01.936+0000] {logging_mixin.py:190} INFO - TTE: trích dữ liệu từ 2025-09-18 đến 2025-10-07
[2025-10-07T13:41:06.522+0000] {logging_mixin.py:190} INFO - Không tìm thấy dữ liệu cho TTE
[2025-10-07T13:41:06.524+0000] {logging_mixin.py:190} INFO - ℹ️ TTE: Không có dữ liệu mới.
[2025-10-07T13:41:06.525+0000] {logging_mixin.py:190} INFO - 🚦 Giới hạn API đạt mức tối đa, chờ 34.6s...
[2025-10-07T13:41:40.930+0000] {logging_mixin.py:190} INFO - ⬇️ Bắt đầu xử lý symbol = TTD
[2025-10-07T13:41:40.945+0000] {logging_mixin.py:190} INFO - ⚠️ Không đọc được file cũ TTD: 'date'
[2025-10-07T13:41:40.951+0000] {logging_mixin.py:190} INFO - TTD: trích dữ liệu từ 2025-09-25 đến 2025-10-07
[2025-10-07T13:41:46.612+0000] {logging_mixin.py:190} INFO - Không tìm thấy dữ liệu cho TTD
[2025-10-07T13:41:46.613+0000] {logging_mixin.py:190} INFO - ℹ️ TTD: Không có dữ liệu mới.
[2025-10-07T13:41:46.614+0000] {logging_mixin.py:190} INFO - 🚦 Giới hạn API đạt mức tối đa, chờ 0.4s...
[2025-10-07T13:41:47.053+0000] {logging_mixin.py:190} INFO - ⬇️ Bắt đầu xử lý symbol = TTC
[2025-10-07T13:41:47.069+0000] {logging_mixin.py:190} INFO - ⚠️ Không đọc được file cũ TTC: 'date'
[2025-10-07T13:41:47.076+0000] {logging_mixin.py:190} INFO - TTC: trích dữ liệu từ 2025-10-03 đến 2025-10-07
[2025-10-07T13:41:47.259+0000] {logging_mixin.py:190} INFO - Trích xuất 2 dòng mới cho TTC
[2025-10-07T13:41:47.264+0000] {logging_mixin.py:190} INFO - Append 2 dòng mới vào /opt/***/data/lake/TTC.csv
[2025-10-07T13:41:47.265+0000] {logging_mixin.py:190} INFO - ✅ Hoàn tất TTC, thêm 2 dòng mới.
[2025-10-07T13:41:49.266+0000] {logging_mixin.py:190} INFO - 🚦 Giới hạn API đạt mức tối đa, chờ 1.7s...
[2025-10-07T13:41:50.815+0000] {logging_mixin.py:190} INFO - ⬇️ Bắt đầu xử lý symbol = TTB
[2025-10-07T13:41:50.832+0000] {logging_mixin.py:190} INFO - ⚠️ Không đọc được file cũ TTB: 'date'
[2025-10-07T13:41:50.838+0000] {logging_mixin.py:190} INFO - TTB: trích dữ liệu từ 2024-07-26 đến 2025-10-07
[2025-10-07T13:41:55.527+0000] {logging_mixin.py:190} INFO - Không tìm thấy dữ liệu cho TTB
[2025-10-07T13:41:55.529+0000] {logging_mixin.py:190} INFO - ℹ️ TTB: Không có dữ liệu mới.
[2025-10-07T13:41:55.530+0000] {logging_mixin.py:190} INFO - 🚦 Giới hạn API đạt mức tối đa, chờ 1.3s...
[2025-10-07T13:41:56.815+0000] {logging_mixin.py:190} INFO - ⬇️ Bắt đầu xử lý symbol = TTA
[2025-10-07T13:41:56.834+0000] {logging_mixin.py:190} INFO - ⚠️ Không đọc được file cũ TTA: 'date'
[2025-10-07T13:41:56.841+0000] {logging_mixin.py:190} INFO - TTA: trích dữ liệu từ 2025-10-04 đến 2025-10-07
[2025-10-07T13:41:57.064+0000] {logging_mixin.py:190} INFO - Trích xuất 2 dòng mới cho TTA
[2025-10-07T13:41:57.070+0000] {logging_mixin.py:190} INFO - Append 2 dòng mới vào /opt/***/data/lake/TTA.csv
[2025-10-07T13:41:57.070+0000] {logging_mixin.py:190} INFO - ✅ Hoàn tất TTA, thêm 2 dòng mới.
[2025-10-07T13:41:59.071+0000] {logging_mixin.py:190} INFO - 🚦 Giới hạn API đạt mức tối đa, chờ 2.8s...
[2025-10-07T13:42:01.912+0000] {logging_mixin.py:190} INFO - ⬇️ Bắt đầu xử lý symbol = TT6
[2025-10-07T13:42:01.939+0000] {logging_mixin.py:190} INFO - ⚠️ Không đọc được file cũ TT6: 'date'
[2025-10-07T13:42:01.945+0000] {logging_mixin.py:190} INFO - TT6: trích dữ liệu từ 2025-10-04 đến 2025-10-07
[2025-10-07T13:42:02.197+0000] {logging_mixin.py:190} INFO - Trích xuất 2 dòng mới cho TT6
[2025-10-07T13:42:02.203+0000] {logging_mixin.py:190} INFO - Append 2 dòng mới vào /opt/***/data/lake/TT6.csv
[2025-10-07T13:42:02.203+0000] {logging_mixin.py:190} INFO - ✅ Hoàn tất TT6, thêm 2 dòng mới.
[2025-10-07T13:42:04.205+0000] {python.py:240} INFO - Done. Returned value was: None
[2025-10-07T13:42:04.214+0000] {taskinstance.py:341} INFO - ::group::Post task execution logs
[2025-10-07T13:42:04.215+0000] {taskinstance.py:353} INFO - Marking task as SUCCESS. dag_id=vnstock_weekly_etl_incremental, task_id=process_batch, run_id=manual__2025-10-07T10:44:44.201464+00:00, map_index=4, execution_date=20251007T104444, start_date=20251007T133241, end_date=20251007T134204
[2025-10-07T13:42:04.288+0000] {local_task_job_runner.py:266} INFO - Task exited with return code 0
[2025-10-07T13:42:04.431+0000] {taskinstance.py:3901} INFO - 0 downstream tasks scheduled from follow-on schedule check
[2025-10-07T13:42:04.434+0000] {local_task_job_runner.py:245} INFO - ::endgroup::
