[2025-10-07T10:17:22.892+0000] {local_task_job_runner.py:123} INFO - ::group::Pre task execution logs
[2025-10-07T10:17:22.981+0000] {taskinstance.py:2614} INFO - Dependencies all met for dep_context=non-requeueable deps ti=<TaskInstance: vnstock_weekly_etl_incremental.process_batch manual__2025-10-07T10:16:29.686945+00:00 map_index=24 [queued]>
[2025-10-07T10:17:23.024+0000] {taskinstance.py:2614} INFO - Dependencies all met for dep_context=requeueable deps ti=<TaskInstance: vnstock_weekly_etl_incremental.process_batch manual__2025-10-07T10:16:29.686945+00:00 map_index=24 [queued]>
[2025-10-07T10:17:23.030+0000] {taskinstance.py:2867} INFO - Starting attempt 1 of 3
[2025-10-07T10:17:23.534+0000] {taskinstance.py:2890} INFO - Executing <Mapped(_PythonDecoratedOperator): process_batch> on 2025-10-07 10:16:29.686945+00:00
[2025-10-07T10:17:23.569+0000] {logging_mixin.py:190} WARNING - /home/***/.local/lib/python3.12/site-packages/***/task/task_runner/standard_task_runner.py:70 DeprecationWarning: This process (pid=962) is multi-threaded, use of fork() may lead to deadlocks in the child.
[2025-10-07T10:17:23.573+0000] {standard_task_runner.py:72} INFO - Started process 1152 to run task
[2025-10-07T10:17:23.592+0000] {standard_task_runner.py:104} INFO - Running: ['***', 'tasks', 'run', 'vnstock_weekly_etl_incremental', 'process_batch', 'manual__2025-10-07T10:16:29.686945+00:00', '--job-id', '69', '--raw', '--subdir', 'DAGS_FOLDER/dag.py', '--cfg-path', '/tmp/tmp9i40fakl', '--map-index', '24']
[2025-10-07T10:17:23.595+0000] {standard_task_runner.py:105} INFO - Job 69: Subtask process_batch
[2025-10-07T10:17:23.656+0000] {logging_mixin.py:190} WARNING - /home/***/.local/lib/python3.12/site-packages/***/settings.py:209 DeprecationWarning: The sql_alchemy_conn option in [core] has been moved to the sql_alchemy_conn option in [database] - the old setting has been used, but please update your config.
[2025-10-07T10:17:25.231+0000] {task_command.py:467} INFO - Running <TaskInstance: vnstock_weekly_etl_incremental.process_batch manual__2025-10-07T10:16:29.686945+00:00 map_index=24 [running]> on host e3278e0f0bbc
[2025-10-07T10:17:25.931+0000] {taskinstance.py:3134} INFO - Exporting env vars: AIRFLOW_CTX_DAG_OWNER='***' AIRFLOW_CTX_DAG_ID='vnstock_weekly_etl_incremental' AIRFLOW_CTX_TASK_ID='process_batch' AIRFLOW_CTX_EXECUTION_DATE='2025-10-07T10:16:29.686945+00:00' AIRFLOW_CTX_TRY_NUMBER='1' AIRFLOW_CTX_DAG_RUN_ID='manual__2025-10-07T10:16:29.686945+00:00'
[2025-10-07T10:17:25.939+0000] {taskinstance.py:732} INFO - ::endgroup::
[2025-10-07T10:17:25.954+0000] {logging_mixin.py:190} INFO - ⚠️ Lỗi khi xử lý GMC: 'Limiter' object has no attribute 'ratelimit'
[2025-10-07T10:17:25.959+0000] {logging_mixin.py:190} INFO - ⚠️ Lỗi khi xử lý GMA: 'Limiter' object has no attribute 'ratelimit'
[2025-10-07T10:17:25.967+0000] {logging_mixin.py:190} INFO - ⚠️ Lỗi khi xử lý GLW: 'Limiter' object has no attribute 'ratelimit'
[2025-10-07T10:17:25.974+0000] {logging_mixin.py:190} INFO - ⚠️ Lỗi khi xử lý GLT: 'Limiter' object has no attribute 'ratelimit'
[2025-10-07T10:17:25.981+0000] {logging_mixin.py:190} INFO - ⚠️ Lỗi khi xử lý GLC: 'Limiter' object has no attribute 'ratelimit'
[2025-10-07T10:17:25.987+0000] {logging_mixin.py:190} INFO - ⚠️ Lỗi khi xử lý GKM: 'Limiter' object has no attribute 'ratelimit'
[2025-10-07T10:17:25.988+0000] {logging_mixin.py:190} INFO - ⚠️ Lỗi khi xử lý GIL: 'Limiter' object has no attribute 'ratelimit'
[2025-10-07T10:17:25.988+0000] {logging_mixin.py:190} INFO - ⚠️ Lỗi khi xử lý GIC: 'Limiter' object has no attribute 'ratelimit'
[2025-10-07T10:17:25.989+0000] {logging_mixin.py:190} INFO - ⚠️ Lỗi khi xử lý GHC: 'Limiter' object has no attribute 'ratelimit'
[2025-10-07T10:17:25.990+0000] {logging_mixin.py:190} INFO - ⚠️ Lỗi khi xử lý GH3: 'Limiter' object has no attribute 'ratelimit'
[2025-10-07T10:17:25.996+0000] {logging_mixin.py:190} INFO - ⚠️ Lỗi khi xử lý GGG: 'Limiter' object has no attribute 'ratelimit'
[2025-10-07T10:17:25.998+0000] {logging_mixin.py:190} INFO - ⚠️ Lỗi khi xử lý GEX: 'Limiter' object has no attribute 'ratelimit'
[2025-10-07T10:17:26.000+0000] {logging_mixin.py:190} INFO - ⚠️ Lỗi khi xử lý GER: 'Limiter' object has no attribute 'ratelimit'
[2025-10-07T10:17:26.001+0000] {logging_mixin.py:190} INFO - ⚠️ Lỗi khi xử lý GEG: 'Limiter' object has no attribute 'ratelimit'
[2025-10-07T10:17:26.004+0000] {logging_mixin.py:190} INFO - ⚠️ Lỗi khi xử lý GEE: 'Limiter' object has no attribute 'ratelimit'
[2025-10-07T10:17:26.005+0000] {logging_mixin.py:190} INFO - ⚠️ Lỗi khi xử lý GE2: 'Limiter' object has no attribute 'ratelimit'
[2025-10-07T10:17:26.005+0000] {logging_mixin.py:190} INFO - ⚠️ Lỗi khi xử lý GDW: 'Limiter' object has no attribute 'ratelimit'
[2025-10-07T10:17:26.006+0000] {logging_mixin.py:190} INFO - ⚠️ Lỗi khi xử lý GDT: 'Limiter' object has no attribute 'ratelimit'
[2025-10-07T10:17:26.007+0000] {logging_mixin.py:190} INFO - ⚠️ Lỗi khi xử lý GDA: 'Limiter' object has no attribute 'ratelimit'
[2025-10-07T10:17:26.009+0000] {logging_mixin.py:190} INFO - ⚠️ Lỗi khi xử lý GCF: 'Limiter' object has no attribute 'ratelimit'
[2025-10-07T10:17:26.015+0000] {logging_mixin.py:190} INFO - ⚠️ Lỗi khi xử lý GCB: 'Limiter' object has no attribute 'ratelimit'
[2025-10-07T10:17:26.017+0000] {logging_mixin.py:190} INFO - ⚠️ Lỗi khi xử lý GAS: 'Limiter' object has no attribute 'ratelimit'
[2025-10-07T10:17:26.020+0000] {logging_mixin.py:190} INFO - ⚠️ Lỗi khi xử lý GAB: 'Limiter' object has no attribute 'ratelimit'
[2025-10-07T10:17:26.035+0000] {logging_mixin.py:190} INFO - ⚠️ Lỗi khi xử lý G36: 'Limiter' object has no attribute 'ratelimit'
[2025-10-07T10:17:26.039+0000] {logging_mixin.py:190} INFO - ⚠️ Lỗi khi xử lý G20: 'Limiter' object has no attribute 'ratelimit'
[2025-10-07T10:17:26.040+0000] {logging_mixin.py:190} INFO - ⚠️ Lỗi khi xử lý FTS: 'Limiter' object has no attribute 'ratelimit'
[2025-10-07T10:17:26.041+0000] {logging_mixin.py:190} INFO - ⚠️ Lỗi khi xử lý FTM: 'Limiter' object has no attribute 'ratelimit'
[2025-10-07T10:17:26.041+0000] {logging_mixin.py:190} INFO - ⚠️ Lỗi khi xử lý FTI: 'Limiter' object has no attribute 'ratelimit'
[2025-10-07T10:17:26.042+0000] {logging_mixin.py:190} INFO - ⚠️ Lỗi khi xử lý FT1: 'Limiter' object has no attribute 'ratelimit'
[2025-10-07T10:17:26.047+0000] {logging_mixin.py:190} INFO - ⚠️ Lỗi khi xử lý FSO: 'Limiter' object has no attribute 'ratelimit'
[2025-10-07T10:17:26.054+0000] {logging_mixin.py:190} INFO - ⚠️ Lỗi khi xử lý FRT: 'Limiter' object has no attribute 'ratelimit'
[2025-10-07T10:17:26.056+0000] {logging_mixin.py:190} INFO - ⚠️ Lỗi khi xử lý FRM: 'Limiter' object has no attribute 'ratelimit'
[2025-10-07T10:17:26.059+0000] {logging_mixin.py:190} INFO - ⚠️ Lỗi khi xử lý FRC: 'Limiter' object has no attribute 'ratelimit'
[2025-10-07T10:17:26.060+0000] {logging_mixin.py:190} INFO - ⚠️ Lỗi khi xử lý FPT: 'Limiter' object has no attribute 'ratelimit'
[2025-10-07T10:17:26.061+0000] {logging_mixin.py:190} INFO - ⚠️ Lỗi khi xử lý FOX: 'Limiter' object has no attribute 'ratelimit'
[2025-10-07T10:17:26.067+0000] {logging_mixin.py:190} INFO - ⚠️ Lỗi khi xử lý FOC: 'Limiter' object has no attribute 'ratelimit'
[2025-10-07T10:17:26.070+0000] {logging_mixin.py:190} INFO - ⚠️ Lỗi khi xử lý FMC: 'Limiter' object has no attribute 'ratelimit'
[2025-10-07T10:17:26.071+0000] {logging_mixin.py:190} INFO - ⚠️ Lỗi khi xử lý FLC: 'Limiter' object has no attribute 'ratelimit'
[2025-10-07T10:17:26.071+0000] {logging_mixin.py:190} INFO - ⚠️ Lỗi khi xử lý FIT: 'Limiter' object has no attribute 'ratelimit'
[2025-10-07T10:17:26.072+0000] {logging_mixin.py:190} INFO - ⚠️ Lỗi khi xử lý FIR: 'Limiter' object has no attribute 'ratelimit'
[2025-10-07T10:17:26.073+0000] {logging_mixin.py:190} INFO - ⚠️ Lỗi khi xử lý FID: 'Limiter' object has no attribute 'ratelimit'
[2025-10-07T10:17:26.074+0000] {logging_mixin.py:190} INFO - ⚠️ Lỗi khi xử lý FIC: 'Limiter' object has no attribute 'ratelimit'
[2025-10-07T10:17:26.075+0000] {logging_mixin.py:190} INFO - ⚠️ Lỗi khi xử lý FHS: 'Limiter' object has no attribute 'ratelimit'
[2025-10-07T10:17:26.075+0000] {logging_mixin.py:190} INFO - ⚠️ Lỗi khi xử lý FHN: 'Limiter' object has no attribute 'ratelimit'
[2025-10-07T10:17:26.076+0000] {logging_mixin.py:190} INFO - ⚠️ Lỗi khi xử lý FGL: 'Limiter' object has no attribute 'ratelimit'
[2025-10-07T10:17:26.076+0000] {logging_mixin.py:190} INFO - ⚠️ Lỗi khi xử lý FDG: 'Limiter' object has no attribute 'ratelimit'
[2025-10-07T10:17:26.079+0000] {logging_mixin.py:190} INFO - ⚠️ Lỗi khi xử lý FDC: 'Limiter' object has no attribute 'ratelimit'
[2025-10-07T10:17:26.085+0000] {logging_mixin.py:190} INFO - ⚠️ Lỗi khi xử lý FCS: 'Limiter' object has no attribute 'ratelimit'
[2025-10-07T10:17:26.091+0000] {logging_mixin.py:190} INFO - ⚠️ Lỗi khi xử lý FCN: 'Limiter' object has no attribute 'ratelimit'
[2025-10-07T10:17:26.092+0000] {logging_mixin.py:190} INFO - ⚠️ Lỗi khi xử lý FCM: 'Limiter' object has no attribute 'ratelimit'
[2025-10-07T10:17:26.093+0000] {python.py:240} INFO - Done. Returned value was: None
[2025-10-07T10:17:26.132+0000] {taskinstance.py:341} INFO - ::group::Post task execution logs
[2025-10-07T10:17:26.134+0000] {taskinstance.py:353} INFO - Marking task as SUCCESS. dag_id=vnstock_weekly_etl_incremental, task_id=process_batch, run_id=manual__2025-10-07T10:16:29.686945+00:00, map_index=24, execution_date=20251007T101629, start_date=20251007T101722, end_date=20251007T101726
[2025-10-07T10:17:26.276+0000] {local_task_job_runner.py:266} INFO - Task exited with return code 0
[2025-10-07T10:17:26.309+0000] {local_task_job_runner.py:245} INFO - ::endgroup::
