[2025-10-07T10:36:22.267+0000] {local_task_job_runner.py:123} INFO - ::group::Pre task execution logs
[2025-10-07T10:36:22.431+0000] {taskinstance.py:2614} INFO - Dependencies all met for dep_context=non-requeueable deps ti=<TaskInstance: vnstock_weekly_etl_incremental.process_batch manual__2025-10-07T10:36:05.597506+00:00 map_index=14 [queued]>
[2025-10-07T10:36:22.475+0000] {taskinstance.py:2614} INFO - Dependencies all met for dep_context=requeueable deps ti=<TaskInstance: vnstock_weekly_etl_incremental.process_batch manual__2025-10-07T10:36:05.597506+00:00 map_index=14 [queued]>
[2025-10-07T10:36:22.476+0000] {taskinstance.py:2867} INFO - Starting attempt 1 of 3
[2025-10-07T10:36:22.548+0000] {taskinstance.py:2890} INFO - Executing <Mapped(_PythonDecoratedOperator): process_batch> on 2025-10-07 10:36:05.597506+00:00
[2025-10-07T10:36:22.650+0000] {standard_task_runner.py:104} INFO - Running: ['***', 'tasks', 'run', 'vnstock_weekly_etl_incremental', 'process_batch', 'manual__2025-10-07T10:36:05.597506+00:00', '--job-id', '90', '--raw', '--subdir', 'DAGS_FOLDER/dag.py', '--cfg-path', '/tmp/tmpji928rpj', '--map-index', '14']
[2025-10-07T10:36:22.682+0000] {standard_task_runner.py:105} INFO - Job 90: Subtask process_batch
[2025-10-07T10:36:22.652+0000] {logging_mixin.py:190} WARNING - /home/***/.local/lib/python3.12/site-packages/***/task/task_runner/standard_task_runner.py:70 DeprecationWarning: This process (pid=2689) is multi-threaded, use of fork() may lead to deadlocks in the child.
[2025-10-07T10:36:22.729+0000] {standard_task_runner.py:72} INFO - Started process 2879 to run task
[2025-10-07T10:36:22.759+0000] {logging_mixin.py:190} WARNING - /home/***/.local/lib/python3.12/site-packages/***/settings.py:209 DeprecationWarning: The sql_alchemy_conn option in [core] has been moved to the sql_alchemy_conn option in [database] - the old setting has been used, but please update your config.
[2025-10-07T10:36:23.629+0000] {task_command.py:467} INFO - Running <TaskInstance: vnstock_weekly_etl_incremental.process_batch manual__2025-10-07T10:36:05.597506+00:00 map_index=14 [running]> on host e3278e0f0bbc
[2025-10-07T10:36:24.771+0000] {taskinstance.py:3134} INFO - Exporting env vars: AIRFLOW_CTX_DAG_OWNER='***' AIRFLOW_CTX_DAG_ID='vnstock_weekly_etl_incremental' AIRFLOW_CTX_TASK_ID='process_batch' AIRFLOW_CTX_EXECUTION_DATE='2025-10-07T10:36:05.597506+00:00' AIRFLOW_CTX_TRY_NUMBER='1' AIRFLOW_CTX_DAG_RUN_ID='manual__2025-10-07T10:36:05.597506+00:00'
[2025-10-07T10:36:24.785+0000] {taskinstance.py:732} INFO - ::endgroup::
[2025-10-07T10:36:24.813+0000] {logging_mixin.py:190} INFO - ⬇️ Xử lý symbol = PGN
[2025-10-07T10:36:25.016+0000] {logging_mixin.py:190} INFO - PGN: trích dữ liệu từ 2025-10-04 đến 2025-10-07
[2025-10-07T10:36:26.106+0000] {logging_mixin.py:190} INFO - Trích xuất 2 dòng mới cho PGN
[2025-10-07T10:36:26.171+0000] {logging_mixin.py:190} INFO - Append 2 dòng mới vào /opt/***/data/lake/PGN.csv
[2025-10-07T10:36:28.176+0000] {logging_mixin.py:190} INFO - ⬇️ Xử lý symbol = PGI
[2025-10-07T10:36:28.457+0000] {logging_mixin.py:190} INFO - PGI: trích dữ liệu từ 2025-10-04 đến 2025-10-07
[2025-10-07T10:36:28.819+0000] {logging_mixin.py:190} INFO - Trích xuất 2 dòng mới cho PGI
[2025-10-07T10:36:28.845+0000] {logging_mixin.py:190} INFO - Append 2 dòng mới vào /opt/***/data/lake/PGI.csv
[2025-10-07T10:36:30.847+0000] {logging_mixin.py:190} INFO - ⬇️ Xử lý symbol = PGD
[2025-10-07T10:36:30.868+0000] {logging_mixin.py:190} INFO - PGD: trích dữ liệu từ 2025-10-04 đến 2025-10-07
[2025-10-07T10:36:31.044+0000] {logging_mixin.py:190} INFO - Trích xuất 1 dòng mới cho PGD
[2025-10-07T10:36:31.052+0000] {logging_mixin.py:190} INFO - Append 1 dòng mới vào /opt/***/data/lake/PGD.csv
[2025-10-07T10:36:33.053+0000] {logging_mixin.py:190} INFO - ⬇️ Xử lý symbol = PGC
[2025-10-07T10:36:33.074+0000] {logging_mixin.py:190} INFO - PGC: trích dữ liệu từ 2025-10-04 đến 2025-10-07
[2025-10-07T10:36:33.243+0000] {logging_mixin.py:190} INFO - Trích xuất 2 dòng mới cho PGC
[2025-10-07T10:36:33.249+0000] {logging_mixin.py:190} INFO - Append 2 dòng mới vào /opt/***/data/lake/PGC.csv
[2025-10-07T10:36:35.250+0000] {logging_mixin.py:190} INFO - ⬇️ Xử lý symbol = PGB
[2025-10-07T10:36:35.274+0000] {logging_mixin.py:190} INFO - PGB: trích dữ liệu từ 2025-10-04 đến 2025-10-07
[2025-10-07T10:36:35.448+0000] {logging_mixin.py:190} INFO - Trích xuất 2 dòng mới cho PGB
[2025-10-07T10:36:35.457+0000] {logging_mixin.py:190} INFO - Append 2 dòng mới vào /opt/***/data/lake/PGB.csv
[2025-10-07T10:36:37.459+0000] {logging_mixin.py:190} INFO - ⚠️ Lỗi khi xử lý PFL: Bucket for item=vnstock with Rate limit=5/1.0m is already full
[2025-10-07T10:36:37.460+0000] {logging_mixin.py:190} INFO - ⚠️ Lỗi khi xử lý PET: Bucket for item=vnstock with Rate limit=5/1.0m is already full
[2025-10-07T10:36:37.460+0000] {logging_mixin.py:190} INFO - ⚠️ Lỗi khi xử lý PEQ: Bucket for item=vnstock with Rate limit=5/1.0m is already full
[2025-10-07T10:36:37.461+0000] {logging_mixin.py:190} INFO - ⚠️ Lỗi khi xử lý PEN: Bucket for item=vnstock with Rate limit=5/1.0m is already full
[2025-10-07T10:36:37.462+0000] {logging_mixin.py:190} INFO - ⚠️ Lỗi khi xử lý PEG: Bucket for item=vnstock with Rate limit=5/1.0m is already full
[2025-10-07T10:36:37.462+0000] {logging_mixin.py:190} INFO - ⚠️ Lỗi khi xử lý PEC: Bucket for item=vnstock with Rate limit=5/1.0m is already full
[2025-10-07T10:36:37.463+0000] {logging_mixin.py:190} INFO - ⚠️ Lỗi khi xử lý PDV: Bucket for item=vnstock with Rate limit=5/1.0m is already full
[2025-10-07T10:36:37.464+0000] {logging_mixin.py:190} INFO - ⚠️ Lỗi khi xử lý PDT: Bucket for item=vnstock with Rate limit=5/1.0m is already full
[2025-10-07T10:36:37.464+0000] {logging_mixin.py:190} INFO - ⚠️ Lỗi khi xử lý PDR: Bucket for item=vnstock with Rate limit=5/1.0m is already full
[2025-10-07T10:36:37.465+0000] {logging_mixin.py:190} INFO - ⚠️ Lỗi khi xử lý PDN: Bucket for item=vnstock with Rate limit=5/1.0m is already full
[2025-10-07T10:36:37.465+0000] {logging_mixin.py:190} INFO - ⚠️ Lỗi khi xử lý PDC: Bucket for item=vnstock with Rate limit=5/1.0m is already full
[2025-10-07T10:36:37.466+0000] {logging_mixin.py:190} INFO - ⚠️ Lỗi khi xử lý PDB: Bucket for item=vnstock with Rate limit=5/1.0m is already full
[2025-10-07T10:36:37.466+0000] {logging_mixin.py:190} INFO - ⚠️ Lỗi khi xử lý PCT: Bucket for item=vnstock with Rate limit=5/1.0m is already full
[2025-10-07T10:36:37.466+0000] {logging_mixin.py:190} INFO - ⚠️ Lỗi khi xử lý PCN: Bucket for item=vnstock with Rate limit=5/1.0m is already full
[2025-10-07T10:36:37.467+0000] {logging_mixin.py:190} INFO - ⚠️ Lỗi khi xử lý PCM: Bucket for item=vnstock with Rate limit=5/1.0m is already full
[2025-10-07T10:36:37.467+0000] {logging_mixin.py:190} INFO - ⚠️ Lỗi khi xử lý PCH: Bucket for item=vnstock with Rate limit=5/1.0m is already full
[2025-10-07T10:36:37.469+0000] {logging_mixin.py:190} INFO - ⚠️ Lỗi khi xử lý PCG: Bucket for item=vnstock with Rate limit=5/1.0m is already full
[2025-10-07T10:36:37.470+0000] {logging_mixin.py:190} INFO - ⚠️ Lỗi khi xử lý PCF: Bucket for item=vnstock with Rate limit=5/1.0m is already full
[2025-10-07T10:36:37.470+0000] {logging_mixin.py:190} INFO - ⚠️ Lỗi khi xử lý PCE: Bucket for item=vnstock with Rate limit=5/1.0m is already full
[2025-10-07T10:36:37.471+0000] {logging_mixin.py:190} INFO - ⚠️ Lỗi khi xử lý PCC: Bucket for item=vnstock with Rate limit=5/1.0m is already full
[2025-10-07T10:36:37.471+0000] {logging_mixin.py:190} INFO - ⚠️ Lỗi khi xử lý PC1: Bucket for item=vnstock with Rate limit=5/1.0m is already full
[2025-10-07T10:36:37.472+0000] {logging_mixin.py:190} INFO - ⚠️ Lỗi khi xử lý PBT: Bucket for item=vnstock with Rate limit=5/1.0m is already full
[2025-10-07T10:36:37.472+0000] {logging_mixin.py:190} INFO - ⚠️ Lỗi khi xử lý PBP: Bucket for item=vnstock with Rate limit=5/1.0m is already full
[2025-10-07T10:36:37.472+0000] {logging_mixin.py:190} INFO - ⚠️ Lỗi khi xử lý PBC: Bucket for item=vnstock with Rate limit=5/1.0m is already full
[2025-10-07T10:36:37.473+0000] {logging_mixin.py:190} INFO - ⚠️ Lỗi khi xử lý PAT: Bucket for item=vnstock with Rate limit=5/1.0m is already full
[2025-10-07T10:36:37.473+0000] {logging_mixin.py:190} INFO - ⚠️ Lỗi khi xử lý PAS: Bucket for item=vnstock with Rate limit=5/1.0m is already full
[2025-10-07T10:36:37.473+0000] {logging_mixin.py:190} INFO - ⚠️ Lỗi khi xử lý PAP: Bucket for item=vnstock with Rate limit=5/1.0m is already full
[2025-10-07T10:36:37.474+0000] {logging_mixin.py:190} INFO - ⚠️ Lỗi khi xử lý PAN: Bucket for item=vnstock with Rate limit=5/1.0m is already full
[2025-10-07T10:36:37.474+0000] {logging_mixin.py:190} INFO - ⚠️ Lỗi khi xử lý PAI: Bucket for item=vnstock with Rate limit=5/1.0m is already full
[2025-10-07T10:36:37.475+0000] {logging_mixin.py:190} INFO - ⚠️ Lỗi khi xử lý PAC: Bucket for item=vnstock with Rate limit=5/1.0m is already full
[2025-10-07T10:36:37.475+0000] {logging_mixin.py:190} INFO - ⚠️ Lỗi khi xử lý ORS: Bucket for item=vnstock with Rate limit=5/1.0m is already full
[2025-10-07T10:36:37.476+0000] {logging_mixin.py:190} INFO - ⚠️ Lỗi khi xử lý OPC: Bucket for item=vnstock with Rate limit=5/1.0m is already full
[2025-10-07T10:36:37.476+0000] {logging_mixin.py:190} INFO - ⚠️ Lỗi khi xử lý ONW: Bucket for item=vnstock with Rate limit=5/1.0m is already full
[2025-10-07T10:36:37.477+0000] {logging_mixin.py:190} INFO - ⚠️ Lỗi khi xử lý ONE: Bucket for item=vnstock with Rate limit=5/1.0m is already full
[2025-10-07T10:36:37.477+0000] {logging_mixin.py:190} INFO - ⚠️ Lỗi khi xử lý OIL: Bucket for item=vnstock with Rate limit=5/1.0m is already full
[2025-10-07T10:36:37.478+0000] {logging_mixin.py:190} INFO - ⚠️ Lỗi khi xử lý OGC: Bucket for item=vnstock with Rate limit=5/1.0m is already full
[2025-10-07T10:36:37.479+0000] {logging_mixin.py:190} INFO - ⚠️ Lỗi khi xử lý ODE: Bucket for item=vnstock with Rate limit=5/1.0m is already full
[2025-10-07T10:36:37.480+0000] {logging_mixin.py:190} INFO - ⚠️ Lỗi khi xử lý OCH: Bucket for item=vnstock with Rate limit=5/1.0m is already full
[2025-10-07T10:36:37.480+0000] {logging_mixin.py:190} INFO - ⚠️ Lỗi khi xử lý OCB: Bucket for item=vnstock with Rate limit=5/1.0m is already full
[2025-10-07T10:36:37.480+0000] {logging_mixin.py:190} INFO - ⚠️ Lỗi khi xử lý NXT: Bucket for item=vnstock with Rate limit=5/1.0m is already full
[2025-10-07T10:36:37.481+0000] {logging_mixin.py:190} INFO - ⚠️ Lỗi khi xử lý NWT: Bucket for item=vnstock with Rate limit=5/1.0m is already full
[2025-10-07T10:36:37.481+0000] {logging_mixin.py:190} INFO - ⚠️ Lỗi khi xử lý NVT: Bucket for item=vnstock with Rate limit=5/1.0m is already full
[2025-10-07T10:36:37.481+0000] {logging_mixin.py:190} INFO - ⚠️ Lỗi khi xử lý NVP: Bucket for item=vnstock with Rate limit=5/1.0m is already full
[2025-10-07T10:36:37.481+0000] {logging_mixin.py:190} INFO - ⚠️ Lỗi khi xử lý NVL: Bucket for item=vnstock with Rate limit=5/1.0m is already full
[2025-10-07T10:36:37.482+0000] {logging_mixin.py:190} INFO - ⚠️ Lỗi khi xử lý NVB: Bucket for item=vnstock with Rate limit=5/1.0m is already full
[2025-10-07T10:36:37.482+0000] {python.py:240} INFO - Done. Returned value was: None
[2025-10-07T10:36:37.492+0000] {taskinstance.py:341} INFO - ::group::Post task execution logs
[2025-10-07T10:36:37.493+0000] {taskinstance.py:353} INFO - Marking task as SUCCESS. dag_id=vnstock_weekly_etl_incremental, task_id=process_batch, run_id=manual__2025-10-07T10:36:05.597506+00:00, map_index=14, execution_date=20251007T103605, start_date=20251007T103622, end_date=20251007T103637
[2025-10-07T10:36:37.569+0000] {local_task_job_runner.py:266} INFO - Task exited with return code 0
[2025-10-07T10:36:37.581+0000] {taskinstance.py:3901} INFO - 0 downstream tasks scheduled from follow-on schedule check
[2025-10-07T10:36:37.582+0000] {local_task_job_runner.py:245} INFO - ::endgroup::
