[2025-10-07T13:13:47.347+0000] {local_task_job_runner.py:123} INFO - ::group::Pre task execution logs
[2025-10-07T13:13:47.372+0000] {taskinstance.py:2614} INFO - Dependencies all met for dep_context=non-requeueable deps ti=<TaskInstance: vnstock_weekly_etl_incremental.process_batch manual__2025-10-07T10:43:54.222487+00:00 map_index=28 [queued]>
[2025-10-07T13:13:47.386+0000] {taskinstance.py:2614} INFO - Dependencies all met for dep_context=requeueable deps ti=<TaskInstance: vnstock_weekly_etl_incremental.process_batch manual__2025-10-07T10:43:54.222487+00:00 map_index=28 [queued]>
[2025-10-07T13:13:47.387+0000] {taskinstance.py:2867} INFO - Starting attempt 1 of 3
[2025-10-07T13:13:47.401+0000] {taskinstance.py:2890} INFO - Executing <Mapped(_PythonDecoratedOperator): process_batch> on 2025-10-07 10:43:54.222487+00:00
[2025-10-07T13:13:47.411+0000] {logging_mixin.py:190} WARNING - /home/***/.local/lib/python3.12/site-packages/***/task/task_runner/standard_task_runner.py:70 DeprecationWarning: This process (pid=16196) is multi-threaded, use of fork() may lead to deadlocks in the child.
[2025-10-07T13:13:47.413+0000] {standard_task_runner.py:72} INFO - Started process 16207 to run task
[2025-10-07T13:13:47.413+0000] {standard_task_runner.py:104} INFO - Running: ['***', 'tasks', 'run', 'vnstock_weekly_etl_incremental', 'process_batch', 'manual__2025-10-07T10:43:54.222487+00:00', '--job-id', '187', '--raw', '--subdir', 'DAGS_FOLDER/dag.py', '--cfg-path', '/tmp/tmp4va58t4l', '--map-index', '28']
[2025-10-07T13:13:47.418+0000] {standard_task_runner.py:105} INFO - Job 187: Subtask process_batch
[2025-10-07T13:13:47.436+0000] {logging_mixin.py:190} WARNING - /home/***/.local/lib/python3.12/site-packages/***/settings.py:209 DeprecationWarning: The sql_alchemy_conn option in [core] has been moved to the sql_alchemy_conn option in [database] - the old setting has been used, but please update your config.
[2025-10-07T13:13:47.481+0000] {task_command.py:467} INFO - Running <TaskInstance: vnstock_weekly_etl_incremental.process_batch manual__2025-10-07T10:43:54.222487+00:00 map_index=28 [running]> on host e3278e0f0bbc
[2025-10-07T13:13:47.755+0000] {taskinstance.py:3134} INFO - Exporting env vars: AIRFLOW_CTX_DAG_OWNER='***' AIRFLOW_CTX_DAG_ID='vnstock_weekly_etl_incremental' AIRFLOW_CTX_TASK_ID='process_batch' AIRFLOW_CTX_EXECUTION_DATE='2025-10-07T10:43:54.222487+00:00' AIRFLOW_CTX_TRY_NUMBER='1' AIRFLOW_CTX_DAG_RUN_ID='manual__2025-10-07T10:43:54.222487+00:00'
[2025-10-07T13:13:47.756+0000] {taskinstance.py:732} INFO - ::endgroup::
[2025-10-07T13:13:47.758+0000] {logging_mixin.py:190} INFO - ⬇️ Bắt đầu xử lý symbol = DBH
[2025-10-07T13:13:47.769+0000] {logging_mixin.py:190} INFO - ⚠️ Không đọc được file cũ DBH: 'date'
[2025-10-07T13:13:47.779+0000] {logging_mixin.py:190} INFO - DBH: trích dữ liệu từ 2022-07-08 đến 2025-10-07
[2025-10-07T13:13:52.413+0000] {logging_mixin.py:190} INFO - Không tìm thấy dữ liệu cho DBH
[2025-10-07T13:13:52.415+0000] {logging_mixin.py:190} INFO - ℹ️ DBH: Không có dữ liệu mới.
[2025-10-07T13:13:52.416+0000] {logging_mixin.py:190} INFO - ⬇️ Bắt đầu xử lý symbol = DBD
[2025-10-07T13:13:52.429+0000] {logging_mixin.py:190} INFO - ⚠️ Không đọc được file cũ DBD: 'date'
[2025-10-07T13:13:52.438+0000] {logging_mixin.py:190} INFO - DBD: trích dữ liệu từ 2025-10-08 đến 2025-10-07
[2025-10-07T13:13:57.156+0000] {logging_mixin.py:190} INFO - Không tìm thấy dữ liệu cho DBD
[2025-10-07T13:13:57.158+0000] {logging_mixin.py:190} INFO - ℹ️ DBD: Không có dữ liệu mới.
[2025-10-07T13:13:57.158+0000] {logging_mixin.py:190} INFO - ⬇️ Bắt đầu xử lý symbol = DBC
[2025-10-07T13:13:57.174+0000] {logging_mixin.py:190} INFO - ⚠️ Không đọc được file cũ DBC: 'date'
[2025-10-07T13:13:57.180+0000] {logging_mixin.py:190} INFO - DBC: trích dữ liệu từ 2025-10-08 đến 2025-10-07
[2025-10-07T13:14:01.646+0000] {logging_mixin.py:190} INFO - Không tìm thấy dữ liệu cho DBC
[2025-10-07T13:14:01.647+0000] {logging_mixin.py:190} INFO - ℹ️ DBC: Không có dữ liệu mới.
[2025-10-07T13:14:01.648+0000] {logging_mixin.py:190} INFO - ⬇️ Bắt đầu xử lý symbol = DAT
[2025-10-07T13:14:01.662+0000] {logging_mixin.py:190} INFO - ⚠️ Không đọc được file cũ DAT: 'date'
[2025-10-07T13:14:01.670+0000] {logging_mixin.py:190} INFO - DAT: trích dữ liệu từ 2025-10-08 đến 2025-10-07
[2025-10-07T13:14:06.373+0000] {logging_mixin.py:190} INFO - Không tìm thấy dữ liệu cho DAT
[2025-10-07T13:14:06.375+0000] {logging_mixin.py:190} INFO - ℹ️ DAT: Không có dữ liệu mới.
[2025-10-07T13:14:06.375+0000] {logging_mixin.py:190} INFO - ⬇️ Bắt đầu xử lý symbol = DAS
[2025-10-07T13:14:06.385+0000] {logging_mixin.py:190} INFO - ⚠️ Không đọc được file cũ DAS: 'date'
[2025-10-07T13:14:06.392+0000] {logging_mixin.py:190} INFO - DAS: trích dữ liệu từ 2025-10-08 đến 2025-10-07
[2025-10-07T13:14:11.016+0000] {logging_mixin.py:190} INFO - Không tìm thấy dữ liệu cho DAS
[2025-10-07T13:14:11.018+0000] {logging_mixin.py:190} INFO - ℹ️ DAS: Không có dữ liệu mới.
[2025-10-07T13:14:11.019+0000] {logging_mixin.py:190} INFO - 🚦 Giới hạn API đạt mức tối đa, chờ 36.7s...
[2025-10-07T13:14:47.639+0000] {logging_mixin.py:190} INFO - ⬇️ Bắt đầu xử lý symbol = DAR
[2025-10-07T13:14:47.655+0000] {logging_mixin.py:190} INFO - ⚠️ Không đọc được file cũ DAR: 'date'
[2025-10-07T13:14:47.662+0000] {logging_mixin.py:190} INFO - DAR: trích dữ liệu từ 2022-06-01 đến 2025-10-07
[2025-10-07T13:14:52.351+0000] {logging_mixin.py:190} INFO - Không tìm thấy dữ liệu cho DAR
[2025-10-07T13:14:52.353+0000] {logging_mixin.py:190} INFO - ℹ️ DAR: Không có dữ liệu mới.
[2025-10-07T13:14:52.353+0000] {logging_mixin.py:190} INFO - 🚦 Giới hạn API đạt mức tối đa, chờ 0.1s...
[2025-10-07T13:14:52.417+0000] {logging_mixin.py:190} INFO - ⬇️ Bắt đầu xử lý symbol = DAN
[2025-10-07T13:14:52.425+0000] {logging_mixin.py:190} INFO - ⚠️ Không đọc được file cũ DAN: 'date'
[2025-10-07T13:14:52.430+0000] {logging_mixin.py:190} INFO - DAN: trích dữ liệu từ 2025-09-30 đến 2025-10-07
[2025-10-07T13:14:57.108+0000] {logging_mixin.py:190} INFO - Không tìm thấy dữ liệu cho DAN
[2025-10-07T13:14:57.110+0000] {logging_mixin.py:190} INFO - ℹ️ DAN: Không có dữ liệu mới.
[2025-10-07T13:14:57.110+0000] {logging_mixin.py:190} INFO - 🚦 Giới hạn API đạt mức tối đa, chờ 0.0s...
[2025-10-07T13:14:57.159+0000] {logging_mixin.py:190} INFO - ⬇️ Bắt đầu xử lý symbol = DAH
[2025-10-07T13:14:57.168+0000] {logging_mixin.py:190} INFO - ⚠️ Không đọc được file cũ DAH: 'date'
[2025-10-07T13:14:57.175+0000] {logging_mixin.py:190} INFO - DAH: trích dữ liệu từ 2025-10-04 đến 2025-10-07
[2025-10-07T13:14:57.446+0000] {logging_mixin.py:190} INFO - Trích xuất 2 dòng mới cho DAH
[2025-10-07T13:14:57.455+0000] {logging_mixin.py:190} INFO - Append 2 dòng mới vào /opt/***/data/lake/DAH.csv
[2025-10-07T13:14:57.456+0000] {logging_mixin.py:190} INFO - ✅ Hoàn tất DAH, thêm 2 dòng mới.
[2025-10-07T13:14:59.341+0000] {logging_mixin.py:190} INFO - 🚦 Giới hạn API đạt mức tối đa, chờ 2.3s...
[2025-10-07T13:15:01.649+0000] {logging_mixin.py:190} INFO - ⬇️ Bắt đầu xử lý symbol = DAG
[2025-10-07T13:15:01.656+0000] {logging_mixin.py:190} INFO - ⚠️ Không đọc được file cũ DAG: 'date'
[2025-10-07T13:15:01.662+0000] {logging_mixin.py:190} INFO - DAG: trích dữ liệu từ 2024-08-15 đến 2025-10-07
[2025-10-07T13:15:06.212+0000] {logging_mixin.py:190} INFO - Không tìm thấy dữ liệu cho DAG
[2025-10-07T13:15:06.213+0000] {logging_mixin.py:190} INFO - ℹ️ DAG: Không có dữ liệu mới.
[2025-10-07T13:15:06.213+0000] {logging_mixin.py:190} INFO - 🚦 Giới hạn API đạt mức tối đa, chờ 0.2s...
[2025-10-07T13:15:06.376+0000] {logging_mixin.py:190} INFO - ⬇️ Bắt đầu xử lý symbol = DAE
[2025-10-07T13:15:06.383+0000] {logging_mixin.py:190} INFO - ⚠️ Không đọc được file cũ DAE: 'date'
[2025-10-07T13:15:06.391+0000] {logging_mixin.py:190} INFO - DAE: trích dữ liệu từ 2025-09-09 đến 2025-10-07
[2025-10-07T13:15:06.585+0000] {logging_mixin.py:190} INFO - Trích xuất 1 dòng mới cho DAE
[2025-10-07T13:15:06.591+0000] {logging_mixin.py:190} INFO - Append 1 dòng mới vào /opt/***/data/lake/DAE.csv
[2025-10-07T13:15:06.591+0000] {logging_mixin.py:190} INFO - ✅ Hoàn tất DAE, thêm 1 dòng mới.
[2025-10-07T13:15:08.592+0000] {logging_mixin.py:190} INFO - 🚦 Giới hạn API đạt mức tối đa, chờ 39.0s...
[2025-10-07T13:15:47.507+0000] {logging_mixin.py:190} INFO - ⬇️ Bắt đầu xử lý symbol = DAD
[2025-10-07T13:15:47.515+0000] {logging_mixin.py:190} INFO - ⚠️ Không đọc được file cũ DAD: 'date'
[2025-10-07T13:15:47.521+0000] {logging_mixin.py:190} INFO - DAD: trích dữ liệu từ 2025-10-04 đến 2025-10-07
[2025-10-07T13:15:47.756+0000] {logging_mixin.py:190} INFO - Trích xuất 2 dòng mới cho DAD
[2025-10-07T13:15:47.761+0000] {logging_mixin.py:190} INFO - Append 2 dòng mới vào /opt/***/data/lake/DAD.csv
[2025-10-07T13:15:47.761+0000] {logging_mixin.py:190} INFO - ✅ Hoàn tất DAD, thêm 2 dòng mới.
[2025-10-07T13:15:49.762+0000] {logging_mixin.py:190} INFO - 🚦 Giới hạn API đạt mức tối đa, chờ 2.7s...
[2025-10-07T13:15:52.417+0000] {logging_mixin.py:190} INFO - ⬇️ Bắt đầu xử lý symbol = DAC
[2025-10-07T13:15:52.424+0000] {logging_mixin.py:190} INFO - ⚠️ Không đọc được file cũ DAC: 'date'
[2025-10-07T13:15:52.430+0000] {logging_mixin.py:190} INFO - DAC: trích dữ liệu từ 2025-10-04 đến 2025-10-07
[2025-10-07T13:15:57.131+0000] {logging_mixin.py:190} INFO - Không tìm thấy dữ liệu cho DAC
[2025-10-07T13:15:57.132+0000] {logging_mixin.py:190} INFO - ℹ️ DAC: Không có dữ liệu mới.
[2025-10-07T13:15:57.132+0000] {logging_mixin.py:190} INFO - 🚦 Giới hạn API đạt mức tối đa, chờ 0.0s...
[2025-10-07T13:15:57.160+0000] {logging_mixin.py:190} INFO - ⬇️ Bắt đầu xử lý symbol = D2D
[2025-10-07T13:15:57.168+0000] {logging_mixin.py:190} INFO - ⚠️ Không đọc được file cũ D2D: 'date'
[2025-10-07T13:15:57.175+0000] {logging_mixin.py:190} INFO - D2D: trích dữ liệu từ 2025-10-04 đến 2025-10-07
[2025-10-07T13:15:57.596+0000] {logging_mixin.py:190} INFO - Trích xuất 2 dòng mới cho D2D
[2025-10-07T13:15:57.603+0000] {logging_mixin.py:190} INFO - Append 2 dòng mới vào /opt/***/data/lake/D2D.csv
[2025-10-07T13:15:57.604+0000] {logging_mixin.py:190} INFO - ✅ Hoàn tất D2D, thêm 2 dòng mới.
[2025-10-07T13:15:59.483+0000] {logging_mixin.py:190} INFO - 🚦 Giới hạn API đạt mức tối đa, chờ 2.2s...
[2025-10-07T13:16:01.650+0000] {logging_mixin.py:190} INFO - ⬇️ Bắt đầu xử lý symbol = D17
[2025-10-07T13:16:01.665+0000] {logging_mixin.py:190} INFO - ⚠️ Không đọc được file cũ D17: 'date'
[2025-10-07T13:16:01.670+0000] {logging_mixin.py:190} INFO - D17: trích dữ liệu từ 2024-08-29 đến 2025-10-07
[2025-10-07T13:16:06.550+0000] {logging_mixin.py:190} INFO - Không tìm thấy dữ liệu cho D17
[2025-10-07T13:16:06.552+0000] {logging_mixin.py:190} INFO - ℹ️ D17: Không có dữ liệu mới.
[2025-10-07T13:16:06.552+0000] {logging_mixin.py:190} INFO - ⬇️ Bắt đầu xử lý symbol = D11
[2025-10-07T13:16:06.567+0000] {logging_mixin.py:190} INFO - ⚠️ Không đọc được file cũ D11: 'date'
[2025-10-07T13:16:06.577+0000] {logging_mixin.py:190} INFO - D11: trích dữ liệu từ 2025-10-04 đến 2025-10-07
[2025-10-07T13:16:06.787+0000] {logging_mixin.py:190} INFO - Trích xuất 2 dòng mới cho D11
[2025-10-07T13:16:06.795+0000] {logging_mixin.py:190} INFO - Append 2 dòng mới vào /opt/***/data/lake/D11.csv
[2025-10-07T13:16:06.795+0000] {logging_mixin.py:190} INFO - ✅ Hoàn tất D11, thêm 2 dòng mới.
[2025-10-07T13:16:08.796+0000] {logging_mixin.py:190} INFO - 🚦 Giới hạn API đạt mức tối đa, chờ 38.7s...
[2025-10-07T13:16:47.378+0000] {logging_mixin.py:190} INFO - ⬇️ Bắt đầu xử lý symbol = CYC
[2025-10-07T13:16:47.398+0000] {logging_mixin.py:190} INFO - ⚠️ Không đọc được file cũ CYC: 'date'
[2025-10-07T13:16:47.406+0000] {logging_mixin.py:190} INFO - CYC: trích dữ liệu từ 2025-09-27 đến 2025-10-07
[2025-10-07T13:16:53.109+0000] {logging_mixin.py:190} INFO - Không tìm thấy dữ liệu cho CYC
[2025-10-07T13:16:53.111+0000] {logging_mixin.py:190} INFO - ℹ️ CYC: Không có dữ liệu mới.
[2025-10-07T13:16:53.112+0000] {logging_mixin.py:190} INFO - ⬇️ Bắt đầu xử lý symbol = CX8
[2025-10-07T13:16:53.123+0000] {logging_mixin.py:190} INFO - ⚠️ Không đọc được file cũ CX8: 'date'
[2025-10-07T13:16:53.132+0000] {logging_mixin.py:190} INFO - CX8: trích dữ liệu từ 2025-10-04 đến 2025-10-07
[2025-10-07T13:16:53.360+0000] {logging_mixin.py:190} INFO - Trích xuất 1 dòng mới cho CX8
[2025-10-07T13:16:53.366+0000] {logging_mixin.py:190} INFO - Append 1 dòng mới vào /opt/***/data/lake/CX8.csv
[2025-10-07T13:16:53.366+0000] {logging_mixin.py:190} INFO - ✅ Hoàn tất CX8, thêm 1 dòng mới.
[2025-10-07T13:16:55.367+0000] {logging_mixin.py:190} INFO - 🚦 Giới hạn API đạt mức tối đa, chờ 1.8s...
[2025-10-07T13:16:57.161+0000] {logging_mixin.py:190} INFO - ⬇️ Bắt đầu xử lý symbol = CVT
[2025-10-07T13:16:57.170+0000] {logging_mixin.py:190} INFO - ⚠️ Không đọc được file cũ CVT: 'date'
[2025-10-07T13:16:57.177+0000] {logging_mixin.py:190} INFO - CVT: trích dữ liệu từ 2025-10-02 đến 2025-10-07
[2025-10-07T13:16:57.356+0000] {logging_mixin.py:190} INFO - Trích xuất 1 dòng mới cho CVT
[2025-10-07T13:16:57.364+0000] {logging_mixin.py:190} INFO - Append 1 dòng mới vào /opt/***/data/lake/CVT.csv
[2025-10-07T13:16:57.364+0000] {logging_mixin.py:190} INFO - ✅ Hoàn tất CVT, thêm 1 dòng mới.
[2025-10-07T13:16:59.226+0000] {logging_mixin.py:190} INFO - 🚦 Giới hạn API đạt mức tối đa, chờ 2.4s...
[2025-10-07T13:17:01.650+0000] {logging_mixin.py:190} INFO - ⬇️ Bắt đầu xử lý symbol = CVP
[2025-10-07T13:17:01.663+0000] {logging_mixin.py:190} INFO - ⚠️ Không đọc được file cũ CVP: 'date'
[2025-10-07T13:17:01.669+0000] {logging_mixin.py:190} INFO - CVP: trích dữ liệu từ 2022-07-29 đến 2025-10-07
[2025-10-07T13:17:06.233+0000] {logging_mixin.py:190} INFO - Không tìm thấy dữ liệu cho CVP
[2025-10-07T13:17:06.235+0000] {logging_mixin.py:190} INFO - ℹ️ CVP: Không có dữ liệu mới.
[2025-10-07T13:17:06.236+0000] {logging_mixin.py:190} INFO - 🚦 Giới hạn API đạt mức tối đa, chờ 0.3s...
[2025-10-07T13:17:06.553+0000] {logging_mixin.py:190} INFO - ⬇️ Bắt đầu xử lý symbol = CVN
[2025-10-07T13:17:06.567+0000] {logging_mixin.py:190} INFO - ⚠️ Không đọc được file cũ CVN: 'date'
[2025-10-07T13:17:06.574+0000] {logging_mixin.py:190} INFO - CVN: trích dữ liệu từ 2025-10-04 đến 2025-10-07
[2025-10-07T13:17:11.316+0000] {logging_mixin.py:190} INFO - Không tìm thấy dữ liệu cho CVN
[2025-10-07T13:17:11.318+0000] {logging_mixin.py:190} INFO - ℹ️ CVN: Không có dữ liệu mới.
[2025-10-07T13:17:11.319+0000] {logging_mixin.py:190} INFO - 🚦 Giới hạn API đạt mức tối đa, chờ 36.1s...
[2025-10-07T13:17:47.246+0000] {logging_mixin.py:190} INFO - ⬇️ Bắt đầu xử lý symbol = CTX
[2025-10-07T13:17:47.256+0000] {logging_mixin.py:190} INFO - ⚠️ Không đọc được file cũ CTX: 'date'
[2025-10-07T13:17:47.263+0000] {logging_mixin.py:190} INFO - CTX: trích dữ liệu từ 2025-10-04 đến 2025-10-07
[2025-10-07T13:17:47.509+0000] {logging_mixin.py:190} INFO - Trích xuất 2 dòng mới cho CTX
[2025-10-07T13:17:47.516+0000] {logging_mixin.py:190} INFO - Append 2 dòng mới vào /opt/***/data/lake/CTX.csv
[2025-10-07T13:17:47.517+0000] {logging_mixin.py:190} INFO - ✅ Hoàn tất CTX, thêm 2 dòng mới.
[2025-10-07T13:17:49.518+0000] {logging_mixin.py:190} INFO - 🚦 Giới hạn API đạt mức tối đa, chờ 3.6s...
[2025-10-07T13:17:53.113+0000] {logging_mixin.py:190} INFO - ⬇️ Bắt đầu xử lý symbol = CTW
[2025-10-07T13:17:53.129+0000] {logging_mixin.py:190} INFO - ⚠️ Không đọc được file cũ CTW: 'date'
[2025-10-07T13:17:53.136+0000] {logging_mixin.py:190} INFO - CTW: trích dữ liệu từ 2025-10-04 đến 2025-10-07
[2025-10-07T13:17:58.736+0000] {logging_mixin.py:190} INFO - Không tìm thấy dữ liệu cho CTW
[2025-10-07T13:17:58.737+0000] {logging_mixin.py:190} INFO - ℹ️ CTW: Không có dữ liệu mới.
[2025-10-07T13:17:58.737+0000] {logging_mixin.py:190} INFO - ⬇️ Bắt đầu xử lý symbol = CTT
[2025-10-07T13:17:58.743+0000] {logging_mixin.py:190} INFO - ⚠️ Không đọc được file cũ CTT: 'date'
[2025-10-07T13:17:58.750+0000] {logging_mixin.py:190} INFO - CTT: trích dữ liệu từ 2025-10-03 đến 2025-10-07
[2025-10-07T13:17:58.936+0000] {logging_mixin.py:190} INFO - Trích xuất 2 dòng mới cho CTT
[2025-10-07T13:17:58.942+0000] {logging_mixin.py:190} INFO - Append 2 dòng mới vào /opt/***/data/lake/CTT.csv
[2025-10-07T13:17:58.942+0000] {logging_mixin.py:190} INFO - ✅ Hoàn tất CTT, thêm 2 dòng mới.
[2025-10-07T13:18:00.943+0000] {logging_mixin.py:190} INFO - 🚦 Giới hạn API đạt mức tối đa, chờ 0.7s...
[2025-10-07T13:18:01.651+0000] {logging_mixin.py:190} INFO - ⬇️ Bắt đầu xử lý symbol = CTS
[2025-10-07T13:18:01.666+0000] {logging_mixin.py:190} INFO - ⚠️ Không đọc được file cũ CTS: 'date'
[2025-10-07T13:18:01.673+0000] {logging_mixin.py:190} INFO - CTS: trích dữ liệu từ 2025-10-04 đến 2025-10-07
[2025-10-07T13:18:01.877+0000] {logging_mixin.py:190} INFO - Trích xuất 2 dòng mới cho CTS
[2025-10-07T13:18:01.889+0000] {logging_mixin.py:190} INFO - Append 2 dòng mới vào /opt/***/data/lake/CTS.csv
[2025-10-07T13:18:01.890+0000] {logging_mixin.py:190} INFO - ✅ Hoàn tất CTS, thêm 2 dòng mới.
[2025-10-07T13:18:03.891+0000] {logging_mixin.py:190} INFO - 🚦 Giới hạn API đạt mức tối đa, chờ 2.7s...
[2025-10-07T13:18:06.554+0000] {logging_mixin.py:190} INFO - ⬇️ Bắt đầu xử lý symbol = CTR
[2025-10-07T13:18:06.562+0000] {logging_mixin.py:190} INFO - ⚠️ Không đọc được file cũ CTR: 'date'
[2025-10-07T13:18:06.569+0000] {logging_mixin.py:190} INFO - CTR: trích dữ liệu từ 2025-10-04 đến 2025-10-07
[2025-10-07T13:18:06.769+0000] {logging_mixin.py:190} INFO - Trích xuất 2 dòng mới cho CTR
[2025-10-07T13:18:06.778+0000] {logging_mixin.py:190} INFO - Append 2 dòng mới vào /opt/***/data/lake/CTR.csv
[2025-10-07T13:18:06.778+0000] {logging_mixin.py:190} INFO - ✅ Hoàn tất CTR, thêm 2 dòng mới.
[2025-10-07T13:18:08.779+0000] {logging_mixin.py:190} INFO - 🚦 Giới hạn API đạt mức tối đa, chờ 38.5s...
[2025-10-07T13:18:47.145+0000] {logging_mixin.py:190} INFO - ⬇️ Bắt đầu xử lý symbol = CTP
[2025-10-07T13:18:47.152+0000] {logging_mixin.py:190} INFO - ⚠️ Không đọc được file cũ CTP: 'date'
[2025-10-07T13:18:47.158+0000] {logging_mixin.py:190} INFO - CTP: trích dữ liệu từ 2025-10-04 đến 2025-10-07
[2025-10-07T13:18:47.339+0000] {logging_mixin.py:190} INFO - Trích xuất 2 dòng mới cho CTP
[2025-10-07T13:18:47.347+0000] {logging_mixin.py:190} INFO - Append 2 dòng mới vào /opt/***/data/lake/CTP.csv
[2025-10-07T13:18:47.348+0000] {logging_mixin.py:190} INFO - ✅ Hoàn tất CTP, thêm 2 dòng mới.
[2025-10-07T13:18:49.348+0000] {logging_mixin.py:190} INFO - 🚦 Giới hạn API đạt mức tối đa, chờ 3.8s...
[2025-10-07T13:18:53.113+0000] {logging_mixin.py:190} INFO - ⬇️ Bắt đầu xử lý symbol = CTN
[2025-10-07T13:18:53.127+0000] {logging_mixin.py:190} INFO - ⚠️ Không đọc được file cũ CTN: 'date'
[2025-10-07T13:18:53.134+0000] {logging_mixin.py:190} INFO - CTN: trích dữ liệu từ 2024-07-26 đến 2025-10-07
[2025-10-07T13:18:57.783+0000] {logging_mixin.py:190} INFO - Không tìm thấy dữ liệu cho CTN
[2025-10-07T13:18:57.787+0000] {logging_mixin.py:190} INFO - ℹ️ CTN: Không có dữ liệu mới.
[2025-10-07T13:18:57.787+0000] {logging_mixin.py:190} INFO - 🚦 Giới hạn API đạt mức tối đa, chờ 0.9s...
[2025-10-07T13:18:58.739+0000] {logging_mixin.py:190} INFO - ⬇️ Bắt đầu xử lý symbol = CTI
[2025-10-07T13:18:58.756+0000] {logging_mixin.py:190} INFO - ⚠️ Không đọc được file cũ CTI: 'date'
[2025-10-07T13:18:58.768+0000] {logging_mixin.py:190} INFO - CTI: trích dữ liệu từ 2025-10-04 đến 2025-10-07
[2025-10-07T13:18:59.022+0000] {logging_mixin.py:190} INFO - Trích xuất 2 dòng mới cho CTI
[2025-10-07T13:18:59.029+0000] {logging_mixin.py:190} INFO - Append 2 dòng mới vào /opt/***/data/lake/CTI.csv
[2025-10-07T13:18:59.030+0000] {logging_mixin.py:190} INFO - ✅ Hoàn tất CTI, thêm 2 dòng mới.
[2025-10-07T13:19:01.030+0000] {logging_mixin.py:190} INFO - 🚦 Giới hạn API đạt mức tối đa, chờ 0.6s...
[2025-10-07T13:19:01.652+0000] {logging_mixin.py:190} INFO - ⬇️ Bắt đầu xử lý symbol = CTG
[2025-10-07T13:19:01.661+0000] {logging_mixin.py:190} INFO - ⚠️ Không đọc được file cũ CTG: 'date'
[2025-10-07T13:19:01.668+0000] {logging_mixin.py:190} INFO - CTG: trích dữ liệu từ 2025-10-04 đến 2025-10-07
[2025-10-07T13:19:01.909+0000] {logging_mixin.py:190} INFO - Trích xuất 2 dòng mới cho CTG
[2025-10-07T13:19:01.915+0000] {logging_mixin.py:190} INFO - Append 2 dòng mới vào /opt/***/data/lake/CTG.csv
[2025-10-07T13:19:01.916+0000] {logging_mixin.py:190} INFO - ✅ Hoàn tất CTG, thêm 2 dòng mới.
[2025-10-07T13:19:03.916+0000] {logging_mixin.py:190} INFO - 🚦 Giới hạn API đạt mức tối đa, chờ 2.6s...
[2025-10-07T13:19:06.555+0000] {logging_mixin.py:190} INFO - ⬇️ Bắt đầu xử lý symbol = CTF
[2025-10-07T13:19:06.571+0000] {logging_mixin.py:190} INFO - ⚠️ Không đọc được file cũ CTF: 'date'
[2025-10-07T13:19:06.579+0000] {logging_mixin.py:190} INFO - CTF: trích dữ liệu từ 2025-10-04 đến 2025-10-07
[2025-10-07T13:19:06.720+0000] {logging_mixin.py:190} INFO - Trích xuất 2 dòng mới cho CTF
[2025-10-07T13:19:06.726+0000] {logging_mixin.py:190} INFO - Append 2 dòng mới vào /opt/***/data/lake/CTF.csv
[2025-10-07T13:19:06.727+0000] {logging_mixin.py:190} INFO - ✅ Hoàn tất CTF, thêm 2 dòng mới.
[2025-10-07T13:19:08.727+0000] {logging_mixin.py:190} INFO - 🚦 Giới hạn API đạt mức tối đa, chờ 38.4s...
[2025-10-07T13:19:47.005+0000] {logging_mixin.py:190} INFO - ⬇️ Bắt đầu xử lý symbol = CTD
[2025-10-07T13:19:47.014+0000] {logging_mixin.py:190} INFO - ⚠️ Không đọc được file cũ CTD: 'date'
[2025-10-07T13:19:47.021+0000] {logging_mixin.py:190} INFO - CTD: trích dữ liệu từ 2025-10-04 đến 2025-10-07
[2025-10-07T13:19:47.207+0000] {logging_mixin.py:190} INFO - Trích xuất 2 dòng mới cho CTD
[2025-10-07T13:19:47.216+0000] {logging_mixin.py:190} INFO - Append 2 dòng mới vào /opt/***/data/lake/CTD.csv
[2025-10-07T13:19:47.217+0000] {logging_mixin.py:190} INFO - ✅ Hoàn tất CTD, thêm 2 dòng mới.
[2025-10-07T13:19:49.219+0000] {logging_mixin.py:190} INFO - 🚦 Giới hạn API đạt mức tối đa, chờ 3.9s...
[2025-10-07T13:19:53.115+0000] {logging_mixin.py:190} INFO - ⬇️ Bắt đầu xử lý symbol = CTC
[2025-10-07T13:19:53.130+0000] {logging_mixin.py:190} INFO - ⚠️ Không đọc được file cũ CTC: 'date'
[2025-10-07T13:19:53.139+0000] {logging_mixin.py:190} INFO - CTC: trích dữ liệu từ 2024-07-26 đến 2025-10-07
[2025-10-07T13:19:57.541+0000] {logging_mixin.py:190} INFO - Không tìm thấy dữ liệu cho CTC
[2025-10-07T13:19:57.542+0000] {logging_mixin.py:190} INFO - ℹ️ CTC: Không có dữ liệu mới.
[2025-10-07T13:19:57.543+0000] {logging_mixin.py:190} INFO - 🚦 Giới hạn API đạt mức tối đa, chờ 1.2s...
[2025-10-07T13:19:58.740+0000] {logging_mixin.py:190} INFO - ⬇️ Bắt đầu xử lý symbol = CTB
[2025-10-07T13:19:58.746+0000] {logging_mixin.py:190} INFO - ⚠️ Không đọc được file cũ CTB: 'date'
[2025-10-07T13:19:58.752+0000] {logging_mixin.py:190} INFO - CTB: trích dữ liệu từ 2025-10-03 đến 2025-10-07
[2025-10-07T13:19:58.912+0000] {logging_mixin.py:190} INFO - Trích xuất 2 dòng mới cho CTB
[2025-10-07T13:19:58.918+0000] {logging_mixin.py:190} INFO - Append 2 dòng mới vào /opt/***/data/lake/CTB.csv
[2025-10-07T13:19:58.919+0000] {logging_mixin.py:190} INFO - ✅ Hoàn tất CTB, thêm 2 dòng mới.
[2025-10-07T13:20:00.919+0000] {logging_mixin.py:190} INFO - 🚦 Giới hạn API đạt mức tối đa, chờ 0.7s...
[2025-10-07T13:20:01.653+0000] {logging_mixin.py:190} INFO - ⬇️ Bắt đầu xử lý symbol = CTA
[2025-10-07T13:20:01.668+0000] {logging_mixin.py:190} INFO - ⚠️ Không đọc được file cũ CTA: 'date'
[2025-10-07T13:20:01.673+0000] {logging_mixin.py:190} INFO - CTA: trích dữ liệu từ 2024-07-26 đến 2025-10-07
[2025-10-07T13:20:06.801+0000] {logging_mixin.py:190} INFO - Không tìm thấy dữ liệu cho CTA
[2025-10-07T13:20:06.803+0000] {logging_mixin.py:190} INFO - ℹ️ CTA: Không có dữ liệu mới.
[2025-10-07T13:20:06.803+0000] {logging_mixin.py:190} INFO - ⬇️ Bắt đầu xử lý symbol = CT6
[2025-10-07T13:20:06.816+0000] {logging_mixin.py:190} INFO - ⚠️ Không đọc được file cũ CT6: 'date'
[2025-10-07T13:20:06.824+0000] {logging_mixin.py:190} INFO - CT6: trích dữ liệu từ 2025-10-04 đến 2025-10-07
[2025-10-07T13:20:11.525+0000] {logging_mixin.py:190} INFO - Không tìm thấy dữ liệu cho CT6
[2025-10-07T13:20:11.526+0000] {logging_mixin.py:190} INFO - ℹ️ CT6: Không có dữ liệu mới.
[2025-10-07T13:20:11.527+0000] {logging_mixin.py:190} INFO - 🚦 Giới hạn API đạt mức tối đa, chờ 35.5s...
[2025-10-07T13:20:46.886+0000] {logging_mixin.py:190} INFO - ⬇️ Bắt đầu xử lý symbol = CT5
[2025-10-07T13:20:46.897+0000] {logging_mixin.py:190} INFO - CT5: trích dữ liệu từ 2020-01-01 đến 2025-10-07
[2025-10-07T13:20:51.872+0000] {logging_mixin.py:190} INFO - Không tìm thấy dữ liệu cho CT5
[2025-10-07T13:20:51.873+0000] {logging_mixin.py:190} INFO - ℹ️ CT5: Không có dữ liệu mới.
[2025-10-07T13:20:51.874+0000] {logging_mixin.py:190} INFO - 🚦 Giới hạn API đạt mức tối đa, chờ 1.2s...
[2025-10-07T13:20:53.116+0000] {logging_mixin.py:190} INFO - ⬇️ Bắt đầu xử lý symbol = CT3
[2025-10-07T13:20:53.124+0000] {logging_mixin.py:190} INFO - ⚠️ Không đọc được file cũ CT3: 'date'
[2025-10-07T13:20:53.130+0000] {logging_mixin.py:190} INFO - CT3: trích dữ liệu từ 2025-10-04 đến 2025-10-07
[2025-10-07T13:20:57.450+0000] {logging_mixin.py:190} INFO - Không tìm thấy dữ liệu cho CT3
[2025-10-07T13:20:57.451+0000] {logging_mixin.py:190} INFO - ℹ️ CT3: Không có dữ liệu mới.
[2025-10-07T13:20:57.452+0000] {logging_mixin.py:190} INFO - 🚦 Giới hạn API đạt mức tối đa, chờ 1.3s...
[2025-10-07T13:20:58.740+0000] {logging_mixin.py:190} INFO - ⬇️ Bắt đầu xử lý symbol = CSV
[2025-10-07T13:20:58.756+0000] {logging_mixin.py:190} INFO - ⚠️ Không đọc được file cũ CSV: 'date'
[2025-10-07T13:20:58.763+0000] {logging_mixin.py:190} INFO - CSV: trích dữ liệu từ 2025-10-04 đến 2025-10-07
[2025-10-07T13:20:58.896+0000] {logging_mixin.py:190} INFO - Trích xuất 2 dòng mới cho CSV
[2025-10-07T13:20:58.904+0000] {logging_mixin.py:190} INFO - Append 2 dòng mới vào /opt/***/data/lake/CSV.csv
[2025-10-07T13:20:58.904+0000] {logging_mixin.py:190} INFO - ✅ Hoàn tất CSV, thêm 2 dòng mới.
[2025-10-07T13:21:00.905+0000] {logging_mixin.py:190} INFO - 🚦 Giới hạn API đạt mức tối đa, chờ 0.7s...
[2025-10-07T13:21:01.654+0000] {logging_mixin.py:190} INFO - ⬇️ Bắt đầu xử lý symbol = CST
[2025-10-07T13:21:01.661+0000] {logging_mixin.py:190} INFO - ⚠️ Không đọc được file cũ CST: 'date'
[2025-10-07T13:21:01.667+0000] {logging_mixin.py:190} INFO - CST: trích dữ liệu từ 2025-10-04 đến 2025-10-07
[2025-10-07T13:21:02.121+0000] {logging_mixin.py:190} INFO - Trích xuất 2 dòng mới cho CST
[2025-10-07T13:21:02.127+0000] {logging_mixin.py:190} INFO - Append 2 dòng mới vào /opt/***/data/lake/CST.csv
[2025-10-07T13:21:02.128+0000] {logging_mixin.py:190} INFO - ✅ Hoàn tất CST, thêm 2 dòng mới.
[2025-10-07T13:21:04.128+0000] {logging_mixin.py:190} INFO - 🚦 Giới hạn API đạt mức tối đa, chờ 2.7s...
[2025-10-07T13:21:06.805+0000] {logging_mixin.py:190} INFO - ⬇️ Bắt đầu xử lý symbol = CSM
[2025-10-07T13:21:06.813+0000] {logging_mixin.py:190} INFO - ⚠️ Không đọc được file cũ CSM: 'date'
[2025-10-07T13:21:06.822+0000] {logging_mixin.py:190} INFO - CSM: trích dữ liệu từ 2025-10-04 đến 2025-10-07
[2025-10-07T13:21:07.004+0000] {logging_mixin.py:190} INFO - Trích xuất 2 dòng mới cho CSM
[2025-10-07T13:21:07.010+0000] {logging_mixin.py:190} INFO - Append 2 dòng mới vào /opt/***/data/lake/CSM.csv
[2025-10-07T13:21:07.011+0000] {logging_mixin.py:190} INFO - ✅ Hoàn tất CSM, thêm 2 dòng mới.
[2025-10-07T13:21:09.011+0000] {logging_mixin.py:190} INFO - 🚦 Giới hạn API đạt mức tối đa, chờ 37.9s...
[2025-10-07T13:21:46.750+0000] {logging_mixin.py:190} INFO - ⬇️ Bắt đầu xử lý symbol = CSI
[2025-10-07T13:21:46.758+0000] {logging_mixin.py:190} INFO - ⚠️ Không đọc được file cũ CSI: 'date'
[2025-10-07T13:21:46.766+0000] {logging_mixin.py:190} INFO - CSI: trích dữ liệu từ 2025-10-04 đến 2025-10-07
[2025-10-07T13:21:47.027+0000] {logging_mixin.py:190} INFO - Trích xuất 2 dòng mới cho CSI
[2025-10-07T13:21:47.054+0000] {logging_mixin.py:190} INFO - Append 2 dòng mới vào /opt/***/data/lake/CSI.csv
[2025-10-07T13:21:47.055+0000] {logging_mixin.py:190} INFO - ✅ Hoàn tất CSI, thêm 2 dòng mới.
[2025-10-07T13:21:49.056+0000] {logging_mixin.py:190} INFO - 🚦 Giới hạn API đạt mức tối đa, chờ 4.1s...
[2025-10-07T13:21:53.117+0000] {logging_mixin.py:190} INFO - ⬇️ Bắt đầu xử lý symbol = CSC
[2025-10-07T13:21:53.125+0000] {logging_mixin.py:190} INFO - ⚠️ Không đọc được file cũ CSC: 'date'
[2025-10-07T13:21:53.132+0000] {logging_mixin.py:190} INFO - CSC: trích dữ liệu từ 2025-10-04 đến 2025-10-07
[2025-10-07T13:21:54.314+0000] {logging_mixin.py:190} INFO - Trích xuất 2 dòng mới cho CSC
[2025-10-07T13:21:54.320+0000] {logging_mixin.py:190} INFO - Append 2 dòng mới vào /opt/***/data/lake/CSC.csv
[2025-10-07T13:21:54.324+0000] {logging_mixin.py:190} INFO - ✅ Hoàn tất CSC, thêm 2 dòng mới.
[2025-10-07T13:21:56.184+0000] {logging_mixin.py:190} INFO - 🚦 Giới hạn API đạt mức tối đa, chờ 2.6s...
[2025-10-07T13:21:58.741+0000] {logging_mixin.py:190} INFO - ⬇️ Bắt đầu xử lý symbol = CRE
[2025-10-07T13:21:58.757+0000] {logging_mixin.py:190} INFO - ⚠️ Không đọc được file cũ CRE: 'date'
[2025-10-07T13:21:58.764+0000] {logging_mixin.py:190} INFO - CRE: trích dữ liệu từ 2025-10-04 đến 2025-10-07
[2025-10-07T13:21:58.958+0000] {logging_mixin.py:190} INFO - Trích xuất 2 dòng mới cho CRE
[2025-10-07T13:21:58.964+0000] {logging_mixin.py:190} INFO - Append 2 dòng mới vào /opt/***/data/lake/CRE.csv
[2025-10-07T13:21:58.964+0000] {logging_mixin.py:190} INFO - ✅ Hoàn tất CRE, thêm 2 dòng mới.
[2025-10-07T13:22:00.965+0000] {logging_mixin.py:190} INFO - 🚦 Giới hạn API đạt mức tối đa, chờ 0.7s...
[2025-10-07T13:22:01.654+0000] {logging_mixin.py:190} INFO - ⬇️ Bắt đầu xử lý symbol = CRC
[2025-10-07T13:22:01.662+0000] {logging_mixin.py:190} INFO - ⚠️ Không đọc được file cũ CRC: 'date'
[2025-10-07T13:22:01.670+0000] {logging_mixin.py:190} INFO - CRC: trích dữ liệu từ 2025-10-04 đến 2025-10-07
[2025-10-07T13:22:01.916+0000] {logging_mixin.py:190} INFO - Trích xuất 2 dòng mới cho CRC
[2025-10-07T13:22:01.921+0000] {logging_mixin.py:190} INFO - Append 2 dòng mới vào /opt/***/data/lake/CRC.csv
[2025-10-07T13:22:01.922+0000] {logging_mixin.py:190} INFO - ✅ Hoàn tất CRC, thêm 2 dòng mới.
[2025-10-07T13:22:03.922+0000] {logging_mixin.py:190} INFO - 🚦 Giới hạn API đạt mức tối đa, chờ 2.9s...
[2025-10-07T13:22:06.806+0000] {logging_mixin.py:190} INFO - ⬇️ Bắt đầu xử lý symbol = CQT
[2025-10-07T13:22:06.818+0000] {logging_mixin.py:190} INFO - ⚠️ Không đọc được file cũ CQT: 'date'
[2025-10-07T13:22:06.826+0000] {logging_mixin.py:190} INFO - CQT: trích dữ liệu từ 2025-10-01 đến 2025-10-07
[2025-10-07T13:22:11.537+0000] {logging_mixin.py:190} INFO - Không tìm thấy dữ liệu cho CQT
[2025-10-07T13:22:11.538+0000] {logging_mixin.py:190} INFO - ℹ️ CQT: Không có dữ liệu mới.
[2025-10-07T13:22:11.538+0000] {logging_mixin.py:190} INFO - 🚦 Giới hạn API đạt mức tối đa, chờ 35.2s...
[2025-10-07T13:22:46.614+0000] {logging_mixin.py:190} INFO - ⬇️ Bắt đầu xử lý symbol = CQN
[2025-10-07T13:22:46.624+0000] {logging_mixin.py:190} INFO - ⚠️ Không đọc được file cũ CQN: 'date'
[2025-10-07T13:22:46.631+0000] {logging_mixin.py:190} INFO - CQN: trích dữ liệu từ 2025-10-04 đến 2025-10-07
[2025-10-07T13:22:47.134+0000] {logging_mixin.py:190} INFO - Trích xuất 2 dòng mới cho CQN
[2025-10-07T13:22:47.141+0000] {logging_mixin.py:190} INFO - Append 2 dòng mới vào /opt/***/data/lake/CQN.csv
[2025-10-07T13:22:47.141+0000] {logging_mixin.py:190} INFO - ✅ Hoàn tất CQN, thêm 2 dòng mới.
[2025-10-07T13:22:49.142+0000] {logging_mixin.py:190} INFO - 🚦 Giới hạn API đạt mức tối đa, chờ 4.0s...
[2025-10-07T13:22:53.118+0000] {logging_mixin.py:190} INFO - ⬇️ Bắt đầu xử lý symbol = CPI
[2025-10-07T13:22:53.134+0000] {logging_mixin.py:190} INFO - ⚠️ Không đọc được file cũ CPI: 'date'
[2025-10-07T13:22:53.142+0000] {logging_mixin.py:190} INFO - CPI: trích dữ liệu từ 2025-10-04 đến 2025-10-07
[2025-10-07T13:22:57.510+0000] {logging_mixin.py:190} INFO - Không tìm thấy dữ liệu cho CPI
[2025-10-07T13:22:57.511+0000] {logging_mixin.py:190} INFO - ℹ️ CPI: Không có dữ liệu mới.
[2025-10-07T13:22:57.512+0000] {logging_mixin.py:190} INFO - 🚦 Giới hạn API đạt mức tối đa, chờ 1.2s...
[2025-10-07T13:22:58.741+0000] {logging_mixin.py:190} INFO - ⬇️ Bắt đầu xử lý symbol = CPH
[2025-10-07T13:22:58.755+0000] {logging_mixin.py:190} INFO - ⚠️ Không đọc được file cũ CPH: 'date'
[2025-10-07T13:22:58.761+0000] {logging_mixin.py:190} INFO - CPH: trích dữ liệu từ 2024-07-26 đến 2025-10-07
[2025-10-07T13:23:03.204+0000] {logging_mixin.py:190} INFO - Không tìm thấy dữ liệu cho CPH
[2025-10-07T13:23:03.206+0000] {logging_mixin.py:190} INFO - ℹ️ CPH: Không có dữ liệu mới.
[2025-10-07T13:23:03.207+0000] {logging_mixin.py:190} INFO - ⬇️ Bắt đầu xử lý symbol = CPC
[2025-10-07T13:23:03.215+0000] {logging_mixin.py:190} INFO - ⚠️ Không đọc được file cũ CPC: 'date'
[2025-10-07T13:23:03.222+0000] {logging_mixin.py:190} INFO - CPC: trích dữ liệu từ 2025-10-04 đến 2025-10-07
[2025-10-07T13:23:03.424+0000] {logging_mixin.py:190} INFO - Trích xuất 2 dòng mới cho CPC
[2025-10-07T13:23:03.430+0000] {logging_mixin.py:190} INFO - Append 2 dòng mới vào /opt/***/data/lake/CPC.csv
[2025-10-07T13:23:03.431+0000] {logging_mixin.py:190} INFO - ✅ Hoàn tất CPC, thêm 2 dòng mới.
[2025-10-07T13:23:05.431+0000] {logging_mixin.py:190} INFO - 🚦 Giới hạn API đạt mức tối đa, chờ 1.4s...
[2025-10-07T13:23:06.807+0000] {logging_mixin.py:190} INFO - ⬇️ Bắt đầu xử lý symbol = CPA
[2025-10-07T13:23:06.820+0000] {logging_mixin.py:190} INFO - ⚠️ Không đọc được file cũ CPA: 'date'
[2025-10-07T13:23:06.828+0000] {logging_mixin.py:190} INFO - CPA: trích dữ liệu từ 2025-10-02 đến 2025-10-07
[2025-10-07T13:23:11.836+0000] {logging_mixin.py:190} INFO - Không tìm thấy dữ liệu cho CPA
[2025-10-07T13:23:11.838+0000] {logging_mixin.py:190} INFO - ℹ️ CPA: Không có dữ liệu mới.
[2025-10-07T13:23:11.838+0000] {python.py:240} INFO - Done. Returned value was: None
[2025-10-07T13:23:11.847+0000] {taskinstance.py:341} INFO - ::group::Post task execution logs
[2025-10-07T13:23:11.848+0000] {taskinstance.py:353} INFO - Marking task as SUCCESS. dag_id=vnstock_weekly_etl_incremental, task_id=process_batch, run_id=manual__2025-10-07T10:43:54.222487+00:00, map_index=28, execution_date=20251007T104354, start_date=20251007T131347, end_date=20251007T132311
[2025-10-07T13:23:11.899+0000] {local_task_job_runner.py:266} INFO - Task exited with return code 0
[2025-10-07T13:23:12.065+0000] {taskinstance.py:3901} INFO - 0 downstream tasks scheduled from follow-on schedule check
[2025-10-07T13:23:12.068+0000] {local_task_job_runner.py:245} INFO - ::endgroup::
