[2025-10-07T13:26:31.881+0000] {local_task_job_runner.py:123} INFO - ::group::Pre task execution logs
[2025-10-07T13:26:31.902+0000] {taskinstance.py:2614} INFO - Dependencies all met for dep_context=non-requeueable deps ti=<TaskInstance: vnstock_weekly_etl_incremental.process_batch manual__2025-10-07T10:44:44.201464+00:00 map_index=1 [queued]>
[2025-10-07T13:26:31.911+0000] {taskinstance.py:2614} INFO - Dependencies all met for dep_context=requeueable deps ti=<TaskInstance: vnstock_weekly_etl_incremental.process_batch manual__2025-10-07T10:44:44.201464+00:00 map_index=1 [queued]>
[2025-10-07T13:26:31.912+0000] {taskinstance.py:2867} INFO - Starting attempt 1 of 3
[2025-10-07T13:26:31.923+0000] {taskinstance.py:2890} INFO - Executing <Mapped(_PythonDecoratedOperator): process_batch> on 2025-10-07 10:44:44.201464+00:00
[2025-10-07T13:26:31.932+0000] {logging_mixin.py:190} WARNING - /home/***/.local/lib/python3.12/site-packages/***/task/task_runner/standard_task_runner.py:70 DeprecationWarning: This process (pid=17480) is multi-threaded, use of fork() may lead to deadlocks in the child.
[2025-10-07T13:26:31.933+0000] {standard_task_runner.py:72} INFO - Started process 17490 to run task
[2025-10-07T13:26:31.932+0000] {standard_task_runner.py:104} INFO - Running: ['***', 'tasks', 'run', 'vnstock_weekly_etl_incremental', 'process_batch', 'manual__2025-10-07T10:44:44.201464+00:00', '--job-id', '195', '--raw', '--subdir', 'DAGS_FOLDER/dag.py', '--cfg-path', '/tmp/tmp35ctdwqc', '--map-index', '1']
[2025-10-07T13:26:31.935+0000] {standard_task_runner.py:105} INFO - Job 195: Subtask process_batch
[2025-10-07T13:26:31.947+0000] {logging_mixin.py:190} WARNING - /home/***/.local/lib/python3.12/site-packages/***/settings.py:209 DeprecationWarning: The sql_alchemy_conn option in [core] has been moved to the sql_alchemy_conn option in [database] - the old setting has been used, but please update your config.
[2025-10-07T13:26:31.987+0000] {task_command.py:467} INFO - Running <TaskInstance: vnstock_weekly_etl_incremental.process_batch manual__2025-10-07T10:44:44.201464+00:00 map_index=1 [running]> on host e3278e0f0bbc
[2025-10-07T13:26:32.225+0000] {taskinstance.py:3134} INFO - Exporting env vars: AIRFLOW_CTX_DAG_OWNER='***' AIRFLOW_CTX_DAG_ID='vnstock_weekly_etl_incremental' AIRFLOW_CTX_TASK_ID='process_batch' AIRFLOW_CTX_EXECUTION_DATE='2025-10-07T10:44:44.201464+00:00' AIRFLOW_CTX_TRY_NUMBER='1' AIRFLOW_CTX_DAG_RUN_ID='manual__2025-10-07T10:44:44.201464+00:00'
[2025-10-07T13:26:32.226+0000] {taskinstance.py:732} INFO - ::endgroup::
[2025-10-07T13:26:32.228+0000] {logging_mixin.py:190} INFO - ⬇️ Bắt đầu xử lý symbol = VSM
[2025-10-07T13:26:32.239+0000] {logging_mixin.py:190} INFO - ⚠️ Không đọc được file cũ VSM: 'date'
[2025-10-07T13:26:32.248+0000] {logging_mixin.py:190} INFO - VSM: trích dữ liệu từ 2025-10-07 đến 2025-10-07
[2025-10-07T13:26:36.777+0000] {logging_mixin.py:190} INFO - Không tìm thấy dữ liệu cho VSM
[2025-10-07T13:26:36.779+0000] {logging_mixin.py:190} INFO - ℹ️ VSM: Không có dữ liệu mới.
[2025-10-07T13:26:36.779+0000] {logging_mixin.py:190} INFO - ⬇️ Bắt đầu xử lý symbol = VSI
[2025-10-07T13:26:36.787+0000] {logging_mixin.py:190} INFO - ⚠️ Không đọc được file cũ VSI: 'date'
[2025-10-07T13:26:36.794+0000] {logging_mixin.py:190} INFO - VSI: trích dữ liệu từ 2025-10-08 đến 2025-10-07
[2025-10-07T13:26:41.412+0000] {logging_mixin.py:190} INFO - Không tìm thấy dữ liệu cho VSI
[2025-10-07T13:26:41.413+0000] {logging_mixin.py:190} INFO - ℹ️ VSI: Không có dữ liệu mới.
[2025-10-07T13:26:41.414+0000] {logging_mixin.py:190} INFO - ⬇️ Bắt đầu xử lý symbol = VSH
[2025-10-07T13:26:41.421+0000] {logging_mixin.py:190} INFO - ⚠️ Không đọc được file cũ VSH: 'date'
[2025-10-07T13:26:41.428+0000] {logging_mixin.py:190} INFO - VSH: trích dữ liệu từ 2025-10-08 đến 2025-10-07
[2025-10-07T13:26:46.049+0000] {logging_mixin.py:190} INFO - Không tìm thấy dữ liệu cho VSH
[2025-10-07T13:26:46.050+0000] {logging_mixin.py:190} INFO - ℹ️ VSH: Không có dữ liệu mới.
[2025-10-07T13:26:46.051+0000] {logging_mixin.py:190} INFO - ⬇️ Bắt đầu xử lý symbol = VSG
[2025-10-07T13:26:46.058+0000] {logging_mixin.py:190} INFO - ⚠️ Không đọc được file cũ VSG: 'date'
[2025-10-07T13:26:46.063+0000] {logging_mixin.py:190} INFO - VSG: trích dữ liệu từ 2025-10-04 đến 2025-10-07
[2025-10-07T13:26:50.549+0000] {logging_mixin.py:190} INFO - Không tìm thấy dữ liệu cho VSG
[2025-10-07T13:26:50.551+0000] {logging_mixin.py:190} INFO - ℹ️ VSG: Không có dữ liệu mới.
[2025-10-07T13:26:50.552+0000] {logging_mixin.py:190} INFO - ⬇️ Bắt đầu xử lý symbol = VSF
[2025-10-07T13:26:50.565+0000] {logging_mixin.py:190} INFO - ⚠️ Không đọc được file cũ VSF: 'date'
[2025-10-07T13:26:50.572+0000] {logging_mixin.py:190} INFO - VSF: trích dữ liệu từ 2025-10-08 đến 2025-10-07
[2025-10-07T13:26:56.004+0000] {logging_mixin.py:190} INFO - Không tìm thấy dữ liệu cho VSF
[2025-10-07T13:26:56.005+0000] {logging_mixin.py:190} INFO - ℹ️ VSF: Không có dữ liệu mới.
[2025-10-07T13:26:56.006+0000] {logging_mixin.py:190} INFO - 🚦 Giới hạn API đạt mức tối đa, chờ 36.2s...
[2025-10-07T13:27:32.089+0000] {logging_mixin.py:190} INFO - ⬇️ Bắt đầu xử lý symbol = VSE
[2025-10-07T13:27:32.099+0000] {logging_mixin.py:190} INFO - ⚠️ Không đọc được file cũ VSE: 'date'
[2025-10-07T13:27:32.108+0000] {logging_mixin.py:190} INFO - VSE: trích dữ liệu từ 2025-10-04 đến 2025-10-07
[2025-10-07T13:27:32.270+0000] {logging_mixin.py:190} INFO - Trích xuất 2 dòng mới cho VSE
[2025-10-07T13:27:32.279+0000] {logging_mixin.py:190} INFO - Append 2 dòng mới vào /opt/***/data/lake/VSE.csv
[2025-10-07T13:27:32.280+0000] {logging_mixin.py:190} INFO - ✅ Hoàn tất VSE, thêm 2 dòng mới.
[2025-10-07T13:27:34.280+0000] {logging_mixin.py:190} INFO - 🚦 Giới hạn API đạt mức tối đa, chờ 2.5s...
[2025-10-07T13:27:36.780+0000] {logging_mixin.py:190} INFO - ⬇️ Bắt đầu xử lý symbol = VSC
[2025-10-07T13:27:36.791+0000] {logging_mixin.py:190} INFO - ⚠️ Không đọc được file cũ VSC: 'date'
[2025-10-07T13:27:36.798+0000] {logging_mixin.py:190} INFO - VSC: trích dữ liệu từ 2025-10-04 đến 2025-10-07
[2025-10-07T13:27:36.954+0000] {logging_mixin.py:190} INFO - Trích xuất 2 dòng mới cho VSC
[2025-10-07T13:27:36.962+0000] {logging_mixin.py:190} INFO - Append 2 dòng mới vào /opt/***/data/lake/VSC.csv
[2025-10-07T13:27:36.962+0000] {logging_mixin.py:190} INFO - ✅ Hoàn tất VSC, thêm 2 dòng mới.
[2025-10-07T13:27:38.963+0000] {logging_mixin.py:190} INFO - 🚦 Giới hạn API đạt mức tối đa, chờ 2.5s...
[2025-10-07T13:27:41.416+0000] {logging_mixin.py:190} INFO - ⬇️ Bắt đầu xử lý symbol = VSA
[2025-10-07T13:27:41.424+0000] {logging_mixin.py:190} INFO - ⚠️ Không đọc được file cũ VSA: 'date'
[2025-10-07T13:27:41.432+0000] {logging_mixin.py:190} INFO - VSA: trích dữ liệu từ 2025-10-04 đến 2025-10-07
[2025-10-07T13:27:41.641+0000] {logging_mixin.py:190} INFO - Trích xuất 1 dòng mới cho VSA
[2025-10-07T13:27:41.648+0000] {logging_mixin.py:190} INFO - Append 1 dòng mới vào /opt/***/data/lake/VSA.csv
[2025-10-07T13:27:41.649+0000] {logging_mixin.py:190} INFO - ✅ Hoàn tất VSA, thêm 1 dòng mới.
[2025-10-07T13:27:43.649+0000] {logging_mixin.py:190} INFO - 🚦 Giới hạn API đạt mức tối đa, chờ 2.4s...
[2025-10-07T13:27:46.052+0000] {logging_mixin.py:190} INFO - ⬇️ Bắt đầu xử lý symbol = VRG
[2025-10-07T13:27:46.061+0000] {logging_mixin.py:190} INFO - ⚠️ Không đọc được file cũ VRG: 'date'
[2025-10-07T13:27:46.068+0000] {logging_mixin.py:190} INFO - VRG: trích dữ liệu từ 2025-10-04 đến 2025-10-07
[2025-10-07T13:27:46.392+0000] {logging_mixin.py:190} INFO - Trích xuất 2 dòng mới cho VRG
[2025-10-07T13:27:46.398+0000] {logging_mixin.py:190} INFO - Append 2 dòng mới vào /opt/***/data/lake/VRG.csv
[2025-10-07T13:27:46.399+0000] {logging_mixin.py:190} INFO - ✅ Hoàn tất VRG, thêm 2 dòng mới.
[2025-10-07T13:27:48.400+0000] {logging_mixin.py:190} INFO - 🚦 Giới hạn API đạt mức tối đa, chờ 2.2s...
[2025-10-07T13:27:50.553+0000] {logging_mixin.py:190} INFO - ⬇️ Bắt đầu xử lý symbol = VRE
[2025-10-07T13:27:50.568+0000] {logging_mixin.py:190} INFO - ⚠️ Không đọc được file cũ VRE: 'date'
[2025-10-07T13:27:50.575+0000] {logging_mixin.py:190} INFO - VRE: trích dữ liệu từ 2025-10-04 đến 2025-10-07
[2025-10-07T13:27:50.754+0000] {logging_mixin.py:190} INFO - Trích xuất 2 dòng mới cho VRE
[2025-10-07T13:27:50.761+0000] {logging_mixin.py:190} INFO - Append 2 dòng mới vào /opt/***/data/lake/VRE.csv
[2025-10-07T13:27:50.762+0000] {logging_mixin.py:190} INFO - ✅ Hoàn tất VRE, thêm 2 dòng mới.
[2025-10-07T13:27:52.763+0000] {logging_mixin.py:190} INFO - 🚦 Giới hạn API đạt mức tối đa, chờ 39.3s...
[2025-10-07T13:28:31.799+0000] {logging_mixin.py:190} INFO - ⬇️ Bắt đầu xử lý symbol = VRC
[2025-10-07T13:28:31.808+0000] {logging_mixin.py:190} INFO - ⚠️ Không đọc được file cũ VRC: 'date'
[2025-10-07T13:28:31.815+0000] {logging_mixin.py:190} INFO - VRC: trích dữ liệu từ 2025-10-04 đến 2025-10-07
[2025-10-07T13:28:32.535+0000] {logging_mixin.py:190} INFO - Trích xuất 2 dòng mới cho VRC
[2025-10-07T13:28:32.542+0000] {logging_mixin.py:190} INFO - Append 2 dòng mới vào /opt/***/data/lake/VRC.csv
[2025-10-07T13:28:32.542+0000] {logging_mixin.py:190} INFO - ✅ Hoàn tất VRC, thêm 2 dòng mới.
[2025-10-07T13:28:34.543+0000] {logging_mixin.py:190} INFO - 🚦 Giới hạn API đạt mức tối đa, chờ 2.2s...
[2025-10-07T13:28:36.781+0000] {logging_mixin.py:190} INFO - ⬇️ Bắt đầu xử lý symbol = VQC
[2025-10-07T13:28:36.790+0000] {logging_mixin.py:190} INFO - ⚠️ Không đọc được file cũ VQC: 'date'
[2025-10-07T13:28:36.797+0000] {logging_mixin.py:190} INFO - VQC: trích dữ liệu từ 2025-10-02 đến 2025-10-07
[2025-10-07T13:28:42.496+0000] {logging_mixin.py:190} INFO - Không tìm thấy dữ liệu cho VQC
[2025-10-07T13:28:42.498+0000] {logging_mixin.py:190} INFO - ℹ️ VQC: Không có dữ liệu mới.
[2025-10-07T13:28:42.498+0000] {logging_mixin.py:190} INFO - ⬇️ Bắt đầu xử lý symbol = VPW
[2025-10-07T13:28:42.505+0000] {logging_mixin.py:190} INFO - ⚠️ Không đọc được file cũ VPW: 'date'
[2025-10-07T13:28:42.512+0000] {logging_mixin.py:190} INFO - VPW: trích dữ liệu từ 2025-07-15 đến 2025-10-07
[2025-10-07T13:28:47.220+0000] {logging_mixin.py:190} INFO - Không tìm thấy dữ liệu cho VPW
[2025-10-07T13:28:47.222+0000] {logging_mixin.py:190} INFO - ℹ️ VPW: Không có dữ liệu mới.
[2025-10-07T13:28:47.222+0000] {logging_mixin.py:190} INFO - ⬇️ Bắt đầu xử lý symbol = VPS
[2025-10-07T13:28:47.228+0000] {logging_mixin.py:190} INFO - ⚠️ Không đọc được file cũ VPS: 'date'
[2025-10-07T13:28:47.234+0000] {logging_mixin.py:190} INFO - VPS: trích dữ liệu từ 2025-10-04 đến 2025-10-07
[2025-10-07T13:28:47.401+0000] {logging_mixin.py:190} INFO - Trích xuất 2 dòng mới cho VPS
[2025-10-07T13:28:47.411+0000] {logging_mixin.py:190} INFO - Append 2 dòng mới vào /opt/***/data/lake/VPS.csv
[2025-10-07T13:28:47.411+0000] {logging_mixin.py:190} INFO - ✅ Hoàn tất VPS, thêm 2 dòng mới.
[2025-10-07T13:28:49.413+0000] {logging_mixin.py:190} INFO - 🚦 Giới hạn API đạt mức tối đa, chờ 1.1s...
[2025-10-07T13:28:50.554+0000] {logging_mixin.py:190} INFO - ⬇️ Bắt đầu xử lý symbol = VPR
[2025-10-07T13:28:50.563+0000] {logging_mixin.py:190} INFO - ⚠️ Không đọc được file cũ VPR: 'date'
[2025-10-07T13:28:50.569+0000] {logging_mixin.py:190} INFO - VPR: trích dữ liệu từ 2025-09-20 đến 2025-10-07
[2025-10-07T13:28:55.085+0000] {logging_mixin.py:190} INFO - Không tìm thấy dữ liệu cho VPR
[2025-10-07T13:28:55.089+0000] {logging_mixin.py:190} INFO - ℹ️ VPR: Không có dữ liệu mới.
[2025-10-07T13:28:55.090+0000] {logging_mixin.py:190} INFO - 🚦 Giới hạn API đạt mức tối đa, chờ 36.7s...
[2025-10-07T13:29:31.650+0000] {logging_mixin.py:190} INFO - ⬇️ Bắt đầu xử lý symbol = VPL
[2025-10-07T13:29:31.658+0000] {logging_mixin.py:190} INFO - ⚠️ Không đọc được file cũ VPL: 'date'
[2025-10-07T13:29:31.664+0000] {logging_mixin.py:190} INFO - VPL: trích dữ liệu từ 2025-10-04 đến 2025-10-07
[2025-10-07T13:29:31.838+0000] {logging_mixin.py:190} INFO - Trích xuất 2 dòng mới cho VPL
[2025-10-07T13:29:31.844+0000] {logging_mixin.py:190} INFO - Append 2 dòng mới vào /opt/***/data/lake/VPL.csv
[2025-10-07T13:29:31.845+0000] {logging_mixin.py:190} INFO - ✅ Hoàn tất VPL, thêm 2 dòng mới.
[2025-10-07T13:29:33.845+0000] {logging_mixin.py:190} INFO - 🚦 Giới hạn API đạt mức tối đa, chờ 2.9s...
[2025-10-07T13:29:36.782+0000] {logging_mixin.py:190} INFO - ⬇️ Bắt đầu xử lý symbol = VPI
[2025-10-07T13:29:36.798+0000] {logging_mixin.py:190} INFO - ⚠️ Không đọc được file cũ VPI: 'date'
[2025-10-07T13:29:36.804+0000] {logging_mixin.py:190} INFO - VPI: trích dữ liệu từ 2025-10-04 đến 2025-10-07
[2025-10-07T13:29:37.033+0000] {logging_mixin.py:190} INFO - Trích xuất 2 dòng mới cho VPI
[2025-10-07T13:29:37.039+0000] {logging_mixin.py:190} INFO - Append 2 dòng mới vào /opt/***/data/lake/VPI.csv
[2025-10-07T13:29:37.040+0000] {logging_mixin.py:190} INFO - ✅ Hoàn tất VPI, thêm 2 dòng mới.
[2025-10-07T13:29:39.041+0000] {logging_mixin.py:190} INFO - 🚦 Giới hạn API đạt mức tối đa, chờ 3.5s...
[2025-10-07T13:29:42.499+0000] {logging_mixin.py:190} INFO - ⬇️ Bắt đầu xử lý symbol = VPH
[2025-10-07T13:29:42.507+0000] {logging_mixin.py:190} INFO - ⚠️ Không đọc được file cũ VPH: 'date'
[2025-10-07T13:29:42.514+0000] {logging_mixin.py:190} INFO - VPH: trích dữ liệu từ 2025-10-04 đến 2025-10-07
[2025-10-07T13:29:42.843+0000] {logging_mixin.py:190} INFO - Trích xuất 2 dòng mới cho VPH
[2025-10-07T13:29:42.854+0000] {logging_mixin.py:190} INFO - Append 2 dòng mới vào /opt/***/data/lake/VPH.csv
[2025-10-07T13:29:42.855+0000] {logging_mixin.py:190} INFO - ✅ Hoàn tất VPH, thêm 2 dòng mới.
[2025-10-07T13:29:44.857+0000] {logging_mixin.py:190} INFO - 🚦 Giới hạn API đạt mức tối đa, chờ 2.4s...
[2025-10-07T13:29:47.224+0000] {logging_mixin.py:190} INFO - ⬇️ Bắt đầu xử lý symbol = VPG
[2025-10-07T13:29:47.232+0000] {logging_mixin.py:190} INFO - ⚠️ Không đọc được file cũ VPG: 'date'
[2025-10-07T13:29:47.238+0000] {logging_mixin.py:190} INFO - VPG: trích dữ liệu từ 2025-10-04 đến 2025-10-07
[2025-10-07T13:29:47.420+0000] {logging_mixin.py:190} INFO - Trích xuất 2 dòng mới cho VPG
[2025-10-07T13:29:47.428+0000] {logging_mixin.py:190} INFO - Append 2 dòng mới vào /opt/***/data/lake/VPG.csv
[2025-10-07T13:29:47.429+0000] {logging_mixin.py:190} INFO - ✅ Hoàn tất VPG, thêm 2 dòng mới.
[2025-10-07T13:29:49.432+0000] {logging_mixin.py:190} INFO - 🚦 Giới hạn API đạt mức tối đa, chờ 1.1s...
[2025-10-07T13:29:50.555+0000] {logging_mixin.py:190} INFO - ⬇️ Bắt đầu xử lý symbol = VPD
[2025-10-07T13:29:50.571+0000] {logging_mixin.py:190} INFO - ⚠️ Không đọc được file cũ VPD: 'date'
[2025-10-07T13:29:50.578+0000] {logging_mixin.py:190} INFO - VPD: trích dữ liệu từ 2025-10-04 đến 2025-10-07
[2025-10-07T13:29:50.739+0000] {logging_mixin.py:190} INFO - Trích xuất 2 dòng mới cho VPD
[2025-10-07T13:29:50.746+0000] {logging_mixin.py:190} INFO - Append 2 dòng mới vào /opt/***/data/lake/VPD.csv
[2025-10-07T13:29:50.747+0000] {logging_mixin.py:190} INFO - ✅ Hoàn tất VPD, thêm 2 dòng mới.
[2025-10-07T13:29:52.747+0000] {logging_mixin.py:190} INFO - 🚦 Giới hạn API đạt mức tối đa, chờ 38.9s...
[2025-10-07T13:30:31.357+0000] {logging_mixin.py:190} INFO - ⬇️ Bắt đầu xử lý symbol = VPC
[2025-10-07T13:30:31.367+0000] {logging_mixin.py:190} INFO - ⚠️ Không đọc được file cũ VPC: 'date'
[2025-10-07T13:30:31.374+0000] {logging_mixin.py:190} INFO - VPC: trích dữ liệu từ 2025-08-30 đến 2025-10-07
[2025-10-07T13:30:36.287+0000] {logging_mixin.py:190} INFO - Không tìm thấy dữ liệu cho VPC
[2025-10-07T13:30:36.289+0000] {logging_mixin.py:190} INFO - ℹ️ VPC: Không có dữ liệu mới.
[2025-10-07T13:30:36.290+0000] {logging_mixin.py:190} INFO - 🚦 Giới hạn API đạt mức tối đa, chờ 0.5s...
[2025-10-07T13:30:36.783+0000] {logging_mixin.py:190} INFO - ⬇️ Bắt đầu xử lý symbol = VPB
[2025-10-07T13:30:36.791+0000] {logging_mixin.py:190} INFO - ⚠️ Không đọc được file cũ VPB: 'date'
[2025-10-07T13:30:36.797+0000] {logging_mixin.py:190} INFO - VPB: trích dữ liệu từ 2025-10-04 đến 2025-10-07
[2025-10-07T13:30:36.956+0000] {logging_mixin.py:190} INFO - Trích xuất 2 dòng mới cho VPB
[2025-10-07T13:30:36.964+0000] {logging_mixin.py:190} INFO - Append 2 dòng mới vào /opt/***/data/lake/VPB.csv
[2025-10-07T13:30:36.965+0000] {logging_mixin.py:190} INFO - ✅ Hoàn tất VPB, thêm 2 dòng mới.
[2025-10-07T13:30:38.966+0000] {logging_mixin.py:190} INFO - 🚦 Giới hạn API đạt mức tối đa, chờ 3.5s...
[2025-10-07T13:30:42.502+0000] {logging_mixin.py:190} INFO - ⬇️ Bắt đầu xử lý symbol = VPA
[2025-10-07T13:30:42.517+0000] {logging_mixin.py:190} INFO - ⚠️ Không đọc được file cũ VPA: 'date'
[2025-10-07T13:30:42.524+0000] {logging_mixin.py:190} INFO - VPA: trích dữ liệu từ 2025-10-04 đến 2025-10-07
[2025-10-07T13:30:47.118+0000] {logging_mixin.py:190} INFO - Không tìm thấy dữ liệu cho VPA
[2025-10-07T13:30:47.120+0000] {logging_mixin.py:190} INFO - ℹ️ VPA: Không có dữ liệu mới.
[2025-10-07T13:30:47.121+0000] {logging_mixin.py:190} INFO - 🚦 Giới hạn API đạt mức tối đa, chờ 0.1s...
[2025-10-07T13:30:47.225+0000] {logging_mixin.py:190} INFO - ⬇️ Bắt đầu xử lý symbol = VOS
[2025-10-07T13:30:47.234+0000] {logging_mixin.py:190} INFO - ⚠️ Không đọc được file cũ VOS: 'date'
[2025-10-07T13:30:47.245+0000] {logging_mixin.py:190} INFO - VOS: trích dữ liệu từ 2025-10-04 đến 2025-10-07
[2025-10-07T13:30:47.486+0000] {logging_mixin.py:190} INFO - Trích xuất 2 dòng mới cho VOS
[2025-10-07T13:30:47.493+0000] {logging_mixin.py:190} INFO - Append 2 dòng mới vào /opt/***/data/lake/VOS.csv
[2025-10-07T13:30:47.494+0000] {logging_mixin.py:190} INFO - ✅ Hoàn tất VOS, thêm 2 dòng mới.
[2025-10-07T13:30:49.495+0000] {logging_mixin.py:190} INFO - 🚦 Giới hạn API đạt mức tối đa, chờ 1.1s...
[2025-10-07T13:30:50.557+0000] {logging_mixin.py:190} INFO - ⬇️ Bắt đầu xử lý symbol = VOC
[2025-10-07T13:30:50.573+0000] {logging_mixin.py:190} INFO - ⚠️ Không đọc được file cũ VOC: 'date'
[2025-10-07T13:30:50.579+0000] {logging_mixin.py:190} INFO - VOC: trích dữ liệu từ 2025-10-04 đến 2025-10-07
[2025-10-07T13:30:50.747+0000] {logging_mixin.py:190} INFO - Trích xuất 2 dòng mới cho VOC
[2025-10-07T13:30:50.754+0000] {logging_mixin.py:190} INFO - Append 2 dòng mới vào /opt/***/data/lake/VOC.csv
[2025-10-07T13:30:50.755+0000] {logging_mixin.py:190} INFO - ✅ Hoàn tất VOC, thêm 2 dòng mới.
[2025-10-07T13:30:52.757+0000] {logging_mixin.py:190} INFO - 🚦 Giới hạn API đạt mức tối đa, chờ 38.6s...
[2025-10-07T13:31:31.081+0000] {logging_mixin.py:190} INFO - ⬇️ Bắt đầu xử lý symbol = VNZ
[2025-10-07T13:31:31.095+0000] {logging_mixin.py:190} INFO - ⚠️ Không đọc được file cũ VNZ: 'date'
[2025-10-07T13:31:31.101+0000] {logging_mixin.py:190} INFO - VNZ: trích dữ liệu từ 2025-10-04 đến 2025-10-07
[2025-10-07T13:31:31.273+0000] {logging_mixin.py:190} INFO - Trích xuất 2 dòng mới cho VNZ
[2025-10-07T13:31:31.279+0000] {logging_mixin.py:190} INFO - Append 2 dòng mới vào /opt/***/data/lake/VNZ.csv
[2025-10-07T13:31:31.279+0000] {logging_mixin.py:190} INFO - ✅ Hoàn tất VNZ, thêm 2 dòng mới.
[2025-10-07T13:31:33.280+0000] {logging_mixin.py:190} INFO - 🚦 Giới hạn API đạt mức tối đa, chờ 3.5s...
[2025-10-07T13:31:36.784+0000] {logging_mixin.py:190} INFO - ⬇️ Bắt đầu xử lý symbol = VNY
[2025-10-07T13:31:36.792+0000] {logging_mixin.py:190} INFO - ⚠️ Không đọc được file cũ VNY: 'date'
[2025-10-07T13:31:36.799+0000] {logging_mixin.py:190} INFO - VNY: trích dữ liệu từ 2025-10-04 đến 2025-10-07
[2025-10-07T13:31:36.978+0000] {logging_mixin.py:190} INFO - Trích xuất 1 dòng mới cho VNY
[2025-10-07T13:31:36.984+0000] {logging_mixin.py:190} INFO - Append 1 dòng mới vào /opt/***/data/lake/VNY.csv
[2025-10-07T13:31:36.984+0000] {logging_mixin.py:190} INFO - ✅ Hoàn tất VNY, thêm 1 dòng mới.
[2025-10-07T13:31:38.985+0000] {logging_mixin.py:190} INFO - 🚦 Giới hạn API đạt mức tối đa, chờ 3.5s...
[2025-10-07T13:31:42.503+0000] {logging_mixin.py:190} INFO - ⬇️ Bắt đầu xử lý symbol = VNX
[2025-10-07T13:31:42.510+0000] {logging_mixin.py:190} INFO - ⚠️ Không đọc được file cũ VNX: 'date'
[2025-10-07T13:31:42.517+0000] {logging_mixin.py:190} INFO - VNX: trích dữ liệu từ 2025-08-15 đến 2025-10-07
[2025-10-07T13:31:47.358+0000] {logging_mixin.py:190} INFO - Không tìm thấy dữ liệu cho VNX
[2025-10-07T13:31:47.359+0000] {logging_mixin.py:190} INFO - ℹ️ VNX: Không có dữ liệu mới.
[2025-10-07T13:31:47.360+0000] {logging_mixin.py:190} INFO - ⬇️ Bắt đầu xử lý symbol = VNT
[2025-10-07T13:31:47.373+0000] {logging_mixin.py:190} INFO - ⚠️ Không đọc được file cũ VNT: 'date'
[2025-10-07T13:31:47.380+0000] {logging_mixin.py:190} INFO - VNT: trích dữ liệu từ 2025-10-02 đến 2025-10-07
[2025-10-07T13:31:47.648+0000] {logging_mixin.py:190} INFO - Trích xuất 1 dòng mới cho VNT
[2025-10-07T13:31:47.654+0000] {logging_mixin.py:190} INFO - Append 1 dòng mới vào /opt/***/data/lake/VNT.csv
[2025-10-07T13:31:47.655+0000] {logging_mixin.py:190} INFO - ✅ Hoàn tất VNT, thêm 1 dòng mới.
[2025-10-07T13:31:49.656+0000] {logging_mixin.py:190} INFO - 🚦 Giới hạn API đạt mức tối đa, chờ 0.9s...
[2025-10-07T13:31:50.558+0000] {logging_mixin.py:190} INFO - ⬇️ Bắt đầu xử lý symbol = VNS
[2025-10-07T13:31:50.566+0000] {logging_mixin.py:190} INFO - ⚠️ Không đọc được file cũ VNS: 'date'
[2025-10-07T13:31:50.573+0000] {logging_mixin.py:190} INFO - VNS: trích dữ liệu từ 2025-10-04 đến 2025-10-07
[2025-10-07T13:31:50.718+0000] {logging_mixin.py:190} INFO - Trích xuất 2 dòng mới cho VNS
[2025-10-07T13:31:50.723+0000] {logging_mixin.py:190} INFO - Append 2 dòng mới vào /opt/***/data/lake/VNS.csv
[2025-10-07T13:31:50.724+0000] {logging_mixin.py:190} INFO - ✅ Hoàn tất VNS, thêm 2 dòng mới.
[2025-10-07T13:31:52.724+0000] {logging_mixin.py:190} INFO - 🚦 Giới hạn API đạt mức tối đa, chờ 38.4s...
[2025-10-07T13:32:30.784+0000] {logging_mixin.py:190} INFO - ⬇️ Bắt đầu xử lý symbol = VNR
[2025-10-07T13:32:30.810+0000] {logging_mixin.py:190} INFO - ⚠️ Không đọc được file cũ VNR: 'date'
[2025-10-07T13:32:30.834+0000] {logging_mixin.py:190} INFO - VNR: trích dữ liệu từ 2025-10-04 đến 2025-10-07
[2025-10-07T13:32:30.990+0000] {logging_mixin.py:190} INFO - Trích xuất 2 dòng mới cho VNR
[2025-10-07T13:32:31.010+0000] {logging_mixin.py:190} INFO - Append 2 dòng mới vào /opt/***/data/lake/VNR.csv
[2025-10-07T13:32:31.011+0000] {logging_mixin.py:190} INFO - ✅ Hoàn tất VNR, thêm 2 dòng mới.
[2025-10-07T13:32:33.012+0000] {logging_mixin.py:190} INFO - 🚦 Giới hạn API đạt mức tối đa, chờ 3.8s...
[2025-10-07T13:32:36.795+0000] {logging_mixin.py:190} INFO - ⬇️ Bắt đầu xử lý symbol = VNP
[2025-10-07T13:32:36.804+0000] {logging_mixin.py:190} INFO - ⚠️ Không đọc được file cũ VNP: 'date'
[2025-10-07T13:32:36.810+0000] {logging_mixin.py:190} INFO - VNP: trích dữ liệu từ 2025-10-04 đến 2025-10-07
[2025-10-07T13:32:36.953+0000] {logging_mixin.py:190} INFO - Trích xuất 2 dòng mới cho VNP
[2025-10-07T13:32:36.959+0000] {logging_mixin.py:190} INFO - Append 2 dòng mới vào /opt/***/data/lake/VNP.csv
[2025-10-07T13:32:36.959+0000] {logging_mixin.py:190} INFO - ✅ Hoàn tất VNP, thêm 2 dòng mới.
[2025-10-07T13:32:38.960+0000] {logging_mixin.py:190} INFO - 🚦 Giới hạn API đạt mức tối đa, chờ 3.5s...
[2025-10-07T13:32:42.504+0000] {logging_mixin.py:190} INFO - ⬇️ Bắt đầu xử lý symbol = VNM
[2025-10-07T13:32:42.512+0000] {logging_mixin.py:190} INFO - ⚠️ Không đọc được file cũ VNM: 'date'
[2025-10-07T13:32:42.518+0000] {logging_mixin.py:190} INFO - VNM: trích dữ liệu từ 2025-10-04 đến 2025-10-07
[2025-10-07T13:32:42.780+0000] {logging_mixin.py:190} INFO - Trích xuất 2 dòng mới cho VNM
[2025-10-07T13:32:42.786+0000] {logging_mixin.py:190} INFO - Append 2 dòng mới vào /opt/***/data/lake/VNM.csv
[2025-10-07T13:32:42.786+0000] {logging_mixin.py:190} INFO - ✅ Hoàn tất VNM, thêm 2 dòng mới.
[2025-10-07T13:32:44.787+0000] {logging_mixin.py:190} INFO - 🚦 Giới hạn API đạt mức tối đa, chờ 2.6s...
[2025-10-07T13:32:47.361+0000] {logging_mixin.py:190} INFO - ⬇️ Bắt đầu xử lý symbol = VNL
[2025-10-07T13:32:47.375+0000] {logging_mixin.py:190} INFO - ⚠️ Không đọc được file cũ VNL: 'date'
[2025-10-07T13:32:47.384+0000] {logging_mixin.py:190} INFO - VNL: trích dữ liệu từ 2025-10-04 đến 2025-10-07
[2025-10-07T13:32:47.557+0000] {logging_mixin.py:190} INFO - Trích xuất 2 dòng mới cho VNL
[2025-10-07T13:32:47.564+0000] {logging_mixin.py:190} INFO - Append 2 dòng mới vào /opt/***/data/lake/VNL.csv
[2025-10-07T13:32:47.564+0000] {logging_mixin.py:190} INFO - ✅ Hoàn tất VNL, thêm 2 dòng mới.
[2025-10-07T13:32:49.565+0000] {logging_mixin.py:190} INFO - 🚦 Giới hạn API đạt mức tối đa, chờ 1.0s...
[2025-10-07T13:32:50.561+0000] {logging_mixin.py:190} INFO - ⬇️ Bắt đầu xử lý symbol = VNI
[2025-10-07T13:32:50.576+0000] {logging_mixin.py:190} INFO - ⚠️ Không đọc được file cũ VNI: 'date'
[2025-10-07T13:32:50.584+0000] {logging_mixin.py:190} INFO - VNI: trích dữ liệu từ 2025-10-04 đến 2025-10-07
[2025-10-07T13:32:50.822+0000] {logging_mixin.py:190} INFO - Trích xuất 2 dòng mới cho VNI
[2025-10-07T13:32:50.827+0000] {logging_mixin.py:190} INFO - Append 2 dòng mới vào /opt/***/data/lake/VNI.csv
[2025-10-07T13:32:50.828+0000] {logging_mixin.py:190} INFO - ✅ Hoàn tất VNI, thêm 2 dòng mới.
[2025-10-07T13:32:52.829+0000] {logging_mixin.py:190} INFO - 🚦 Giới hạn API đạt mức tối đa, chờ 38.0s...
[2025-10-07T13:33:30.503+0000] {logging_mixin.py:190} INFO - ⬇️ Bắt đầu xử lý symbol = VNH
[2025-10-07T13:33:30.513+0000] {logging_mixin.py:190} INFO - ⚠️ Không đọc được file cũ VNH: 'date'
[2025-10-07T13:33:30.519+0000] {logging_mixin.py:190} INFO - VNH: trích dữ liệu từ 2025-10-04 đến 2025-10-07
[2025-10-07T13:33:35.178+0000] {logging_mixin.py:190} INFO - Không tìm thấy dữ liệu cho VNH
[2025-10-07T13:33:35.179+0000] {logging_mixin.py:190} INFO - ℹ️ VNH: Không có dữ liệu mới.
[2025-10-07T13:33:35.180+0000] {logging_mixin.py:190} INFO - 🚦 Giới hạn API đạt mức tối đa, chờ 1.6s...
[2025-10-07T13:33:36.796+0000] {logging_mixin.py:190} INFO - ⬇️ Bắt đầu xử lý symbol = VNG
[2025-10-07T13:33:36.805+0000] {logging_mixin.py:190} INFO - ⚠️ Không đọc được file cũ VNG: 'date'
[2025-10-07T13:33:36.812+0000] {logging_mixin.py:190} INFO - VNG: trích dữ liệu từ 2025-10-04 đến 2025-10-07
[2025-10-07T13:33:36.986+0000] {logging_mixin.py:190} INFO - Trích xuất 2 dòng mới cho VNG
[2025-10-07T13:33:36.993+0000] {logging_mixin.py:190} INFO - Append 2 dòng mới vào /opt/***/data/lake/VNG.csv
[2025-10-07T13:33:36.993+0000] {logging_mixin.py:190} INFO - ✅ Hoàn tất VNG, thêm 2 dòng mới.
[2025-10-07T13:33:38.994+0000] {logging_mixin.py:190} INFO - 🚦 Giới hạn API đạt mức tối đa, chờ 3.5s...
[2025-10-07T13:33:42.505+0000] {logging_mixin.py:190} INFO - ⬇️ Bắt đầu xử lý symbol = VNF
[2025-10-07T13:33:42.513+0000] {logging_mixin.py:190} INFO - ⚠️ Không đọc được file cũ VNF: 'date'
[2025-10-07T13:33:42.522+0000] {logging_mixin.py:190} INFO - VNF: trích dữ liệu từ 2025-10-04 đến 2025-10-07
[2025-10-07T13:33:42.741+0000] {logging_mixin.py:190} INFO - Trích xuất 2 dòng mới cho VNF
[2025-10-07T13:33:42.747+0000] {logging_mixin.py:190} INFO - Append 2 dòng mới vào /opt/***/data/lake/VNF.csv
[2025-10-07T13:33:42.748+0000] {logging_mixin.py:190} INFO - ✅ Hoàn tất VNF, thêm 2 dòng mới.
[2025-10-07T13:33:44.749+0000] {logging_mixin.py:190} INFO - 🚦 Giới hạn API đạt mức tối đa, chờ 2.6s...
[2025-10-07T13:33:47.362+0000] {logging_mixin.py:190} INFO - ⬇️ Bắt đầu xử lý symbol = VNE
[2025-10-07T13:33:47.380+0000] {logging_mixin.py:190} INFO - ⚠️ Không đọc được file cũ VNE: 'date'
[2025-10-07T13:33:47.388+0000] {logging_mixin.py:190} INFO - VNE: trích dữ liệu từ 2025-10-04 đến 2025-10-07
[2025-10-07T13:33:47.585+0000] {logging_mixin.py:190} INFO - Trích xuất 2 dòng mới cho VNE
[2025-10-07T13:33:47.592+0000] {logging_mixin.py:190} INFO - Append 2 dòng mới vào /opt/***/data/lake/VNE.csv
[2025-10-07T13:33:47.593+0000] {logging_mixin.py:190} INFO - ✅ Hoàn tất VNE, thêm 2 dòng mới.
[2025-10-07T13:33:49.594+0000] {logging_mixin.py:190} INFO - 🚦 Giới hạn API đạt mức tối đa, chờ 1.0s...
[2025-10-07T13:33:50.562+0000] {logging_mixin.py:190} INFO - ⬇️ Bắt đầu xử lý symbol = VND
[2025-10-07T13:33:50.570+0000] {logging_mixin.py:190} INFO - ⚠️ Không đọc được file cũ VND: 'date'
[2025-10-07T13:33:50.576+0000] {logging_mixin.py:190} INFO - VND: trích dữ liệu từ 2025-10-04 đến 2025-10-07
[2025-10-07T13:33:50.732+0000] {logging_mixin.py:190} INFO - Trích xuất 2 dòng mới cho VND
[2025-10-07T13:33:50.739+0000] {logging_mixin.py:190} INFO - Append 2 dòng mới vào /opt/***/data/lake/VND.csv
[2025-10-07T13:33:50.739+0000] {logging_mixin.py:190} INFO - ✅ Hoàn tất VND, thêm 2 dòng mới.
[2025-10-07T13:33:52.741+0000] {logging_mixin.py:190} INFO - 🚦 Giới hạn API đạt mức tối đa, chờ 37.8s...
[2025-10-07T13:34:30.199+0000] {logging_mixin.py:190} INFO - ⬇️ Bắt đầu xử lý symbol = VNC
[2025-10-07T13:34:30.206+0000] {logging_mixin.py:190} INFO - ⚠️ Không đọc được file cũ VNC: 'date'
[2025-10-07T13:34:30.213+0000] {logging_mixin.py:190} INFO - VNC: trích dữ liệu từ 2025-10-04 đến 2025-10-07
[2025-10-07T13:34:30.432+0000] {logging_mixin.py:190} INFO - Trích xuất 2 dòng mới cho VNC
[2025-10-07T13:34:30.439+0000] {logging_mixin.py:190} INFO - Append 2 dòng mới vào /opt/***/data/lake/VNC.csv
[2025-10-07T13:34:30.440+0000] {logging_mixin.py:190} INFO - ✅ Hoàn tất VNC, thêm 2 dòng mới.
[2025-10-07T13:34:32.440+0000] {logging_mixin.py:190} INFO - 🚦 Giới hạn API đạt mức tối đa, chờ 4.4s...
[2025-10-07T13:34:36.797+0000] {logging_mixin.py:190} INFO - ⬇️ Bắt đầu xử lý symbol = VNB
[2025-10-07T13:34:36.806+0000] {logging_mixin.py:190} INFO - ⚠️ Không đọc được file cũ VNB: 'date'
[2025-10-07T13:34:36.813+0000] {logging_mixin.py:190} INFO - VNB: trích dữ liệu từ 2025-10-04 đến 2025-10-07
[2025-10-07T13:34:37.162+0000] {logging_mixin.py:190} INFO - Trích xuất 2 dòng mới cho VNB
[2025-10-07T13:34:37.169+0000] {logging_mixin.py:190} INFO - Append 2 dòng mới vào /opt/***/data/lake/VNB.csv
[2025-10-07T13:34:37.170+0000] {logging_mixin.py:190} INFO - ✅ Hoàn tất VNB, thêm 2 dòng mới.
[2025-10-07T13:34:39.171+0000] {logging_mixin.py:190} INFO - 🚦 Giới hạn API đạt mức tối đa, chờ 3.3s...
[2025-10-07T13:34:42.506+0000] {logging_mixin.py:190} INFO - ⬇️ Bắt đầu xử lý symbol = VNA
[2025-10-07T13:34:42.515+0000] {logging_mixin.py:190} INFO - ⚠️ Không đọc được file cũ VNA: 'date'
[2025-10-07T13:34:42.523+0000] {logging_mixin.py:190} INFO - VNA: trích dữ liệu từ 2025-10-04 đến 2025-10-07
[2025-10-07T13:34:42.728+0000] {logging_mixin.py:190} INFO - Trích xuất 2 dòng mới cho VNA
[2025-10-07T13:34:42.735+0000] {logging_mixin.py:190} INFO - Append 2 dòng mới vào /opt/***/data/lake/VNA.csv
[2025-10-07T13:34:42.736+0000] {logging_mixin.py:190} INFO - ✅ Hoàn tất VNA, thêm 2 dòng mới.
[2025-10-07T13:34:44.737+0000] {logging_mixin.py:190} INFO - 🚦 Giới hạn API đạt mức tối đa, chờ 2.6s...
[2025-10-07T13:34:47.367+0000] {logging_mixin.py:190} INFO - ⬇️ Bắt đầu xử lý symbol = VMT
[2025-10-07T13:34:47.384+0000] {logging_mixin.py:190} INFO - ⚠️ Không đọc được file cũ VMT: 'date'
[2025-10-07T13:34:47.392+0000] {logging_mixin.py:190} INFO - VMT: trích dữ liệu từ 2025-09-17 đến 2025-10-07
[2025-10-07T13:34:52.769+0000] {logging_mixin.py:190} INFO - Không tìm thấy dữ liệu cho VMT
[2025-10-07T13:34:52.770+0000] {logging_mixin.py:190} INFO - ℹ️ VMT: Không có dữ liệu mới.
[2025-10-07T13:34:52.770+0000] {logging_mixin.py:190} INFO - ⬇️ Bắt đầu xử lý symbol = VMS
[2025-10-07T13:34:52.778+0000] {logging_mixin.py:190} INFO - ⚠️ Không đọc được file cũ VMS: 'date'
[2025-10-07T13:34:52.784+0000] {logging_mixin.py:190} INFO - VMS: trích dữ liệu từ 2025-10-01 đến 2025-10-07
[2025-10-07T13:34:57.352+0000] {logging_mixin.py:190} INFO - Không tìm thấy dữ liệu cho VMS
[2025-10-07T13:34:57.353+0000] {logging_mixin.py:190} INFO - ℹ️ VMS: Không có dữ liệu mới.
[2025-10-07T13:34:57.354+0000] {logging_mixin.py:190} INFO - 🚦 Giới hạn API đạt mức tối đa, chờ 32.8s...
[2025-10-07T13:35:30.049+0000] {logging_mixin.py:190} INFO - ⬇️ Bắt đầu xử lý symbol = VMK
[2025-10-07T13:35:30.057+0000] {logging_mixin.py:190} INFO - ⚠️ Không đọc được file cũ VMK: 'date'
[2025-10-07T13:35:30.064+0000] {logging_mixin.py:190} INFO - VMK: trích dữ liệu từ 2025-09-17 đến 2025-10-07
[2025-10-07T13:35:35.298+0000] {logging_mixin.py:190} INFO - Không tìm thấy dữ liệu cho VMK
[2025-10-07T13:35:35.300+0000] {logging_mixin.py:190} INFO - ℹ️ VMK: Không có dữ liệu mới.
[2025-10-07T13:35:35.300+0000] {logging_mixin.py:190} INFO - 🚦 Giới hạn API đạt mức tối đa, chờ 1.5s...
[2025-10-07T13:35:36.798+0000] {logging_mixin.py:190} INFO - ⬇️ Bắt đầu xử lý symbol = VMI
[2025-10-07T13:35:36.804+0000] {logging_mixin.py:190} INFO - ⚠️ Không đọc được file cũ VMI: 'date'
[2025-10-07T13:35:36.808+0000] {logging_mixin.py:190} INFO - VMI: trích dữ liệu từ 2022-09-17 đến 2025-10-07
[2025-10-07T13:35:41.612+0000] {logging_mixin.py:190} INFO - Không tìm thấy dữ liệu cho VMI
[2025-10-07T13:35:41.614+0000] {logging_mixin.py:190} INFO - ℹ️ VMI: Không có dữ liệu mới.
[2025-10-07T13:35:41.614+0000] {logging_mixin.py:190} INFO - 🚦 Giới hạn API đạt mức tối đa, chờ 0.9s...
[2025-10-07T13:35:42.508+0000] {logging_mixin.py:190} INFO - ⬇️ Bắt đầu xử lý symbol = VMG
[2025-10-07T13:35:42.516+0000] {logging_mixin.py:190} INFO - ⚠️ Không đọc được file cũ VMG: 'date'
[2025-10-07T13:35:42.523+0000] {logging_mixin.py:190} INFO - VMG: trích dữ liệu từ 2025-10-03 đến 2025-10-07
[2025-10-07T13:35:42.761+0000] {logging_mixin.py:190} INFO - Trích xuất 1 dòng mới cho VMG
[2025-10-07T13:35:42.767+0000] {logging_mixin.py:190} INFO - Append 1 dòng mới vào /opt/***/data/lake/VMG.csv
[2025-10-07T13:35:42.768+0000] {logging_mixin.py:190} INFO - ✅ Hoàn tất VMG, thêm 1 dòng mới.
[2025-10-07T13:35:44.769+0000] {logging_mixin.py:190} INFO - 🚦 Giới hạn API đạt mức tối đa, chờ 2.6s...
[2025-10-07T13:35:47.368+0000] {logging_mixin.py:190} INFO - ⬇️ Bắt đầu xử lý symbol = VMD
[2025-10-07T13:35:47.377+0000] {logging_mixin.py:190} INFO - ⚠️ Không đọc được file cũ VMD: 'date'
[2025-10-07T13:35:47.385+0000] {logging_mixin.py:190} INFO - VMD: trích dữ liệu từ 2025-10-04 đến 2025-10-07
[2025-10-07T13:35:47.547+0000] {logging_mixin.py:190} INFO - Trích xuất 2 dòng mới cho VMD
[2025-10-07T13:35:47.553+0000] {logging_mixin.py:190} INFO - Append 2 dòng mới vào /opt/***/data/lake/VMD.csv
[2025-10-07T13:35:47.553+0000] {logging_mixin.py:190} INFO - ✅ Hoàn tất VMD, thêm 2 dòng mới.
[2025-10-07T13:35:49.554+0000] {logging_mixin.py:190} INFO - 🚦 Giới hạn API đạt mức tối đa, chờ 3.2s...
[2025-10-07T13:35:52.628+0000] {logging_mixin.py:190} INFO - ⬇️ Bắt đầu xử lý symbol = VMC
[2025-10-07T13:35:52.636+0000] {logging_mixin.py:190} INFO - ⚠️ Không đọc được file cũ VMC: 'date'
[2025-10-07T13:35:52.642+0000] {logging_mixin.py:190} INFO - VMC: trích dữ liệu từ 2025-10-04 đến 2025-10-07
[2025-10-07T13:35:52.826+0000] {logging_mixin.py:190} INFO - Trích xuất 2 dòng mới cho VMC
[2025-10-07T13:35:52.833+0000] {logging_mixin.py:190} INFO - Append 2 dòng mới vào /opt/***/data/lake/VMC.csv
[2025-10-07T13:35:52.834+0000] {logging_mixin.py:190} INFO - ✅ Hoàn tất VMC, thêm 2 dòng mới.
[2025-10-07T13:35:54.835+0000] {python.py:240} INFO - Done. Returned value was: None
[2025-10-07T13:35:54.843+0000] {taskinstance.py:341} INFO - ::group::Post task execution logs
[2025-10-07T13:35:54.844+0000] {taskinstance.py:353} INFO - Marking task as SUCCESS. dag_id=vnstock_weekly_etl_incremental, task_id=process_batch, run_id=manual__2025-10-07T10:44:44.201464+00:00, map_index=1, execution_date=20251007T104444, start_date=20251007T132631, end_date=20251007T133554
[2025-10-07T13:35:54.896+0000] {local_task_job_runner.py:266} INFO - Task exited with return code 0
[2025-10-07T13:35:55.025+0000] {taskinstance.py:3901} INFO - 0 downstream tasks scheduled from follow-on schedule check
[2025-10-07T13:35:55.028+0000] {local_task_job_runner.py:245} INFO - ::endgroup::
