[2025-10-07T10:16:41.520+0000] {local_task_job_runner.py:123} INFO - ::group::Pre task execution logs
[2025-10-07T10:16:41.647+0000] {taskinstance.py:2614} INFO - Dependencies all met for dep_context=non-requeueable deps ti=<TaskInstance: vnstock_weekly_etl_incremental.process_batch manual__2025-10-07T10:01:57.519057+00:00 map_index=13 [queued]>
[2025-10-07T10:16:41.698+0000] {taskinstance.py:2614} INFO - Dependencies all met for dep_context=requeueable deps ti=<TaskInstance: vnstock_weekly_etl_incremental.process_batch manual__2025-10-07T10:01:57.519057+00:00 map_index=13 [queued]>
[2025-10-07T10:16:41.701+0000] {taskinstance.py:2867} INFO - Starting attempt 1 of 3
[2025-10-07T10:16:41.776+0000] {taskinstance.py:2890} INFO - Executing <Mapped(_PythonDecoratedOperator): process_batch> on 2025-10-07 10:01:57.519057+00:00
[2025-10-07T10:16:41.906+0000] {logging_mixin.py:190} WARNING - /home/***/.local/lib/python3.12/site-packages/***/task/task_runner/standard_task_runner.py:70 DeprecationWarning: This process (pid=301) is multi-threaded, use of fork() may lead to deadlocks in the child.
[2025-10-07T10:16:41.920+0000] {standard_task_runner.py:72} INFO - Started process 469 to run task
[2025-10-07T10:16:41.876+0000] {standard_task_runner.py:104} INFO - Running: ['***', 'tasks', 'run', 'vnstock_weekly_etl_incremental', 'process_batch', 'manual__2025-10-07T10:01:57.519057+00:00', '--job-id', '13', '--raw', '--subdir', 'DAGS_FOLDER/dag.py', '--cfg-path', '/tmp/tmpj9ek3e7t', '--map-index', '13']
[2025-10-07T10:16:41.930+0000] {standard_task_runner.py:105} INFO - Job 13: Subtask process_batch
[2025-10-07T10:16:42.045+0000] {logging_mixin.py:190} WARNING - /home/***/.local/lib/python3.12/site-packages/***/settings.py:209 DeprecationWarning: The sql_alchemy_conn option in [core] has been moved to the sql_alchemy_conn option in [database] - the old setting has been used, but please update your config.
[2025-10-07T10:16:42.329+0000] {task_command.py:467} INFO - Running <TaskInstance: vnstock_weekly_etl_incremental.process_batch manual__2025-10-07T10:01:57.519057+00:00 map_index=13 [running]> on host e3278e0f0bbc
[2025-10-07T10:16:51.177+0000] {taskinstance.py:3134} INFO - Exporting env vars: AIRFLOW_CTX_DAG_OWNER='***' AIRFLOW_CTX_DAG_ID='vnstock_weekly_etl_incremental' AIRFLOW_CTX_TASK_ID='process_batch' AIRFLOW_CTX_EXECUTION_DATE='2025-10-07T10:01:57.519057+00:00' AIRFLOW_CTX_TRY_NUMBER='1' AIRFLOW_CTX_DAG_RUN_ID='manual__2025-10-07T10:01:57.519057+00:00'
[2025-10-07T10:16:51.190+0000] {taskinstance.py:732} INFO - ::endgroup::
[2025-10-07T10:16:51.195+0000] {logging_mixin.py:190} INFO - ⚠️ Lỗi khi xử lý PPS: 'Limiter' object has no attribute 'ratelimit'
[2025-10-07T10:16:51.196+0000] {logging_mixin.py:190} INFO - ⚠️ Lỗi khi xử lý PPP: 'Limiter' object has no attribute 'ratelimit'
[2025-10-07T10:16:51.197+0000] {logging_mixin.py:190} INFO - ⚠️ Lỗi khi xử lý PPI: 'Limiter' object has no attribute 'ratelimit'
[2025-10-07T10:16:51.198+0000] {logging_mixin.py:190} INFO - ⚠️ Lỗi khi xử lý PPH: 'Limiter' object has no attribute 'ratelimit'
[2025-10-07T10:16:51.205+0000] {logging_mixin.py:190} INFO - ⚠️ Lỗi khi xử lý PPE: 'Limiter' object has no attribute 'ratelimit'
[2025-10-07T10:16:51.209+0000] {logging_mixin.py:190} INFO - ⚠️ Lỗi khi xử lý PPC: 'Limiter' object has no attribute 'ratelimit'
[2025-10-07T10:16:51.210+0000] {logging_mixin.py:190} INFO - ⚠️ Lỗi khi xử lý POW: 'Limiter' object has no attribute 'ratelimit'
[2025-10-07T10:16:51.212+0000] {logging_mixin.py:190} INFO - ⚠️ Lỗi khi xử lý POV: 'Limiter' object has no attribute 'ratelimit'
[2025-10-07T10:16:51.212+0000] {logging_mixin.py:190} INFO - ⚠️ Lỗi khi xử lý POT: 'Limiter' object has no attribute 'ratelimit'
[2025-10-07T10:16:51.213+0000] {logging_mixin.py:190} INFO - ⚠️ Lỗi khi xử lý POS: 'Limiter' object has no attribute 'ratelimit'
[2025-10-07T10:16:51.215+0000] {logging_mixin.py:190} INFO - ⚠️ Lỗi khi xử lý POM: 'Limiter' object has no attribute 'ratelimit'
[2025-10-07T10:16:51.221+0000] {logging_mixin.py:190} INFO - ⚠️ Lỗi khi xử lý POB: 'Limiter' object has no attribute 'ratelimit'
[2025-10-07T10:16:51.224+0000] {logging_mixin.py:190} INFO - ⚠️ Lỗi khi xử lý PNT: 'Limiter' object has no attribute 'ratelimit'
[2025-10-07T10:16:51.234+0000] {logging_mixin.py:190} INFO - ⚠️ Lỗi khi xử lý PNP: 'Limiter' object has no attribute 'ratelimit'
[2025-10-07T10:16:51.237+0000] {logging_mixin.py:190} INFO - ⚠️ Lỗi khi xử lý PNJ: 'Limiter' object has no attribute 'ratelimit'
[2025-10-07T10:16:51.238+0000] {logging_mixin.py:190} INFO - ⚠️ Lỗi khi xử lý PNG: 'Limiter' object has no attribute 'ratelimit'
[2025-10-07T10:16:51.247+0000] {logging_mixin.py:190} INFO - ⚠️ Lỗi khi xử lý PND: 'Limiter' object has no attribute 'ratelimit'
[2025-10-07T10:16:51.249+0000] {logging_mixin.py:190} INFO - ⚠️ Lỗi khi xử lý PNC: 'Limiter' object has no attribute 'ratelimit'
[2025-10-07T10:16:51.250+0000] {logging_mixin.py:190} INFO - ⚠️ Lỗi khi xử lý PMW: 'Limiter' object has no attribute 'ratelimit'
[2025-10-07T10:16:51.250+0000] {logging_mixin.py:190} INFO - ⚠️ Lỗi khi xử lý PMT: 'Limiter' object has no attribute 'ratelimit'
[2025-10-07T10:16:51.251+0000] {logging_mixin.py:190} INFO - ⚠️ Lỗi khi xử lý PMS: 'Limiter' object has no attribute 'ratelimit'
[2025-10-07T10:16:51.262+0000] {logging_mixin.py:190} INFO - ⚠️ Lỗi khi xử lý PMP: 'Limiter' object has no attribute 'ratelimit'
[2025-10-07T10:16:51.263+0000] {logging_mixin.py:190} INFO - ⚠️ Lỗi khi xử lý PMJ: 'Limiter' object has no attribute 'ratelimit'
[2025-10-07T10:16:51.264+0000] {logging_mixin.py:190} INFO - ⚠️ Lỗi khi xử lý PMG: 'Limiter' object has no attribute 'ratelimit'
[2025-10-07T10:16:51.265+0000] {logging_mixin.py:190} INFO - ⚠️ Lỗi khi xử lý PMC: 'Limiter' object has no attribute 'ratelimit'
[2025-10-07T10:16:51.265+0000] {logging_mixin.py:190} INFO - ⚠️ Lỗi khi xử lý PMB: 'Limiter' object has no attribute 'ratelimit'
[2025-10-07T10:16:51.267+0000] {logging_mixin.py:190} INFO - ⚠️ Lỗi khi xử lý PLX: 'Limiter' object has no attribute 'ratelimit'
[2025-10-07T10:16:51.273+0000] {logging_mixin.py:190} INFO - ⚠️ Lỗi khi xử lý PLP: 'Limiter' object has no attribute 'ratelimit'
[2025-10-07T10:16:51.279+0000] {logging_mixin.py:190} INFO - ⚠️ Lỗi khi xử lý PLO: 'Limiter' object has no attribute 'ratelimit'
[2025-10-07T10:16:51.281+0000] {logging_mixin.py:190} INFO - ⚠️ Lỗi khi xử lý PLE: 'Limiter' object has no attribute 'ratelimit'
[2025-10-07T10:16:51.281+0000] {logging_mixin.py:190} INFO - ⚠️ Lỗi khi xử lý PLC: 'Limiter' object has no attribute 'ratelimit'
[2025-10-07T10:16:51.282+0000] {logging_mixin.py:190} INFO - ⚠️ Lỗi khi xử lý PLA: 'Limiter' object has no attribute 'ratelimit'
[2025-10-07T10:16:51.282+0000] {logging_mixin.py:190} INFO - ⚠️ Lỗi khi xử lý PJT: 'Limiter' object has no attribute 'ratelimit'
[2025-10-07T10:16:51.285+0000] {logging_mixin.py:190} INFO - ⚠️ Lỗi khi xử lý PJS: 'Limiter' object has no attribute 'ratelimit'
[2025-10-07T10:16:51.287+0000] {logging_mixin.py:190} INFO - ⚠️ Lỗi khi xử lý PJC: 'Limiter' object has no attribute 'ratelimit'
[2025-10-07T10:16:51.287+0000] {logging_mixin.py:190} INFO - ⚠️ Lỗi khi xử lý PIV: 'Limiter' object has no attribute 'ratelimit'
[2025-10-07T10:16:51.288+0000] {logging_mixin.py:190} INFO - ⚠️ Lỗi khi xử lý PIT: 'Limiter' object has no attribute 'ratelimit'
[2025-10-07T10:16:51.288+0000] {logging_mixin.py:190} INFO - ⚠️ Lỗi khi xử lý PIS: 'Limiter' object has no attribute 'ratelimit'
[2025-10-07T10:16:51.303+0000] {logging_mixin.py:190} INFO - ⚠️ Lỗi khi xử lý PID: 'Limiter' object has no attribute 'ratelimit'
[2025-10-07T10:16:51.309+0000] {logging_mixin.py:190} INFO - ⚠️ Lỗi khi xử lý PIC: 'Limiter' object has no attribute 'ratelimit'
[2025-10-07T10:16:51.310+0000] {logging_mixin.py:190} INFO - ⚠️ Lỗi khi xử lý PIA: 'Limiter' object has no attribute 'ratelimit'
[2025-10-07T10:16:51.316+0000] {logging_mixin.py:190} INFO - ⚠️ Lỗi khi xử lý PHS: 'Limiter' object has no attribute 'ratelimit'
[2025-10-07T10:16:51.317+0000] {logging_mixin.py:190} INFO - ⚠️ Lỗi khi xử lý PHR: 'Limiter' object has no attribute 'ratelimit'
[2025-10-07T10:16:51.318+0000] {logging_mixin.py:190} INFO - ⚠️ Lỗi khi xử lý PHP: 'Limiter' object has no attribute 'ratelimit'
[2025-10-07T10:16:51.319+0000] {logging_mixin.py:190} INFO - ⚠️ Lỗi khi xử lý PHN: 'Limiter' object has no attribute 'ratelimit'
[2025-10-07T10:16:51.321+0000] {logging_mixin.py:190} INFO - ⚠️ Lỗi khi xử lý PHH: 'Limiter' object has no attribute 'ratelimit'
[2025-10-07T10:16:51.327+0000] {logging_mixin.py:190} INFO - ⚠️ Lỗi khi xử lý PHC: 'Limiter' object has no attribute 'ratelimit'
[2025-10-07T10:16:51.328+0000] {logging_mixin.py:190} INFO - ⚠️ Lỗi khi xử lý PGV: 'Limiter' object has no attribute 'ratelimit'
[2025-10-07T10:16:51.334+0000] {logging_mixin.py:190} INFO - ⚠️ Lỗi khi xử lý PGT: 'Limiter' object has no attribute 'ratelimit'
[2025-10-07T10:16:51.335+0000] {logging_mixin.py:190} INFO - ⚠️ Lỗi khi xử lý PGS: 'Limiter' object has no attribute 'ratelimit'
[2025-10-07T10:16:51.335+0000] {python.py:240} INFO - Done. Returned value was: None
[2025-10-07T10:16:51.384+0000] {taskinstance.py:341} INFO - ::group::Post task execution logs
[2025-10-07T10:16:51.387+0000] {taskinstance.py:353} INFO - Marking task as SUCCESS. dag_id=vnstock_weekly_etl_incremental, task_id=process_batch, run_id=manual__2025-10-07T10:01:57.519057+00:00, map_index=13, execution_date=20251007T100157, start_date=20251007T101641, end_date=20251007T101651
[2025-10-07T10:16:52.033+0000] {local_task_job_runner.py:266} INFO - Task exited with return code 0
[2025-10-07T10:16:52.052+0000] {local_task_job_runner.py:245} INFO - ::endgroup::
