[2025-10-07T10:36:55.897+0000] {local_task_job_runner.py:123} INFO - ::group::Pre task execution logs
[2025-10-07T10:36:55.932+0000] {taskinstance.py:2614} INFO - Dependencies all met for dep_context=non-requeueable deps ti=<TaskInstance: vnstock_weekly_etl_incremental.process_batch manual__2025-10-07T10:36:05.597506+00:00 map_index=27 [queued]>
[2025-10-07T10:36:55.948+0000] {taskinstance.py:2614} INFO - Dependencies all met for dep_context=requeueable deps ti=<TaskInstance: vnstock_weekly_etl_incremental.process_batch manual__2025-10-07T10:36:05.597506+00:00 map_index=27 [queued]>
[2025-10-07T10:36:55.949+0000] {taskinstance.py:2867} INFO - Starting attempt 1 of 3
[2025-10-07T10:36:55.969+0000] {taskinstance.py:2890} INFO - Executing <Mapped(_PythonDecoratedOperator): process_batch> on 2025-10-07 10:36:05.597506+00:00
[2025-10-07T10:36:55.991+0000] {logging_mixin.py:190} WARNING - /home/***/.local/lib/python3.12/site-packages/***/task/task_runner/standard_task_runner.py:70 DeprecationWarning: This process (pid=3045) is multi-threaded, use of fork() may lead to deadlocks in the child.
[2025-10-07T10:36:55.993+0000] {standard_task_runner.py:72} INFO - Started process 3100 to run task
[2025-10-07T10:36:55.994+0000] {standard_task_runner.py:104} INFO - Running: ['***', 'tasks', 'run', 'vnstock_weekly_etl_incremental', 'process_batch', 'manual__2025-10-07T10:36:05.597506+00:00', '--job-id', '109', '--raw', '--subdir', 'DAGS_FOLDER/dag.py', '--cfg-path', '/tmp/tmprrvzt1po', '--map-index', '27']
[2025-10-07T10:36:55.995+0000] {standard_task_runner.py:105} INFO - Job 109: Subtask process_batch
[2025-10-07T10:36:56.013+0000] {logging_mixin.py:190} WARNING - /home/***/.local/lib/python3.12/site-packages/***/settings.py:209 DeprecationWarning: The sql_alchemy_conn option in [core] has been moved to the sql_alchemy_conn option in [database] - the old setting has been used, but please update your config.
[2025-10-07T10:36:56.410+0000] {task_command.py:467} INFO - Running <TaskInstance: vnstock_weekly_etl_incremental.process_batch manual__2025-10-07T10:36:05.597506+00:00 map_index=27 [running]> on host e3278e0f0bbc
[2025-10-07T10:36:56.549+0000] {taskinstance.py:3134} INFO - Exporting env vars: AIRFLOW_CTX_DAG_OWNER='***' AIRFLOW_CTX_DAG_ID='vnstock_weekly_etl_incremental' AIRFLOW_CTX_TASK_ID='process_batch' AIRFLOW_CTX_EXECUTION_DATE='2025-10-07T10:36:05.597506+00:00' AIRFLOW_CTX_TRY_NUMBER='1' AIRFLOW_CTX_DAG_RUN_ID='manual__2025-10-07T10:36:05.597506+00:00'
[2025-10-07T10:36:56.551+0000] {taskinstance.py:732} INFO - ::endgroup::
[2025-10-07T10:36:56.558+0000] {logging_mixin.py:190} INFO - ⬇️ Xử lý symbol = DMC
[2025-10-07T10:36:56.592+0000] {logging_mixin.py:190} INFO - DMC: trích dữ liệu từ 2025-10-04 đến 2025-10-07
[2025-10-07T10:36:56.800+0000] {logging_mixin.py:190} INFO - Trích xuất 2 dòng mới cho DMC
[2025-10-07T10:36:56.828+0000] {logging_mixin.py:190} INFO - Append 2 dòng mới vào /opt/***/data/lake/DMC.csv
[2025-10-07T10:36:58.829+0000] {logging_mixin.py:190} INFO - ⬇️ Xử lý symbol = DM7
[2025-10-07T10:36:58.858+0000] {logging_mixin.py:190} INFO - DM7: trích dữ liệu từ 2025-09-05 đến 2025-10-07
[2025-10-07T10:37:03.425+0000] {logging_mixin.py:190} INFO - Không tìm thấy dữ liệu cho DM7
[2025-10-07T10:37:03.427+0000] {logging_mixin.py:190} INFO - Không có dữ liệu mới cho DM7
[2025-10-07T10:37:05.428+0000] {logging_mixin.py:190} INFO - ⬇️ Xử lý symbol = DLT
[2025-10-07T10:37:05.447+0000] {logging_mixin.py:190} INFO - DLT: trích dữ liệu từ 2025-08-05 đến 2025-10-07
[2025-10-07T10:37:10.028+0000] {logging_mixin.py:190} INFO - Không tìm thấy dữ liệu cho DLT
[2025-10-07T10:37:10.030+0000] {logging_mixin.py:190} INFO - Không có dữ liệu mới cho DLT
[2025-10-07T10:37:12.031+0000] {logging_mixin.py:190} INFO - ⬇️ Xử lý symbol = DLR
[2025-10-07T10:37:12.052+0000] {logging_mixin.py:190} INFO - DLR: trích dữ liệu từ 2025-06-14 đến 2025-10-07
[2025-10-07T10:37:16.547+0000] {logging_mixin.py:190} INFO - Không tìm thấy dữ liệu cho DLR
[2025-10-07T10:37:16.548+0000] {logging_mixin.py:190} INFO - Không có dữ liệu mới cho DLR
[2025-10-07T10:37:18.549+0000] {logging_mixin.py:190} INFO - ⬇️ Xử lý symbol = DLM
[2025-10-07T10:37:18.577+0000] {logging_mixin.py:190} INFO - DLM: trích dữ liệu từ 2023-11-30 đến 2025-10-07
[2025-10-07T10:37:25.653+0000] {logging_mixin.py:190} INFO - Không tìm thấy dữ liệu cho DLM
[2025-10-07T10:37:25.654+0000] {logging_mixin.py:190} INFO - Không có dữ liệu mới cho DLM
[2025-10-07T10:37:27.655+0000] {logging_mixin.py:190} INFO - ⚠️ Lỗi khi xử lý DLG: Bucket for item=vnstock with Rate limit=5/1.0m is already full
[2025-10-07T10:37:27.656+0000] {logging_mixin.py:190} INFO - ⚠️ Lỗi khi xử lý DLD: Bucket for item=vnstock with Rate limit=5/1.0m is already full
[2025-10-07T10:37:27.657+0000] {logging_mixin.py:190} INFO - ⚠️ Lỗi khi xử lý DL1: Bucket for item=vnstock with Rate limit=5/1.0m is already full
[2025-10-07T10:37:27.657+0000] {logging_mixin.py:190} INFO - ⚠️ Lỗi khi xử lý DKW: Bucket for item=vnstock with Rate limit=5/1.0m is already full
[2025-10-07T10:37:27.658+0000] {logging_mixin.py:190} INFO - ⚠️ Lỗi khi xử lý DKH: Bucket for item=vnstock with Rate limit=5/1.0m is already full
[2025-10-07T10:37:27.658+0000] {logging_mixin.py:190} INFO - ⚠️ Lỗi khi xử lý DKG: Bucket for item=vnstock with Rate limit=5/1.0m is already full
[2025-10-07T10:37:27.659+0000] {logging_mixin.py:190} INFO - ⚠️ Lỗi khi xử lý DKC: Bucket for item=vnstock with Rate limit=5/1.0m is already full
[2025-10-07T10:37:27.660+0000] {logging_mixin.py:190} INFO - ⚠️ Lỗi khi xử lý DIH: Bucket for item=vnstock with Rate limit=5/1.0m is already full
[2025-10-07T10:37:27.660+0000] {logging_mixin.py:190} INFO - ⚠️ Lỗi khi xử lý DIG: Bucket for item=vnstock with Rate limit=5/1.0m is already full
[2025-10-07T10:37:27.661+0000] {logging_mixin.py:190} INFO - ⚠️ Lỗi khi xử lý DID: Bucket for item=vnstock with Rate limit=5/1.0m is already full
[2025-10-07T10:37:27.662+0000] {logging_mixin.py:190} INFO - ⚠️ Lỗi khi xử lý DIC: Bucket for item=vnstock with Rate limit=5/1.0m is already full
[2025-10-07T10:37:27.662+0000] {logging_mixin.py:190} INFO - ⚠️ Lỗi khi xử lý DHT: Bucket for item=vnstock with Rate limit=5/1.0m is already full
[2025-10-07T10:37:27.663+0000] {logging_mixin.py:190} INFO - ⚠️ Lỗi khi xử lý DHP: Bucket for item=vnstock with Rate limit=5/1.0m is already full
[2025-10-07T10:37:27.663+0000] {logging_mixin.py:190} INFO - ⚠️ Lỗi khi xử lý DHN: Bucket for item=vnstock with Rate limit=5/1.0m is already full
[2025-10-07T10:37:27.663+0000] {logging_mixin.py:190} INFO - ⚠️ Lỗi khi xử lý DHM: Bucket for item=vnstock with Rate limit=5/1.0m is already full
[2025-10-07T10:37:27.664+0000] {logging_mixin.py:190} INFO - ⚠️ Lỗi khi xử lý DHG: Bucket for item=vnstock with Rate limit=5/1.0m is already full
[2025-10-07T10:37:27.664+0000] {logging_mixin.py:190} INFO - ⚠️ Lỗi khi xử lý DHD: Bucket for item=vnstock with Rate limit=5/1.0m is already full
[2025-10-07T10:37:27.665+0000] {logging_mixin.py:190} INFO - ⚠️ Lỗi khi xử lý DHC: Bucket for item=vnstock with Rate limit=5/1.0m is already full
[2025-10-07T10:37:27.665+0000] {logging_mixin.py:190} INFO - ⚠️ Lỗi khi xử lý DHB: Bucket for item=vnstock with Rate limit=5/1.0m is already full
[2025-10-07T10:37:27.665+0000] {logging_mixin.py:190} INFO - ⚠️ Lỗi khi xử lý DHA: Bucket for item=vnstock with Rate limit=5/1.0m is already full
[2025-10-07T10:37:27.666+0000] {logging_mixin.py:190} INFO - ⚠️ Lỗi khi xử lý DGW: Bucket for item=vnstock with Rate limit=5/1.0m is already full
[2025-10-07T10:37:27.666+0000] {logging_mixin.py:190} INFO - ⚠️ Lỗi khi xử lý DGT: Bucket for item=vnstock with Rate limit=5/1.0m is already full
[2025-10-07T10:37:27.667+0000] {logging_mixin.py:190} INFO - ⚠️ Lỗi khi xử lý DGC: Bucket for item=vnstock with Rate limit=5/1.0m is already full
[2025-10-07T10:37:27.667+0000] {logging_mixin.py:190} INFO - ⚠️ Lỗi khi xử lý DFF: Bucket for item=vnstock with Rate limit=5/1.0m is already full
[2025-10-07T10:37:27.667+0000] {logging_mixin.py:190} INFO - ⚠️ Lỗi khi xử lý DFC: Bucket for item=vnstock with Rate limit=5/1.0m is already full
[2025-10-07T10:37:27.668+0000] {logging_mixin.py:190} INFO - ⚠️ Lỗi khi xử lý DDV: Bucket for item=vnstock with Rate limit=5/1.0m is already full
[2025-10-07T10:37:27.668+0000] {logging_mixin.py:190} INFO - ⚠️ Lỗi khi xử lý DDN: Bucket for item=vnstock with Rate limit=5/1.0m is already full
[2025-10-07T10:37:27.669+0000] {logging_mixin.py:190} INFO - ⚠️ Lỗi khi xử lý DDM: Bucket for item=vnstock with Rate limit=5/1.0m is already full
[2025-10-07T10:37:27.669+0000] {logging_mixin.py:190} INFO - ⚠️ Lỗi khi xử lý DDH: Bucket for item=vnstock with Rate limit=5/1.0m is already full
[2025-10-07T10:37:27.669+0000] {logging_mixin.py:190} INFO - ⚠️ Lỗi khi xử lý DDG: Bucket for item=vnstock with Rate limit=5/1.0m is already full
[2025-10-07T10:37:27.670+0000] {logging_mixin.py:190} INFO - ⚠️ Lỗi khi xử lý DDB: Bucket for item=vnstock with Rate limit=5/1.0m is already full
[2025-10-07T10:37:27.670+0000] {logging_mixin.py:190} INFO - ⚠️ Lỗi khi xử lý DCT: Bucket for item=vnstock with Rate limit=5/1.0m is already full
[2025-10-07T10:37:27.670+0000] {logging_mixin.py:190} INFO - ⚠️ Lỗi khi xử lý DCS: Bucket for item=vnstock with Rate limit=5/1.0m is already full
[2025-10-07T10:37:27.670+0000] {logging_mixin.py:190} INFO - ⚠️ Lỗi khi xử lý DCR: Bucket for item=vnstock with Rate limit=5/1.0m is already full
[2025-10-07T10:37:27.671+0000] {logging_mixin.py:190} INFO - ⚠️ Lỗi khi xử lý DCM: Bucket for item=vnstock with Rate limit=5/1.0m is already full
[2025-10-07T10:37:27.671+0000] {logging_mixin.py:190} INFO - ⚠️ Lỗi khi xử lý DCL: Bucket for item=vnstock with Rate limit=5/1.0m is already full
[2025-10-07T10:37:27.672+0000] {logging_mixin.py:190} INFO - ⚠️ Lỗi khi xử lý DCH: Bucket for item=vnstock with Rate limit=5/1.0m is already full
[2025-10-07T10:37:27.672+0000] {logging_mixin.py:190} INFO - ⚠️ Lỗi khi xử lý DCG: Bucket for item=vnstock with Rate limit=5/1.0m is already full
[2025-10-07T10:37:27.673+0000] {logging_mixin.py:190} INFO - ⚠️ Lỗi khi xử lý DCF: Bucket for item=vnstock with Rate limit=5/1.0m is already full
[2025-10-07T10:37:27.673+0000] {logging_mixin.py:190} INFO - ⚠️ Lỗi khi xử lý DC4: Bucket for item=vnstock with Rate limit=5/1.0m is already full
[2025-10-07T10:37:27.673+0000] {logging_mixin.py:190} INFO - ⚠️ Lỗi khi xử lý DC2: Bucket for item=vnstock with Rate limit=5/1.0m is already full
[2025-10-07T10:37:27.674+0000] {logging_mixin.py:190} INFO - ⚠️ Lỗi khi xử lý DC1: Bucket for item=vnstock with Rate limit=5/1.0m is already full
[2025-10-07T10:37:27.674+0000] {logging_mixin.py:190} INFO - ⚠️ Lỗi khi xử lý DBW: Bucket for item=vnstock with Rate limit=5/1.0m is already full
[2025-10-07T10:37:27.675+0000] {logging_mixin.py:190} INFO - ⚠️ Lỗi khi xử lý DBT: Bucket for item=vnstock with Rate limit=5/1.0m is already full
[2025-10-07T10:37:27.675+0000] {logging_mixin.py:190} INFO - ⚠️ Lỗi khi xử lý DBM: Bucket for item=vnstock with Rate limit=5/1.0m is already full
[2025-10-07T10:37:27.676+0000] {python.py:240} INFO - Done. Returned value was: None
[2025-10-07T10:37:27.685+0000] {taskinstance.py:341} INFO - ::group::Post task execution logs
[2025-10-07T10:37:27.686+0000] {taskinstance.py:353} INFO - Marking task as SUCCESS. dag_id=vnstock_weekly_etl_incremental, task_id=process_batch, run_id=manual__2025-10-07T10:36:05.597506+00:00, map_index=27, execution_date=20251007T103605, start_date=20251007T103655, end_date=20251007T103727
[2025-10-07T10:37:27.771+0000] {local_task_job_runner.py:266} INFO - Task exited with return code 0
[2025-10-07T10:37:27.789+0000] {taskinstance.py:3901} INFO - 0 downstream tasks scheduled from follow-on schedule check
[2025-10-07T10:37:27.792+0000] {local_task_job_runner.py:245} INFO - ::endgroup::
