[2025-10-07T10:16:58.589+0000] {local_task_job_runner.py:123} INFO - ::group::Pre task execution logs
[2025-10-07T10:16:58.695+0000] {taskinstance.py:2614} INFO - Dependencies all met for dep_context=non-requeueable deps ti=<TaskInstance: vnstock_weekly_etl_incremental.process_batch manual__2025-10-07T10:01:57.519057+00:00 map_index=20 [queued]>
[2025-10-07T10:16:58.793+0000] {taskinstance.py:2614} INFO - Dependencies all met for dep_context=requeueable deps ti=<TaskInstance: vnstock_weekly_etl_incremental.process_batch manual__2025-10-07T10:01:57.519057+00:00 map_index=20 [queued]>
[2025-10-07T10:16:58.796+0000] {taskinstance.py:2867} INFO - Starting attempt 1 of 3
[2025-10-07T10:16:58.909+0000] {taskinstance.py:2890} INFO - Executing <Mapped(_PythonDecoratedOperator): process_batch> on 2025-10-07 10:01:57.519057+00:00
[2025-10-07T10:16:58.950+0000] {standard_task_runner.py:104} INFO - Running: ['***', 'tasks', 'run', 'vnstock_weekly_etl_incremental', 'process_batch', 'manual__2025-10-07T10:01:57.519057+00:00', '--job-id', '27', '--raw', '--subdir', 'DAGS_FOLDER/dag.py', '--cfg-path', '/tmp/tmp0pdgz0vh', '--map-index', '20']
[2025-10-07T10:16:58.954+0000] {standard_task_runner.py:105} INFO - Job 27: Subtask process_batch
[2025-10-07T10:16:58.953+0000] {logging_mixin.py:190} WARNING - /home/***/.local/lib/python3.12/site-packages/***/task/task_runner/standard_task_runner.py:70 DeprecationWarning: This process (pid=512) is multi-threaded, use of fork() may lead to deadlocks in the child.
[2025-10-07T10:16:58.967+0000] {standard_task_runner.py:72} INFO - Started process 683 to run task
[2025-10-07T10:16:59.006+0000] {logging_mixin.py:190} WARNING - /home/***/.local/lib/python3.12/site-packages/***/settings.py:209 DeprecationWarning: The sql_alchemy_conn option in [core] has been moved to the sql_alchemy_conn option in [database] - the old setting has been used, but please update your config.
[2025-10-07T10:16:59.201+0000] {task_command.py:467} INFO - Running <TaskInstance: vnstock_weekly_etl_incremental.process_batch manual__2025-10-07T10:01:57.519057+00:00 map_index=20 [running]> on host e3278e0f0bbc
[2025-10-07T10:17:00.571+0000] {taskinstance.py:3134} INFO - Exporting env vars: AIRFLOW_CTX_DAG_OWNER='***' AIRFLOW_CTX_DAG_ID='vnstock_weekly_etl_incremental' AIRFLOW_CTX_TASK_ID='process_batch' AIRFLOW_CTX_EXECUTION_DATE='2025-10-07T10:01:57.519057+00:00' AIRFLOW_CTX_TRY_NUMBER='1' AIRFLOW_CTX_DAG_RUN_ID='manual__2025-10-07T10:01:57.519057+00:00'
[2025-10-07T10:17:00.581+0000] {taskinstance.py:732} INFO - ::endgroup::
[2025-10-07T10:17:00.589+0000] {logging_mixin.py:190} INFO - ⚠️ Lỗi khi xử lý ISG: 'Limiter' object has no attribute 'ratelimit'
[2025-10-07T10:17:00.591+0000] {logging_mixin.py:190} INFO - ⚠️ Lỗi khi xử lý IRC: 'Limiter' object has no attribute 'ratelimit'
[2025-10-07T10:17:00.592+0000] {logging_mixin.py:190} INFO - ⚠️ Lỗi khi xử lý IPH: 'Limiter' object has no attribute 'ratelimit'
[2025-10-07T10:17:00.592+0000] {logging_mixin.py:190} INFO - ⚠️ Lỗi khi xử lý IPA: 'Limiter' object has no attribute 'ratelimit'
[2025-10-07T10:17:00.593+0000] {logging_mixin.py:190} INFO - ⚠️ Lỗi khi xử lý INN: 'Limiter' object has no attribute 'ratelimit'
[2025-10-07T10:17:00.594+0000] {logging_mixin.py:190} INFO - ⚠️ Lỗi khi xử lý ING: 'Limiter' object has no attribute 'ratelimit'
[2025-10-07T10:17:00.599+0000] {logging_mixin.py:190} INFO - ⚠️ Lỗi khi xử lý INC: 'Limiter' object has no attribute 'ratelimit'
[2025-10-07T10:17:00.602+0000] {logging_mixin.py:190} INFO - ⚠️ Lỗi khi xử lý IN4: 'Limiter' object has no attribute 'ratelimit'
[2025-10-07T10:17:00.604+0000] {logging_mixin.py:190} INFO - ⚠️ Lỗi khi xử lý IMP: 'Limiter' object has no attribute 'ratelimit'
[2025-10-07T10:17:00.604+0000] {logging_mixin.py:190} INFO - ⚠️ Lỗi khi xử lý IME: 'Limiter' object has no attribute 'ratelimit'
[2025-10-07T10:17:00.605+0000] {logging_mixin.py:190} INFO - ⚠️ Lỗi khi xử lý ILS: 'Limiter' object has no attribute 'ratelimit'
[2025-10-07T10:17:00.605+0000] {logging_mixin.py:190} INFO - ⚠️ Lỗi khi xử lý ILC: 'Limiter' object has no attribute 'ratelimit'
[2025-10-07T10:17:00.605+0000] {logging_mixin.py:190} INFO - ⚠️ Lỗi khi xử lý ILB: 'Limiter' object has no attribute 'ratelimit'
[2025-10-07T10:17:00.606+0000] {logging_mixin.py:190} INFO - ⚠️ Lỗi khi xử lý ILA: 'Limiter' object has no attribute 'ratelimit'
[2025-10-07T10:17:00.606+0000] {logging_mixin.py:190} INFO - ⚠️ Lỗi khi xử lý IJC: 'Limiter' object has no attribute 'ratelimit'
[2025-10-07T10:17:00.609+0000] {logging_mixin.py:190} INFO - ⚠️ Lỗi khi xử lý IHK: 'Limiter' object has no attribute 'ratelimit'
[2025-10-07T10:17:00.610+0000] {logging_mixin.py:190} INFO - ⚠️ Lỗi khi xử lý IFS: 'Limiter' object has no attribute 'ratelimit'
[2025-10-07T10:17:00.611+0000] {logging_mixin.py:190} INFO - ⚠️ Lỗi khi xử lý IDV: 'Limiter' object has no attribute 'ratelimit'
[2025-10-07T10:17:00.611+0000] {logging_mixin.py:190} INFO - ⚠️ Lỗi khi xử lý IDP: 'Limiter' object has no attribute 'ratelimit'
[2025-10-07T10:17:00.611+0000] {logging_mixin.py:190} INFO - ⚠️ Lỗi khi xử lý IDJ: 'Limiter' object has no attribute 'ratelimit'
[2025-10-07T10:17:00.614+0000] {logging_mixin.py:190} INFO - ⚠️ Lỗi khi xử lý IDI: 'Limiter' object has no attribute 'ratelimit'
[2025-10-07T10:17:00.618+0000] {logging_mixin.py:190} INFO - ⚠️ Lỗi khi xử lý IDC: 'Limiter' object has no attribute 'ratelimit'
[2025-10-07T10:17:00.623+0000] {logging_mixin.py:190} INFO - ⚠️ Lỗi khi xử lý ICT: 'Limiter' object has no attribute 'ratelimit'
[2025-10-07T10:17:00.636+0000] {logging_mixin.py:190} INFO - ⚠️ Lỗi khi xử lý ICN: 'Limiter' object has no attribute 'ratelimit'
[2025-10-07T10:17:00.637+0000] {logging_mixin.py:190} INFO - ⚠️ Lỗi khi xử lý ICI: 'Limiter' object has no attribute 'ratelimit'
[2025-10-07T10:17:00.637+0000] {logging_mixin.py:190} INFO - ⚠️ Lỗi khi xử lý ICG: 'Limiter' object has no attribute 'ratelimit'
[2025-10-07T10:17:00.638+0000] {logging_mixin.py:190} INFO - ⚠️ Lỗi khi xử lý ICF: 'Limiter' object has no attribute 'ratelimit'
[2025-10-07T10:17:00.638+0000] {logging_mixin.py:190} INFO - ⚠️ Lỗi khi xử lý ICC: 'Limiter' object has no attribute 'ratelimit'
[2025-10-07T10:17:00.638+0000] {logging_mixin.py:190} INFO - ⚠️ Lỗi khi xử lý IBN: 'Limiter' object has no attribute 'ratelimit'
[2025-10-07T10:17:00.639+0000] {logging_mixin.py:190} INFO - ⚠️ Lỗi khi xử lý IBD: 'Limiter' object has no attribute 'ratelimit'
[2025-10-07T10:17:00.641+0000] {logging_mixin.py:190} INFO - ⚠️ Lỗi khi xử lý IBC: 'Limiter' object has no attribute 'ratelimit'
[2025-10-07T10:17:00.642+0000] {logging_mixin.py:190} INFO - ⚠️ Lỗi khi xử lý HWS: 'Limiter' object has no attribute 'ratelimit'
[2025-10-07T10:17:00.643+0000] {logging_mixin.py:190} INFO - ⚠️ Lỗi khi xử lý HVX: 'Limiter' object has no attribute 'ratelimit'
[2025-10-07T10:17:00.645+0000] {logging_mixin.py:190} INFO - ⚠️ Lỗi khi xử lý HVT: 'Limiter' object has no attribute 'ratelimit'
[2025-10-07T10:17:00.652+0000] {logging_mixin.py:190} INFO - ⚠️ Lỗi khi xử lý HVN: 'Limiter' object has no attribute 'ratelimit'
[2025-10-07T10:17:00.652+0000] {logging_mixin.py:190} INFO - ⚠️ Lỗi khi xử lý HVH: 'Limiter' object has no attribute 'ratelimit'
[2025-10-07T10:17:00.659+0000] {logging_mixin.py:190} INFO - ⚠️ Lỗi khi xử lý HVG: 'Limiter' object has no attribute 'ratelimit'
[2025-10-07T10:17:00.660+0000] {logging_mixin.py:190} INFO - ⚠️ Lỗi khi xử lý HVA: 'Limiter' object has no attribute 'ratelimit'
[2025-10-07T10:17:00.661+0000] {logging_mixin.py:190} INFO - ⚠️ Lỗi khi xử lý HUX: 'Limiter' object has no attribute 'ratelimit'
[2025-10-07T10:17:00.666+0000] {logging_mixin.py:190} INFO - ⚠️ Lỗi khi xử lý HUT: 'Limiter' object has no attribute 'ratelimit'
[2025-10-07T10:17:00.667+0000] {logging_mixin.py:190} INFO - ⚠️ Lỗi khi xử lý HUG: 'Limiter' object has no attribute 'ratelimit'
[2025-10-07T10:17:00.667+0000] {logging_mixin.py:190} INFO - ⚠️ Lỗi khi xử lý HUB: 'Limiter' object has no attribute 'ratelimit'
[2025-10-07T10:17:00.668+0000] {logging_mixin.py:190} INFO - ⚠️ Lỗi khi xử lý HU6: 'Limiter' object has no attribute 'ratelimit'
[2025-10-07T10:17:00.668+0000] {logging_mixin.py:190} INFO - ⚠️ Lỗi khi xử lý HU4: 'Limiter' object has no attribute 'ratelimit'
[2025-10-07T10:17:00.669+0000] {logging_mixin.py:190} INFO - ⚠️ Lỗi khi xử lý HU3: 'Limiter' object has no attribute 'ratelimit'
[2025-10-07T10:17:00.670+0000] {logging_mixin.py:190} INFO - ⚠️ Lỗi khi xử lý HU1: 'Limiter' object has no attribute 'ratelimit'
[2025-10-07T10:17:00.671+0000] {logging_mixin.py:190} INFO - ⚠️ Lỗi khi xử lý HTW: 'Limiter' object has no attribute 'ratelimit'
[2025-10-07T10:17:00.674+0000] {logging_mixin.py:190} INFO - ⚠️ Lỗi khi xử lý HTV: 'Limiter' object has no attribute 'ratelimit'
[2025-10-07T10:17:00.677+0000] {logging_mixin.py:190} INFO - ⚠️ Lỗi khi xử lý HTT: 'Limiter' object has no attribute 'ratelimit'
[2025-10-07T10:17:00.678+0000] {logging_mixin.py:190} INFO - ⚠️ Lỗi khi xử lý HTR: 'Limiter' object has no attribute 'ratelimit'
[2025-10-07T10:17:00.685+0000] {python.py:240} INFO - Done. Returned value was: None
[2025-10-07T10:17:00.715+0000] {taskinstance.py:341} INFO - ::group::Post task execution logs
[2025-10-07T10:17:00.717+0000] {taskinstance.py:353} INFO - Marking task as SUCCESS. dag_id=vnstock_weekly_etl_incremental, task_id=process_batch, run_id=manual__2025-10-07T10:01:57.519057+00:00, map_index=20, execution_date=20251007T100157, start_date=20251007T101658, end_date=20251007T101700
[2025-10-07T10:17:00.958+0000] {local_task_job_runner.py:266} INFO - Task exited with return code 0
[2025-10-07T10:17:01.010+0000] {local_task_job_runner.py:245} INFO - ::endgroup::
