[2025-10-07T15:20:10.024+0000] {local_task_job_runner.py:123} INFO - ::group::Pre task execution logs
[2025-10-07T15:20:10.049+0000] {taskinstance.py:2614} INFO - Dependencies all met for dep_context=non-requeueable deps ti=<TaskInstance: vnstock_weekly_etl_incremental.process_batch manual__2025-10-07T10:44:44.201464+00:00 map_index=22 [queued]>
[2025-10-07T15:20:10.061+0000] {taskinstance.py:2614} INFO - Dependencies all met for dep_context=requeueable deps ti=<TaskInstance: vnstock_weekly_etl_incremental.process_batch manual__2025-10-07T10:44:44.201464+00:00 map_index=22 [queued]>
[2025-10-07T15:20:10.061+0000] {taskinstance.py:2867} INFO - Starting attempt 1 of 3
[2025-10-07T15:20:10.073+0000] {taskinstance.py:2890} INFO - Executing <Mapped(_PythonDecoratedOperator): process_batch> on 2025-10-07 10:44:44.201464+00:00
[2025-10-07T15:20:10.082+0000] {logging_mixin.py:190} WARNING - /home/***/.local/lib/python3.12/site-packages/***/task/task_runner/standard_task_runner.py:70 DeprecationWarning: This process (pid=23009) is multi-threaded, use of fork() may lead to deadlocks in the child.
[2025-10-07T15:20:10.084+0000] {standard_task_runner.py:72} INFO - Started process 23021 to run task
[2025-10-07T15:20:10.083+0000] {standard_task_runner.py:104} INFO - Running: ['***', 'tasks', 'run', 'vnstock_weekly_etl_incremental', 'process_batch', 'manual__2025-10-07T10:44:44.201464+00:00', '--job-id', '219', '--raw', '--subdir', 'DAGS_FOLDER/dag.py', '--cfg-path', '/tmp/tmp68guoigp', '--map-index', '22']
[2025-10-07T15:20:10.086+0000] {standard_task_runner.py:105} INFO - Job 219: Subtask process_batch
[2025-10-07T15:20:10.099+0000] {logging_mixin.py:190} WARNING - /home/***/.local/lib/python3.12/site-packages/***/settings.py:209 DeprecationWarning: The sql_alchemy_conn option in [core] has been moved to the sql_alchemy_conn option in [database] - the old setting has been used, but please update your config.
[2025-10-07T15:20:10.143+0000] {task_command.py:467} INFO - Running <TaskInstance: vnstock_weekly_etl_incremental.process_batch manual__2025-10-07T10:44:44.201464+00:00 map_index=22 [running]> on host e3278e0f0bbc
[2025-10-07T15:20:10.402+0000] {taskinstance.py:3134} INFO - Exporting env vars: AIRFLOW_CTX_DAG_OWNER='***' AIRFLOW_CTX_DAG_ID='vnstock_weekly_etl_incremental' AIRFLOW_CTX_TASK_ID='process_batch' AIRFLOW_CTX_EXECUTION_DATE='2025-10-07T10:44:44.201464+00:00' AIRFLOW_CTX_TRY_NUMBER='1' AIRFLOW_CTX_DAG_RUN_ID='manual__2025-10-07T10:44:44.201464+00:00'
[2025-10-07T15:20:10.404+0000] {taskinstance.py:732} INFO - ::endgroup::
[2025-10-07T15:20:10.407+0000] {logging_mixin.py:190} INFO - ⬇️ Bắt đầu xử lý symbol = HMC
[2025-10-07T15:20:10.428+0000] {logging_mixin.py:190} INFO - ⚠️ Không đọc được file cũ HMC: 'date'
[2025-10-07T15:20:10.438+0000] {logging_mixin.py:190} INFO - HMC: trích dữ liệu từ 2025-10-08 đến 2025-10-07
[2025-10-07T15:20:16.056+0000] {logging_mixin.py:190} INFO - Không tìm thấy dữ liệu cho HMC
[2025-10-07T15:20:16.058+0000] {logging_mixin.py:190} INFO - HMC: Không có dữ liệu mới.
[2025-10-07T15:20:16.059+0000] {logging_mixin.py:190} INFO - ⬇️ Bắt đầu xử lý symbol = HLY
[2025-10-07T15:20:16.080+0000] {logging_mixin.py:190} INFO - ⚠️ Không đọc được file cũ HLY: 'date'
[2025-10-07T15:20:16.090+0000] {logging_mixin.py:190} INFO - HLY: trích dữ liệu từ 2025-08-30 đến 2025-10-07
[2025-10-07T15:20:20.561+0000] {logging_mixin.py:190} INFO - Không tìm thấy dữ liệu cho HLY
[2025-10-07T15:20:20.563+0000] {logging_mixin.py:190} INFO - HLY: Không có dữ liệu mới.
[2025-10-07T15:20:20.563+0000] {logging_mixin.py:190} INFO - ⬇️ Bắt đầu xử lý symbol = HLT
[2025-10-07T15:20:20.579+0000] {logging_mixin.py:190} INFO - ⚠️ Không đọc được file cũ HLT: 'date'
[2025-10-07T15:20:20.587+0000] {logging_mixin.py:190} INFO - HLT: trích dữ liệu từ 2024-12-07 đến 2025-10-07
[2025-10-07T15:20:26.245+0000] {logging_mixin.py:190} INFO - Không tìm thấy dữ liệu cho HLT
[2025-10-07T15:20:26.247+0000] {logging_mixin.py:190} INFO - HLT: Không có dữ liệu mới.
[2025-10-07T15:20:26.247+0000] {logging_mixin.py:190} INFO - ⬇️ Bắt đầu xử lý symbol = HLS
[2025-10-07T15:20:26.266+0000] {logging_mixin.py:190} INFO - ⚠️ Không đọc được file cũ HLS: 'date'
[2025-10-07T15:20:26.273+0000] {logging_mixin.py:190} INFO - HLS: trích dữ liệu từ 2025-08-27 đến 2025-10-07
[2025-10-07T15:20:31.782+0000] {logging_mixin.py:190} INFO - Không tìm thấy dữ liệu cho HLS
[2025-10-07T15:20:31.783+0000] {logging_mixin.py:190} INFO - HLS: Không có dữ liệu mới.
[2025-10-07T15:20:31.784+0000] {logging_mixin.py:190} INFO - ⬇️ Bắt đầu xử lý symbol = HLR
[2025-10-07T15:20:31.803+0000] {logging_mixin.py:190} INFO - ⚠️ Không đọc được file cũ HLR: 'date'
[2025-10-07T15:20:31.810+0000] {logging_mixin.py:190} INFO - HLR: trích dữ liệu từ 2024-07-02 đến 2025-10-07
[2025-10-07T15:20:36.250+0000] {logging_mixin.py:190} INFO - Không tìm thấy dữ liệu cho HLR
[2025-10-07T15:20:36.254+0000] {logging_mixin.py:190} INFO - HLR: Không có dữ liệu mới.
[2025-10-07T15:20:36.255+0000] {logging_mixin.py:190} INFO - 🚦 Giới hạn API đạt mức tối đa, chờ 34.2s...
[2025-10-07T15:21:10.413+0000] {logging_mixin.py:190} INFO - ⬇️ Bắt đầu xử lý symbol = HLO
[2025-10-07T15:21:10.429+0000] {logging_mixin.py:190} INFO - ⚠️ Không đọc được file cũ HLO: 'date'
[2025-10-07T15:21:10.435+0000] {logging_mixin.py:190} INFO - HLO: trích dữ liệu từ 2025-09-20 đến 2025-10-07
[2025-10-07T15:21:14.905+0000] {logging_mixin.py:190} INFO - Không tìm thấy dữ liệu cho HLO
[2025-10-07T15:21:14.906+0000] {logging_mixin.py:190} INFO - HLO: Không có dữ liệu mới.
[2025-10-07T15:21:14.907+0000] {logging_mixin.py:190} INFO - 🚦 Giới hạn API đạt mức tối đa, chờ 1.2s...
[2025-10-07T15:21:16.060+0000] {logging_mixin.py:190} INFO - ⬇️ Bắt đầu xử lý symbol = HLG
[2025-10-07T15:21:16.076+0000] {logging_mixin.py:190} INFO - ⚠️ Không đọc được file cũ HLG: 'date'
[2025-10-07T15:21:16.084+0000] {logging_mixin.py:190} INFO - HLG: trích dữ liệu từ 2023-02-25 đến 2025-10-07
[2025-10-07T15:21:20.880+0000] {logging_mixin.py:190} INFO - Không tìm thấy dữ liệu cho HLG
[2025-10-07T15:21:20.882+0000] {logging_mixin.py:190} INFO - HLG: Không có dữ liệu mới.
[2025-10-07T15:21:20.882+0000] {logging_mixin.py:190} INFO - ⬇️ Bắt đầu xử lý symbol = HLE
[2025-10-07T15:21:20.900+0000] {logging_mixin.py:190} INFO - HLE: trích dữ liệu từ 2020-01-01 đến 2025-10-07
[2025-10-07T15:21:27.540+0000] {logging_mixin.py:190} INFO - Không tìm thấy dữ liệu cho HLE
[2025-10-07T15:21:27.542+0000] {logging_mixin.py:190} INFO - HLE: Không có dữ liệu mới.
[2025-10-07T15:21:27.542+0000] {logging_mixin.py:190} INFO - ⬇️ Bắt đầu xử lý symbol = HLD
[2025-10-07T15:21:27.560+0000] {logging_mixin.py:190} INFO - ⚠️ Không đọc được file cũ HLD: 'date'
[2025-10-07T15:21:27.567+0000] {logging_mixin.py:190} INFO - HLD: trích dữ liệu từ 2025-10-08 đến 2025-10-07
[2025-10-07T15:21:32.107+0000] {logging_mixin.py:190} INFO - Không tìm thấy dữ liệu cho HLD
[2025-10-07T15:21:32.109+0000] {logging_mixin.py:190} INFO - HLD: Không có dữ liệu mới.
[2025-10-07T15:21:32.109+0000] {logging_mixin.py:190} INFO - ⬇️ Bắt đầu xử lý symbol = HLC
[2025-10-07T15:21:32.128+0000] {logging_mixin.py:190} INFO - ⚠️ Không đọc được file cũ HLC: 'date'
[2025-10-07T15:21:32.136+0000] {logging_mixin.py:190} INFO - HLC: trích dữ liệu từ 2025-10-08 đến 2025-10-07
[2025-10-07T15:21:36.561+0000] {logging_mixin.py:190} INFO - Không tìm thấy dữ liệu cho HLC
[2025-10-07T15:21:36.562+0000] {logging_mixin.py:190} INFO - HLC: Không có dữ liệu mới.
[2025-10-07T15:21:36.563+0000] {logging_mixin.py:190} INFO - 🚦 Giới hạn API đạt mức tối đa, chờ 33.9s...
[2025-10-07T15:22:10.413+0000] {logging_mixin.py:190} INFO - ⬇️ Bắt đầu xử lý symbol = HLB
[2025-10-07T15:22:10.431+0000] {logging_mixin.py:190} INFO - ⚠️ Không đọc được file cũ HLB: 'date'
[2025-10-07T15:22:10.438+0000] {logging_mixin.py:190} INFO - HLB: trích dữ liệu từ 2025-09-25 đến 2025-10-07
[2025-10-07T15:22:14.911+0000] {logging_mixin.py:190} INFO - Không tìm thấy dữ liệu cho HLB
[2025-10-07T15:22:14.913+0000] {logging_mixin.py:190} INFO - HLB: Không có dữ liệu mới.
[2025-10-07T15:22:14.914+0000] {logging_mixin.py:190} INFO - 🚦 Giới hạn API đạt mức tối đa, chờ 1.1s...
[2025-10-07T15:22:16.060+0000] {logging_mixin.py:190} INFO - ⬇️ Bắt đầu xử lý symbol = HLA
[2025-10-07T15:22:16.077+0000] {logging_mixin.py:190} INFO - ⚠️ Không đọc được file cũ HLA: 'date'
[2025-10-07T15:22:16.084+0000] {logging_mixin.py:190} INFO - HLA: trích dữ liệu từ 2024-07-26 đến 2025-10-07
[2025-10-07T15:22:21.646+0000] {logging_mixin.py:190} INFO - Không tìm thấy dữ liệu cho HLA
[2025-10-07T15:22:21.647+0000] {logging_mixin.py:190} INFO - HLA: Không có dữ liệu mới.
[2025-10-07T15:22:21.647+0000] {logging_mixin.py:190} INFO - ⬇️ Bắt đầu xử lý symbol = HKT
[2025-10-07T15:22:21.664+0000] {logging_mixin.py:190} INFO - ⚠️ Không đọc được file cũ HKT: 'date'
[2025-10-07T15:22:21.672+0000] {logging_mixin.py:190} INFO - HKT: trích dữ liệu từ 2025-10-08 đến 2025-10-07
[2025-10-07T15:22:26.390+0000] {logging_mixin.py:190} INFO - Không tìm thấy dữ liệu cho HKT
[2025-10-07T15:22:26.392+0000] {logging_mixin.py:190} INFO - HKT: Không có dữ liệu mới.
[2025-10-07T15:22:26.393+0000] {logging_mixin.py:190} INFO - 🚦 Giới hạn API đạt mức tối đa, chờ 1.1s...
[2025-10-07T15:22:27.543+0000] {logging_mixin.py:190} INFO - ⬇️ Bắt đầu xử lý symbol = HKP
[2025-10-07T15:22:27.560+0000] {logging_mixin.py:190} INFO - ⚠️ Không đọc được file cũ HKP: 'date'
[2025-10-07T15:22:27.567+0000] {logging_mixin.py:190} INFO - HKP: trích dữ liệu từ 2022-08-18 đến 2025-10-07
[2025-10-07T15:22:32.239+0000] {logging_mixin.py:190} INFO - Không tìm thấy dữ liệu cho HKP
[2025-10-07T15:22:32.241+0000] {logging_mixin.py:190} INFO - HKP: Không có dữ liệu mới.
[2025-10-07T15:22:32.241+0000] {logging_mixin.py:190} INFO - ⬇️ Bắt đầu xử lý symbol = HKB
[2025-10-07T15:22:32.261+0000] {logging_mixin.py:190} INFO - ⚠️ Không đọc được file cũ HKB: 'date'
[2025-10-07T15:22:32.272+0000] {logging_mixin.py:190} INFO - HKB: trích dữ liệu từ 2025-10-04 đến 2025-10-07
[2025-10-07T15:22:38.013+0000] {logging_mixin.py:190} INFO - Không tìm thấy dữ liệu cho HKB
[2025-10-07T15:22:38.014+0000] {logging_mixin.py:190} INFO - HKB: Không có dữ liệu mới.
[2025-10-07T15:22:38.015+0000] {logging_mixin.py:190} INFO - 🚦 Giới hạn API đạt mức tối đa, chờ 32.4s...
[2025-10-07T15:23:10.413+0000] {logging_mixin.py:190} INFO - ⬇️ Bắt đầu xử lý symbol = HJS
[2025-10-07T15:23:10.431+0000] {logging_mixin.py:190} INFO - ⚠️ Không đọc được file cũ HJS: 'date'
[2025-10-07T15:23:10.438+0000] {logging_mixin.py:190} INFO - HJS: trích dữ liệu từ 2025-10-08 đến 2025-10-07
[2025-10-07T15:23:15.293+0000] {logging_mixin.py:190} INFO - Không tìm thấy dữ liệu cho HJS
[2025-10-07T15:23:15.295+0000] {logging_mixin.py:190} INFO - HJS: Không có dữ liệu mới.
[2025-10-07T15:23:15.295+0000] {logging_mixin.py:190} INFO - 🚦 Giới hạn API đạt mức tối đa, chờ 0.8s...
[2025-10-07T15:23:16.061+0000] {logging_mixin.py:190} INFO - ⬇️ Bắt đầu xử lý symbol = HJC
[2025-10-07T15:23:16.076+0000] {logging_mixin.py:190} INFO - ⚠️ Không đọc được file cũ HJC: 'date'
[2025-10-07T15:23:16.082+0000] {logging_mixin.py:190} INFO - HJC: trích dữ liệu từ 2025-10-01 đến 2025-10-07
[2025-10-07T15:23:22.814+0000] {logging_mixin.py:190} INFO - Không tìm thấy dữ liệu cho HJC
[2025-10-07T15:23:22.816+0000] {logging_mixin.py:190} INFO - HJC: Không có dữ liệu mới.
[2025-10-07T15:23:22.816+0000] {logging_mixin.py:190} INFO - ⬇️ Bắt đầu xử lý symbol = HIO
[2025-10-07T15:23:22.837+0000] {logging_mixin.py:190} INFO - ⚠️ Không đọc được file cũ HIO: 'date'
[2025-10-07T15:23:22.843+0000] {logging_mixin.py:190} INFO - HIO: trích dữ liệu từ 2025-10-08 đến 2025-10-07
[2025-10-07T15:23:27.444+0000] {logging_mixin.py:190} INFO - Không tìm thấy dữ liệu cho HIO
[2025-10-07T15:23:27.446+0000] {logging_mixin.py:190} INFO - HIO: Không có dữ liệu mới.
[2025-10-07T15:23:27.446+0000] {logging_mixin.py:190} INFO - 🚦 Giới hạn API đạt mức tối đa, chờ 0.1s...
[2025-10-07T15:23:27.544+0000] {logging_mixin.py:190} INFO - ⬇️ Bắt đầu xử lý symbol = HII
[2025-10-07T15:23:27.562+0000] {logging_mixin.py:190} INFO - ⚠️ Không đọc được file cũ HII: 'date'
[2025-10-07T15:23:27.569+0000] {logging_mixin.py:190} INFO - HII: trích dữ liệu từ 2025-10-08 đến 2025-10-07
[2025-10-07T15:23:32.238+0000] {logging_mixin.py:190} INFO - Không tìm thấy dữ liệu cho HII
[2025-10-07T15:23:32.239+0000] {logging_mixin.py:190} INFO - HII: Không có dữ liệu mới.
[2025-10-07T15:23:32.240+0000] {logging_mixin.py:190} INFO - 🚦 Giới hạn API đạt mức tối đa, chờ 0.0s...
[2025-10-07T15:23:32.242+0000] {logging_mixin.py:190} INFO - ⬇️ Bắt đầu xử lý symbol = HIG
[2025-10-07T15:23:32.264+0000] {logging_mixin.py:190} INFO - ⚠️ Không đọc được file cũ HIG: 'date'
[2025-10-07T15:23:32.273+0000] {logging_mixin.py:190} INFO - HIG: trích dữ liệu từ 2025-08-21 đến 2025-10-07
[2025-10-07T15:23:37.072+0000] {logging_mixin.py:190} INFO - Không tìm thấy dữ liệu cho HIG
[2025-10-07T15:23:37.073+0000] {logging_mixin.py:190} INFO - HIG: Không có dữ liệu mới.
[2025-10-07T15:23:37.074+0000] {logging_mixin.py:190} INFO - 🚦 Giới hạn API đạt mức tối đa, chờ 33.3s...
[2025-10-07T15:24:10.417+0000] {logging_mixin.py:190} INFO - ⬇️ Bắt đầu xử lý symbol = HID
[2025-10-07T15:24:10.435+0000] {logging_mixin.py:190} INFO - ⚠️ Không đọc được file cũ HID: 'date'
[2025-10-07T15:24:10.443+0000] {logging_mixin.py:190} INFO - HID: trích dữ liệu từ 2025-10-08 đến 2025-10-07
[2025-10-07T15:24:15.278+0000] {logging_mixin.py:190} INFO - Không tìm thấy dữ liệu cho HID
[2025-10-07T15:24:15.280+0000] {logging_mixin.py:190} INFO - HID: Không có dữ liệu mới.
[2025-10-07T15:24:15.280+0000] {logging_mixin.py:190} INFO - 🚦 Giới hạn API đạt mức tối đa, chờ 0.8s...
[2025-10-07T15:24:16.062+0000] {logging_mixin.py:190} INFO - ⬇️ Bắt đầu xử lý symbol = HHV
[2025-10-07T15:24:16.082+0000] {logging_mixin.py:190} INFO - ⚠️ Không đọc được file cũ HHV: 'date'
[2025-10-07T15:24:16.089+0000] {logging_mixin.py:190} INFO - HHV: trích dữ liệu từ 2025-10-08 đến 2025-10-07
[2025-10-07T15:24:20.623+0000] {logging_mixin.py:190} INFO - Không tìm thấy dữ liệu cho HHV
[2025-10-07T15:24:20.624+0000] {logging_mixin.py:190} INFO - HHV: Không có dữ liệu mới.
[2025-10-07T15:24:20.624+0000] {logging_mixin.py:190} INFO - 🚦 Giới hạn API đạt mức tối đa, chờ 2.2s...
[2025-10-07T15:24:22.817+0000] {logging_mixin.py:190} INFO - ⬇️ Bắt đầu xử lý symbol = HHS
[2025-10-07T15:24:22.843+0000] {logging_mixin.py:190} INFO - ⚠️ Không đọc được file cũ HHS: 'date'
[2025-10-07T15:24:22.851+0000] {logging_mixin.py:190} INFO - HHS: trích dữ liệu từ 2025-10-08 đến 2025-10-07
[2025-10-07T15:24:27.768+0000] {logging_mixin.py:190} INFO - Không tìm thấy dữ liệu cho HHS
[2025-10-07T15:24:27.769+0000] {logging_mixin.py:190} INFO - HHS: Không có dữ liệu mới.
[2025-10-07T15:24:27.770+0000] {logging_mixin.py:190} INFO - ⬇️ Bắt đầu xử lý symbol = HHR
[2025-10-07T15:24:27.787+0000] {logging_mixin.py:190} INFO - ⚠️ Không đọc được file cũ HHR: 'date'
[2025-10-07T15:24:27.794+0000] {logging_mixin.py:190} INFO - HHR: trích dữ liệu từ 2023-11-28 đến 2025-10-07
[2025-10-07T15:24:32.700+0000] {logging_mixin.py:190} INFO - Không tìm thấy dữ liệu cho HHR
[2025-10-07T15:24:32.701+0000] {logging_mixin.py:190} INFO - HHR: Không có dữ liệu mới.
[2025-10-07T15:24:32.702+0000] {logging_mixin.py:190} INFO - ⬇️ Bắt đầu xử lý symbol = HHP
[2025-10-07T15:24:32.720+0000] {logging_mixin.py:190} INFO - ⚠️ Không đọc được file cũ HHP: 'date'
[2025-10-07T15:24:32.726+0000] {logging_mixin.py:190} INFO - HHP: trích dữ liệu từ 2025-10-08 đến 2025-10-07
[2025-10-07T15:24:38.212+0000] {logging_mixin.py:190} INFO - Không tìm thấy dữ liệu cho HHP
[2025-10-07T15:24:38.213+0000] {logging_mixin.py:190} INFO - HHP: Không có dữ liệu mới.
[2025-10-07T15:24:38.214+0000] {logging_mixin.py:190} INFO - 🚦 Giới hạn API đạt mức tối đa, chờ 32.2s...
[2025-10-07T15:25:10.359+0000] {logging_mixin.py:190} INFO - ⬇️ Bắt đầu xử lý symbol = HHN
[2025-10-07T15:25:10.380+0000] {logging_mixin.py:190} INFO - ⚠️ Không đọc được file cũ HHN: 'date'
[2025-10-07T15:25:10.387+0000] {logging_mixin.py:190} INFO - HHN: trích dữ liệu từ 2025-10-07 đến 2025-10-07
[2025-10-07T15:25:14.933+0000] {logging_mixin.py:190} INFO - Không tìm thấy dữ liệu cho HHN
[2025-10-07T15:25:14.935+0000] {logging_mixin.py:190} INFO - HHN: Không có dữ liệu mới.
[2025-10-07T15:25:14.936+0000] {logging_mixin.py:190} INFO - 🚦 Giới hạn API đạt mức tối đa, chờ 1.1s...
[2025-10-07T15:25:16.063+0000] {logging_mixin.py:190} INFO - ⬇️ Bắt đầu xử lý symbol = HHG
[2025-10-07T15:25:16.088+0000] {logging_mixin.py:190} INFO - ⚠️ Không đọc được file cũ HHG: 'date'
[2025-10-07T15:25:16.095+0000] {logging_mixin.py:190} INFO - HHG: trích dữ liệu từ 2025-10-08 đến 2025-10-07
[2025-10-07T15:25:20.632+0000] {logging_mixin.py:190} INFO - Không tìm thấy dữ liệu cho HHG
[2025-10-07T15:25:20.633+0000] {logging_mixin.py:190} INFO - HHG: Không có dữ liệu mới.
[2025-10-07T15:25:20.634+0000] {logging_mixin.py:190} INFO - 🚦 Giới hạn API đạt mức tối đa, chờ 2.2s...
[2025-10-07T15:25:22.819+0000] {logging_mixin.py:190} INFO - ⬇️ Bắt đầu xử lý symbol = HHC
[2025-10-07T15:25:22.844+0000] {logging_mixin.py:190} INFO - ⚠️ Không đọc được file cũ HHC: 'date'
[2025-10-07T15:25:22.851+0000] {logging_mixin.py:190} INFO - HHC: trích dữ liệu từ 2025-10-04 đến 2025-10-07
[2025-10-07T15:25:28.843+0000] {logging_mixin.py:190} INFO - Không tìm thấy dữ liệu cho HHC
[2025-10-07T15:25:28.845+0000] {logging_mixin.py:190} INFO - HHC: Không có dữ liệu mới.
[2025-10-07T15:25:28.845+0000] {logging_mixin.py:190} INFO - ⬇️ Bắt đầu xử lý symbol = HGW
[2025-10-07T15:25:28.863+0000] {logging_mixin.py:190} INFO - ⚠️ Không đọc được file cũ HGW: 'date'
[2025-10-07T15:25:28.869+0000] {logging_mixin.py:190} INFO - HGW: trích dữ liệu từ 2024-07-23 đến 2025-10-07
[2025-10-07T15:25:33.369+0000] {logging_mixin.py:190} INFO - Không tìm thấy dữ liệu cho HGW
[2025-10-07T15:25:33.371+0000] {logging_mixin.py:190} INFO - HGW: Không có dữ liệu mới.
[2025-10-07T15:25:33.372+0000] {logging_mixin.py:190} INFO - ⬇️ Bắt đầu xử lý symbol = HGT
[2025-10-07T15:25:33.391+0000] {logging_mixin.py:190} INFO - ⚠️ Không đọc được file cũ HGT: 'date'
[2025-10-07T15:25:33.399+0000] {logging_mixin.py:190} INFO - HGT: trích dữ liệu từ 2025-08-30 đến 2025-10-07
[2025-10-07T15:25:38.023+0000] {logging_mixin.py:190} INFO - Không tìm thấy dữ liệu cho HGT
[2025-10-07T15:25:38.025+0000] {logging_mixin.py:190} INFO - HGT: Không có dữ liệu mới.
[2025-10-07T15:25:38.026+0000] {logging_mixin.py:190} INFO - 🚦 Giới hạn API đạt mức tối đa, chờ 32.3s...
[2025-10-07T15:26:10.389+0000] {logging_mixin.py:190} INFO - ⬇️ Bắt đầu xử lý symbol = HGR
[2025-10-07T15:26:10.403+0000] {logging_mixin.py:190} INFO - HGR: trích dữ liệu từ 2020-01-01 đến 2025-10-07
[2025-10-07T15:26:16.041+0000] {logging_mixin.py:190} INFO - Không tìm thấy dữ liệu cho HGR
[2025-10-07T15:26:16.043+0000] {logging_mixin.py:190} INFO - HGR: Không có dữ liệu mới.
[2025-10-07T15:26:16.043+0000] {logging_mixin.py:190} INFO - 🚦 Giới hạn API đạt mức tối đa, chờ 0.0s...
[2025-10-07T15:26:16.063+0000] {logging_mixin.py:190} INFO - ⬇️ Bắt đầu xử lý symbol = HGM
[2025-10-07T15:26:16.087+0000] {logging_mixin.py:190} INFO - ⚠️ Không đọc được file cũ HGM: 'date'
[2025-10-07T15:26:16.095+0000] {logging_mixin.py:190} INFO - HGM: trích dữ liệu từ 2025-10-08 đến 2025-10-07
[2025-10-07T15:26:20.580+0000] {logging_mixin.py:190} INFO - Không tìm thấy dữ liệu cho HGM
[2025-10-07T15:26:20.581+0000] {logging_mixin.py:190} INFO - HGM: Không có dữ liệu mới.
[2025-10-07T15:26:20.581+0000] {logging_mixin.py:190} INFO - 🚦 Giới hạn API đạt mức tối đa, chờ 2.2s...
[2025-10-07T15:26:22.819+0000] {logging_mixin.py:190} INFO - ⬇️ Bắt đầu xử lý symbol = HGC
[2025-10-07T15:26:22.830+0000] {logging_mixin.py:190} INFO - HGC: trích dữ liệu từ 2020-01-01 đến 2025-10-07
[2025-10-07T15:26:27.258+0000] {logging_mixin.py:190} INFO - Không tìm thấy dữ liệu cho HGC
[2025-10-07T15:26:27.260+0000] {logging_mixin.py:190} INFO - HGC: Không có dữ liệu mới.
[2025-10-07T15:26:27.264+0000] {logging_mixin.py:190} INFO - 🚦 Giới hạn API đạt mức tối đa, chờ 1.6s...
[2025-10-07T15:26:28.846+0000] {logging_mixin.py:190} INFO - ⬇️ Bắt đầu xử lý symbol = HGA
[2025-10-07T15:26:28.883+0000] {logging_mixin.py:190} INFO - HGA: trích dữ liệu từ 2020-01-01 đến 2025-10-07
[2025-10-07T15:26:33.472+0000] {logging_mixin.py:190} INFO - Không tìm thấy dữ liệu cho HGA
[2025-10-07T15:26:33.473+0000] {logging_mixin.py:190} INFO - HGA: Không có dữ liệu mới.
[2025-10-07T15:26:33.474+0000] {logging_mixin.py:190} INFO - ⬇️ Bắt đầu xử lý symbol = HFX
[2025-10-07T15:26:33.491+0000] {logging_mixin.py:190} INFO - ⚠️ Không đọc được file cũ HFX: 'date'
[2025-10-07T15:26:33.497+0000] {logging_mixin.py:190} INFO - HFX: trích dữ liệu từ 2025-08-16 đến 2025-10-07
[2025-10-07T15:26:38.355+0000] {logging_mixin.py:190} INFO - Không tìm thấy dữ liệu cho HFX
[2025-10-07T15:26:38.381+0000] {logging_mixin.py:190} INFO - HFX: Không có dữ liệu mới.
[2025-10-07T15:26:38.382+0000] {logging_mixin.py:190} INFO - 🚦 Giới hạn API đạt mức tối đa, chờ 32.0s...
[2025-10-07T15:27:10.386+0000] {logging_mixin.py:190} INFO - ⬇️ Bắt đầu xử lý symbol = HFC
[2025-10-07T15:27:10.411+0000] {logging_mixin.py:190} INFO - ⚠️ Không đọc được file cũ HFC: 'date'
[2025-10-07T15:27:10.419+0000] {logging_mixin.py:190} INFO - HFC: trích dữ liệu từ 2025-09-27 đến 2025-10-07
[2025-10-07T15:27:15.003+0000] {logging_mixin.py:190} INFO - Không tìm thấy dữ liệu cho HFC
[2025-10-07T15:27:15.005+0000] {logging_mixin.py:190} INFO - HFC: Không có dữ liệu mới.
[2025-10-07T15:27:15.005+0000] {logging_mixin.py:190} INFO - 🚦 Giới hạn API đạt mức tối đa, chờ 1.1s...
[2025-10-07T15:27:16.064+0000] {logging_mixin.py:190} INFO - ⬇️ Bắt đầu xử lý symbol = HFB
[2025-10-07T15:27:16.082+0000] {logging_mixin.py:190} INFO - ⚠️ Không đọc được file cũ HFB: 'date'
[2025-10-07T15:27:16.089+0000] {logging_mixin.py:190} INFO - HFB: trích dữ liệu từ 2025-10-04 đến 2025-10-07
[2025-10-07T15:27:20.707+0000] {logging_mixin.py:190} INFO - Không tìm thấy dữ liệu cho HFB
[2025-10-07T15:27:20.708+0000] {logging_mixin.py:190} INFO - HFB: Không có dữ liệu mới.
[2025-10-07T15:27:20.709+0000] {logging_mixin.py:190} INFO - 🚦 Giới hạn API đạt mức tối đa, chờ 2.1s...
[2025-10-07T15:27:22.820+0000] {logging_mixin.py:190} INFO - ⬇️ Bắt đầu xử lý symbol = HEV
[2025-10-07T15:27:22.838+0000] {logging_mixin.py:190} INFO - ⚠️ Không đọc được file cũ HEV: 'date'
[2025-10-07T15:27:22.847+0000] {logging_mixin.py:190} INFO - HEV: trích dữ liệu từ 2025-09-20 đến 2025-10-07
[2025-10-07T15:27:27.728+0000] {logging_mixin.py:190} INFO - Không tìm thấy dữ liệu cho HEV
[2025-10-07T15:27:27.730+0000] {logging_mixin.py:190} INFO - HEV: Không có dữ liệu mới.
[2025-10-07T15:27:27.730+0000] {logging_mixin.py:190} INFO - 🚦 Giới hạn API đạt mức tối đa, chờ 1.1s...
[2025-10-07T15:27:28.847+0000] {logging_mixin.py:190} INFO - ⬇️ Bắt đầu xử lý symbol = HES
[2025-10-07T15:27:28.867+0000] {logging_mixin.py:190} INFO - ⚠️ Không đọc được file cũ HES: 'date'
[2025-10-07T15:27:28.875+0000] {logging_mixin.py:190} INFO - HES: trích dữ liệu từ 2025-09-19 đến 2025-10-07
[2025-10-07T15:27:33.522+0000] {logging_mixin.py:190} INFO - Không tìm thấy dữ liệu cho HES
[2025-10-07T15:27:33.523+0000] {logging_mixin.py:190} INFO - HES: Không có dữ liệu mới.
[2025-10-07T15:27:33.525+0000] {logging_mixin.py:190} INFO - ⬇️ Bắt đầu xử lý symbol = HEP
[2025-10-07T15:27:33.542+0000] {logging_mixin.py:190} INFO - ⚠️ Không đọc được file cũ HEP: 'date'
[2025-10-07T15:27:33.552+0000] {logging_mixin.py:190} INFO - HEP: trích dữ liệu từ 2025-10-07 đến 2025-10-07
[2025-10-07T15:27:38.143+0000] {logging_mixin.py:190} INFO - Không tìm thấy dữ liệu cho HEP
[2025-10-07T15:27:38.145+0000] {logging_mixin.py:190} INFO - HEP: Không có dữ liệu mới.
[2025-10-07T15:27:38.147+0000] {logging_mixin.py:190} INFO - 🚦 Giới hạn API đạt mức tối đa, chờ 32.2s...
[2025-10-07T15:28:10.369+0000] {logging_mixin.py:190} INFO - ⬇️ Bắt đầu xử lý symbol = HEM
[2025-10-07T15:28:10.389+0000] {logging_mixin.py:190} INFO - ⚠️ Không đọc được file cũ HEM: 'date'
[2025-10-07T15:28:10.398+0000] {logging_mixin.py:190} INFO - HEM: trích dữ liệu từ 2024-05-17 đến 2025-10-07
[2025-10-07T15:28:14.986+0000] {logging_mixin.py:190} INFO - Không tìm thấy dữ liệu cho HEM
[2025-10-07T15:28:14.988+0000] {logging_mixin.py:190} INFO - HEM: Không có dữ liệu mới.
[2025-10-07T15:28:14.988+0000] {logging_mixin.py:190} INFO - 🚦 Giới hạn API đạt mức tối đa, chờ 1.1s...
[2025-10-07T15:28:16.065+0000] {logging_mixin.py:190} INFO - ⬇️ Bắt đầu xử lý symbol = HEJ
[2025-10-07T15:28:16.083+0000] {logging_mixin.py:190} INFO - ⚠️ Không đọc được file cũ HEJ: 'date'
[2025-10-07T15:28:16.092+0000] {logging_mixin.py:190} INFO - HEJ: trích dữ liệu từ 2025-09-23 đến 2025-10-07
[2025-10-07T15:28:20.975+0000] {logging_mixin.py:190} INFO - Không tìm thấy dữ liệu cho HEJ
[2025-10-07T15:28:20.976+0000] {logging_mixin.py:190} INFO - HEJ: Không có dữ liệu mới.
[2025-10-07T15:28:20.977+0000] {logging_mixin.py:190} INFO - 🚦 Giới hạn API đạt mức tối đa, chờ 1.8s...
[2025-10-07T15:28:22.821+0000] {logging_mixin.py:190} INFO - ⬇️ Bắt đầu xử lý symbol = HEC
[2025-10-07T15:28:22.841+0000] {logging_mixin.py:190} INFO - ⚠️ Không đọc được file cũ HEC: 'date'
[2025-10-07T15:28:22.848+0000] {logging_mixin.py:190} INFO - HEC: trích dữ liệu từ 2025-10-08 đến 2025-10-07
[2025-10-07T15:28:27.361+0000] {logging_mixin.py:190} INFO - Không tìm thấy dữ liệu cho HEC
[2025-10-07T15:28:27.363+0000] {logging_mixin.py:190} INFO - HEC: Không có dữ liệu mới.
[2025-10-07T15:28:27.363+0000] {logging_mixin.py:190} INFO - 🚦 Giới hạn API đạt mức tối đa, chờ 1.5s...
[2025-10-07T15:28:28.847+0000] {logging_mixin.py:190} INFO - ⬇️ Bắt đầu xử lý symbol = HDW
[2025-10-07T15:28:28.867+0000] {logging_mixin.py:190} INFO - ⚠️ Không đọc được file cũ HDW: 'date'
[2025-10-07T15:28:28.876+0000] {logging_mixin.py:190} INFO - HDW: trích dữ liệu từ 2025-10-08 đến 2025-10-07
[2025-10-07T15:28:33.372+0000] {logging_mixin.py:190} INFO - Không tìm thấy dữ liệu cho HDW
[2025-10-07T15:28:33.374+0000] {logging_mixin.py:190} INFO - HDW: Không có dữ liệu mới.
[2025-10-07T15:28:33.374+0000] {logging_mixin.py:190} INFO - 🚦 Giới hạn API đạt mức tối đa, chờ 0.2s...
[2025-10-07T15:28:33.526+0000] {logging_mixin.py:190} INFO - ⬇️ Bắt đầu xử lý symbol = HDS
[2025-10-07T15:28:33.546+0000] {logging_mixin.py:190} INFO - ⚠️ Không đọc được file cũ HDS: 'date'
[2025-10-07T15:28:33.551+0000] {logging_mixin.py:190} INFO - HDS: trích dữ liệu từ 2024-07-26 đến 2025-10-07
[2025-10-07T15:28:38.030+0000] {logging_mixin.py:190} INFO - Không tìm thấy dữ liệu cho HDS
[2025-10-07T15:28:38.031+0000] {logging_mixin.py:190} INFO - HDS: Không có dữ liệu mới.
[2025-10-07T15:28:38.031+0000] {logging_mixin.py:190} INFO - 🚦 Giới hạn API đạt mức tối đa, chờ 32.3s...
[2025-10-07T15:29:10.372+0000] {logging_mixin.py:190} INFO - ⬇️ Bắt đầu xử lý symbol = HDP
[2025-10-07T15:29:10.429+0000] {logging_mixin.py:190} INFO - ⚠️ Không đọc được file cũ HDP: 'date'
[2025-10-07T15:29:10.440+0000] {logging_mixin.py:190} INFO - HDP: trích dữ liệu từ 2025-09-30 đến 2025-10-07
[2025-10-07T15:29:15.090+0000] {logging_mixin.py:190} INFO - Không tìm thấy dữ liệu cho HDP
[2025-10-07T15:29:15.091+0000] {logging_mixin.py:190} INFO - HDP: Không có dữ liệu mới.
[2025-10-07T15:29:15.092+0000] {logging_mixin.py:190} INFO - 🚦 Giới hạn API đạt mức tối đa, chờ 1.0s...
[2025-10-07T15:29:16.065+0000] {logging_mixin.py:190} INFO - ⬇️ Bắt đầu xử lý symbol = HDO
[2025-10-07T15:29:16.089+0000] {logging_mixin.py:190} INFO - ⚠️ Không đọc được file cũ HDO: 'date'
[2025-10-07T15:29:16.096+0000] {logging_mixin.py:190} INFO - HDO: trích dữ liệu từ 2024-07-26 đến 2025-10-07
[2025-10-07T15:29:20.691+0000] {logging_mixin.py:190} INFO - Không tìm thấy dữ liệu cho HDO
[2025-10-07T15:29:20.692+0000] {logging_mixin.py:190} INFO - HDO: Không có dữ liệu mới.
[2025-10-07T15:29:20.692+0000] {logging_mixin.py:190} INFO - 🚦 Giới hạn API đạt mức tối đa, chờ 2.1s...
[2025-10-07T15:29:22.821+0000] {logging_mixin.py:190} INFO - ⬇️ Bắt đầu xử lý symbol = HDM
[2025-10-07T15:29:22.839+0000] {logging_mixin.py:190} INFO - ⚠️ Không đọc được file cũ HDM: 'date'
[2025-10-07T15:29:22.847+0000] {logging_mixin.py:190} INFO - HDM: trích dữ liệu từ 2025-10-08 đến 2025-10-07
[2025-10-07T15:29:27.495+0000] {logging_mixin.py:190} INFO - Không tìm thấy dữ liệu cho HDM
[2025-10-07T15:29:27.497+0000] {logging_mixin.py:190} INFO - HDM: Không có dữ liệu mới.
[2025-10-07T15:29:27.500+0000] {logging_mixin.py:190} INFO - 🚦 Giới hạn API đạt mức tối đa, chờ 1.3s...
[2025-10-07T15:29:28.851+0000] {logging_mixin.py:190} INFO - ⬇️ Bắt đầu xử lý symbol = HDG
[2025-10-07T15:29:28.869+0000] {logging_mixin.py:190} INFO - ⚠️ Không đọc được file cũ HDG: 'date'
[2025-10-07T15:29:28.876+0000] {logging_mixin.py:190} INFO - HDG: trích dữ liệu từ 2025-10-08 đến 2025-10-07
[2025-10-07T15:29:33.711+0000] {logging_mixin.py:190} INFO - Không tìm thấy dữ liệu cho HDG
[2025-10-07T15:29:33.713+0000] {logging_mixin.py:190} INFO - HDG: Không có dữ liệu mới.
[2025-10-07T15:29:33.713+0000] {logging_mixin.py:190} INFO - ⬇️ Bắt đầu xử lý symbol = HDC
[2025-10-07T15:29:33.728+0000] {logging_mixin.py:190} INFO - ⚠️ Không đọc được file cũ HDC: 'date'
[2025-10-07T15:29:33.735+0000] {logging_mixin.py:190} INFO - HDC: trích dữ liệu từ 2025-10-08 đến 2025-10-07
[2025-10-07T15:29:38.311+0000] {logging_mixin.py:190} INFO - Không tìm thấy dữ liệu cho HDC
[2025-10-07T15:29:38.313+0000] {logging_mixin.py:190} INFO - HDC: Không có dữ liệu mới.
[2025-10-07T15:29:38.313+0000] {python.py:240} INFO - Done. Returned value was: None
[2025-10-07T15:29:38.322+0000] {taskinstance.py:341} INFO - ::group::Post task execution logs
[2025-10-07T15:29:38.323+0000] {taskinstance.py:353} INFO - Marking task as SUCCESS. dag_id=vnstock_weekly_etl_incremental, task_id=process_batch, run_id=manual__2025-10-07T10:44:44.201464+00:00, map_index=22, execution_date=20251007T104444, start_date=20251007T152010, end_date=20251007T152938
[2025-10-07T15:29:38.396+0000] {local_task_job_runner.py:266} INFO - Task exited with return code 0
[2025-10-07T15:29:38.553+0000] {taskinstance.py:3901} INFO - 0 downstream tasks scheduled from follow-on schedule check
[2025-10-07T15:29:38.556+0000] {local_task_job_runner.py:245} INFO - ::endgroup::
