[2025-10-07T11:31:02.901+0000] {local_task_job_runner.py:123} INFO - ::group::Pre task execution logs
[2025-10-07T11:31:02.985+0000] {taskinstance.py:2614} INFO - Dependencies all met for dep_context=non-requeueable deps ti=<TaskInstance: vnstock_weekly_etl_incremental.process_batch manual__2025-10-07T10:41:48.387187+00:00 map_index=24 [queued]>
[2025-10-07T11:31:03.028+0000] {taskinstance.py:2614} INFO - Dependencies all met for dep_context=requeueable deps ti=<TaskInstance: vnstock_weekly_etl_incremental.process_batch manual__2025-10-07T10:41:48.387187+00:00 map_index=24 [queued]>
[2025-10-07T11:31:03.035+0000] {taskinstance.py:2867} INFO - Starting attempt 1 of 3
[2025-10-07T11:31:03.076+0000] {taskinstance.py:2890} INFO - Executing <Mapped(_PythonDecoratedOperator): process_batch> on 2025-10-07 10:41:48.387187+00:00
[2025-10-07T11:31:03.114+0000] {logging_mixin.py:190} WARNING - /home/***/.local/lib/python3.12/site-packages/***/task/task_runner/standard_task_runner.py:70 DeprecationWarning: This process (pid=7929) is multi-threaded, use of fork() may lead to deadlocks in the child.
[2025-10-07T11:31:03.120+0000] {standard_task_runner.py:72} INFO - Started process 7950 to run task
[2025-10-07T11:31:03.120+0000] {standard_task_runner.py:104} INFO - Running: ['***', 'tasks', 'run', 'vnstock_weekly_etl_incremental', 'process_batch', 'manual__2025-10-07T10:41:48.387187+00:00', '--job-id', '148', '--raw', '--subdir', 'DAGS_FOLDER/dag.py', '--cfg-path', '/tmp/tmpnzyxz7bw', '--map-index', '24']
[2025-10-07T11:31:03.133+0000] {standard_task_runner.py:105} INFO - Job 148: Subtask process_batch
[2025-10-07T11:31:03.194+0000] {logging_mixin.py:190} WARNING - /home/***/.local/lib/python3.12/site-packages/***/settings.py:209 DeprecationWarning: The sql_alchemy_conn option in [core] has been moved to the sql_alchemy_conn option in [database] - the old setting has been used, but please update your config.
[2025-10-07T11:31:03.391+0000] {task_command.py:467} INFO - Running <TaskInstance: vnstock_weekly_etl_incremental.process_batch manual__2025-10-07T10:41:48.387187+00:00 map_index=24 [running]> on host e3278e0f0bbc
[2025-10-07T11:31:03.873+0000] {taskinstance.py:3134} INFO - Exporting env vars: AIRFLOW_CTX_DAG_OWNER='***' AIRFLOW_CTX_DAG_ID='vnstock_weekly_etl_incremental' AIRFLOW_CTX_TASK_ID='process_batch' AIRFLOW_CTX_EXECUTION_DATE='2025-10-07T10:41:48.387187+00:00' AIRFLOW_CTX_TRY_NUMBER='1' AIRFLOW_CTX_DAG_RUN_ID='manual__2025-10-07T10:41:48.387187+00:00'
[2025-10-07T11:31:03.875+0000] {taskinstance.py:732} INFO - ::endgroup::
[2025-10-07T11:31:03.878+0000] {logging_mixin.py:190} INFO - ⬇️ Bắt đầu xử lý symbol = GMC
[2025-10-07T11:31:03.898+0000] {logging_mixin.py:190} INFO - ⚠️ Không đọc được file cũ GMC: 'date'
[2025-10-07T11:31:03.916+0000] {logging_mixin.py:190} INFO - GMC: trích dữ liệu từ 2025-10-04 đến 2025-10-07
[2025-10-07T11:31:03.937+0000] {client.py:83} ERROR - API request failed: HTTPSConnectionPool(host='trading.vietcap.com.vn', port=443): Max retries exceeded with url: /api/chart/OHLCChart/gap (Caused by NameResolutionError("<urllib3.connection.HTTPSConnection object at 0x7e619e91b980>: Failed to resolve 'trading.vietcap.com.vn' ([Errno -2] Name or service not known)"))
[2025-10-07T11:31:05.949+0000] {client.py:83} ERROR - API request failed: HTTPSConnectionPool(host='trading.vietcap.com.vn', port=443): Max retries exceeded with url: /api/chart/OHLCChart/gap (Caused by NameResolutionError("<urllib3.connection.HTTPSConnection object at 0x7e619e9386b0>: Failed to resolve 'trading.vietcap.com.vn' ([Errno -2] Name or service not known)"))
[2025-10-07T11:31:07.964+0000] {client.py:83} ERROR - API request failed: HTTPSConnectionPool(host='trading.vietcap.com.vn', port=443): Max retries exceeded with url: /api/chart/OHLCChart/gap (Caused by NameResolutionError("<urllib3.connection.HTTPSConnection object at 0x7e619e91a870>: Failed to resolve 'trading.vietcap.com.vn' ([Errno -2] Name or service not known)"))
[2025-10-07T11:31:07.967+0000] {logging_mixin.py:190} INFO - Không tìm thấy dữ liệu cho GMC
[2025-10-07T11:31:07.972+0000] {logging_mixin.py:190} INFO - ℹ️ GMC: Không có dữ liệu mới.
[2025-10-07T11:31:07.975+0000] {logging_mixin.py:190} INFO - ⬇️ Bắt đầu xử lý symbol = GMA
[2025-10-07T11:31:08.008+0000] {logging_mixin.py:190} INFO - ⚠️ Không đọc được file cũ GMA: 'date'
[2025-10-07T11:31:08.027+0000] {logging_mixin.py:190} INFO - GMA: trích dữ liệu từ 2025-10-01 đến 2025-10-07
[2025-10-07T11:31:08.033+0000] {client.py:83} ERROR - API request failed: HTTPSConnectionPool(host='trading.vietcap.com.vn', port=443): Max retries exceeded with url: /api/chart/OHLCChart/gap (Caused by NameResolutionError("<urllib3.connection.HTTPSConnection object at 0x7e619e93a660>: Failed to resolve 'trading.vietcap.com.vn' ([Errno -2] Name or service not known)"))
[2025-10-07T11:31:10.048+0000] {client.py:83} ERROR - API request failed: HTTPSConnectionPool(host='trading.vietcap.com.vn', port=443): Max retries exceeded with url: /api/chart/OHLCChart/gap (Caused by NameResolutionError("<urllib3.connection.HTTPSConnection object at 0x7e619e93b2c0>: Failed to resolve 'trading.vietcap.com.vn' ([Errno -2] Name or service not known)"))
[2025-10-07T11:31:12.087+0000] {client.py:83} ERROR - API request failed: HTTPSConnectionPool(host='trading.vietcap.com.vn', port=443): Max retries exceeded with url: /api/chart/OHLCChart/gap (Caused by NameResolutionError("<urllib3.connection.HTTPSConnection object at 0x7e619e939f70>: Failed to resolve 'trading.vietcap.com.vn' ([Errno -2] Name or service not known)"))
[2025-10-07T11:31:12.091+0000] {logging_mixin.py:190} INFO - Không tìm thấy dữ liệu cho GMA
[2025-10-07T11:31:12.097+0000] {logging_mixin.py:190} INFO - ℹ️ GMA: Không có dữ liệu mới.
[2025-10-07T11:31:12.098+0000] {logging_mixin.py:190} INFO - ⬇️ Bắt đầu xử lý symbol = GLW
[2025-10-07T11:31:12.139+0000] {logging_mixin.py:190} INFO - ⚠️ Không đọc được file cũ GLW: 'date'
[2025-10-07T11:31:12.174+0000] {logging_mixin.py:190} INFO - GLW: trích dữ liệu từ 2025-10-03 đến 2025-10-07
[2025-10-07T11:31:12.191+0000] {client.py:83} ERROR - API request failed: HTTPSConnectionPool(host='trading.vietcap.com.vn', port=443): Max retries exceeded with url: /api/chart/OHLCChart/gap (Caused by NameResolutionError("<urllib3.connection.HTTPSConnection object at 0x7e619e778d70>: Failed to resolve 'trading.vietcap.com.vn' ([Errno -2] Name or service not known)"))
[2025-10-07T11:31:14.208+0000] {client.py:83} ERROR - API request failed: HTTPSConnectionPool(host='trading.vietcap.com.vn', port=443): Max retries exceeded with url: /api/chart/OHLCChart/gap (Caused by NameResolutionError("<urllib3.connection.HTTPSConnection object at 0x7e619e779910>: Failed to resolve 'trading.vietcap.com.vn' ([Errno -2] Name or service not known)"))
[2025-10-07T11:31:16.237+0000] {client.py:83} ERROR - API request failed: HTTPSConnectionPool(host='trading.vietcap.com.vn', port=443): Max retries exceeded with url: /api/chart/OHLCChart/gap (Caused by NameResolutionError("<urllib3.connection.HTTPSConnection object at 0x7e619e91b920>: Failed to resolve 'trading.vietcap.com.vn' ([Errno -2] Name or service not known)"))
[2025-10-07T11:31:16.238+0000] {logging_mixin.py:190} INFO - Không tìm thấy dữ liệu cho GLW
[2025-10-07T11:31:16.239+0000] {logging_mixin.py:190} INFO - ℹ️ GLW: Không có dữ liệu mới.
[2025-10-07T11:31:16.240+0000] {logging_mixin.py:190} INFO - ⬇️ Bắt đầu xử lý symbol = GLT
[2025-10-07T11:31:16.253+0000] {logging_mixin.py:190} INFO - ⚠️ Không đọc được file cũ GLT: 'date'
[2025-10-07T11:31:16.267+0000] {logging_mixin.py:190} INFO - GLT: trích dữ liệu từ 2025-10-08 đến 2025-10-07
[2025-10-07T11:31:16.275+0000] {client.py:83} ERROR - API request failed: HTTPSConnectionPool(host='trading.vietcap.com.vn', port=443): Max retries exceeded with url: /api/chart/OHLCChart/gap (Caused by NameResolutionError("<urllib3.connection.HTTPSConnection object at 0x7e619e93ab70>: Failed to resolve 'trading.vietcap.com.vn' ([Errno -2] Name or service not known)"))
[2025-10-07T11:31:18.288+0000] {client.py:83} ERROR - API request failed: HTTPSConnectionPool(host='trading.vietcap.com.vn', port=443): Max retries exceeded with url: /api/chart/OHLCChart/gap (Caused by NameResolutionError("<urllib3.connection.HTTPSConnection object at 0x7e619e938290>: Failed to resolve 'trading.vietcap.com.vn' ([Errno -2] Name or service not known)"))
[2025-10-07T11:31:20.305+0000] {client.py:83} ERROR - API request failed: HTTPSConnectionPool(host='trading.vietcap.com.vn', port=443): Max retries exceeded with url: /api/chart/OHLCChart/gap (Caused by NameResolutionError("<urllib3.connection.HTTPSConnection object at 0x7e619e8908f0>: Failed to resolve 'trading.vietcap.com.vn' ([Errno -2] Name or service not known)"))
[2025-10-07T11:31:20.309+0000] {logging_mixin.py:190} INFO - Không tìm thấy dữ liệu cho GLT
[2025-10-07T11:31:20.315+0000] {logging_mixin.py:190} INFO - ℹ️ GLT: Không có dữ liệu mới.
[2025-10-07T11:31:20.317+0000] {logging_mixin.py:190} INFO - ⬇️ Bắt đầu xử lý symbol = GLC
[2025-10-07T11:31:20.360+0000] {logging_mixin.py:190} INFO - ⚠️ Không đọc được file cũ GLC: 'date'
[2025-10-07T11:31:20.396+0000] {logging_mixin.py:190} INFO - GLC: trích dữ liệu từ 2025-08-02 đến 2025-10-07
[2025-10-07T11:31:20.416+0000] {client.py:83} ERROR - API request failed: HTTPSConnectionPool(host='trading.vietcap.com.vn', port=443): Max retries exceeded with url: /api/chart/OHLCChart/gap (Caused by NameResolutionError("<urllib3.connection.HTTPSConnection object at 0x7e619e9381a0>: Failed to resolve 'trading.vietcap.com.vn' ([Errno -2] Name or service not known)"))
[2025-10-07T11:31:22.429+0000] {client.py:83} ERROR - API request failed: HTTPSConnectionPool(host='trading.vietcap.com.vn', port=443): Max retries exceeded with url: /api/chart/OHLCChart/gap (Caused by NameResolutionError("<urllib3.connection.HTTPSConnection object at 0x7e619e93b440>: Failed to resolve 'trading.vietcap.com.vn' ([Errno -2] Name or service not known)"))
[2025-10-07T11:31:24.445+0000] {client.py:83} ERROR - API request failed: HTTPSConnectionPool(host='trading.vietcap.com.vn', port=443): Max retries exceeded with url: /api/chart/OHLCChart/gap (Caused by NameResolutionError("<urllib3.connection.HTTPSConnection object at 0x7e619e779640>: Failed to resolve 'trading.vietcap.com.vn' ([Errno -2] Name or service not known)"))
[2025-10-07T11:31:24.449+0000] {logging_mixin.py:190} INFO - Không tìm thấy dữ liệu cho GLC
[2025-10-07T11:31:24.454+0000] {logging_mixin.py:190} INFO - ℹ️ GLC: Không có dữ liệu mới.
[2025-10-07T11:31:24.456+0000] {logging_mixin.py:190} INFO - 🚦 Giới hạn API đạt mức tối đa, chờ 39.4s...
[2025-10-07T11:32:03.878+0000] {logging_mixin.py:190} INFO - ⬇️ Bắt đầu xử lý symbol = GKM
[2025-10-07T11:32:03.914+0000] {logging_mixin.py:190} INFO - ⚠️ Không đọc được file cũ GKM: 'date'
[2025-10-07T11:32:03.930+0000] {logging_mixin.py:190} INFO - GKM: trích dữ liệu từ 2025-10-04 đến 2025-10-07
[2025-10-07T11:32:03.937+0000] {client.py:83} ERROR - API request failed: HTTPSConnectionPool(host='trading.vietcap.com.vn', port=443): Max retries exceeded with url: /api/chart/OHLCChart/gap (Caused by NameResolutionError("<urllib3.connection.HTTPSConnection object at 0x7e619e77a510>: Failed to resolve 'trading.vietcap.com.vn' ([Errno -2] Name or service not known)"))
[2025-10-07T11:32:05.966+0000] {client.py:83} ERROR - API request failed: HTTPSConnectionPool(host='trading.vietcap.com.vn', port=443): Max retries exceeded with url: /api/chart/OHLCChart/gap (Caused by NameResolutionError("<urllib3.connection.HTTPSConnection object at 0x7e619e938170>: Failed to resolve 'trading.vietcap.com.vn' ([Errno -2] Name or service not known)"))
[2025-10-07T11:32:07.972+0000] {client.py:83} ERROR - API request failed: HTTPSConnectionPool(host='trading.vietcap.com.vn', port=443): Max retries exceeded with url: /api/chart/OHLCChart/gap (Caused by NameResolutionError("<urllib3.connection.HTTPSConnection object at 0x7e619e9381a0>: Failed to resolve 'trading.vietcap.com.vn' ([Errno -2] Name or service not known)"))
[2025-10-07T11:32:07.974+0000] {logging_mixin.py:190} INFO - Không tìm thấy dữ liệu cho GKM
[2025-10-07T11:32:07.975+0000] {logging_mixin.py:190} INFO - ℹ️ GKM: Không có dữ liệu mới.
[2025-10-07T11:32:07.976+0000] {logging_mixin.py:190} INFO - ⬇️ Bắt đầu xử lý symbol = GIL
[2025-10-07T11:32:08.005+0000] {logging_mixin.py:190} INFO - ⚠️ Không đọc được file cũ GIL: 'date'
[2025-10-07T11:32:08.021+0000] {logging_mixin.py:190} INFO - GIL: trích dữ liệu từ 2025-10-04 đến 2025-10-07
[2025-10-07T11:32:08.028+0000] {client.py:83} ERROR - API request failed: HTTPSConnectionPool(host='trading.vietcap.com.vn', port=443): Max retries exceeded with url: /api/chart/OHLCChart/gap (Caused by NameResolutionError("<urllib3.connection.HTTPSConnection object at 0x7e619e77aae0>: Failed to resolve 'trading.vietcap.com.vn' ([Errno -2] Name or service not known)"))
[2025-10-07T11:32:10.038+0000] {client.py:83} ERROR - API request failed: HTTPSConnectionPool(host='trading.vietcap.com.vn', port=443): Max retries exceeded with url: /api/chart/OHLCChart/gap (Caused by NameResolutionError("<urllib3.connection.HTTPSConnection object at 0x7e619e77b620>: Failed to resolve 'trading.vietcap.com.vn' ([Errno -2] Name or service not known)"))
[2025-10-07T11:32:12.075+0000] {client.py:83} ERROR - API request failed: HTTPSConnectionPool(host='trading.vietcap.com.vn', port=443): Max retries exceeded with url: /api/chart/OHLCChart/gap (Caused by NameResolutionError("<urllib3.connection.HTTPSConnection object at 0x7e619e93a510>: Failed to resolve 'trading.vietcap.com.vn' ([Errno -2] Name or service not known)"))
[2025-10-07T11:32:12.078+0000] {logging_mixin.py:190} INFO - Không tìm thấy dữ liệu cho GIL
[2025-10-07T11:32:12.085+0000] {logging_mixin.py:190} INFO - ℹ️ GIL: Không có dữ liệu mới.
[2025-10-07T11:32:12.087+0000] {logging_mixin.py:190} INFO - 🚦 Giới hạn API đạt mức tối đa, chờ 0.0s...
[2025-10-07T11:32:12.101+0000] {logging_mixin.py:190} INFO - ⬇️ Bắt đầu xử lý symbol = GIC
[2025-10-07T11:32:12.166+0000] {logging_mixin.py:190} INFO - ⚠️ Không đọc được file cũ GIC: 'date'
[2025-10-07T11:32:12.198+0000] {logging_mixin.py:190} INFO - GIC: trích dữ liệu từ 2025-10-04 đến 2025-10-07
[2025-10-07T11:32:12.216+0000] {client.py:83} ERROR - API request failed: HTTPSConnectionPool(host='trading.vietcap.com.vn', port=443): Max retries exceeded with url: /api/chart/OHLCChart/gap (Caused by NameResolutionError("<urllib3.connection.HTTPSConnection object at 0x7e619e77a000>: Failed to resolve 'trading.vietcap.com.vn' ([Errno -2] Name or service not known)"))
[2025-10-07T11:32:14.232+0000] {client.py:83} ERROR - API request failed: HTTPSConnectionPool(host='trading.vietcap.com.vn', port=443): Max retries exceeded with url: /api/chart/OHLCChart/gap (Caused by NameResolutionError("<urllib3.connection.HTTPSConnection object at 0x7e619e7c0350>: Failed to resolve 'trading.vietcap.com.vn' ([Errno -2] Name or service not known)"))
[2025-10-07T11:32:16.250+0000] {client.py:83} ERROR - API request failed: HTTPSConnectionPool(host='trading.vietcap.com.vn', port=443): Max retries exceeded with url: /api/chart/OHLCChart/gap (Caused by NameResolutionError("<urllib3.connection.HTTPSConnection object at 0x7e619e7c0e30>: Failed to resolve 'trading.vietcap.com.vn' ([Errno -2] Name or service not known)"))
[2025-10-07T11:32:16.254+0000] {logging_mixin.py:190} INFO - Không tìm thấy dữ liệu cho GIC
[2025-10-07T11:32:16.260+0000] {logging_mixin.py:190} INFO - ℹ️ GIC: Không có dữ liệu mới.
[2025-10-07T11:32:16.263+0000] {logging_mixin.py:190} INFO - ⬇️ Bắt đầu xử lý symbol = GHC
[2025-10-07T11:32:16.335+0000] {logging_mixin.py:190} INFO - ⚠️ Không đọc được file cũ GHC: 'date'
[2025-10-07T11:32:16.371+0000] {logging_mixin.py:190} INFO - GHC: trích dữ liệu từ 2025-10-04 đến 2025-10-07
[2025-10-07T11:32:16.388+0000] {client.py:83} ERROR - API request failed: HTTPSConnectionPool(host='trading.vietcap.com.vn', port=443): Max retries exceeded with url: /api/chart/OHLCChart/gap (Caused by NameResolutionError("<urllib3.connection.HTTPSConnection object at 0x7e619e77b0b0>: Failed to resolve 'trading.vietcap.com.vn' ([Errno -2] Name or service not known)"))
[2025-10-07T11:32:18.409+0000] {client.py:83} ERROR - API request failed: HTTPSConnectionPool(host='trading.vietcap.com.vn', port=443): Max retries exceeded with url: /api/chart/OHLCChart/gap (Caused by NameResolutionError("<urllib3.connection.HTTPSConnection object at 0x7e619e7c1730>: Failed to resolve 'trading.vietcap.com.vn' ([Errno -2] Name or service not known)"))
[2025-10-07T11:32:20.418+0000] {client.py:83} ERROR - API request failed: HTTPSConnectionPool(host='trading.vietcap.com.vn', port=443): Max retries exceeded with url: /api/chart/OHLCChart/gap (Caused by NameResolutionError("<urllib3.connection.HTTPSConnection object at 0x7e619e7c22d0>: Failed to resolve 'trading.vietcap.com.vn' ([Errno -2] Name or service not known)"))
[2025-10-07T11:32:20.419+0000] {logging_mixin.py:190} INFO - Không tìm thấy dữ liệu cho GHC
[2025-10-07T11:32:20.422+0000] {logging_mixin.py:190} INFO - ℹ️ GHC: Không có dữ liệu mới.
[2025-10-07T11:32:20.423+0000] {logging_mixin.py:190} INFO - ⬇️ Bắt đầu xử lý symbol = GH3
[2025-10-07T11:32:20.454+0000] {logging_mixin.py:190} INFO - ⚠️ Không đọc được file cũ GH3: 'date'
[2025-10-07T11:32:20.468+0000] {logging_mixin.py:190} INFO - GH3: trích dữ liệu từ 2025-09-25 đến 2025-10-07
[2025-10-07T11:32:20.476+0000] {client.py:83} ERROR - API request failed: HTTPSConnectionPool(host='trading.vietcap.com.vn', port=443): Max retries exceeded with url: /api/chart/OHLCChart/gap (Caused by NameResolutionError("<urllib3.connection.HTTPSConnection object at 0x7e619e778680>: Failed to resolve 'trading.vietcap.com.vn' ([Errno -2] Name or service not known)"))
[2025-10-07T11:32:22.483+0000] {client.py:83} ERROR - API request failed: HTTPSConnectionPool(host='trading.vietcap.com.vn', port=443): Max retries exceeded with url: /api/chart/OHLCChart/gap (Caused by NameResolutionError("<urllib3.connection.HTTPSConnection object at 0x7e619e7786e0>: Failed to resolve 'trading.vietcap.com.vn' ([Errno -2] Name or service not known)"))
[2025-10-07T11:32:24.498+0000] {client.py:83} ERROR - API request failed: HTTPSConnectionPool(host='trading.vietcap.com.vn', port=443): Max retries exceeded with url: /api/chart/OHLCChart/gap (Caused by NameResolutionError("<urllib3.connection.HTTPSConnection object at 0x7e619e7c1bb0>: Failed to resolve 'trading.vietcap.com.vn' ([Errno -2] Name or service not known)"))
[2025-10-07T11:32:24.503+0000] {logging_mixin.py:190} INFO - Không tìm thấy dữ liệu cho GH3
[2025-10-07T11:32:24.510+0000] {logging_mixin.py:190} INFO - ℹ️ GH3: Không có dữ liệu mới.
[2025-10-07T11:32:24.512+0000] {logging_mixin.py:190} INFO - 🚦 Giới hạn API đạt mức tối đa, chờ 39.4s...
[2025-10-07T11:33:03.878+0000] {logging_mixin.py:190} INFO - ⬇️ Bắt đầu xử lý symbol = GGG
[2025-10-07T11:33:04.314+0000] {logging_mixin.py:190} INFO - ⚠️ Không đọc được file cũ GGG: 'date'
[2025-10-07T11:33:04.325+0000] {logging_mixin.py:190} INFO - GGG: trích dữ liệu từ 2025-09-27 đến 2025-10-07
[2025-10-07T11:33:04.331+0000] {client.py:83} ERROR - API request failed: HTTPSConnectionPool(host='trading.vietcap.com.vn', port=443): Max retries exceeded with url: /api/chart/OHLCChart/gap (Caused by NameResolutionError("<urllib3.connection.HTTPSConnection object at 0x7e619e7c3b90>: Failed to resolve 'trading.vietcap.com.vn' ([Errno -2] Name or service not known)"))
[2025-10-07T11:33:06.346+0000] {client.py:83} ERROR - API request failed: HTTPSConnectionPool(host='trading.vietcap.com.vn', port=443): Max retries exceeded with url: /api/chart/OHLCChart/gap (Caused by NameResolutionError("<urllib3.connection.HTTPSConnection object at 0x7e619e7c3a70>: Failed to resolve 'trading.vietcap.com.vn' ([Errno -2] Name or service not known)"))
[2025-10-07T11:33:08.395+0000] {client.py:83} ERROR - API request failed: HTTPSConnectionPool(host='trading.vietcap.com.vn', port=443): Max retries exceeded with url: /api/chart/OHLCChart/gap (Caused by NameResolutionError("<urllib3.connection.HTTPSConnection object at 0x7e619e939640>: Failed to resolve 'trading.vietcap.com.vn' ([Errno -2] Name or service not known)"))
[2025-10-07T11:33:08.626+0000] {logging_mixin.py:190} INFO - Không tìm thấy dữ liệu cho GGG
[2025-10-07T11:33:08.631+0000] {logging_mixin.py:190} INFO - ℹ️ GGG: Không có dữ liệu mới.
[2025-10-07T11:33:08.636+0000] {logging_mixin.py:190} INFO - ⬇️ Bắt đầu xử lý symbol = GEX
[2025-10-07T11:33:08.672+0000] {logging_mixin.py:190} INFO - ⚠️ Không đọc được file cũ GEX: 'date'
[2025-10-07T11:33:08.683+0000] {logging_mixin.py:190} INFO - GEX: trích dữ liệu từ 2025-10-04 đến 2025-10-07
[2025-10-07T11:33:08.689+0000] {client.py:83} ERROR - API request failed: HTTPSConnectionPool(host='trading.vietcap.com.vn', port=443): Max retries exceeded with url: /api/chart/OHLCChart/gap (Caused by NameResolutionError("<urllib3.connection.HTTPSConnection object at 0x7e619e808920>: Failed to resolve 'trading.vietcap.com.vn' ([Errno -2] Name or service not known)"))
[2025-10-07T11:33:10.695+0000] {client.py:83} ERROR - API request failed: HTTPSConnectionPool(host='trading.vietcap.com.vn', port=443): Max retries exceeded with url: /api/chart/OHLCChart/gap (Caused by NameResolutionError("<urllib3.connection.HTTPSConnection object at 0x7e619e93a2a0>: Failed to resolve 'trading.vietcap.com.vn' ([Errno -2] Name or service not known)"))
[2025-10-07T11:33:12.703+0000] {client.py:83} ERROR - API request failed: HTTPSConnectionPool(host='trading.vietcap.com.vn', port=443): Max retries exceeded with url: /api/chart/OHLCChart/gap (Caused by NameResolutionError("<urllib3.connection.HTTPSConnection object at 0x7e619e809eb0>: Failed to resolve 'trading.vietcap.com.vn' ([Errno -2] Name or service not known)"))
[2025-10-07T11:33:12.704+0000] {logging_mixin.py:190} INFO - Không tìm thấy dữ liệu cho GEX
[2025-10-07T11:33:12.705+0000] {logging_mixin.py:190} INFO - ℹ️ GEX: Không có dữ liệu mới.
[2025-10-07T11:33:12.706+0000] {logging_mixin.py:190} INFO - ⬇️ Bắt đầu xử lý symbol = GER
[2025-10-07T11:33:12.733+0000] {logging_mixin.py:190} INFO - ⚠️ Không đọc được file cũ GER: 'date'
[2025-10-07T11:33:12.745+0000] {logging_mixin.py:190} INFO - GER: trích dữ liệu từ 2025-08-02 đến 2025-10-07
[2025-10-07T11:33:12.751+0000] {client.py:83} ERROR - API request failed: HTTPSConnectionPool(host='trading.vietcap.com.vn', port=443): Max retries exceeded with url: /api/chart/OHLCChart/gap (Caused by NameResolutionError("<urllib3.connection.HTTPSConnection object at 0x7e619e93ade0>: Failed to resolve 'trading.vietcap.com.vn' ([Errno -2] Name or service not known)"))
[2025-10-07T11:33:14.765+0000] {client.py:83} ERROR - API request failed: HTTPSConnectionPool(host='trading.vietcap.com.vn', port=443): Max retries exceeded with url: /api/chart/OHLCChart/gap (Caused by NameResolutionError("<urllib3.connection.HTTPSConnection object at 0x7e619e938f50>: Failed to resolve 'trading.vietcap.com.vn' ([Errno -2] Name or service not known)"))
[2025-10-07T11:33:16.780+0000] {client.py:83} ERROR - API request failed: HTTPSConnectionPool(host='trading.vietcap.com.vn', port=443): Max retries exceeded with url: /api/chart/OHLCChart/gap (Caused by NameResolutionError("<urllib3.connection.HTTPSConnection object at 0x7e619e938320>: Failed to resolve 'trading.vietcap.com.vn' ([Errno -2] Name or service not known)"))
[2025-10-07T11:33:16.783+0000] {logging_mixin.py:190} INFO - Không tìm thấy dữ liệu cho GER
[2025-10-07T11:33:16.789+0000] {logging_mixin.py:190} INFO - ℹ️ GER: Không có dữ liệu mới.
[2025-10-07T11:33:16.791+0000] {logging_mixin.py:190} INFO - ⬇️ Bắt đầu xử lý symbol = GEG
[2025-10-07T11:33:16.914+0000] {logging_mixin.py:190} INFO - ⚠️ Không đọc được file cũ GEG: 'date'
[2025-10-07T11:33:16.957+0000] {logging_mixin.py:190} INFO - GEG: trích dữ liệu từ 2025-10-04 đến 2025-10-07
[2025-10-07T11:33:16.974+0000] {client.py:83} ERROR - API request failed: HTTPSConnectionPool(host='trading.vietcap.com.vn', port=443): Max retries exceeded with url: /api/chart/OHLCChart/gap (Caused by NameResolutionError("<urllib3.connection.HTTPSConnection object at 0x7e619e93ade0>: Failed to resolve 'trading.vietcap.com.vn' ([Errno -2] Name or service not known)"))
[2025-10-07T11:33:18.988+0000] {client.py:83} ERROR - API request failed: HTTPSConnectionPool(host='trading.vietcap.com.vn', port=443): Max retries exceeded with url: /api/chart/OHLCChart/gap (Caused by NameResolutionError("<urllib3.connection.HTTPSConnection object at 0x7e619e7c34a0>: Failed to resolve 'trading.vietcap.com.vn' ([Errno -2] Name or service not known)"))
[2025-10-07T11:33:21.004+0000] {client.py:83} ERROR - API request failed: HTTPSConnectionPool(host='trading.vietcap.com.vn', port=443): Max retries exceeded with url: /api/chart/OHLCChart/gap (Caused by NameResolutionError("<urllib3.connection.HTTPSConnection object at 0x7e619e7c2030>: Failed to resolve 'trading.vietcap.com.vn' ([Errno -2] Name or service not known)"))
[2025-10-07T11:33:21.007+0000] {logging_mixin.py:190} INFO - Không tìm thấy dữ liệu cho GEG
[2025-10-07T11:33:21.011+0000] {logging_mixin.py:190} INFO - ℹ️ GEG: Không có dữ liệu mới.
[2025-10-07T11:33:21.013+0000] {logging_mixin.py:190} INFO - ⬇️ Bắt đầu xử lý symbol = GEE
[2025-10-07T11:33:21.086+0000] {logging_mixin.py:190} INFO - ⚠️ Không đọc được file cũ GEE: 'date'
[2025-10-07T11:33:21.122+0000] {logging_mixin.py:190} INFO - GEE: trích dữ liệu từ 2025-10-04 đến 2025-10-07
[2025-10-07T11:33:21.138+0000] {client.py:83} ERROR - API request failed: HTTPSConnectionPool(host='trading.vietcap.com.vn', port=443): Max retries exceeded with url: /api/chart/OHLCChart/gap (Caused by NameResolutionError("<urllib3.connection.HTTPSConnection object at 0x7e619e778320>: Failed to resolve 'trading.vietcap.com.vn' ([Errno -2] Name or service not known)"))
[2025-10-07T11:33:23.146+0000] {client.py:83} ERROR - API request failed: HTTPSConnectionPool(host='trading.vietcap.com.vn', port=443): Max retries exceeded with url: /api/chart/OHLCChart/gap (Caused by NameResolutionError("<urllib3.connection.HTTPSConnection object at 0x7e619e7c01d0>: Failed to resolve 'trading.vietcap.com.vn' ([Errno -2] Name or service not known)"))
[2025-10-07T11:33:25.164+0000] {client.py:83} ERROR - API request failed: HTTPSConnectionPool(host='trading.vietcap.com.vn', port=443): Max retries exceeded with url: /api/chart/OHLCChart/gap (Caused by NameResolutionError("<urllib3.connection.HTTPSConnection object at 0x7e619e80bef0>: Failed to resolve 'trading.vietcap.com.vn' ([Errno -2] Name or service not known)"))
[2025-10-07T11:33:25.167+0000] {logging_mixin.py:190} INFO - Không tìm thấy dữ liệu cho GEE
[2025-10-07T11:33:25.172+0000] {logging_mixin.py:190} INFO - ℹ️ GEE: Không có dữ liệu mới.
[2025-10-07T11:33:25.175+0000] {logging_mixin.py:190} INFO - 🚦 Giới hạn API đạt mức tối đa, chờ 38.7s...
[2025-10-07T11:34:03.879+0000] {logging_mixin.py:190} INFO - ⬇️ Bắt đầu xử lý symbol = GE2
[2025-10-07T11:34:03.921+0000] {logging_mixin.py:190} INFO - ⚠️ Không đọc được file cũ GE2: 'date'
[2025-10-07T11:34:03.935+0000] {logging_mixin.py:190} INFO - GE2: trích dữ liệu từ 2022-12-29 đến 2025-10-07
[2025-10-07T11:34:03.943+0000] {client.py:83} ERROR - API request failed: HTTPSConnectionPool(host='trading.vietcap.com.vn', port=443): Max retries exceeded with url: /api/chart/OHLCChart/gap (Caused by NameResolutionError("<urllib3.connection.HTTPSConnection object at 0x7e619e778260>: Failed to resolve 'trading.vietcap.com.vn' ([Errno -2] Name or service not known)"))
[2025-10-07T11:34:05.957+0000] {client.py:83} ERROR - API request failed: HTTPSConnectionPool(host='trading.vietcap.com.vn', port=443): Max retries exceeded with url: /api/chart/OHLCChart/gap (Caused by NameResolutionError("<urllib3.connection.HTTPSConnection object at 0x7e619e77a000>: Failed to resolve 'trading.vietcap.com.vn' ([Errno -2] Name or service not known)"))
[2025-10-07T11:34:07.973+0000] {client.py:83} ERROR - API request failed: HTTPSConnectionPool(host='trading.vietcap.com.vn', port=443): Max retries exceeded with url: /api/chart/OHLCChart/gap (Caused by NameResolutionError("<urllib3.connection.HTTPSConnection object at 0x7e619e93aae0>: Failed to resolve 'trading.vietcap.com.vn' ([Errno -2] Name or service not known)"))
[2025-10-07T11:34:07.976+0000] {logging_mixin.py:190} INFO - Không tìm thấy dữ liệu cho GE2
[2025-10-07T11:34:07.982+0000] {logging_mixin.py:190} INFO - ℹ️ GE2: Không có dữ liệu mới.
[2025-10-07T11:34:07.984+0000] {logging_mixin.py:190} INFO - 🚦 Giới hạn API đạt mức tối đa, chờ 0.7s...
[2025-10-07T11:34:08.639+0000] {logging_mixin.py:190} INFO - ⬇️ Bắt đầu xử lý symbol = GDW
[2025-10-07T11:34:08.725+0000] {logging_mixin.py:190} INFO - ⚠️ Không đọc được file cũ GDW: 'date'
[2025-10-07T11:34:08.763+0000] {logging_mixin.py:190} INFO - GDW: trích dữ liệu từ 2025-10-04 đến 2025-10-07
[2025-10-07T11:34:08.779+0000] {client.py:83} ERROR - API request failed: HTTPSConnectionPool(host='trading.vietcap.com.vn', port=443): Max retries exceeded with url: /api/chart/OHLCChart/gap (Caused by NameResolutionError("<urllib3.connection.HTTPSConnection object at 0x7e619e77b2f0>: Failed to resolve 'trading.vietcap.com.vn' ([Errno -2] Name or service not known)"))
[2025-10-07T11:34:10.795+0000] {client.py:83} ERROR - API request failed: HTTPSConnectionPool(host='trading.vietcap.com.vn', port=443): Max retries exceeded with url: /api/chart/OHLCChart/gap (Caused by NameResolutionError("<urllib3.connection.HTTPSConnection object at 0x7e619e77bb00>: Failed to resolve 'trading.vietcap.com.vn' ([Errno -2] Name or service not known)"))
[2025-10-07T11:34:12.803+0000] {client.py:83} ERROR - API request failed: HTTPSConnectionPool(host='trading.vietcap.com.vn', port=443): Max retries exceeded with url: /api/chart/OHLCChart/gap (Caused by NameResolutionError("<urllib3.connection.HTTPSConnection object at 0x7e619e77a1b0>: Failed to resolve 'trading.vietcap.com.vn' ([Errno -2] Name or service not known)"))
[2025-10-07T11:34:12.804+0000] {logging_mixin.py:190} INFO - Không tìm thấy dữ liệu cho GDW
[2025-10-07T11:34:12.805+0000] {logging_mixin.py:190} INFO - ℹ️ GDW: Không có dữ liệu mới.
[2025-10-07T11:34:12.806+0000] {logging_mixin.py:190} INFO - ⬇️ Bắt đầu xử lý symbol = GDT
[2025-10-07T11:34:12.836+0000] {logging_mixin.py:190} INFO - ⚠️ Không đọc được file cũ GDT: 'date'
[2025-10-07T11:34:12.851+0000] {logging_mixin.py:190} INFO - GDT: trích dữ liệu từ 2025-10-04 đến 2025-10-07
[2025-10-07T11:34:12.858+0000] {client.py:83} ERROR - API request failed: HTTPSConnectionPool(host='trading.vietcap.com.vn', port=443): Max retries exceeded with url: /api/chart/OHLCChart/gap (Caused by NameResolutionError("<urllib3.connection.HTTPSConnection object at 0x7e619e778b60>: Failed to resolve 'trading.vietcap.com.vn' ([Errno -2] Name or service not known)"))
[2025-10-07T11:34:14.864+0000] {client.py:83} ERROR - API request failed: HTTPSConnectionPool(host='trading.vietcap.com.vn', port=443): Max retries exceeded with url: /api/chart/OHLCChart/gap (Caused by NameResolutionError("<urllib3.connection.HTTPSConnection object at 0x7e619e77a840>: Failed to resolve 'trading.vietcap.com.vn' ([Errno -2] Name or service not known)"))
[2025-10-07T11:34:16.880+0000] {client.py:83} ERROR - API request failed: HTTPSConnectionPool(host='trading.vietcap.com.vn', port=443): Max retries exceeded with url: /api/chart/OHLCChart/gap (Caused by NameResolutionError("<urllib3.connection.HTTPSConnection object at 0x7e619e7c23c0>: Failed to resolve 'trading.vietcap.com.vn' ([Errno -2] Name or service not known)"))
[2025-10-07T11:34:16.882+0000] {logging_mixin.py:190} INFO - Không tìm thấy dữ liệu cho GDT
[2025-10-07T11:34:16.887+0000] {logging_mixin.py:190} INFO - ℹ️ GDT: Không có dữ liệu mới.
[2025-10-07T11:34:16.889+0000] {logging_mixin.py:190} INFO - ⬇️ Bắt đầu xử lý symbol = GDA
[2025-10-07T11:34:16.937+0000] {logging_mixin.py:190} INFO - ⚠️ Không đọc được file cũ GDA: 'date'
[2025-10-07T11:34:16.959+0000] {logging_mixin.py:190} INFO - GDA: trích dữ liệu từ 2025-10-04 đến 2025-10-07
[2025-10-07T11:34:16.972+0000] {client.py:83} ERROR - API request failed: HTTPSConnectionPool(host='trading.vietcap.com.vn', port=443): Max retries exceeded with url: /api/chart/OHLCChart/gap (Caused by NameResolutionError("<urllib3.connection.HTTPSConnection object at 0x7e619e828830>: Failed to resolve 'trading.vietcap.com.vn' ([Errno -2] Name or service not known)"))
[2025-10-07T11:34:18.987+0000] {client.py:83} ERROR - API request failed: HTTPSConnectionPool(host='trading.vietcap.com.vn', port=443): Max retries exceeded with url: /api/chart/OHLCChart/gap (Caused by NameResolutionError("<urllib3.connection.HTTPSConnection object at 0x7e619e77b860>: Failed to resolve 'trading.vietcap.com.vn' ([Errno -2] Name or service not known)"))
[2025-10-07T11:34:21.003+0000] {client.py:83} ERROR - API request failed: HTTPSConnectionPool(host='trading.vietcap.com.vn', port=443): Max retries exceeded with url: /api/chart/OHLCChart/gap (Caused by NameResolutionError("<urllib3.connection.HTTPSConnection object at 0x7e619e7795e0>: Failed to resolve 'trading.vietcap.com.vn' ([Errno -2] Name or service not known)"))
[2025-10-07T11:34:21.007+0000] {logging_mixin.py:190} INFO - Không tìm thấy dữ liệu cho GDA
[2025-10-07T11:34:21.015+0000] {logging_mixin.py:190} INFO - ℹ️ GDA: Không có dữ liệu mới.
[2025-10-07T11:34:21.017+0000] {logging_mixin.py:190} INFO - ⬇️ Bắt đầu xử lý symbol = GCF
[2025-10-07T11:34:21.094+0000] {logging_mixin.py:190} INFO - ⚠️ Không đọc được file cũ GCF: 'date'
[2025-10-07T11:34:21.127+0000] {logging_mixin.py:190} INFO - GCF: trích dữ liệu từ 2025-10-03 đến 2025-10-07
[2025-10-07T11:34:21.143+0000] {client.py:83} ERROR - API request failed: HTTPSConnectionPool(host='trading.vietcap.com.vn', port=443): Max retries exceeded with url: /api/chart/OHLCChart/gap (Caused by NameResolutionError("<urllib3.connection.HTTPSConnection object at 0x7e619e828110>: Failed to resolve 'trading.vietcap.com.vn' ([Errno -2] Name or service not known)"))
[2025-10-07T11:34:23.158+0000] {client.py:83} ERROR - API request failed: HTTPSConnectionPool(host='trading.vietcap.com.vn', port=443): Max retries exceeded with url: /api/chart/OHLCChart/gap (Caused by NameResolutionError("<urllib3.connection.HTTPSConnection object at 0x7e619e829940>: Failed to resolve 'trading.vietcap.com.vn' ([Errno -2] Name or service not known)"))
[2025-10-07T11:34:25.174+0000] {client.py:83} ERROR - API request failed: HTTPSConnectionPool(host='trading.vietcap.com.vn', port=443): Max retries exceeded with url: /api/chart/OHLCChart/gap (Caused by NameResolutionError("<urllib3.connection.HTTPSConnection object at 0x7e619e77bbc0>: Failed to resolve 'trading.vietcap.com.vn' ([Errno -2] Name or service not known)"))
[2025-10-07T11:34:25.177+0000] {logging_mixin.py:190} INFO - Không tìm thấy dữ liệu cho GCF
[2025-10-07T11:34:25.181+0000] {logging_mixin.py:190} INFO - ℹ️ GCF: Không có dữ liệu mới.
[2025-10-07T11:34:25.183+0000] {logging_mixin.py:190} INFO - 🚦 Giới hạn API đạt mức tối đa, chờ 38.7s...
[2025-10-07T11:35:03.879+0000] {logging_mixin.py:190} INFO - ⬇️ Bắt đầu xử lý symbol = GCB
[2025-10-07T11:35:03.912+0000] {logging_mixin.py:190} INFO - ⚠️ Không đọc được file cũ GCB: 'date'
[2025-10-07T11:35:03.923+0000] {logging_mixin.py:190} INFO - GCB: trích dữ liệu từ 2025-10-04 đến 2025-10-07
[2025-10-07T11:35:03.930+0000] {client.py:83} ERROR - API request failed: HTTPSConnectionPool(host='trading.vietcap.com.vn', port=443): Max retries exceeded with url: /api/chart/OHLCChart/gap (Caused by NameResolutionError("<urllib3.connection.HTTPSConnection object at 0x7e619e82a2a0>: Failed to resolve 'trading.vietcap.com.vn' ([Errno -2] Name or service not known)"))
[2025-10-07T11:35:05.942+0000] {client.py:83} ERROR - API request failed: HTTPSConnectionPool(host='trading.vietcap.com.vn', port=443): Max retries exceeded with url: /api/chart/OHLCChart/gap (Caused by NameResolutionError("<urllib3.connection.HTTPSConnection object at 0x7e619e82adb0>: Failed to resolve 'trading.vietcap.com.vn' ([Errno -2] Name or service not known)"))
[2025-10-07T11:35:07.966+0000] {client.py:83} ERROR - API request failed: HTTPSConnectionPool(host='trading.vietcap.com.vn', port=443): Max retries exceeded with url: /api/chart/OHLCChart/gap (Caused by NameResolutionError("<urllib3.connection.HTTPSConnection object at 0x7e619e82b860>: Failed to resolve 'trading.vietcap.com.vn' ([Errno -2] Name or service not known)"))
[2025-10-07T11:35:07.970+0000] {logging_mixin.py:190} INFO - Không tìm thấy dữ liệu cho GCB
[2025-10-07T11:35:07.975+0000] {logging_mixin.py:190} INFO - ℹ️ GCB: Không có dữ liệu mới.
[2025-10-07T11:35:07.977+0000] {logging_mixin.py:190} INFO - 🚦 Giới hạn API đạt mức tối đa, chờ 0.7s...
[2025-10-07T11:35:08.641+0000] {logging_mixin.py:190} INFO - ⬇️ Bắt đầu xử lý symbol = GAS
[2025-10-07T11:35:08.697+0000] {logging_mixin.py:190} INFO - ⚠️ Không đọc được file cũ GAS: 'date'
[2025-10-07T11:35:08.727+0000] {logging_mixin.py:190} INFO - GAS: trích dữ liệu từ 2025-10-04 đến 2025-10-07
[2025-10-07T11:35:08.738+0000] {client.py:83} ERROR - API request failed: HTTPSConnectionPool(host='trading.vietcap.com.vn', port=443): Max retries exceeded with url: /api/chart/OHLCChart/gap (Caused by NameResolutionError("<urllib3.connection.HTTPSConnection object at 0x7e619e828ce0>: Failed to resolve 'trading.vietcap.com.vn' ([Errno -2] Name or service not known)"))
[2025-10-07T11:35:10.755+0000] {client.py:83} ERROR - API request failed: HTTPSConnectionPool(host='trading.vietcap.com.vn', port=443): Max retries exceeded with url: /api/chart/OHLCChart/gap (Caused by NameResolutionError("<urllib3.connection.HTTPSConnection object at 0x7e61c03383b0>: Failed to resolve 'trading.vietcap.com.vn' ([Errno -2] Name or service not known)"))
[2025-10-07T11:35:13.024+0000] {client.py:83} ERROR - API request failed: HTTPSConnectionPool(host='trading.vietcap.com.vn', port=443): Max retries exceeded with url: /api/chart/OHLCChart/gap (Caused by NameResolutionError("<urllib3.connection.HTTPSConnection object at 0x7e61c033b830>: Failed to resolve 'trading.vietcap.com.vn' ([Errno -2] Name or service not known)"))
[2025-10-07T11:35:13.027+0000] {logging_mixin.py:190} INFO - Không tìm thấy dữ liệu cho GAS
[2025-10-07T11:35:13.032+0000] {logging_mixin.py:190} INFO - ℹ️ GAS: Không có dữ liệu mới.
[2025-10-07T11:35:13.034+0000] {logging_mixin.py:190} INFO - ⬇️ Bắt đầu xử lý symbol = GAB
[2025-10-07T11:35:13.172+0000] {logging_mixin.py:190} INFO - ⚠️ Không đọc được file cũ GAB: 'date'
[2025-10-07T11:35:13.210+0000] {logging_mixin.py:190} INFO - GAB: trích dữ liệu từ 2024-07-26 đến 2025-10-07
[2025-10-07T11:35:13.228+0000] {client.py:83} ERROR - API request failed: HTTPSConnectionPool(host='trading.vietcap.com.vn', port=443): Max retries exceeded with url: /api/chart/OHLCChart/gap (Caused by NameResolutionError("<urllib3.connection.HTTPSConnection object at 0x7e61c033b770>: Failed to resolve 'trading.vietcap.com.vn' ([Errno -2] Name or service not known)"))
[2025-10-07T11:35:15.327+0000] {client.py:83} ERROR - API request failed: HTTPSConnectionPool(host='trading.vietcap.com.vn', port=443): Max retries exceeded with url: /api/chart/OHLCChart/gap (Caused by NameResolutionError("<urllib3.connection.HTTPSConnection object at 0x7e61c0339730>: Failed to resolve 'trading.vietcap.com.vn' ([Errno -2] Name or service not known)"))
[2025-10-07T11:35:17.338+0000] {client.py:83} ERROR - API request failed: HTTPSConnectionPool(host='trading.vietcap.com.vn', port=443): Max retries exceeded with url: /api/chart/OHLCChart/gap (Caused by NameResolutionError("<urllib3.connection.HTTPSConnection object at 0x7e61c033af60>: Failed to resolve 'trading.vietcap.com.vn' ([Errno -2] Name or service not known)"))
[2025-10-07T11:35:17.340+0000] {logging_mixin.py:190} INFO - Không tìm thấy dữ liệu cho GAB
[2025-10-07T11:35:17.343+0000] {logging_mixin.py:190} INFO - ℹ️ GAB: Không có dữ liệu mới.
[2025-10-07T11:35:17.344+0000] {logging_mixin.py:190} INFO - ⬇️ Bắt đầu xử lý symbol = G36
[2025-10-07T11:35:17.417+0000] {logging_mixin.py:190} INFO - ⚠️ Không đọc được file cũ G36: 'date'
[2025-10-07T11:35:17.457+0000] {logging_mixin.py:190} INFO - G36: trích dữ liệu từ 2025-10-04 đến 2025-10-07
[2025-10-07T11:35:17.480+0000] {client.py:83} ERROR - API request failed: HTTPSConnectionPool(host='trading.vietcap.com.vn', port=443): Max retries exceeded with url: /api/chart/OHLCChart/gap (Caused by NameResolutionError("<urllib3.connection.HTTPSConnection object at 0x7e61c033b440>: Failed to resolve 'trading.vietcap.com.vn' ([Errno -2] Name or service not known)"))
[2025-10-07T11:35:19.497+0000] {client.py:83} ERROR - API request failed: HTTPSConnectionPool(host='trading.vietcap.com.vn', port=443): Max retries exceeded with url: /api/chart/OHLCChart/gap (Caused by NameResolutionError("<urllib3.connection.HTTPSConnection object at 0x7e61c033b650>: Failed to resolve 'trading.vietcap.com.vn' ([Errno -2] Name or service not known)"))
[2025-10-07T11:35:21.512+0000] {client.py:83} ERROR - API request failed: HTTPSConnectionPool(host='trading.vietcap.com.vn', port=443): Max retries exceeded with url: /api/chart/OHLCChart/gap (Caused by NameResolutionError("<urllib3.connection.HTTPSConnection object at 0x7e61c033bc20>: Failed to resolve 'trading.vietcap.com.vn' ([Errno -2] Name or service not known)"))
[2025-10-07T11:35:21.516+0000] {logging_mixin.py:190} INFO - Không tìm thấy dữ liệu cho G36
[2025-10-07T11:35:21.520+0000] {logging_mixin.py:190} INFO - ℹ️ G36: Không có dữ liệu mới.
[2025-10-07T11:35:21.521+0000] {logging_mixin.py:190} INFO - ⬇️ Bắt đầu xử lý symbol = G20
[2025-10-07T11:35:21.591+0000] {logging_mixin.py:190} INFO - ⚠️ Không đọc được file cũ G20: 'date'
[2025-10-07T11:35:21.623+0000] {logging_mixin.py:190} INFO - G20: trích dữ liệu từ 2025-10-04 đến 2025-10-07
[2025-10-07T11:35:21.638+0000] {client.py:83} ERROR - API request failed: HTTPSConnectionPool(host='trading.vietcap.com.vn', port=443): Max retries exceeded with url: /api/chart/OHLCChart/gap (Caused by NameResolutionError("<urllib3.connection.HTTPSConnection object at 0x7e619e829490>: Failed to resolve 'trading.vietcap.com.vn' ([Errno -2] Name or service not known)"))
[2025-10-07T11:35:23.654+0000] {client.py:83} ERROR - API request failed: HTTPSConnectionPool(host='trading.vietcap.com.vn', port=443): Max retries exceeded with url: /api/chart/OHLCChart/gap (Caused by NameResolutionError("<urllib3.connection.HTTPSConnection object at 0x7e619e779760>: Failed to resolve 'trading.vietcap.com.vn' ([Errno -2] Name or service not known)"))
[2025-10-07T11:35:25.713+0000] {client.py:83} ERROR - API request failed: HTTPSConnectionPool(host='trading.vietcap.com.vn', port=443): Max retries exceeded with url: /api/chart/OHLCChart/gap (Caused by NameResolutionError("<urllib3.connection.HTTPSConnection object at 0x7e619e82b560>: Failed to resolve 'trading.vietcap.com.vn' ([Errno -2] Name or service not known)"))
[2025-10-07T11:35:25.716+0000] {logging_mixin.py:190} INFO - Không tìm thấy dữ liệu cho G20
[2025-10-07T11:35:25.721+0000] {logging_mixin.py:190} INFO - ℹ️ G20: Không có dữ liệu mới.
[2025-10-07T11:35:25.723+0000] {logging_mixin.py:190} INFO - 🚦 Giới hạn API đạt mức tối đa, chờ 38.2s...
[2025-10-07T11:36:03.878+0000] {logging_mixin.py:190} INFO - ⬇️ Bắt đầu xử lý symbol = FTS
[2025-10-07T11:36:03.913+0000] {logging_mixin.py:190} INFO - ⚠️ Không đọc được file cũ FTS: 'date'
[2025-10-07T11:36:03.932+0000] {logging_mixin.py:190} INFO - FTS: trích dữ liệu từ 2025-10-04 đến 2025-10-07
[2025-10-07T11:36:03.941+0000] {client.py:83} ERROR - API request failed: HTTPSConnectionPool(host='trading.vietcap.com.vn', port=443): Max retries exceeded with url: /api/chart/OHLCChart/gap (Caused by NameResolutionError("<urllib3.connection.HTTPSConnection object at 0x7e61c03391f0>: Failed to resolve 'trading.vietcap.com.vn' ([Errno -2] Name or service not known)"))
[2025-10-07T11:36:05.956+0000] {client.py:83} ERROR - API request failed: HTTPSConnectionPool(host='trading.vietcap.com.vn', port=443): Max retries exceeded with url: /api/chart/OHLCChart/gap (Caused by NameResolutionError("<urllib3.connection.HTTPSConnection object at 0x7e619e778260>: Failed to resolve 'trading.vietcap.com.vn' ([Errno -2] Name or service not known)"))
[2025-10-07T11:36:07.970+0000] {client.py:83} ERROR - API request failed: HTTPSConnectionPool(host='trading.vietcap.com.vn', port=443): Max retries exceeded with url: /api/chart/OHLCChart/gap (Caused by NameResolutionError("<urllib3.connection.HTTPSConnection object at 0x7e619e7793d0>: Failed to resolve 'trading.vietcap.com.vn' ([Errno -2] Name or service not known)"))
[2025-10-07T11:36:07.972+0000] {logging_mixin.py:190} INFO - Không tìm thấy dữ liệu cho FTS
[2025-10-07T11:36:07.976+0000] {logging_mixin.py:190} INFO - ℹ️ FTS: Không có dữ liệu mới.
[2025-10-07T11:36:07.978+0000] {logging_mixin.py:190} INFO - 🚦 Giới hạn API đạt mức tối đa, chờ 0.7s...
[2025-10-07T11:36:08.643+0000] {logging_mixin.py:190} INFO - ⬇️ Bắt đầu xử lý symbol = FTM
[2025-10-07T11:36:08.712+0000] {logging_mixin.py:190} INFO - ⚠️ Không đọc được file cũ FTM: 'date'
[2025-10-07T11:36:08.743+0000] {logging_mixin.py:190} INFO - FTM: trích dữ liệu từ 2025-10-04 đến 2025-10-07
[2025-10-07T11:36:08.757+0000] {client.py:83} ERROR - API request failed: HTTPSConnectionPool(host='trading.vietcap.com.vn', port=443): Max retries exceeded with url: /api/chart/OHLCChart/gap (Caused by NameResolutionError("<urllib3.connection.HTTPSConnection object at 0x7e61c033aae0>: Failed to resolve 'trading.vietcap.com.vn' ([Errno -2] Name or service not known)"))
[2025-10-07T11:36:10.775+0000] {client.py:83} ERROR - API request failed: HTTPSConnectionPool(host='trading.vietcap.com.vn', port=443): Max retries exceeded with url: /api/chart/OHLCChart/gap (Caused by NameResolutionError("<urllib3.connection.HTTPSConnection object at 0x7e619e77b3b0>: Failed to resolve 'trading.vietcap.com.vn' ([Errno -2] Name or service not known)"))
[2025-10-07T11:36:12.790+0000] {client.py:83} ERROR - API request failed: HTTPSConnectionPool(host='trading.vietcap.com.vn', port=443): Max retries exceeded with url: /api/chart/OHLCChart/gap (Caused by NameResolutionError("<urllib3.connection.HTTPSConnection object at 0x7e619e77b860>: Failed to resolve 'trading.vietcap.com.vn' ([Errno -2] Name or service not known)"))
[2025-10-07T11:36:12.793+0000] {logging_mixin.py:190} INFO - Không tìm thấy dữ liệu cho FTM
[2025-10-07T11:36:12.797+0000] {logging_mixin.py:190} INFO - ℹ️ FTM: Không có dữ liệu mới.
[2025-10-07T11:36:12.799+0000] {logging_mixin.py:190} INFO - 🚦 Giới hạn API đạt mức tối đa, chờ 0.2s...
[2025-10-07T11:36:13.036+0000] {logging_mixin.py:190} INFO - ⬇️ Bắt đầu xử lý symbol = FTI
[2025-10-07T11:36:13.109+0000] {logging_mixin.py:190} INFO - ⚠️ Không đọc được file cũ FTI: 'date'
[2025-10-07T11:36:13.141+0000] {logging_mixin.py:190} INFO - FTI: trích dữ liệu từ 2024-07-26 đến 2025-10-07
[2025-10-07T11:36:13.155+0000] {client.py:83} ERROR - API request failed: HTTPSConnectionPool(host='trading.vietcap.com.vn', port=443): Max retries exceeded with url: /api/chart/OHLCChart/gap (Caused by NameResolutionError("<urllib3.connection.HTTPSConnection object at 0x7e619e7c13a0>: Failed to resolve 'trading.vietcap.com.vn' ([Errno -2] Name or service not known)"))
[2025-10-07T11:36:15.192+0000] {client.py:83} ERROR - API request failed: HTTPSConnectionPool(host='trading.vietcap.com.vn', port=443): Max retries exceeded with url: /api/chart/OHLCChart/gap (Caused by NameResolutionError("<urllib3.connection.HTTPSConnection object at 0x7e619e7795e0>: Failed to resolve 'trading.vietcap.com.vn' ([Errno -2] Name or service not known)"))
[2025-10-07T11:36:17.203+0000] {client.py:83} ERROR - API request failed: HTTPSConnectionPool(host='trading.vietcap.com.vn', port=443): Max retries exceeded with url: /api/chart/OHLCChart/gap (Caused by NameResolutionError("<urllib3.connection.HTTPSConnection object at 0x7e61c033b6e0>: Failed to resolve 'trading.vietcap.com.vn' ([Errno -2] Name or service not known)"))
[2025-10-07T11:36:17.205+0000] {logging_mixin.py:190} INFO - Không tìm thấy dữ liệu cho FTI
[2025-10-07T11:36:17.208+0000] {logging_mixin.py:190} INFO - ℹ️ FTI: Không có dữ liệu mới.
[2025-10-07T11:36:17.209+0000] {logging_mixin.py:190} INFO - 🚦 Giới hạn API đạt mức tối đa, chờ 0.1s...
[2025-10-07T11:36:17.346+0000] {logging_mixin.py:190} INFO - ⬇️ Bắt đầu xử lý symbol = FT1
[2025-10-07T11:36:17.415+0000] {logging_mixin.py:190} INFO - ⚠️ Không đọc được file cũ FT1: 'date'
[2025-10-07T11:36:17.448+0000] {logging_mixin.py:190} INFO - FT1: trích dữ liệu từ 2025-10-04 đến 2025-10-07
[2025-10-07T11:36:17.462+0000] {client.py:83} ERROR - API request failed: HTTPSConnectionPool(host='trading.vietcap.com.vn', port=443): Max retries exceeded with url: /api/chart/OHLCChart/gap (Caused by NameResolutionError("<urllib3.connection.HTTPSConnection object at 0x7e619e7c1bb0>: Failed to resolve 'trading.vietcap.com.vn' ([Errno -2] Name or service not known)"))
[2025-10-07T11:36:19.478+0000] {client.py:83} ERROR - API request failed: HTTPSConnectionPool(host='trading.vietcap.com.vn', port=443): Max retries exceeded with url: /api/chart/OHLCChart/gap (Caused by NameResolutionError("<urllib3.connection.HTTPSConnection object at 0x7e619e7c3320>: Failed to resolve 'trading.vietcap.com.vn' ([Errno -2] Name or service not known)"))
[2025-10-07T11:36:21.498+0000] {client.py:83} ERROR - API request failed: HTTPSConnectionPool(host='trading.vietcap.com.vn', port=443): Max retries exceeded with url: /api/chart/OHLCChart/gap (Caused by NameResolutionError("<urllib3.connection.HTTPSConnection object at 0x7e61c033aae0>: Failed to resolve 'trading.vietcap.com.vn' ([Errno -2] Name or service not known)"))
[2025-10-07T11:36:21.499+0000] {logging_mixin.py:190} INFO - Không tìm thấy dữ liệu cho FT1
[2025-10-07T11:36:21.501+0000] {logging_mixin.py:190} INFO - ℹ️ FT1: Không có dữ liệu mới.
[2025-10-07T11:36:21.502+0000] {logging_mixin.py:190} INFO - 🚦 Giới hạn API đạt mức tối đa, chờ 0.0s...
[2025-10-07T11:36:21.522+0000] {logging_mixin.py:190} INFO - ⬇️ Bắt đầu xử lý symbol = FSO
[2025-10-07T11:36:21.550+0000] {logging_mixin.py:190} INFO - ⚠️ Không đọc được file cũ FSO: 'date'
[2025-10-07T11:36:21.562+0000] {logging_mixin.py:190} INFO - FSO: trích dữ liệu từ 2025-10-01 đến 2025-10-07
[2025-10-07T11:36:21.567+0000] {client.py:83} ERROR - API request failed: HTTPSConnectionPool(host='trading.vietcap.com.vn', port=443): Max retries exceeded with url: /api/chart/OHLCChart/gap (Caused by NameResolutionError("<urllib3.connection.HTTPSConnection object at 0x7e619e7c1ac0>: Failed to resolve 'trading.vietcap.com.vn' ([Errno -2] Name or service not known)"))
[2025-10-07T11:36:23.582+0000] {client.py:83} ERROR - API request failed: HTTPSConnectionPool(host='trading.vietcap.com.vn', port=443): Max retries exceeded with url: /api/chart/OHLCChart/gap (Caused by NameResolutionError("<urllib3.connection.HTTPSConnection object at 0x7e619e7c0740>: Failed to resolve 'trading.vietcap.com.vn' ([Errno -2] Name or service not known)"))
[2025-10-07T11:36:25.598+0000] {client.py:83} ERROR - API request failed: HTTPSConnectionPool(host='trading.vietcap.com.vn', port=443): Max retries exceeded with url: /api/chart/OHLCChart/gap (Caused by NameResolutionError("<urllib3.connection.HTTPSConnection object at 0x7e619e892b10>: Failed to resolve 'trading.vietcap.com.vn' ([Errno -2] Name or service not known)"))
[2025-10-07T11:36:25.601+0000] {logging_mixin.py:190} INFO - Không tìm thấy dữ liệu cho FSO
[2025-10-07T11:36:25.606+0000] {logging_mixin.py:190} INFO - ℹ️ FSO: Không có dữ liệu mới.
[2025-10-07T11:36:25.607+0000] {logging_mixin.py:190} INFO - 🚦 Giới hạn API đạt mức tối đa, chờ 38.3s...
[2025-10-07T11:37:03.880+0000] {logging_mixin.py:190} INFO - ⬇️ Bắt đầu xử lý symbol = FRT
[2025-10-07T11:37:03.952+0000] {logging_mixin.py:190} INFO - ⚠️ Không đọc được file cũ FRT: 'date'
[2025-10-07T11:37:03.966+0000] {logging_mixin.py:190} INFO - FRT: trích dữ liệu từ 2025-10-04 đến 2025-10-07
[2025-10-07T11:37:03.973+0000] {client.py:83} ERROR - API request failed: HTTPSConnectionPool(host='trading.vietcap.com.vn', port=443): Max retries exceeded with url: /api/chart/OHLCChart/gap (Caused by NameResolutionError("<urllib3.connection.HTTPSConnection object at 0x7e619e7c1490>: Failed to resolve 'trading.vietcap.com.vn' ([Errno -2] Name or service not known)"))
[2025-10-07T11:37:05.988+0000] {client.py:83} ERROR - API request failed: HTTPSConnectionPool(host='trading.vietcap.com.vn', port=443): Max retries exceeded with url: /api/chart/OHLCChart/gap (Caused by NameResolutionError("<urllib3.connection.HTTPSConnection object at 0x7e619e7c1f10>: Failed to resolve 'trading.vietcap.com.vn' ([Errno -2] Name or service not known)"))
[2025-10-07T11:37:08.003+0000] {client.py:83} ERROR - API request failed: HTTPSConnectionPool(host='trading.vietcap.com.vn', port=443): Max retries exceeded with url: /api/chart/OHLCChart/gap (Caused by NameResolutionError("<urllib3.connection.HTTPSConnection object at 0x7e619e779820>: Failed to resolve 'trading.vietcap.com.vn' ([Errno -2] Name or service not known)"))
[2025-10-07T11:37:08.006+0000] {logging_mixin.py:190} INFO - Không tìm thấy dữ liệu cho FRT
[2025-10-07T11:37:08.012+0000] {logging_mixin.py:190} INFO - ℹ️ FRT: Không có dữ liệu mới.
[2025-10-07T11:37:08.013+0000] {logging_mixin.py:190} INFO - 🚦 Giới hạn API đạt mức tối đa, chờ 0.6s...
[2025-10-07T11:37:08.645+0000] {logging_mixin.py:190} INFO - ⬇️ Bắt đầu xử lý symbol = FRM
[2025-10-07T11:37:08.713+0000] {logging_mixin.py:190} INFO - ⚠️ Không đọc được file cũ FRM: 'date'
[2025-10-07T11:37:08.744+0000] {logging_mixin.py:190} INFO - FRM: trích dữ liệu từ 2025-09-30 đến 2025-10-07
[2025-10-07T11:37:08.758+0000] {client.py:83} ERROR - API request failed: HTTPSConnectionPool(host='trading.vietcap.com.vn', port=443): Max retries exceeded with url: /api/chart/OHLCChart/gap (Caused by NameResolutionError("<urllib3.connection.HTTPSConnection object at 0x7e619e938a40>: Failed to resolve 'trading.vietcap.com.vn' ([Errno -2] Name or service not known)"))
[2025-10-07T11:37:10.767+0000] {client.py:83} ERROR - API request failed: HTTPSConnectionPool(host='trading.vietcap.com.vn', port=443): Max retries exceeded with url: /api/chart/OHLCChart/gap (Caused by NameResolutionError("<urllib3.connection.HTTPSConnection object at 0x7e619e7c1dc0>: Failed to resolve 'trading.vietcap.com.vn' ([Errno -2] Name or service not known)"))
[2025-10-07T11:37:12.782+0000] {client.py:83} ERROR - API request failed: HTTPSConnectionPool(host='trading.vietcap.com.vn', port=443): Max retries exceeded with url: /api/chart/OHLCChart/gap (Caused by NameResolutionError("<urllib3.connection.HTTPSConnection object at 0x7e619e7c0d10>: Failed to resolve 'trading.vietcap.com.vn' ([Errno -2] Name or service not known)"))
[2025-10-07T11:37:13.039+0000] {logging_mixin.py:190} INFO - Không tìm thấy dữ liệu cho FRM
[2025-10-07T11:37:13.044+0000] {logging_mixin.py:190} INFO - ℹ️ FRM: Không có dữ liệu mới.
[2025-10-07T11:37:13.047+0000] {logging_mixin.py:190} INFO - ⬇️ Bắt đầu xử lý symbol = FRC
[2025-10-07T11:37:13.073+0000] {logging_mixin.py:190} INFO - ⚠️ Không đọc được file cũ FRC: 'date'
[2025-10-07T11:37:13.082+0000] {logging_mixin.py:190} INFO - FRC: trích dữ liệu từ 2025-09-13 đến 2025-10-07
[2025-10-07T11:37:13.087+0000] {client.py:83} ERROR - API request failed: HTTPSConnectionPool(host='trading.vietcap.com.vn', port=443): Max retries exceeded with url: /api/chart/OHLCChart/gap (Caused by NameResolutionError("<urllib3.connection.HTTPSConnection object at 0x7e619e890710>: Failed to resolve 'trading.vietcap.com.vn' ([Errno -2] Name or service not known)"))
[2025-10-07T11:37:15.122+0000] {client.py:83} ERROR - API request failed: HTTPSConnectionPool(host='trading.vietcap.com.vn', port=443): Max retries exceeded with url: /api/chart/OHLCChart/gap (Caused by NameResolutionError("<urllib3.connection.HTTPSConnection object at 0x7e619e939f70>: Failed to resolve 'trading.vietcap.com.vn' ([Errno -2] Name or service not known)"))
[2025-10-07T11:37:17.132+0000] {client.py:83} ERROR - API request failed: HTTPSConnectionPool(host='trading.vietcap.com.vn', port=443): Max retries exceeded with url: /api/chart/OHLCChart/gap (Caused by NameResolutionError("<urllib3.connection.HTTPSConnection object at 0x7e619e9393d0>: Failed to resolve 'trading.vietcap.com.vn' ([Errno -2] Name or service not known)"))
[2025-10-07T11:37:17.133+0000] {logging_mixin.py:190} INFO - Không tìm thấy dữ liệu cho FRC
[2025-10-07T11:37:17.136+0000] {logging_mixin.py:190} INFO - ℹ️ FRC: Không có dữ liệu mới.
[2025-10-07T11:37:17.139+0000] {logging_mixin.py:190} INFO - 🚦 Giới hạn API đạt mức tối đa, chờ 0.2s...
[2025-10-07T11:37:17.347+0000] {logging_mixin.py:190} INFO - ⬇️ Bắt đầu xử lý symbol = FPT
[2025-10-07T11:37:17.434+0000] {logging_mixin.py:190} INFO - ⚠️ Không đọc được file cũ FPT: 'date'
[2025-10-07T11:37:17.453+0000] {logging_mixin.py:190} INFO - FPT: trích dữ liệu từ 2025-10-04 đến 2025-10-07
[2025-10-07T11:37:17.460+0000] {client.py:83} ERROR - API request failed: HTTPSConnectionPool(host='trading.vietcap.com.vn', port=443): Max retries exceeded with url: /api/chart/OHLCChart/gap (Caused by NameResolutionError("<urllib3.connection.HTTPSConnection object at 0x7e619e778c20>: Failed to resolve 'trading.vietcap.com.vn' ([Errno -2] Name or service not known)"))
[2025-10-07T11:37:19.475+0000] {client.py:83} ERROR - API request failed: HTTPSConnectionPool(host='trading.vietcap.com.vn', port=443): Max retries exceeded with url: /api/chart/OHLCChart/gap (Caused by NameResolutionError("<urllib3.connection.HTTPSConnection object at 0x7e619e938440>: Failed to resolve 'trading.vietcap.com.vn' ([Errno -2] Name or service not known)"))
[2025-10-07T11:37:21.491+0000] {client.py:83} ERROR - API request failed: HTTPSConnectionPool(host='trading.vietcap.com.vn', port=443): Max retries exceeded with url: /api/chart/OHLCChart/gap (Caused by NameResolutionError("<urllib3.connection.HTTPSConnection object at 0x7e619e7c09b0>: Failed to resolve 'trading.vietcap.com.vn' ([Errno -2] Name or service not known)"))
[2025-10-07T11:37:21.494+0000] {logging_mixin.py:190} INFO - Không tìm thấy dữ liệu cho FPT
[2025-10-07T11:37:21.498+0000] {logging_mixin.py:190} INFO - ℹ️ FPT: Không có dữ liệu mới.
[2025-10-07T11:37:21.500+0000] {logging_mixin.py:190} INFO - 🚦 Giới hạn API đạt mức tối đa, chờ 0.0s...
[2025-10-07T11:37:21.525+0000] {logging_mixin.py:190} INFO - ⬇️ Bắt đầu xử lý symbol = FOX
[2025-10-07T11:37:21.604+0000] {logging_mixin.py:190} INFO - ⚠️ Không đọc được file cũ FOX: 'date'
[2025-10-07T11:37:21.621+0000] {logging_mixin.py:190} INFO - FOX: trích dữ liệu từ 2025-10-04 đến 2025-10-07
[2025-10-07T11:37:21.627+0000] {client.py:83} ERROR - API request failed: HTTPSConnectionPool(host='trading.vietcap.com.vn', port=443): Max retries exceeded with url: /api/chart/OHLCChart/gap (Caused by NameResolutionError("<urllib3.connection.HTTPSConnection object at 0x7e619e778fb0>: Failed to resolve 'trading.vietcap.com.vn' ([Errno -2] Name or service not known)"))
[2025-10-07T11:37:23.634+0000] {client.py:83} ERROR - API request failed: HTTPSConnectionPool(host='trading.vietcap.com.vn', port=443): Max retries exceeded with url: /api/chart/OHLCChart/gap (Caused by NameResolutionError("<urllib3.connection.HTTPSConnection object at 0x7e61c033ab40>: Failed to resolve 'trading.vietcap.com.vn' ([Errno -2] Name or service not known)"))
[2025-10-07T11:37:25.649+0000] {client.py:83} ERROR - API request failed: HTTPSConnectionPool(host='trading.vietcap.com.vn', port=443): Max retries exceeded with url: /api/chart/OHLCChart/gap (Caused by NameResolutionError("<urllib3.connection.HTTPSConnection object at 0x7e619e778d40>: Failed to resolve 'trading.vietcap.com.vn' ([Errno -2] Name or service not known)"))
[2025-10-07T11:37:25.652+0000] {logging_mixin.py:190} INFO - Không tìm thấy dữ liệu cho FOX
[2025-10-07T11:37:25.656+0000] {logging_mixin.py:190} INFO - ℹ️ FOX: Không có dữ liệu mới.
[2025-10-07T11:37:25.658+0000] {logging_mixin.py:190} INFO - 🚦 Giới hạn API đạt mức tối đa, chờ 38.2s...
[2025-10-07T11:38:03.878+0000] {logging_mixin.py:190} INFO - ⬇️ Bắt đầu xử lý symbol = FOC
[2025-10-07T11:38:03.914+0000] {logging_mixin.py:190} INFO - ⚠️ Không đọc được file cũ FOC: 'date'
[2025-10-07T11:38:03.931+0000] {logging_mixin.py:190} INFO - FOC: trích dữ liệu từ 2025-10-04 đến 2025-10-07
[2025-10-07T11:38:03.938+0000] {client.py:83} ERROR - API request failed: HTTPSConnectionPool(host='trading.vietcap.com.vn', port=443): Max retries exceeded with url: /api/chart/OHLCChart/gap (Caused by NameResolutionError("<urllib3.connection.HTTPSConnection object at 0x7e619e938200>: Failed to resolve 'trading.vietcap.com.vn' ([Errno -2] Name or service not known)"))
[2025-10-07T11:38:05.950+0000] {client.py:83} ERROR - API request failed: HTTPSConnectionPool(host='trading.vietcap.com.vn', port=443): Max retries exceeded with url: /api/chart/OHLCChart/gap (Caused by NameResolutionError("<urllib3.connection.HTTPSConnection object at 0x7e61c0339d90>: Failed to resolve 'trading.vietcap.com.vn' ([Errno -2] Name or service not known)"))
[2025-10-07T11:38:07.974+0000] {client.py:83} ERROR - API request failed: HTTPSConnectionPool(host='trading.vietcap.com.vn', port=443): Max retries exceeded with url: /api/chart/OHLCChart/gap (Caused by NameResolutionError("<urllib3.connection.HTTPSConnection object at 0x7e619e8280e0>: Failed to resolve 'trading.vietcap.com.vn' ([Errno -2] Name or service not known)"))
[2025-10-07T11:38:07.977+0000] {logging_mixin.py:190} INFO - Không tìm thấy dữ liệu cho FOC
[2025-10-07T11:38:07.984+0000] {logging_mixin.py:190} INFO - ℹ️ FOC: Không có dữ liệu mới.
[2025-10-07T11:38:07.986+0000] {logging_mixin.py:190} INFO - 🚦 Giới hạn API đạt mức tối đa, chờ 0.7s...
[2025-10-07T11:38:08.647+0000] {logging_mixin.py:190} INFO - ⬇️ Bắt đầu xử lý symbol = FMC
[2025-10-07T11:38:08.726+0000] {logging_mixin.py:190} INFO - ⚠️ Không đọc được file cũ FMC: 'date'
[2025-10-07T11:38:08.765+0000] {logging_mixin.py:190} INFO - FMC: trích dữ liệu từ 2025-10-04 đến 2025-10-07
[2025-10-07T11:38:08.783+0000] {client.py:83} ERROR - API request failed: HTTPSConnectionPool(host='trading.vietcap.com.vn', port=443): Max retries exceeded with url: /api/chart/OHLCChart/gap (Caused by NameResolutionError("<urllib3.connection.HTTPSConnection object at 0x7e619e77b410>: Failed to resolve 'trading.vietcap.com.vn' ([Errno -2] Name or service not known)"))
[2025-10-07T11:38:10.795+0000] {client.py:83} ERROR - API request failed: HTTPSConnectionPool(host='trading.vietcap.com.vn', port=443): Max retries exceeded with url: /api/chart/OHLCChart/gap (Caused by NameResolutionError("<urllib3.connection.HTTPSConnection object at 0x7e619e938a70>: Failed to resolve 'trading.vietcap.com.vn' ([Errno -2] Name or service not known)"))
[2025-10-07T11:38:12.811+0000] {client.py:83} ERROR - API request failed: HTTPSConnectionPool(host='trading.vietcap.com.vn', port=443): Max retries exceeded with url: /api/chart/OHLCChart/gap (Caused by NameResolutionError("<urllib3.connection.HTTPSConnection object at 0x7e619e7c3f20>: Failed to resolve 'trading.vietcap.com.vn' ([Errno -2] Name or service not known)"))
[2025-10-07T11:38:12.814+0000] {logging_mixin.py:190} INFO - Không tìm thấy dữ liệu cho FMC
[2025-10-07T11:38:12.818+0000] {logging_mixin.py:190} INFO - ℹ️ FMC: Không có dữ liệu mới.
[2025-10-07T11:38:12.820+0000] {logging_mixin.py:190} INFO - 🚦 Giới hạn API đạt mức tối đa, chờ 0.2s...
[2025-10-07T11:38:13.049+0000] {logging_mixin.py:190} INFO - ⬇️ Bắt đầu xử lý symbol = FLC
[2025-10-07T11:38:13.073+0000] {logging_mixin.py:190} INFO - ⚠️ Không đọc được file cũ FLC: 'date'
[2025-10-07T11:38:13.086+0000] {logging_mixin.py:190} INFO - FLC: trích dữ liệu từ 2024-07-26 đến 2025-10-07
[2025-10-07T11:38:13.092+0000] {client.py:83} ERROR - API request failed: HTTPSConnectionPool(host='trading.vietcap.com.vn', port=443): Max retries exceeded with url: /api/chart/OHLCChart/gap (Caused by NameResolutionError("<urllib3.connection.HTTPSConnection object at 0x7e619e82b320>: Failed to resolve 'trading.vietcap.com.vn' ([Errno -2] Name or service not known)"))
[2025-10-07T11:38:15.126+0000] {client.py:83} ERROR - API request failed: HTTPSConnectionPool(host='trading.vietcap.com.vn', port=443): Max retries exceeded with url: /api/chart/OHLCChart/gap (Caused by NameResolutionError("<urllib3.connection.HTTPSConnection object at 0x7e619e938e00>: Failed to resolve 'trading.vietcap.com.vn' ([Errno -2] Name or service not known)"))
[2025-10-07T11:38:17.141+0000] {client.py:83} ERROR - API request failed: HTTPSConnectionPool(host='trading.vietcap.com.vn', port=443): Max retries exceeded with url: /api/chart/OHLCChart/gap (Caused by NameResolutionError("<urllib3.connection.HTTPSConnection object at 0x7e619e77a180>: Failed to resolve 'trading.vietcap.com.vn' ([Errno -2] Name or service not known)"))
[2025-10-07T11:38:17.145+0000] {logging_mixin.py:190} INFO - Không tìm thấy dữ liệu cho FLC
[2025-10-07T11:38:17.150+0000] {logging_mixin.py:190} INFO - ℹ️ FLC: Không có dữ liệu mới.
[2025-10-07T11:38:17.152+0000] {logging_mixin.py:190} INFO - 🚦 Giới hạn API đạt mức tối đa, chờ 0.2s...
[2025-10-07T11:38:17.349+0000] {logging_mixin.py:190} INFO - ⬇️ Bắt đầu xử lý symbol = FIT
[2025-10-07T11:38:17.430+0000] {logging_mixin.py:190} INFO - ⚠️ Không đọc được file cũ FIT: 'date'
[2025-10-07T11:38:17.466+0000] {logging_mixin.py:190} INFO - FIT: trích dữ liệu từ 2025-10-04 đến 2025-10-07
[2025-10-07T11:38:17.481+0000] {client.py:83} ERROR - API request failed: HTTPSConnectionPool(host='trading.vietcap.com.vn', port=443): Max retries exceeded with url: /api/chart/OHLCChart/gap (Caused by NameResolutionError("<urllib3.connection.HTTPSConnection object at 0x7e619e82b3b0>: Failed to resolve 'trading.vietcap.com.vn' ([Errno -2] Name or service not known)"))
[2025-10-07T11:38:19.495+0000] {client.py:83} ERROR - API request failed: HTTPSConnectionPool(host='trading.vietcap.com.vn', port=443): Max retries exceeded with url: /api/chart/OHLCChart/gap (Caused by NameResolutionError("<urllib3.connection.HTTPSConnection object at 0x7e619e829940>: Failed to resolve 'trading.vietcap.com.vn' ([Errno -2] Name or service not known)"))
[2025-10-07T11:38:21.516+0000] {client.py:83} ERROR - API request failed: HTTPSConnectionPool(host='trading.vietcap.com.vn', port=443): Max retries exceeded with url: /api/chart/OHLCChart/gap (Caused by NameResolutionError("<urllib3.connection.HTTPSConnection object at 0x7e619e82a570>: Failed to resolve 'trading.vietcap.com.vn' ([Errno -2] Name or service not known)"))
[2025-10-07T11:38:21.522+0000] {logging_mixin.py:190} INFO - Không tìm thấy dữ liệu cho FIT
[2025-10-07T11:38:21.528+0000] {logging_mixin.py:190} INFO - ℹ️ FIT: Không có dữ liệu mới.
[2025-10-07T11:38:21.530+0000] {logging_mixin.py:190} INFO - ⬇️ Bắt đầu xử lý symbol = FIR
[2025-10-07T11:38:21.601+0000] {logging_mixin.py:190} INFO - ⚠️ Không đọc được file cũ FIR: 'date'
[2025-10-07T11:38:21.642+0000] {logging_mixin.py:190} INFO - FIR: trích dữ liệu từ 2025-10-04 đến 2025-10-07
[2025-10-07T11:38:21.667+0000] {client.py:83} ERROR - API request failed: HTTPSConnectionPool(host='trading.vietcap.com.vn', port=443): Max retries exceeded with url: /api/chart/OHLCChart/gap (Caused by NameResolutionError("<urllib3.connection.HTTPSConnection object at 0x7e619e938a70>: Failed to resolve 'trading.vietcap.com.vn' ([Errno -2] Name or service not known)"))
[2025-10-07T11:38:23.683+0000] {client.py:83} ERROR - API request failed: HTTPSConnectionPool(host='trading.vietcap.com.vn', port=443): Max retries exceeded with url: /api/chart/OHLCChart/gap (Caused by NameResolutionError("<urllib3.connection.HTTPSConnection object at 0x7e619e80b350>: Failed to resolve 'trading.vietcap.com.vn' ([Errno -2] Name or service not known)"))
[2025-10-07T11:38:25.747+0000] {client.py:83} ERROR - API request failed: HTTPSConnectionPool(host='trading.vietcap.com.vn', port=443): Max retries exceeded with url: /api/chart/OHLCChart/gap (Caused by NameResolutionError("<urllib3.connection.HTTPSConnection object at 0x7e619e808c20>: Failed to resolve 'trading.vietcap.com.vn' ([Errno -2] Name or service not known)"))
[2025-10-07T11:38:25.757+0000] {logging_mixin.py:190} INFO - Không tìm thấy dữ liệu cho FIR
[2025-10-07T11:38:25.763+0000] {logging_mixin.py:190} INFO - ℹ️ FIR: Không có dữ liệu mới.
[2025-10-07T11:38:25.765+0000] {logging_mixin.py:190} INFO - 🚦 Giới hạn API đạt mức tối đa, chờ 38.1s...
[2025-10-07T11:39:03.882+0000] {logging_mixin.py:190} INFO - ⬇️ Bắt đầu xử lý symbol = FID
[2025-10-07T11:39:03.920+0000] {logging_mixin.py:190} INFO - ⚠️ Không đọc được file cũ FID: 'date'
[2025-10-07T11:39:03.940+0000] {logging_mixin.py:190} INFO - FID: trích dữ liệu từ 2025-10-04 đến 2025-10-07
[2025-10-07T11:39:03.948+0000] {client.py:83} ERROR - API request failed: HTTPSConnectionPool(host='trading.vietcap.com.vn', port=443): Max retries exceeded with url: /api/chart/OHLCChart/gap (Caused by NameResolutionError("<urllib3.connection.HTTPSConnection object at 0x7e619e82b380>: Failed to resolve 'trading.vietcap.com.vn' ([Errno -2] Name or service not known)"))
[2025-10-07T11:39:05.963+0000] {client.py:83} ERROR - API request failed: HTTPSConnectionPool(host='trading.vietcap.com.vn', port=443): Max retries exceeded with url: /api/chart/OHLCChart/gap (Caused by NameResolutionError("<urllib3.connection.HTTPSConnection object at 0x7e619e77afc0>: Failed to resolve 'trading.vietcap.com.vn' ([Errno -2] Name or service not known)"))
[2025-10-07T11:39:07.983+0000] {client.py:83} ERROR - API request failed: HTTPSConnectionPool(host='trading.vietcap.com.vn', port=443): Max retries exceeded with url: /api/chart/OHLCChart/gap (Caused by NameResolutionError("<urllib3.connection.HTTPSConnection object at 0x7e619e80ba40>: Failed to resolve 'trading.vietcap.com.vn' ([Errno -2] Name or service not known)"))
[2025-10-07T11:39:07.987+0000] {logging_mixin.py:190} INFO - Không tìm thấy dữ liệu cho FID
[2025-10-07T11:39:07.995+0000] {logging_mixin.py:190} INFO - ℹ️ FID: Không có dữ liệu mới.
[2025-10-07T11:39:07.997+0000] {logging_mixin.py:190} INFO - 🚦 Giới hạn API đạt mức tối đa, chờ 0.6s...
[2025-10-07T11:39:08.649+0000] {logging_mixin.py:190} INFO - ⬇️ Bắt đầu xử lý symbol = FIC
[2025-10-07T11:39:08.724+0000] {logging_mixin.py:190} INFO - ⚠️ Không đọc được file cũ FIC: 'date'
[2025-10-07T11:39:08.762+0000] {logging_mixin.py:190} INFO - FIC: trích dữ liệu từ 2025-10-04 đến 2025-10-07
[2025-10-07T11:39:08.779+0000] {client.py:83} ERROR - API request failed: HTTPSConnectionPool(host='trading.vietcap.com.vn', port=443): Max retries exceeded with url: /api/chart/OHLCChart/gap (Caused by NameResolutionError("<urllib3.connection.HTTPSConnection object at 0x7e619e80b920>: Failed to resolve 'trading.vietcap.com.vn' ([Errno -2] Name or service not known)"))
[2025-10-07T11:39:10.796+0000] {client.py:83} ERROR - API request failed: HTTPSConnectionPool(host='trading.vietcap.com.vn', port=443): Max retries exceeded with url: /api/chart/OHLCChart/gap (Caused by NameResolutionError("<urllib3.connection.HTTPSConnection object at 0x7e619e82b380>: Failed to resolve 'trading.vietcap.com.vn' ([Errno -2] Name or service not known)"))
[2025-10-07T11:39:12.809+0000] {client.py:83} ERROR - API request failed: HTTPSConnectionPool(host='trading.vietcap.com.vn', port=443): Max retries exceeded with url: /api/chart/OHLCChart/gap (Caused by NameResolutionError("<urllib3.connection.HTTPSConnection object at 0x7e619e938d40>: Failed to resolve 'trading.vietcap.com.vn' ([Errno -2] Name or service not known)"))
[2025-10-07T11:39:12.811+0000] {logging_mixin.py:190} INFO - Không tìm thấy dữ liệu cho FIC
[2025-10-07T11:39:12.814+0000] {logging_mixin.py:190} INFO - ℹ️ FIC: Không có dữ liệu mới.
[2025-10-07T11:39:12.816+0000] {logging_mixin.py:190} INFO - 🚦 Giới hạn API đạt mức tối đa, chờ 0.2s...
[2025-10-07T11:39:13.051+0000] {logging_mixin.py:190} INFO - ⬇️ Bắt đầu xử lý symbol = FHS
[2025-10-07T11:39:13.114+0000] {logging_mixin.py:190} INFO - ⚠️ Không đọc được file cũ FHS: 'date'
[2025-10-07T11:39:13.144+0000] {logging_mixin.py:190} INFO - FHS: trích dữ liệu từ 2025-09-27 đến 2025-10-07
[2025-10-07T11:39:13.162+0000] {client.py:83} ERROR - API request failed: HTTPSConnectionPool(host='trading.vietcap.com.vn', port=443): Max retries exceeded with url: /api/chart/OHLCChart/gap (Caused by NameResolutionError("<urllib3.connection.HTTPSConnection object at 0x7e619e80a300>: Failed to resolve 'trading.vietcap.com.vn' ([Errno -2] Name or service not known)"))
[2025-10-07T11:39:15.198+0000] {client.py:83} ERROR - API request failed: HTTPSConnectionPool(host='trading.vietcap.com.vn', port=443): Max retries exceeded with url: /api/chart/OHLCChart/gap (Caused by NameResolutionError("<urllib3.connection.HTTPSConnection object at 0x7e61c03a8170>: Failed to resolve 'trading.vietcap.com.vn' ([Errno -2] Name or service not known)"))
[2025-10-07T11:39:17.469+0000] {client.py:83} ERROR - API request failed: HTTPSConnectionPool(host='trading.vietcap.com.vn', port=443): Max retries exceeded with url: /api/chart/OHLCChart/gap (Caused by NameResolutionError("<urllib3.connection.HTTPSConnection object at 0x7e61c0339760>: Failed to resolve 'trading.vietcap.com.vn' ([Errno -2] Name or service not known)"))
[2025-10-07T11:39:17.470+0000] {logging_mixin.py:190} INFO - Không tìm thấy dữ liệu cho FHS
[2025-10-07T11:39:17.471+0000] {logging_mixin.py:190} INFO - ℹ️ FHS: Không có dữ liệu mới.
[2025-10-07T11:39:17.472+0000] {logging_mixin.py:190} INFO - ⬇️ Bắt đầu xử lý symbol = FHN
[2025-10-07T11:39:17.548+0000] {logging_mixin.py:190} INFO - ⚠️ Không đọc được file cũ FHN: 'date'
[2025-10-07T11:39:17.562+0000] {logging_mixin.py:190} INFO - FHN: trích dữ liệu từ 2025-06-20 đến 2025-10-07
[2025-10-07T11:39:17.568+0000] {client.py:83} ERROR - API request failed: HTTPSConnectionPool(host='trading.vietcap.com.vn', port=443): Max retries exceeded with url: /api/chart/OHLCChart/gap (Caused by NameResolutionError("<urllib3.connection.HTTPSConnection object at 0x7e619e9381a0>: Failed to resolve 'trading.vietcap.com.vn' ([Errno -2] Name or service not known)"))
[2025-10-07T11:39:19.596+0000] {client.py:83} ERROR - API request failed: HTTPSConnectionPool(host='trading.vietcap.com.vn', port=443): Max retries exceeded with url: /api/chart/OHLCChart/gap (Caused by NameResolutionError("<urllib3.connection.HTTPSConnection object at 0x7e619e93b170>: Failed to resolve 'trading.vietcap.com.vn' ([Errno -2] Name or service not known)"))
[2025-10-07T11:39:21.611+0000] {client.py:83} ERROR - API request failed: HTTPSConnectionPool(host='trading.vietcap.com.vn', port=443): Max retries exceeded with url: /api/chart/OHLCChart/gap (Caused by NameResolutionError("<urllib3.connection.HTTPSConnection object at 0x7e619e77ab10>: Failed to resolve 'trading.vietcap.com.vn' ([Errno -2] Name or service not known)"))
[2025-10-07T11:39:21.614+0000] {logging_mixin.py:190} INFO - Không tìm thấy dữ liệu cho FHN
[2025-10-07T11:39:21.620+0000] {logging_mixin.py:190} INFO - ℹ️ FHN: Không có dữ liệu mới.
[2025-10-07T11:39:21.622+0000] {logging_mixin.py:190} INFO - ⬇️ Bắt đầu xử lý symbol = FGL
[2025-10-07T11:39:21.701+0000] {logging_mixin.py:190} INFO - ⚠️ Không đọc được file cũ FGL: 'date'
[2025-10-07T11:39:21.736+0000] {logging_mixin.py:190} INFO - FGL: trích dữ liệu từ 2025-10-02 đến 2025-10-07
[2025-10-07T11:39:21.752+0000] {client.py:83} ERROR - API request failed: HTTPSConnectionPool(host='trading.vietcap.com.vn', port=443): Max retries exceeded with url: /api/chart/OHLCChart/gap (Caused by NameResolutionError("<urllib3.connection.HTTPSConnection object at 0x7e619e93b200>: Failed to resolve 'trading.vietcap.com.vn' ([Errno -2] Name or service not known)"))
[2025-10-07T11:39:23.775+0000] {client.py:83} ERROR - API request failed: HTTPSConnectionPool(host='trading.vietcap.com.vn', port=443): Max retries exceeded with url: /api/chart/OHLCChart/gap (Caused by NameResolutionError("<urllib3.connection.HTTPSConnection object at 0x7e619e77bb30>: Failed to resolve 'trading.vietcap.com.vn' ([Errno -2] Name or service not known)"))
[2025-10-07T11:39:25.799+0000] {client.py:83} ERROR - API request failed: HTTPSConnectionPool(host='trading.vietcap.com.vn', port=443): Max retries exceeded with url: /api/chart/OHLCChart/gap (Caused by NameResolutionError("<urllib3.connection.HTTPSConnection object at 0x7e619e80ab40>: Failed to resolve 'trading.vietcap.com.vn' ([Errno -2] Name or service not known)"))
[2025-10-07T11:39:25.803+0000] {logging_mixin.py:190} INFO - Không tìm thấy dữ liệu cho FGL
[2025-10-07T11:39:25.808+0000] {logging_mixin.py:190} INFO - ℹ️ FGL: Không có dữ liệu mới.
[2025-10-07T11:39:25.810+0000] {logging_mixin.py:190} INFO - 🚦 Giới hạn API đạt mức tối đa, chờ 38.1s...
[2025-10-07T11:40:03.882+0000] {logging_mixin.py:190} INFO - ⬇️ Bắt đầu xử lý symbol = FDG
[2025-10-07T11:40:03.965+0000] {logging_mixin.py:190} INFO - ⚠️ Không đọc được file cũ FDG: 'date'
[2025-10-07T11:40:03.986+0000] {logging_mixin.py:190} INFO - FDG: trích dữ liệu từ 2022-07-12 đến 2025-10-07
[2025-10-07T11:40:04.001+0000] {client.py:83} ERROR - API request failed: HTTPSConnectionPool(host='trading.vietcap.com.vn', port=443): Max retries exceeded with url: /api/chart/OHLCChart/gap (Caused by NameResolutionError("<urllib3.connection.HTTPSConnection object at 0x7e619e80a690>: Failed to resolve 'trading.vietcap.com.vn' ([Errno -2] Name or service not known)"))
[2025-10-07T11:40:06.016+0000] {client.py:83} ERROR - API request failed: HTTPSConnectionPool(host='trading.vietcap.com.vn', port=443): Max retries exceeded with url: /api/chart/OHLCChart/gap (Caused by NameResolutionError("<urllib3.connection.HTTPSConnection object at 0x7e619e7795b0>: Failed to resolve 'trading.vietcap.com.vn' ([Errno -2] Name or service not known)"))
[2025-10-07T11:40:08.024+0000] {client.py:83} ERROR - API request failed: HTTPSConnectionPool(host='trading.vietcap.com.vn', port=443): Max retries exceeded with url: /api/chart/OHLCChart/gap (Caused by NameResolutionError("<urllib3.connection.HTTPSConnection object at 0x7e619e77a960>: Failed to resolve 'trading.vietcap.com.vn' ([Errno -2] Name or service not known)"))
[2025-10-07T11:40:08.025+0000] {logging_mixin.py:190} INFO - Không tìm thấy dữ liệu cho FDG
[2025-10-07T11:40:08.026+0000] {logging_mixin.py:190} INFO - ℹ️ FDG: Không có dữ liệu mới.
[2025-10-07T11:40:08.027+0000] {logging_mixin.py:190} INFO - 🚦 Giới hạn API đạt mức tối đa, chờ 0.6s...
[2025-10-07T11:40:08.650+0000] {logging_mixin.py:190} INFO - ⬇️ Bắt đầu xử lý symbol = FDC
[2025-10-07T11:40:08.704+0000] {logging_mixin.py:190} INFO - ⚠️ Không đọc được file cũ FDC: 'date'
[2025-10-07T11:40:08.730+0000] {logging_mixin.py:190} INFO - FDC: trích dữ liệu từ 2025-10-03 đến 2025-10-07
[2025-10-07T11:40:08.742+0000] {client.py:83} ERROR - API request failed: HTTPSConnectionPool(host='trading.vietcap.com.vn', port=443): Max retries exceeded with url: /api/chart/OHLCChart/gap (Caused by NameResolutionError("<urllib3.connection.HTTPSConnection object at 0x7e619e93b890>: Failed to resolve 'trading.vietcap.com.vn' ([Errno -2] Name or service not known)"))
[2025-10-07T11:40:10.750+0000] {client.py:83} ERROR - API request failed: HTTPSConnectionPool(host='trading.vietcap.com.vn', port=443): Max retries exceeded with url: /api/chart/OHLCChart/gap (Caused by NameResolutionError("<urllib3.connection.HTTPSConnection object at 0x7e619e8284a0>: Failed to resolve 'trading.vietcap.com.vn' ([Errno -2] Name or service not known)"))
[2025-10-07T11:40:12.767+0000] {client.py:83} ERROR - API request failed: HTTPSConnectionPool(host='trading.vietcap.com.vn', port=443): Max retries exceeded with url: /api/chart/OHLCChart/gap (Caused by NameResolutionError("<urllib3.connection.HTTPSConnection object at 0x7e619e939fd0>: Failed to resolve 'trading.vietcap.com.vn' ([Errno -2] Name or service not known)"))
[2025-10-07T11:40:12.770+0000] {logging_mixin.py:190} INFO - Không tìm thấy dữ liệu cho FDC
[2025-10-07T11:40:12.775+0000] {logging_mixin.py:190} INFO - ℹ️ FDC: Không có dữ liệu mới.
[2025-10-07T11:40:12.778+0000] {logging_mixin.py:190} INFO - 🚦 Giới hạn API đạt mức tối đa, chờ 0.3s...
[2025-10-07T11:40:13.053+0000] {logging_mixin.py:190} INFO - ⬇️ Bắt đầu xử lý symbol = FCS
[2025-10-07T11:40:13.108+0000] {logging_mixin.py:190} INFO - ⚠️ Không đọc được file cũ FCS: 'date'
[2025-10-07T11:40:13.146+0000] {logging_mixin.py:190} INFO - FCS: trích dữ liệu từ 2025-10-01 đến 2025-10-07
[2025-10-07T11:40:13.165+0000] {client.py:83} ERROR - API request failed: HTTPSConnectionPool(host='trading.vietcap.com.vn', port=443): Max retries exceeded with url: /api/chart/OHLCChart/gap (Caused by NameResolutionError("<urllib3.connection.HTTPSConnection object at 0x7e619e828230>: Failed to resolve 'trading.vietcap.com.vn' ([Errno -2] Name or service not known)"))
[2025-10-07T11:40:15.205+0000] {client.py:83} ERROR - API request failed: HTTPSConnectionPool(host='trading.vietcap.com.vn', port=443): Max retries exceeded with url: /api/chart/OHLCChart/gap (Caused by NameResolutionError("<urllib3.connection.HTTPSConnection object at 0x7e619e82a4e0>: Failed to resolve 'trading.vietcap.com.vn' ([Errno -2] Name or service not known)"))
[2025-10-07T11:40:17.222+0000] {client.py:83} ERROR - API request failed: HTTPSConnectionPool(host='trading.vietcap.com.vn', port=443): Max retries exceeded with url: /api/chart/OHLCChart/gap (Caused by NameResolutionError("<urllib3.connection.HTTPSConnection object at 0x7e61c0338560>: Failed to resolve 'trading.vietcap.com.vn' ([Errno -2] Name or service not known)"))
[2025-10-07T11:40:17.226+0000] {logging_mixin.py:190} INFO - Không tìm thấy dữ liệu cho FCS
[2025-10-07T11:40:17.230+0000] {logging_mixin.py:190} INFO - ℹ️ FCS: Không có dữ liệu mới.
[2025-10-07T11:40:17.232+0000] {logging_mixin.py:190} INFO - 🚦 Giới hạn API đạt mức tối đa, chờ 0.2s...
[2025-10-07T11:40:17.475+0000] {logging_mixin.py:190} INFO - ⬇️ Bắt đầu xử lý symbol = FCN
[2025-10-07T11:40:17.549+0000] {logging_mixin.py:190} INFO - ⚠️ Không đọc được file cũ FCN: 'date'
[2025-10-07T11:40:17.589+0000] {logging_mixin.py:190} INFO - FCN: trích dữ liệu từ 2025-10-04 đến 2025-10-07
[2025-10-07T11:40:17.606+0000] {client.py:83} ERROR - API request failed: HTTPSConnectionPool(host='trading.vietcap.com.vn', port=443): Max retries exceeded with url: /api/chart/OHLCChart/gap (Caused by NameResolutionError("<urllib3.connection.HTTPSConnection object at 0x7e619e82a240>: Failed to resolve 'trading.vietcap.com.vn' ([Errno -2] Name or service not known)"))
[2025-10-07T11:40:19.614+0000] {client.py:83} ERROR - API request failed: HTTPSConnectionPool(host='trading.vietcap.com.vn', port=443): Max retries exceeded with url: /api/chart/OHLCChart/gap (Caused by NameResolutionError("<urllib3.connection.HTTPSConnection object at 0x7e619e9383b0>: Failed to resolve 'trading.vietcap.com.vn' ([Errno -2] Name or service not known)"))
[2025-10-07T11:40:21.622+0000] {client.py:83} ERROR - API request failed: HTTPSConnectionPool(host='trading.vietcap.com.vn', port=443): Max retries exceeded with url: /api/chart/OHLCChart/gap (Caused by NameResolutionError("<urllib3.connection.HTTPSConnection object at 0x7e619e77ae40>: Failed to resolve 'trading.vietcap.com.vn' ([Errno -2] Name or service not known)"))
[2025-10-07T11:40:21.624+0000] {logging_mixin.py:190} INFO - Không tìm thấy dữ liệu cho FCN
[2025-10-07T11:40:21.626+0000] {logging_mixin.py:190} INFO - ℹ️ FCN: Không có dữ liệu mới.
[2025-10-07T11:40:21.627+0000] {logging_mixin.py:190} INFO - ⬇️ Bắt đầu xử lý symbol = FCM
[2025-10-07T11:40:21.664+0000] {logging_mixin.py:190} INFO - ⚠️ Không đọc được file cũ FCM: 'date'
[2025-10-07T11:40:21.682+0000] {logging_mixin.py:190} INFO - FCM: trích dữ liệu từ 2025-10-04 đến 2025-10-07
[2025-10-07T11:40:21.691+0000] {client.py:83} ERROR - API request failed: HTTPSConnectionPool(host='trading.vietcap.com.vn', port=443): Max retries exceeded with url: /api/chart/OHLCChart/gap (Caused by NameResolutionError("<urllib3.connection.HTTPSConnection object at 0x7e619e80b3e0>: Failed to resolve 'trading.vietcap.com.vn' ([Errno -2] Name or service not known)"))
[2025-10-07T11:40:23.698+0000] {client.py:83} ERROR - API request failed: HTTPSConnectionPool(host='trading.vietcap.com.vn', port=443): Max retries exceeded with url: /api/chart/OHLCChart/gap (Caused by NameResolutionError("<urllib3.connection.HTTPSConnection object at 0x7e619e938230>: Failed to resolve 'trading.vietcap.com.vn' ([Errno -2] Name or service not known)"))
[2025-10-07T11:40:25.705+0000] {client.py:83} ERROR - API request failed: HTTPSConnectionPool(host='trading.vietcap.com.vn', port=443): Max retries exceeded with url: /api/chart/OHLCChart/gap (Caused by NameResolutionError("<urllib3.connection.HTTPSConnection object at 0x7e619e82a000>: Failed to resolve 'trading.vietcap.com.vn' ([Errno -2] Name or service not known)"))
[2025-10-07T11:40:25.707+0000] {logging_mixin.py:190} INFO - Không tìm thấy dữ liệu cho FCM
[2025-10-07T11:40:25.709+0000] {logging_mixin.py:190} INFO - ℹ️ FCM: Không có dữ liệu mới.
[2025-10-07T11:40:25.710+0000] {python.py:240} INFO - Done. Returned value was: None
[2025-10-07T11:40:25.729+0000] {taskinstance.py:341} INFO - ::group::Post task execution logs
[2025-10-07T11:40:25.733+0000] {taskinstance.py:353} INFO - Marking task as SUCCESS. dag_id=vnstock_weekly_etl_incremental, task_id=process_batch, run_id=manual__2025-10-07T10:41:48.387187+00:00, map_index=24, execution_date=20251007T104148, start_date=20251007T113102, end_date=20251007T114025
[2025-10-07T11:40:25.829+0000] {local_task_job_runner.py:266} INFO - Task exited with return code 0
[2025-10-07T11:40:26.042+0000] {taskinstance.py:3901} INFO - 0 downstream tasks scheduled from follow-on schedule check
[2025-10-07T11:40:26.051+0000] {local_task_job_runner.py:245} INFO - ::endgroup::
