[2025-10-07T10:36:21.955+0000] {local_task_job_runner.py:123} INFO - ::group::Pre task execution logs
[2025-10-07T10:36:22.082+0000] {taskinstance.py:2614} INFO - Dependencies all met for dep_context=non-requeueable deps ti=<TaskInstance: vnstock_weekly_etl_incremental.process_batch manual__2025-10-07T10:36:05.597506+00:00 map_index=3 [queued]>
[2025-10-07T10:36:22.124+0000] {taskinstance.py:2614} INFO - Dependencies all met for dep_context=requeueable deps ti=<TaskInstance: vnstock_weekly_etl_incremental.process_batch manual__2025-10-07T10:36:05.597506+00:00 map_index=3 [queued]>
[2025-10-07T10:36:22.130+0000] {taskinstance.py:2867} INFO - Starting attempt 1 of 3
[2025-10-07T10:36:22.177+0000] {taskinstance.py:2890} INFO - Executing <Mapped(_PythonDecoratedOperator): process_batch> on 2025-10-07 10:36:05.597506+00:00
[2025-10-07T10:36:22.247+0000] {logging_mixin.py:190} WARNING - /home/***/.local/lib/python3.12/site-packages/***/task/task_runner/standard_task_runner.py:70 DeprecationWarning: This process (pid=2679) is multi-threaded, use of fork() may lead to deadlocks in the child.
[2025-10-07T10:36:22.258+0000] {standard_task_runner.py:72} INFO - Started process 2868 to run task
[2025-10-07T10:36:22.261+0000] {standard_task_runner.py:104} INFO - Running: ['***', 'tasks', 'run', 'vnstock_weekly_etl_incremental', 'process_batch', 'manual__2025-10-07T10:36:05.597506+00:00', '--job-id', '85', '--raw', '--subdir', 'DAGS_FOLDER/dag.py', '--cfg-path', '/tmp/tmp21p0vsmx', '--map-index', '3']
[2025-10-07T10:36:22.270+0000] {standard_task_runner.py:105} INFO - Job 85: Subtask process_batch
[2025-10-07T10:36:22.373+0000] {logging_mixin.py:190} WARNING - /home/***/.local/lib/python3.12/site-packages/***/settings.py:209 DeprecationWarning: The sql_alchemy_conn option in [core] has been moved to the sql_alchemy_conn option in [database] - the old setting has been used, but please update your config.
[2025-10-07T10:36:23.635+0000] {task_command.py:467} INFO - Running <TaskInstance: vnstock_weekly_etl_incremental.process_batch manual__2025-10-07T10:36:05.597506+00:00 map_index=3 [running]> on host e3278e0f0bbc
[2025-10-07T10:36:24.605+0000] {taskinstance.py:3134} INFO - Exporting env vars: AIRFLOW_CTX_DAG_OWNER='***' AIRFLOW_CTX_DAG_ID='vnstock_weekly_etl_incremental' AIRFLOW_CTX_TASK_ID='process_batch' AIRFLOW_CTX_EXECUTION_DATE='2025-10-07T10:36:05.597506+00:00' AIRFLOW_CTX_TRY_NUMBER='1' AIRFLOW_CTX_DAG_RUN_ID='manual__2025-10-07T10:36:05.597506+00:00'
[2025-10-07T10:36:24.620+0000] {taskinstance.py:732} INFO - ::endgroup::
[2025-10-07T10:36:24.646+0000] {logging_mixin.py:190} INFO - ⬇️ Xử lý symbol = VES
[2025-10-07T10:36:25.132+0000] {logging_mixin.py:190} INFO - VES: trích dữ liệu từ 2025-10-04 đến 2025-10-07
[2025-10-07T10:36:25.814+0000] {logging_mixin.py:190} INFO - Trích xuất 2 dòng mới cho VES
[2025-10-07T10:36:25.940+0000] {logging_mixin.py:190} INFO - Append 2 dòng mới vào /opt/***/data/lake/VES.csv
[2025-10-07T10:36:27.954+0000] {logging_mixin.py:190} INFO - ⬇️ Xử lý symbol = VEF
[2025-10-07T10:36:28.159+0000] {logging_mixin.py:190} INFO - VEF: trích dữ liệu từ 2025-10-04 đến 2025-10-07
[2025-10-07T10:36:28.510+0000] {logging_mixin.py:190} INFO - Trích xuất 2 dòng mới cho VEF
[2025-10-07T10:36:28.592+0000] {logging_mixin.py:190} INFO - Append 2 dòng mới vào /opt/***/data/lake/VEF.csv
[2025-10-07T10:36:30.597+0000] {logging_mixin.py:190} INFO - ⬇️ Xử lý symbol = VEC
[2025-10-07T10:36:30.633+0000] {logging_mixin.py:190} INFO - VEC: trích dữ liệu từ 2025-10-04 đến 2025-10-07
[2025-10-07T10:36:30.799+0000] {logging_mixin.py:190} INFO - Trích xuất 2 dòng mới cho VEC
[2025-10-07T10:36:30.808+0000] {logging_mixin.py:190} INFO - Append 2 dòng mới vào /opt/***/data/lake/VEC.csv
[2025-10-07T10:36:32.809+0000] {logging_mixin.py:190} INFO - ⬇️ Xử lý symbol = VEA
[2025-10-07T10:36:32.846+0000] {logging_mixin.py:190} INFO - VEA: trích dữ liệu từ 2025-10-04 đến 2025-10-07
[2025-10-07T10:36:33.128+0000] {logging_mixin.py:190} INFO - Trích xuất 2 dòng mới cho VEA
[2025-10-07T10:36:33.135+0000] {logging_mixin.py:190} INFO - Append 2 dòng mới vào /opt/***/data/lake/VEA.csv
[2025-10-07T10:36:35.136+0000] {logging_mixin.py:190} INFO - ⬇️ Xử lý symbol = VE9
[2025-10-07T10:36:35.156+0000] {logging_mixin.py:190} INFO - VE9: trích dữ liệu từ 2025-10-04 đến 2025-10-07
[2025-10-07T10:36:35.317+0000] {logging_mixin.py:190} INFO - Trích xuất 2 dòng mới cho VE9
[2025-10-07T10:36:35.327+0000] {logging_mixin.py:190} INFO - Append 2 dòng mới vào /opt/***/data/lake/VE9.csv
[2025-10-07T10:36:37.328+0000] {logging_mixin.py:190} INFO - ⚠️ Lỗi khi xử lý VE8: Bucket for item=vnstock with Rate limit=5/1.0m is already full
[2025-10-07T10:36:37.329+0000] {logging_mixin.py:190} INFO - ⚠️ Lỗi khi xử lý VE4: Bucket for item=vnstock with Rate limit=5/1.0m is already full
[2025-10-07T10:36:37.330+0000] {logging_mixin.py:190} INFO - ⚠️ Lỗi khi xử lý VE3: Bucket for item=vnstock with Rate limit=5/1.0m is already full
[2025-10-07T10:36:37.331+0000] {logging_mixin.py:190} INFO - ⚠️ Lỗi khi xử lý VE2: Bucket for item=vnstock with Rate limit=5/1.0m is already full
[2025-10-07T10:36:37.331+0000] {logging_mixin.py:190} INFO - ⚠️ Lỗi khi xử lý VE1: Bucket for item=vnstock with Rate limit=5/1.0m is already full
[2025-10-07T10:36:37.332+0000] {logging_mixin.py:190} INFO - ⚠️ Lỗi khi xử lý VDT: Bucket for item=vnstock with Rate limit=5/1.0m is already full
[2025-10-07T10:36:37.332+0000] {logging_mixin.py:190} INFO - ⚠️ Lỗi khi xử lý VDS: Bucket for item=vnstock with Rate limit=5/1.0m is already full
[2025-10-07T10:36:37.332+0000] {logging_mixin.py:190} INFO - ⚠️ Lỗi khi xử lý VDP: Bucket for item=vnstock with Rate limit=5/1.0m is already full
[2025-10-07T10:36:37.333+0000] {logging_mixin.py:190} INFO - ⚠️ Lỗi khi xử lý VDN: Bucket for item=vnstock with Rate limit=5/1.0m is already full
[2025-10-07T10:36:37.333+0000] {logging_mixin.py:190} INFO - ⚠️ Lỗi khi xử lý VDM: Bucket for item=vnstock with Rate limit=5/1.0m is already full
[2025-10-07T10:36:37.334+0000] {logging_mixin.py:190} INFO - ⚠️ Lỗi khi xử lý VDL: Bucket for item=vnstock with Rate limit=5/1.0m is already full
[2025-10-07T10:36:37.334+0000] {logging_mixin.py:190} INFO - ⚠️ Lỗi khi xử lý VDG: Bucket for item=vnstock with Rate limit=5/1.0m is already full
[2025-10-07T10:36:37.334+0000] {logging_mixin.py:190} INFO - ⚠️ Lỗi khi xử lý VDB: Bucket for item=vnstock with Rate limit=5/1.0m is already full
[2025-10-07T10:36:37.335+0000] {logging_mixin.py:190} INFO - ⚠️ Lỗi khi xử lý VCX: Bucket for item=vnstock with Rate limit=5/1.0m is already full
[2025-10-07T10:36:37.335+0000] {logging_mixin.py:190} INFO - ⚠️ Lỗi khi xử lý VCW: Bucket for item=vnstock with Rate limit=5/1.0m is already full
[2025-10-07T10:36:37.335+0000] {logging_mixin.py:190} INFO - ⚠️ Lỗi khi xử lý VCT: Bucket for item=vnstock with Rate limit=5/1.0m is already full
[2025-10-07T10:36:37.336+0000] {logging_mixin.py:190} INFO - ⚠️ Lỗi khi xử lý VCS: Bucket for item=vnstock with Rate limit=5/1.0m is already full
[2025-10-07T10:36:37.337+0000] {logging_mixin.py:190} INFO - ⚠️ Lỗi khi xử lý VCR: Bucket for item=vnstock with Rate limit=5/1.0m is already full
[2025-10-07T10:36:37.337+0000] {logging_mixin.py:190} INFO - ⚠️ Lỗi khi xử lý VCP: Bucket for item=vnstock with Rate limit=5/1.0m is already full
[2025-10-07T10:36:37.337+0000] {logging_mixin.py:190} INFO - ⚠️ Lỗi khi xử lý VCM: Bucket for item=vnstock with Rate limit=5/1.0m is already full
[2025-10-07T10:36:37.338+0000] {logging_mixin.py:190} INFO - ⚠️ Lỗi khi xử lý VCI: Bucket for item=vnstock with Rate limit=5/1.0m is already full
[2025-10-07T10:36:37.338+0000] {logging_mixin.py:190} INFO - ⚠️ Lỗi khi xử lý VCG: Bucket for item=vnstock with Rate limit=5/1.0m is already full
[2025-10-07T10:36:37.339+0000] {logging_mixin.py:190} INFO - ⚠️ Lỗi khi xử lý VCF: Bucket for item=vnstock with Rate limit=5/1.0m is already full
[2025-10-07T10:36:37.339+0000] {logging_mixin.py:190} INFO - ⚠️ Lỗi khi xử lý VCE: Bucket for item=vnstock with Rate limit=5/1.0m is already full
[2025-10-07T10:36:37.339+0000] {logging_mixin.py:190} INFO - ⚠️ Lỗi khi xử lý VCC: Bucket for item=vnstock with Rate limit=5/1.0m is already full
[2025-10-07T10:36:37.340+0000] {logging_mixin.py:190} INFO - ⚠️ Lỗi khi xử lý VCB: Bucket for item=vnstock with Rate limit=5/1.0m is already full
[2025-10-07T10:36:37.340+0000] {logging_mixin.py:190} INFO - ⚠️ Lỗi khi xử lý VCA: Bucket for item=vnstock with Rate limit=5/1.0m is already full
[2025-10-07T10:36:37.340+0000] {logging_mixin.py:190} INFO - ⚠️ Lỗi khi xử lý VC9: Bucket for item=vnstock with Rate limit=5/1.0m is already full
[2025-10-07T10:36:37.341+0000] {logging_mixin.py:190} INFO - ⚠️ Lỗi khi xử lý VC7: Bucket for item=vnstock with Rate limit=5/1.0m is already full
[2025-10-07T10:36:37.341+0000] {logging_mixin.py:190} INFO - ⚠️ Lỗi khi xử lý VC6: Bucket for item=vnstock with Rate limit=5/1.0m is already full
[2025-10-07T10:36:37.341+0000] {logging_mixin.py:190} INFO - ⚠️ Lỗi khi xử lý VC5: Bucket for item=vnstock with Rate limit=5/1.0m is already full
[2025-10-07T10:36:37.342+0000] {logging_mixin.py:190} INFO - ⚠️ Lỗi khi xử lý VC3: Bucket for item=vnstock with Rate limit=5/1.0m is already full
[2025-10-07T10:36:37.342+0000] {logging_mixin.py:190} INFO - ⚠️ Lỗi khi xử lý VC2: Bucket for item=vnstock with Rate limit=5/1.0m is already full
[2025-10-07T10:36:37.342+0000] {logging_mixin.py:190} INFO - ⚠️ Lỗi khi xử lý VC1: Bucket for item=vnstock with Rate limit=5/1.0m is already full
[2025-10-07T10:36:37.342+0000] {logging_mixin.py:190} INFO - ⚠️ Lỗi khi xử lý VBH: Bucket for item=vnstock with Rate limit=5/1.0m is already full
[2025-10-07T10:36:37.343+0000] {logging_mixin.py:190} INFO - ⚠️ Lỗi khi xử lý VBG: Bucket for item=vnstock with Rate limit=5/1.0m is already full
[2025-10-07T10:36:37.343+0000] {logging_mixin.py:190} INFO - ⚠️ Lỗi khi xử lý VBC: Bucket for item=vnstock with Rate limit=5/1.0m is already full
[2025-10-07T10:36:37.344+0000] {logging_mixin.py:190} INFO - ⚠️ Lỗi khi xử lý VBB: Bucket for item=vnstock with Rate limit=5/1.0m is already full
[2025-10-07T10:36:37.344+0000] {logging_mixin.py:190} INFO - ⚠️ Lỗi khi xử lý VAV: Bucket for item=vnstock with Rate limit=5/1.0m is already full
[2025-10-07T10:36:37.344+0000] {logging_mixin.py:190} INFO - ⚠️ Lỗi khi xử lý VAT: Bucket for item=vnstock with Rate limit=5/1.0m is already full
[2025-10-07T10:36:37.345+0000] {logging_mixin.py:190} INFO - ⚠️ Lỗi khi xử lý VAF: Bucket for item=vnstock with Rate limit=5/1.0m is already full
[2025-10-07T10:36:37.345+0000] {logging_mixin.py:190} INFO - ⚠️ Lỗi khi xử lý VAB: Bucket for item=vnstock with Rate limit=5/1.0m is already full
[2025-10-07T10:36:37.346+0000] {logging_mixin.py:190} INFO - ⚠️ Lỗi khi xử lý V21: Bucket for item=vnstock with Rate limit=5/1.0m is already full
[2025-10-07T10:36:37.346+0000] {logging_mixin.py:190} INFO - ⚠️ Lỗi khi xử lý V15: Bucket for item=vnstock with Rate limit=5/1.0m is already full
[2025-10-07T10:36:37.346+0000] {logging_mixin.py:190} INFO - ⚠️ Lỗi khi xử lý V12: Bucket for item=vnstock with Rate limit=5/1.0m is already full
[2025-10-07T10:36:37.347+0000] {python.py:240} INFO - Done. Returned value was: None
[2025-10-07T10:36:37.356+0000] {taskinstance.py:341} INFO - ::group::Post task execution logs
[2025-10-07T10:36:37.356+0000] {taskinstance.py:353} INFO - Marking task as SUCCESS. dag_id=vnstock_weekly_etl_incremental, task_id=process_batch, run_id=manual__2025-10-07T10:36:05.597506+00:00, map_index=3, execution_date=20251007T103605, start_date=20251007T103622, end_date=20251007T103637
[2025-10-07T10:36:37.433+0000] {local_task_job_runner.py:266} INFO - Task exited with return code 0
[2025-10-07T10:36:37.449+0000] {taskinstance.py:3901} INFO - 0 downstream tasks scheduled from follow-on schedule check
[2025-10-07T10:36:37.451+0000] {local_task_job_runner.py:245} INFO - ::endgroup::
