[2025-10-07T13:16:38.248+0000] {local_task_job_runner.py:123} INFO - ::group::Pre task execution logs
[2025-10-07T13:16:38.269+0000] {taskinstance.py:2614} INFO - Dependencies all met for dep_context=non-requeueable deps ti=<TaskInstance: vnstock_weekly_etl_incremental.process_batch manual__2025-10-07T10:43:54.222487+00:00 map_index=30 [queued]>
[2025-10-07T13:16:38.281+0000] {taskinstance.py:2614} INFO - Dependencies all met for dep_context=requeueable deps ti=<TaskInstance: vnstock_weekly_etl_incremental.process_batch manual__2025-10-07T10:43:54.222487+00:00 map_index=30 [queued]>
[2025-10-07T13:16:38.282+0000] {taskinstance.py:2867} INFO - Starting attempt 1 of 3
[2025-10-07T13:16:38.292+0000] {taskinstance.py:2890} INFO - Executing <Mapped(_PythonDecoratedOperator): process_batch> on 2025-10-07 10:43:54.222487+00:00
[2025-10-07T13:16:38.301+0000] {logging_mixin.py:190} WARNING - /home/***/.local/lib/python3.12/site-packages/***/task/task_runner/standard_task_runner.py:70 DeprecationWarning: This process (pid=16507) is multi-threaded, use of fork() may lead to deadlocks in the child.
[2025-10-07T13:16:38.302+0000] {standard_task_runner.py:72} INFO - Started process 16517 to run task
[2025-10-07T13:16:38.301+0000] {standard_task_runner.py:104} INFO - Running: ['***', 'tasks', 'run', 'vnstock_weekly_etl_incremental', 'process_batch', 'manual__2025-10-07T10:43:54.222487+00:00', '--job-id', '189', '--raw', '--subdir', 'DAGS_FOLDER/dag.py', '--cfg-path', '/tmp/tmp9gedmm00', '--map-index', '30']
[2025-10-07T13:16:38.304+0000] {standard_task_runner.py:105} INFO - Job 189: Subtask process_batch
[2025-10-07T13:16:38.317+0000] {logging_mixin.py:190} WARNING - /home/***/.local/lib/python3.12/site-packages/***/settings.py:209 DeprecationWarning: The sql_alchemy_conn option in [core] has been moved to the sql_alchemy_conn option in [database] - the old setting has been used, but please update your config.
[2025-10-07T13:16:38.358+0000] {task_command.py:467} INFO - Running <TaskInstance: vnstock_weekly_etl_incremental.process_batch manual__2025-10-07T10:43:54.222487+00:00 map_index=30 [running]> on host e3278e0f0bbc
[2025-10-07T13:16:38.617+0000] {taskinstance.py:3134} INFO - Exporting env vars: AIRFLOW_CTX_DAG_OWNER='***' AIRFLOW_CTX_DAG_ID='vnstock_weekly_etl_incremental' AIRFLOW_CTX_TASK_ID='process_batch' AIRFLOW_CTX_EXECUTION_DATE='2025-10-07T10:43:54.222487+00:00' AIRFLOW_CTX_TRY_NUMBER='1' AIRFLOW_CTX_DAG_RUN_ID='manual__2025-10-07T10:43:54.222487+00:00'
[2025-10-07T13:16:38.619+0000] {taskinstance.py:732} INFO - ::endgroup::
[2025-10-07T13:16:38.621+0000] {logging_mixin.py:190} INFO - ⬇️ Bắt đầu xử lý symbol = CEG
[2025-10-07T13:16:38.629+0000] {logging_mixin.py:190} INFO - ⚠️ Không đọc được file cũ CEG: 'date'
[2025-10-07T13:16:38.639+0000] {logging_mixin.py:190} INFO - CEG: trích dữ liệu từ 2025-02-15 đến 2025-10-07
[2025-10-07T13:16:43.456+0000] {logging_mixin.py:190} INFO - Không tìm thấy dữ liệu cho CEG
[2025-10-07T13:16:43.458+0000] {logging_mixin.py:190} INFO - ℹ️ CEG: Không có dữ liệu mới.
[2025-10-07T13:16:43.461+0000] {logging_mixin.py:190} INFO - ⬇️ Bắt đầu xử lý symbol = CEE
[2025-10-07T13:16:43.469+0000] {logging_mixin.py:190} INFO - ⚠️ Không đọc được file cũ CEE: 'date'
[2025-10-07T13:16:43.478+0000] {logging_mixin.py:190} INFO - CEE: trích dữ liệu từ 2022-07-22 đến 2025-10-07
[2025-10-07T13:16:48.363+0000] {logging_mixin.py:190} INFO - Không tìm thấy dữ liệu cho CEE
[2025-10-07T13:16:48.364+0000] {logging_mixin.py:190} INFO - ℹ️ CEE: Không có dữ liệu mới.
[2025-10-07T13:16:48.365+0000] {logging_mixin.py:190} INFO - ⬇️ Bắt đầu xử lý symbol = CE1
[2025-10-07T13:16:48.375+0000] {logging_mixin.py:190} INFO - ⚠️ Không đọc được file cũ CE1: 'date'
[2025-10-07T13:16:48.381+0000] {logging_mixin.py:190} INFO - CE1: trích dữ liệu từ 2024-07-26 đến 2025-10-07
[2025-10-07T13:16:53.285+0000] {logging_mixin.py:190} INFO - Không tìm thấy dữ liệu cho CE1
[2025-10-07T13:16:53.287+0000] {logging_mixin.py:190} INFO - ℹ️ CE1: Không có dữ liệu mới.
[2025-10-07T13:16:53.287+0000] {logging_mixin.py:190} INFO - ⬇️ Bắt đầu xử lý symbol = CDR
[2025-10-07T13:16:53.311+0000] {logging_mixin.py:190} INFO - ⚠️ Không đọc được file cũ CDR: 'date'
[2025-10-07T13:16:53.319+0000] {logging_mixin.py:190} INFO - CDR: trích dữ liệu từ 2025-10-04 đến 2025-10-07
[2025-10-07T13:16:53.535+0000] {logging_mixin.py:190} INFO - Trích xuất 2 dòng mới cho CDR
[2025-10-07T13:16:53.543+0000] {logging_mixin.py:190} INFO - Append 2 dòng mới vào /opt/***/data/lake/CDR.csv
[2025-10-07T13:16:53.543+0000] {logging_mixin.py:190} INFO - ✅ Hoàn tất CDR, thêm 2 dòng mới.
[2025-10-07T13:16:55.550+0000] {logging_mixin.py:190} INFO - ⬇️ Bắt đầu xử lý symbol = CDP
[2025-10-07T13:16:55.567+0000] {logging_mixin.py:190} INFO - ⚠️ Không đọc được file cũ CDP: 'date'
[2025-10-07T13:16:55.574+0000] {logging_mixin.py:190} INFO - CDP: trích dữ liệu từ 2025-10-04 đến 2025-10-07
[2025-10-07T13:16:55.837+0000] {logging_mixin.py:190} INFO - Trích xuất 1 dòng mới cho CDP
[2025-10-07T13:16:55.846+0000] {logging_mixin.py:190} INFO - Append 1 dòng mới vào /opt/***/data/lake/CDP.csv
[2025-10-07T13:16:55.846+0000] {logging_mixin.py:190} INFO - ✅ Hoàn tất CDP, thêm 1 dòng mới.
[2025-10-07T13:16:57.708+0000] {logging_mixin.py:190} INFO - 🚦 Giới hạn API đạt mức tối đa, chờ 40.9s...
[2025-10-07T13:17:38.489+0000] {logging_mixin.py:190} INFO - ⬇️ Bắt đầu xử lý symbol = CDO
[2025-10-07T13:17:38.506+0000] {logging_mixin.py:190} INFO - ⚠️ Không đọc được file cũ CDO: 'date'
[2025-10-07T13:17:38.513+0000] {logging_mixin.py:190} INFO - CDO: trích dữ liệu từ 2025-10-04 đến 2025-10-07
[2025-10-07T13:17:44.147+0000] {logging_mixin.py:190} INFO - Không tìm thấy dữ liệu cho CDO
[2025-10-07T13:17:44.149+0000] {logging_mixin.py:190} INFO - ℹ️ CDO: Không có dữ liệu mới.
[2025-10-07T13:17:44.149+0000] {logging_mixin.py:190} INFO - ⬇️ Bắt đầu xử lý symbol = CDN
[2025-10-07T13:17:44.159+0000] {logging_mixin.py:190} INFO - ⚠️ Không đọc được file cũ CDN: 'date'
[2025-10-07T13:17:44.166+0000] {logging_mixin.py:190} INFO - CDN: trích dữ liệu từ 2025-10-04 đến 2025-10-07
[2025-10-07T13:17:44.379+0000] {logging_mixin.py:190} INFO - Trích xuất 2 dòng mới cho CDN
[2025-10-07T13:17:44.386+0000] {logging_mixin.py:190} INFO - Append 2 dòng mới vào /opt/***/data/lake/CDN.csv
[2025-10-07T13:17:44.386+0000] {logging_mixin.py:190} INFO - ✅ Hoàn tất CDN, thêm 2 dòng mới.
[2025-10-07T13:17:46.387+0000] {logging_mixin.py:190} INFO - 🚦 Giới hạn API đạt mức tối đa, chờ 2.0s...
[2025-10-07T13:17:48.366+0000] {logging_mixin.py:190} INFO - ⬇️ Bắt đầu xử lý symbol = CDH
[2025-10-07T13:17:48.373+0000] {logging_mixin.py:190} INFO - ⚠️ Không đọc được file cũ CDH: 'date'
[2025-10-07T13:17:48.382+0000] {logging_mixin.py:190} INFO - CDH: trích dữ liệu từ 2025-10-04 đến 2025-10-07
[2025-10-07T13:17:48.574+0000] {logging_mixin.py:190} INFO - Trích xuất 2 dòng mới cho CDH
[2025-10-07T13:17:48.583+0000] {logging_mixin.py:190} INFO - Append 2 dòng mới vào /opt/***/data/lake/CDH.csv
[2025-10-07T13:17:48.584+0000] {logging_mixin.py:190} INFO - ✅ Hoàn tất CDH, thêm 2 dòng mới.
[2025-10-07T13:17:50.586+0000] {logging_mixin.py:190} INFO - 🚦 Giới hạn API đạt mức tối đa, chờ 2.7s...
[2025-10-07T13:17:53.288+0000] {logging_mixin.py:190} INFO - ⬇️ Bắt đầu xử lý symbol = CDG
[2025-10-07T13:17:53.298+0000] {logging_mixin.py:190} INFO - ⚠️ Không đọc được file cũ CDG: 'date'
[2025-10-07T13:17:53.305+0000] {logging_mixin.py:190} INFO - CDG: trích dữ liệu từ 2025-07-30 đến 2025-10-07
[2025-10-07T13:17:58.851+0000] {logging_mixin.py:190} INFO - Không tìm thấy dữ liệu cho CDG
[2025-10-07T13:17:58.853+0000] {logging_mixin.py:190} INFO - ℹ️ CDG: Không có dữ liệu mới.
[2025-10-07T13:17:58.853+0000] {logging_mixin.py:190} INFO - ⬇️ Bắt đầu xử lý symbol = CDC
[2025-10-07T13:17:58.861+0000] {logging_mixin.py:190} INFO - ⚠️ Không đọc được file cũ CDC: 'date'
[2025-10-07T13:17:58.868+0000] {logging_mixin.py:190} INFO - CDC: trích dữ liệu từ 2025-10-04 đến 2025-10-07
[2025-10-07T13:17:59.154+0000] {logging_mixin.py:190} INFO - Trích xuất 2 dòng mới cho CDC
[2025-10-07T13:17:59.159+0000] {logging_mixin.py:190} INFO - Append 2 dòng mới vào /opt/***/data/lake/CDC.csv
[2025-10-07T13:17:59.160+0000] {logging_mixin.py:190} INFO - ✅ Hoàn tất CDC, thêm 2 dòng mới.
[2025-10-07T13:18:01.160+0000] {logging_mixin.py:190} INFO - 🚦 Giới hạn API đạt mức tối đa, chờ 37.3s...
[2025-10-07T13:18:38.388+0000] {logging_mixin.py:190} INFO - ⬇️ Bắt đầu xử lý symbol = CCV
[2025-10-07T13:18:38.394+0000] {logging_mixin.py:190} INFO - ⚠️ Không đọc được file cũ CCV: 'date'
[2025-10-07T13:18:38.402+0000] {logging_mixin.py:190} INFO - CCV: trích dữ liệu từ 2025-09-09 đến 2025-10-07
[2025-10-07T13:18:43.436+0000] {logging_mixin.py:190} INFO - Không tìm thấy dữ liệu cho CCV
[2025-10-07T13:18:43.438+0000] {logging_mixin.py:190} INFO - ℹ️ CCV: Không có dữ liệu mới.
[2025-10-07T13:18:43.444+0000] {logging_mixin.py:190} INFO - 🚦 Giới hạn API đạt mức tối đa, chờ 0.7s...
[2025-10-07T13:18:44.151+0000] {logging_mixin.py:190} INFO - ⬇️ Bắt đầu xử lý symbol = CCT
[2025-10-07T13:18:44.158+0000] {logging_mixin.py:190} INFO - ⚠️ Không đọc được file cũ CCT: 'date'
[2025-10-07T13:18:44.164+0000] {logging_mixin.py:190} INFO - CCT: trích dữ liệu từ 2025-10-01 đến 2025-10-07
[2025-10-07T13:18:48.761+0000] {logging_mixin.py:190} INFO - Không tìm thấy dữ liệu cho CCT
[2025-10-07T13:18:48.763+0000] {logging_mixin.py:190} INFO - ℹ️ CCT: Không có dữ liệu mới.
[2025-10-07T13:18:48.763+0000] {logging_mixin.py:190} INFO - ⬇️ Bắt đầu xử lý symbol = CCR
[2025-10-07T13:18:48.771+0000] {logging_mixin.py:190} INFO - ⚠️ Không đọc được file cũ CCR: 'date'
[2025-10-07T13:18:48.778+0000] {logging_mixin.py:190} INFO - CCR: trích dữ liệu từ 2025-10-04 đến 2025-10-07
[2025-10-07T13:18:49.275+0000] {logging_mixin.py:190} INFO - Trích xuất 1 dòng mới cho CCR
[2025-10-07T13:18:49.282+0000] {logging_mixin.py:190} INFO - Append 1 dòng mới vào /opt/***/data/lake/CCR.csv
[2025-10-07T13:18:49.283+0000] {logging_mixin.py:190} INFO - ✅ Hoàn tất CCR, thêm 1 dòng mới.
[2025-10-07T13:18:51.284+0000] {logging_mixin.py:190} INFO - 🚦 Giới hạn API đạt mức tối đa, chờ 2.0s...
[2025-10-07T13:18:53.290+0000] {logging_mixin.py:190} INFO - ⬇️ Bắt đầu xử lý symbol = CCP
[2025-10-07T13:18:53.298+0000] {logging_mixin.py:190} INFO - ⚠️ Không đọc được file cũ CCP: 'date'
[2025-10-07T13:18:53.306+0000] {logging_mixin.py:190} INFO - CCP: trích dữ liệu từ 2025-09-27 đến 2025-10-07
[2025-10-07T13:18:57.954+0000] {logging_mixin.py:190} INFO - Không tìm thấy dữ liệu cho CCP
[2025-10-07T13:18:57.956+0000] {logging_mixin.py:190} INFO - ℹ️ CCP: Không có dữ liệu mới.
[2025-10-07T13:18:57.956+0000] {logging_mixin.py:190} INFO - 🚦 Giới hạn API đạt mức tối đa, chờ 0.9s...
[2025-10-07T13:18:58.854+0000] {logging_mixin.py:190} INFO - ⬇️ Bắt đầu xử lý symbol = CCM
[2025-10-07T13:18:58.862+0000] {logging_mixin.py:190} INFO - ⚠️ Không đọc được file cũ CCM: 'date'
[2025-10-07T13:18:58.874+0000] {logging_mixin.py:190} INFO - CCM: trích dữ liệu từ 2025-09-18 đến 2025-10-07
[2025-10-07T13:19:03.521+0000] {logging_mixin.py:190} INFO - Không tìm thấy dữ liệu cho CCM
[2025-10-07T13:19:03.522+0000] {logging_mixin.py:190} INFO - ℹ️ CCM: Không có dữ liệu mới.
[2025-10-07T13:19:03.523+0000] {logging_mixin.py:190} INFO - 🚦 Giới hạn API đạt mức tối đa, chờ 34.9s...
[2025-10-07T13:19:38.246+0000] {logging_mixin.py:190} INFO - ⬇️ Bắt đầu xử lý symbol = CCL
[2025-10-07T13:19:38.261+0000] {logging_mixin.py:190} INFO - ⚠️ Không đọc được file cũ CCL: 'date'
[2025-10-07T13:19:38.268+0000] {logging_mixin.py:190} INFO - CCL: trích dữ liệu từ 2025-10-04 đến 2025-10-07
[2025-10-07T13:19:38.409+0000] {logging_mixin.py:190} INFO - Trích xuất 2 dòng mới cho CCL
[2025-10-07T13:19:38.415+0000] {logging_mixin.py:190} INFO - Append 2 dòng mới vào /opt/***/data/lake/CCL.csv
[2025-10-07T13:19:38.416+0000] {logging_mixin.py:190} INFO - ✅ Hoàn tất CCL, thêm 2 dòng mới.
[2025-10-07T13:19:40.416+0000] {logging_mixin.py:190} INFO - 🚦 Giới hạn API đạt mức tối đa, chờ 3.7s...
[2025-10-07T13:19:44.152+0000] {logging_mixin.py:190} INFO - ⬇️ Bắt đầu xử lý symbol = CCI
[2025-10-07T13:19:44.160+0000] {logging_mixin.py:190} INFO - ⚠️ Không đọc được file cũ CCI: 'date'
[2025-10-07T13:19:44.166+0000] {logging_mixin.py:190} INFO - CCI: trích dữ liệu từ 2025-10-04 đến 2025-10-07
[2025-10-07T13:19:44.366+0000] {logging_mixin.py:190} INFO - Trích xuất 2 dòng mới cho CCI
[2025-10-07T13:19:44.372+0000] {logging_mixin.py:190} INFO - Append 2 dòng mới vào /opt/***/data/lake/CCI.csv
[2025-10-07T13:19:44.373+0000] {logging_mixin.py:190} INFO - ✅ Hoàn tất CCI, thêm 2 dòng mới.
[2025-10-07T13:19:46.373+0000] {logging_mixin.py:190} INFO - 🚦 Giới hạn API đạt mức tối đa, chờ 2.4s...
[2025-10-07T13:19:48.764+0000] {logging_mixin.py:190} INFO - ⬇️ Bắt đầu xử lý symbol = CCC
[2025-10-07T13:19:48.771+0000] {logging_mixin.py:190} INFO - ⚠️ Không đọc được file cũ CCC: 'date'
[2025-10-07T13:19:48.777+0000] {logging_mixin.py:190} INFO - CCC: trích dữ liệu từ 2025-10-04 đến 2025-10-07
[2025-10-07T13:19:48.934+0000] {logging_mixin.py:190} INFO - Trích xuất 2 dòng mới cho CCC
[2025-10-07T13:19:48.940+0000] {logging_mixin.py:190} INFO - Append 2 dòng mới vào /opt/***/data/lake/CCC.csv
[2025-10-07T13:19:48.941+0000] {logging_mixin.py:190} INFO - ✅ Hoàn tất CCC, thêm 2 dòng mới.
[2025-10-07T13:19:50.941+0000] {logging_mixin.py:190} INFO - 🚦 Giới hạn API đạt mức tối đa, chờ 2.3s...
[2025-10-07T13:19:53.291+0000] {logging_mixin.py:190} INFO - ⬇️ Bắt đầu xử lý symbol = CCA
[2025-10-07T13:19:53.303+0000] {logging_mixin.py:190} INFO - ⚠️ Không đọc được file cũ CCA: 'date'
[2025-10-07T13:19:53.311+0000] {logging_mixin.py:190} INFO - CCA: trích dữ liệu từ 2025-10-04 đến 2025-10-07
[2025-10-07T13:19:53.556+0000] {logging_mixin.py:190} INFO - Trích xuất 2 dòng mới cho CCA
[2025-10-07T13:19:53.561+0000] {logging_mixin.py:190} INFO - Append 2 dòng mới vào /opt/***/data/lake/CCA.csv
[2025-10-07T13:19:53.562+0000] {logging_mixin.py:190} INFO - ✅ Hoàn tất CCA, thêm 2 dòng mới.
[2025-10-07T13:19:55.563+0000] {logging_mixin.py:190} INFO - 🚦 Giới hạn API đạt mức tối đa, chờ 3.3s...
[2025-10-07T13:19:58.714+0000] {logging_mixin.py:190} INFO - ⬇️ Bắt đầu xử lý symbol = CC4
[2025-10-07T13:19:58.721+0000] {logging_mixin.py:190} INFO - ⚠️ Không đọc được file cũ CC4: 'date'
[2025-10-07T13:19:58.727+0000] {logging_mixin.py:190} INFO - CC4: trích dữ liệu từ 2025-06-13 đến 2025-10-07
[2025-10-07T13:20:03.393+0000] {logging_mixin.py:190} INFO - Không tìm thấy dữ liệu cho CC4
[2025-10-07T13:20:03.395+0000] {logging_mixin.py:190} INFO - ℹ️ CC4: Không có dữ liệu mới.
[2025-10-07T13:20:03.396+0000] {logging_mixin.py:190} INFO - 🚦 Giới hạn API đạt mức tối đa, chờ 34.9s...
[2025-10-07T13:20:38.128+0000] {logging_mixin.py:190} INFO - ⬇️ Bắt đầu xử lý symbol = CC1
[2025-10-07T13:20:38.145+0000] {logging_mixin.py:190} INFO - ⚠️ Không đọc được file cũ CC1: 'date'
[2025-10-07T13:20:38.151+0000] {logging_mixin.py:190} INFO - CC1: trích dữ liệu từ 2025-10-04 đến 2025-10-07
[2025-10-07T13:20:38.336+0000] {logging_mixin.py:190} INFO - Trích xuất 2 dòng mới cho CC1
[2025-10-07T13:20:38.342+0000] {logging_mixin.py:190} INFO - Append 2 dòng mới vào /opt/***/data/lake/CC1.csv
[2025-10-07T13:20:38.343+0000] {logging_mixin.py:190} INFO - ✅ Hoàn tất CC1, thêm 2 dòng mới.
[2025-10-07T13:20:40.343+0000] {logging_mixin.py:190} INFO - 🚦 Giới hạn API đạt mức tối đa, chờ 3.8s...
[2025-10-07T13:20:44.153+0000] {logging_mixin.py:190} INFO - ⬇️ Bắt đầu xử lý symbol = CBS
[2025-10-07T13:20:44.162+0000] {logging_mixin.py:190} INFO - ⚠️ Không đọc được file cũ CBS: 'date'
[2025-10-07T13:20:44.169+0000] {logging_mixin.py:190} INFO - CBS: trích dữ liệu từ 2025-10-04 đến 2025-10-07
[2025-10-07T13:20:44.419+0000] {logging_mixin.py:190} INFO - Trích xuất 2 dòng mới cho CBS
[2025-10-07T13:20:44.426+0000] {logging_mixin.py:190} INFO - Append 2 dòng mới vào /opt/***/data/lake/CBS.csv
[2025-10-07T13:20:44.426+0000] {logging_mixin.py:190} INFO - ✅ Hoàn tất CBS, thêm 2 dòng mới.
[2025-10-07T13:20:46.427+0000] {logging_mixin.py:190} INFO - 🚦 Giới hạn API đạt mức tối đa, chờ 2.3s...
[2025-10-07T13:20:48.768+0000] {logging_mixin.py:190} INFO - ⬇️ Bắt đầu xử lý symbol = CBI
[2025-10-07T13:20:48.776+0000] {logging_mixin.py:190} INFO - ⚠️ Không đọc được file cũ CBI: 'date'
[2025-10-07T13:20:48.782+0000] {logging_mixin.py:190} INFO - CBI: trích dữ liệu từ 2025-10-04 đến 2025-10-07
[2025-10-07T13:20:48.956+0000] {logging_mixin.py:190} INFO - Trích xuất 1 dòng mới cho CBI
[2025-10-07T13:20:48.962+0000] {logging_mixin.py:190} INFO - Append 1 dòng mới vào /opt/***/data/lake/CBI.csv
[2025-10-07T13:20:48.962+0000] {logging_mixin.py:190} INFO - ✅ Hoàn tất CBI, thêm 1 dòng mới.
[2025-10-07T13:20:50.963+0000] {logging_mixin.py:190} INFO - 🚦 Giới hạn API đạt mức tối đa, chờ 2.3s...
[2025-10-07T13:20:53.292+0000] {logging_mixin.py:190} INFO - ⬇️ Bắt đầu xử lý symbol = CAV
[2025-10-07T13:20:53.300+0000] {logging_mixin.py:190} INFO - ⚠️ Không đọc được file cũ CAV: 'date'
[2025-10-07T13:20:53.306+0000] {logging_mixin.py:190} INFO - CAV: trích dữ liệu từ 2024-07-18 đến 2025-10-07
[2025-10-07T13:21:00.860+0000] {logging_mixin.py:190} INFO - Không tìm thấy dữ liệu cho CAV
[2025-10-07T13:21:00.861+0000] {logging_mixin.py:190} INFO - ℹ️ CAV: Không có dữ liệu mới.
[2025-10-07T13:21:00.861+0000] {logging_mixin.py:190} INFO - ⬇️ Bắt đầu xử lý symbol = CAT
[2025-10-07T13:21:00.875+0000] {logging_mixin.py:190} INFO - ⚠️ Không đọc được file cũ CAT: 'date'
[2025-10-07T13:21:00.882+0000] {logging_mixin.py:190} INFO - CAT: trích dữ liệu từ 2025-10-03 đến 2025-10-07
[2025-10-07T13:21:01.021+0000] {logging_mixin.py:190} INFO - Trích xuất 2 dòng mới cho CAT
[2025-10-07T13:21:01.028+0000] {logging_mixin.py:190} INFO - Append 2 dòng mới vào /opt/***/data/lake/CAT.csv
[2025-10-07T13:21:01.029+0000] {logging_mixin.py:190} INFO - ✅ Hoàn tất CAT, thêm 2 dòng mới.
[2025-10-07T13:21:03.029+0000] {logging_mixin.py:190} INFO - 🚦 Giới hạn API đạt mức tối đa, chờ 35.1s...
[2025-10-07T13:21:37.992+0000] {logging_mixin.py:190} INFO - ⬇️ Bắt đầu xử lý symbol = CAR
[2025-10-07T13:21:38.001+0000] {logging_mixin.py:190} INFO - ⚠️ Không đọc được file cũ CAR: 'date'
[2025-10-07T13:21:38.007+0000] {logging_mixin.py:190} INFO - CAR: trích dữ liệu từ 2025-08-27 đến 2025-10-07
[2025-10-07T13:21:42.613+0000] {logging_mixin.py:190} INFO - Không tìm thấy dữ liệu cho CAR
[2025-10-07T13:21:42.614+0000] {logging_mixin.py:190} INFO - ℹ️ CAR: Không có dữ liệu mới.
[2025-10-07T13:21:42.614+0000] {logging_mixin.py:190} INFO - 🚦 Giới hạn API đạt mức tối đa, chờ 1.5s...
[2025-10-07T13:21:44.154+0000] {logging_mixin.py:190} INFO - ⬇️ Bắt đầu xử lý symbol = CAP
[2025-10-07T13:21:44.163+0000] {logging_mixin.py:190} INFO - ⚠️ Không đọc được file cũ CAP: 'date'
[2025-10-07T13:21:44.171+0000] {logging_mixin.py:190} INFO - CAP: trích dữ liệu từ 2025-10-04 đến 2025-10-07
[2025-10-07T13:21:44.337+0000] {logging_mixin.py:190} INFO - Trích xuất 2 dòng mới cho CAP
[2025-10-07T13:21:44.343+0000] {logging_mixin.py:190} INFO - Append 2 dòng mới vào /opt/***/data/lake/CAP.csv
[2025-10-07T13:21:44.343+0000] {logging_mixin.py:190} INFO - ✅ Hoàn tất CAP, thêm 2 dòng mới.
[2025-10-07T13:21:46.344+0000] {logging_mixin.py:190} INFO - 🚦 Giới hạn API đạt mức tối đa, chờ 2.4s...
[2025-10-07T13:21:48.771+0000] {logging_mixin.py:190} INFO - ⬇️ Bắt đầu xử lý symbol = CAN
[2025-10-07T13:21:48.782+0000] {logging_mixin.py:190} INFO - ⚠️ Không đọc được file cũ CAN: 'date'
[2025-10-07T13:21:48.788+0000] {logging_mixin.py:190} INFO - CAN: trích dữ liệu từ 2025-10-04 đến 2025-10-07
[2025-10-07T13:21:53.485+0000] {logging_mixin.py:190} INFO - Không tìm thấy dữ liệu cho CAN
[2025-10-07T13:21:53.486+0000] {logging_mixin.py:190} INFO - ℹ️ CAN: Không có dữ liệu mới.
[2025-10-07T13:21:53.487+0000] {logging_mixin.py:190} INFO - ⬇️ Bắt đầu xử lý symbol = CAG
[2025-10-07T13:21:53.500+0000] {logging_mixin.py:190} INFO - ⚠️ Không đọc được file cũ CAG: 'date'
[2025-10-07T13:21:53.506+0000] {logging_mixin.py:190} INFO - CAG: trích dữ liệu từ 2025-10-04 đến 2025-10-07
[2025-10-07T13:21:53.656+0000] {logging_mixin.py:190} INFO - Trích xuất 2 dòng mới cho CAG
[2025-10-07T13:21:53.661+0000] {logging_mixin.py:190} INFO - Append 2 dòng mới vào /opt/***/data/lake/CAG.csv
[2025-10-07T13:21:53.662+0000] {logging_mixin.py:190} INFO - ✅ Hoàn tất CAG, thêm 2 dòng mới.
[2025-10-07T13:21:55.663+0000] {logging_mixin.py:190} INFO - 🚦 Giới hạn API đạt mức tối đa, chờ 5.2s...
[2025-10-07T13:22:00.721+0000] {logging_mixin.py:190} INFO - ⬇️ Bắt đầu xử lý symbol = CAD
[2025-10-07T13:22:00.729+0000] {logging_mixin.py:190} INFO - ⚠️ Không đọc được file cũ CAD: 'date'
[2025-10-07T13:22:00.735+0000] {logging_mixin.py:190} INFO - CAD: trích dữ liệu từ 2025-10-04 đến 2025-10-07
[2025-10-07T13:22:05.421+0000] {logging_mixin.py:190} INFO - Không tìm thấy dữ liệu cho CAD
[2025-10-07T13:22:05.424+0000] {logging_mixin.py:190} INFO - ℹ️ CAD: Không có dữ liệu mới.
[2025-10-07T13:22:05.425+0000] {logging_mixin.py:190} INFO - 🚦 Giới hạn API đạt mức tối đa, chờ 32.6s...
[2025-10-07T13:22:37.856+0000] {logging_mixin.py:190} INFO - ⬇️ Bắt đầu xử lý symbol = CAB
[2025-10-07T13:22:37.874+0000] {logging_mixin.py:190} INFO - ⚠️ Không đọc được file cũ CAB: 'date'
[2025-10-07T13:22:37.881+0000] {logging_mixin.py:190} INFO - CAB: trích dữ liệu từ 2024-12-31 đến 2025-10-07
[2025-10-07T13:22:42.531+0000] {logging_mixin.py:190} INFO - Không tìm thấy dữ liệu cho CAB
[2025-10-07T13:22:42.533+0000] {logging_mixin.py:190} INFO - ℹ️ CAB: Không có dữ liệu mới.
[2025-10-07T13:22:42.533+0000] {logging_mixin.py:190} INFO - 🚦 Giới hạn API đạt mức tối đa, chờ 1.6s...
[2025-10-07T13:22:44.155+0000] {logging_mixin.py:190} INFO - ⬇️ Bắt đầu xử lý symbol = C92
[2025-10-07T13:22:44.164+0000] {logging_mixin.py:190} INFO - ⚠️ Không đọc được file cũ C92: 'date'
[2025-10-07T13:22:44.171+0000] {logging_mixin.py:190} INFO - C92: trích dữ liệu từ 2025-10-04 đến 2025-10-07
[2025-10-07T13:22:44.324+0000] {logging_mixin.py:190} INFO - Trích xuất 2 dòng mới cho C92
[2025-10-07T13:22:44.332+0000] {logging_mixin.py:190} INFO - Append 2 dòng mới vào /opt/***/data/lake/C92.csv
[2025-10-07T13:22:44.332+0000] {logging_mixin.py:190} INFO - ✅ Hoàn tất C92, thêm 2 dòng mới.
[2025-10-07T13:22:46.334+0000] {logging_mixin.py:190} INFO - 🚦 Giới hạn API đạt mức tối đa, chờ 2.4s...
[2025-10-07T13:22:48.772+0000] {logging_mixin.py:190} INFO - ⬇️ Bắt đầu xử lý symbol = C69
[2025-10-07T13:22:48.787+0000] {logging_mixin.py:190} INFO - ⚠️ Không đọc được file cũ C69: 'date'
[2025-10-07T13:22:48.795+0000] {logging_mixin.py:190} INFO - C69: trích dữ liệu từ 2025-10-04 đến 2025-10-07
[2025-10-07T13:22:49.072+0000] {logging_mixin.py:190} INFO - Trích xuất 2 dòng mới cho C69
[2025-10-07T13:22:49.079+0000] {logging_mixin.py:190} INFO - Append 2 dòng mới vào /opt/***/data/lake/C69.csv
[2025-10-07T13:22:49.079+0000] {logging_mixin.py:190} INFO - ✅ Hoàn tất C69, thêm 2 dòng mới.
[2025-10-07T13:22:51.081+0000] {logging_mixin.py:190} INFO - 🚦 Giới hạn API đạt mức tối đa, chờ 2.4s...
[2025-10-07T13:22:53.488+0000] {logging_mixin.py:190} INFO - ⬇️ Bắt đầu xử lý symbol = C4G
[2025-10-07T13:22:53.497+0000] {logging_mixin.py:190} INFO - ⚠️ Không đọc được file cũ C4G: 'date'
[2025-10-07T13:22:53.505+0000] {logging_mixin.py:190} INFO - C4G: trích dữ liệu từ 2025-10-04 đến 2025-10-07
[2025-10-07T13:22:53.743+0000] {logging_mixin.py:190} INFO - Trích xuất 2 dòng mới cho C4G
[2025-10-07T13:22:53.749+0000] {logging_mixin.py:190} INFO - Append 2 dòng mới vào /opt/***/data/lake/C4G.csv
[2025-10-07T13:22:53.750+0000] {logging_mixin.py:190} INFO - ✅ Hoàn tất C4G, thêm 2 dòng mới.
[2025-10-07T13:22:55.750+0000] {logging_mixin.py:190} INFO - 🚦 Giới hạn API đạt mức tối đa, chờ 5.0s...
[2025-10-07T13:23:00.611+0000] {logging_mixin.py:190} INFO - ⬇️ Bắt đầu xử lý symbol = C47
[2025-10-07T13:23:00.619+0000] {logging_mixin.py:190} INFO - ⚠️ Không đọc được file cũ C47: 'date'
[2025-10-07T13:23:00.630+0000] {logging_mixin.py:190} INFO - C47: trích dữ liệu từ 2025-10-04 đến 2025-10-07
[2025-10-07T13:23:00.825+0000] {logging_mixin.py:190} INFO - Trích xuất 2 dòng mới cho C47
[2025-10-07T13:23:00.832+0000] {logging_mixin.py:190} INFO - Append 2 dòng mới vào /opt/***/data/lake/C47.csv
[2025-10-07T13:23:00.832+0000] {logging_mixin.py:190} INFO - ✅ Hoàn tất C47, thêm 2 dòng mới.
[2025-10-07T13:23:02.833+0000] {logging_mixin.py:190} INFO - 🚦 Giới hạn API đạt mức tối đa, chờ 35.0s...
[2025-10-07T13:23:37.753+0000] {logging_mixin.py:190} INFO - ⬇️ Bắt đầu xử lý symbol = C32
[2025-10-07T13:23:37.760+0000] {logging_mixin.py:190} INFO - ⚠️ Không đọc được file cũ C32: 'date'
[2025-10-07T13:23:37.766+0000] {logging_mixin.py:190} INFO - C32: trích dữ liệu từ 2025-10-04 đến 2025-10-07
[2025-10-07T13:23:37.992+0000] {logging_mixin.py:190} INFO - Trích xuất 2 dòng mới cho C32
[2025-10-07T13:23:37.999+0000] {logging_mixin.py:190} INFO - Append 2 dòng mới vào /opt/***/data/lake/C32.csv
[2025-10-07T13:23:37.999+0000] {logging_mixin.py:190} INFO - ✅ Hoàn tất C32, thêm 2 dòng mới.
[2025-10-07T13:23:40.000+0000] {logging_mixin.py:190} INFO - 🚦 Giới hạn API đạt mức tối đa, chờ 4.2s...
[2025-10-07T13:23:44.156+0000] {logging_mixin.py:190} INFO - ⬇️ Bắt đầu xử lý symbol = C22
[2025-10-07T13:23:44.165+0000] {logging_mixin.py:190} INFO - ⚠️ Không đọc được file cũ C22: 'date'
[2025-10-07T13:23:44.173+0000] {logging_mixin.py:190} INFO - C22: trích dữ liệu từ 2025-09-30 đến 2025-10-07
[2025-10-07T13:23:48.723+0000] {logging_mixin.py:190} INFO - Không tìm thấy dữ liệu cho C22
[2025-10-07T13:23:48.725+0000] {logging_mixin.py:190} INFO - ℹ️ C22: Không có dữ liệu mới.
[2025-10-07T13:23:48.725+0000] {logging_mixin.py:190} INFO - 🚦 Giới hạn API đạt mức tối đa, chờ 0.0s...
[2025-10-07T13:23:48.772+0000] {logging_mixin.py:190} INFO - ⬇️ Bắt đầu xử lý symbol = C21
[2025-10-07T13:23:48.797+0000] {logging_mixin.py:190} INFO - ⚠️ Không đọc được file cũ C21: 'date'
[2025-10-07T13:23:48.804+0000] {logging_mixin.py:190} INFO - C21: trích dữ liệu từ 2025-09-27 đến 2025-10-07
[2025-10-07T13:23:53.427+0000] {logging_mixin.py:190} INFO - Không tìm thấy dữ liệu cho C21
[2025-10-07T13:23:53.428+0000] {logging_mixin.py:190} INFO - ℹ️ C21: Không có dữ liệu mới.
[2025-10-07T13:23:53.429+0000] {logging_mixin.py:190} INFO - 🚦 Giới hạn API đạt mức tối đa, chờ 0.1s...
[2025-10-07T13:23:53.489+0000] {logging_mixin.py:190} INFO - ⬇️ Bắt đầu xử lý symbol = C12
[2025-10-07T13:23:53.496+0000] {logging_mixin.py:190} INFO - ⚠️ Không đọc được file cũ C12: 'date'
[2025-10-07T13:23:53.502+0000] {logging_mixin.py:190} INFO - C12: trích dữ liệu từ 2024-07-26 đến 2025-10-07
[2025-10-07T13:23:59.119+0000] {logging_mixin.py:190} INFO - Không tìm thấy dữ liệu cho C12
[2025-10-07T13:23:59.121+0000] {logging_mixin.py:190} INFO - ℹ️ C12: Không có dữ liệu mới.
[2025-10-07T13:23:59.122+0000] {logging_mixin.py:190} INFO - 🚦 Giới hạn API đạt mức tối đa, chờ 1.5s...
[2025-10-07T13:24:00.612+0000] {logging_mixin.py:190} INFO - ⬇️ Bắt đầu xử lý symbol = BXT
[2025-10-07T13:24:00.625+0000] {logging_mixin.py:190} INFO - BXT: trích dữ liệu từ 2020-01-01 đến 2025-10-07
[2025-10-07T13:24:05.225+0000] {logging_mixin.py:190} INFO - Không tìm thấy dữ liệu cho BXT
[2025-10-07T13:24:05.227+0000] {logging_mixin.py:190} INFO - ℹ️ BXT: Không có dữ liệu mới.
[2025-10-07T13:24:05.228+0000] {logging_mixin.py:190} INFO - 🚦 Giới hạn API đạt mức tối đa, chờ 32.5s...
[2025-10-07T13:24:37.598+0000] {logging_mixin.py:190} INFO - ⬇️ Bắt đầu xử lý symbol = BXH
[2025-10-07T13:24:37.607+0000] {logging_mixin.py:190} INFO - ⚠️ Không đọc được file cũ BXH: 'date'
[2025-10-07T13:24:37.613+0000] {logging_mixin.py:190} INFO - BXH: trích dữ liệu từ 2025-09-30 đến 2025-10-07
[2025-10-07T13:24:42.344+0000] {logging_mixin.py:190} INFO - Không tìm thấy dữ liệu cho BXH
[2025-10-07T13:24:42.346+0000] {logging_mixin.py:190} INFO - ℹ️ BXH: Không có dữ liệu mới.
[2025-10-07T13:24:42.346+0000] {logging_mixin.py:190} INFO - 🚦 Giới hạn API đạt mức tối đa, chờ 1.8s...
[2025-10-07T13:24:44.160+0000] {logging_mixin.py:190} INFO - ⬇️ Bắt đầu xử lý symbol = BWS
[2025-10-07T13:24:44.170+0000] {logging_mixin.py:190} INFO - ⚠️ Không đọc được file cũ BWS: 'date'
[2025-10-07T13:24:44.177+0000] {logging_mixin.py:190} INFO - BWS: trích dữ liệu từ 2025-10-04 đến 2025-10-07
[2025-10-07T13:24:44.382+0000] {logging_mixin.py:190} INFO - Trích xuất 2 dòng mới cho BWS
[2025-10-07T13:24:44.390+0000] {logging_mixin.py:190} INFO - Append 2 dòng mới vào /opt/***/data/lake/BWS.csv
[2025-10-07T13:24:44.390+0000] {logging_mixin.py:190} INFO - ✅ Hoàn tất BWS, thêm 2 dòng mới.
[2025-10-07T13:24:46.391+0000] {logging_mixin.py:190} INFO - 🚦 Giới hạn API đạt mức tối đa, chờ 2.4s...
[2025-10-07T13:24:48.773+0000] {logging_mixin.py:190} INFO - ⬇️ Bắt đầu xử lý symbol = BWE
[2025-10-07T13:24:48.786+0000] {logging_mixin.py:190} INFO - ⚠️ Không đọc được file cũ BWE: 'date'
[2025-10-07T13:24:48.796+0000] {logging_mixin.py:190} INFO - BWE: trích dữ liệu từ 2025-10-04 đến 2025-10-07
[2025-10-07T13:24:49.191+0000] {logging_mixin.py:190} INFO - Trích xuất 2 dòng mới cho BWE
[2025-10-07T13:24:49.203+0000] {logging_mixin.py:190} INFO - Append 2 dòng mới vào /opt/***/data/lake/BWE.csv
[2025-10-07T13:24:49.204+0000] {logging_mixin.py:190} INFO - ✅ Hoàn tất BWE, thêm 2 dòng mới.
[2025-10-07T13:24:51.204+0000] {logging_mixin.py:190} INFO - 🚦 Giới hạn API đạt mức tối đa, chờ 2.3s...
[2025-10-07T13:24:53.490+0000] {logging_mixin.py:190} INFO - ⬇️ Bắt đầu xử lý symbol = BWA
[2025-10-07T13:24:53.498+0000] {logging_mixin.py:190} INFO - ⚠️ Không đọc được file cũ BWA: 'date'
[2025-10-07T13:24:53.509+0000] {logging_mixin.py:190} INFO - BWA: trích dữ liệu từ 2025-09-04 đến 2025-10-07
[2025-10-07T13:24:57.918+0000] {logging_mixin.py:190} INFO - Không tìm thấy dữ liệu cho BWA
[2025-10-07T13:24:57.919+0000] {logging_mixin.py:190} INFO - ℹ️ BWA: Không có dữ liệu mới.
[2025-10-07T13:24:57.920+0000] {logging_mixin.py:190} INFO - 🚦 Giới hạn API đạt mức tối đa, chờ 2.7s...
[2025-10-07T13:25:00.612+0000] {logging_mixin.py:190} INFO - ⬇️ Bắt đầu xử lý symbol = BVS
[2025-10-07T13:25:00.621+0000] {logging_mixin.py:190} INFO - ⚠️ Không đọc được file cũ BVS: 'date'
[2025-10-07T13:25:00.628+0000] {logging_mixin.py:190} INFO - BVS: trích dữ liệu từ 2025-10-04 đến 2025-10-07
[2025-10-07T13:25:00.840+0000] {logging_mixin.py:190} INFO - Trích xuất 2 dòng mới cho BVS
[2025-10-07T13:25:00.846+0000] {logging_mixin.py:190} INFO - Append 2 dòng mới vào /opt/***/data/lake/BVS.csv
[2025-10-07T13:25:00.846+0000] {logging_mixin.py:190} INFO - ✅ Hoàn tất BVS, thêm 2 dòng mới.
[2025-10-07T13:25:02.847+0000] {logging_mixin.py:190} INFO - 🚦 Giới hạn API đạt mức tối đa, chờ 34.8s...
[2025-10-07T13:25:37.451+0000] {logging_mixin.py:190} INFO - ⬇️ Bắt đầu xử lý symbol = BVN
[2025-10-07T13:25:37.460+0000] {logging_mixin.py:190} INFO - ⚠️ Không đọc được file cũ BVN: 'date'
[2025-10-07T13:25:37.467+0000] {logging_mixin.py:190} INFO - BVN: trích dữ liệu từ 2025-10-03 đến 2025-10-07
[2025-10-07T13:25:37.682+0000] {logging_mixin.py:190} INFO - Trích xuất 1 dòng mới cho BVN
[2025-10-07T13:25:37.689+0000] {logging_mixin.py:190} INFO - Append 1 dòng mới vào /opt/***/data/lake/BVN.csv
[2025-10-07T13:25:37.689+0000] {logging_mixin.py:190} INFO - ✅ Hoàn tất BVN, thêm 1 dòng mới.
[2025-10-07T13:25:39.692+0000] {logging_mixin.py:190} INFO - 🚦 Giới hạn API đạt mức tối đa, chờ 4.5s...
[2025-10-07T13:25:44.161+0000] {logging_mixin.py:190} INFO - ⬇️ Bắt đầu xử lý symbol = BVL
[2025-10-07T13:25:44.168+0000] {logging_mixin.py:190} INFO - ⚠️ Không đọc được file cũ BVL: 'date'
[2025-10-07T13:25:44.175+0000] {logging_mixin.py:190} INFO - BVL: trích dữ liệu từ 2025-10-04 đến 2025-10-07
[2025-10-07T13:25:44.377+0000] {logging_mixin.py:190} INFO - Trích xuất 2 dòng mới cho BVL
[2025-10-07T13:25:44.384+0000] {logging_mixin.py:190} INFO - Append 2 dòng mới vào /opt/***/data/lake/BVL.csv
[2025-10-07T13:25:44.384+0000] {logging_mixin.py:190} INFO - ✅ Hoàn tất BVL, thêm 2 dòng mới.
[2025-10-07T13:25:46.386+0000] {logging_mixin.py:190} INFO - 🚦 Giới hạn API đạt mức tối đa, chờ 2.4s...
[2025-10-07T13:25:48.774+0000] {logging_mixin.py:190} INFO - ⬇️ Bắt đầu xử lý symbol = BVH
[2025-10-07T13:25:48.783+0000] {logging_mixin.py:190} INFO - ⚠️ Không đọc được file cũ BVH: 'date'
[2025-10-07T13:25:48.790+0000] {logging_mixin.py:190} INFO - BVH: trích dữ liệu từ 2025-10-04 đến 2025-10-07
[2025-10-07T13:25:49.004+0000] {logging_mixin.py:190} INFO - Trích xuất 2 dòng mới cho BVH
[2025-10-07T13:25:49.012+0000] {logging_mixin.py:190} INFO - Append 2 dòng mới vào /opt/***/data/lake/BVH.csv
[2025-10-07T13:25:49.013+0000] {logging_mixin.py:190} INFO - ✅ Hoàn tất BVH, thêm 2 dòng mới.
[2025-10-07T13:25:51.014+0000] {logging_mixin.py:190} INFO - 🚦 Giới hạn API đạt mức tối đa, chờ 2.5s...
[2025-10-07T13:25:53.491+0000] {logging_mixin.py:190} INFO - ⬇️ Bắt đầu xử lý symbol = BVG
[2025-10-07T13:25:53.574+0000] {logging_mixin.py:190} INFO - ⚠️ Không đọc được file cũ BVG: 'date'
[2025-10-07T13:25:53.587+0000] {logging_mixin.py:190} INFO - BVG: trích dữ liệu từ 2025-10-04 đến 2025-10-07
[2025-10-07T13:25:58.721+0000] {logging_mixin.py:190} INFO - Không tìm thấy dữ liệu cho BVG
[2025-10-07T13:25:58.722+0000] {logging_mixin.py:190} INFO - ℹ️ BVG: Không có dữ liệu mới.
[2025-10-07T13:25:58.723+0000] {logging_mixin.py:190} INFO - 🚦 Giới hạn API đạt mức tối đa, chờ 1.9s...
[2025-10-07T13:26:00.613+0000] {logging_mixin.py:190} INFO - ⬇️ Bắt đầu xử lý symbol = BVB
[2025-10-07T13:26:00.621+0000] {logging_mixin.py:190} INFO - ⚠️ Không đọc được file cũ BVB: 'date'
[2025-10-07T13:26:00.628+0000] {logging_mixin.py:190} INFO - BVB: trích dữ liệu từ 2025-10-04 đến 2025-10-07
[2025-10-07T13:26:00.771+0000] {logging_mixin.py:190} INFO - Trích xuất 2 dòng mới cho BVB
[2025-10-07T13:26:00.778+0000] {logging_mixin.py:190} INFO - Append 2 dòng mới vào /opt/***/data/lake/BVB.csv
[2025-10-07T13:26:00.778+0000] {logging_mixin.py:190} INFO - ✅ Hoàn tất BVB, thêm 2 dòng mới.
[2025-10-07T13:26:02.779+0000] {python.py:240} INFO - Done. Returned value was: None
[2025-10-07T13:26:02.791+0000] {taskinstance.py:341} INFO - ::group::Post task execution logs
[2025-10-07T13:26:02.791+0000] {taskinstance.py:353} INFO - Marking task as SUCCESS. dag_id=vnstock_weekly_etl_incremental, task_id=process_batch, run_id=manual__2025-10-07T10:43:54.222487+00:00, map_index=30, execution_date=20251007T104354, start_date=20251007T131638, end_date=20251007T132602
[2025-10-07T13:26:02.846+0000] {local_task_job_runner.py:266} INFO - Task exited with return code 0
[2025-10-07T13:26:03.015+0000] {taskinstance.py:3901} INFO - 0 downstream tasks scheduled from follow-on schedule check
[2025-10-07T13:26:03.020+0000] {local_task_job_runner.py:245} INFO - ::endgroup::
