[2025-10-07T15:09:40.473+0000] {local_task_job_runner.py:123} INFO - ::group::Pre task execution logs
[2025-10-07T15:09:40.492+0000] {taskinstance.py:2614} INFO - Dependencies all met for dep_context=non-requeueable deps ti=<TaskInstance: vnstock_weekly_etl_incremental.process_batch manual__2025-10-07T10:44:44.201464+00:00 map_index=11 [queued]>
[2025-10-07T15:09:40.502+0000] {taskinstance.py:2614} INFO - Dependencies all met for dep_context=requeueable deps ti=<TaskInstance: vnstock_weekly_etl_incremental.process_batch manual__2025-10-07T10:44:44.201464+00:00 map_index=11 [queued]>
[2025-10-07T15:09:40.502+0000] {taskinstance.py:2867} INFO - Starting attempt 2 of 3
[2025-10-07T15:09:40.514+0000] {taskinstance.py:2890} INFO - Executing <Mapped(_PythonDecoratedOperator): process_batch> on 2025-10-07 10:44:44.201464+00:00
[2025-10-07T15:09:40.524+0000] {logging_mixin.py:190} WARNING - /home/***/.local/lib/python3.12/site-packages/***/task/task_runner/standard_task_runner.py:70 DeprecationWarning: This process (pid=21611) is multi-threaded, use of fork() may lead to deadlocks in the child.
[2025-10-07T15:09:40.525+0000] {standard_task_runner.py:72} INFO - Started process 21633 to run task
[2025-10-07T15:09:40.525+0000] {standard_task_runner.py:104} INFO - Running: ['***', 'tasks', 'run', 'vnstock_weekly_etl_incremental', 'process_batch', 'manual__2025-10-07T10:44:44.201464+00:00', '--job-id', '213', '--raw', '--subdir', 'DAGS_FOLDER/dag.py', '--cfg-path', '/tmp/tmpy37svn9r', '--map-index', '11']
[2025-10-07T15:09:40.527+0000] {standard_task_runner.py:105} INFO - Job 213: Subtask process_batch
[2025-10-07T15:09:40.540+0000] {logging_mixin.py:190} WARNING - /home/***/.local/lib/python3.12/site-packages/***/settings.py:209 DeprecationWarning: The sql_alchemy_conn option in [core] has been moved to the sql_alchemy_conn option in [database] - the old setting has been used, but please update your config.
[2025-10-07T15:09:40.581+0000] {task_command.py:467} INFO - Running <TaskInstance: vnstock_weekly_etl_incremental.process_batch manual__2025-10-07T10:44:44.201464+00:00 map_index=11 [running]> on host e3278e0f0bbc
[2025-10-07T15:09:40.821+0000] {taskinstance.py:3134} INFO - Exporting env vars: AIRFLOW_CTX_DAG_OWNER='***' AIRFLOW_CTX_DAG_ID='vnstock_weekly_etl_incremental' AIRFLOW_CTX_TASK_ID='process_batch' AIRFLOW_CTX_EXECUTION_DATE='2025-10-07T10:44:44.201464+00:00' AIRFLOW_CTX_TRY_NUMBER='2' AIRFLOW_CTX_DAG_RUN_ID='manual__2025-10-07T10:44:44.201464+00:00'
[2025-10-07T15:09:40.822+0000] {taskinstance.py:732} INFO - ::endgroup::
[2025-10-07T15:09:40.824+0000] {logging_mixin.py:190} INFO - ⬇️ Bắt đầu xử lý symbol = S72
[2025-10-07T15:09:40.834+0000] {logging_mixin.py:190} INFO - ⚠️ Không đọc được file cũ S72: 'date'
[2025-10-07T15:09:40.843+0000] {logging_mixin.py:190} INFO - S72: trích dữ liệu từ 2025-09-18 đến 2025-10-07
[2025-10-07T15:09:45.931+0000] {logging_mixin.py:190} INFO - Không tìm thấy dữ liệu cho S72
[2025-10-07T15:09:45.933+0000] {logging_mixin.py:190} INFO - S72: Không có dữ liệu mới.
[2025-10-07T15:09:45.933+0000] {logging_mixin.py:190} INFO - ⬇️ Bắt đầu xử lý symbol = S55
[2025-10-07T15:09:45.940+0000] {logging_mixin.py:190} INFO - ⚠️ Không đọc được file cũ S55: 'date'
[2025-10-07T15:09:45.948+0000] {logging_mixin.py:190} INFO - S55: trích dữ liệu từ 2025-10-04 đến 2025-10-07
[2025-10-07T15:09:50.525+0000] {logging_mixin.py:190} INFO - Không tìm thấy dữ liệu cho S55
[2025-10-07T15:09:50.526+0000] {logging_mixin.py:190} INFO - S55: Không có dữ liệu mới.
[2025-10-07T15:09:50.527+0000] {logging_mixin.py:190} INFO - ⬇️ Bắt đầu xử lý symbol = S4A
[2025-10-07T15:09:50.535+0000] {logging_mixin.py:190} INFO - ⚠️ Không đọc được file cũ S4A: 'date'
[2025-10-07T15:09:50.542+0000] {logging_mixin.py:190} INFO - S4A: trích dữ liệu từ 2025-10-08 đến 2025-10-07
[2025-10-07T15:09:55.055+0000] {logging_mixin.py:190} INFO - Không tìm thấy dữ liệu cho S4A
[2025-10-07T15:09:55.057+0000] {logging_mixin.py:190} INFO - S4A: Không có dữ liệu mới.
[2025-10-07T15:09:55.058+0000] {logging_mixin.py:190} INFO - ⬇️ Bắt đầu xử lý symbol = S27
[2025-10-07T15:09:55.066+0000] {logging_mixin.py:190} INFO - ⚠️ Không đọc được file cũ S27: 'date'
[2025-10-07T15:09:55.072+0000] {logging_mixin.py:190} INFO - S27: trích dữ liệu từ 2024-07-26 đến 2025-10-07
[2025-10-07T15:09:59.762+0000] {logging_mixin.py:190} INFO - Không tìm thấy dữ liệu cho S27
[2025-10-07T15:09:59.763+0000] {logging_mixin.py:190} INFO - S27: Không có dữ liệu mới.
[2025-10-07T15:09:59.763+0000] {logging_mixin.py:190} INFO - ⬇️ Bắt đầu xử lý symbol = S12
[2025-10-07T15:09:59.769+0000] {logging_mixin.py:190} INFO - ⚠️ Không đọc được file cũ S12: 'date'
[2025-10-07T15:09:59.775+0000] {logging_mixin.py:190} INFO - S12: trích dữ liệu từ 2025-10-04 đến 2025-10-07
[2025-10-07T15:10:04.995+0000] {logging_mixin.py:190} INFO - Không tìm thấy dữ liệu cho S12
[2025-10-07T15:10:04.997+0000] {logging_mixin.py:190} INFO - S12: Không có dữ liệu mới.
[2025-10-07T15:10:04.997+0000] {logging_mixin.py:190} INFO - 🚦 Giới hạn API đạt mức tối đa, chờ 35.8s...
[2025-10-07T15:10:40.829+0000] {logging_mixin.py:190} INFO - ⬇️ Bắt đầu xử lý symbol = RYG
[2025-10-07T15:10:40.835+0000] {logging_mixin.py:190} INFO - ⚠️ Không đọc được file cũ RYG: 'date'
[2025-10-07T15:10:40.840+0000] {logging_mixin.py:190} INFO - RYG: trích dữ liệu từ 2025-10-08 đến 2025-10-07
[2025-10-07T15:10:45.297+0000] {logging_mixin.py:190} INFO - Không tìm thấy dữ liệu cho RYG
[2025-10-07T15:10:45.302+0000] {logging_mixin.py:190} INFO - RYG: Không có dữ liệu mới.
[2025-10-07T15:10:45.303+0000] {logging_mixin.py:190} INFO - 🚦 Giới hạn API đạt mức tối đa, chờ 0.6s...
[2025-10-07T15:10:45.934+0000] {logging_mixin.py:190} INFO - ⬇️ Bắt đầu xử lý symbol = RTB
[2025-10-07T15:10:45.943+0000] {logging_mixin.py:190} INFO - ⚠️ Không đọc được file cũ RTB: 'date'
[2025-10-07T15:10:45.953+0000] {logging_mixin.py:190} INFO - RTB: trích dữ liệu từ 2025-10-08 đến 2025-10-07
[2025-10-07T15:10:50.429+0000] {logging_mixin.py:190} INFO - Không tìm thấy dữ liệu cho RTB
[2025-10-07T15:10:50.430+0000] {logging_mixin.py:190} INFO - RTB: Không có dữ liệu mới.
[2025-10-07T15:10:50.431+0000] {logging_mixin.py:190} INFO - 🚦 Giới hạn API đạt mức tối đa, chờ 0.1s...
[2025-10-07T15:10:50.528+0000] {logging_mixin.py:190} INFO - ⬇️ Bắt đầu xử lý symbol = ROS
[2025-10-07T15:10:50.535+0000] {logging_mixin.py:190} INFO - ⚠️ Không đọc được file cũ ROS: 'date'
[2025-10-07T15:10:50.540+0000] {logging_mixin.py:190} INFO - ROS: trích dữ liệu từ 2022-08-12 đến 2025-10-07
[2025-10-07T15:10:55.021+0000] {logging_mixin.py:190} INFO - Không tìm thấy dữ liệu cho ROS
[2025-10-07T15:10:55.023+0000] {logging_mixin.py:190} INFO - ROS: Không có dữ liệu mới.
[2025-10-07T15:10:55.023+0000] {logging_mixin.py:190} INFO - 🚦 Giới hạn API đạt mức tối đa, chờ 0.0s...
[2025-10-07T15:10:55.059+0000] {logging_mixin.py:190} INFO - ⬇️ Bắt đầu xử lý symbol = RIC
[2025-10-07T15:10:55.064+0000] {logging_mixin.py:190} INFO - ⚠️ Không đọc được file cũ RIC: 'date'
[2025-10-07T15:10:55.071+0000] {logging_mixin.py:190} INFO - RIC: trích dữ liệu từ 2025-10-08 đến 2025-10-07
[2025-10-07T15:10:59.911+0000] {logging_mixin.py:190} INFO - Không tìm thấy dữ liệu cho RIC
[2025-10-07T15:10:59.912+0000] {logging_mixin.py:190} INFO - RIC: Không có dữ liệu mới.
[2025-10-07T15:10:59.913+0000] {logging_mixin.py:190} INFO - ⬇️ Bắt đầu xử lý symbol = RGC
[2025-10-07T15:10:59.919+0000] {logging_mixin.py:190} INFO - ⚠️ Không đọc được file cũ RGC: 'date'
[2025-10-07T15:10:59.924+0000] {logging_mixin.py:190} INFO - RGC: trích dữ liệu từ 2024-01-12 đến 2025-10-07
[2025-10-07T15:11:05.464+0000] {logging_mixin.py:190} INFO - Không tìm thấy dữ liệu cho RGC
[2025-10-07T15:11:05.466+0000] {logging_mixin.py:190} INFO - RGC: Không có dữ liệu mới.
[2025-10-07T15:11:05.467+0000] {logging_mixin.py:190} INFO - 🚦 Giới hạn API đạt mức tối đa, chờ 35.4s...
[2025-10-07T15:11:40.831+0000] {logging_mixin.py:190} INFO - ⬇️ Bắt đầu xử lý symbol = REE
[2025-10-07T15:11:40.838+0000] {logging_mixin.py:190} INFO - ⚠️ Không đọc được file cũ REE: 'date'
[2025-10-07T15:11:40.847+0000] {logging_mixin.py:190} INFO - REE: trích dữ liệu từ 2025-10-08 đến 2025-10-07
[2025-10-07T15:11:45.455+0000] {logging_mixin.py:190} INFO - Không tìm thấy dữ liệu cho REE
[2025-10-07T15:11:45.456+0000] {logging_mixin.py:190} INFO - REE: Không có dữ liệu mới.
[2025-10-07T15:11:45.457+0000] {logging_mixin.py:190} INFO - 🚦 Giới hạn API đạt mức tối đa, chờ 0.5s...
[2025-10-07T15:11:45.934+0000] {logging_mixin.py:190} INFO - ⬇️ Bắt đầu xử lý symbol = RDP
[2025-10-07T15:11:45.943+0000] {logging_mixin.py:190} INFO - ⚠️ Không đọc được file cũ RDP: 'date'
[2025-10-07T15:11:45.952+0000] {logging_mixin.py:190} INFO - RDP: trích dữ liệu từ 2024-11-28 đến 2025-10-07
[2025-10-07T15:11:50.434+0000] {logging_mixin.py:190} INFO - Không tìm thấy dữ liệu cho RDP
[2025-10-07T15:11:50.435+0000] {logging_mixin.py:190} INFO - RDP: Không có dữ liệu mới.
[2025-10-07T15:11:50.436+0000] {logging_mixin.py:190} INFO - 🚦 Giới hạn API đạt mức tối đa, chờ 0.1s...
[2025-10-07T15:11:50.529+0000] {logging_mixin.py:190} INFO - ⬇️ Bắt đầu xử lý symbol = RCL
[2025-10-07T15:11:50.536+0000] {logging_mixin.py:190} INFO - ⚠️ Không đọc được file cũ RCL: 'date'
[2025-10-07T15:11:50.543+0000] {logging_mixin.py:190} INFO - RCL: trích dữ liệu từ 2025-10-08 đến 2025-10-07
[2025-10-07T15:11:54.991+0000] {logging_mixin.py:190} INFO - Không tìm thấy dữ liệu cho RCL
[2025-10-07T15:11:54.993+0000] {logging_mixin.py:190} INFO - RCL: Không có dữ liệu mới.
[2025-10-07T15:11:54.993+0000] {logging_mixin.py:190} INFO - 🚦 Giới hạn API đạt mức tối đa, chờ 0.1s...
[2025-10-07T15:11:55.059+0000] {logging_mixin.py:190} INFO - ⬇️ Bắt đầu xử lý symbol = RCD
[2025-10-07T15:11:55.067+0000] {logging_mixin.py:190} INFO - ⚠️ Không đọc được file cũ RCD: 'date'
[2025-10-07T15:11:55.074+0000] {logging_mixin.py:190} INFO - RCD: trích dữ liệu từ 2025-10-04 đến 2025-10-07
[2025-10-07T15:11:59.587+0000] {logging_mixin.py:190} INFO - Không tìm thấy dữ liệu cho RCD
[2025-10-07T15:11:59.588+0000] {logging_mixin.py:190} INFO - RCD: Không có dữ liệu mới.
[2025-10-07T15:11:59.589+0000] {logging_mixin.py:190} INFO - 🚦 Giới hạn API đạt mức tối đa, chờ 0.3s...
[2025-10-07T15:11:59.913+0000] {logging_mixin.py:190} INFO - ⬇️ Bắt đầu xử lý symbol = RCC
[2025-10-07T15:11:59.921+0000] {logging_mixin.py:190} INFO - ⚠️ Không đọc được file cũ RCC: 'date'
[2025-10-07T15:11:59.930+0000] {logging_mixin.py:190} INFO - RCC: trích dữ liệu từ 2025-09-30 đến 2025-10-07
[2025-10-07T15:12:04.496+0000] {logging_mixin.py:190} INFO - Không tìm thấy dữ liệu cho RCC
[2025-10-07T15:12:04.497+0000] {logging_mixin.py:190} INFO - RCC: Không có dữ liệu mới.
[2025-10-07T15:12:04.498+0000] {logging_mixin.py:190} INFO - 🚦 Giới hạn API đạt mức tối đa, chờ 36.3s...
[2025-10-07T15:12:40.822+0000] {logging_mixin.py:190} INFO - ⬇️ Bắt đầu xử lý symbol = RBC
[2025-10-07T15:12:40.829+0000] {logging_mixin.py:190} INFO - ⚠️ Không đọc được file cũ RBC: 'date'
[2025-10-07T15:12:40.836+0000] {logging_mixin.py:190} INFO - RBC: trích dữ liệu từ 2025-10-01 đến 2025-10-07
[2025-10-07T15:12:45.297+0000] {logging_mixin.py:190} INFO - Không tìm thấy dữ liệu cho RBC
[2025-10-07T15:12:45.298+0000] {logging_mixin.py:190} INFO - RBC: Không có dữ liệu mới.
[2025-10-07T15:12:45.299+0000] {logging_mixin.py:190} INFO - 🚦 Giới hạn API đạt mức tối đa, chờ 0.6s...
[2025-10-07T15:12:45.936+0000] {logging_mixin.py:190} INFO - ⬇️ Bắt đầu xử lý symbol = RAT
[2025-10-07T15:12:45.942+0000] {logging_mixin.py:190} INFO - ⚠️ Không đọc được file cũ RAT: 'date'
[2025-10-07T15:12:45.950+0000] {logging_mixin.py:190} INFO - RAT: trích dữ liệu từ 2025-08-29 đến 2025-10-07
[2025-10-07T15:12:51.318+0000] {logging_mixin.py:190} INFO - Không tìm thấy dữ liệu cho RAT
[2025-10-07T15:12:51.320+0000] {logging_mixin.py:190} INFO - RAT: Không có dữ liệu mới.
[2025-10-07T15:12:51.321+0000] {logging_mixin.py:190} INFO - ⬇️ Bắt đầu xử lý symbol = RAL
[2025-10-07T15:12:51.329+0000] {logging_mixin.py:190} INFO - ⚠️ Không đọc được file cũ RAL: 'date'
[2025-10-07T15:12:51.337+0000] {logging_mixin.py:190} INFO - RAL: trích dữ liệu từ 2025-10-08 đến 2025-10-07
[2025-10-07T15:12:55.993+0000] {logging_mixin.py:190} INFO - Không tìm thấy dữ liệu cho RAL
[2025-10-07T15:12:55.995+0000] {logging_mixin.py:190} INFO - RAL: Không có dữ liệu mới.
[2025-10-07T15:12:55.995+0000] {logging_mixin.py:190} INFO - ⬇️ Bắt đầu xử lý symbol = QTP
[2025-10-07T15:12:56.002+0000] {logging_mixin.py:190} INFO - ⚠️ Không đọc được file cũ QTP: 'date'
[2025-10-07T15:12:56.010+0000] {logging_mixin.py:190} INFO - QTP: trích dữ liệu từ 2025-10-08 đến 2025-10-07
[2025-10-07T15:13:00.471+0000] {logging_mixin.py:190} INFO - Không tìm thấy dữ liệu cho QTP
[2025-10-07T15:13:00.472+0000] {logging_mixin.py:190} INFO - QTP: Không có dữ liệu mới.
[2025-10-07T15:13:00.473+0000] {logging_mixin.py:190} INFO - ⬇️ Bắt đầu xử lý symbol = QTC
[2025-10-07T15:13:00.479+0000] {logging_mixin.py:190} INFO - ⚠️ Không đọc được file cũ QTC: 'date'
[2025-10-07T15:13:00.487+0000] {logging_mixin.py:190} INFO - QTC: trích dữ liệu từ 2025-10-07 đến 2025-10-07
[2025-10-07T15:13:04.882+0000] {logging_mixin.py:190} INFO - Không tìm thấy dữ liệu cho QTC
[2025-10-07T15:13:04.884+0000] {logging_mixin.py:190} INFO - QTC: Không có dữ liệu mới.
[2025-10-07T15:13:04.884+0000] {logging_mixin.py:190} INFO - 🚦 Giới hạn API đạt mức tối đa, chờ 35.9s...
[2025-10-07T15:13:40.822+0000] {logging_mixin.py:190} INFO - ⬇️ Bắt đầu xử lý symbol = QST
[2025-10-07T15:13:40.830+0000] {logging_mixin.py:190} INFO - ⚠️ Không đọc được file cũ QST: 'date'
[2025-10-07T15:13:40.836+0000] {logging_mixin.py:190} INFO - QST: trích dữ liệu từ 2025-10-08 đến 2025-10-07
[2025-10-07T15:13:46.170+0000] {logging_mixin.py:190} INFO - Không tìm thấy dữ liệu cho QST
[2025-10-07T15:13:46.171+0000] {logging_mixin.py:190} INFO - QST: Không có dữ liệu mới.
[2025-10-07T15:13:46.172+0000] {logging_mixin.py:190} INFO - ⬇️ Bắt đầu xử lý symbol = QSP
[2025-10-07T15:13:46.179+0000] {logging_mixin.py:190} INFO - ⚠️ Không đọc được file cũ QSP: 'date'
[2025-10-07T15:13:46.185+0000] {logging_mixin.py:190} INFO - QSP: trích dữ liệu từ 2025-10-07 đến 2025-10-07
[2025-10-07T15:13:50.682+0000] {logging_mixin.py:190} INFO - Không tìm thấy dữ liệu cho QSP
[2025-10-07T15:13:50.683+0000] {logging_mixin.py:190} INFO - QSP: Không có dữ liệu mới.
[2025-10-07T15:13:50.683+0000] {logging_mixin.py:190} INFO - 🚦 Giới hạn API đạt mức tối đa, chờ 0.6s...
[2025-10-07T15:13:51.322+0000] {logging_mixin.py:190} INFO - ⬇️ Bắt đầu xử lý symbol = QPH
[2025-10-07T15:13:51.332+0000] {logging_mixin.py:190} INFO - ⚠️ Không đọc được file cũ QPH: 'date'
[2025-10-07T15:13:51.345+0000] {logging_mixin.py:190} INFO - QPH: trích dữ liệu từ 2025-10-08 đến 2025-10-07
[2025-10-07T15:13:55.959+0000] {logging_mixin.py:190} INFO - Không tìm thấy dữ liệu cho QPH
[2025-10-07T15:13:55.961+0000] {logging_mixin.py:190} INFO - QPH: Không có dữ liệu mới.
[2025-10-07T15:13:55.961+0000] {logging_mixin.py:190} INFO - 🚦 Giới hạn API đạt mức tối đa, chờ 0.0s...
[2025-10-07T15:13:55.996+0000] {logging_mixin.py:190} INFO - ⬇️ Bắt đầu xử lý symbol = QNW
[2025-10-07T15:13:56.002+0000] {logging_mixin.py:190} INFO - ⚠️ Không đọc được file cũ QNW: 'date'
[2025-10-07T15:13:56.009+0000] {logging_mixin.py:190} INFO - QNW: trích dữ liệu từ 2025-09-18 đến 2025-10-07
[2025-10-07T15:14:00.722+0000] {logging_mixin.py:190} INFO - Không tìm thấy dữ liệu cho QNW
[2025-10-07T15:14:00.724+0000] {logging_mixin.py:190} INFO - QNW: Không có dữ liệu mới.
[2025-10-07T15:14:00.725+0000] {logging_mixin.py:190} INFO - ⬇️ Bắt đầu xử lý symbol = QNU
[2025-10-07T15:14:00.732+0000] {logging_mixin.py:190} INFO - ⚠️ Không đọc được file cũ QNU: 'date'
[2025-10-07T15:14:00.741+0000] {logging_mixin.py:190} INFO - QNU: trích dữ liệu từ 2025-08-12 đến 2025-10-07
[2025-10-07T15:14:05.267+0000] {logging_mixin.py:190} INFO - Không tìm thấy dữ liệu cho QNU
[2025-10-07T15:14:05.268+0000] {logging_mixin.py:190} INFO - QNU: Không có dữ liệu mới.
[2025-10-07T15:14:05.269+0000] {logging_mixin.py:190} INFO - 🚦 Giới hạn API đạt mức tối đa, chờ 35.6s...
[2025-10-07T15:14:40.826+0000] {logging_mixin.py:190} INFO - ⬇️ Bắt đầu xử lý symbol = QNT
[2025-10-07T15:14:40.835+0000] {logging_mixin.py:190} INFO - ⚠️ Không đọc được file cũ QNT: 'date'
[2025-10-07T15:14:40.844+0000] {logging_mixin.py:190} INFO - QNT: trích dữ liệu từ 2025-08-14 đến 2025-10-07
[2025-10-07T15:14:47.428+0000] {logging_mixin.py:190} INFO - Không tìm thấy dữ liệu cho QNT
[2025-10-07T15:14:47.429+0000] {logging_mixin.py:190} INFO - QNT: Không có dữ liệu mới.
[2025-10-07T15:14:47.430+0000] {logging_mixin.py:190} INFO - ⬇️ Bắt đầu xử lý symbol = QNS
[2025-10-07T15:14:47.436+0000] {logging_mixin.py:190} INFO - ⚠️ Không đọc được file cũ QNS: 'date'
[2025-10-07T15:14:47.442+0000] {logging_mixin.py:190} INFO - QNS: trích dữ liệu từ 2025-10-08 đến 2025-10-07
[2025-10-07T15:14:52.880+0000] {logging_mixin.py:190} INFO - Không tìm thấy dữ liệu cho QNS
[2025-10-07T15:14:52.881+0000] {logging_mixin.py:190} INFO - QNS: Không có dữ liệu mới.
[2025-10-07T15:14:52.881+0000] {logging_mixin.py:190} INFO - ⬇️ Bắt đầu xử lý symbol = QNP
[2025-10-07T15:14:52.897+0000] {logging_mixin.py:190} INFO - ⚠️ Không đọc được file cũ QNP: 'date'
[2025-10-07T15:14:52.903+0000] {logging_mixin.py:190} INFO - QNP: trích dữ liệu từ 2025-10-08 đến 2025-10-07
[2025-10-07T15:14:58.472+0000] {logging_mixin.py:190} INFO - Không tìm thấy dữ liệu cho QNP
[2025-10-07T15:14:58.474+0000] {logging_mixin.py:190} INFO - QNP: Không có dữ liệu mới.
[2025-10-07T15:14:58.474+0000] {logging_mixin.py:190} INFO - ⬇️ Bắt đầu xử lý symbol = QNC
[2025-10-07T15:14:58.489+0000] {logging_mixin.py:190} INFO - ⚠️ Không đọc được file cũ QNC: 'date'
[2025-10-07T15:14:58.495+0000] {logging_mixin.py:190} INFO - QNC: trích dữ liệu từ 2025-10-08 đến 2025-10-07
[2025-10-07T15:15:03.069+0000] {logging_mixin.py:190} INFO - Không tìm thấy dữ liệu cho QNC
[2025-10-07T15:15:03.070+0000] {logging_mixin.py:190} INFO - QNC: Không có dữ liệu mới.
[2025-10-07T15:15:03.070+0000] {logging_mixin.py:190} INFO - ⬇️ Bắt đầu xử lý symbol = QLT
[2025-10-07T15:15:03.092+0000] {logging_mixin.py:190} INFO - ⚠️ Không đọc được file cũ QLT: 'date'
[2025-10-07T15:15:03.099+0000] {logging_mixin.py:190} INFO - QLT: trích dữ liệu từ 2022-12-27 đến 2025-10-07
[2025-10-07T15:15:07.574+0000] {logging_mixin.py:190} INFO - Không tìm thấy dữ liệu cho QLT
[2025-10-07T15:15:07.576+0000] {logging_mixin.py:190} INFO - QLT: Không có dữ liệu mới.
[2025-10-07T15:15:07.576+0000] {logging_mixin.py:190} INFO - 🚦 Giới hạn API đạt mức tối đa, chờ 33.2s...
[2025-10-07T15:15:40.831+0000] {logging_mixin.py:190} INFO - ⬇️ Bắt đầu xử lý symbol = QLD
[2025-10-07T15:15:40.859+0000] {logging_mixin.py:190} INFO - ⚠️ Không đọc được file cũ QLD: 'date'
[2025-10-07T15:15:40.866+0000] {logging_mixin.py:190} INFO - QLD: trích dữ liệu từ 2022-07-29 đến 2025-10-07
[2025-10-07T15:15:45.378+0000] {logging_mixin.py:190} INFO - Không tìm thấy dữ liệu cho QLD
[2025-10-07T15:15:45.379+0000] {logging_mixin.py:190} INFO - QLD: Không có dữ liệu mới.
[2025-10-07T15:15:45.380+0000] {logging_mixin.py:190} INFO - 🚦 Giới hạn API đạt mức tối đa, chờ 2.0s...
[2025-10-07T15:15:47.431+0000] {logging_mixin.py:190} INFO - ⬇️ Bắt đầu xử lý symbol = QHW
[2025-10-07T15:15:47.450+0000] {logging_mixin.py:190} INFO - ⚠️ Không đọc được file cũ QHW: 'date'
[2025-10-07T15:15:47.457+0000] {logging_mixin.py:190} INFO - QHW: trích dữ liệu từ 2025-10-07 đến 2025-10-07
[2025-10-07T15:15:52.216+0000] {logging_mixin.py:190} INFO - Không tìm thấy dữ liệu cho QHW
[2025-10-07T15:15:52.217+0000] {logging_mixin.py:190} INFO - QHW: Không có dữ liệu mới.
[2025-10-07T15:15:52.217+0000] {logging_mixin.py:190} INFO - 🚦 Giới hạn API đạt mức tối đa, chờ 0.7s...
[2025-10-07T15:15:52.882+0000] {logging_mixin.py:190} INFO - ⬇️ Bắt đầu xử lý symbol = QHD
[2025-10-07T15:15:52.901+0000] {logging_mixin.py:190} INFO - ⚠️ Không đọc được file cũ QHD: 'date'
[2025-10-07T15:15:52.908+0000] {logging_mixin.py:190} INFO - QHD: trích dữ liệu từ 2025-09-09 đến 2025-10-07
[2025-10-07T15:15:57.417+0000] {logging_mixin.py:190} INFO - Không tìm thấy dữ liệu cho QHD
[2025-10-07T15:15:57.418+0000] {logging_mixin.py:190} INFO - QHD: Không có dữ liệu mới.
[2025-10-07T15:15:57.419+0000] {logging_mixin.py:190} INFO - 🚦 Giới hạn API đạt mức tối đa, chờ 1.1s...
[2025-10-07T15:15:58.475+0000] {logging_mixin.py:190} INFO - ⬇️ Bắt đầu xử lý symbol = QCG
[2025-10-07T15:15:58.494+0000] {logging_mixin.py:190} INFO - ⚠️ Không đọc được file cũ QCG: 'date'
[2025-10-07T15:15:58.501+0000] {logging_mixin.py:190} INFO - QCG: trích dữ liệu từ 2025-10-08 đến 2025-10-07
[2025-10-07T15:16:03.004+0000] {logging_mixin.py:190} INFO - Không tìm thấy dữ liệu cho QCG
[2025-10-07T15:16:03.006+0000] {logging_mixin.py:190} INFO - QCG: Không có dữ liệu mới.
[2025-10-07T15:16:03.007+0000] {logging_mixin.py:190} INFO - 🚦 Giới hạn API đạt mức tối đa, chờ 0.1s...
[2025-10-07T15:16:03.072+0000] {logging_mixin.py:190} INFO - ⬇️ Bắt đầu xử lý symbol = QCC
[2025-10-07T15:16:03.090+0000] {logging_mixin.py:190} INFO - ⚠️ Không đọc được file cũ QCC: 'date'
[2025-10-07T15:16:03.097+0000] {logging_mixin.py:190} INFO - QCC: trích dữ liệu từ 2025-10-08 đến 2025-10-07
[2025-10-07T15:16:07.601+0000] {logging_mixin.py:190} INFO - Không tìm thấy dữ liệu cho QCC
[2025-10-07T15:16:07.602+0000] {logging_mixin.py:190} INFO - QCC: Không có dữ liệu mới.
[2025-10-07T15:16:07.602+0000] {logging_mixin.py:190} INFO - 🚦 Giới hạn API đạt mức tối đa, chờ 33.2s...
[2025-10-07T15:16:40.836+0000] {logging_mixin.py:190} INFO - ⬇️ Bắt đầu xử lý symbol = QBS
[2025-10-07T15:16:40.854+0000] {logging_mixin.py:190} INFO - ⚠️ Không đọc được file cũ QBS: 'date'
[2025-10-07T15:16:40.861+0000] {logging_mixin.py:190} INFO - QBS: trích dữ liệu từ 2025-10-04 đến 2025-10-07
[2025-10-07T15:16:50.416+0000] {logging_mixin.py:190} INFO - Không tìm thấy dữ liệu cho QBS
[2025-10-07T15:16:50.418+0000] {logging_mixin.py:190} INFO - QBS: Không có dữ liệu mới.
[2025-10-07T15:16:50.418+0000] {logging_mixin.py:190} INFO - ⬇️ Bắt đầu xử lý symbol = PYU
[2025-10-07T15:16:50.427+0000] {logging_mixin.py:190} INFO - PYU: trích dữ liệu từ 2020-01-01 đến 2025-10-07
[2025-10-07T15:16:55.011+0000] {logging_mixin.py:190} INFO - Không tìm thấy dữ liệu cho PYU
[2025-10-07T15:16:55.012+0000] {logging_mixin.py:190} INFO - PYU: Không có dữ liệu mới.
[2025-10-07T15:16:55.012+0000] {logging_mixin.py:190} INFO - ⬇️ Bắt đầu xử lý symbol = PXT
[2025-10-07T15:16:55.029+0000] {logging_mixin.py:190} INFO - ⚠️ Không đọc được file cũ PXT: 'date'
[2025-10-07T15:16:55.036+0000] {logging_mixin.py:190} INFO - PXT: trích dữ liệu từ 2025-10-04 đến 2025-10-07
[2025-10-07T15:16:59.607+0000] {logging_mixin.py:190} INFO - Không tìm thấy dữ liệu cho PXT
[2025-10-07T15:16:59.608+0000] {logging_mixin.py:190} INFO - PXT: Không có dữ liệu mới.
[2025-10-07T15:16:59.608+0000] {logging_mixin.py:190} INFO - ⬇️ Bắt đầu xử lý symbol = PXS
[2025-10-07T15:16:59.625+0000] {logging_mixin.py:190} INFO - ⚠️ Không đọc được file cũ PXS: 'date'
[2025-10-07T15:16:59.633+0000] {logging_mixin.py:190} INFO - PXS: trích dữ liệu từ 2025-10-04 đến 2025-10-07
[2025-10-07T15:17:04.111+0000] {logging_mixin.py:190} INFO - Không tìm thấy dữ liệu cho PXS
[2025-10-07T15:17:04.113+0000] {logging_mixin.py:190} INFO - PXS: Không có dữ liệu mới.
[2025-10-07T15:17:04.113+0000] {logging_mixin.py:190} INFO - ⬇️ Bắt đầu xử lý symbol = PXM
[2025-10-07T15:17:04.131+0000] {logging_mixin.py:190} INFO - ⚠️ Không đọc được file cũ PXM: 'date'
[2025-10-07T15:17:04.138+0000] {logging_mixin.py:190} INFO - PXM: trích dữ liệu từ 2025-10-04 đến 2025-10-07
[2025-10-07T15:17:08.663+0000] {logging_mixin.py:190} INFO - Không tìm thấy dữ liệu cho PXM
[2025-10-07T15:17:08.665+0000] {logging_mixin.py:190} INFO - PXM: Không có dữ liệu mới.
[2025-10-07T15:17:08.665+0000] {logging_mixin.py:190} INFO - 🚦 Giới hạn API đạt mức tối đa, chờ 32.2s...
[2025-10-07T15:17:40.839+0000] {logging_mixin.py:190} INFO - ⬇️ Bắt đầu xử lý symbol = PXL
[2025-10-07T15:17:40.859+0000] {logging_mixin.py:190} INFO - ⚠️ Không đọc được file cũ PXL: 'date'
[2025-10-07T15:17:40.865+0000] {logging_mixin.py:190} INFO - PXL: trích dữ liệu từ 2025-10-08 đến 2025-10-07
[2025-10-07T15:17:45.373+0000] {logging_mixin.py:190} INFO - Không tìm thấy dữ liệu cho PXL
[2025-10-07T15:17:45.375+0000] {logging_mixin.py:190} INFO - PXL: Không có dữ liệu mới.
[2025-10-07T15:17:45.375+0000] {logging_mixin.py:190} INFO - 🚦 Giới hạn API đạt mức tối đa, chờ 5.0s...
[2025-10-07T15:17:50.419+0000] {logging_mixin.py:190} INFO - ⬇️ Bắt đầu xử lý symbol = PXI
[2025-10-07T15:17:50.438+0000] {logging_mixin.py:190} INFO - ⚠️ Không đọc được file cũ PXI: 'date'
[2025-10-07T15:17:50.446+0000] {logging_mixin.py:190} INFO - PXI: trích dữ liệu từ 2025-10-04 đến 2025-10-07
[2025-10-07T15:17:54.967+0000] {logging_mixin.py:190} INFO - Không tìm thấy dữ liệu cho PXI
[2025-10-07T15:17:54.969+0000] {logging_mixin.py:190} INFO - PXI: Không có dữ liệu mới.
[2025-10-07T15:17:54.969+0000] {logging_mixin.py:190} INFO - 🚦 Giới hạn API đạt mức tối đa, chờ 0.0s...
[2025-10-07T15:17:55.013+0000] {logging_mixin.py:190} INFO - ⬇️ Bắt đầu xử lý symbol = PXC
[2025-10-07T15:17:55.029+0000] {logging_mixin.py:190} INFO - ⚠️ Không đọc được file cũ PXC: 'date'
[2025-10-07T15:17:55.036+0000] {logging_mixin.py:190} INFO - PXC: trích dữ liệu từ 2024-07-26 đến 2025-10-07
[2025-10-07T15:18:00.538+0000] {logging_mixin.py:190} INFO - Không tìm thấy dữ liệu cho PXC
[2025-10-07T15:18:00.539+0000] {logging_mixin.py:190} INFO - PXC: Không có dữ liệu mới.
[2025-10-07T15:18:00.539+0000] {logging_mixin.py:190} INFO - ⬇️ Bắt đầu xử lý symbol = PXA
[2025-10-07T15:18:00.561+0000] {logging_mixin.py:190} INFO - ⚠️ Không đọc được file cũ PXA: 'date'
[2025-10-07T15:18:00.569+0000] {logging_mixin.py:190} INFO - PXA: trích dữ liệu từ 2025-10-04 đến 2025-10-07
[2025-10-07T15:18:04.962+0000] {logging_mixin.py:190} INFO - Không tìm thấy dữ liệu cho PXA
[2025-10-07T15:18:04.963+0000] {logging_mixin.py:190} INFO - PXA: Không có dữ liệu mới.
[2025-10-07T15:18:04.963+0000] {logging_mixin.py:190} INFO - ⬇️ Bắt đầu xử lý symbol = PX1
[2025-10-07T15:18:04.984+0000] {logging_mixin.py:190} INFO - ⚠️ Không đọc được file cũ PX1: 'date'
[2025-10-07T15:18:04.993+0000] {logging_mixin.py:190} INFO - PX1: trích dữ liệu từ 2024-07-26 đến 2025-10-07
[2025-10-07T15:18:09.498+0000] {logging_mixin.py:190} INFO - Không tìm thấy dữ liệu cho PX1
[2025-10-07T15:18:09.499+0000] {logging_mixin.py:190} INFO - PX1: Không có dữ liệu mới.
[2025-10-07T15:18:09.500+0000] {logging_mixin.py:190} INFO - 🚦 Giới hạn API đạt mức tối đa, chờ 31.3s...
[2025-10-07T15:18:40.845+0000] {logging_mixin.py:190} INFO - ⬇️ Bắt đầu xử lý symbol = PWS
[2025-10-07T15:18:40.864+0000] {logging_mixin.py:190} INFO - ⚠️ Không đọc được file cũ PWS: 'date'
[2025-10-07T15:18:40.873+0000] {logging_mixin.py:190} INFO - PWS: trích dữ liệu từ 2025-10-07 đến 2025-10-07
[2025-10-07T15:18:48.704+0000] {logging_mixin.py:190} INFO - Không tìm thấy dữ liệu cho PWS
[2025-10-07T15:18:48.706+0000] {logging_mixin.py:190} INFO - PWS: Không có dữ liệu mới.
[2025-10-07T15:18:48.706+0000] {logging_mixin.py:190} INFO - 🚦 Giới hạn API đạt mức tối đa, chờ 1.7s...
[2025-10-07T15:18:50.419+0000] {logging_mixin.py:190} INFO - ⬇️ Bắt đầu xử lý symbol = PWA
[2025-10-07T15:18:50.440+0000] {logging_mixin.py:190} INFO - ⚠️ Không đọc được file cũ PWA: 'date'
[2025-10-07T15:18:50.447+0000] {logging_mixin.py:190} INFO - PWA: trích dữ liệu từ 2025-10-08 đến 2025-10-07
[2025-10-07T15:18:55.036+0000] {logging_mixin.py:190} INFO - Không tìm thấy dữ liệu cho PWA
[2025-10-07T15:18:55.038+0000] {logging_mixin.py:190} INFO - PWA: Không có dữ liệu mới.
[2025-10-07T15:18:55.038+0000] {logging_mixin.py:190} INFO - ⬇️ Bắt đầu xử lý symbol = PVY
[2025-10-07T15:18:55.058+0000] {logging_mixin.py:190} INFO - ⚠️ Không đọc được file cũ PVY: 'date'
[2025-10-07T15:18:55.065+0000] {logging_mixin.py:190} INFO - PVY: trích dữ liệu từ 2025-10-04 đến 2025-10-07
[2025-10-07T15:18:59.640+0000] {logging_mixin.py:190} INFO - Không tìm thấy dữ liệu cho PVY
[2025-10-07T15:18:59.642+0000] {logging_mixin.py:190} INFO - PVY: Không có dữ liệu mới.
[2025-10-07T15:18:59.642+0000] {logging_mixin.py:190} INFO - 🚦 Giới hạn API đạt mức tối đa, chờ 0.9s...
[2025-10-07T15:19:00.540+0000] {logging_mixin.py:190} INFO - ⬇️ Bắt đầu xử lý symbol = PVX
[2025-10-07T15:19:00.555+0000] {logging_mixin.py:190} INFO - ⚠️ Không đọc được file cũ PVX: 'date'
[2025-10-07T15:19:00.563+0000] {logging_mixin.py:190} INFO - PVX: trích dữ liệu từ 2025-10-04 đến 2025-10-07
[2025-10-07T15:19:06.128+0000] {logging_mixin.py:190} INFO - Không tìm thấy dữ liệu cho PVX
[2025-10-07T15:19:06.130+0000] {logging_mixin.py:190} INFO - PVX: Không có dữ liệu mới.
[2025-10-07T15:19:06.130+0000] {logging_mixin.py:190} INFO - ⬇️ Bắt đầu xử lý symbol = PVV
[2025-10-07T15:19:06.146+0000] {logging_mixin.py:190} INFO - ⚠️ Không đọc được file cũ PVV: 'date'
[2025-10-07T15:19:06.152+0000] {logging_mixin.py:190} INFO - PVV: trích dữ liệu từ 2025-10-04 đến 2025-10-07
[2025-10-07T15:19:11.682+0000] {logging_mixin.py:190} INFO - Không tìm thấy dữ liệu cho PVV
[2025-10-07T15:19:11.684+0000] {logging_mixin.py:190} INFO - PVV: Không có dữ liệu mới.
[2025-10-07T15:19:11.684+0000] {python.py:240} INFO - Done. Returned value was: None
[2025-10-07T15:19:11.695+0000] {taskinstance.py:341} INFO - ::group::Post task execution logs
[2025-10-07T15:19:11.696+0000] {taskinstance.py:353} INFO - Marking task as SUCCESS. dag_id=vnstock_weekly_etl_incremental, task_id=process_batch, run_id=manual__2025-10-07T10:44:44.201464+00:00, map_index=11, execution_date=20251007T104444, start_date=20251007T150940, end_date=20251007T151911
[2025-10-07T15:19:11.774+0000] {local_task_job_runner.py:266} INFO - Task exited with return code 0
[2025-10-07T15:19:11.916+0000] {taskinstance.py:3901} INFO - 0 downstream tasks scheduled from follow-on schedule check
[2025-10-07T15:19:11.919+0000] {local_task_job_runner.py:245} INFO - ::endgroup::
