[2025-10-07T10:17:21.399+0000] {local_task_job_runner.py:123} INFO - ::group::Pre task execution logs
[2025-10-07T10:17:21.469+0000] {taskinstance.py:2614} INFO - Dependencies all met for dep_context=non-requeueable deps ti=<TaskInstance: vnstock_weekly_etl_incremental.process_batch manual__2025-10-07T10:16:29.686945+00:00 map_index=16 [queued]>
[2025-10-07T10:17:21.514+0000] {taskinstance.py:2614} INFO - Dependencies all met for dep_context=requeueable deps ti=<TaskInstance: vnstock_weekly_etl_incremental.process_batch manual__2025-10-07T10:16:29.686945+00:00 map_index=16 [queued]>
[2025-10-07T10:17:21.518+0000] {taskinstance.py:2867} INFO - Starting attempt 1 of 3
[2025-10-07T10:17:21.573+0000] {taskinstance.py:2890} INFO - Executing <Mapped(_PythonDecoratedOperator): process_batch> on 2025-10-07 10:16:29.686945+00:00
[2025-10-07T10:17:21.614+0000] {logging_mixin.py:190} WARNING - /home/***/.local/lib/python3.12/site-packages/***/task/task_runner/standard_task_runner.py:70 DeprecationWarning: This process (pid=947) is multi-threaded, use of fork() may lead to deadlocks in the child.
[2025-10-07T10:17:21.618+0000] {standard_task_runner.py:104} INFO - Running: ['***', 'tasks', 'run', 'vnstock_weekly_etl_incremental', 'process_batch', 'manual__2025-10-07T10:16:29.686945+00:00', '--job-id', '61', '--raw', '--subdir', 'DAGS_FOLDER/dag.py', '--cfg-path', '/tmp/tmp_xbrnwhl', '--map-index', '16']
[2025-10-07T10:17:21.623+0000] {standard_task_runner.py:105} INFO - Job 61: Subtask process_batch
[2025-10-07T10:17:21.624+0000] {standard_task_runner.py:72} INFO - Started process 1114 to run task
[2025-10-07T10:17:21.663+0000] {logging_mixin.py:190} WARNING - /home/***/.local/lib/python3.12/site-packages/***/settings.py:209 DeprecationWarning: The sql_alchemy_conn option in [core] has been moved to the sql_alchemy_conn option in [database] - the old setting has been used, but please update your config.
[2025-10-07T10:17:22.614+0000] {task_command.py:467} INFO - Running <TaskInstance: vnstock_weekly_etl_incremental.process_batch manual__2025-10-07T10:16:29.686945+00:00 map_index=16 [running]> on host e3278e0f0bbc
[2025-10-07T10:17:22.984+0000] {taskinstance.py:3134} INFO - Exporting env vars: AIRFLOW_CTX_DAG_OWNER='***' AIRFLOW_CTX_DAG_ID='vnstock_weekly_etl_incremental' AIRFLOW_CTX_TASK_ID='process_batch' AIRFLOW_CTX_EXECUTION_DATE='2025-10-07T10:16:29.686945+00:00' AIRFLOW_CTX_TRY_NUMBER='1' AIRFLOW_CTX_DAG_RUN_ID='manual__2025-10-07T10:16:29.686945+00:00'
[2025-10-07T10:17:23.000+0000] {taskinstance.py:732} INFO - ::endgroup::
[2025-10-07T10:17:23.004+0000] {logging_mixin.py:190} INFO - ⚠️ Lỗi khi xử lý ND2: 'Limiter' object has no attribute 'ratelimit'
[2025-10-07T10:17:23.008+0000] {logging_mixin.py:190} INFO - ⚠️ Lỗi khi xử lý NCT: 'Limiter' object has no attribute 'ratelimit'
[2025-10-07T10:17:23.011+0000] {logging_mixin.py:190} INFO - ⚠️ Lỗi khi xử lý NCS: 'Limiter' object has no attribute 'ratelimit'
[2025-10-07T10:17:23.018+0000] {logging_mixin.py:190} INFO - ⚠️ Lỗi khi xử lý NCG: 'Limiter' object has no attribute 'ratelimit'
[2025-10-07T10:17:23.020+0000] {logging_mixin.py:190} INFO - ⚠️ Lỗi khi xử lý NBW: 'Limiter' object has no attribute 'ratelimit'
[2025-10-07T10:17:23.021+0000] {logging_mixin.py:190} INFO - ⚠️ Lỗi khi xử lý NBT: 'Limiter' object has no attribute 'ratelimit'
[2025-10-07T10:17:23.022+0000] {logging_mixin.py:190} INFO - ⚠️ Lỗi khi xử lý NBP: 'Limiter' object has no attribute 'ratelimit'
[2025-10-07T10:17:23.024+0000] {logging_mixin.py:190} INFO - ⚠️ Lỗi khi xử lý NBE: 'Limiter' object has no attribute 'ratelimit'
[2025-10-07T10:17:23.028+0000] {logging_mixin.py:190} INFO - ⚠️ Lỗi khi xử lý NBC: 'Limiter' object has no attribute 'ratelimit'
[2025-10-07T10:17:23.031+0000] {logging_mixin.py:190} INFO - ⚠️ Lỗi khi xử lý NBB: 'Limiter' object has no attribute 'ratelimit'
[2025-10-07T10:17:23.032+0000] {logging_mixin.py:190} INFO - ⚠️ Lỗi khi xử lý NAW: 'Limiter' object has no attribute 'ratelimit'
[2025-10-07T10:17:23.038+0000] {logging_mixin.py:190} INFO - ⚠️ Lỗi khi xử lý NAV: 'Limiter' object has no attribute 'ratelimit'
[2025-10-07T10:17:23.039+0000] {logging_mixin.py:190} INFO - ⚠️ Lỗi khi xử lý NAU: 'Limiter' object has no attribute 'ratelimit'
[2025-10-07T10:17:23.039+0000] {logging_mixin.py:190} INFO - ⚠️ Lỗi khi xử lý NAS: 'Limiter' object has no attribute 'ratelimit'
[2025-10-07T10:17:23.040+0000] {logging_mixin.py:190} INFO - ⚠️ Lỗi khi xử lý NAP: 'Limiter' object has no attribute 'ratelimit'
[2025-10-07T10:17:23.040+0000] {logging_mixin.py:190} INFO - ⚠️ Lỗi khi xử lý NAG: 'Limiter' object has no attribute 'ratelimit'
[2025-10-07T10:17:23.042+0000] {logging_mixin.py:190} INFO - ⚠️ Lỗi khi xử lý NAF: 'Limiter' object has no attribute 'ratelimit'
[2025-10-07T10:17:23.046+0000] {logging_mixin.py:190} INFO - ⚠️ Lỗi khi xử lý NAC: 'Limiter' object has no attribute 'ratelimit'
[2025-10-07T10:17:23.056+0000] {logging_mixin.py:190} INFO - ⚠️ Lỗi khi xử lý NAB: 'Limiter' object has no attribute 'ratelimit'
[2025-10-07T10:17:23.057+0000] {logging_mixin.py:190} INFO - ⚠️ Lỗi khi xử lý MZG: 'Limiter' object has no attribute 'ratelimit'
[2025-10-07T10:17:23.058+0000] {logging_mixin.py:190} INFO - ⚠️ Lỗi khi xử lý MXC: 'Limiter' object has no attribute 'ratelimit'
[2025-10-07T10:17:23.059+0000] {logging_mixin.py:190} INFO - ⚠️ Lỗi khi xử lý MWG: 'Limiter' object has no attribute 'ratelimit'
[2025-10-07T10:17:23.060+0000] {logging_mixin.py:190} INFO - ⚠️ Lỗi khi xử lý MVN: 'Limiter' object has no attribute 'ratelimit'
[2025-10-07T10:17:23.070+0000] {logging_mixin.py:190} INFO - ⚠️ Lỗi khi xử lý MVC: 'Limiter' object has no attribute 'ratelimit'
[2025-10-07T10:17:23.071+0000] {logging_mixin.py:190} INFO - ⚠️ Lỗi khi xử lý MVB: 'Limiter' object has no attribute 'ratelimit'
[2025-10-07T10:17:23.071+0000] {logging_mixin.py:190} INFO - ⚠️ Lỗi khi xử lý MTX: 'Limiter' object has no attribute 'ratelimit'
[2025-10-07T10:17:23.073+0000] {logging_mixin.py:190} INFO - ⚠️ Lỗi khi xử lý MTV: 'Limiter' object has no attribute 'ratelimit'
[2025-10-07T10:17:23.073+0000] {logging_mixin.py:190} INFO - ⚠️ Lỗi khi xử lý MTS: 'Limiter' object has no attribute 'ratelimit'
[2025-10-07T10:17:23.074+0000] {logging_mixin.py:190} INFO - ⚠️ Lỗi khi xử lý MTP: 'Limiter' object has no attribute 'ratelimit'
[2025-10-07T10:17:23.074+0000] {logging_mixin.py:190} INFO - ⚠️ Lỗi khi xử lý MTL: 'Limiter' object has no attribute 'ratelimit'
[2025-10-07T10:17:23.076+0000] {logging_mixin.py:190} INFO - ⚠️ Lỗi khi xử lý MTH: 'Limiter' object has no attribute 'ratelimit'
[2025-10-07T10:17:23.083+0000] {logging_mixin.py:190} INFO - ⚠️ Lỗi khi xử lý MTG: 'Limiter' object has no attribute 'ratelimit'
[2025-10-07T10:17:23.084+0000] {logging_mixin.py:190} INFO - ⚠️ Lỗi khi xử lý MTC: 'Limiter' object has no attribute 'ratelimit'
[2025-10-07T10:17:23.084+0000] {logging_mixin.py:190} INFO - ⚠️ Lỗi khi xử lý MTB: 'Limiter' object has no attribute 'ratelimit'
[2025-10-07T10:17:23.086+0000] {logging_mixin.py:190} INFO - ⚠️ Lỗi khi xử lý MTA: 'Limiter' object has no attribute 'ratelimit'
[2025-10-07T10:17:23.087+0000] {logging_mixin.py:190} INFO - ⚠️ Lỗi khi xử lý MST: 'Limiter' object has no attribute 'ratelimit'
[2025-10-07T10:17:23.088+0000] {logging_mixin.py:190} INFO - ⚠️ Lỗi khi xử lý MSR: 'Limiter' object has no attribute 'ratelimit'
[2025-10-07T10:17:23.092+0000] {logging_mixin.py:190} INFO - ⚠️ Lỗi khi xử lý MSN: 'Limiter' object has no attribute 'ratelimit'
[2025-10-07T10:17:23.093+0000] {logging_mixin.py:190} INFO - ⚠️ Lỗi khi xử lý MSH: 'Limiter' object has no attribute 'ratelimit'
[2025-10-07T10:17:23.093+0000] {logging_mixin.py:190} INFO - ⚠️ Lỗi khi xử lý MSB: 'Limiter' object has no attribute 'ratelimit'
[2025-10-07T10:17:23.094+0000] {logging_mixin.py:190} INFO - ⚠️ Lỗi khi xử lý MRF: 'Limiter' object has no attribute 'ratelimit'
[2025-10-07T10:17:23.094+0000] {logging_mixin.py:190} INFO - ⚠️ Lỗi khi xử lý MQN: 'Limiter' object has no attribute 'ratelimit'
[2025-10-07T10:17:23.094+0000] {logging_mixin.py:190} INFO - ⚠️ Lỗi khi xử lý MQB: 'Limiter' object has no attribute 'ratelimit'
[2025-10-07T10:17:23.095+0000] {logging_mixin.py:190} INFO - ⚠️ Lỗi khi xử lý MPY: 'Limiter' object has no attribute 'ratelimit'
[2025-10-07T10:17:23.096+0000] {logging_mixin.py:190} INFO - ⚠️ Lỗi khi xử lý MPT: 'Limiter' object has no attribute 'ratelimit'
[2025-10-07T10:17:23.098+0000] {logging_mixin.py:190} INFO - ⚠️ Lỗi khi xử lý MPC: 'Limiter' object has no attribute 'ratelimit'
[2025-10-07T10:17:23.099+0000] {logging_mixin.py:190} INFO - ⚠️ Lỗi khi xử lý MND: 'Limiter' object has no attribute 'ratelimit'
[2025-10-07T10:17:23.103+0000] {logging_mixin.py:190} INFO - ⚠️ Lỗi khi xử lý MNB: 'Limiter' object has no attribute 'ratelimit'
[2025-10-07T10:17:23.104+0000] {logging_mixin.py:190} INFO - ⚠️ Lỗi khi xử lý MML: 'Limiter' object has no attribute 'ratelimit'
[2025-10-07T10:17:23.105+0000] {logging_mixin.py:190} INFO - ⚠️ Lỗi khi xử lý MLS: 'Limiter' object has no attribute 'ratelimit'
[2025-10-07T10:17:23.106+0000] {python.py:240} INFO - Done. Returned value was: None
[2025-10-07T10:17:23.135+0000] {taskinstance.py:341} INFO - ::group::Post task execution logs
[2025-10-07T10:17:23.139+0000] {taskinstance.py:353} INFO - Marking task as SUCCESS. dag_id=vnstock_weekly_etl_incremental, task_id=process_batch, run_id=manual__2025-10-07T10:16:29.686945+00:00, map_index=16, execution_date=20251007T101629, start_date=20251007T101721, end_date=20251007T101723
[2025-10-07T10:17:23.462+0000] {local_task_job_runner.py:266} INFO - Task exited with return code 0
[2025-10-07T10:17:23.487+0000] {local_task_job_runner.py:245} INFO - ::endgroup::
