[2025-10-07T11:30:58.612+0000] {local_task_job_runner.py:123} INFO - ::group::Pre task execution logs
[2025-10-07T11:30:58.645+0000] {taskinstance.py:2614} INFO - Dependencies all met for dep_context=non-requeueable deps ti=<TaskInstance: vnstock_weekly_etl_incremental.process_batch manual__2025-10-07T10:41:48.387187+00:00 map_index=20 [queued]>
[2025-10-07T11:30:58.660+0000] {taskinstance.py:2614} INFO - Dependencies all met for dep_context=requeueable deps ti=<TaskInstance: vnstock_weekly_etl_incremental.process_batch manual__2025-10-07T10:41:48.387187+00:00 map_index=20 [queued]>
[2025-10-07T11:30:58.661+0000] {taskinstance.py:2867} INFO - Starting attempt 1 of 3
[2025-10-07T11:30:58.678+0000] {taskinstance.py:2890} INFO - Executing <Mapped(_PythonDecoratedOperator): process_batch> on 2025-10-07 10:41:48.387187+00:00
[2025-10-07T11:30:58.693+0000] {logging_mixin.py:190} WARNING - /home/***/.local/lib/python3.12/site-packages/***/task/task_runner/standard_task_runner.py:70 DeprecationWarning: This process (pid=7894) is multi-threaded, use of fork() may lead to deadlocks in the child.
[2025-10-07T11:30:58.696+0000] {standard_task_runner.py:72} INFO - Started process 7919 to run task
[2025-10-07T11:30:58.694+0000] {standard_task_runner.py:104} INFO - Running: ['***', 'tasks', 'run', 'vnstock_weekly_etl_incremental', 'process_batch', 'manual__2025-10-07T10:41:48.387187+00:00', '--job-id', '144', '--raw', '--subdir', 'DAGS_FOLDER/dag.py', '--cfg-path', '/tmp/tmpa06944ra', '--map-index', '20']
[2025-10-07T11:30:58.699+0000] {standard_task_runner.py:105} INFO - Job 144: Subtask process_batch
[2025-10-07T11:30:58.719+0000] {logging_mixin.py:190} WARNING - /home/***/.local/lib/python3.12/site-packages/***/settings.py:209 DeprecationWarning: The sql_alchemy_conn option in [core] has been moved to the sql_alchemy_conn option in [database] - the old setting has been used, but please update your config.
[2025-10-07T11:30:58.788+0000] {task_command.py:467} INFO - Running <TaskInstance: vnstock_weekly_etl_incremental.process_batch manual__2025-10-07T10:41:48.387187+00:00 map_index=20 [running]> on host e3278e0f0bbc
[2025-10-07T11:30:59.165+0000] {taskinstance.py:3134} INFO - Exporting env vars: AIRFLOW_CTX_DAG_OWNER='***' AIRFLOW_CTX_DAG_ID='vnstock_weekly_etl_incremental' AIRFLOW_CTX_TASK_ID='process_batch' AIRFLOW_CTX_EXECUTION_DATE='2025-10-07T10:41:48.387187+00:00' AIRFLOW_CTX_TRY_NUMBER='1' AIRFLOW_CTX_DAG_RUN_ID='manual__2025-10-07T10:41:48.387187+00:00'
[2025-10-07T11:30:59.167+0000] {taskinstance.py:732} INFO - ::endgroup::
[2025-10-07T11:30:59.169+0000] {logging_mixin.py:190} INFO - ⬇️ Bắt đầu xử lý symbol = ISG
[2025-10-07T11:30:59.187+0000] {logging_mixin.py:190} INFO - ⚠️ Không đọc được file cũ ISG: 'date'
[2025-10-07T11:30:59.204+0000] {logging_mixin.py:190} INFO - ISG: trích dữ liệu từ 2025-08-23 đến 2025-10-07
[2025-10-07T11:30:59.224+0000] {client.py:83} ERROR - API request failed: HTTPSConnectionPool(host='trading.vietcap.com.vn', port=443): Max retries exceeded with url: /api/chart/OHLCChart/gap (Caused by NameResolutionError("<urllib3.connection.HTTPSConnection object at 0x7e619e9df110>: Failed to resolve 'trading.vietcap.com.vn' ([Errno -2] Name or service not known)"))
[2025-10-07T11:31:01.230+0000] {client.py:83} ERROR - API request failed: HTTPSConnectionPool(host='trading.vietcap.com.vn', port=443): Max retries exceeded with url: /api/chart/OHLCChart/gap (Caused by NameResolutionError("<urllib3.connection.HTTPSConnection object at 0x7e619e93c680>: Failed to resolve 'trading.vietcap.com.vn' ([Errno -2] Name or service not known)"))
[2025-10-07T11:31:03.245+0000] {client.py:83} ERROR - API request failed: HTTPSConnectionPool(host='trading.vietcap.com.vn', port=443): Max retries exceeded with url: /api/chart/OHLCChart/gap (Caused by NameResolutionError("<urllib3.connection.HTTPSConnection object at 0x7e619e93d220>: Failed to resolve 'trading.vietcap.com.vn' ([Errno -2] Name or service not known)"))
[2025-10-07T11:31:03.249+0000] {logging_mixin.py:190} INFO - Không tìm thấy dữ liệu cho ISG
[2025-10-07T11:31:03.259+0000] {logging_mixin.py:190} INFO - ℹ️ ISG: Không có dữ liệu mới.
[2025-10-07T11:31:03.261+0000] {logging_mixin.py:190} INFO - ⬇️ Bắt đầu xử lý symbol = IRC
[2025-10-07T11:31:03.305+0000] {logging_mixin.py:190} INFO - ⚠️ Không đọc được file cũ IRC: 'date'
[2025-10-07T11:31:03.349+0000] {logging_mixin.py:190} INFO - IRC: trích dữ liệu từ 2025-10-07 đến 2025-10-07
[2025-10-07T11:31:03.371+0000] {client.py:83} ERROR - API request failed: HTTPSConnectionPool(host='trading.vietcap.com.vn', port=443): Max retries exceeded with url: /api/chart/OHLCChart/gap (Caused by NameResolutionError("<urllib3.connection.HTTPSConnection object at 0x7e619e93dcd0>: Failed to resolve 'trading.vietcap.com.vn' ([Errno -2] Name or service not known)"))
[2025-10-07T11:31:05.377+0000] {client.py:83} ERROR - API request failed: HTTPSConnectionPool(host='trading.vietcap.com.vn', port=443): Max retries exceeded with url: /api/chart/OHLCChart/gap (Caused by NameResolutionError("<urllib3.connection.HTTPSConnection object at 0x7e619e93e900>: Failed to resolve 'trading.vietcap.com.vn' ([Errno -2] Name or service not known)"))
[2025-10-07T11:31:07.392+0000] {client.py:83} ERROR - API request failed: HTTPSConnectionPool(host='trading.vietcap.com.vn', port=443): Max retries exceeded with url: /api/chart/OHLCChart/gap (Caused by NameResolutionError("<urllib3.connection.HTTPSConnection object at 0x7e619e93f620>: Failed to resolve 'trading.vietcap.com.vn' ([Errno -2] Name or service not known)"))
[2025-10-07T11:31:07.396+0000] {logging_mixin.py:190} INFO - Không tìm thấy dữ liệu cho IRC
[2025-10-07T11:31:07.401+0000] {logging_mixin.py:190} INFO - ℹ️ IRC: Không có dữ liệu mới.
[2025-10-07T11:31:07.404+0000] {logging_mixin.py:190} INFO - ⬇️ Bắt đầu xử lý symbol = IPH
[2025-10-07T11:31:07.466+0000] {logging_mixin.py:190} INFO - IPH: trích dữ liệu từ 2020-01-01 đến 2025-10-07
[2025-10-07T11:31:07.481+0000] {client.py:83} ERROR - API request failed: HTTPSConnectionPool(host='trading.vietcap.com.vn', port=443): Max retries exceeded with url: /api/chart/OHLCChart/gap (Caused by NameResolutionError("<urllib3.connection.HTTPSConnection object at 0x7e619e93f560>: Failed to resolve 'trading.vietcap.com.vn' ([Errno -2] Name or service not known)"))
[2025-10-07T11:31:09.488+0000] {client.py:83} ERROR - API request failed: HTTPSConnectionPool(host='trading.vietcap.com.vn', port=443): Max retries exceeded with url: /api/chart/OHLCChart/gap (Caused by NameResolutionError("<urllib3.connection.HTTPSConnection object at 0x7e619e93e180>: Failed to resolve 'trading.vietcap.com.vn' ([Errno -2] Name or service not known)"))
[2025-10-07T11:31:11.502+0000] {client.py:83} ERROR - API request failed: HTTPSConnectionPool(host='trading.vietcap.com.vn', port=443): Max retries exceeded with url: /api/chart/OHLCChart/gap (Caused by NameResolutionError("<urllib3.connection.HTTPSConnection object at 0x7e619e93c530>: Failed to resolve 'trading.vietcap.com.vn' ([Errno -2] Name or service not known)"))
[2025-10-07T11:31:11.505+0000] {logging_mixin.py:190} INFO - Không tìm thấy dữ liệu cho IPH
[2025-10-07T11:31:11.510+0000] {logging_mixin.py:190} INFO - ℹ️ IPH: Không có dữ liệu mới.
[2025-10-07T11:31:11.512+0000] {logging_mixin.py:190} INFO - ⬇️ Bắt đầu xử lý symbol = IPA
[2025-10-07T11:31:11.559+0000] {logging_mixin.py:190} INFO - ⚠️ Không đọc được file cũ IPA: 'date'
[2025-10-07T11:31:11.599+0000] {logging_mixin.py:190} INFO - IPA: trích dữ liệu từ 2025-10-08 đến 2025-10-07
[2025-10-07T11:31:11.619+0000] {client.py:83} ERROR - API request failed: HTTPSConnectionPool(host='trading.vietcap.com.vn', port=443): Max retries exceeded with url: /api/chart/OHLCChart/gap (Caused by NameResolutionError("<urllib3.connection.HTTPSConnection object at 0x7e619e780770>: Failed to resolve 'trading.vietcap.com.vn' ([Errno -2] Name or service not known)"))
[2025-10-07T11:31:13.630+0000] {client.py:83} ERROR - API request failed: HTTPSConnectionPool(host='trading.vietcap.com.vn', port=443): Max retries exceeded with url: /api/chart/OHLCChart/gap (Caused by NameResolutionError("<urllib3.connection.HTTPSConnection object at 0x7e619e93d880>: Failed to resolve 'trading.vietcap.com.vn' ([Errno -2] Name or service not known)"))
[2025-10-07T11:31:15.661+0000] {client.py:83} ERROR - API request failed: HTTPSConnectionPool(host='trading.vietcap.com.vn', port=443): Max retries exceeded with url: /api/chart/OHLCChart/gap (Caused by NameResolutionError("<urllib3.connection.HTTPSConnection object at 0x7e619e93ea80>: Failed to resolve 'trading.vietcap.com.vn' ([Errno -2] Name or service not known)"))
[2025-10-07T11:31:15.671+0000] {logging_mixin.py:190} INFO - Không tìm thấy dữ liệu cho IPA
[2025-10-07T11:31:15.687+0000] {logging_mixin.py:190} INFO - ℹ️ IPA: Không có dữ liệu mới.
[2025-10-07T11:31:15.691+0000] {logging_mixin.py:190} INFO - ⬇️ Bắt đầu xử lý symbol = INN
[2025-10-07T11:31:15.777+0000] {logging_mixin.py:190} INFO - ⚠️ Không đọc được file cũ INN: 'date'
[2025-10-07T11:31:15.823+0000] {logging_mixin.py:190} INFO - INN: trích dữ liệu từ 2025-10-08 đến 2025-10-07
[2025-10-07T11:31:15.835+0000] {client.py:83} ERROR - API request failed: HTTPSConnectionPool(host='trading.vietcap.com.vn', port=443): Max retries exceeded with url: /api/chart/OHLCChart/gap (Caused by NameResolutionError("<urllib3.connection.HTTPSConnection object at 0x7e619e780e60>: Failed to resolve 'trading.vietcap.com.vn' ([Errno -2] Name or service not known)"))
[2025-10-07T11:31:17.843+0000] {client.py:83} ERROR - API request failed: HTTPSConnectionPool(host='trading.vietcap.com.vn', port=443): Max retries exceeded with url: /api/chart/OHLCChart/gap (Caused by NameResolutionError("<urllib3.connection.HTTPSConnection object at 0x7e619e781b20>: Failed to resolve 'trading.vietcap.com.vn' ([Errno -2] Name or service not known)"))
[2025-10-07T11:31:19.856+0000] {client.py:83} ERROR - API request failed: HTTPSConnectionPool(host='trading.vietcap.com.vn', port=443): Max retries exceeded with url: /api/chart/OHLCChart/gap (Caused by NameResolutionError("<urllib3.connection.HTTPSConnection object at 0x7e619e93c1a0>: Failed to resolve 'trading.vietcap.com.vn' ([Errno -2] Name or service not known)"))
[2025-10-07T11:31:19.858+0000] {logging_mixin.py:190} INFO - Không tìm thấy dữ liệu cho INN
[2025-10-07T11:31:19.863+0000] {logging_mixin.py:190} INFO - ℹ️ INN: Không có dữ liệu mới.
[2025-10-07T11:31:19.864+0000] {logging_mixin.py:190} INFO - 🚦 Giới hạn API đạt mức tối đa, chờ 39.3s...
[2025-10-07T11:31:59.168+0000] {logging_mixin.py:190} INFO - ⬇️ Bắt đầu xử lý symbol = ING
[2025-10-07T11:31:59.256+0000] {logging_mixin.py:190} INFO - ⚠️ Không đọc được file cũ ING: 'date'
[2025-10-07T11:31:59.284+0000] {logging_mixin.py:190} INFO - ING: trích dữ liệu từ 2025-10-04 đến 2025-10-07
[2025-10-07T11:31:59.309+0000] {client.py:83} ERROR - API request failed: HTTPSConnectionPool(host='trading.vietcap.com.vn', port=443): Max retries exceeded with url: /api/chart/OHLCChart/gap (Caused by NameResolutionError("<urllib3.connection.HTTPSConnection object at 0x7e619e780bf0>: Failed to resolve 'trading.vietcap.com.vn' ([Errno -2] Name or service not known)"))
[2025-10-07T11:32:01.331+0000] {client.py:83} ERROR - API request failed: HTTPSConnectionPool(host='trading.vietcap.com.vn', port=443): Max retries exceeded with url: /api/chart/OHLCChart/gap (Caused by NameResolutionError("<urllib3.connection.HTTPSConnection object at 0x7e619e782870>: Failed to resolve 'trading.vietcap.com.vn' ([Errno -2] Name or service not known)"))
[2025-10-07T11:32:03.349+0000] {client.py:83} ERROR - API request failed: HTTPSConnectionPool(host='trading.vietcap.com.vn', port=443): Max retries exceeded with url: /api/chart/OHLCChart/gap (Caused by NameResolutionError("<urllib3.connection.HTTPSConnection object at 0x7e619e783350>: Failed to resolve 'trading.vietcap.com.vn' ([Errno -2] Name or service not known)"))
[2025-10-07T11:32:03.352+0000] {logging_mixin.py:190} INFO - Không tìm thấy dữ liệu cho ING
[2025-10-07T11:32:03.358+0000] {logging_mixin.py:190} INFO - ℹ️ ING: Không có dữ liệu mới.
[2025-10-07T11:32:03.361+0000] {logging_mixin.py:190} INFO - ⬇️ Bắt đầu xử lý symbol = INC
[2025-10-07T11:32:03.438+0000] {logging_mixin.py:190} INFO - ⚠️ Không đọc được file cũ INC: 'date'
[2025-10-07T11:32:03.474+0000] {logging_mixin.py:190} INFO - INC: trích dữ liệu từ 2025-10-02 đến 2025-10-07
[2025-10-07T11:32:03.498+0000] {client.py:83} ERROR - API request failed: HTTPSConnectionPool(host='trading.vietcap.com.vn', port=443): Max retries exceeded with url: /api/chart/OHLCChart/gap (Caused by NameResolutionError("<urllib3.connection.HTTPSConnection object at 0x7e619e780620>: Failed to resolve 'trading.vietcap.com.vn' ([Errno -2] Name or service not known)"))
[2025-10-07T11:32:05.514+0000] {client.py:83} ERROR - API request failed: HTTPSConnectionPool(host='trading.vietcap.com.vn', port=443): Max retries exceeded with url: /api/chart/OHLCChart/gap (Caused by NameResolutionError("<urllib3.connection.HTTPSConnection object at 0x7e619e7ac230>: Failed to resolve 'trading.vietcap.com.vn' ([Errno -2] Name or service not known)"))
[2025-10-07T11:32:07.522+0000] {client.py:83} ERROR - API request failed: HTTPSConnectionPool(host='trading.vietcap.com.vn', port=443): Max retries exceeded with url: /api/chart/OHLCChart/gap (Caused by NameResolutionError("<urllib3.connection.HTTPSConnection object at 0x7e619e7acdd0>: Failed to resolve 'trading.vietcap.com.vn' ([Errno -2] Name or service not known)"))
[2025-10-07T11:32:07.523+0000] {logging_mixin.py:190} INFO - Không tìm thấy dữ liệu cho INC
[2025-10-07T11:32:07.525+0000] {logging_mixin.py:190} INFO - ℹ️ INC: Không có dữ liệu mới.
[2025-10-07T11:32:07.526+0000] {logging_mixin.py:190} INFO - ⬇️ Bắt đầu xử lý symbol = IN4
[2025-10-07T11:32:07.562+0000] {logging_mixin.py:190} INFO - ⚠️ Không đọc được file cũ IN4: 'date'
[2025-10-07T11:32:07.576+0000] {logging_mixin.py:190} INFO - IN4: trích dữ liệu từ 2025-08-30 đến 2025-10-07
[2025-10-07T11:32:07.583+0000] {client.py:83} ERROR - API request failed: HTTPSConnectionPool(host='trading.vietcap.com.vn', port=443): Max retries exceeded with url: /api/chart/OHLCChart/gap (Caused by NameResolutionError("<urllib3.connection.HTTPSConnection object at 0x7e619e783fe0>: Failed to resolve 'trading.vietcap.com.vn' ([Errno -2] Name or service not known)"))
[2025-10-07T11:32:09.597+0000] {client.py:83} ERROR - API request failed: HTTPSConnectionPool(host='trading.vietcap.com.vn', port=443): Max retries exceeded with url: /api/chart/OHLCChart/gap (Caused by NameResolutionError("<urllib3.connection.HTTPSConnection object at 0x7e619e7827e0>: Failed to resolve 'trading.vietcap.com.vn' ([Errno -2] Name or service not known)"))
[2025-10-07T11:32:11.612+0000] {client.py:83} ERROR - API request failed: HTTPSConnectionPool(host='trading.vietcap.com.vn', port=443): Max retries exceeded with url: /api/chart/OHLCChart/gap (Caused by NameResolutionError("<urllib3.connection.HTTPSConnection object at 0x7e619e7aca40>: Failed to resolve 'trading.vietcap.com.vn' ([Errno -2] Name or service not known)"))
[2025-10-07T11:32:11.615+0000] {logging_mixin.py:190} INFO - Không tìm thấy dữ liệu cho IN4
[2025-10-07T11:32:11.620+0000] {logging_mixin.py:190} INFO - ℹ️ IN4: Không có dữ liệu mới.
[2025-10-07T11:32:11.622+0000] {logging_mixin.py:190} INFO - ⬇️ Bắt đầu xử lý symbol = IMP
[2025-10-07T11:32:11.699+0000] {logging_mixin.py:190} INFO - ⚠️ Không đọc được file cũ IMP: 'date'
[2025-10-07T11:32:11.732+0000] {logging_mixin.py:190} INFO - IMP: trích dữ liệu từ 2025-10-04 đến 2025-10-07
[2025-10-07T11:32:11.755+0000] {client.py:83} ERROR - API request failed: HTTPSConnectionPool(host='trading.vietcap.com.vn', port=443): Max retries exceeded with url: /api/chart/OHLCChart/gap (Caused by NameResolutionError("<urllib3.connection.HTTPSConnection object at 0x7e619e7aeb70>: Failed to resolve 'trading.vietcap.com.vn' ([Errno -2] Name or service not known)"))
[2025-10-07T11:32:13.765+0000] {client.py:83} ERROR - API request failed: HTTPSConnectionPool(host='trading.vietcap.com.vn', port=443): Max retries exceeded with url: /api/chart/OHLCChart/gap (Caused by NameResolutionError("<urllib3.connection.HTTPSConnection object at 0x7e619e780c20>: Failed to resolve 'trading.vietcap.com.vn' ([Errno -2] Name or service not known)"))
[2025-10-07T11:32:15.779+0000] {client.py:83} ERROR - API request failed: HTTPSConnectionPool(host='trading.vietcap.com.vn', port=443): Max retries exceeded with url: /api/chart/OHLCChart/gap (Caused by NameResolutionError("<urllib3.connection.HTTPSConnection object at 0x7e619e7ac620>: Failed to resolve 'trading.vietcap.com.vn' ([Errno -2] Name or service not known)"))
[2025-10-07T11:32:15.781+0000] {logging_mixin.py:190} INFO - Không tìm thấy dữ liệu cho IMP
[2025-10-07T11:32:15.786+0000] {logging_mixin.py:190} INFO - ℹ️ IMP: Không có dữ liệu mới.
[2025-10-07T11:32:15.788+0000] {logging_mixin.py:190} INFO - ⬇️ Bắt đầu xử lý symbol = IME
[2025-10-07T11:32:15.885+0000] {logging_mixin.py:190} INFO - ⚠️ Không đọc được file cũ IME: 'date'
[2025-10-07T11:32:15.926+0000] {logging_mixin.py:190} INFO - IME: trích dữ liệu từ 2025-09-04 đến 2025-10-07
[2025-10-07T11:32:15.944+0000] {client.py:83} ERROR - API request failed: HTTPSConnectionPool(host='trading.vietcap.com.vn', port=443): Max retries exceeded with url: /api/chart/OHLCChart/gap (Caused by NameResolutionError("<urllib3.connection.HTTPSConnection object at 0x7e619e7afbc0>: Failed to resolve 'trading.vietcap.com.vn' ([Errno -2] Name or service not known)"))
[2025-10-07T11:32:17.959+0000] {client.py:83} ERROR - API request failed: HTTPSConnectionPool(host='trading.vietcap.com.vn', port=443): Max retries exceeded with url: /api/chart/OHLCChart/gap (Caused by NameResolutionError("<urllib3.connection.HTTPSConnection object at 0x7e619e7fc6e0>: Failed to resolve 'trading.vietcap.com.vn' ([Errno -2] Name or service not known)"))
[2025-10-07T11:32:19.972+0000] {client.py:83} ERROR - API request failed: HTTPSConnectionPool(host='trading.vietcap.com.vn', port=443): Max retries exceeded with url: /api/chart/OHLCChart/gap (Caused by NameResolutionError("<urllib3.connection.HTTPSConnection object at 0x7e619e7af740>: Failed to resolve 'trading.vietcap.com.vn' ([Errno -2] Name or service not known)"))
[2025-10-07T11:32:19.974+0000] {logging_mixin.py:190} INFO - Không tìm thấy dữ liệu cho IME
[2025-10-07T11:32:19.978+0000] {logging_mixin.py:190} INFO - ℹ️ IME: Không có dữ liệu mới.
[2025-10-07T11:32:19.979+0000] {logging_mixin.py:190} INFO - 🚦 Giới hạn API đạt mức tối đa, chờ 39.2s...
[2025-10-07T11:32:59.167+0000] {logging_mixin.py:190} INFO - ⬇️ Bắt đầu xử lý symbol = ILS
[2025-10-07T11:32:59.210+0000] {logging_mixin.py:190} INFO - ⚠️ Không đọc được file cũ ILS: 'date'
[2025-10-07T11:32:59.229+0000] {logging_mixin.py:190} INFO - ILS: trích dữ liệu từ 2025-10-01 đến 2025-10-07
[2025-10-07T11:32:59.238+0000] {client.py:83} ERROR - API request failed: HTTPSConnectionPool(host='trading.vietcap.com.vn', port=443): Max retries exceeded with url: /api/chart/OHLCChart/gap (Caused by NameResolutionError("<urllib3.connection.HTTPSConnection object at 0x7e619e7fc3e0>: Failed to resolve 'trading.vietcap.com.vn' ([Errno -2] Name or service not known)"))
[2025-10-07T11:33:01.253+0000] {client.py:83} ERROR - API request failed: HTTPSConnectionPool(host='trading.vietcap.com.vn', port=443): Max retries exceeded with url: /api/chart/OHLCChart/gap (Caused by NameResolutionError("<urllib3.connection.HTTPSConnection object at 0x7e619e7fd550>: Failed to resolve 'trading.vietcap.com.vn' ([Errno -2] Name or service not known)"))
[2025-10-07T11:33:03.311+0000] {client.py:83} ERROR - API request failed: HTTPSConnectionPool(host='trading.vietcap.com.vn', port=443): Max retries exceeded with url: /api/chart/OHLCChart/gap (Caused by NameResolutionError("<urllib3.connection.HTTPSConnection object at 0x7e619e7fe150>: Failed to resolve 'trading.vietcap.com.vn' ([Errno -2] Name or service not known)"))
[2025-10-07T11:33:03.550+0000] {logging_mixin.py:190} INFO - Không tìm thấy dữ liệu cho ILS
[2025-10-07T11:33:03.557+0000] {logging_mixin.py:190} INFO - ℹ️ ILS: Không có dữ liệu mới.
[2025-10-07T11:33:03.567+0000] {logging_mixin.py:190} INFO - ⬇️ Bắt đầu xử lý symbol = ILC
[2025-10-07T11:33:03.604+0000] {logging_mixin.py:190} INFO - ⚠️ Không đọc được file cũ ILC: 'date'
[2025-10-07T11:33:03.628+0000] {logging_mixin.py:190} INFO - ILC: trích dữ liệu từ 2025-10-04 đến 2025-10-07
[2025-10-07T11:33:03.635+0000] {client.py:83} ERROR - API request failed: HTTPSConnectionPool(host='trading.vietcap.com.vn', port=443): Max retries exceeded with url: /api/chart/OHLCChart/gap (Caused by NameResolutionError("<urllib3.connection.HTTPSConnection object at 0x7e619e7fd580>: Failed to resolve 'trading.vietcap.com.vn' ([Errno -2] Name or service not known)"))
[2025-10-07T11:33:05.644+0000] {client.py:83} ERROR - API request failed: HTTPSConnectionPool(host='trading.vietcap.com.vn', port=443): Max retries exceeded with url: /api/chart/OHLCChart/gap (Caused by NameResolutionError("<urllib3.connection.HTTPSConnection object at 0x7e619e7feba0>: Failed to resolve 'trading.vietcap.com.vn' ([Errno -2] Name or service not known)"))
[2025-10-07T11:33:07.657+0000] {client.py:83} ERROR - API request failed: HTTPSConnectionPool(host='trading.vietcap.com.vn', port=443): Max retries exceeded with url: /api/chart/OHLCChart/gap (Caused by NameResolutionError("<urllib3.connection.HTTPSConnection object at 0x7e619e7acd70>: Failed to resolve 'trading.vietcap.com.vn' ([Errno -2] Name or service not known)"))
[2025-10-07T11:33:07.659+0000] {logging_mixin.py:190} INFO - Không tìm thấy dữ liệu cho ILC
[2025-10-07T11:33:07.662+0000] {logging_mixin.py:190} INFO - ℹ️ ILC: Không có dữ liệu mới.
[2025-10-07T11:33:07.663+0000] {logging_mixin.py:190} INFO - ⬇️ Bắt đầu xử lý symbol = ILB
[2025-10-07T11:33:07.706+0000] {logging_mixin.py:190} INFO - ⚠️ Không đọc được file cũ ILB: 'date'
[2025-10-07T11:33:07.729+0000] {logging_mixin.py:190} INFO - ILB: trích dữ liệu từ 2025-10-04 đến 2025-10-07
[2025-10-07T11:33:07.740+0000] {client.py:83} ERROR - API request failed: HTTPSConnectionPool(host='trading.vietcap.com.vn', port=443): Max retries exceeded with url: /api/chart/OHLCChart/gap (Caused by NameResolutionError("<urllib3.connection.HTTPSConnection object at 0x7e619e7fd100>: Failed to resolve 'trading.vietcap.com.vn' ([Errno -2] Name or service not known)"))
[2025-10-07T11:33:09.758+0000] {client.py:83} ERROR - API request failed: HTTPSConnectionPool(host='trading.vietcap.com.vn', port=443): Max retries exceeded with url: /api/chart/OHLCChart/gap (Caused by NameResolutionError("<urllib3.connection.HTTPSConnection object at 0x7e619e781cd0>: Failed to resolve 'trading.vietcap.com.vn' ([Errno -2] Name or service not known)"))
[2025-10-07T11:33:11.766+0000] {client.py:83} ERROR - API request failed: HTTPSConnectionPool(host='trading.vietcap.com.vn', port=443): Max retries exceeded with url: /api/chart/OHLCChart/gap (Caused by NameResolutionError("<urllib3.connection.HTTPSConnection object at 0x7e619e781250>: Failed to resolve 'trading.vietcap.com.vn' ([Errno -2] Name or service not known)"))
[2025-10-07T11:33:11.768+0000] {logging_mixin.py:190} INFO - Không tìm thấy dữ liệu cho ILB
[2025-10-07T11:33:11.770+0000] {logging_mixin.py:190} INFO - ℹ️ ILB: Không có dữ liệu mới.
[2025-10-07T11:33:11.770+0000] {logging_mixin.py:190} INFO - ⬇️ Bắt đầu xử lý symbol = ILA
[2025-10-07T11:33:11.793+0000] {logging_mixin.py:190} INFO - ⚠️ Không đọc được file cũ ILA: 'date'
[2025-10-07T11:33:11.805+0000] {logging_mixin.py:190} INFO - ILA: trích dữ liệu từ 2025-10-04 đến 2025-10-07
[2025-10-07T11:33:11.811+0000] {client.py:83} ERROR - API request failed: HTTPSConnectionPool(host='trading.vietcap.com.vn', port=443): Max retries exceeded with url: /api/chart/OHLCChart/gap (Caused by NameResolutionError("<urllib3.connection.HTTPSConnection object at 0x7e619e7813d0>: Failed to resolve 'trading.vietcap.com.vn' ([Errno -2] Name or service not known)"))
[2025-10-07T11:33:13.829+0000] {client.py:83} ERROR - API request failed: HTTPSConnectionPool(host='trading.vietcap.com.vn', port=443): Max retries exceeded with url: /api/chart/OHLCChart/gap (Caused by NameResolutionError("<urllib3.connection.HTTPSConnection object at 0x7e619e781fa0>: Failed to resolve 'trading.vietcap.com.vn' ([Errno -2] Name or service not known)"))
[2025-10-07T11:33:15.845+0000] {client.py:83} ERROR - API request failed: HTTPSConnectionPool(host='trading.vietcap.com.vn', port=443): Max retries exceeded with url: /api/chart/OHLCChart/gap (Caused by NameResolutionError("<urllib3.connection.HTTPSConnection object at 0x7e619e91fa40>: Failed to resolve 'trading.vietcap.com.vn' ([Errno -2] Name or service not known)"))
[2025-10-07T11:33:15.848+0000] {logging_mixin.py:190} INFO - Không tìm thấy dữ liệu cho ILA
[2025-10-07T11:33:15.854+0000] {logging_mixin.py:190} INFO - ℹ️ ILA: Không có dữ liệu mới.
[2025-10-07T11:33:15.856+0000] {logging_mixin.py:190} INFO - ⬇️ Bắt đầu xử lý symbol = IJC
[2025-10-07T11:33:15.935+0000] {logging_mixin.py:190} INFO - ⚠️ Không đọc được file cũ IJC: 'date'
[2025-10-07T11:33:15.973+0000] {logging_mixin.py:190} INFO - IJC: trích dữ liệu từ 2025-10-04 đến 2025-10-07
[2025-10-07T11:33:15.991+0000] {client.py:83} ERROR - API request failed: HTTPSConnectionPool(host='trading.vietcap.com.vn', port=443): Max retries exceeded with url: /api/chart/OHLCChart/gap (Caused by NameResolutionError("<urllib3.connection.HTTPSConnection object at 0x7e619e93ddc0>: Failed to resolve 'trading.vietcap.com.vn' ([Errno -2] Name or service not known)"))
[2025-10-07T11:33:18.007+0000] {client.py:83} ERROR - API request failed: HTTPSConnectionPool(host='trading.vietcap.com.vn', port=443): Max retries exceeded with url: /api/chart/OHLCChart/gap (Caused by NameResolutionError("<urllib3.connection.HTTPSConnection object at 0x7e619e781fd0>: Failed to resolve 'trading.vietcap.com.vn' ([Errno -2] Name or service not known)"))
[2025-10-07T11:33:20.023+0000] {client.py:83} ERROR - API request failed: HTTPSConnectionPool(host='trading.vietcap.com.vn', port=443): Max retries exceeded with url: /api/chart/OHLCChart/gap (Caused by NameResolutionError("<urllib3.connection.HTTPSConnection object at 0x7e619e7ad4c0>: Failed to resolve 'trading.vietcap.com.vn' ([Errno -2] Name or service not known)"))
[2025-10-07T11:33:20.026+0000] {logging_mixin.py:190} INFO - Không tìm thấy dữ liệu cho IJC
[2025-10-07T11:33:20.031+0000] {logging_mixin.py:190} INFO - ℹ️ IJC: Không có dữ liệu mới.
[2025-10-07T11:33:20.033+0000] {logging_mixin.py:190} INFO - 🚦 Giới hạn API đạt mức tối đa, chờ 39.1s...
[2025-10-07T11:33:59.168+0000] {logging_mixin.py:190} INFO - ⬇️ Bắt đầu xử lý symbol = IHK
[2025-10-07T11:33:59.252+0000] {logging_mixin.py:190} INFO - ⚠️ Không đọc được file cũ IHK: 'date'
[2025-10-07T11:33:59.294+0000] {logging_mixin.py:190} INFO - IHK: trích dữ liệu từ 2025-10-04 đến 2025-10-07
[2025-10-07T11:33:59.354+0000] {client.py:83} ERROR - API request failed: HTTPSConnectionPool(host='trading.vietcap.com.vn', port=443): Max retries exceeded with url: /api/chart/OHLCChart/gap (Caused by NameResolutionError("<urllib3.connection.HTTPSConnection object at 0x7e619e93da30>: Failed to resolve 'trading.vietcap.com.vn' ([Errno -2] Name or service not known)"))
[2025-10-07T11:34:01.362+0000] {client.py:83} ERROR - API request failed: HTTPSConnectionPool(host='trading.vietcap.com.vn', port=443): Max retries exceeded with url: /api/chart/OHLCChart/gap (Caused by NameResolutionError("<urllib3.connection.HTTPSConnection object at 0x7e619e93e510>: Failed to resolve 'trading.vietcap.com.vn' ([Errno -2] Name or service not known)"))
[2025-10-07T11:34:03.376+0000] {client.py:83} ERROR - API request failed: HTTPSConnectionPool(host='trading.vietcap.com.vn', port=443): Max retries exceeded with url: /api/chart/OHLCChart/gap (Caused by NameResolutionError("<urllib3.connection.HTTPSConnection object at 0x7e619e853d10>: Failed to resolve 'trading.vietcap.com.vn' ([Errno -2] Name or service not known)"))
[2025-10-07T11:34:03.380+0000] {logging_mixin.py:190} INFO - Không tìm thấy dữ liệu cho IHK
[2025-10-07T11:34:03.386+0000] {logging_mixin.py:190} INFO - ℹ️ IHK: Không có dữ liệu mới.
[2025-10-07T11:34:03.388+0000] {logging_mixin.py:190} INFO - 🚦 Giới hạn API đạt mức tối đa, chờ 0.2s...
[2025-10-07T11:34:03.569+0000] {logging_mixin.py:190} INFO - ⬇️ Bắt đầu xử lý symbol = IFS
[2025-10-07T11:34:03.652+0000] {logging_mixin.py:190} INFO - ⚠️ Không đọc được file cũ IFS: 'date'
[2025-10-07T11:34:03.694+0000] {logging_mixin.py:190} INFO - IFS: trích dữ liệu từ 2025-10-04 đến 2025-10-07
[2025-10-07T11:34:03.711+0000] {client.py:83} ERROR - API request failed: HTTPSConnectionPool(host='trading.vietcap.com.vn', port=443): Max retries exceeded with url: /api/chart/OHLCChart/gap (Caused by NameResolutionError("<urllib3.connection.HTTPSConnection object at 0x7e619e93deb0>: Failed to resolve 'trading.vietcap.com.vn' ([Errno -2] Name or service not known)"))
[2025-10-07T11:34:05.726+0000] {client.py:83} ERROR - API request failed: HTTPSConnectionPool(host='trading.vietcap.com.vn', port=443): Max retries exceeded with url: /api/chart/OHLCChart/gap (Caused by NameResolutionError("<urllib3.connection.HTTPSConnection object at 0x7e619e93df10>: Failed to resolve 'trading.vietcap.com.vn' ([Errno -2] Name or service not known)"))
[2025-10-07T11:34:07.741+0000] {client.py:83} ERROR - API request failed: HTTPSConnectionPool(host='trading.vietcap.com.vn', port=443): Max retries exceeded with url: /api/chart/OHLCChart/gap (Caused by NameResolutionError("<urllib3.connection.HTTPSConnection object at 0x7e619e82e120>: Failed to resolve 'trading.vietcap.com.vn' ([Errno -2] Name or service not known)"))
[2025-10-07T11:34:07.745+0000] {logging_mixin.py:190} INFO - Không tìm thấy dữ liệu cho IFS
[2025-10-07T11:34:07.751+0000] {logging_mixin.py:190} INFO - ℹ️ IFS: Không có dữ liệu mới.
[2025-10-07T11:34:07.753+0000] {logging_mixin.py:190} INFO - ⬇️ Bắt đầu xử lý symbol = IDV
[2025-10-07T11:34:07.852+0000] {logging_mixin.py:190} INFO - ⚠️ Không đọc được file cũ IDV: 'date'
[2025-10-07T11:34:07.890+0000] {logging_mixin.py:190} INFO - IDV: trích dữ liệu từ 2025-10-04 đến 2025-10-07
[2025-10-07T11:34:07.906+0000] {client.py:83} ERROR - API request failed: HTTPSConnectionPool(host='trading.vietcap.com.vn', port=443): Max retries exceeded with url: /api/chart/OHLCChart/gap (Caused by NameResolutionError("<urllib3.connection.HTTPSConnection object at 0x7e619e93e330>: Failed to resolve 'trading.vietcap.com.vn' ([Errno -2] Name or service not known)"))
[2025-10-07T11:34:09.952+0000] {client.py:83} ERROR - API request failed: HTTPSConnectionPool(host='trading.vietcap.com.vn', port=443): Max retries exceeded with url: /api/chart/OHLCChart/gap (Caused by NameResolutionError("<urllib3.connection.HTTPSConnection object at 0x7e619e93dbb0>: Failed to resolve 'trading.vietcap.com.vn' ([Errno -2] Name or service not known)"))
[2025-10-07T11:34:11.968+0000] {client.py:83} ERROR - API request failed: HTTPSConnectionPool(host='trading.vietcap.com.vn', port=443): Max retries exceeded with url: /api/chart/OHLCChart/gap (Caused by NameResolutionError("<urllib3.connection.HTTPSConnection object at 0x7e619e9dc830>: Failed to resolve 'trading.vietcap.com.vn' ([Errno -2] Name or service not known)"))
[2025-10-07T11:34:11.971+0000] {logging_mixin.py:190} INFO - Không tìm thấy dữ liệu cho IDV
[2025-10-07T11:34:11.976+0000] {logging_mixin.py:190} INFO - ℹ️ IDV: Không có dữ liệu mới.
[2025-10-07T11:34:11.978+0000] {logging_mixin.py:190} INFO - ⬇️ Bắt đầu xử lý symbol = IDP
[2025-10-07T11:34:12.047+0000] {logging_mixin.py:190} INFO - ⚠️ Không đọc được file cũ IDP: 'date'
[2025-10-07T11:34:12.084+0000] {logging_mixin.py:190} INFO - IDP: trích dữ liệu từ 2025-10-03 đến 2025-10-07
[2025-10-07T11:34:12.099+0000] {client.py:83} ERROR - API request failed: HTTPSConnectionPool(host='trading.vietcap.com.vn', port=443): Max retries exceeded with url: /api/chart/OHLCChart/gap (Caused by NameResolutionError("<urllib3.connection.HTTPSConnection object at 0x7e619e82ebd0>: Failed to resolve 'trading.vietcap.com.vn' ([Errno -2] Name or service not known)"))
[2025-10-07T11:34:14.110+0000] {client.py:83} ERROR - API request failed: HTTPSConnectionPool(host='trading.vietcap.com.vn', port=443): Max retries exceeded with url: /api/chart/OHLCChart/gap (Caused by NameResolutionError("<urllib3.connection.HTTPSConnection object at 0x7e619e93f710>: Failed to resolve 'trading.vietcap.com.vn' ([Errno -2] Name or service not known)"))
[2025-10-07T11:34:16.124+0000] {client.py:83} ERROR - API request failed: HTTPSConnectionPool(host='trading.vietcap.com.vn', port=443): Max retries exceeded with url: /api/chart/OHLCChart/gap (Caused by NameResolutionError("<urllib3.connection.HTTPSConnection object at 0x7e619e93e690>: Failed to resolve 'trading.vietcap.com.vn' ([Errno -2] Name or service not known)"))
[2025-10-07T11:34:16.127+0000] {logging_mixin.py:190} INFO - Không tìm thấy dữ liệu cho IDP
[2025-10-07T11:34:16.134+0000] {logging_mixin.py:190} INFO - ℹ️ IDP: Không có dữ liệu mới.
[2025-10-07T11:34:16.136+0000] {logging_mixin.py:190} INFO - ⬇️ Bắt đầu xử lý symbol = IDJ
[2025-10-07T11:34:16.204+0000] {logging_mixin.py:190} INFO - ⚠️ Không đọc được file cũ IDJ: 'date'
[2025-10-07T11:34:16.241+0000] {logging_mixin.py:190} INFO - IDJ: trích dữ liệu từ 2025-10-04 đến 2025-10-07
[2025-10-07T11:34:16.257+0000] {client.py:83} ERROR - API request failed: HTTPSConnectionPool(host='trading.vietcap.com.vn', port=443): Max retries exceeded with url: /api/chart/OHLCChart/gap (Caused by NameResolutionError("<urllib3.connection.HTTPSConnection object at 0x7e619e82da30>: Failed to resolve 'trading.vietcap.com.vn' ([Errno -2] Name or service not known)"))
[2025-10-07T11:34:18.264+0000] {client.py:83} ERROR - API request failed: HTTPSConnectionPool(host='trading.vietcap.com.vn', port=443): Max retries exceeded with url: /api/chart/OHLCChart/gap (Caused by NameResolutionError("<urllib3.connection.HTTPSConnection object at 0x7e619e82d190>: Failed to resolve 'trading.vietcap.com.vn' ([Errno -2] Name or service not known)"))
[2025-10-07T11:34:20.279+0000] {client.py:83} ERROR - API request failed: HTTPSConnectionPool(host='trading.vietcap.com.vn', port=443): Max retries exceeded with url: /api/chart/OHLCChart/gap (Caused by NameResolutionError("<urllib3.connection.HTTPSConnection object at 0x7e619e93f950>: Failed to resolve 'trading.vietcap.com.vn' ([Errno -2] Name or service not known)"))
[2025-10-07T11:34:20.283+0000] {logging_mixin.py:190} INFO - Không tìm thấy dữ liệu cho IDJ
[2025-10-07T11:34:20.287+0000] {logging_mixin.py:190} INFO - ℹ️ IDJ: Không có dữ liệu mới.
[2025-10-07T11:34:20.289+0000] {logging_mixin.py:190} INFO - 🚦 Giới hạn API đạt mức tối đa, chờ 38.9s...
[2025-10-07T11:34:59.169+0000] {logging_mixin.py:190} INFO - ⬇️ Bắt đầu xử lý symbol = IDI
[2025-10-07T11:34:59.252+0000] {logging_mixin.py:190} INFO - ⚠️ Không đọc được file cũ IDI: 'date'
[2025-10-07T11:34:59.282+0000] {logging_mixin.py:190} INFO - IDI: trích dữ liệu từ 2025-10-04 đến 2025-10-07
[2025-10-07T11:34:59.337+0000] {client.py:83} ERROR - API request failed: HTTPSConnectionPool(host='trading.vietcap.com.vn', port=443): Max retries exceeded with url: /api/chart/OHLCChart/gap (Caused by NameResolutionError("<urllib3.connection.HTTPSConnection object at 0x7e619e82f050>: Failed to resolve 'trading.vietcap.com.vn' ([Errno -2] Name or service not known)"))
[2025-10-07T11:35:01.354+0000] {client.py:83} ERROR - API request failed: HTTPSConnectionPool(host='trading.vietcap.com.vn', port=443): Max retries exceeded with url: /api/chart/OHLCChart/gap (Caused by NameResolutionError("<urllib3.connection.HTTPSConnection object at 0x7e619e82f2f0>: Failed to resolve 'trading.vietcap.com.vn' ([Errno -2] Name or service not known)"))
[2025-10-07T11:35:03.380+0000] {client.py:83} ERROR - API request failed: HTTPSConnectionPool(host='trading.vietcap.com.vn', port=443): Max retries exceeded with url: /api/chart/OHLCChart/gap (Caused by NameResolutionError("<urllib3.connection.HTTPSConnection object at 0x7e619e82fda0>: Failed to resolve 'trading.vietcap.com.vn' ([Errno -2] Name or service not known)"))
[2025-10-07T11:35:03.388+0000] {logging_mixin.py:190} INFO - Không tìm thấy dữ liệu cho IDI
[2025-10-07T11:35:03.396+0000] {logging_mixin.py:190} INFO - ℹ️ IDI: Không có dữ liệu mới.
[2025-10-07T11:35:03.399+0000] {logging_mixin.py:190} INFO - 🚦 Giới hạn API đạt mức tối đa, chờ 0.2s...
[2025-10-07T11:35:03.572+0000] {logging_mixin.py:190} INFO - ⬇️ Bắt đầu xử lý symbol = IDC
[2025-10-07T11:35:03.608+0000] {logging_mixin.py:190} INFO - ⚠️ Không đọc được file cũ IDC: 'date'
[2025-10-07T11:35:03.625+0000] {logging_mixin.py:190} INFO - IDC: trích dữ liệu từ 2025-10-04 đến 2025-10-07
[2025-10-07T11:35:03.634+0000] {client.py:83} ERROR - API request failed: HTTPSConnectionPool(host='trading.vietcap.com.vn', port=443): Max retries exceeded with url: /api/chart/OHLCChart/gap (Caused by NameResolutionError("<urllib3.connection.HTTPSConnection object at 0x7e619e93ee10>: Failed to resolve 'trading.vietcap.com.vn' ([Errno -2] Name or service not known)"))
[2025-10-07T11:35:05.644+0000] {client.py:83} ERROR - API request failed: HTTPSConnectionPool(host='trading.vietcap.com.vn', port=443): Max retries exceeded with url: /api/chart/OHLCChart/gap (Caused by NameResolutionError("<urllib3.connection.HTTPSConnection object at 0x7e61c53307d0>: Failed to resolve 'trading.vietcap.com.vn' ([Errno -2] Name or service not known)"))
[2025-10-07T11:35:07.659+0000] {client.py:83} ERROR - API request failed: HTTPSConnectionPool(host='trading.vietcap.com.vn', port=443): Max retries exceeded with url: /api/chart/OHLCChart/gap (Caused by NameResolutionError("<urllib3.connection.HTTPSConnection object at 0x7e61c5331250>: Failed to resolve 'trading.vietcap.com.vn' ([Errno -2] Name or service not known)"))
[2025-10-07T11:35:07.662+0000] {logging_mixin.py:190} INFO - Không tìm thấy dữ liệu cho IDC
[2025-10-07T11:35:07.666+0000] {logging_mixin.py:190} INFO - ℹ️ IDC: Không có dữ liệu mới.
[2025-10-07T11:35:07.668+0000] {logging_mixin.py:190} INFO - 🚦 Giới hạn API đạt mức tối đa, chờ 0.1s...
[2025-10-07T11:35:07.755+0000] {logging_mixin.py:190} INFO - ⬇️ Bắt đầu xử lý symbol = ICT
[2025-10-07T11:35:07.822+0000] {logging_mixin.py:190} INFO - ⚠️ Không đọc được file cũ ICT: 'date'
[2025-10-07T11:35:07.862+0000] {logging_mixin.py:190} INFO - ICT: trích dữ liệu từ 2025-10-04 đến 2025-10-07
[2025-10-07T11:35:07.879+0000] {client.py:83} ERROR - API request failed: HTTPSConnectionPool(host='trading.vietcap.com.vn', port=443): Max retries exceeded with url: /api/chart/OHLCChart/gap (Caused by NameResolutionError("<urllib3.connection.HTTPSConnection object at 0x7e619e93d7f0>: Failed to resolve 'trading.vietcap.com.vn' ([Errno -2] Name or service not known)"))
[2025-10-07T11:35:09.898+0000] {client.py:83} ERROR - API request failed: HTTPSConnectionPool(host='trading.vietcap.com.vn', port=443): Max retries exceeded with url: /api/chart/OHLCChart/gap (Caused by NameResolutionError("<urllib3.connection.HTTPSConnection object at 0x7e619e82e5d0>: Failed to resolve 'trading.vietcap.com.vn' ([Errno -2] Name or service not known)"))
[2025-10-07T11:35:12.113+0000] {client.py:83} ERROR - API request failed: HTTPSConnectionPool(host='trading.vietcap.com.vn', port=443): Max retries exceeded with url: /api/chart/OHLCChart/gap (Caused by NameResolutionError("<urllib3.connection.HTTPSConnection object at 0x7e619e93fa40>: Failed to resolve 'trading.vietcap.com.vn' ([Errno -2] Name or service not known)"))
[2025-10-07T11:35:12.118+0000] {logging_mixin.py:190} INFO - Không tìm thấy dữ liệu cho ICT
[2025-10-07T11:35:12.123+0000] {logging_mixin.py:190} INFO - ℹ️ ICT: Không có dữ liệu mới.
[2025-10-07T11:35:12.125+0000] {logging_mixin.py:190} INFO - ⬇️ Bắt đầu xử lý symbol = ICN
[2025-10-07T11:35:12.198+0000] {logging_mixin.py:190} INFO - ⚠️ Không đọc được file cũ ICN: 'date'
[2025-10-07T11:35:12.234+0000] {logging_mixin.py:190} INFO - ICN: trích dữ liệu từ 2025-10-04 đến 2025-10-07
[2025-10-07T11:35:12.255+0000] {client.py:83} ERROR - API request failed: HTTPSConnectionPool(host='trading.vietcap.com.vn', port=443): Max retries exceeded with url: /api/chart/OHLCChart/gap (Caused by NameResolutionError("<urllib3.connection.HTTPSConnection object at 0x7e619e82daf0>: Failed to resolve 'trading.vietcap.com.vn' ([Errno -2] Name or service not known)"))
[2025-10-07T11:35:14.273+0000] {client.py:83} ERROR - API request failed: HTTPSConnectionPool(host='trading.vietcap.com.vn', port=443): Max retries exceeded with url: /api/chart/OHLCChart/gap (Caused by NameResolutionError("<urllib3.connection.HTTPSConnection object at 0x7e619e93cb60>: Failed to resolve 'trading.vietcap.com.vn' ([Errno -2] Name or service not known)"))
[2025-10-07T11:35:16.285+0000] {client.py:83} ERROR - API request failed: HTTPSConnectionPool(host='trading.vietcap.com.vn', port=443): Max retries exceeded with url: /api/chart/OHLCChart/gap (Caused by NameResolutionError("<urllib3.connection.HTTPSConnection object at 0x7e619e82f110>: Failed to resolve 'trading.vietcap.com.vn' ([Errno -2] Name or service not known)"))
[2025-10-07T11:35:16.286+0000] {logging_mixin.py:190} INFO - Không tìm thấy dữ liệu cho ICN
[2025-10-07T11:35:16.289+0000] {logging_mixin.py:190} INFO - ℹ️ ICN: Không có dữ liệu mới.
[2025-10-07T11:35:16.290+0000] {logging_mixin.py:190} INFO - ⬇️ Bắt đầu xử lý symbol = ICI
[2025-10-07T11:35:16.327+0000] {logging_mixin.py:190} INFO - ⚠️ Không đọc được file cũ ICI: 'date'
[2025-10-07T11:35:16.341+0000] {logging_mixin.py:190} INFO - ICI: trích dữ liệu từ 2025-09-18 đến 2025-10-07
[2025-10-07T11:35:16.347+0000] {client.py:83} ERROR - API request failed: HTTPSConnectionPool(host='trading.vietcap.com.vn', port=443): Max retries exceeded with url: /api/chart/OHLCChart/gap (Caused by NameResolutionError("<urllib3.connection.HTTPSConnection object at 0x7e619e853f50>: Failed to resolve 'trading.vietcap.com.vn' ([Errno -2] Name or service not known)"))
[2025-10-07T11:35:18.359+0000] {client.py:83} ERROR - API request failed: HTTPSConnectionPool(host='trading.vietcap.com.vn', port=443): Max retries exceeded with url: /api/chart/OHLCChart/gap (Caused by NameResolutionError("<urllib3.connection.HTTPSConnection object at 0x7e619e780ad0>: Failed to resolve 'trading.vietcap.com.vn' ([Errno -2] Name or service not known)"))
[2025-10-07T11:35:20.390+0000] {client.py:83} ERROR - API request failed: HTTPSConnectionPool(host='trading.vietcap.com.vn', port=443): Max retries exceeded with url: /api/chart/OHLCChart/gap (Caused by NameResolutionError("<urllib3.connection.HTTPSConnection object at 0x7e619e7822a0>: Failed to resolve 'trading.vietcap.com.vn' ([Errno -2] Name or service not known)"))
[2025-10-07T11:35:20.391+0000] {logging_mixin.py:190} INFO - Không tìm thấy dữ liệu cho ICI
[2025-10-07T11:35:20.393+0000] {logging_mixin.py:190} INFO - ℹ️ ICI: Không có dữ liệu mới.
[2025-10-07T11:35:20.394+0000] {logging_mixin.py:190} INFO - 🚦 Giới hạn API đạt mức tối đa, chờ 38.8s...
[2025-10-07T11:35:59.167+0000] {logging_mixin.py:190} INFO - ⬇️ Bắt đầu xử lý symbol = ICG
[2025-10-07T11:35:59.242+0000] {logging_mixin.py:190} INFO - ⚠️ Không đọc được file cũ ICG: 'date'
[2025-10-07T11:35:59.258+0000] {logging_mixin.py:190} INFO - ICG: trích dữ liệu từ 2025-10-03 đến 2025-10-07
[2025-10-07T11:35:59.267+0000] {client.py:83} ERROR - API request failed: HTTPSConnectionPool(host='trading.vietcap.com.vn', port=443): Max retries exceeded with url: /api/chart/OHLCChart/gap (Caused by NameResolutionError("<urllib3.connection.HTTPSConnection object at 0x7e619e783b30>: Failed to resolve 'trading.vietcap.com.vn' ([Errno -2] Name or service not known)"))
[2025-10-07T11:36:01.282+0000] {client.py:83} ERROR - API request failed: HTTPSConnectionPool(host='trading.vietcap.com.vn', port=443): Max retries exceeded with url: /api/chart/OHLCChart/gap (Caused by NameResolutionError("<urllib3.connection.HTTPSConnection object at 0x7e619e782120>: Failed to resolve 'trading.vietcap.com.vn' ([Errno -2] Name or service not known)"))
[2025-10-07T11:36:03.294+0000] {client.py:83} ERROR - API request failed: HTTPSConnectionPool(host='trading.vietcap.com.vn', port=443): Max retries exceeded with url: /api/chart/OHLCChart/gap (Caused by NameResolutionError("<urllib3.connection.HTTPSConnection object at 0x7e619e782a20>: Failed to resolve 'trading.vietcap.com.vn' ([Errno -2] Name or service not known)"))
[2025-10-07T11:36:03.296+0000] {logging_mixin.py:190} INFO - Không tìm thấy dữ liệu cho ICG
[2025-10-07T11:36:03.299+0000] {logging_mixin.py:190} INFO - ℹ️ ICG: Không có dữ liệu mới.
[2025-10-07T11:36:03.300+0000] {logging_mixin.py:190} INFO - 🚦 Giới hạn API đạt mức tối đa, chờ 0.3s...
[2025-10-07T11:36:03.573+0000] {logging_mixin.py:190} INFO - ⬇️ Bắt đầu xử lý symbol = ICF
[2025-10-07T11:36:03.644+0000] {logging_mixin.py:190} INFO - ⚠️ Không đọc được file cũ ICF: 'date'
[2025-10-07T11:36:03.685+0000] {logging_mixin.py:190} INFO - ICF: trích dữ liệu từ 2025-10-04 đến 2025-10-07
[2025-10-07T11:36:03.721+0000] {client.py:83} ERROR - API request failed: HTTPSConnectionPool(host='trading.vietcap.com.vn', port=443): Max retries exceeded with url: /api/chart/OHLCChart/gap (Caused by NameResolutionError("<urllib3.connection.HTTPSConnection object at 0x7e619e782cc0>: Failed to resolve 'trading.vietcap.com.vn' ([Errno -2] Name or service not known)"))
[2025-10-07T11:36:05.739+0000] {client.py:83} ERROR - API request failed: HTTPSConnectionPool(host='trading.vietcap.com.vn', port=443): Max retries exceeded with url: /api/chart/OHLCChart/gap (Caused by NameResolutionError("<urllib3.connection.HTTPSConnection object at 0x7e619e780050>: Failed to resolve 'trading.vietcap.com.vn' ([Errno -2] Name or service not known)"))
[2025-10-07T11:36:07.754+0000] {client.py:83} ERROR - API request failed: HTTPSConnectionPool(host='trading.vietcap.com.vn', port=443): Max retries exceeded with url: /api/chart/OHLCChart/gap (Caused by NameResolutionError("<urllib3.connection.HTTPSConnection object at 0x7e619e93ddc0>: Failed to resolve 'trading.vietcap.com.vn' ([Errno -2] Name or service not known)"))
[2025-10-07T11:36:07.757+0000] {logging_mixin.py:190} INFO - Không tìm thấy dữ liệu cho ICF
[2025-10-07T11:36:07.762+0000] {logging_mixin.py:190} INFO - ℹ️ ICF: Không có dữ liệu mới.
[2025-10-07T11:36:07.764+0000] {logging_mixin.py:190} INFO - ⬇️ Bắt đầu xử lý symbol = ICC
[2025-10-07T11:36:07.824+0000] {logging_mixin.py:190} INFO - ⚠️ Không đọc được file cũ ICC: 'date'
[2025-10-07T11:36:07.859+0000] {logging_mixin.py:190} INFO - ICC: trích dữ liệu từ 2025-10-04 đến 2025-10-07
[2025-10-07T11:36:07.874+0000] {client.py:83} ERROR - API request failed: HTTPSConnectionPool(host='trading.vietcap.com.vn', port=443): Max retries exceeded with url: /api/chart/OHLCChart/gap (Caused by NameResolutionError("<urllib3.connection.HTTPSConnection object at 0x7e619e7af230>: Failed to resolve 'trading.vietcap.com.vn' ([Errno -2] Name or service not known)"))
[2025-10-07T11:36:09.883+0000] {client.py:83} ERROR - API request failed: HTTPSConnectionPool(host='trading.vietcap.com.vn', port=443): Max retries exceeded with url: /api/chart/OHLCChart/gap (Caused by NameResolutionError("<urllib3.connection.HTTPSConnection object at 0x7e619e7acb90>: Failed to resolve 'trading.vietcap.com.vn' ([Errno -2] Name or service not known)"))
[2025-10-07T11:36:11.895+0000] {client.py:83} ERROR - API request failed: HTTPSConnectionPool(host='trading.vietcap.com.vn', port=443): Max retries exceeded with url: /api/chart/OHLCChart/gap (Caused by NameResolutionError("<urllib3.connection.HTTPSConnection object at 0x7e619e783590>: Failed to resolve 'trading.vietcap.com.vn' ([Errno -2] Name or service not known)"))
[2025-10-07T11:36:11.897+0000] {logging_mixin.py:190} INFO - Không tìm thấy dữ liệu cho ICC
[2025-10-07T11:36:11.901+0000] {logging_mixin.py:190} INFO - ℹ️ ICC: Không có dữ liệu mới.
[2025-10-07T11:36:11.903+0000] {logging_mixin.py:190} INFO - 🚦 Giới hạn API đạt mức tối đa, chờ 0.2s...
[2025-10-07T11:36:12.127+0000] {logging_mixin.py:190} INFO - ⬇️ Bắt đầu xử lý symbol = IBN
[2025-10-07T11:36:12.190+0000] {logging_mixin.py:190} INFO - ⚠️ Không đọc được file cũ IBN: 'date'
[2025-10-07T11:36:12.217+0000] {logging_mixin.py:190} INFO - IBN: trích dữ liệu từ 2022-07-29 đến 2025-10-07
[2025-10-07T11:36:12.233+0000] {client.py:83} ERROR - API request failed: HTTPSConnectionPool(host='trading.vietcap.com.vn', port=443): Max retries exceeded with url: /api/chart/OHLCChart/gap (Caused by NameResolutionError("<urllib3.connection.HTTPSConnection object at 0x7e619e7aed50>: Failed to resolve 'trading.vietcap.com.vn' ([Errno -2] Name or service not known)"))
[2025-10-07T11:36:14.239+0000] {client.py:83} ERROR - API request failed: HTTPSConnectionPool(host='trading.vietcap.com.vn', port=443): Max retries exceeded with url: /api/chart/OHLCChart/gap (Caused by NameResolutionError("<urllib3.connection.HTTPSConnection object at 0x7e619e7fd4c0>: Failed to resolve 'trading.vietcap.com.vn' ([Errno -2] Name or service not known)"))
[2025-10-07T11:36:16.255+0000] {client.py:83} ERROR - API request failed: HTTPSConnectionPool(host='trading.vietcap.com.vn', port=443): Max retries exceeded with url: /api/chart/OHLCChart/gap (Caused by NameResolutionError("<urllib3.connection.HTTPSConnection object at 0x7e619e7ff170>: Failed to resolve 'trading.vietcap.com.vn' ([Errno -2] Name or service not known)"))
[2025-10-07T11:36:16.261+0000] {logging_mixin.py:190} INFO - Không tìm thấy dữ liệu cho IBN
[2025-10-07T11:36:16.272+0000] {logging_mixin.py:190} INFO - ℹ️ IBN: Không có dữ liệu mới.
[2025-10-07T11:36:16.275+0000] {logging_mixin.py:190} INFO - 🚦 Giới hạn API đạt mức tối đa, chờ 0.0s...
[2025-10-07T11:36:16.292+0000] {logging_mixin.py:190} INFO - ⬇️ Bắt đầu xử lý symbol = IBD
[2025-10-07T11:36:16.379+0000] {logging_mixin.py:190} INFO - ⚠️ Không đọc được file cũ IBD: 'date'
[2025-10-07T11:36:16.419+0000] {logging_mixin.py:190} INFO - IBD: trích dữ liệu từ 2025-07-29 đến 2025-10-07
[2025-10-07T11:36:16.460+0000] {client.py:83} ERROR - API request failed: HTTPSConnectionPool(host='trading.vietcap.com.vn', port=443): Max retries exceeded with url: /api/chart/OHLCChart/gap (Caused by NameResolutionError("<urllib3.connection.HTTPSConnection object at 0x7e619e7af590>: Failed to resolve 'trading.vietcap.com.vn' ([Errno -2] Name or service not known)"))
[2025-10-07T11:36:18.474+0000] {client.py:83} ERROR - API request failed: HTTPSConnectionPool(host='trading.vietcap.com.vn', port=443): Max retries exceeded with url: /api/chart/OHLCChart/gap (Caused by NameResolutionError("<urllib3.connection.HTTPSConnection object at 0x7e619e82fe90>: Failed to resolve 'trading.vietcap.com.vn' ([Errno -2] Name or service not known)"))
[2025-10-07T11:36:20.482+0000] {client.py:83} ERROR - API request failed: HTTPSConnectionPool(host='trading.vietcap.com.vn', port=443): Max retries exceeded with url: /api/chart/OHLCChart/gap (Caused by NameResolutionError("<urllib3.connection.HTTPSConnection object at 0x7e619e82cfb0>: Failed to resolve 'trading.vietcap.com.vn' ([Errno -2] Name or service not known)"))
[2025-10-07T11:36:20.483+0000] {logging_mixin.py:190} INFO - Không tìm thấy dữ liệu cho IBD
[2025-10-07T11:36:20.485+0000] {logging_mixin.py:190} INFO - ℹ️ IBD: Không có dữ liệu mới.
[2025-10-07T11:36:20.486+0000] {logging_mixin.py:190} INFO - 🚦 Giới hạn API đạt mức tối đa, chờ 38.7s...
[2025-10-07T11:36:59.166+0000] {logging_mixin.py:190} INFO - ⬇️ Bắt đầu xử lý symbol = IBC
[2025-10-07T11:36:59.204+0000] {logging_mixin.py:190} INFO - ⚠️ Không đọc được file cũ IBC: 'date'
[2025-10-07T11:36:59.219+0000] {logging_mixin.py:190} INFO - IBC: trích dữ liệu từ 2024-07-26 đến 2025-10-07
[2025-10-07T11:36:59.227+0000] {client.py:83} ERROR - API request failed: HTTPSConnectionPool(host='trading.vietcap.com.vn', port=443): Max retries exceeded with url: /api/chart/OHLCChart/gap (Caused by NameResolutionError("<urllib3.connection.HTTPSConnection object at 0x7e619e93dbe0>: Failed to resolve 'trading.vietcap.com.vn' ([Errno -2] Name or service not known)"))
[2025-10-07T11:37:01.239+0000] {client.py:83} ERROR - API request failed: HTTPSConnectionPool(host='trading.vietcap.com.vn', port=443): Max retries exceeded with url: /api/chart/OHLCChart/gap (Caused by NameResolutionError("<urllib3.connection.HTTPSConnection object at 0x7e619e82f440>: Failed to resolve 'trading.vietcap.com.vn' ([Errno -2] Name or service not known)"))
[2025-10-07T11:37:03.253+0000] {client.py:83} ERROR - API request failed: HTTPSConnectionPool(host='trading.vietcap.com.vn', port=443): Max retries exceeded with url: /api/chart/OHLCChart/gap (Caused by NameResolutionError("<urllib3.connection.HTTPSConnection object at 0x7e619e7ac320>: Failed to resolve 'trading.vietcap.com.vn' ([Errno -2] Name or service not known)"))
[2025-10-07T11:37:03.255+0000] {logging_mixin.py:190} INFO - Không tìm thấy dữ liệu cho IBC
[2025-10-07T11:37:03.257+0000] {logging_mixin.py:190} INFO - ℹ️ IBC: Không có dữ liệu mới.
[2025-10-07T11:37:03.258+0000] {logging_mixin.py:190} INFO - 🚦 Giới hạn API đạt mức tối đa, chờ 0.3s...
[2025-10-07T11:37:03.574+0000] {logging_mixin.py:190} INFO - ⬇️ Bắt đầu xử lý symbol = HWS
[2025-10-07T11:37:03.636+0000] {logging_mixin.py:190} INFO - ⚠️ Không đọc được file cũ HWS: 'date'
[2025-10-07T11:37:03.674+0000] {logging_mixin.py:190} INFO - HWS: trích dữ liệu từ 2025-10-04 đến 2025-10-07
[2025-10-07T11:37:03.694+0000] {client.py:83} ERROR - API request failed: HTTPSConnectionPool(host='trading.vietcap.com.vn', port=443): Max retries exceeded with url: /api/chart/OHLCChart/gap (Caused by NameResolutionError("<urllib3.connection.HTTPSConnection object at 0x7e619e93ec90>: Failed to resolve 'trading.vietcap.com.vn' ([Errno -2] Name or service not known)"))
[2025-10-07T11:37:05.707+0000] {client.py:83} ERROR - API request failed: HTTPSConnectionPool(host='trading.vietcap.com.vn', port=443): Max retries exceeded with url: /api/chart/OHLCChart/gap (Caused by NameResolutionError("<urllib3.connection.HTTPSConnection object at 0x7e619e93db50>: Failed to resolve 'trading.vietcap.com.vn' ([Errno -2] Name or service not known)"))
[2025-10-07T11:37:07.722+0000] {client.py:83} ERROR - API request failed: HTTPSConnectionPool(host='trading.vietcap.com.vn', port=443): Max retries exceeded with url: /api/chart/OHLCChart/gap (Caused by NameResolutionError("<urllib3.connection.HTTPSConnection object at 0x7e619e93e9f0>: Failed to resolve 'trading.vietcap.com.vn' ([Errno -2] Name or service not known)"))
[2025-10-07T11:37:07.724+0000] {logging_mixin.py:190} INFO - Không tìm thấy dữ liệu cho HWS
[2025-10-07T11:37:07.729+0000] {logging_mixin.py:190} INFO - ℹ️ HWS: Không có dữ liệu mới.
[2025-10-07T11:37:07.730+0000] {logging_mixin.py:190} INFO - 🚦 Giới hạn API đạt mức tối đa, chờ 0.0s...
[2025-10-07T11:37:07.766+0000] {logging_mixin.py:190} INFO - ⬇️ Bắt đầu xử lý symbol = HVX
[2025-10-07T11:37:07.828+0000] {logging_mixin.py:190} INFO - ⚠️ Không đọc được file cũ HVX: 'date'
[2025-10-07T11:37:07.861+0000] {logging_mixin.py:190} INFO - HVX: trích dữ liệu từ 2025-10-04 đến 2025-10-07
[2025-10-07T11:37:07.875+0000] {client.py:83} ERROR - API request failed: HTTPSConnectionPool(host='trading.vietcap.com.vn', port=443): Max retries exceeded with url: /api/chart/OHLCChart/gap (Caused by NameResolutionError("<urllib3.connection.HTTPSConnection object at 0x7e619e82ff50>: Failed to resolve 'trading.vietcap.com.vn' ([Errno -2] Name or service not known)"))
[2025-10-07T11:37:09.891+0000] {client.py:83} ERROR - API request failed: HTTPSConnectionPool(host='trading.vietcap.com.vn', port=443): Max retries exceeded with url: /api/chart/OHLCChart/gap (Caused by NameResolutionError("<urllib3.connection.HTTPSConnection object at 0x7e619e781280>: Failed to resolve 'trading.vietcap.com.vn' ([Errno -2] Name or service not known)"))
[2025-10-07T11:37:11.899+0000] {client.py:83} ERROR - API request failed: HTTPSConnectionPool(host='trading.vietcap.com.vn', port=443): Max retries exceeded with url: /api/chart/OHLCChart/gap (Caused by NameResolutionError("<urllib3.connection.HTTPSConnection object at 0x7e619e782120>: Failed to resolve 'trading.vietcap.com.vn' ([Errno -2] Name or service not known)"))
[2025-10-07T11:37:11.901+0000] {logging_mixin.py:190} INFO - Không tìm thấy dữ liệu cho HVX
[2025-10-07T11:37:11.903+0000] {logging_mixin.py:190} INFO - ℹ️ HVX: Không có dữ liệu mới.
[2025-10-07T11:37:11.903+0000] {logging_mixin.py:190} INFO - 🚦 Giới hạn API đạt mức tối đa, chờ 0.2s...
[2025-10-07T11:37:12.128+0000] {logging_mixin.py:190} INFO - ⬇️ Bắt đầu xử lý symbol = HVT
[2025-10-07T11:37:12.159+0000] {logging_mixin.py:190} INFO - ⚠️ Không đọc được file cũ HVT: 'date'
[2025-10-07T11:37:12.175+0000] {logging_mixin.py:190} INFO - HVT: trích dữ liệu từ 2025-10-04 đến 2025-10-07
[2025-10-07T11:37:12.182+0000] {client.py:83} ERROR - API request failed: HTTPSConnectionPool(host='trading.vietcap.com.vn', port=443): Max retries exceeded with url: /api/chart/OHLCChart/gap (Caused by NameResolutionError("<urllib3.connection.HTTPSConnection object at 0x7e619e7af320>: Failed to resolve 'trading.vietcap.com.vn' ([Errno -2] Name or service not known)"))
[2025-10-07T11:37:14.189+0000] {client.py:83} ERROR - API request failed: HTTPSConnectionPool(host='trading.vietcap.com.vn', port=443): Max retries exceeded with url: /api/chart/OHLCChart/gap (Caused by NameResolutionError("<urllib3.connection.HTTPSConnection object at 0x7e619e7ae780>: Failed to resolve 'trading.vietcap.com.vn' ([Errno -2] Name or service not known)"))
[2025-10-07T11:37:16.195+0000] {client.py:83} ERROR - API request failed: HTTPSConnectionPool(host='trading.vietcap.com.vn', port=443): Max retries exceeded with url: /api/chart/OHLCChart/gap (Caused by NameResolutionError("<urllib3.connection.HTTPSConnection object at 0x7e619e782060>: Failed to resolve 'trading.vietcap.com.vn' ([Errno -2] Name or service not known)"))
[2025-10-07T11:37:16.382+0000] {logging_mixin.py:190} INFO - Không tìm thấy dữ liệu cho HVT
[2025-10-07T11:37:16.385+0000] {logging_mixin.py:190} INFO - ℹ️ HVT: Không có dữ liệu mới.
[2025-10-07T11:37:16.389+0000] {logging_mixin.py:190} INFO - ⬇️ Bắt đầu xử lý symbol = HVN
[2025-10-07T11:37:16.419+0000] {logging_mixin.py:190} INFO - ⚠️ Không đọc được file cũ HVN: 'date'
[2025-10-07T11:37:16.427+0000] {logging_mixin.py:190} INFO - HVN: trích dữ liệu từ 2025-10-04 đến 2025-10-07
[2025-10-07T11:37:16.432+0000] {client.py:83} ERROR - API request failed: HTTPSConnectionPool(host='trading.vietcap.com.vn', port=443): Max retries exceeded with url: /api/chart/OHLCChart/gap (Caused by NameResolutionError("<urllib3.connection.HTTPSConnection object at 0x7e619e7fee70>: Failed to resolve 'trading.vietcap.com.vn' ([Errno -2] Name or service not known)"))
[2025-10-07T11:37:18.447+0000] {client.py:83} ERROR - API request failed: HTTPSConnectionPool(host='trading.vietcap.com.vn', port=443): Max retries exceeded with url: /api/chart/OHLCChart/gap (Caused by NameResolutionError("<urllib3.connection.HTTPSConnection object at 0x7e619e781250>: Failed to resolve 'trading.vietcap.com.vn' ([Errno -2] Name or service not known)"))
[2025-10-07T11:37:20.467+0000] {client.py:83} ERROR - API request failed: HTTPSConnectionPool(host='trading.vietcap.com.vn', port=443): Max retries exceeded with url: /api/chart/OHLCChart/gap (Caused by NameResolutionError("<urllib3.connection.HTTPSConnection object at 0x7e619e783ec0>: Failed to resolve 'trading.vietcap.com.vn' ([Errno -2] Name or service not known)"))
[2025-10-07T11:37:20.470+0000] {logging_mixin.py:190} INFO - Không tìm thấy dữ liệu cho HVN
[2025-10-07T11:37:20.476+0000] {logging_mixin.py:190} INFO - ℹ️ HVN: Không có dữ liệu mới.
[2025-10-07T11:37:20.478+0000] {logging_mixin.py:190} INFO - 🚦 Giới hạn API đạt mức tối đa, chờ 38.7s...
[2025-10-07T11:37:59.166+0000] {logging_mixin.py:190} INFO - ⬇️ Bắt đầu xử lý symbol = HVH
[2025-10-07T11:37:59.289+0000] {logging_mixin.py:190} INFO - ⚠️ Không đọc được file cũ HVH: 'date'
[2025-10-07T11:37:59.333+0000] {logging_mixin.py:190} INFO - HVH: trích dữ liệu từ 2025-10-04 đến 2025-10-07
[2025-10-07T11:37:59.367+0000] {client.py:83} ERROR - API request failed: HTTPSConnectionPool(host='trading.vietcap.com.vn', port=443): Max retries exceeded with url: /api/chart/OHLCChart/gap (Caused by NameResolutionError("<urllib3.connection.HTTPSConnection object at 0x7e619e7fcb00>: Failed to resolve 'trading.vietcap.com.vn' ([Errno -2] Name or service not known)"))
[2025-10-07T11:38:01.377+0000] {client.py:83} ERROR - API request failed: HTTPSConnectionPool(host='trading.vietcap.com.vn', port=443): Max retries exceeded with url: /api/chart/OHLCChart/gap (Caused by NameResolutionError("<urllib3.connection.HTTPSConnection object at 0x7e619e7ad160>: Failed to resolve 'trading.vietcap.com.vn' ([Errno -2] Name or service not known)"))
[2025-10-07T11:38:03.393+0000] {client.py:83} ERROR - API request failed: HTTPSConnectionPool(host='trading.vietcap.com.vn', port=443): Max retries exceeded with url: /api/chart/OHLCChart/gap (Caused by NameResolutionError("<urllib3.connection.HTTPSConnection object at 0x7e619e7ac0e0>: Failed to resolve 'trading.vietcap.com.vn' ([Errno -2] Name or service not known)"))
[2025-10-07T11:38:03.396+0000] {logging_mixin.py:190} INFO - Không tìm thấy dữ liệu cho HVH
[2025-10-07T11:38:03.403+0000] {logging_mixin.py:190} INFO - ℹ️ HVH: Không có dữ liệu mới.
[2025-10-07T11:38:03.405+0000] {logging_mixin.py:190} INFO - 🚦 Giới hạn API đạt mức tối đa, chờ 0.2s...
[2025-10-07T11:38:03.577+0000] {logging_mixin.py:190} INFO - ⬇️ Bắt đầu xử lý symbol = HVG
[2025-10-07T11:38:03.652+0000] {logging_mixin.py:190} INFO - ⚠️ Không đọc được file cũ HVG: 'date'
[2025-10-07T11:38:03.694+0000] {logging_mixin.py:190} INFO - HVG: trích dữ liệu từ 2024-07-26 đến 2025-10-07
[2025-10-07T11:38:03.717+0000] {client.py:83} ERROR - API request failed: HTTPSConnectionPool(host='trading.vietcap.com.vn', port=443): Max retries exceeded with url: /api/chart/OHLCChart/gap (Caused by NameResolutionError("<urllib3.connection.HTTPSConnection object at 0x7e619e7af8f0>: Failed to resolve 'trading.vietcap.com.vn' ([Errno -2] Name or service not known)"))
[2025-10-07T11:38:05.730+0000] {client.py:83} ERROR - API request failed: HTTPSConnectionPool(host='trading.vietcap.com.vn', port=443): Max retries exceeded with url: /api/chart/OHLCChart/gap (Caused by NameResolutionError("<urllib3.connection.HTTPSConnection object at 0x7e619e7ac110>: Failed to resolve 'trading.vietcap.com.vn' ([Errno -2] Name or service not known)"))
[2025-10-07T11:38:07.746+0000] {client.py:83} ERROR - API request failed: HTTPSConnectionPool(host='trading.vietcap.com.vn', port=443): Max retries exceeded with url: /api/chart/OHLCChart/gap (Caused by NameResolutionError("<urllib3.connection.HTTPSConnection object at 0x7e619e7ff8f0>: Failed to resolve 'trading.vietcap.com.vn' ([Errno -2] Name or service not known)"))
[2025-10-07T11:38:07.749+0000] {logging_mixin.py:190} INFO - Không tìm thấy dữ liệu cho HVG
[2025-10-07T11:38:07.754+0000] {logging_mixin.py:190} INFO - ℹ️ HVG: Không có dữ liệu mới.
[2025-10-07T11:38:07.756+0000] {logging_mixin.py:190} INFO - 🚦 Giới hạn API đạt mức tối đa, chờ 0.0s...
[2025-10-07T11:38:07.768+0000] {logging_mixin.py:190} INFO - ⬇️ Bắt đầu xử lý symbol = HVA
[2025-10-07T11:38:07.834+0000] {logging_mixin.py:190} INFO - ⚠️ Không đọc được file cũ HVA: 'date'
[2025-10-07T11:38:07.871+0000] {logging_mixin.py:190} INFO - HVA: trích dữ liệu từ 2025-10-04 đến 2025-10-07
[2025-10-07T11:38:07.889+0000] {client.py:83} ERROR - API request failed: HTTPSConnectionPool(host='trading.vietcap.com.vn', port=443): Max retries exceeded with url: /api/chart/OHLCChart/gap (Caused by NameResolutionError("<urllib3.connection.HTTPSConnection object at 0x7e619e93ec60>: Failed to resolve 'trading.vietcap.com.vn' ([Errno -2] Name or service not known)"))
[2025-10-07T11:38:09.909+0000] {client.py:83} ERROR - API request failed: HTTPSConnectionPool(host='trading.vietcap.com.vn', port=443): Max retries exceeded with url: /api/chart/OHLCChart/gap (Caused by NameResolutionError("<urllib3.connection.HTTPSConnection object at 0x7e619e93efc0>: Failed to resolve 'trading.vietcap.com.vn' ([Errno -2] Name or service not known)"))
[2025-10-07T11:38:11.924+0000] {client.py:83} ERROR - API request failed: HTTPSConnectionPool(host='trading.vietcap.com.vn', port=443): Max retries exceeded with url: /api/chart/OHLCChart/gap (Caused by NameResolutionError("<urllib3.connection.HTTPSConnection object at 0x7e619e7ae2d0>: Failed to resolve 'trading.vietcap.com.vn' ([Errno -2] Name or service not known)"))
[2025-10-07T11:38:11.927+0000] {logging_mixin.py:190} INFO - Không tìm thấy dữ liệu cho HVA
[2025-10-07T11:38:11.932+0000] {logging_mixin.py:190} INFO - ℹ️ HVA: Không có dữ liệu mới.
[2025-10-07T11:38:11.934+0000] {logging_mixin.py:190} INFO - 🚦 Giới hạn API đạt mức tối đa, chờ 0.2s...
[2025-10-07T11:38:12.130+0000] {logging_mixin.py:190} INFO - ⬇️ Bắt đầu xử lý symbol = HUX
[2025-10-07T11:38:12.177+0000] {logging_mixin.py:190} INFO - HUX: trích dữ liệu từ 2020-01-01 đến 2025-10-07
[2025-10-07T11:38:12.195+0000] {client.py:83} ERROR - API request failed: HTTPSConnectionPool(host='trading.vietcap.com.vn', port=443): Max retries exceeded with url: /api/chart/OHLCChart/gap (Caused by NameResolutionError("<urllib3.connection.HTTPSConnection object at 0x7e619e93ccb0>: Failed to resolve 'trading.vietcap.com.vn' ([Errno -2] Name or service not known)"))
[2025-10-07T11:38:14.203+0000] {client.py:83} ERROR - API request failed: HTTPSConnectionPool(host='trading.vietcap.com.vn', port=443): Max retries exceeded with url: /api/chart/OHLCChart/gap (Caused by NameResolutionError("<urllib3.connection.HTTPSConnection object at 0x7e619e93c080>: Failed to resolve 'trading.vietcap.com.vn' ([Errno -2] Name or service not known)"))
[2025-10-07T11:38:16.217+0000] {client.py:83} ERROR - API request failed: HTTPSConnectionPool(host='trading.vietcap.com.vn', port=443): Max retries exceeded with url: /api/chart/OHLCChart/gap (Caused by NameResolutionError("<urllib3.connection.HTTPSConnection object at 0x7e61c53338c0>: Failed to resolve 'trading.vietcap.com.vn' ([Errno -2] Name or service not known)"))
[2025-10-07T11:38:16.220+0000] {logging_mixin.py:190} INFO - Không tìm thấy dữ liệu cho HUX
[2025-10-07T11:38:16.225+0000] {logging_mixin.py:190} INFO - ℹ️ HUX: Không có dữ liệu mới.
[2025-10-07T11:38:16.227+0000] {logging_mixin.py:190} INFO - 🚦 Giới hạn API đạt mức tối đa, chờ 0.2s...
[2025-10-07T11:38:16.391+0000] {logging_mixin.py:190} INFO - ⬇️ Bắt đầu xử lý symbol = HUT
[2025-10-07T11:38:16.464+0000] {logging_mixin.py:190} INFO - ⚠️ Không đọc được file cũ HUT: 'date'
[2025-10-07T11:38:16.500+0000] {logging_mixin.py:190} INFO - HUT: trích dữ liệu từ 2025-10-04 đến 2025-10-07
[2025-10-07T11:38:16.517+0000] {client.py:83} ERROR - API request failed: HTTPSConnectionPool(host='trading.vietcap.com.vn', port=443): Max retries exceeded with url: /api/chart/OHLCChart/gap (Caused by NameResolutionError("<urllib3.connection.HTTPSConnection object at 0x7e619e93f890>: Failed to resolve 'trading.vietcap.com.vn' ([Errno -2] Name or service not known)"))
[2025-10-07T11:38:18.533+0000] {client.py:83} ERROR - API request failed: HTTPSConnectionPool(host='trading.vietcap.com.vn', port=443): Max retries exceeded with url: /api/chart/OHLCChart/gap (Caused by NameResolutionError("<urllib3.connection.HTTPSConnection object at 0x7e619e7afc80>: Failed to resolve 'trading.vietcap.com.vn' ([Errno -2] Name or service not known)"))
[2025-10-07T11:38:20.549+0000] {client.py:83} ERROR - API request failed: HTTPSConnectionPool(host='trading.vietcap.com.vn', port=443): Max retries exceeded with url: /api/chart/OHLCChart/gap (Caused by NameResolutionError("<urllib3.connection.HTTPSConnection object at 0x7e61c5332660>: Failed to resolve 'trading.vietcap.com.vn' ([Errno -2] Name or service not known)"))
[2025-10-07T11:38:20.552+0000] {logging_mixin.py:190} INFO - Không tìm thấy dữ liệu cho HUT
[2025-10-07T11:38:20.556+0000] {logging_mixin.py:190} INFO - ℹ️ HUT: Không có dữ liệu mới.
[2025-10-07T11:38:20.558+0000] {logging_mixin.py:190} INFO - 🚦 Giới hạn API đạt mức tối đa, chờ 38.6s...
[2025-10-07T11:38:59.165+0000] {logging_mixin.py:190} INFO - ⬇️ Bắt đầu xử lý symbol = HUG
[2025-10-07T11:38:59.238+0000] {logging_mixin.py:190} INFO - ⚠️ Không đọc được file cũ HUG: 'date'
[2025-10-07T11:38:59.276+0000] {logging_mixin.py:190} INFO - HUG: trích dữ liệu từ 2025-10-04 đến 2025-10-07
[2025-10-07T11:38:59.359+0000] {client.py:83} ERROR - API request failed: HTTPSConnectionPool(host='trading.vietcap.com.vn', port=443): Max retries exceeded with url: /api/chart/OHLCChart/gap (Caused by NameResolutionError("<urllib3.connection.HTTPSConnection object at 0x7e61c53304a0>: Failed to resolve 'trading.vietcap.com.vn' ([Errno -2] Name or service not known)"))
[2025-10-07T11:39:01.377+0000] {client.py:83} ERROR - API request failed: HTTPSConnectionPool(host='trading.vietcap.com.vn', port=443): Max retries exceeded with url: /api/chart/OHLCChart/gap (Caused by NameResolutionError("<urllib3.connection.HTTPSConnection object at 0x7e619e93d370>: Failed to resolve 'trading.vietcap.com.vn' ([Errno -2] Name or service not known)"))
[2025-10-07T11:39:03.391+0000] {client.py:83} ERROR - API request failed: HTTPSConnectionPool(host='trading.vietcap.com.vn', port=443): Max retries exceeded with url: /api/chart/OHLCChart/gap (Caused by NameResolutionError("<urllib3.connection.HTTPSConnection object at 0x7e619e93cce0>: Failed to resolve 'trading.vietcap.com.vn' ([Errno -2] Name or service not known)"))
[2025-10-07T11:39:03.394+0000] {logging_mixin.py:190} INFO - Không tìm thấy dữ liệu cho HUG
[2025-10-07T11:39:03.399+0000] {logging_mixin.py:190} INFO - ℹ️ HUG: Không có dữ liệu mới.
[2025-10-07T11:39:03.401+0000] {logging_mixin.py:190} INFO - 🚦 Giới hạn API đạt mức tối đa, chờ 0.2s...
[2025-10-07T11:39:03.579+0000] {logging_mixin.py:190} INFO - ⬇️ Bắt đầu xử lý symbol = HUB
[2025-10-07T11:39:03.655+0000] {logging_mixin.py:190} INFO - ⚠️ Không đọc được file cũ HUB: 'date'
[2025-10-07T11:39:03.692+0000] {logging_mixin.py:190} INFO - HUB: trích dữ liệu từ 2025-10-04 đến 2025-10-07
[2025-10-07T11:39:03.706+0000] {client.py:83} ERROR - API request failed: HTTPSConnectionPool(host='trading.vietcap.com.vn', port=443): Max retries exceeded with url: /api/chart/OHLCChart/gap (Caused by NameResolutionError("<urllib3.connection.HTTPSConnection object at 0x7e61c5330590>: Failed to resolve 'trading.vietcap.com.vn' ([Errno -2] Name or service not known)"))
[2025-10-07T11:39:05.721+0000] {client.py:83} ERROR - API request failed: HTTPSConnectionPool(host='trading.vietcap.com.vn', port=443): Max retries exceeded with url: /api/chart/OHLCChart/gap (Caused by NameResolutionError("<urllib3.connection.HTTPSConnection object at 0x7e61c5332810>: Failed to resolve 'trading.vietcap.com.vn' ([Errno -2] Name or service not known)"))
[2025-10-07T11:39:07.734+0000] {client.py:83} ERROR - API request failed: HTTPSConnectionPool(host='trading.vietcap.com.vn', port=443): Max retries exceeded with url: /api/chart/OHLCChart/gap (Caused by NameResolutionError("<urllib3.connection.HTTPSConnection object at 0x7e619e82ca40>: Failed to resolve 'trading.vietcap.com.vn' ([Errno -2] Name or service not known)"))
[2025-10-07T11:39:07.736+0000] {logging_mixin.py:190} INFO - Không tìm thấy dữ liệu cho HUB
[2025-10-07T11:39:07.739+0000] {logging_mixin.py:190} INFO - ℹ️ HUB: Không có dữ liệu mới.
[2025-10-07T11:39:07.741+0000] {logging_mixin.py:190} INFO - 🚦 Giới hạn API đạt mức tối đa, chờ 0.0s...
[2025-10-07T11:39:07.770+0000] {logging_mixin.py:190} INFO - ⬇️ Bắt đầu xử lý symbol = HU6
[2025-10-07T11:39:07.804+0000] {logging_mixin.py:190} INFO - ⚠️ Không đọc được file cũ HU6: 'date'
[2025-10-07T11:39:07.816+0000] {logging_mixin.py:190} INFO - HU6: trích dữ liệu từ 2025-10-04 đến 2025-10-07
[2025-10-07T11:39:07.823+0000] {client.py:83} ERROR - API request failed: HTTPSConnectionPool(host='trading.vietcap.com.vn', port=443): Max retries exceeded with url: /api/chart/OHLCChart/gap (Caused by NameResolutionError("<urllib3.connection.HTTPSConnection object at 0x7e61c5330560>: Failed to resolve 'trading.vietcap.com.vn' ([Errno -2] Name or service not known)"))
[2025-10-07T11:39:09.837+0000] {client.py:83} ERROR - API request failed: HTTPSConnectionPool(host='trading.vietcap.com.vn', port=443): Max retries exceeded with url: /api/chart/OHLCChart/gap (Caused by NameResolutionError("<urllib3.connection.HTTPSConnection object at 0x7e61c5333e30>: Failed to resolve 'trading.vietcap.com.vn' ([Errno -2] Name or service not known)"))
[2025-10-07T11:39:11.853+0000] {client.py:83} ERROR - API request failed: HTTPSConnectionPool(host='trading.vietcap.com.vn', port=443): Max retries exceeded with url: /api/chart/OHLCChart/gap (Caused by NameResolutionError("<urllib3.connection.HTTPSConnection object at 0x7e61c5318a40>: Failed to resolve 'trading.vietcap.com.vn' ([Errno -2] Name or service not known)"))
[2025-10-07T11:39:11.857+0000] {logging_mixin.py:190} INFO - Không tìm thấy dữ liệu cho HU6
[2025-10-07T11:39:11.864+0000] {logging_mixin.py:190} INFO - ℹ️ HU6: Không có dữ liệu mới.
[2025-10-07T11:39:11.866+0000] {logging_mixin.py:190} INFO - 🚦 Giới hạn API đạt mức tối đa, chờ 0.3s...
[2025-10-07T11:39:12.133+0000] {logging_mixin.py:190} INFO - ⬇️ Bắt đầu xử lý symbol = HU4
[2025-10-07T11:39:12.203+0000] {logging_mixin.py:190} INFO - ⚠️ Không đọc được file cũ HU4: 'date'
[2025-10-07T11:39:12.240+0000] {logging_mixin.py:190} INFO - HU4: trích dữ liệu từ 2025-10-04 đến 2025-10-07
[2025-10-07T11:39:12.256+0000] {client.py:83} ERROR - API request failed: HTTPSConnectionPool(host='trading.vietcap.com.vn', port=443): Max retries exceeded with url: /api/chart/OHLCChart/gap (Caused by NameResolutionError("<urllib3.connection.HTTPSConnection object at 0x7e61c5330b00>: Failed to resolve 'trading.vietcap.com.vn' ([Errno -2] Name or service not known)"))
[2025-10-07T11:39:14.276+0000] {client.py:83} ERROR - API request failed: HTTPSConnectionPool(host='trading.vietcap.com.vn', port=443): Max retries exceeded with url: /api/chart/OHLCChart/gap (Caused by NameResolutionError("<urllib3.connection.HTTPSConnection object at 0x7e619e7feed0>: Failed to resolve 'trading.vietcap.com.vn' ([Errno -2] Name or service not known)"))
[2025-10-07T11:39:16.296+0000] {client.py:83} ERROR - API request failed: HTTPSConnectionPool(host='trading.vietcap.com.vn', port=443): Max retries exceeded with url: /api/chart/OHLCChart/gap (Caused by NameResolutionError("<urllib3.connection.HTTPSConnection object at 0x7e61c53188c0>: Failed to resolve 'trading.vietcap.com.vn' ([Errno -2] Name or service not known)"))
[2025-10-07T11:39:16.299+0000] {logging_mixin.py:190} INFO - Không tìm thấy dữ liệu cho HU4
[2025-10-07T11:39:16.305+0000] {logging_mixin.py:190} INFO - ℹ️ HU4: Không có dữ liệu mới.
[2025-10-07T11:39:16.308+0000] {logging_mixin.py:190} INFO - 🚦 Giới hạn API đạt mức tối đa, chờ 0.1s...
[2025-10-07T11:39:16.394+0000] {logging_mixin.py:190} INFO - ⬇️ Bắt đầu xử lý symbol = HU3
[2025-10-07T11:39:16.451+0000] {logging_mixin.py:190} INFO - ⚠️ Không đọc được file cũ HU3: 'date'
[2025-10-07T11:39:16.497+0000] {logging_mixin.py:190} INFO - HU3: trích dữ liệu từ 2025-10-04 đến 2025-10-07
[2025-10-07T11:39:16.527+0000] {client.py:83} ERROR - API request failed: HTTPSConnectionPool(host='trading.vietcap.com.vn', port=443): Max retries exceeded with url: /api/chart/OHLCChart/gap (Caused by NameResolutionError("<urllib3.connection.HTTPSConnection object at 0x7e61c531a1b0>: Failed to resolve 'trading.vietcap.com.vn' ([Errno -2] Name or service not known)"))
[2025-10-07T11:39:18.546+0000] {client.py:83} ERROR - API request failed: HTTPSConnectionPool(host='trading.vietcap.com.vn', port=443): Max retries exceeded with url: /api/chart/OHLCChart/gap (Caused by NameResolutionError("<urllib3.connection.HTTPSConnection object at 0x7e61c5330200>: Failed to resolve 'trading.vietcap.com.vn' ([Errno -2] Name or service not known)"))
[2025-10-07T11:39:20.561+0000] {client.py:83} ERROR - API request failed: HTTPSConnectionPool(host='trading.vietcap.com.vn', port=443): Max retries exceeded with url: /api/chart/OHLCChart/gap (Caused by NameResolutionError("<urllib3.connection.HTTPSConnection object at 0x7e61c5332180>: Failed to resolve 'trading.vietcap.com.vn' ([Errno -2] Name or service not known)"))
[2025-10-07T11:39:20.564+0000] {logging_mixin.py:190} INFO - Không tìm thấy dữ liệu cho HU3
[2025-10-07T11:39:20.568+0000] {logging_mixin.py:190} INFO - ℹ️ HU3: Không có dữ liệu mới.
[2025-10-07T11:39:20.570+0000] {logging_mixin.py:190} INFO - 🚦 Giới hạn API đạt mức tối đa, chờ 38.6s...
[2025-10-07T11:39:59.165+0000] {logging_mixin.py:190} INFO - ⬇️ Bắt đầu xử lý symbol = HU1
[2025-10-07T11:39:59.229+0000] {logging_mixin.py:190} INFO - ⚠️ Không đọc được file cũ HU1: 'date'
[2025-10-07T11:39:59.247+0000] {logging_mixin.py:190} INFO - HU1: trích dữ liệu từ 2025-10-04 đến 2025-10-07
[2025-10-07T11:39:59.254+0000] {client.py:83} ERROR - API request failed: HTTPSConnectionPool(host='trading.vietcap.com.vn', port=443): Max retries exceeded with url: /api/chart/OHLCChart/gap (Caused by NameResolutionError("<urllib3.connection.HTTPSConnection object at 0x7e619e93f1d0>: Failed to resolve 'trading.vietcap.com.vn' ([Errno -2] Name or service not known)"))
[2025-10-07T11:40:01.407+0000] {client.py:83} ERROR - API request failed: HTTPSConnectionPool(host='trading.vietcap.com.vn', port=443): Max retries exceeded with url: /api/chart/OHLCChart/gap (Caused by NameResolutionError("<urllib3.connection.HTTPSConnection object at 0x7e619e7af050>: Failed to resolve 'trading.vietcap.com.vn' ([Errno -2] Name or service not known)"))
[2025-10-07T11:40:03.426+0000] {client.py:83} ERROR - API request failed: HTTPSConnectionPool(host='trading.vietcap.com.vn', port=443): Max retries exceeded with url: /api/chart/OHLCChart/gap (Caused by NameResolutionError("<urllib3.connection.HTTPSConnection object at 0x7e619e7af7d0>: Failed to resolve 'trading.vietcap.com.vn' ([Errno -2] Name or service not known)"))
[2025-10-07T11:40:03.430+0000] {logging_mixin.py:190} INFO - Không tìm thấy dữ liệu cho HU1
[2025-10-07T11:40:03.436+0000] {logging_mixin.py:190} INFO - ℹ️ HU1: Không có dữ liệu mới.
[2025-10-07T11:40:03.438+0000] {logging_mixin.py:190} INFO - 🚦 Giới hạn API đạt mức tối đa, chờ 0.1s...
[2025-10-07T11:40:03.581+0000] {logging_mixin.py:190} INFO - ⬇️ Bắt đầu xử lý symbol = HTW
[2025-10-07T11:40:03.639+0000] {logging_mixin.py:190} INFO - ⚠️ Không đọc được file cũ HTW: 'date'
[2025-10-07T11:40:03.652+0000] {logging_mixin.py:190} INFO - HTW: trích dữ liệu từ 2022-07-29 đến 2025-10-07
[2025-10-07T11:40:03.658+0000] {client.py:83} ERROR - API request failed: HTTPSConnectionPool(host='trading.vietcap.com.vn', port=443): Max retries exceeded with url: /api/chart/OHLCChart/gap (Caused by NameResolutionError("<urllib3.connection.HTTPSConnection object at 0x7e619e7af680>: Failed to resolve 'trading.vietcap.com.vn' ([Errno -2] Name or service not known)"))
[2025-10-07T11:40:05.669+0000] {client.py:83} ERROR - API request failed: HTTPSConnectionPool(host='trading.vietcap.com.vn', port=443): Max retries exceeded with url: /api/chart/OHLCChart/gap (Caused by NameResolutionError("<urllib3.connection.HTTPSConnection object at 0x7e61c5333dd0>: Failed to resolve 'trading.vietcap.com.vn' ([Errno -2] Name or service not known)"))
[2025-10-07T11:40:07.687+0000] {client.py:83} ERROR - API request failed: HTTPSConnectionPool(host='trading.vietcap.com.vn', port=443): Max retries exceeded with url: /api/chart/OHLCChart/gap (Caused by NameResolutionError("<urllib3.connection.HTTPSConnection object at 0x7e619e7fcbc0>: Failed to resolve 'trading.vietcap.com.vn' ([Errno -2] Name or service not known)"))
[2025-10-07T11:40:07.690+0000] {logging_mixin.py:190} INFO - Không tìm thấy dữ liệu cho HTW
[2025-10-07T11:40:07.695+0000] {logging_mixin.py:190} INFO - ℹ️ HTW: Không có dữ liệu mới.
[2025-10-07T11:40:07.697+0000] {logging_mixin.py:190} INFO - 🚦 Giới hạn API đạt mức tối đa, chờ 0.1s...
[2025-10-07T11:40:07.772+0000] {logging_mixin.py:190} INFO - ⬇️ Bắt đầu xử lý symbol = HTV
[2025-10-07T11:40:07.858+0000] {logging_mixin.py:190} INFO - ⚠️ Không đọc được file cũ HTV: 'date'
[2025-10-07T11:40:07.884+0000] {logging_mixin.py:190} INFO - HTV: trích dữ liệu từ 2025-10-03 đến 2025-10-07
[2025-10-07T11:40:07.895+0000] {client.py:83} ERROR - API request failed: HTTPSConnectionPool(host='trading.vietcap.com.vn', port=443): Max retries exceeded with url: /api/chart/OHLCChart/gap (Caused by NameResolutionError("<urllib3.connection.HTTPSConnection object at 0x7e619e781af0>: Failed to resolve 'trading.vietcap.com.vn' ([Errno -2] Name or service not known)"))
[2025-10-07T11:40:09.909+0000] {client.py:83} ERROR - API request failed: HTTPSConnectionPool(host='trading.vietcap.com.vn', port=443): Max retries exceeded with url: /api/chart/OHLCChart/gap (Caused by NameResolutionError("<urllib3.connection.HTTPSConnection object at 0x7e619e7ff050>: Failed to resolve 'trading.vietcap.com.vn' ([Errno -2] Name or service not known)"))
[2025-10-07T11:40:11.926+0000] {client.py:83} ERROR - API request failed: HTTPSConnectionPool(host='trading.vietcap.com.vn', port=443): Max retries exceeded with url: /api/chart/OHLCChart/gap (Caused by NameResolutionError("<urllib3.connection.HTTPSConnection object at 0x7e619e82fc20>: Failed to resolve 'trading.vietcap.com.vn' ([Errno -2] Name or service not known)"))
[2025-10-07T11:40:11.929+0000] {logging_mixin.py:190} INFO - Không tìm thấy dữ liệu cho HTV
[2025-10-07T11:40:11.933+0000] {logging_mixin.py:190} INFO - ℹ️ HTV: Không có dữ liệu mới.
[2025-10-07T11:40:11.935+0000] {logging_mixin.py:190} INFO - 🚦 Giới hạn API đạt mức tối đa, chờ 0.2s...
[2025-10-07T11:40:12.135+0000] {logging_mixin.py:190} INFO - ⬇️ Bắt đầu xử lý symbol = HTT
[2025-10-07T11:40:12.342+0000] {logging_mixin.py:190} INFO - ⚠️ Không đọc được file cũ HTT: 'date'
[2025-10-07T11:40:12.374+0000] {logging_mixin.py:190} INFO - HTT: trích dữ liệu từ 2025-10-04 đến 2025-10-07
[2025-10-07T11:40:12.390+0000] {client.py:83} ERROR - API request failed: HTTPSConnectionPool(host='trading.vietcap.com.vn', port=443): Max retries exceeded with url: /api/chart/OHLCChart/gap (Caused by NameResolutionError("<urllib3.connection.HTTPSConnection object at 0x7e619e7acad0>: Failed to resolve 'trading.vietcap.com.vn' ([Errno -2] Name or service not known)"))
[2025-10-07T11:40:14.409+0000] {client.py:83} ERROR - API request failed: HTTPSConnectionPool(host='trading.vietcap.com.vn', port=443): Max retries exceeded with url: /api/chart/OHLCChart/gap (Caused by NameResolutionError("<urllib3.connection.HTTPSConnection object at 0x7e619e7aeae0>: Failed to resolve 'trading.vietcap.com.vn' ([Errno -2] Name or service not known)"))
[2025-10-07T11:40:16.420+0000] {client.py:83} ERROR - API request failed: HTTPSConnectionPool(host='trading.vietcap.com.vn', port=443): Max retries exceeded with url: /api/chart/OHLCChart/gap (Caused by NameResolutionError("<urllib3.connection.HTTPSConnection object at 0x7e619e7adb80>: Failed to resolve 'trading.vietcap.com.vn' ([Errno -2] Name or service not known)"))
[2025-10-07T11:40:16.421+0000] {logging_mixin.py:190} INFO - Không tìm thấy dữ liệu cho HTT
[2025-10-07T11:40:16.424+0000] {logging_mixin.py:190} INFO - ℹ️ HTT: Không có dữ liệu mới.
[2025-10-07T11:40:16.425+0000] {logging_mixin.py:190} INFO - ⬇️ Bắt đầu xử lý symbol = HTR
[2025-10-07T11:40:16.450+0000] {logging_mixin.py:190} INFO - ⚠️ Không đọc được file cũ HTR: 'date'
[2025-10-07T11:40:16.462+0000] {logging_mixin.py:190} INFO - HTR: trích dữ liệu từ 2023-08-03 đến 2025-10-07
[2025-10-07T11:40:16.468+0000] {client.py:83} ERROR - API request failed: HTTPSConnectionPool(host='trading.vietcap.com.vn', port=443): Max retries exceeded with url: /api/chart/OHLCChart/gap (Caused by NameResolutionError("<urllib3.connection.HTTPSConnection object at 0x7e619e853a10>: Failed to resolve 'trading.vietcap.com.vn' ([Errno -2] Name or service not known)"))
[2025-10-07T11:40:18.482+0000] {client.py:83} ERROR - API request failed: HTTPSConnectionPool(host='trading.vietcap.com.vn', port=443): Max retries exceeded with url: /api/chart/OHLCChart/gap (Caused by NameResolutionError("<urllib3.connection.HTTPSConnection object at 0x7e61c53339e0>: Failed to resolve 'trading.vietcap.com.vn' ([Errno -2] Name or service not known)"))
[2025-10-07T11:40:20.491+0000] {client.py:83} ERROR - API request failed: HTTPSConnectionPool(host='trading.vietcap.com.vn', port=443): Max retries exceeded with url: /api/chart/OHLCChart/gap (Caused by NameResolutionError("<urllib3.connection.HTTPSConnection object at 0x7e619e93f710>: Failed to resolve 'trading.vietcap.com.vn' ([Errno -2] Name or service not known)"))
[2025-10-07T11:40:20.492+0000] {logging_mixin.py:190} INFO - Không tìm thấy dữ liệu cho HTR
[2025-10-07T11:40:20.494+0000] {logging_mixin.py:190} INFO - ℹ️ HTR: Không có dữ liệu mới.
[2025-10-07T11:40:20.495+0000] {python.py:240} INFO - Done. Returned value was: None
[2025-10-07T11:40:20.511+0000] {taskinstance.py:341} INFO - ::group::Post task execution logs
[2025-10-07T11:40:20.512+0000] {taskinstance.py:353} INFO - Marking task as SUCCESS. dag_id=vnstock_weekly_etl_incremental, task_id=process_batch, run_id=manual__2025-10-07T10:41:48.387187+00:00, map_index=20, execution_date=20251007T104148, start_date=20251007T113058, end_date=20251007T114020
[2025-10-07T11:40:20.575+0000] {local_task_job_runner.py:266} INFO - Task exited with return code 0
[2025-10-07T11:40:20.588+0000] {local_task_job_runner.py:245} INFO - ::endgroup::
