[2025-10-07T10:36:22.639+0000] {local_task_job_runner.py:123} INFO - ::group::Pre task execution logs
[2025-10-07T10:36:22.732+0000] {taskinstance.py:2614} INFO - Dependencies all met for dep_context=non-requeueable deps ti=<TaskInstance: vnstock_weekly_etl_incremental.process_batch manual__2025-10-07T10:36:05.597506+00:00 map_index=12 [queued]>
[2025-10-07T10:36:22.764+0000] {taskinstance.py:2614} INFO - Dependencies all met for dep_context=requeueable deps ti=<TaskInstance: vnstock_weekly_etl_incremental.process_batch manual__2025-10-07T10:36:05.597506+00:00 map_index=12 [queued]>
[2025-10-07T10:36:22.774+0000] {taskinstance.py:2867} INFO - Starting attempt 1 of 3
[2025-10-07T10:36:22.835+0000] {taskinstance.py:2890} INFO - Executing <Mapped(_PythonDecoratedOperator): process_batch> on 2025-10-07 10:36:05.597506+00:00
[2025-10-07T10:36:22.881+0000] {logging_mixin.py:190} WARNING - /home/***/.local/lib/python3.12/site-packages/***/task/task_runner/standard_task_runner.py:70 DeprecationWarning: This process (pid=2687) is multi-threaded, use of fork() may lead to deadlocks in the child.
[2025-10-07T10:36:22.887+0000] {standard_task_runner.py:72} INFO - Started process 2883 to run task
[2025-10-07T10:36:22.885+0000] {standard_task_runner.py:104} INFO - Running: ['***', 'tasks', 'run', 'vnstock_weekly_etl_incremental', 'process_batch', 'manual__2025-10-07T10:36:05.597506+00:00', '--job-id', '93', '--raw', '--subdir', 'DAGS_FOLDER/dag.py', '--cfg-path', '/tmp/tmpksny_fon', '--map-index', '12']
[2025-10-07T10:36:22.898+0000] {standard_task_runner.py:105} INFO - Job 93: Subtask process_batch
[2025-10-07T10:36:23.042+0000] {logging_mixin.py:190} WARNING - /home/***/.local/lib/python3.12/site-packages/***/settings.py:209 DeprecationWarning: The sql_alchemy_conn option in [core] has been moved to the sql_alchemy_conn option in [database] - the old setting has been used, but please update your config.
[2025-10-07T10:36:26.719+0000] {task_command.py:467} INFO - Running <TaskInstance: vnstock_weekly_etl_incremental.process_batch manual__2025-10-07T10:36:05.597506+00:00 map_index=12 [running]> on host e3278e0f0bbc
[2025-10-07T10:36:27.534+0000] {taskinstance.py:3134} INFO - Exporting env vars: AIRFLOW_CTX_DAG_OWNER='***' AIRFLOW_CTX_DAG_ID='vnstock_weekly_etl_incremental' AIRFLOW_CTX_TASK_ID='process_batch' AIRFLOW_CTX_EXECUTION_DATE='2025-10-07T10:36:05.597506+00:00' AIRFLOW_CTX_TRY_NUMBER='1' AIRFLOW_CTX_DAG_RUN_ID='manual__2025-10-07T10:36:05.597506+00:00'
[2025-10-07T10:36:27.542+0000] {taskinstance.py:732} INFO - ::endgroup::
[2025-10-07T10:36:27.556+0000] {logging_mixin.py:190} INFO - ⬇️ Xử lý symbol = PVT
[2025-10-07T10:36:27.862+0000] {logging_mixin.py:190} INFO - PVT: trích dữ liệu từ 2025-10-04 đến 2025-10-07
[2025-10-07T10:36:28.929+0000] {logging_mixin.py:190} INFO - Trích xuất 2 dòng mới cho PVT
[2025-10-07T10:36:29.015+0000] {logging_mixin.py:190} INFO - Append 2 dòng mới vào /opt/***/data/lake/PVT.csv
[2025-10-07T10:36:31.021+0000] {logging_mixin.py:190} INFO - ⬇️ Xử lý symbol = PVS
[2025-10-07T10:36:31.054+0000] {logging_mixin.py:190} INFO - PVS: trích dữ liệu từ 2025-10-04 đến 2025-10-07
[2025-10-07T10:36:31.227+0000] {logging_mixin.py:190} INFO - Trích xuất 2 dòng mới cho PVS
[2025-10-07T10:36:31.237+0000] {logging_mixin.py:190} INFO - Append 2 dòng mới vào /opt/***/data/lake/PVS.csv
[2025-10-07T10:36:33.238+0000] {logging_mixin.py:190} INFO - ⬇️ Xử lý symbol = PVR
[2025-10-07T10:36:33.259+0000] {logging_mixin.py:190} INFO - PVR: trích dữ liệu từ 2025-10-04 đến 2025-10-07
[2025-10-07T10:36:37.796+0000] {logging_mixin.py:190} INFO - Không tìm thấy dữ liệu cho PVR
[2025-10-07T10:36:37.798+0000] {logging_mixin.py:190} INFO - Không có dữ liệu mới cho PVR
[2025-10-07T10:36:39.799+0000] {logging_mixin.py:190} INFO - ⬇️ Xử lý symbol = PVP
[2025-10-07T10:36:39.833+0000] {logging_mixin.py:190} INFO - PVP: trích dữ liệu từ 2025-10-04 đến 2025-10-07
[2025-10-07T10:36:40.000+0000] {logging_mixin.py:190} INFO - Trích xuất 2 dòng mới cho PVP
[2025-10-07T10:36:40.011+0000] {logging_mixin.py:190} INFO - Append 2 dòng mới vào /opt/***/data/lake/PVP.csv
[2025-10-07T10:36:42.012+0000] {logging_mixin.py:190} INFO - ⬇️ Xử lý symbol = PVO
[2025-10-07T10:36:42.029+0000] {logging_mixin.py:190} INFO - PVO: trích dữ liệu từ 2025-10-04 đến 2025-10-07
[2025-10-07T10:36:42.189+0000] {logging_mixin.py:190} INFO - Trích xuất 2 dòng mới cho PVO
[2025-10-07T10:36:42.198+0000] {logging_mixin.py:190} INFO - Append 2 dòng mới vào /opt/***/data/lake/PVO.csv
[2025-10-07T10:36:44.199+0000] {logging_mixin.py:190} INFO - ⚠️ Lỗi khi xử lý PVM: Bucket for item=vnstock with Rate limit=5/1.0m is already full
[2025-10-07T10:36:44.201+0000] {logging_mixin.py:190} INFO - ⚠️ Lỗi khi xử lý PVL: Bucket for item=vnstock with Rate limit=5/1.0m is already full
[2025-10-07T10:36:44.202+0000] {logging_mixin.py:190} INFO - ⚠️ Lỗi khi xử lý PVI: Bucket for item=vnstock with Rate limit=5/1.0m is already full
[2025-10-07T10:36:44.202+0000] {logging_mixin.py:190} INFO - ⚠️ Lỗi khi xử lý PVH: Bucket for item=vnstock with Rate limit=5/1.0m is already full
[2025-10-07T10:36:44.203+0000] {logging_mixin.py:190} INFO - ⚠️ Lỗi khi xử lý PVG: Bucket for item=vnstock with Rate limit=5/1.0m is already full
[2025-10-07T10:36:44.203+0000] {logging_mixin.py:190} INFO - ⚠️ Lỗi khi xử lý PVE: Bucket for item=vnstock with Rate limit=5/1.0m is already full
[2025-10-07T10:36:44.204+0000] {logging_mixin.py:190} INFO - ⚠️ Lỗi khi xử lý PVD: Bucket for item=vnstock with Rate limit=5/1.0m is already full
[2025-10-07T10:36:44.204+0000] {logging_mixin.py:190} INFO - ⚠️ Lỗi khi xử lý PVC: Bucket for item=vnstock with Rate limit=5/1.0m is already full
[2025-10-07T10:36:44.205+0000] {logging_mixin.py:190} INFO - ⚠️ Lỗi khi xử lý PVB: Bucket for item=vnstock with Rate limit=5/1.0m is already full
[2025-10-07T10:36:44.205+0000] {logging_mixin.py:190} INFO - ⚠️ Lỗi khi xử lý PVA: Bucket for item=vnstock with Rate limit=5/1.0m is already full
[2025-10-07T10:36:44.205+0000] {logging_mixin.py:190} INFO - ⚠️ Lỗi khi xử lý PV2: Bucket for item=vnstock with Rate limit=5/1.0m is already full
[2025-10-07T10:36:44.206+0000] {logging_mixin.py:190} INFO - ⚠️ Lỗi khi xử lý PTX: Bucket for item=vnstock with Rate limit=5/1.0m is already full
[2025-10-07T10:36:44.206+0000] {logging_mixin.py:190} INFO - ⚠️ Lỗi khi xử lý PTV: Bucket for item=vnstock with Rate limit=5/1.0m is already full
[2025-10-07T10:36:44.206+0000] {logging_mixin.py:190} INFO - ⚠️ Lỗi khi xử lý PTT: Bucket for item=vnstock with Rate limit=5/1.0m is already full
[2025-10-07T10:36:44.207+0000] {logging_mixin.py:190} INFO - ⚠️ Lỗi khi xử lý PTS: Bucket for item=vnstock with Rate limit=5/1.0m is already full
[2025-10-07T10:36:44.207+0000] {logging_mixin.py:190} INFO - ⚠️ Lỗi khi xử lý PTP: Bucket for item=vnstock with Rate limit=5/1.0m is already full
[2025-10-07T10:36:44.208+0000] {logging_mixin.py:190} INFO - ⚠️ Lỗi khi xử lý PTO: Bucket for item=vnstock with Rate limit=5/1.0m is already full
[2025-10-07T10:36:44.208+0000] {logging_mixin.py:190} INFO - ⚠️ Lỗi khi xử lý PTN: Bucket for item=vnstock with Rate limit=5/1.0m is already full
[2025-10-07T10:36:44.209+0000] {logging_mixin.py:190} INFO - ⚠️ Lỗi khi xử lý PTM: Bucket for item=vnstock with Rate limit=5/1.0m is already full
[2025-10-07T10:36:44.209+0000] {logging_mixin.py:190} INFO - ⚠️ Lỗi khi xử lý PTL: Bucket for item=vnstock with Rate limit=5/1.0m is already full
[2025-10-07T10:36:44.212+0000] {logging_mixin.py:190} INFO - ⚠️ Lỗi khi xử lý PTI: Bucket for item=vnstock with Rate limit=5/1.0m is already full
[2025-10-07T10:36:44.212+0000] {logging_mixin.py:190} INFO - ⚠️ Lỗi khi xử lý PTH: Bucket for item=vnstock with Rate limit=5/1.0m is already full
[2025-10-07T10:36:44.213+0000] {logging_mixin.py:190} INFO - ⚠️ Lỗi khi xử lý PTG: Bucket for item=vnstock with Rate limit=5/1.0m is already full
[2025-10-07T10:36:44.213+0000] {logging_mixin.py:190} INFO - ⚠️ Lỗi khi xử lý PTE: Bucket for item=vnstock with Rate limit=5/1.0m is already full
[2025-10-07T10:36:44.214+0000] {logging_mixin.py:190} INFO - ⚠️ Lỗi khi xử lý PTD: Bucket for item=vnstock with Rate limit=5/1.0m is already full
[2025-10-07T10:36:44.214+0000] {logging_mixin.py:190} INFO - ⚠️ Lỗi khi xử lý PTC: Bucket for item=vnstock with Rate limit=5/1.0m is already full
[2025-10-07T10:36:44.215+0000] {logging_mixin.py:190} INFO - ⚠️ Lỗi khi xử lý PTB: Bucket for item=vnstock with Rate limit=5/1.0m is already full
[2025-10-07T10:36:44.215+0000] {logging_mixin.py:190} INFO - ⚠️ Lỗi khi xử lý PSW: Bucket for item=vnstock with Rate limit=5/1.0m is already full
[2025-10-07T10:36:44.216+0000] {logging_mixin.py:190} INFO - ⚠️ Lỗi khi xử lý PSP: Bucket for item=vnstock with Rate limit=5/1.0m is already full
[2025-10-07T10:36:44.217+0000] {logging_mixin.py:190} INFO - ⚠️ Lỗi khi xử lý PSN: Bucket for item=vnstock with Rate limit=5/1.0m is already full
[2025-10-07T10:36:44.218+0000] {logging_mixin.py:190} INFO - ⚠️ Lỗi khi xử lý PSL: Bucket for item=vnstock with Rate limit=5/1.0m is already full
[2025-10-07T10:36:44.218+0000] {logging_mixin.py:190} INFO - ⚠️ Lỗi khi xử lý PSI: Bucket for item=vnstock with Rate limit=5/1.0m is already full
[2025-10-07T10:36:44.218+0000] {logging_mixin.py:190} INFO - ⚠️ Lỗi khi xử lý PSH: Bucket for item=vnstock with Rate limit=5/1.0m is already full
[2025-10-07T10:36:44.219+0000] {logging_mixin.py:190} INFO - ⚠️ Lỗi khi xử lý PSG: Bucket for item=vnstock with Rate limit=5/1.0m is already full
[2025-10-07T10:36:44.219+0000] {logging_mixin.py:190} INFO - ⚠️ Lỗi khi xử lý PSE: Bucket for item=vnstock with Rate limit=5/1.0m is already full
[2025-10-07T10:36:44.220+0000] {logging_mixin.py:190} INFO - ⚠️ Lỗi khi xử lý PSD: Bucket for item=vnstock with Rate limit=5/1.0m is already full
[2025-10-07T10:36:44.220+0000] {logging_mixin.py:190} INFO - ⚠️ Lỗi khi xử lý PSC: Bucket for item=vnstock with Rate limit=5/1.0m is already full
[2025-10-07T10:36:44.220+0000] {logging_mixin.py:190} INFO - ⚠️ Lỗi khi xử lý PSB: Bucket for item=vnstock with Rate limit=5/1.0m is already full
[2025-10-07T10:36:44.221+0000] {logging_mixin.py:190} INFO - ⚠️ Lỗi khi xử lý PRT: Bucket for item=vnstock with Rate limit=5/1.0m is already full
[2025-10-07T10:36:44.221+0000] {logging_mixin.py:190} INFO - ⚠️ Lỗi khi xử lý PRO: Bucket for item=vnstock with Rate limit=5/1.0m is already full
[2025-10-07T10:36:44.221+0000] {logging_mixin.py:190} INFO - ⚠️ Lỗi khi xử lý PRE: Bucket for item=vnstock with Rate limit=5/1.0m is already full
[2025-10-07T10:36:44.222+0000] {logging_mixin.py:190} INFO - ⚠️ Lỗi khi xử lý PRC: Bucket for item=vnstock with Rate limit=5/1.0m is already full
[2025-10-07T10:36:44.222+0000] {logging_mixin.py:190} INFO - ⚠️ Lỗi khi xử lý PQN: Bucket for item=vnstock with Rate limit=5/1.0m is already full
[2025-10-07T10:36:44.222+0000] {logging_mixin.py:190} INFO - ⚠️ Lỗi khi xử lý PPY: Bucket for item=vnstock with Rate limit=5/1.0m is already full
[2025-10-07T10:36:44.223+0000] {logging_mixin.py:190} INFO - ⚠️ Lỗi khi xử lý PPT: Bucket for item=vnstock with Rate limit=5/1.0m is already full
[2025-10-07T10:36:44.223+0000] {python.py:240} INFO - Done. Returned value was: None
[2025-10-07T10:36:44.235+0000] {taskinstance.py:341} INFO - ::group::Post task execution logs
[2025-10-07T10:36:44.236+0000] {taskinstance.py:353} INFO - Marking task as SUCCESS. dag_id=vnstock_weekly_etl_incremental, task_id=process_batch, run_id=manual__2025-10-07T10:36:05.597506+00:00, map_index=12, execution_date=20251007T103605, start_date=20251007T103622, end_date=20251007T103644
[2025-10-07T10:36:44.311+0000] {local_task_job_runner.py:266} INFO - Task exited with return code 0
[2025-10-07T10:36:44.335+0000] {taskinstance.py:3901} INFO - 0 downstream tasks scheduled from follow-on schedule check
[2025-10-07T10:36:44.336+0000] {local_task_job_runner.py:245} INFO - ::endgroup::
