[2025-10-07T13:03:58.077+0000] {local_task_job_runner.py:123} INFO - ::group::Pre task execution logs
[2025-10-07T13:03:58.103+0000] {taskinstance.py:2614} INFO - Dependencies all met for dep_context=non-requeueable deps ti=<TaskInstance: vnstock_weekly_etl_incremental.process_batch manual__2025-10-07T10:43:54.222487+00:00 map_index=21 [queued]>
[2025-10-07T13:03:58.116+0000] {taskinstance.py:2614} INFO - Dependencies all met for dep_context=requeueable deps ti=<TaskInstance: vnstock_weekly_etl_incremental.process_batch manual__2025-10-07T10:43:54.222487+00:00 map_index=21 [queued]>
[2025-10-07T13:03:58.117+0000] {taskinstance.py:2867} INFO - Starting attempt 1 of 3
[2025-10-07T13:03:58.132+0000] {taskinstance.py:2890} INFO - Executing <Mapped(_PythonDecoratedOperator): process_batch> on 2025-10-07 10:43:54.222487+00:00
[2025-10-07T13:03:58.143+0000] {logging_mixin.py:190} WARNING - /home/***/.local/lib/python3.12/site-packages/***/task/task_runner/standard_task_runner.py:70 DeprecationWarning: This process (pid=15162) is multi-threaded, use of fork() may lead to deadlocks in the child.
[2025-10-07T13:03:58.145+0000] {standard_task_runner.py:72} INFO - Started process 15184 to run task
[2025-10-07T13:03:58.145+0000] {standard_task_runner.py:104} INFO - Running: ['***', 'tasks', 'run', 'vnstock_weekly_etl_incremental', 'process_batch', 'manual__2025-10-07T10:43:54.222487+00:00', '--job-id', '181', '--raw', '--subdir', 'DAGS_FOLDER/dag.py', '--cfg-path', '/tmp/tmp6zn7a005', '--map-index', '21']
[2025-10-07T13:03:58.149+0000] {standard_task_runner.py:105} INFO - Job 181: Subtask process_batch
[2025-10-07T13:03:58.167+0000] {logging_mixin.py:190} WARNING - /home/***/.local/lib/python3.12/site-packages/***/settings.py:209 DeprecationWarning: The sql_alchemy_conn option in [core] has been moved to the sql_alchemy_conn option in [database] - the old setting has been used, but please update your config.
[2025-10-07T13:03:58.214+0000] {task_command.py:467} INFO - Running <TaskInstance: vnstock_weekly_etl_incremental.process_batch manual__2025-10-07T10:43:54.222487+00:00 map_index=21 [running]> on host e3278e0f0bbc
[2025-10-07T13:03:58.500+0000] {taskinstance.py:3134} INFO - Exporting env vars: AIRFLOW_CTX_DAG_OWNER='***' AIRFLOW_CTX_DAG_ID='vnstock_weekly_etl_incremental' AIRFLOW_CTX_TASK_ID='process_batch' AIRFLOW_CTX_EXECUTION_DATE='2025-10-07T10:43:54.222487+00:00' AIRFLOW_CTX_TRY_NUMBER='1' AIRFLOW_CTX_DAG_RUN_ID='manual__2025-10-07T10:43:54.222487+00:00'
[2025-10-07T13:03:58.501+0000] {taskinstance.py:732} INFO - ::endgroup::
[2025-10-07T13:03:58.504+0000] {logging_mixin.py:190} INFO - ⬇️ Bắt đầu xử lý symbol = HTP
[2025-10-07T13:03:58.516+0000] {logging_mixin.py:190} INFO - ⚠️ Không đọc được file cũ HTP: 'date'
[2025-10-07T13:03:58.527+0000] {logging_mixin.py:190} INFO - HTP: trích dữ liệu từ 2025-10-04 đến 2025-10-07
[2025-10-07T13:04:03.411+0000] {logging_mixin.py:190} INFO - Không tìm thấy dữ liệu cho HTP
[2025-10-07T13:04:03.413+0000] {logging_mixin.py:190} INFO - ℹ️ HTP: Không có dữ liệu mới.
[2025-10-07T13:04:03.414+0000] {logging_mixin.py:190} INFO - ⬇️ Bắt đầu xử lý symbol = HTN
[2025-10-07T13:04:03.425+0000] {logging_mixin.py:190} INFO - ⚠️ Không đọc được file cũ HTN: 'date'
[2025-10-07T13:04:03.437+0000] {logging_mixin.py:190} INFO - HTN: trích dữ liệu từ 2025-10-08 đến 2025-10-07
[2025-10-07T13:04:09.160+0000] {logging_mixin.py:190} INFO - Không tìm thấy dữ liệu cho HTN
[2025-10-07T13:04:09.162+0000] {logging_mixin.py:190} INFO - ℹ️ HTN: Không có dữ liệu mới.
[2025-10-07T13:04:09.163+0000] {logging_mixin.py:190} INFO - ⬇️ Bắt đầu xử lý symbol = HTM
[2025-10-07T13:04:09.170+0000] {logging_mixin.py:190} INFO - ⚠️ Không đọc được file cũ HTM: 'date'
[2025-10-07T13:04:09.177+0000] {logging_mixin.py:190} INFO - HTM: trích dữ liệu từ 2025-10-08 đến 2025-10-07
[2025-10-07T13:04:13.809+0000] {logging_mixin.py:190} INFO - Không tìm thấy dữ liệu cho HTM
[2025-10-07T13:04:13.810+0000] {logging_mixin.py:190} INFO - ℹ️ HTM: Không có dữ liệu mới.
[2025-10-07T13:04:13.811+0000] {logging_mixin.py:190} INFO - ⬇️ Bắt đầu xử lý symbol = HTL
[2025-10-07T13:04:13.818+0000] {logging_mixin.py:190} INFO - ⚠️ Không đọc được file cũ HTL: 'date'
[2025-10-07T13:04:13.825+0000] {logging_mixin.py:190} INFO - HTL: trích dữ liệu từ 2025-10-08 đến 2025-10-07
[2025-10-07T13:04:18.608+0000] {logging_mixin.py:190} INFO - Không tìm thấy dữ liệu cho HTL
[2025-10-07T13:04:18.610+0000] {logging_mixin.py:190} INFO - ℹ️ HTL: Không có dữ liệu mới.
[2025-10-07T13:04:18.611+0000] {logging_mixin.py:190} INFO - ⬇️ Bắt đầu xử lý symbol = HTK
[2025-10-07T13:04:18.651+0000] {logging_mixin.py:190} INFO - HTK: trích dữ liệu từ 2020-01-01 đến 2025-10-07
[2025-10-07T13:04:23.335+0000] {logging_mixin.py:190} INFO - Không tìm thấy dữ liệu cho HTK
[2025-10-07T13:04:23.336+0000] {logging_mixin.py:190} INFO - ℹ️ HTK: Không có dữ liệu mới.
[2025-10-07T13:04:23.337+0000] {logging_mixin.py:190} INFO - 🚦 Giới hạn API đạt mức tối đa, chờ 35.2s...
[2025-10-07T13:04:58.355+0000] {logging_mixin.py:190} INFO - ⬇️ Bắt đầu xử lý symbol = HTI
[2025-10-07T13:04:58.362+0000] {logging_mixin.py:190} INFO - ⚠️ Không đọc được file cũ HTI: 'date'
[2025-10-07T13:04:58.369+0000] {logging_mixin.py:190} INFO - HTI: trích dữ liệu từ 2025-10-04 đến 2025-10-07
[2025-10-07T13:04:58.610+0000] {logging_mixin.py:190} INFO - Trích xuất 2 dòng mới cho HTI
[2025-10-07T13:04:58.618+0000] {logging_mixin.py:190} INFO - Append 2 dòng mới vào /opt/***/data/lake/HTI.csv
[2025-10-07T13:04:58.618+0000] {logging_mixin.py:190} INFO - ✅ Hoàn tất HTI, thêm 2 dòng mới.
[2025-10-07T13:05:00.497+0000] {logging_mixin.py:190} INFO - 🚦 Giới hạn API đạt mức tối đa, chờ 2.9s...
[2025-10-07T13:05:03.414+0000] {logging_mixin.py:190} INFO - ⬇️ Bắt đầu xử lý symbol = HTH
[2025-10-07T13:05:03.422+0000] {logging_mixin.py:190} INFO - ⚠️ Không đọc được file cũ HTH: 'date'
[2025-10-07T13:05:03.428+0000] {logging_mixin.py:190} INFO - HTH: trích dữ liệu từ 2022-10-13 đến 2025-10-07
[2025-10-07T13:05:08.485+0000] {logging_mixin.py:190} INFO - Không tìm thấy dữ liệu cho HTH
[2025-10-07T13:05:08.486+0000] {logging_mixin.py:190} INFO - ℹ️ HTH: Không có dữ liệu mới.
[2025-10-07T13:05:08.487+0000] {logging_mixin.py:190} INFO - 🚦 Giới hạn API đạt mức tối đa, chờ 0.7s...
[2025-10-07T13:05:09.163+0000] {logging_mixin.py:190} INFO - ⬇️ Bắt đầu xử lý symbol = HTG
[2025-10-07T13:05:09.173+0000] {logging_mixin.py:190} INFO - ⚠️ Không đọc được file cũ HTG: 'date'
[2025-10-07T13:05:09.179+0000] {logging_mixin.py:190} INFO - HTG: trích dữ liệu từ 2025-10-04 đến 2025-10-07
[2025-10-07T13:05:09.340+0000] {logging_mixin.py:190} INFO - Trích xuất 2 dòng mới cho HTG
[2025-10-07T13:05:09.346+0000] {logging_mixin.py:190} INFO - Append 2 dòng mới vào /opt/***/data/lake/HTG.csv
[2025-10-07T13:05:09.346+0000] {logging_mixin.py:190} INFO - ✅ Hoàn tất HTG, thêm 2 dòng mới.
[2025-10-07T13:05:11.347+0000] {logging_mixin.py:190} INFO - 🚦 Giới hạn API đạt mức tối đa, chờ 2.5s...
[2025-10-07T13:05:13.812+0000] {logging_mixin.py:190} INFO - ⬇️ Bắt đầu xử lý symbol = HTE
[2025-10-07T13:05:13.820+0000] {logging_mixin.py:190} INFO - ⚠️ Không đọc được file cũ HTE: 'date'
[2025-10-07T13:05:13.827+0000] {logging_mixin.py:190} INFO - HTE: trích dữ liệu từ 2025-10-04 đến 2025-10-07
[2025-10-07T13:05:14.052+0000] {logging_mixin.py:190} INFO - Trích xuất 2 dòng mới cho HTE
[2025-10-07T13:05:14.060+0000] {logging_mixin.py:190} INFO - Append 2 dòng mới vào /opt/***/data/lake/HTE.csv
[2025-10-07T13:05:14.060+0000] {logging_mixin.py:190} INFO - ✅ Hoàn tất HTE, thêm 2 dòng mới.
[2025-10-07T13:05:16.061+0000] {logging_mixin.py:190} INFO - 🚦 Giới hạn API đạt mức tối đa, chờ 2.5s...
[2025-10-07T13:05:18.613+0000] {logging_mixin.py:190} INFO - ⬇️ Bắt đầu xử lý symbol = HTC
[2025-10-07T13:05:18.625+0000] {logging_mixin.py:190} INFO - ⚠️ Không đọc được file cũ HTC: 'date'
[2025-10-07T13:05:18.634+0000] {logging_mixin.py:190} INFO - HTC: trích dữ liệu từ 2025-10-03 đến 2025-10-07
[2025-10-07T13:05:18.871+0000] {logging_mixin.py:190} INFO - Trích xuất 2 dòng mới cho HTC
[2025-10-07T13:05:18.878+0000] {logging_mixin.py:190} INFO - Append 2 dòng mới vào /opt/***/data/lake/HTC.csv
[2025-10-07T13:05:18.879+0000] {logging_mixin.py:190} INFO - ✅ Hoàn tất HTC, thêm 2 dòng mới.
[2025-10-07T13:05:20.880+0000] {logging_mixin.py:190} INFO - 🚦 Giới hạn API đạt mức tối đa, chờ 37.5s...
[2025-10-07T13:05:58.267+0000] {logging_mixin.py:190} INFO - ⬇️ Bắt đầu xử lý symbol = HT1
[2025-10-07T13:05:58.276+0000] {logging_mixin.py:190} INFO - ⚠️ Không đọc được file cũ HT1: 'date'
[2025-10-07T13:05:58.282+0000] {logging_mixin.py:190} INFO - HT1: trích dữ liệu từ 2025-10-04 đến 2025-10-07
[2025-10-07T13:05:58.498+0000] {logging_mixin.py:190} INFO - Trích xuất 2 dòng mới cho HT1
[2025-10-07T13:05:58.506+0000] {logging_mixin.py:190} INFO - Append 2 dòng mới vào /opt/***/data/lake/HT1.csv
[2025-10-07T13:05:58.507+0000] {logging_mixin.py:190} INFO - ✅ Hoàn tất HT1, thêm 2 dòng mới.
[2025-10-07T13:06:00.382+0000] {logging_mixin.py:190} INFO - 🚦 Giới hạn API đạt mức tối đa, chờ 3.0s...
[2025-10-07T13:06:03.415+0000] {logging_mixin.py:190} INFO - ⬇️ Bắt đầu xử lý symbol = HSV
[2025-10-07T13:06:03.430+0000] {logging_mixin.py:190} INFO - ⚠️ Không đọc được file cũ HSV: 'date'
[2025-10-07T13:06:03.439+0000] {logging_mixin.py:190} INFO - HSV: trích dữ liệu từ 2025-10-04 đến 2025-10-07
[2025-10-07T13:06:03.685+0000] {logging_mixin.py:190} INFO - Trích xuất 2 dòng mới cho HSV
[2025-10-07T13:06:03.691+0000] {logging_mixin.py:190} INFO - Append 2 dòng mới vào /opt/***/data/lake/HSV.csv
[2025-10-07T13:06:03.692+0000] {logging_mixin.py:190} INFO - ✅ Hoàn tất HSV, thêm 2 dòng mới.
[2025-10-07T13:06:05.692+0000] {logging_mixin.py:190} INFO - 🚦 Giới hạn API đạt mức tối đa, chờ 3.5s...
[2025-10-07T13:06:09.164+0000] {logging_mixin.py:190} INFO - ⬇️ Bắt đầu xử lý symbol = HSP
[2025-10-07T13:06:09.172+0000] {logging_mixin.py:190} INFO - ⚠️ Không đọc được file cũ HSP: 'date'
[2025-10-07T13:06:09.180+0000] {logging_mixin.py:190} INFO - HSP: trích dữ liệu từ 2025-10-02 đến 2025-10-07
[2025-10-07T13:06:09.340+0000] {logging_mixin.py:190} INFO - Trích xuất 1 dòng mới cho HSP
[2025-10-07T13:06:09.347+0000] {logging_mixin.py:190} INFO - Append 1 dòng mới vào /opt/***/data/lake/HSP.csv
[2025-10-07T13:06:09.348+0000] {logging_mixin.py:190} INFO - ✅ Hoàn tất HSP, thêm 1 dòng mới.
[2025-10-07T13:06:11.349+0000] {logging_mixin.py:190} INFO - 🚦 Giới hạn API đạt mức tối đa, chờ 2.5s...
[2025-10-07T13:06:13.813+0000] {logging_mixin.py:190} INFO - ⬇️ Bắt đầu xử lý symbol = HSM
[2025-10-07T13:06:13.820+0000] {logging_mixin.py:190} INFO - ⚠️ Không đọc được file cũ HSM: 'date'
[2025-10-07T13:06:13.828+0000] {logging_mixin.py:190} INFO - HSM: trích dữ liệu từ 2025-10-03 đến 2025-10-07
[2025-10-07T13:06:14.312+0000] {logging_mixin.py:190} INFO - Trích xuất 1 dòng mới cho HSM
[2025-10-07T13:06:14.330+0000] {logging_mixin.py:190} INFO - Append 1 dòng mới vào /opt/***/data/lake/HSM.csv
[2025-10-07T13:06:14.331+0000] {logging_mixin.py:190} INFO - ✅ Hoàn tất HSM, thêm 1 dòng mới.
[2025-10-07T13:06:16.333+0000] {logging_mixin.py:190} INFO - 🚦 Giới hạn API đạt mức tối đa, chờ 2.3s...
[2025-10-07T13:06:18.615+0000] {logging_mixin.py:190} INFO - ⬇️ Bắt đầu xử lý symbol = HSL
[2025-10-07T13:06:18.624+0000] {logging_mixin.py:190} INFO - ⚠️ Không đọc được file cũ HSL: 'date'
[2025-10-07T13:06:18.630+0000] {logging_mixin.py:190} INFO - HSL: trích dữ liệu từ 2025-10-04 đến 2025-10-07
[2025-10-07T13:06:18.848+0000] {logging_mixin.py:190} INFO - Trích xuất 2 dòng mới cho HSL
[2025-10-07T13:06:18.854+0000] {logging_mixin.py:190} INFO - Append 2 dòng mới vào /opt/***/data/lake/HSL.csv
[2025-10-07T13:06:18.855+0000] {logging_mixin.py:190} INFO - ✅ Hoàn tất HSL, thêm 2 dòng mới.
[2025-10-07T13:06:20.856+0000] {logging_mixin.py:190} INFO - 🚦 Giới hạn API đạt mức tối đa, chờ 37.4s...
[2025-10-07T13:06:58.146+0000] {logging_mixin.py:190} INFO - ⬇️ Bắt đầu xử lý symbol = HSI
[2025-10-07T13:06:58.154+0000] {logging_mixin.py:190} INFO - ⚠️ Không đọc được file cũ HSI: 'date'
[2025-10-07T13:06:58.160+0000] {logging_mixin.py:190} INFO - HSI: trích dữ liệu từ 2025-10-04 đến 2025-10-07
[2025-10-07T13:07:02.654+0000] {logging_mixin.py:190} INFO - Không tìm thấy dữ liệu cho HSI
[2025-10-07T13:07:02.655+0000] {logging_mixin.py:190} INFO - ℹ️ HSI: Không có dữ liệu mới.
[2025-10-07T13:07:02.655+0000] {logging_mixin.py:190} INFO - 🚦 Giới hạn API đạt mức tối đa, chờ 0.8s...
[2025-10-07T13:07:03.416+0000] {logging_mixin.py:190} INFO - ⬇️ Bắt đầu xử lý symbol = HSG
[2025-10-07T13:07:03.426+0000] {logging_mixin.py:190} INFO - ⚠️ Không đọc được file cũ HSG: 'date'
[2025-10-07T13:07:03.435+0000] {logging_mixin.py:190} INFO - HSG: trích dữ liệu từ 2025-10-04 đến 2025-10-07
[2025-10-07T13:07:03.647+0000] {logging_mixin.py:190} INFO - Trích xuất 2 dòng mới cho HSG
[2025-10-07T13:07:03.654+0000] {logging_mixin.py:190} INFO - Append 2 dòng mới vào /opt/***/data/lake/HSG.csv
[2025-10-07T13:07:03.654+0000] {logging_mixin.py:190} INFO - ✅ Hoàn tất HSG, thêm 2 dòng mới.
[2025-10-07T13:07:05.655+0000] {logging_mixin.py:190} INFO - 🚦 Giới hạn API đạt mức tối đa, chờ 3.5s...
[2025-10-07T13:07:09.165+0000] {logging_mixin.py:190} INFO - ⬇️ Bắt đầu xử lý symbol = HSA
[2025-10-07T13:07:09.174+0000] {logging_mixin.py:190} INFO - ⚠️ Không đọc được file cũ HSA: 'date'
[2025-10-07T13:07:09.182+0000] {logging_mixin.py:190} INFO - HSA: trích dữ liệu từ 2024-07-26 đến 2025-10-07
[2025-10-07T13:07:13.828+0000] {logging_mixin.py:190} INFO - Không tìm thấy dữ liệu cho HSA
[2025-10-07T13:07:13.830+0000] {logging_mixin.py:190} INFO - ℹ️ HSA: Không có dữ liệu mới.
[2025-10-07T13:07:13.830+0000] {logging_mixin.py:190} INFO - ⬇️ Bắt đầu xử lý symbol = HRT
[2025-10-07T13:07:13.839+0000] {logging_mixin.py:190} INFO - ⚠️ Không đọc được file cũ HRT: 'date'
[2025-10-07T13:07:13.846+0000] {logging_mixin.py:190} INFO - HRT: trích dữ liệu từ 2024-10-31 đến 2025-10-07
[2025-10-07T13:07:18.796+0000] {logging_mixin.py:190} INFO - Không tìm thấy dữ liệu cho HRT
[2025-10-07T13:07:18.801+0000] {logging_mixin.py:190} INFO - ℹ️ HRT: Không có dữ liệu mới.
[2025-10-07T13:07:18.802+0000] {logging_mixin.py:190} INFO - ⬇️ Bắt đầu xử lý symbol = HRC
[2025-10-07T13:07:18.813+0000] {logging_mixin.py:190} INFO - ⚠️ Không đọc được file cũ HRC: 'date'
[2025-10-07T13:07:18.821+0000] {logging_mixin.py:190} INFO - HRC: trích dữ liệu từ 2025-10-01 đến 2025-10-07
[2025-10-07T13:07:23.512+0000] {logging_mixin.py:190} INFO - Không tìm thấy dữ liệu cho HRC
[2025-10-07T13:07:23.514+0000] {logging_mixin.py:190} INFO - ℹ️ HRC: Không có dữ liệu mới.
[2025-10-07T13:07:23.514+0000] {logging_mixin.py:190} INFO - 🚦 Giới hạn API đạt mức tối đa, chờ 34.6s...
[2025-10-07T13:07:58.033+0000] {logging_mixin.py:190} INFO - ⬇️ Bắt đầu xử lý symbol = HRB
[2025-10-07T13:07:58.042+0000] {logging_mixin.py:190} INFO - ⚠️ Không đọc được file cũ HRB: 'date'
[2025-10-07T13:07:58.049+0000] {logging_mixin.py:190} INFO - HRB: trích dữ liệu từ 2025-07-30 đến 2025-10-07
[2025-10-07T13:08:02.499+0000] {logging_mixin.py:190} INFO - Không tìm thấy dữ liệu cho HRB
[2025-10-07T13:08:02.501+0000] {logging_mixin.py:190} INFO - ℹ️ HRB: Không có dữ liệu mới.
[2025-10-07T13:08:02.501+0000] {logging_mixin.py:190} INFO - 🚦 Giới hạn API đạt mức tối đa, chờ 0.9s...
[2025-10-07T13:08:03.416+0000] {logging_mixin.py:190} INFO - ⬇️ Bắt đầu xử lý symbol = HQC
[2025-10-07T13:08:03.424+0000] {logging_mixin.py:190} INFO - ⚠️ Không đọc được file cũ HQC: 'date'
[2025-10-07T13:08:03.431+0000] {logging_mixin.py:190} INFO - HQC: trích dữ liệu từ 2025-10-04 đến 2025-10-07
[2025-10-07T13:08:03.971+0000] {logging_mixin.py:190} INFO - Trích xuất 2 dòng mới cho HQC
[2025-10-07T13:08:03.976+0000] {logging_mixin.py:190} INFO - Append 2 dòng mới vào /opt/***/data/lake/HQC.csv
[2025-10-07T13:08:03.976+0000] {logging_mixin.py:190} INFO - ✅ Hoàn tất HQC, thêm 2 dòng mới.
[2025-10-07T13:08:05.977+0000] {logging_mixin.py:190} INFO - 🚦 Giới hạn API đạt mức tối đa, chờ 3.2s...
[2025-10-07T13:08:09.166+0000] {logging_mixin.py:190} INFO - ⬇️ Bắt đầu xử lý symbol = HPX
[2025-10-07T13:08:09.183+0000] {logging_mixin.py:190} INFO - ⚠️ Không đọc được file cũ HPX: 'date'
[2025-10-07T13:08:09.190+0000] {logging_mixin.py:190} INFO - HPX: trích dữ liệu từ 2025-10-04 đến 2025-10-07
[2025-10-07T13:08:09.403+0000] {logging_mixin.py:190} INFO - Trích xuất 2 dòng mới cho HPX
[2025-10-07T13:08:09.410+0000] {logging_mixin.py:190} INFO - Append 2 dòng mới vào /opt/***/data/lake/HPX.csv
[2025-10-07T13:08:09.411+0000] {logging_mixin.py:190} INFO - ✅ Hoàn tất HPX, thêm 2 dòng mới.
[2025-10-07T13:08:11.411+0000] {logging_mixin.py:190} INFO - 🚦 Giới hạn API đạt mức tối đa, chờ 2.4s...
[2025-10-07T13:08:13.831+0000] {logging_mixin.py:190} INFO - ⬇️ Bắt đầu xử lý symbol = HPW
[2025-10-07T13:08:13.850+0000] {logging_mixin.py:190} INFO - ⚠️ Không đọc được file cũ HPW: 'date'
[2025-10-07T13:08:13.857+0000] {logging_mixin.py:190} INFO - HPW: trích dữ liệu từ 2025-10-03 đến 2025-10-07
[2025-10-07T13:08:14.015+0000] {logging_mixin.py:190} INFO - Trích xuất 2 dòng mới cho HPW
[2025-10-07T13:08:14.022+0000] {logging_mixin.py:190} INFO - Append 2 dòng mới vào /opt/***/data/lake/HPW.csv
[2025-10-07T13:08:14.023+0000] {logging_mixin.py:190} INFO - ✅ Hoàn tất HPW, thêm 2 dòng mới.
[2025-10-07T13:08:16.023+0000] {logging_mixin.py:190} INFO - 🚦 Giới hạn API đạt mức tối đa, chờ 2.8s...
[2025-10-07T13:08:18.803+0000] {logging_mixin.py:190} INFO - ⬇️ Bắt đầu xử lý symbol = HPT
[2025-10-07T13:08:18.815+0000] {logging_mixin.py:190} INFO - ⚠️ Không đọc được file cũ HPT: 'date'
[2025-10-07T13:08:18.824+0000] {logging_mixin.py:190} INFO - HPT: trích dữ liệu từ 2025-10-04 đến 2025-10-07
[2025-10-07T13:08:19.046+0000] {logging_mixin.py:190} INFO - Trích xuất 2 dòng mới cho HPT
[2025-10-07T13:08:19.053+0000] {logging_mixin.py:190} INFO - Append 2 dòng mới vào /opt/***/data/lake/HPT.csv
[2025-10-07T13:08:19.053+0000] {logging_mixin.py:190} INFO - ✅ Hoàn tất HPT, thêm 2 dòng mới.
[2025-10-07T13:08:21.054+0000] {logging_mixin.py:190} INFO - 🚦 Giới hạn API đạt mức tối đa, chờ 37.0s...
[2025-10-07T13:08:57.906+0000] {logging_mixin.py:190} INFO - ⬇️ Bắt đầu xử lý symbol = HPP
[2025-10-07T13:08:57.913+0000] {logging_mixin.py:190} INFO - ⚠️ Không đọc được file cũ HPP: 'date'
[2025-10-07T13:08:57.919+0000] {logging_mixin.py:190} INFO - HPP: trích dữ liệu từ 2025-10-04 đến 2025-10-07
[2025-10-07T13:08:58.075+0000] {logging_mixin.py:190} INFO - Trích xuất 2 dòng mới cho HPP
[2025-10-07T13:08:58.082+0000] {logging_mixin.py:190} INFO - Append 2 dòng mới vào /opt/***/data/lake/HPP.csv
[2025-10-07T13:08:58.083+0000] {logging_mixin.py:190} INFO - ✅ Hoàn tất HPP, thêm 2 dòng mới.
[2025-10-07T13:08:59.969+0000] {logging_mixin.py:190} INFO - 🚦 Giới hạn API đạt mức tối đa, chờ 3.4s...
[2025-10-07T13:09:03.417+0000] {logging_mixin.py:190} INFO - ⬇️ Bắt đầu xử lý symbol = HPM
[2025-10-07T13:09:03.425+0000] {logging_mixin.py:190} INFO - ⚠️ Không đọc được file cũ HPM: 'date'
[2025-10-07T13:09:03.431+0000] {logging_mixin.py:190} INFO - HPM: trích dữ liệu từ 2025-09-27 đến 2025-10-07
[2025-10-07T13:09:09.087+0000] {logging_mixin.py:190} INFO - Không tìm thấy dữ liệu cho HPM
[2025-10-07T13:09:09.088+0000] {logging_mixin.py:190} INFO - ℹ️ HPM: Không có dữ liệu mới.
[2025-10-07T13:09:09.088+0000] {logging_mixin.py:190} INFO - 🚦 Giới hạn API đạt mức tối đa, chờ 0.1s...
[2025-10-07T13:09:09.166+0000] {logging_mixin.py:190} INFO - ⬇️ Bắt đầu xử lý symbol = HPI
[2025-10-07T13:09:09.176+0000] {logging_mixin.py:190} INFO - ⚠️ Không đọc được file cũ HPI: 'date'
[2025-10-07T13:09:09.187+0000] {logging_mixin.py:190} INFO - HPI: trích dữ liệu từ 2025-09-27 đến 2025-10-07
[2025-10-07T13:09:09.408+0000] {logging_mixin.py:190} INFO - Trích xuất 2 dòng mới cho HPI
[2025-10-07T13:09:09.414+0000] {logging_mixin.py:190} INFO - Append 2 dòng mới vào /opt/***/data/lake/HPI.csv
[2025-10-07T13:09:09.414+0000] {logging_mixin.py:190} INFO - ✅ Hoàn tất HPI, thêm 2 dòng mới.
[2025-10-07T13:09:11.415+0000] {logging_mixin.py:190} INFO - 🚦 Giới hạn API đạt mức tối đa, chờ 2.4s...
[2025-10-07T13:09:13.832+0000] {logging_mixin.py:190} INFO - ⬇️ Bắt đầu xử lý symbol = HPH
[2025-10-07T13:09:13.840+0000] {logging_mixin.py:190} INFO - ⚠️ Không đọc được file cũ HPH: 'date'
[2025-10-07T13:09:13.846+0000] {logging_mixin.py:190} INFO - HPH: trích dữ liệu từ 2025-09-11 đến 2025-10-07
[2025-10-07T13:09:18.413+0000] {logging_mixin.py:190} INFO - Không tìm thấy dữ liệu cho HPH
[2025-10-07T13:09:18.414+0000] {logging_mixin.py:190} INFO - ℹ️ HPH: Không có dữ liệu mới.
[2025-10-07T13:09:18.414+0000] {logging_mixin.py:190} INFO - 🚦 Giới hạn API đạt mức tối đa, chờ 0.4s...
[2025-10-07T13:09:18.804+0000] {logging_mixin.py:190} INFO - ⬇️ Bắt đầu xử lý symbol = HPG
[2025-10-07T13:09:18.814+0000] {logging_mixin.py:190} INFO - ⚠️ Không đọc được file cũ HPG: 'date'
[2025-10-07T13:09:18.821+0000] {logging_mixin.py:190} INFO - HPG: trích dữ liệu từ 2025-10-04 đến 2025-10-07
[2025-10-07T13:09:19.003+0000] {logging_mixin.py:190} INFO - Trích xuất 2 dòng mới cho HPG
[2025-10-07T13:09:19.008+0000] {logging_mixin.py:190} INFO - Append 2 dòng mới vào /opt/***/data/lake/HPG.csv
[2025-10-07T13:09:19.008+0000] {logging_mixin.py:190} INFO - ✅ Hoàn tất HPG, thêm 2 dòng mới.
[2025-10-07T13:09:21.009+0000] {logging_mixin.py:190} INFO - 🚦 Giới hạn API đạt mức tối đa, chờ 36.9s...
[2025-10-07T13:09:57.783+0000] {logging_mixin.py:190} INFO - ⬇️ Bắt đầu xử lý symbol = HPD
[2025-10-07T13:09:57.798+0000] {logging_mixin.py:190} INFO - ⚠️ Không đọc được file cũ HPD: 'date'
[2025-10-07T13:09:57.804+0000] {logging_mixin.py:190} INFO - HPD: trích dữ liệu từ 2025-10-04 đến 2025-10-07
[2025-10-07T13:09:57.976+0000] {logging_mixin.py:190} INFO - Trích xuất 2 dòng mới cho HPD
[2025-10-07T13:09:57.994+0000] {logging_mixin.py:190} INFO - Append 2 dòng mới vào /opt/***/data/lake/HPD.csv
[2025-10-07T13:09:57.995+0000] {logging_mixin.py:190} INFO - ✅ Hoàn tất HPD, thêm 2 dòng mới.
[2025-10-07T13:09:59.868+0000] {logging_mixin.py:190} INFO - 🚦 Giới hạn API đạt mức tối đa, chờ 3.5s...
[2025-10-07T13:10:03.418+0000] {logging_mixin.py:190} INFO - ⬇️ Bắt đầu xử lý symbol = HPB
[2025-10-07T13:10:03.425+0000] {logging_mixin.py:190} INFO - ⚠️ Không đọc được file cũ HPB: 'date'
[2025-10-07T13:10:03.432+0000] {logging_mixin.py:190} INFO - HPB: trích dữ liệu từ 2025-10-04 đến 2025-10-07
[2025-10-07T13:10:03.659+0000] {logging_mixin.py:190} INFO - Trích xuất 2 dòng mới cho HPB
[2025-10-07T13:10:03.666+0000] {logging_mixin.py:190} INFO - Append 2 dòng mới vào /opt/***/data/lake/HPB.csv
[2025-10-07T13:10:03.666+0000] {logging_mixin.py:190} INFO - ✅ Hoàn tất HPB, thêm 2 dòng mới.
[2025-10-07T13:10:05.667+0000] {logging_mixin.py:190} INFO - 🚦 Giới hạn API đạt mức tối đa, chờ 3.5s...
[2025-10-07T13:10:09.167+0000] {logging_mixin.py:190} INFO - ⬇️ Bắt đầu xử lý symbol = HOT
[2025-10-07T13:10:09.174+0000] {logging_mixin.py:190} INFO - ⚠️ Không đọc được file cũ HOT: 'date'
[2025-10-07T13:10:09.184+0000] {logging_mixin.py:190} INFO - HOT: trích dữ liệu từ 2025-09-26 đến 2025-10-07
[2025-10-07T13:10:13.725+0000] {logging_mixin.py:190} INFO - Không tìm thấy dữ liệu cho HOT
[2025-10-07T13:10:13.727+0000] {logging_mixin.py:190} INFO - ℹ️ HOT: Không có dữ liệu mới.
[2025-10-07T13:10:13.727+0000] {logging_mixin.py:190} INFO - 🚦 Giới hạn API đạt mức tối đa, chờ 0.1s...
[2025-10-07T13:10:13.832+0000] {logging_mixin.py:190} INFO - ⬇️ Bắt đầu xử lý symbol = HOM
[2025-10-07T13:10:13.853+0000] {logging_mixin.py:190} INFO - ⚠️ Không đọc được file cũ HOM: 'date'
[2025-10-07T13:10:13.862+0000] {logging_mixin.py:190} INFO - HOM: trích dữ liệu từ 2025-10-04 đến 2025-10-07
[2025-10-07T13:10:14.034+0000] {logging_mixin.py:190} INFO - Trích xuất 2 dòng mới cho HOM
[2025-10-07T13:10:14.039+0000] {logging_mixin.py:190} INFO - Append 2 dòng mới vào /opt/***/data/lake/HOM.csv
[2025-10-07T13:10:14.040+0000] {logging_mixin.py:190} INFO - ✅ Hoàn tất HOM, thêm 2 dòng mới.
[2025-10-07T13:10:16.041+0000] {logging_mixin.py:190} INFO - 🚦 Giới hạn API đạt mức tối đa, chờ 2.8s...
[2025-10-07T13:10:18.807+0000] {logging_mixin.py:190} INFO - ⬇️ Bắt đầu xử lý symbol = HNT
[2025-10-07T13:10:18.818+0000] {logging_mixin.py:190} INFO - ⚠️ Không đọc được file cũ HNT: 'date'
[2025-10-07T13:10:18.824+0000] {logging_mixin.py:190} INFO - HNT: trích dữ liệu từ 2022-07-08 đến 2025-10-07
[2025-10-07T13:10:23.355+0000] {logging_mixin.py:190} INFO - Không tìm thấy dữ liệu cho HNT
[2025-10-07T13:10:23.357+0000] {logging_mixin.py:190} INFO - ℹ️ HNT: Không có dữ liệu mới.
[2025-10-07T13:10:23.357+0000] {logging_mixin.py:190} INFO - 🚦 Giới hạn API đạt mức tối đa, chờ 34.4s...
[2025-10-07T13:10:57.661+0000] {logging_mixin.py:190} INFO - ⬇️ Bắt đầu xử lý symbol = HNR
[2025-10-07T13:10:57.671+0000] {logging_mixin.py:190} INFO - ⚠️ Không đọc được file cũ HNR: 'date'
[2025-10-07T13:10:57.680+0000] {logging_mixin.py:190} INFO - HNR: trích dữ liệu từ 2024-07-26 đến 2025-10-07
[2025-10-07T13:11:02.263+0000] {logging_mixin.py:190} INFO - Không tìm thấy dữ liệu cho HNR
[2025-10-07T13:11:02.265+0000] {logging_mixin.py:190} INFO - ℹ️ HNR: Không có dữ liệu mới.
[2025-10-07T13:11:02.266+0000] {logging_mixin.py:190} INFO - 🚦 Giới hạn API đạt mức tối đa, chờ 1.2s...
[2025-10-07T13:11:03.418+0000] {logging_mixin.py:190} INFO - ⬇️ Bắt đầu xử lý symbol = HNP
[2025-10-07T13:11:03.433+0000] {logging_mixin.py:190} INFO - ⚠️ Không đọc được file cũ HNP: 'date'
[2025-10-07T13:11:03.441+0000] {logging_mixin.py:190} INFO - HNP: trích dữ liệu từ 2025-09-17 đến 2025-10-07
[2025-10-07T13:11:08.046+0000] {logging_mixin.py:190} INFO - Không tìm thấy dữ liệu cho HNP
[2025-10-07T13:11:08.047+0000] {logging_mixin.py:190} INFO - ℹ️ HNP: Không có dữ liệu mới.
[2025-10-07T13:11:08.048+0000] {logging_mixin.py:190} INFO - 🚦 Giới hạn API đạt mức tối đa, chờ 1.1s...
[2025-10-07T13:11:09.168+0000] {logging_mixin.py:190} INFO - ⬇️ Bắt đầu xử lý symbol = HNM
[2025-10-07T13:11:09.176+0000] {logging_mixin.py:190} INFO - ⚠️ Không đọc được file cũ HNM: 'date'
[2025-10-07T13:11:09.183+0000] {logging_mixin.py:190} INFO - HNM: trích dữ liệu từ 2025-10-04 đến 2025-10-07
[2025-10-07T13:11:09.361+0000] {logging_mixin.py:190} INFO - Trích xuất 2 dòng mới cho HNM
[2025-10-07T13:11:09.367+0000] {logging_mixin.py:190} INFO - Append 2 dòng mới vào /opt/***/data/lake/HNM.csv
[2025-10-07T13:11:09.368+0000] {logging_mixin.py:190} INFO - ✅ Hoàn tất HNM, thêm 2 dòng mới.
[2025-10-07T13:11:11.370+0000] {logging_mixin.py:190} INFO - 🚦 Giới hạn API đạt mức tối đa, chờ 2.5s...
[2025-10-07T13:11:13.834+0000] {logging_mixin.py:190} INFO - ⬇️ Bắt đầu xử lý symbol = HNI
[2025-10-07T13:11:13.849+0000] {logging_mixin.py:190} INFO - ⚠️ Không đọc được file cũ HNI: 'date'
[2025-10-07T13:11:13.856+0000] {logging_mixin.py:190} INFO - HNI: trích dữ liệu từ 2025-10-01 đến 2025-10-07
[2025-10-07T13:11:14.026+0000] {logging_mixin.py:190} INFO - Trích xuất 1 dòng mới cho HNI
[2025-10-07T13:11:14.032+0000] {logging_mixin.py:190} INFO - Append 1 dòng mới vào /opt/***/data/lake/HNI.csv
[2025-10-07T13:11:14.033+0000] {logging_mixin.py:190} INFO - ✅ Hoàn tất HNI, thêm 1 dòng mới.
[2025-10-07T13:11:16.033+0000] {logging_mixin.py:190} INFO - 🚦 Giới hạn API đạt mức tối đa, chờ 2.8s...
[2025-10-07T13:11:18.808+0000] {logging_mixin.py:190} INFO - ⬇️ Bắt đầu xử lý symbol = HNG
[2025-10-07T13:11:18.823+0000] {logging_mixin.py:190} INFO - ⚠️ Không đọc được file cũ HNG: 'date'
[2025-10-07T13:11:18.830+0000] {logging_mixin.py:190} INFO - HNG: trích dữ liệu từ 2025-10-04 đến 2025-10-07
[2025-10-07T13:11:19.009+0000] {logging_mixin.py:190} INFO - Trích xuất 2 dòng mới cho HNG
[2025-10-07T13:11:19.016+0000] {logging_mixin.py:190} INFO - Append 2 dòng mới vào /opt/***/data/lake/HNG.csv
[2025-10-07T13:11:19.016+0000] {logging_mixin.py:190} INFO - ✅ Hoàn tất HNG, thêm 2 dòng mới.
[2025-10-07T13:11:21.017+0000] {logging_mixin.py:190} INFO - 🚦 Giới hạn API đạt mức tối đa, chờ 36.6s...
[2025-10-07T13:11:57.529+0000] {logging_mixin.py:190} INFO - ⬇️ Bắt đầu xử lý symbol = HNF
[2025-10-07T13:11:57.536+0000] {logging_mixin.py:190} INFO - ⚠️ Không đọc được file cũ HNF: 'date'
[2025-10-07T13:11:57.542+0000] {logging_mixin.py:190} INFO - HNF: trích dữ liệu từ 2025-09-26 đến 2025-10-07
[2025-10-07T13:11:57.739+0000] {logging_mixin.py:190} INFO - Trích xuất 1 dòng mới cho HNF
[2025-10-07T13:11:57.745+0000] {logging_mixin.py:190} INFO - Append 1 dòng mới vào /opt/***/data/lake/HNF.csv
[2025-10-07T13:11:57.746+0000] {logging_mixin.py:190} INFO - ✅ Hoàn tất HNF, thêm 1 dòng mới.
[2025-10-07T13:11:59.630+0000] {logging_mixin.py:190} INFO - 🚦 Giới hạn API đạt mức tối đa, chờ 3.8s...
[2025-10-07T13:12:03.419+0000] {logging_mixin.py:190} INFO - ⬇️ Bắt đầu xử lý symbol = HNE
[2025-10-07T13:12:03.430+0000] {logging_mixin.py:190} INFO - HNE: trích dữ liệu từ 2020-01-01 đến 2025-10-07
[2025-10-07T13:12:07.921+0000] {logging_mixin.py:190} INFO - Không tìm thấy dữ liệu cho HNE
[2025-10-07T13:12:07.923+0000] {logging_mixin.py:190} INFO - ℹ️ HNE: Không có dữ liệu mới.
[2025-10-07T13:12:07.923+0000] {logging_mixin.py:190} INFO - 🚦 Giới hạn API đạt mức tối đa, chờ 1.2s...
[2025-10-07T13:12:09.169+0000] {logging_mixin.py:190} INFO - ⬇️ Bắt đầu xử lý symbol = HND
[2025-10-07T13:12:09.177+0000] {logging_mixin.py:190} INFO - ⚠️ Không đọc được file cũ HND: 'date'
[2025-10-07T13:12:09.184+0000] {logging_mixin.py:190} INFO - HND: trích dữ liệu từ 2025-10-04 đến 2025-10-07
[2025-10-07T13:12:09.338+0000] {logging_mixin.py:190} INFO - Trích xuất 2 dòng mới cho HND
[2025-10-07T13:12:09.343+0000] {logging_mixin.py:190} INFO - Append 2 dòng mới vào /opt/***/data/lake/HND.csv
[2025-10-07T13:12:09.344+0000] {logging_mixin.py:190} INFO - ✅ Hoàn tất HND, thêm 2 dòng mới.
[2025-10-07T13:12:11.345+0000] {logging_mixin.py:190} INFO - 🚦 Giới hạn API đạt mức tối đa, chờ 2.5s...
[2025-10-07T13:12:13.836+0000] {logging_mixin.py:190} INFO - ⬇️ Bắt đầu xử lý symbol = HNB
[2025-10-07T13:12:13.844+0000] {logging_mixin.py:190} INFO - ⚠️ Không đọc được file cũ HNB: 'date'
[2025-10-07T13:12:13.851+0000] {logging_mixin.py:190} INFO - HNB: trích dữ liệu từ 2025-10-03 đến 2025-10-07
[2025-10-07T13:12:18.529+0000] {logging_mixin.py:190} INFO - Không tìm thấy dữ liệu cho HNB
[2025-10-07T13:12:18.534+0000] {logging_mixin.py:190} INFO - ℹ️ HNB: Không có dữ liệu mới.
[2025-10-07T13:12:18.534+0000] {logging_mixin.py:190} INFO - 🚦 Giới hạn API đạt mức tối đa, chờ 0.3s...
[2025-10-07T13:12:18.813+0000] {logging_mixin.py:190} INFO - ⬇️ Bắt đầu xử lý symbol = HNA
[2025-10-07T13:12:18.870+0000] {logging_mixin.py:190} INFO - ⚠️ Không đọc được file cũ HNA: 'date'
[2025-10-07T13:12:18.882+0000] {logging_mixin.py:190} INFO - HNA: trích dữ liệu từ 2025-10-04 đến 2025-10-07
[2025-10-07T13:12:19.175+0000] {logging_mixin.py:190} INFO - Trích xuất 1 dòng mới cho HNA
[2025-10-07T13:12:19.213+0000] {logging_mixin.py:190} INFO - Append 1 dòng mới vào /opt/***/data/lake/HNA.csv
[2025-10-07T13:12:19.216+0000] {logging_mixin.py:190} INFO - ✅ Hoàn tất HNA, thêm 1 dòng mới.
[2025-10-07T13:12:21.221+0000] {logging_mixin.py:190} INFO - 🚦 Giới hạn API đạt mức tối đa, chờ 36.3s...
[2025-10-07T13:12:57.421+0000] {logging_mixin.py:190} INFO - ⬇️ Bắt đầu xử lý symbol = HMS
[2025-10-07T13:12:57.429+0000] {logging_mixin.py:190} INFO - ⚠️ Không đọc được file cũ HMS: 'date'
[2025-10-07T13:12:57.435+0000] {logging_mixin.py:190} INFO - HMS: trích dữ liệu từ 2025-10-04 đến 2025-10-07
[2025-10-07T13:12:57.707+0000] {logging_mixin.py:190} INFO - Trích xuất 2 dòng mới cho HMS
[2025-10-07T13:12:57.713+0000] {logging_mixin.py:190} INFO - Append 2 dòng mới vào /opt/***/data/lake/HMS.csv
[2025-10-07T13:12:57.713+0000] {logging_mixin.py:190} INFO - ✅ Hoàn tất HMS, thêm 2 dòng mới.
[2025-10-07T13:12:59.605+0000] {logging_mixin.py:190} INFO - 🚦 Giới hạn API đạt mức tối đa, chờ 3.8s...
[2025-10-07T13:13:03.420+0000] {logging_mixin.py:190} INFO - ⬇️ Bắt đầu xử lý symbol = HMR
[2025-10-07T13:13:03.430+0000] {logging_mixin.py:190} INFO - ⚠️ Không đọc được file cũ HMR: 'date'
[2025-10-07T13:13:03.436+0000] {logging_mixin.py:190} INFO - HMR: trích dữ liệu từ 2025-10-04 đến 2025-10-07
[2025-10-07T13:13:03.626+0000] {logging_mixin.py:190} INFO - Trích xuất 2 dòng mới cho HMR
[2025-10-07T13:13:03.632+0000] {logging_mixin.py:190} INFO - Append 2 dòng mới vào /opt/***/data/lake/HMR.csv
[2025-10-07T13:13:03.632+0000] {logging_mixin.py:190} INFO - ✅ Hoàn tất HMR, thêm 2 dòng mới.
[2025-10-07T13:13:05.633+0000] {logging_mixin.py:190} INFO - 🚦 Giới hạn API đạt mức tối đa, chờ 3.5s...
[2025-10-07T13:13:09.171+0000] {logging_mixin.py:190} INFO - ⬇️ Bắt đầu xử lý symbol = HMH
[2025-10-07T13:13:09.192+0000] {logging_mixin.py:190} INFO - ⚠️ Không đọc được file cũ HMH: 'date'
[2025-10-07T13:13:09.199+0000] {logging_mixin.py:190} INFO - HMH: trích dữ liệu từ 2025-10-04 đến 2025-10-07
[2025-10-07T13:13:10.445+0000] {logging_mixin.py:190} INFO - Trích xuất 2 dòng mới cho HMH
[2025-10-07T13:13:10.452+0000] {logging_mixin.py:190} INFO - Append 2 dòng mới vào /opt/***/data/lake/HMH.csv
[2025-10-07T13:13:10.453+0000] {logging_mixin.py:190} INFO - ✅ Hoàn tất HMH, thêm 2 dòng mới.
[2025-10-07T13:13:12.453+0000] {logging_mixin.py:190} INFO - 🚦 Giới hạn API đạt mức tối đa, chờ 1.4s...
[2025-10-07T13:13:13.837+0000] {logging_mixin.py:190} INFO - ⬇️ Bắt đầu xử lý symbol = HMG
[2025-10-07T13:13:13.854+0000] {logging_mixin.py:190} INFO - ⚠️ Không đọc được file cũ HMG: 'date'
[2025-10-07T13:13:13.861+0000] {logging_mixin.py:190} INFO - HMG: trích dữ liệu từ 2025-08-19 đến 2025-10-07
[2025-10-07T13:13:18.480+0000] {logging_mixin.py:190} INFO - Không tìm thấy dữ liệu cho HMG
[2025-10-07T13:13:18.481+0000] {logging_mixin.py:190} INFO - ℹ️ HMG: Không có dữ liệu mới.
[2025-10-07T13:13:18.482+0000] {logging_mixin.py:190} INFO - 🚦 Giới hạn API đạt mức tối đa, chờ 0.3s...
[2025-10-07T13:13:18.814+0000] {logging_mixin.py:190} INFO - ⬇️ Bắt đầu xử lý symbol = HMD
[2025-10-07T13:13:18.826+0000] {logging_mixin.py:190} INFO - ⚠️ Không đọc được file cũ HMD: 'date'
[2025-10-07T13:13:18.833+0000] {logging_mixin.py:190} INFO - HMD: trích dữ liệu từ 2025-09-13 đến 2025-10-07
[2025-10-07T13:13:23.507+0000] {logging_mixin.py:190} INFO - Không tìm thấy dữ liệu cho HMD
[2025-10-07T13:13:23.508+0000] {logging_mixin.py:190} INFO - ℹ️ HMD: Không có dữ liệu mới.
[2025-10-07T13:13:23.509+0000] {python.py:240} INFO - Done. Returned value was: None
[2025-10-07T13:13:23.520+0000] {taskinstance.py:341} INFO - ::group::Post task execution logs
[2025-10-07T13:13:23.521+0000] {taskinstance.py:353} INFO - Marking task as SUCCESS. dag_id=vnstock_weekly_etl_incremental, task_id=process_batch, run_id=manual__2025-10-07T10:43:54.222487+00:00, map_index=21, execution_date=20251007T104354, start_date=20251007T130358, end_date=20251007T131323
[2025-10-07T13:13:23.583+0000] {local_task_job_runner.py:266} INFO - Task exited with return code 0
[2025-10-07T13:13:23.769+0000] {taskinstance.py:3901} INFO - 0 downstream tasks scheduled from follow-on schedule check
[2025-10-07T13:13:23.771+0000] {local_task_job_runner.py:245} INFO - ::endgroup::
