[2025-10-07T10:36:51.574+0000] {local_task_job_runner.py:123} INFO - ::group::Pre task execution logs
[2025-10-07T10:36:51.601+0000] {taskinstance.py:2614} INFO - Dependencies all met for dep_context=non-requeueable deps ti=<TaskInstance: vnstock_weekly_etl_incremental.process_batch manual__2025-10-07T10:36:05.597506+00:00 map_index=23 [queued]>
[2025-10-07T10:36:51.612+0000] {taskinstance.py:2614} INFO - Dependencies all met for dep_context=requeueable deps ti=<TaskInstance: vnstock_weekly_etl_incremental.process_batch manual__2025-10-07T10:36:05.597506+00:00 map_index=23 [queued]>
[2025-10-07T10:36:51.613+0000] {taskinstance.py:2867} INFO - Starting attempt 1 of 3
[2025-10-07T10:36:51.628+0000] {taskinstance.py:2890} INFO - Executing <Mapped(_PythonDecoratedOperator): process_batch> on 2025-10-07 10:36:05.597506+00:00
[2025-10-07T10:36:51.637+0000] {logging_mixin.py:190} WARNING - /home/***/.local/lib/python3.12/site-packages/***/task/task_runner/standard_task_runner.py:70 DeprecationWarning: This process (pid=3005) is multi-threaded, use of fork() may lead to deadlocks in the child.
[2025-10-07T10:36:51.639+0000] {standard_task_runner.py:72} INFO - Started process 3040 to run task
[2025-10-07T10:36:51.638+0000] {standard_task_runner.py:104} INFO - Running: ['***', 'tasks', 'run', 'vnstock_weekly_etl_incremental', 'process_batch', 'manual__2025-10-07T10:36:05.597506+00:00', '--job-id', '106', '--raw', '--subdir', 'DAGS_FOLDER/dag.py', '--cfg-path', '/tmp/tmp781btwjn', '--map-index', '23']
[2025-10-07T10:36:51.639+0000] {standard_task_runner.py:105} INFO - Job 106: Subtask process_batch
[2025-10-07T10:36:51.654+0000] {logging_mixin.py:190} WARNING - /home/***/.local/lib/python3.12/site-packages/***/settings.py:209 DeprecationWarning: The sql_alchemy_conn option in [core] has been moved to the sql_alchemy_conn option in [database] - the old setting has been used, but please update your config.
[2025-10-07T10:36:51.870+0000] {task_command.py:467} INFO - Running <TaskInstance: vnstock_weekly_etl_incremental.process_batch manual__2025-10-07T10:36:05.597506+00:00 map_index=23 [running]> on host e3278e0f0bbc
[2025-10-07T10:36:51.964+0000] {taskinstance.py:3134} INFO - Exporting env vars: AIRFLOW_CTX_DAG_OWNER='***' AIRFLOW_CTX_DAG_ID='vnstock_weekly_etl_incremental' AIRFLOW_CTX_TASK_ID='process_batch' AIRFLOW_CTX_EXECUTION_DATE='2025-10-07T10:36:05.597506+00:00' AIRFLOW_CTX_TRY_NUMBER='1' AIRFLOW_CTX_DAG_RUN_ID='manual__2025-10-07T10:36:05.597506+00:00'
[2025-10-07T10:36:51.966+0000] {taskinstance.py:732} INFO - ::endgroup::
[2025-10-07T10:36:51.969+0000] {logging_mixin.py:190} INFO - ⬇️ Xử lý symbol = HDB
[2025-10-07T10:36:51.997+0000] {logging_mixin.py:190} INFO - HDB: trích dữ liệu từ 2025-10-04 đến 2025-10-07
[2025-10-07T10:36:52.252+0000] {logging_mixin.py:190} INFO - Trích xuất 2 dòng mới cho HDB
[2025-10-07T10:36:52.262+0000] {logging_mixin.py:190} INFO - Append 2 dòng mới vào /opt/***/data/lake/HDB.csv
[2025-10-07T10:36:54.263+0000] {logging_mixin.py:190} INFO - ⬇️ Xử lý symbol = HDA
[2025-10-07T10:36:54.293+0000] {logging_mixin.py:190} INFO - HDA: trích dữ liệu từ 2025-10-04 đến 2025-10-07
[2025-10-07T10:36:54.704+0000] {logging_mixin.py:190} INFO - Trích xuất 2 dòng mới cho HDA
[2025-10-07T10:36:54.727+0000] {logging_mixin.py:190} INFO - Append 2 dòng mới vào /opt/***/data/lake/HDA.csv
[2025-10-07T10:36:56.728+0000] {logging_mixin.py:190} INFO - ⬇️ Xử lý symbol = HD8
[2025-10-07T10:36:56.761+0000] {logging_mixin.py:190} INFO - HD8: trích dữ liệu từ 2025-10-04 đến 2025-10-07
[2025-10-07T10:36:56.913+0000] {logging_mixin.py:190} INFO - Trích xuất 1 dòng mới cho HD8
[2025-10-07T10:36:56.923+0000] {logging_mixin.py:190} INFO - Append 1 dòng mới vào /opt/***/data/lake/HD8.csv
[2025-10-07T10:36:58.924+0000] {logging_mixin.py:190} INFO - ⬇️ Xử lý symbol = HD6
[2025-10-07T10:36:58.946+0000] {logging_mixin.py:190} INFO - HD6: trích dữ liệu từ 2025-10-04 đến 2025-10-07
[2025-10-07T10:37:00.057+0000] {logging_mixin.py:190} INFO - Trích xuất 2 dòng mới cho HD6
[2025-10-07T10:37:00.063+0000] {logging_mixin.py:190} INFO - Append 2 dòng mới vào /opt/***/data/lake/HD6.csv
[2025-10-07T10:37:02.064+0000] {logging_mixin.py:190} INFO - ⬇️ Xử lý symbol = HD2
[2025-10-07T10:37:02.092+0000] {logging_mixin.py:190} INFO - HD2: trích dữ liệu từ 2025-10-04 đến 2025-10-07
[2025-10-07T10:37:02.260+0000] {logging_mixin.py:190} INFO - Trích xuất 2 dòng mới cho HD2
[2025-10-07T10:37:02.272+0000] {logging_mixin.py:190} INFO - Append 2 dòng mới vào /opt/***/data/lake/HD2.csv
[2025-10-07T10:37:04.273+0000] {logging_mixin.py:190} INFO - ⚠️ Lỗi khi xử lý HCT: Bucket for item=vnstock with Rate limit=5/1.0m is already full
[2025-10-07T10:37:04.273+0000] {logging_mixin.py:190} INFO - ⚠️ Lỗi khi xử lý HCM: Bucket for item=vnstock with Rate limit=5/1.0m is already full
[2025-10-07T10:37:04.274+0000] {logging_mixin.py:190} INFO - ⚠️ Lỗi khi xử lý HCI: Bucket for item=vnstock with Rate limit=5/1.0m is already full
[2025-10-07T10:37:04.274+0000] {logging_mixin.py:190} INFO - ⚠️ Lỗi khi xử lý HCD: Bucket for item=vnstock with Rate limit=5/1.0m is already full
[2025-10-07T10:37:04.275+0000] {logging_mixin.py:190} INFO - ⚠️ Lỗi khi xử lý HCC: Bucket for item=vnstock with Rate limit=5/1.0m is already full
[2025-10-07T10:37:04.275+0000] {logging_mixin.py:190} INFO - ⚠️ Lỗi khi xử lý HCB: Bucket for item=vnstock with Rate limit=5/1.0m is already full
[2025-10-07T10:37:04.275+0000] {logging_mixin.py:190} INFO - ⚠️ Lỗi khi xử lý HC3: Bucket for item=vnstock with Rate limit=5/1.0m is already full
[2025-10-07T10:37:04.276+0000] {logging_mixin.py:190} INFO - ⚠️ Lỗi khi xử lý HC1: Bucket for item=vnstock with Rate limit=5/1.0m is already full
[2025-10-07T10:37:04.276+0000] {logging_mixin.py:190} INFO - ⚠️ Lỗi khi xử lý HBS: Bucket for item=vnstock with Rate limit=5/1.0m is already full
[2025-10-07T10:37:04.277+0000] {logging_mixin.py:190} INFO - ⚠️ Lỗi khi xử lý HBH: Bucket for item=vnstock with Rate limit=5/1.0m is already full
[2025-10-07T10:37:04.277+0000] {logging_mixin.py:190} INFO - ⚠️ Lỗi khi xử lý HBD: Bucket for item=vnstock with Rate limit=5/1.0m is already full
[2025-10-07T10:37:04.278+0000] {logging_mixin.py:190} INFO - ⚠️ Lỗi khi xử lý HBC: Bucket for item=vnstock with Rate limit=5/1.0m is already full
[2025-10-07T10:37:04.279+0000] {logging_mixin.py:190} INFO - ⚠️ Lỗi khi xử lý HAX: Bucket for item=vnstock with Rate limit=5/1.0m is already full
[2025-10-07T10:37:04.280+0000] {logging_mixin.py:190} INFO - ⚠️ Lỗi khi xử lý HAW: Bucket for item=vnstock with Rate limit=5/1.0m is already full
[2025-10-07T10:37:04.280+0000] {logging_mixin.py:190} INFO - ⚠️ Lỗi khi xử lý HAV: Bucket for item=vnstock with Rate limit=5/1.0m is already full
[2025-10-07T10:37:04.281+0000] {logging_mixin.py:190} INFO - ⚠️ Lỗi khi xử lý HAT: Bucket for item=vnstock with Rate limit=5/1.0m is already full
[2025-10-07T10:37:04.281+0000] {logging_mixin.py:190} INFO - ⚠️ Lỗi khi xử lý HAS: Bucket for item=vnstock with Rate limit=5/1.0m is already full
[2025-10-07T10:37:04.282+0000] {logging_mixin.py:190} INFO - ⚠️ Lỗi khi xử lý HAR: Bucket for item=vnstock with Rate limit=5/1.0m is already full
[2025-10-07T10:37:04.282+0000] {logging_mixin.py:190} INFO - ⚠️ Lỗi khi xử lý HAP: Bucket for item=vnstock with Rate limit=5/1.0m is already full
[2025-10-07T10:37:04.283+0000] {logging_mixin.py:190} INFO - ⚠️ Lỗi khi xử lý HAN: Bucket for item=vnstock with Rate limit=5/1.0m is already full
[2025-10-07T10:37:04.283+0000] {logging_mixin.py:190} INFO - ⚠️ Lỗi khi xử lý HAM: Bucket for item=vnstock with Rate limit=5/1.0m is already full
[2025-10-07T10:37:04.284+0000] {logging_mixin.py:190} INFO - ⚠️ Lỗi khi xử lý HAI: Bucket for item=vnstock with Rate limit=5/1.0m is already full
[2025-10-07T10:37:04.284+0000] {logging_mixin.py:190} INFO - ⚠️ Lỗi khi xử lý HAH: Bucket for item=vnstock with Rate limit=5/1.0m is already full
[2025-10-07T10:37:04.285+0000] {logging_mixin.py:190} INFO - ⚠️ Lỗi khi xử lý HAG: Bucket for item=vnstock with Rate limit=5/1.0m is already full
[2025-10-07T10:37:04.285+0000] {logging_mixin.py:190} INFO - ⚠️ Lỗi khi xử lý HAF: Bucket for item=vnstock with Rate limit=5/1.0m is already full
[2025-10-07T10:37:04.286+0000] {logging_mixin.py:190} INFO - ⚠️ Lỗi khi xử lý HAD: Bucket for item=vnstock with Rate limit=5/1.0m is already full
[2025-10-07T10:37:04.286+0000] {logging_mixin.py:190} INFO - ⚠️ Lỗi khi xử lý HAC: Bucket for item=vnstock with Rate limit=5/1.0m is already full
[2025-10-07T10:37:04.287+0000] {logging_mixin.py:190} INFO - ⚠️ Lỗi khi xử lý HAB: Bucket for item=vnstock with Rate limit=5/1.0m is already full
[2025-10-07T10:37:04.287+0000] {logging_mixin.py:190} INFO - ⚠️ Lỗi khi xử lý H11: Bucket for item=vnstock with Rate limit=5/1.0m is already full
[2025-10-07T10:37:04.287+0000] {logging_mixin.py:190} INFO - ⚠️ Lỗi khi xử lý GVT: Bucket for item=vnstock with Rate limit=5/1.0m is already full
[2025-10-07T10:37:04.288+0000] {logging_mixin.py:190} INFO - ⚠️ Lỗi khi xử lý GVR: Bucket for item=vnstock with Rate limit=5/1.0m is already full
[2025-10-07T10:37:04.288+0000] {logging_mixin.py:190} INFO - ⚠️ Lỗi khi xử lý GTT: Bucket for item=vnstock with Rate limit=5/1.0m is already full
[2025-10-07T10:37:04.289+0000] {logging_mixin.py:190} INFO - ⚠️ Lỗi khi xử lý GTS: Bucket for item=vnstock with Rate limit=5/1.0m is already full
[2025-10-07T10:37:04.289+0000] {logging_mixin.py:190} INFO - ⚠️ Lỗi khi xử lý GTK: Bucket for item=vnstock with Rate limit=5/1.0m is already full
[2025-10-07T10:37:04.289+0000] {logging_mixin.py:190} INFO - ⚠️ Lỗi khi xử lý GTH: Bucket for item=vnstock with Rate limit=5/1.0m is already full
[2025-10-07T10:37:04.290+0000] {logging_mixin.py:190} INFO - ⚠️ Lỗi khi xử lý GTD: Bucket for item=vnstock with Rate limit=5/1.0m is already full
[2025-10-07T10:37:04.290+0000] {logging_mixin.py:190} INFO - ⚠️ Lỗi khi xử lý GTA: Bucket for item=vnstock with Rate limit=5/1.0m is already full
[2025-10-07T10:37:04.291+0000] {logging_mixin.py:190} INFO - ⚠️ Lỗi khi xử lý GSP: Bucket for item=vnstock with Rate limit=5/1.0m is already full
[2025-10-07T10:37:04.293+0000] {logging_mixin.py:190} INFO - ⚠️ Lỗi khi xử lý GSM: Bucket for item=vnstock with Rate limit=5/1.0m is already full
[2025-10-07T10:37:04.293+0000] {logging_mixin.py:190} INFO - ⚠️ Lỗi khi xử lý GQN: Bucket for item=vnstock with Rate limit=5/1.0m is already full
[2025-10-07T10:37:04.294+0000] {logging_mixin.py:190} INFO - ⚠️ Lỗi khi xử lý GPC: Bucket for item=vnstock with Rate limit=5/1.0m is already full
[2025-10-07T10:37:04.294+0000] {logging_mixin.py:190} INFO - ⚠️ Lỗi khi xử lý GND: Bucket for item=vnstock with Rate limit=5/1.0m is already full
[2025-10-07T10:37:04.294+0000] {logging_mixin.py:190} INFO - ⚠️ Lỗi khi xử lý GMX: Bucket for item=vnstock with Rate limit=5/1.0m is already full
[2025-10-07T10:37:04.295+0000] {logging_mixin.py:190} INFO - ⚠️ Lỗi khi xử lý GMH: Bucket for item=vnstock with Rate limit=5/1.0m is already full
[2025-10-07T10:37:04.295+0000] {logging_mixin.py:190} INFO - ⚠️ Lỗi khi xử lý GMD: Bucket for item=vnstock with Rate limit=5/1.0m is already full
[2025-10-07T10:37:04.295+0000] {python.py:240} INFO - Done. Returned value was: None
[2025-10-07T10:37:04.305+0000] {taskinstance.py:341} INFO - ::group::Post task execution logs
[2025-10-07T10:37:04.306+0000] {taskinstance.py:353} INFO - Marking task as SUCCESS. dag_id=vnstock_weekly_etl_incremental, task_id=process_batch, run_id=manual__2025-10-07T10:36:05.597506+00:00, map_index=23, execution_date=20251007T103605, start_date=20251007T103651, end_date=20251007T103704
[2025-10-07T10:37:04.353+0000] {local_task_job_runner.py:266} INFO - Task exited with return code 0
[2025-10-07T10:37:04.367+0000] {taskinstance.py:3901} INFO - 0 downstream tasks scheduled from follow-on schedule check
[2025-10-07T10:37:04.369+0000] {local_task_job_runner.py:245} INFO - ::endgroup::
