[2025-10-07T11:40:29.424+0000] {local_task_job_runner.py:123} INFO - ::group::Pre task execution logs
[2025-10-07T11:40:29.457+0000] {taskinstance.py:2614} INFO - Dependencies all met for dep_context=non-requeueable deps ti=<TaskInstance: vnstock_weekly_etl_incremental.process_batch manual__2025-10-07T10:41:48.387187+00:00 map_index=29 [queued]>
[2025-10-07T11:40:29.475+0000] {taskinstance.py:2614} INFO - Dependencies all met for dep_context=requeueable deps ti=<TaskInstance: vnstock_weekly_etl_incremental.process_batch manual__2025-10-07T10:41:48.387187+00:00 map_index=29 [queued]>
[2025-10-07T11:40:29.476+0000] {taskinstance.py:2867} INFO - Starting attempt 1 of 3
[2025-10-07T11:40:29.495+0000] {taskinstance.py:2890} INFO - Executing <Mapped(_PythonDecoratedOperator): process_batch> on 2025-10-07 10:41:48.387187+00:00
[2025-10-07T11:40:29.510+0000] {logging_mixin.py:190} WARNING - /home/***/.local/lib/python3.12/site-packages/***/task/task_runner/standard_task_runner.py:70 DeprecationWarning: This process (pid=9125) is multi-threaded, use of fork() may lead to deadlocks in the child.
[2025-10-07T11:40:29.515+0000] {standard_task_runner.py:72} INFO - Started process 9141 to run task
[2025-10-07T11:40:29.512+0000] {standard_task_runner.py:104} INFO - Running: ['***', 'tasks', 'run', 'vnstock_weekly_etl_incremental', 'process_batch', 'manual__2025-10-07T10:41:48.387187+00:00', '--job-id', '153', '--raw', '--subdir', 'DAGS_FOLDER/dag.py', '--cfg-path', '/tmp/tmp_0g73jtu', '--map-index', '29']
[2025-10-07T11:40:29.516+0000] {standard_task_runner.py:105} INFO - Job 153: Subtask process_batch
[2025-10-07T11:40:29.539+0000] {logging_mixin.py:190} WARNING - /home/***/.local/lib/python3.12/site-packages/***/settings.py:209 DeprecationWarning: The sql_alchemy_conn option in [core] has been moved to the sql_alchemy_conn option in [database] - the old setting has been used, but please update your config.
[2025-10-07T11:40:29.611+0000] {task_command.py:467} INFO - Running <TaskInstance: vnstock_weekly_etl_incremental.process_batch manual__2025-10-07T10:41:48.387187+00:00 map_index=29 [running]> on host e3278e0f0bbc
[2025-10-07T11:40:30.169+0000] {taskinstance.py:3134} INFO - Exporting env vars: AIRFLOW_CTX_DAG_OWNER='***' AIRFLOW_CTX_DAG_ID='vnstock_weekly_etl_incremental' AIRFLOW_CTX_TASK_ID='process_batch' AIRFLOW_CTX_EXECUTION_DATE='2025-10-07T10:41:48.387187+00:00' AIRFLOW_CTX_TRY_NUMBER='1' AIRFLOW_CTX_DAG_RUN_ID='manual__2025-10-07T10:41:48.387187+00:00'
[2025-10-07T11:40:30.172+0000] {taskinstance.py:732} INFO - ::endgroup::
[2025-10-07T11:40:30.180+0000] {logging_mixin.py:190} INFO - ⬇️ Bắt đầu xử lý symbol = COM
[2025-10-07T11:40:30.224+0000] {logging_mixin.py:190} INFO - ⚠️ Không đọc được file cũ COM: 'date'
[2025-10-07T11:40:30.274+0000] {logging_mixin.py:190} INFO - COM: trích dữ liệu từ 2025-10-08 đến 2025-10-07
[2025-10-07T11:40:30.327+0000] {client.py:83} ERROR - API request failed: HTTPSConnectionPool(host='trading.vietcap.com.vn', port=443): Max retries exceeded with url: /api/chart/OHLCChart/gap (Caused by NameResolutionError("<urllib3.connection.HTTPSConnection object at 0x7e619e96c1d0>: Failed to resolve 'trading.vietcap.com.vn' ([Errno -2] Name or service not known)"))
[2025-10-07T11:40:32.350+0000] {client.py:83} ERROR - API request failed: HTTPSConnectionPool(host='trading.vietcap.com.vn', port=443): Max retries exceeded with url: /api/chart/OHLCChart/gap (Caused by NameResolutionError("<urllib3.connection.HTTPSConnection object at 0x7e619e93c4d0>: Failed to resolve 'trading.vietcap.com.vn' ([Errno -2] Name or service not known)"))
[2025-10-07T11:40:34.356+0000] {client.py:83} ERROR - API request failed: HTTPSConnectionPool(host='trading.vietcap.com.vn', port=443): Max retries exceeded with url: /api/chart/OHLCChart/gap (Caused by NameResolutionError("<urllib3.connection.HTTPSConnection object at 0x7e619e8906e0>: Failed to resolve 'trading.vietcap.com.vn' ([Errno -2] Name or service not known)"))
[2025-10-07T11:40:34.358+0000] {logging_mixin.py:190} INFO - Không tìm thấy dữ liệu cho COM
[2025-10-07T11:40:34.360+0000] {logging_mixin.py:190} INFO - ℹ️ COM: Không có dữ liệu mới.
[2025-10-07T11:40:34.360+0000] {logging_mixin.py:190} INFO - ⬇️ Bắt đầu xử lý symbol = CNT
[2025-10-07T11:40:34.374+0000] {logging_mixin.py:190} INFO - ⚠️ Không đọc được file cũ CNT: 'date'
[2025-10-07T11:40:34.386+0000] {logging_mixin.py:190} INFO - CNT: trích dữ liệu từ 2025-10-08 đến 2025-10-07
[2025-10-07T11:40:34.392+0000] {client.py:83} ERROR - API request failed: HTTPSConnectionPool(host='trading.vietcap.com.vn', port=443): Max retries exceeded with url: /api/chart/OHLCChart/gap (Caused by NameResolutionError("<urllib3.connection.HTTPSConnection object at 0x7e619e93dc10>: Failed to resolve 'trading.vietcap.com.vn' ([Errno -2] Name or service not known)"))
[2025-10-07T11:40:36.409+0000] {client.py:83} ERROR - API request failed: HTTPSConnectionPool(host='trading.vietcap.com.vn', port=443): Max retries exceeded with url: /api/chart/OHLCChart/gap (Caused by NameResolutionError("<urllib3.connection.HTTPSConnection object at 0x7e619e93e8d0>: Failed to resolve 'trading.vietcap.com.vn' ([Errno -2] Name or service not known)"))
[2025-10-07T11:40:38.466+0000] {client.py:83} ERROR - API request failed: HTTPSConnectionPool(host='trading.vietcap.com.vn', port=443): Max retries exceeded with url: /api/chart/OHLCChart/gap (Caused by NameResolutionError("<urllib3.connection.HTTPSConnection object at 0x7e619e93f5f0>: Failed to resolve 'trading.vietcap.com.vn' ([Errno -2] Name or service not known)"))
[2025-10-07T11:40:38.470+0000] {logging_mixin.py:190} INFO - Không tìm thấy dữ liệu cho CNT
[2025-10-07T11:40:38.476+0000] {logging_mixin.py:190} INFO - ℹ️ CNT: Không có dữ liệu mới.
[2025-10-07T11:40:38.479+0000] {logging_mixin.py:190} INFO - ⬇️ Bắt đầu xử lý symbol = CNN
[2025-10-07T11:40:38.522+0000] {logging_mixin.py:190} INFO - ⚠️ Không đọc được file cũ CNN: 'date'
[2025-10-07T11:40:38.560+0000] {logging_mixin.py:190} INFO - CNN: trích dữ liệu từ 2025-10-07 đến 2025-10-07
[2025-10-07T11:40:38.581+0000] {client.py:83} ERROR - API request failed: HTTPSConnectionPool(host='trading.vietcap.com.vn', port=443): Max retries exceeded with url: /api/chart/OHLCChart/gap (Caused by NameResolutionError("<urllib3.connection.HTTPSConnection object at 0x7e619e93f980>: Failed to resolve 'trading.vietcap.com.vn' ([Errno -2] Name or service not known)"))
[2025-10-07T11:40:40.597+0000] {client.py:83} ERROR - API request failed: HTTPSConnectionPool(host='trading.vietcap.com.vn', port=443): Max retries exceeded with url: /api/chart/OHLCChart/gap (Caused by NameResolutionError("<urllib3.connection.HTTPSConnection object at 0x7e619e794500>: Failed to resolve 'trading.vietcap.com.vn' ([Errno -2] Name or service not known)"))
[2025-10-07T11:40:42.612+0000] {client.py:83} ERROR - API request failed: HTTPSConnectionPool(host='trading.vietcap.com.vn', port=443): Max retries exceeded with url: /api/chart/OHLCChart/gap (Caused by NameResolutionError("<urllib3.connection.HTTPSConnection object at 0x7e619e795100>: Failed to resolve 'trading.vietcap.com.vn' ([Errno -2] Name or service not known)"))
[2025-10-07T11:40:42.615+0000] {logging_mixin.py:190} INFO - Không tìm thấy dữ liệu cho CNN
[2025-10-07T11:40:42.619+0000] {logging_mixin.py:190} INFO - ℹ️ CNN: Không có dữ liệu mới.
[2025-10-07T11:40:42.621+0000] {logging_mixin.py:190} INFO - ⬇️ Bắt đầu xử lý symbol = CNG
[2025-10-07T11:40:42.665+0000] {logging_mixin.py:190} INFO - ⚠️ Không đọc được file cũ CNG: 'date'
[2025-10-07T11:40:42.700+0000] {logging_mixin.py:190} INFO - CNG: trích dữ liệu từ 2025-10-08 đến 2025-10-07
[2025-10-07T11:40:42.715+0000] {client.py:83} ERROR - API request failed: HTTPSConnectionPool(host='trading.vietcap.com.vn', port=443): Max retries exceeded with url: /api/chart/OHLCChart/gap (Caused by NameResolutionError("<urllib3.connection.HTTPSConnection object at 0x7e619e93d700>: Failed to resolve 'trading.vietcap.com.vn' ([Errno -2] Name or service not known)"))
[2025-10-07T11:40:44.728+0000] {client.py:83} ERROR - API request failed: HTTPSConnectionPool(host='trading.vietcap.com.vn', port=443): Max retries exceeded with url: /api/chart/OHLCChart/gap (Caused by NameResolutionError("<urllib3.connection.HTTPSConnection object at 0x7e619e93e990>: Failed to resolve 'trading.vietcap.com.vn' ([Errno -2] Name or service not known)"))
[2025-10-07T11:40:46.739+0000] {client.py:83} ERROR - API request failed: HTTPSConnectionPool(host='trading.vietcap.com.vn', port=443): Max retries exceeded with url: /api/chart/OHLCChart/gap (Caused by NameResolutionError("<urllib3.connection.HTTPSConnection object at 0x7e619e93cc20>: Failed to resolve 'trading.vietcap.com.vn' ([Errno -2] Name or service not known)"))
[2025-10-07T11:40:46.743+0000] {logging_mixin.py:190} INFO - Không tìm thấy dữ liệu cho CNG
[2025-10-07T11:40:46.748+0000] {logging_mixin.py:190} INFO - ℹ️ CNG: Không có dữ liệu mới.
[2025-10-07T11:40:46.753+0000] {logging_mixin.py:190} INFO - ⬇️ Bắt đầu xử lý symbol = CNC
[2025-10-07T11:40:46.809+0000] {logging_mixin.py:190} INFO - ⚠️ Không đọc được file cũ CNC: 'date'
[2025-10-07T11:40:46.849+0000] {logging_mixin.py:190} INFO - CNC: trích dữ liệu từ 2025-10-08 đến 2025-10-07
[2025-10-07T11:40:46.868+0000] {client.py:83} ERROR - API request failed: HTTPSConnectionPool(host='trading.vietcap.com.vn', port=443): Max retries exceeded with url: /api/chart/OHLCChart/gap (Caused by NameResolutionError("<urllib3.connection.HTTPSConnection object at 0x7e619e7945f0>: Failed to resolve 'trading.vietcap.com.vn' ([Errno -2] Name or service not known)"))
[2025-10-07T11:40:48.923+0000] {client.py:83} ERROR - API request failed: HTTPSConnectionPool(host='trading.vietcap.com.vn', port=443): Max retries exceeded with url: /api/chart/OHLCChart/gap (Caused by NameResolutionError("<urllib3.connection.HTTPSConnection object at 0x7e619e93f110>: Failed to resolve 'trading.vietcap.com.vn' ([Errno -2] Name or service not known)"))
[2025-10-07T11:40:50.938+0000] {client.py:83} ERROR - API request failed: HTTPSConnectionPool(host='trading.vietcap.com.vn', port=443): Max retries exceeded with url: /api/chart/OHLCChart/gap (Caused by NameResolutionError("<urllib3.connection.HTTPSConnection object at 0x7e619e93c110>: Failed to resolve 'trading.vietcap.com.vn' ([Errno -2] Name or service not known)"))
[2025-10-07T11:40:50.942+0000] {logging_mixin.py:190} INFO - Không tìm thấy dữ liệu cho CNC
[2025-10-07T11:40:50.946+0000] {logging_mixin.py:190} INFO - ℹ️ CNC: Không có dữ liệu mới.
[2025-10-07T11:40:50.948+0000] {logging_mixin.py:190} INFO - 🚦 Giới hạn API đạt mức tối đa, chờ 39.2s...
[2025-10-07T11:41:30.180+0000] {logging_mixin.py:190} INFO - ⬇️ Bắt đầu xử lý symbol = CNA
[2025-10-07T11:41:30.258+0000] {logging_mixin.py:190} INFO - ⚠️ Không đọc được file cũ CNA: 'date'
[2025-10-07T11:41:30.288+0000] {logging_mixin.py:190} INFO - CNA: trích dữ liệu từ 2024-07-26 đến 2025-10-07
[2025-10-07T11:41:30.335+0000] {client.py:83} ERROR - API request failed: HTTPSConnectionPool(host='trading.vietcap.com.vn', port=443): Max retries exceeded with url: /api/chart/OHLCChart/gap (Caused by NameResolutionError("<urllib3.connection.HTTPSConnection object at 0x7e619e794b30>: Failed to resolve 'trading.vietcap.com.vn' ([Errno -2] Name or service not known)"))
[2025-10-07T11:41:32.354+0000] {client.py:83} ERROR - API request failed: HTTPSConnectionPool(host='trading.vietcap.com.vn', port=443): Max retries exceeded with url: /api/chart/OHLCChart/gap (Caused by NameResolutionError("<urllib3.connection.HTTPSConnection object at 0x7e619e796750>: Failed to resolve 'trading.vietcap.com.vn' ([Errno -2] Name or service not known)"))
[2025-10-07T11:41:34.361+0000] {client.py:83} ERROR - API request failed: HTTPSConnectionPool(host='trading.vietcap.com.vn', port=443): Max retries exceeded with url: /api/chart/OHLCChart/gap (Caused by NameResolutionError("<urllib3.connection.HTTPSConnection object at 0x7e619e93e9c0>: Failed to resolve 'trading.vietcap.com.vn' ([Errno -2] Name or service not known)"))
[2025-10-07T11:41:34.363+0000] {logging_mixin.py:190} INFO - Không tìm thấy dữ liệu cho CNA
[2025-10-07T11:41:34.365+0000] {logging_mixin.py:190} INFO - ℹ️ CNA: Không có dữ liệu mới.
[2025-10-07T11:41:34.366+0000] {logging_mixin.py:190} INFO - ⬇️ Bắt đầu xử lý symbol = CMX
[2025-10-07T11:41:34.402+0000] {logging_mixin.py:190} INFO - ⚠️ Không đọc được file cũ CMX: 'date'
[2025-10-07T11:41:34.418+0000] {logging_mixin.py:190} INFO - CMX: trích dữ liệu từ 2025-10-04 đến 2025-10-07
[2025-10-07T11:41:34.424+0000] {client.py:83} ERROR - API request failed: HTTPSConnectionPool(host='trading.vietcap.com.vn', port=443): Max retries exceeded with url: /api/chart/OHLCChart/gap (Caused by NameResolutionError("<urllib3.connection.HTTPSConnection object at 0x7e619e794fe0>: Failed to resolve 'trading.vietcap.com.vn' ([Errno -2] Name or service not known)"))
[2025-10-07T11:41:36.431+0000] {client.py:83} ERROR - API request failed: HTTPSConnectionPool(host='trading.vietcap.com.vn', port=443): Max retries exceeded with url: /api/chart/OHLCChart/gap (Caused by NameResolutionError("<urllib3.connection.HTTPSConnection object at 0x7e619e797410>: Failed to resolve 'trading.vietcap.com.vn' ([Errno -2] Name or service not known)"))
[2025-10-07T11:41:38.481+0000] {client.py:83} ERROR - API request failed: HTTPSConnectionPool(host='trading.vietcap.com.vn', port=443): Max retries exceeded with url: /api/chart/OHLCChart/gap (Caused by NameResolutionError("<urllib3.connection.HTTPSConnection object at 0x7e619e797ef0>: Failed to resolve 'trading.vietcap.com.vn' ([Errno -2] Name or service not known)"))
[2025-10-07T11:41:38.484+0000] {logging_mixin.py:190} INFO - Không tìm thấy dữ liệu cho CMX
[2025-10-07T11:41:38.489+0000] {logging_mixin.py:190} INFO - ℹ️ CMX: Không có dữ liệu mới.
[2025-10-07T11:41:38.491+0000] {logging_mixin.py:190} INFO - ⬇️ Bắt đầu xử lý symbol = CMW
[2025-10-07T11:41:38.564+0000] {logging_mixin.py:190} INFO - ⚠️ Không đọc được file cũ CMW: 'date'
[2025-10-07T11:41:38.598+0000] {logging_mixin.py:190} INFO - CMW: trích dữ liệu từ 2025-09-23 đến 2025-10-07
[2025-10-07T11:41:38.613+0000] {client.py:83} ERROR - API request failed: HTTPSConnectionPool(host='trading.vietcap.com.vn', port=443): Max retries exceeded with url: /api/chart/OHLCChart/gap (Caused by NameResolutionError("<urllib3.connection.HTTPSConnection object at 0x7e619e7974a0>: Failed to resolve 'trading.vietcap.com.vn' ([Errno -2] Name or service not known)"))
[2025-10-07T11:41:40.628+0000] {client.py:83} ERROR - API request failed: HTTPSConnectionPool(host='trading.vietcap.com.vn', port=443): Max retries exceeded with url: /api/chart/OHLCChart/gap (Caused by NameResolutionError("<urllib3.connection.HTTPSConnection object at 0x7e619e794170>: Failed to resolve 'trading.vietcap.com.vn' ([Errno -2] Name or service not known)"))
[2025-10-07T11:41:42.643+0000] {client.py:83} ERROR - API request failed: HTTPSConnectionPool(host='trading.vietcap.com.vn', port=443): Max retries exceeded with url: /api/chart/OHLCChart/gap (Caused by NameResolutionError("<urllib3.connection.HTTPSConnection object at 0x7e619e7969c0>: Failed to resolve 'trading.vietcap.com.vn' ([Errno -2] Name or service not known)"))
[2025-10-07T11:41:42.646+0000] {logging_mixin.py:190} INFO - Không tìm thấy dữ liệu cho CMW
[2025-10-07T11:41:42.650+0000] {logging_mixin.py:190} INFO - ℹ️ CMW: Không có dữ liệu mới.
[2025-10-07T11:41:42.652+0000] {logging_mixin.py:190} INFO - ⬇️ Bắt đầu xử lý symbol = CMV
[2025-10-07T11:41:42.723+0000] {logging_mixin.py:190} INFO - ⚠️ Không đọc được file cũ CMV: 'date'
[2025-10-07T11:41:42.759+0000] {logging_mixin.py:190} INFO - CMV: trích dữ liệu từ 2025-10-04 đến 2025-10-07
[2025-10-07T11:41:42.776+0000] {client.py:83} ERROR - API request failed: HTTPSConnectionPool(host='trading.vietcap.com.vn', port=443): Max retries exceeded with url: /api/chart/OHLCChart/gap (Caused by NameResolutionError("<urllib3.connection.HTTPSConnection object at 0x7e619e785790>: Failed to resolve 'trading.vietcap.com.vn' ([Errno -2] Name or service not known)"))
[2025-10-07T11:41:44.792+0000] {client.py:83} ERROR - API request failed: HTTPSConnectionPool(host='trading.vietcap.com.vn', port=443): Max retries exceeded with url: /api/chart/OHLCChart/gap (Caused by NameResolutionError("<urllib3.connection.HTTPSConnection object at 0x7e619e794a70>: Failed to resolve 'trading.vietcap.com.vn' ([Errno -2] Name or service not known)"))
[2025-10-07T11:41:46.810+0000] {client.py:83} ERROR - API request failed: HTTPSConnectionPool(host='trading.vietcap.com.vn', port=443): Max retries exceeded with url: /api/chart/OHLCChart/gap (Caused by NameResolutionError("<urllib3.connection.HTTPSConnection object at 0x7e619e797350>: Failed to resolve 'trading.vietcap.com.vn' ([Errno -2] Name or service not known)"))
[2025-10-07T11:41:46.814+0000] {logging_mixin.py:190} INFO - Không tìm thấy dữ liệu cho CMV
[2025-10-07T11:41:46.820+0000] {logging_mixin.py:190} INFO - ℹ️ CMV: Không có dữ liệu mới.
[2025-10-07T11:41:46.822+0000] {logging_mixin.py:190} INFO - ⬇️ Bắt đầu xử lý symbol = CMT
[2025-10-07T11:41:46.886+0000] {logging_mixin.py:190} INFO - ⚠️ Không đọc được file cũ CMT: 'date'
[2025-10-07T11:41:46.902+0000] {logging_mixin.py:190} INFO - CMT: trích dữ liệu từ 2025-10-04 đến 2025-10-07
[2025-10-07T11:41:46.909+0000] {client.py:83} ERROR - API request failed: HTTPSConnectionPool(host='trading.vietcap.com.vn', port=443): Max retries exceeded with url: /api/chart/OHLCChart/gap (Caused by NameResolutionError("<urllib3.connection.HTTPSConnection object at 0x7e619e785970>: Failed to resolve 'trading.vietcap.com.vn' ([Errno -2] Name or service not known)"))
[2025-10-07T11:41:48.915+0000] {client.py:83} ERROR - API request failed: HTTPSConnectionPool(host='trading.vietcap.com.vn', port=443): Max retries exceeded with url: /api/chart/OHLCChart/gap (Caused by NameResolutionError("<urllib3.connection.HTTPSConnection object at 0x7e619e7864e0>: Failed to resolve 'trading.vietcap.com.vn' ([Errno -2] Name or service not known)"))
[2025-10-07T11:41:50.932+0000] {client.py:83} ERROR - API request failed: HTTPSConnectionPool(host='trading.vietcap.com.vn', port=443): Max retries exceeded with url: /api/chart/OHLCChart/gap (Caused by NameResolutionError("<urllib3.connection.HTTPSConnection object at 0x7e619e797aa0>: Failed to resolve 'trading.vietcap.com.vn' ([Errno -2] Name or service not known)"))
[2025-10-07T11:41:50.935+0000] {logging_mixin.py:190} INFO - Không tìm thấy dữ liệu cho CMT
[2025-10-07T11:41:50.940+0000] {logging_mixin.py:190} INFO - ℹ️ CMT: Không có dữ liệu mới.
[2025-10-07T11:41:50.942+0000] {logging_mixin.py:190} INFO - 🚦 Giới hạn API đạt mức tối đa, chờ 39.2s...
[2025-10-07T11:42:30.181+0000] {logging_mixin.py:190} INFO - ⬇️ Bắt đầu xử lý symbol = CMS
[2025-10-07T11:42:30.273+0000] {logging_mixin.py:190} INFO - ⚠️ Không đọc được file cũ CMS: 'date'
[2025-10-07T11:42:30.315+0000] {logging_mixin.py:190} INFO - CMS: trích dữ liệu từ 2025-10-04 đến 2025-10-07
[2025-10-07T11:42:30.389+0000] {client.py:83} ERROR - API request failed: HTTPSConnectionPool(host='trading.vietcap.com.vn', port=443): Max retries exceeded with url: /api/chart/OHLCChart/gap (Caused by NameResolutionError("<urllib3.connection.HTTPSConnection object at 0x7e619e787110>: Failed to resolve 'trading.vietcap.com.vn' ([Errno -2] Name or service not known)"))
[2025-10-07T11:42:32.409+0000] {client.py:83} ERROR - API request failed: HTTPSConnectionPool(host='trading.vietcap.com.vn', port=443): Max retries exceeded with url: /api/chart/OHLCChart/gap (Caused by NameResolutionError("<urllib3.connection.HTTPSConnection object at 0x7e619e787cb0>: Failed to resolve 'trading.vietcap.com.vn' ([Errno -2] Name or service not known)"))
[2025-10-07T11:42:34.416+0000] {client.py:83} ERROR - API request failed: HTTPSConnectionPool(host='trading.vietcap.com.vn', port=443): Max retries exceeded with url: /api/chart/OHLCChart/gap (Caused by NameResolutionError("<urllib3.connection.HTTPSConnection object at 0x7e619e7f0890>: Failed to resolve 'trading.vietcap.com.vn' ([Errno -2] Name or service not known)"))
[2025-10-07T11:42:34.537+0000] {logging_mixin.py:190} INFO - Không tìm thấy dữ liệu cho CMS
[2025-10-07T11:42:34.539+0000] {logging_mixin.py:190} INFO - ℹ️ CMS: Không có dữ liệu mới.
[2025-10-07T11:42:34.541+0000] {logging_mixin.py:190} INFO - ⬇️ Bắt đầu xử lý symbol = CMP
[2025-10-07T11:42:34.568+0000] {logging_mixin.py:190} INFO - ⚠️ Không đọc được file cũ CMP: 'date'
[2025-10-07T11:42:34.577+0000] {logging_mixin.py:190} INFO - CMP: trích dữ liệu từ 2024-07-26 đến 2025-10-07
[2025-10-07T11:42:34.582+0000] {client.py:83} ERROR - API request failed: HTTPSConnectionPool(host='trading.vietcap.com.vn', port=443): Max retries exceeded with url: /api/chart/OHLCChart/gap (Caused by NameResolutionError("<urllib3.connection.HTTPSConnection object at 0x7e619e7f0950>: Failed to resolve 'trading.vietcap.com.vn' ([Errno -2] Name or service not known)"))
[2025-10-07T11:42:36.589+0000] {client.py:83} ERROR - API request failed: HTTPSConnectionPool(host='trading.vietcap.com.vn', port=443): Max retries exceeded with url: /api/chart/OHLCChart/gap (Caused by NameResolutionError("<urllib3.connection.HTTPSConnection object at 0x7e619e7f2e10>: Failed to resolve 'trading.vietcap.com.vn' ([Errno -2] Name or service not known)"))
[2025-10-07T11:42:38.595+0000] {client.py:83} ERROR - API request failed: HTTPSConnectionPool(host='trading.vietcap.com.vn', port=443): Max retries exceeded with url: /api/chart/OHLCChart/gap (Caused by NameResolutionError("<urllib3.connection.HTTPSConnection object at 0x7e619e784b00>: Failed to resolve 'trading.vietcap.com.vn' ([Errno -2] Name or service not known)"))
[2025-10-07T11:42:38.596+0000] {logging_mixin.py:190} INFO - Không tìm thấy dữ liệu cho CMP
[2025-10-07T11:42:38.597+0000] {logging_mixin.py:190} INFO - ℹ️ CMP: Không có dữ liệu mới.
[2025-10-07T11:42:38.598+0000] {logging_mixin.py:190} INFO - ⬇️ Bắt đầu xử lý symbol = CMN
[2025-10-07T11:42:38.634+0000] {logging_mixin.py:190} INFO - ⚠️ Không đọc được file cũ CMN: 'date'
[2025-10-07T11:42:38.649+0000] {logging_mixin.py:190} INFO - CMN: trích dữ liệu từ 2025-10-04 đến 2025-10-07
[2025-10-07T11:42:38.655+0000] {client.py:83} ERROR - API request failed: HTTPSConnectionPool(host='trading.vietcap.com.vn', port=443): Max retries exceeded with url: /api/chart/OHLCChart/gap (Caused by NameResolutionError("<urllib3.connection.HTTPSConnection object at 0x7e619e785580>: Failed to resolve 'trading.vietcap.com.vn' ([Errno -2] Name or service not known)"))
[2025-10-07T11:42:40.704+0000] {client.py:83} ERROR - API request failed: HTTPSConnectionPool(host='trading.vietcap.com.vn', port=443): Max retries exceeded with url: /api/chart/OHLCChart/gap (Caused by NameResolutionError("<urllib3.connection.HTTPSConnection object at 0x7e619e7f3740>: Failed to resolve 'trading.vietcap.com.vn' ([Errno -2] Name or service not known)"))
[2025-10-07T11:42:42.719+0000] {client.py:83} ERROR - API request failed: HTTPSConnectionPool(host='trading.vietcap.com.vn', port=443): Max retries exceeded with url: /api/chart/OHLCChart/gap (Caused by NameResolutionError("<urllib3.connection.HTTPSConnection object at 0x7e619e7f1520>: Failed to resolve 'trading.vietcap.com.vn' ([Errno -2] Name or service not known)"))
[2025-10-07T11:42:42.722+0000] {logging_mixin.py:190} INFO - Không tìm thấy dữ liệu cho CMN
[2025-10-07T11:42:42.727+0000] {logging_mixin.py:190} INFO - ℹ️ CMN: Không có dữ liệu mới.
[2025-10-07T11:42:42.729+0000] {logging_mixin.py:190} INFO - ⬇️ Bắt đầu xử lý symbol = CMM
[2025-10-07T11:42:42.788+0000] {logging_mixin.py:190} INFO - ⚠️ Không đọc được file cũ CMM: 'date'
[2025-10-07T11:42:42.818+0000] {logging_mixin.py:190} INFO - CMM: trích dữ liệu từ 2025-10-04 đến 2025-10-07
[2025-10-07T11:42:42.832+0000] {client.py:83} ERROR - API request failed: HTTPSConnectionPool(host='trading.vietcap.com.vn', port=443): Max retries exceeded with url: /api/chart/OHLCChart/gap (Caused by NameResolutionError("<urllib3.connection.HTTPSConnection object at 0x7e619e93e330>: Failed to resolve 'trading.vietcap.com.vn' ([Errno -2] Name or service not known)"))
[2025-10-07T11:42:44.846+0000] {client.py:83} ERROR - API request failed: HTTPSConnectionPool(host='trading.vietcap.com.vn', port=443): Max retries exceeded with url: /api/chart/OHLCChart/gap (Caused by NameResolutionError("<urllib3.connection.HTTPSConnection object at 0x7e619e93e210>: Failed to resolve 'trading.vietcap.com.vn' ([Errno -2] Name or service not known)"))
[2025-10-07T11:42:46.865+0000] {client.py:83} ERROR - API request failed: HTTPSConnectionPool(host='trading.vietcap.com.vn', port=443): Max retries exceeded with url: /api/chart/OHLCChart/gap (Caused by NameResolutionError("<urllib3.connection.HTTPSConnection object at 0x7e619e7f2bd0>: Failed to resolve 'trading.vietcap.com.vn' ([Errno -2] Name or service not known)"))
[2025-10-07T11:42:46.868+0000] {logging_mixin.py:190} INFO - Không tìm thấy dữ liệu cho CMM
[2025-10-07T11:42:46.873+0000] {logging_mixin.py:190} INFO - ℹ️ CMM: Không có dữ liệu mới.
[2025-10-07T11:42:46.875+0000] {logging_mixin.py:190} INFO - ⬇️ Bắt đầu xử lý symbol = CMK
[2025-10-07T11:42:46.970+0000] {logging_mixin.py:190} INFO - ⚠️ Không đọc được file cũ CMK: 'date'
[2025-10-07T11:42:47.004+0000] {logging_mixin.py:190} INFO - CMK: trích dữ liệu từ 2025-06-19 đến 2025-10-07
[2025-10-07T11:42:47.019+0000] {client.py:83} ERROR - API request failed: HTTPSConnectionPool(host='trading.vietcap.com.vn', port=443): Max retries exceeded with url: /api/chart/OHLCChart/gap (Caused by NameResolutionError("<urllib3.connection.HTTPSConnection object at 0x7e619e93ddf0>: Failed to resolve 'trading.vietcap.com.vn' ([Errno -2] Name or service not known)"))
[2025-10-07T11:42:49.035+0000] {client.py:83} ERROR - API request failed: HTTPSConnectionPool(host='trading.vietcap.com.vn', port=443): Max retries exceeded with url: /api/chart/OHLCChart/gap (Caused by NameResolutionError("<urllib3.connection.HTTPSConnection object at 0x7e619e93e270>: Failed to resolve 'trading.vietcap.com.vn' ([Errno -2] Name or service not known)"))
[2025-10-07T11:42:51.085+0000] {client.py:83} ERROR - API request failed: HTTPSConnectionPool(host='trading.vietcap.com.vn', port=443): Max retries exceeded with url: /api/chart/OHLCChart/gap (Caused by NameResolutionError("<urllib3.connection.HTTPSConnection object at 0x7e619e93cb30>: Failed to resolve 'trading.vietcap.com.vn' ([Errno -2] Name or service not known)"))
[2025-10-07T11:42:51.088+0000] {logging_mixin.py:190} INFO - Không tìm thấy dữ liệu cho CMK
[2025-10-07T11:42:51.093+0000] {logging_mixin.py:190} INFO - ℹ️ CMK: Không có dữ liệu mới.
[2025-10-07T11:42:51.094+0000] {logging_mixin.py:190} INFO - 🚦 Giới hạn API đạt mức tối đa, chờ 39.1s...
[2025-10-07T11:43:30.180+0000] {logging_mixin.py:190} INFO - ⬇️ Bắt đầu xử lý symbol = CMI
[2025-10-07T11:43:30.257+0000] {logging_mixin.py:190} INFO - ⚠️ Không đọc được file cũ CMI: 'date'
[2025-10-07T11:43:30.291+0000] {logging_mixin.py:190} INFO - CMI: trích dữ liệu từ 2025-10-04 đến 2025-10-07
[2025-10-07T11:43:30.328+0000] {client.py:83} ERROR - API request failed: HTTPSConnectionPool(host='trading.vietcap.com.vn', port=443): Max retries exceeded with url: /api/chart/OHLCChart/gap (Caused by NameResolutionError("<urllib3.connection.HTTPSConnection object at 0x7e619e93f2f0>: Failed to resolve 'trading.vietcap.com.vn' ([Errno -2] Name or service not known)"))
[2025-10-07T11:43:32.343+0000] {client.py:83} ERROR - API request failed: HTTPSConnectionPool(host='trading.vietcap.com.vn', port=443): Max retries exceeded with url: /api/chart/OHLCChart/gap (Caused by NameResolutionError("<urllib3.connection.HTTPSConnection object at 0x7e619e787830>: Failed to resolve 'trading.vietcap.com.vn' ([Errno -2] Name or service not known)"))
[2025-10-07T11:43:34.349+0000] {client.py:83} ERROR - API request failed: HTTPSConnectionPool(host='trading.vietcap.com.vn', port=443): Max retries exceeded with url: /api/chart/OHLCChart/gap (Caused by NameResolutionError("<urllib3.connection.HTTPSConnection object at 0x7e619e786150>: Failed to resolve 'trading.vietcap.com.vn' ([Errno -2] Name or service not known)"))
[2025-10-07T11:43:34.350+0000] {logging_mixin.py:190} INFO - Không tìm thấy dữ liệu cho CMI
[2025-10-07T11:43:34.351+0000] {logging_mixin.py:190} INFO - ℹ️ CMI: Không có dữ liệu mới.
[2025-10-07T11:43:34.352+0000] {logging_mixin.py:190} INFO - 🚦 Giới hạn API đạt mức tối đa, chờ 0.2s...
[2025-10-07T11:43:34.541+0000] {logging_mixin.py:190} INFO - ⬇️ Bắt đầu xử lý symbol = CMG
[2025-10-07T11:43:34.569+0000] {logging_mixin.py:190} INFO - ⚠️ Không đọc được file cũ CMG: 'date'
[2025-10-07T11:43:34.588+0000] {logging_mixin.py:190} INFO - CMG: trích dữ liệu từ 2025-10-04 đến 2025-10-07
[2025-10-07T11:43:34.600+0000] {client.py:83} ERROR - API request failed: HTTPSConnectionPool(host='trading.vietcap.com.vn', port=443): Max retries exceeded with url: /api/chart/OHLCChart/gap (Caused by NameResolutionError("<urllib3.connection.HTTPSConnection object at 0x7e619e794500>: Failed to resolve 'trading.vietcap.com.vn' ([Errno -2] Name or service not known)"))
[2025-10-07T11:43:36.610+0000] {client.py:83} ERROR - API request failed: HTTPSConnectionPool(host='trading.vietcap.com.vn', port=443): Max retries exceeded with url: /api/chart/OHLCChart/gap (Caused by NameResolutionError("<urllib3.connection.HTTPSConnection object at 0x7e619e7f3050>: Failed to resolve 'trading.vietcap.com.vn' ([Errno -2] Name or service not known)"))
[2025-10-07T11:43:38.616+0000] {client.py:83} ERROR - API request failed: HTTPSConnectionPool(host='trading.vietcap.com.vn', port=443): Max retries exceeded with url: /api/chart/OHLCChart/gap (Caused by NameResolutionError("<urllib3.connection.HTTPSConnection object at 0x7e619e93c650>: Failed to resolve 'trading.vietcap.com.vn' ([Errno -2] Name or service not known)"))
[2025-10-07T11:43:38.617+0000] {logging_mixin.py:190} INFO - Không tìm thấy dữ liệu cho CMG
[2025-10-07T11:43:38.619+0000] {logging_mixin.py:190} INFO - ℹ️ CMG: Không có dữ liệu mới.
[2025-10-07T11:43:38.620+0000] {logging_mixin.py:190} INFO - ⬇️ Bắt đầu xử lý symbol = CMF
[2025-10-07T11:43:38.647+0000] {logging_mixin.py:190} INFO - ⚠️ Không đọc được file cũ CMF: 'date'
[2025-10-07T11:43:38.660+0000] {logging_mixin.py:190} INFO - CMF: trích dữ liệu từ 2025-10-04 đến 2025-10-07
[2025-10-07T11:43:38.667+0000] {client.py:83} ERROR - API request failed: HTTPSConnectionPool(host='trading.vietcap.com.vn', port=443): Max retries exceeded with url: /api/chart/OHLCChart/gap (Caused by NameResolutionError("<urllib3.connection.HTTPSConnection object at 0x7e619e794800>: Failed to resolve 'trading.vietcap.com.vn' ([Errno -2] Name or service not known)"))
[2025-10-07T11:43:40.686+0000] {client.py:83} ERROR - API request failed: HTTPSConnectionPool(host='trading.vietcap.com.vn', port=443): Max retries exceeded with url: /api/chart/OHLCChart/gap (Caused by NameResolutionError("<urllib3.connection.HTTPSConnection object at 0x7e619e796ed0>: Failed to resolve 'trading.vietcap.com.vn' ([Errno -2] Name or service not known)"))
[2025-10-07T11:43:42.694+0000] {client.py:83} ERROR - API request failed: HTTPSConnectionPool(host='trading.vietcap.com.vn', port=443): Max retries exceeded with url: /api/chart/OHLCChart/gap (Caused by NameResolutionError("<urllib3.connection.HTTPSConnection object at 0x7e619e93fc50>: Failed to resolve 'trading.vietcap.com.vn' ([Errno -2] Name or service not known)"))
[2025-10-07T11:43:42.695+0000] {logging_mixin.py:190} INFO - Không tìm thấy dữ liệu cho CMF
[2025-10-07T11:43:42.697+0000] {logging_mixin.py:190} INFO - ℹ️ CMF: Không có dữ liệu mới.
[2025-10-07T11:43:42.698+0000] {logging_mixin.py:190} INFO - 🚦 Giới hạn API đạt mức tối đa, chờ 0.0s...
[2025-10-07T11:43:42.730+0000] {logging_mixin.py:190} INFO - ⬇️ Bắt đầu xử lý symbol = CMD
[2025-10-07T11:43:42.779+0000] {logging_mixin.py:190} INFO - ⚠️ Không đọc được file cũ CMD: 'date'
[2025-10-07T11:43:42.802+0000] {logging_mixin.py:190} INFO - CMD: trích dữ liệu từ 2025-10-03 đến 2025-10-07
[2025-10-07T11:43:42.809+0000] {client.py:83} ERROR - API request failed: HTTPSConnectionPool(host='trading.vietcap.com.vn', port=443): Max retries exceeded with url: /api/chart/OHLCChart/gap (Caused by NameResolutionError("<urllib3.connection.HTTPSConnection object at 0x7e619e795400>: Failed to resolve 'trading.vietcap.com.vn' ([Errno -2] Name or service not known)"))
[2025-10-07T11:43:44.817+0000] {client.py:83} ERROR - API request failed: HTTPSConnectionPool(host='trading.vietcap.com.vn', port=443): Max retries exceeded with url: /api/chart/OHLCChart/gap (Caused by NameResolutionError("<urllib3.connection.HTTPSConnection object at 0x7e619e797f50>: Failed to resolve 'trading.vietcap.com.vn' ([Errno -2] Name or service not known)"))
[2025-10-07T11:43:46.822+0000] {client.py:83} ERROR - API request failed: HTTPSConnectionPool(host='trading.vietcap.com.vn', port=443): Max retries exceeded with url: /api/chart/OHLCChart/gap (Caused by NameResolutionError("<urllib3.connection.HTTPSConnection object at 0x7e619e794d10>: Failed to resolve 'trading.vietcap.com.vn' ([Errno -2] Name or service not known)"))
[2025-10-07T11:43:46.824+0000] {logging_mixin.py:190} INFO - Không tìm thấy dữ liệu cho CMD
[2025-10-07T11:43:46.825+0000] {logging_mixin.py:190} INFO - ℹ️ CMD: Không có dữ liệu mới.
[2025-10-07T11:43:46.826+0000] {logging_mixin.py:190} INFO - 🚦 Giới hạn API đạt mức tối đa, chờ 0.0s...
[2025-10-07T11:43:46.876+0000] {logging_mixin.py:190} INFO - ⬇️ Bắt đầu xử lý symbol = CMC
[2025-10-07T11:43:46.902+0000] {logging_mixin.py:190} INFO - ⚠️ Không đọc được file cũ CMC: 'date'
[2025-10-07T11:43:46.916+0000] {logging_mixin.py:190} INFO - CMC: trích dữ liệu từ 2025-10-04 đến 2025-10-07
[2025-10-07T11:43:46.921+0000] {client.py:83} ERROR - API request failed: HTTPSConnectionPool(host='trading.vietcap.com.vn', port=443): Max retries exceeded with url: /api/chart/OHLCChart/gap (Caused by NameResolutionError("<urllib3.connection.HTTPSConnection object at 0x7e619e797470>: Failed to resolve 'trading.vietcap.com.vn' ([Errno -2] Name or service not known)"))
[2025-10-07T11:43:48.930+0000] {client.py:83} ERROR - API request failed: HTTPSConnectionPool(host='trading.vietcap.com.vn', port=443): Max retries exceeded with url: /api/chart/OHLCChart/gap (Caused by NameResolutionError("<urllib3.connection.HTTPSConnection object at 0x7e619e797d10>: Failed to resolve 'trading.vietcap.com.vn' ([Errno -2] Name or service not known)"))
[2025-10-07T11:43:50.986+0000] {client.py:83} ERROR - API request failed: HTTPSConnectionPool(host='trading.vietcap.com.vn', port=443): Max retries exceeded with url: /api/chart/OHLCChart/gap (Caused by NameResolutionError("<urllib3.connection.HTTPSConnection object at 0x7e619e784b00>: Failed to resolve 'trading.vietcap.com.vn' ([Errno -2] Name or service not known)"))
[2025-10-07T11:43:50.990+0000] {logging_mixin.py:190} INFO - Không tìm thấy dữ liệu cho CMC
[2025-10-07T11:43:50.994+0000] {logging_mixin.py:190} INFO - ℹ️ CMC: Không có dữ liệu mới.
[2025-10-07T11:43:50.996+0000] {logging_mixin.py:190} INFO - 🚦 Giới hạn API đạt mức tối đa, chờ 39.2s...
[2025-10-07T11:44:30.178+0000] {logging_mixin.py:190} INFO - ⬇️ Bắt đầu xử lý symbol = CLX
[2025-10-07T11:44:30.210+0000] {logging_mixin.py:190} INFO - ⚠️ Không đọc được file cũ CLX: 'date'
[2025-10-07T11:44:30.222+0000] {logging_mixin.py:190} INFO - CLX: trích dữ liệu từ 2025-10-04 đến 2025-10-07
[2025-10-07T11:44:30.240+0000] {client.py:83} ERROR - API request failed: HTTPSConnectionPool(host='trading.vietcap.com.vn', port=443): Max retries exceeded with url: /api/chart/OHLCChart/gap (Caused by NameResolutionError("<urllib3.connection.HTTPSConnection object at 0x7e619e815460>: Failed to resolve 'trading.vietcap.com.vn' ([Errno -2] Name or service not known)"))
[2025-10-07T11:44:32.255+0000] {client.py:83} ERROR - API request failed: HTTPSConnectionPool(host='trading.vietcap.com.vn', port=443): Max retries exceeded with url: /api/chart/OHLCChart/gap (Caused by NameResolutionError("<urllib3.connection.HTTPSConnection object at 0x7e619e7968a0>: Failed to resolve 'trading.vietcap.com.vn' ([Errno -2] Name or service not known)"))
[2025-10-07T11:44:34.267+0000] {client.py:83} ERROR - API request failed: HTTPSConnectionPool(host='trading.vietcap.com.vn', port=443): Max retries exceeded with url: /api/chart/OHLCChart/gap (Caused by NameResolutionError("<urllib3.connection.HTTPSConnection object at 0x7e619e797f80>: Failed to resolve 'trading.vietcap.com.vn' ([Errno -2] Name or service not known)"))
[2025-10-07T11:44:34.269+0000] {logging_mixin.py:190} INFO - Không tìm thấy dữ liệu cho CLX
[2025-10-07T11:44:34.272+0000] {logging_mixin.py:190} INFO - ℹ️ CLX: Không có dữ liệu mới.
[2025-10-07T11:44:34.273+0000] {logging_mixin.py:190} INFO - 🚦 Giới hạn API đạt mức tối đa, chờ 0.3s...
[2025-10-07T11:44:34.543+0000] {logging_mixin.py:190} INFO - ⬇️ Bắt đầu xử lý symbol = CLW
[2025-10-07T11:44:34.575+0000] {logging_mixin.py:190} INFO - ⚠️ Không đọc được file cũ CLW: 'date'
[2025-10-07T11:44:34.588+0000] {logging_mixin.py:190} INFO - CLW: trích dữ liệu từ 2025-10-04 đến 2025-10-07
[2025-10-07T11:44:34.594+0000] {client.py:83} ERROR - API request failed: HTTPSConnectionPool(host='trading.vietcap.com.vn', port=443): Max retries exceeded with url: /api/chart/OHLCChart/gap (Caused by NameResolutionError("<urllib3.connection.HTTPSConnection object at 0x7e619e814140>: Failed to resolve 'trading.vietcap.com.vn' ([Errno -2] Name or service not known)"))
[2025-10-07T11:44:36.608+0000] {client.py:83} ERROR - API request failed: HTTPSConnectionPool(host='trading.vietcap.com.vn', port=443): Max retries exceeded with url: /api/chart/OHLCChart/gap (Caused by NameResolutionError("<urllib3.connection.HTTPSConnection object at 0x7e619e814e90>: Failed to resolve 'trading.vietcap.com.vn' ([Errno -2] Name or service not known)"))
[2025-10-07T11:44:38.618+0000] {client.py:83} ERROR - API request failed: HTTPSConnectionPool(host='trading.vietcap.com.vn', port=443): Max retries exceeded with url: /api/chart/OHLCChart/gap (Caused by NameResolutionError("<urllib3.connection.HTTPSConnection object at 0x7e619e794d70>: Failed to resolve 'trading.vietcap.com.vn' ([Errno -2] Name or service not known)"))
[2025-10-07T11:44:38.620+0000] {logging_mixin.py:190} INFO - Không tìm thấy dữ liệu cho CLW
[2025-10-07T11:44:38.622+0000] {logging_mixin.py:190} INFO - ℹ️ CLW: Không có dữ liệu mới.
[2025-10-07T11:44:38.623+0000] {logging_mixin.py:190} INFO - ⬇️ Bắt đầu xử lý symbol = CLM
[2025-10-07T11:44:38.661+0000] {logging_mixin.py:190} INFO - ⚠️ Không đọc được file cũ CLM: 'date'
[2025-10-07T11:44:38.677+0000] {logging_mixin.py:190} INFO - CLM: trích dữ liệu từ 2025-10-04 đến 2025-10-07
[2025-10-07T11:44:38.684+0000] {client.py:83} ERROR - API request failed: HTTPSConnectionPool(host='trading.vietcap.com.vn', port=443): Max retries exceeded with url: /api/chart/OHLCChart/gap (Caused by NameResolutionError("<urllib3.connection.HTTPSConnection object at 0x7e619e794770>: Failed to resolve 'trading.vietcap.com.vn' ([Errno -2] Name or service not known)"))
[2025-10-07T11:44:40.739+0000] {client.py:83} ERROR - API request failed: HTTPSConnectionPool(host='trading.vietcap.com.vn', port=443): Max retries exceeded with url: /api/chart/OHLCChart/gap (Caused by NameResolutionError("<urllib3.connection.HTTPSConnection object at 0x7e619e93e930>: Failed to resolve 'trading.vietcap.com.vn' ([Errno -2] Name or service not known)"))
[2025-10-07T11:44:42.947+0000] {client.py:83} ERROR - API request failed: HTTPSConnectionPool(host='trading.vietcap.com.vn', port=443): Max retries exceeded with url: /api/chart/OHLCChart/gap (Caused by NameResolutionError("<urllib3.connection.HTTPSConnection object at 0x7e619e7f3d10>: Failed to resolve 'trading.vietcap.com.vn' ([Errno -2] Name or service not known)"))
[2025-10-07T11:44:42.950+0000] {logging_mixin.py:190} INFO - Không tìm thấy dữ liệu cho CLM
[2025-10-07T11:44:42.957+0000] {logging_mixin.py:190} INFO - ℹ️ CLM: Không có dữ liệu mới.
[2025-10-07T11:44:42.959+0000] {logging_mixin.py:190} INFO - ⬇️ Bắt đầu xử lý symbol = CLL
[2025-10-07T11:44:43.031+0000] {logging_mixin.py:190} INFO - ⚠️ Không đọc được file cũ CLL: 'date'
[2025-10-07T11:44:43.067+0000] {logging_mixin.py:190} INFO - CLL: trích dữ liệu từ 2025-10-04 đến 2025-10-07
[2025-10-07T11:44:43.083+0000] {client.py:83} ERROR - API request failed: HTTPSConnectionPool(host='trading.vietcap.com.vn', port=443): Max retries exceeded with url: /api/chart/OHLCChart/gap (Caused by NameResolutionError("<urllib3.connection.HTTPSConnection object at 0x7e619e797e30>: Failed to resolve 'trading.vietcap.com.vn' ([Errno -2] Name or service not known)"))
[2025-10-07T11:44:45.119+0000] {client.py:83} ERROR - API request failed: HTTPSConnectionPool(host='trading.vietcap.com.vn', port=443): Max retries exceeded with url: /api/chart/OHLCChart/gap (Caused by NameResolutionError("<urllib3.connection.HTTPSConnection object at 0x7e619e797770>: Failed to resolve 'trading.vietcap.com.vn' ([Errno -2] Name or service not known)"))
[2025-10-07T11:44:47.136+0000] {client.py:83} ERROR - API request failed: HTTPSConnectionPool(host='trading.vietcap.com.vn', port=443): Max retries exceeded with url: /api/chart/OHLCChart/gap (Caused by NameResolutionError("<urllib3.connection.HTTPSConnection object at 0x7e619e7f30e0>: Failed to resolve 'trading.vietcap.com.vn' ([Errno -2] Name or service not known)"))
[2025-10-07T11:44:47.140+0000] {logging_mixin.py:190} INFO - Không tìm thấy dữ liệu cho CLL
[2025-10-07T11:44:47.145+0000] {logging_mixin.py:190} INFO - ℹ️ CLL: Không có dữ liệu mới.
[2025-10-07T11:44:47.147+0000] {logging_mixin.py:190} INFO - ⬇️ Bắt đầu xử lý symbol = CLH
[2025-10-07T11:44:47.221+0000] {logging_mixin.py:190} INFO - ⚠️ Không đọc được file cũ CLH: 'date'
[2025-10-07T11:44:47.263+0000] {logging_mixin.py:190} INFO - CLH: trích dữ liệu từ 2025-10-04 đến 2025-10-07
[2025-10-07T11:44:47.286+0000] {client.py:83} ERROR - API request failed: HTTPSConnectionPool(host='trading.vietcap.com.vn', port=443): Max retries exceeded with url: /api/chart/OHLCChart/gap (Caused by NameResolutionError("<urllib3.connection.HTTPSConnection object at 0x7e619e784dd0>: Failed to resolve 'trading.vietcap.com.vn' ([Errno -2] Name or service not known)"))
[2025-10-07T11:44:49.301+0000] {client.py:83} ERROR - API request failed: HTTPSConnectionPool(host='trading.vietcap.com.vn', port=443): Max retries exceeded with url: /api/chart/OHLCChart/gap (Caused by NameResolutionError("<urllib3.connection.HTTPSConnection object at 0x7e619e796d20>: Failed to resolve 'trading.vietcap.com.vn' ([Errno -2] Name or service not known)"))
[2025-10-07T11:44:51.320+0000] {client.py:83} ERROR - API request failed: HTTPSConnectionPool(host='trading.vietcap.com.vn', port=443): Max retries exceeded with url: /api/chart/OHLCChart/gap (Caused by NameResolutionError("<urllib3.connection.HTTPSConnection object at 0x7e619e796510>: Failed to resolve 'trading.vietcap.com.vn' ([Errno -2] Name or service not known)"))
[2025-10-07T11:44:51.321+0000] {logging_mixin.py:190} INFO - Không tìm thấy dữ liệu cho CLH
[2025-10-07T11:44:51.323+0000] {logging_mixin.py:190} INFO - ℹ️ CLH: Không có dữ liệu mới.
[2025-10-07T11:44:51.323+0000] {logging_mixin.py:190} INFO - 🚦 Giới hạn API đạt mức tối đa, chờ 38.9s...
[2025-10-07T11:45:30.176+0000] {logging_mixin.py:190} INFO - ⬇️ Bắt đầu xử lý symbol = CLG
[2025-10-07T11:45:30.261+0000] {logging_mixin.py:190} INFO - ⚠️ Không đọc được file cũ CLG: 'date'
[2025-10-07T11:45:30.297+0000] {logging_mixin.py:190} INFO - CLG: trích dữ liệu từ 2024-07-26 đến 2025-10-07
[2025-10-07T11:45:30.314+0000] {client.py:83} ERROR - API request failed: HTTPSConnectionPool(host='trading.vietcap.com.vn', port=443): Max retries exceeded with url: /api/chart/OHLCChart/gap (Caused by NameResolutionError("<urllib3.connection.HTTPSConnection object at 0x7e619e784aa0>: Failed to resolve 'trading.vietcap.com.vn' ([Errno -2] Name or service not known)"))
[2025-10-07T11:45:32.323+0000] {client.py:83} ERROR - API request failed: HTTPSConnectionPool(host='trading.vietcap.com.vn', port=443): Max retries exceeded with url: /api/chart/OHLCChart/gap (Caused by NameResolutionError("<urllib3.connection.HTTPSConnection object at 0x7e619e7870b0>: Failed to resolve 'trading.vietcap.com.vn' ([Errno -2] Name or service not known)"))
[2025-10-07T11:45:34.330+0000] {client.py:83} ERROR - API request failed: HTTPSConnectionPool(host='trading.vietcap.com.vn', port=443): Max retries exceeded with url: /api/chart/OHLCChart/gap (Caused by NameResolutionError("<urllib3.connection.HTTPSConnection object at 0x7e619e93c5c0>: Failed to resolve 'trading.vietcap.com.vn' ([Errno -2] Name or service not known)"))
[2025-10-07T11:45:34.331+0000] {logging_mixin.py:190} INFO - Không tìm thấy dữ liệu cho CLG
[2025-10-07T11:45:34.334+0000] {logging_mixin.py:190} INFO - ℹ️ CLG: Không có dữ liệu mới.
[2025-10-07T11:45:34.335+0000] {logging_mixin.py:190} INFO - 🚦 Giới hạn API đạt mức tối đa, chờ 0.2s...
[2025-10-07T11:45:34.544+0000] {logging_mixin.py:190} INFO - ⬇️ Bắt đầu xử lý symbol = CLC
[2025-10-07T11:45:34.584+0000] {logging_mixin.py:190} INFO - ⚠️ Không đọc được file cũ CLC: 'date'
[2025-10-07T11:45:34.600+0000] {logging_mixin.py:190} INFO - CLC: trích dữ liệu từ 2025-10-03 đến 2025-10-07
[2025-10-07T11:45:34.606+0000] {client.py:83} ERROR - API request failed: HTTPSConnectionPool(host='trading.vietcap.com.vn', port=443): Max retries exceeded with url: /api/chart/OHLCChart/gap (Caused by NameResolutionError("<urllib3.connection.HTTPSConnection object at 0x7e619e785df0>: Failed to resolve 'trading.vietcap.com.vn' ([Errno -2] Name or service not known)"))
[2025-10-07T11:45:36.655+0000] {client.py:83} ERROR - API request failed: HTTPSConnectionPool(host='trading.vietcap.com.vn', port=443): Max retries exceeded with url: /api/chart/OHLCChart/gap (Caused by NameResolutionError("<urllib3.connection.HTTPSConnection object at 0x7e619e815eb0>: Failed to resolve 'trading.vietcap.com.vn' ([Errno -2] Name or service not known)"))
[2025-10-07T11:45:38.671+0000] {client.py:83} ERROR - API request failed: HTTPSConnectionPool(host='trading.vietcap.com.vn', port=443): Max retries exceeded with url: /api/chart/OHLCChart/gap (Caused by NameResolutionError("<urllib3.connection.HTTPSConnection object at 0x7e619e814110>: Failed to resolve 'trading.vietcap.com.vn' ([Errno -2] Name or service not known)"))
[2025-10-07T11:45:38.674+0000] {logging_mixin.py:190} INFO - Không tìm thấy dữ liệu cho CLC
[2025-10-07T11:45:38.678+0000] {logging_mixin.py:190} INFO - ℹ️ CLC: Không có dữ liệu mới.
[2025-10-07T11:45:38.680+0000] {logging_mixin.py:190} INFO - ⬇️ Bắt đầu xử lý symbol = CKV
[2025-10-07T11:45:38.761+0000] {logging_mixin.py:190} INFO - ⚠️ Không đọc được file cũ CKV: 'date'
[2025-10-07T11:45:38.796+0000] {logging_mixin.py:190} INFO - CKV: trích dữ liệu từ 2025-09-18 đến 2025-10-07
[2025-10-07T11:45:38.811+0000] {client.py:83} ERROR - API request failed: HTTPSConnectionPool(host='trading.vietcap.com.vn', port=443): Max retries exceeded with url: /api/chart/OHLCChart/gap (Caused by NameResolutionError("<urllib3.connection.HTTPSConnection object at 0x7e619e786cc0>: Failed to resolve 'trading.vietcap.com.vn' ([Errno -2] Name or service not known)"))
[2025-10-07T11:45:40.829+0000] {client.py:83} ERROR - API request failed: HTTPSConnectionPool(host='trading.vietcap.com.vn', port=443): Max retries exceeded with url: /api/chart/OHLCChart/gap (Caused by NameResolutionError("<urllib3.connection.HTTPSConnection object at 0x7e61b567ffe0>: Failed to resolve 'trading.vietcap.com.vn' ([Errno -2] Name or service not known)"))
[2025-10-07T11:45:42.845+0000] {client.py:83} ERROR - API request failed: HTTPSConnectionPool(host='trading.vietcap.com.vn', port=443): Max retries exceeded with url: /api/chart/OHLCChart/gap (Caused by NameResolutionError("<urllib3.connection.HTTPSConnection object at 0x7e619e8141d0>: Failed to resolve 'trading.vietcap.com.vn' ([Errno -2] Name or service not known)"))
[2025-10-07T11:45:42.851+0000] {logging_mixin.py:190} INFO - Không tìm thấy dữ liệu cho CKV
[2025-10-07T11:45:42.859+0000] {logging_mixin.py:190} INFO - ℹ️ CKV: Không có dữ liệu mới.
[2025-10-07T11:45:42.861+0000] {logging_mixin.py:190} INFO - 🚦 Giới hạn API đạt mức tối đa, chờ 0.1s...
[2025-10-07T11:45:42.962+0000] {logging_mixin.py:190} INFO - ⬇️ Bắt đầu xử lý symbol = CKG
[2025-10-07T11:45:43.046+0000] {logging_mixin.py:190} INFO - ⚠️ Không đọc được file cũ CKG: 'date'
[2025-10-07T11:45:43.084+0000] {logging_mixin.py:190} INFO - CKG: trích dữ liệu từ 2025-10-04 đến 2025-10-07
[2025-10-07T11:45:43.107+0000] {client.py:83} ERROR - API request failed: HTTPSConnectionPool(host='trading.vietcap.com.vn', port=443): Max retries exceeded with url: /api/chart/OHLCChart/gap (Caused by NameResolutionError("<urllib3.connection.HTTPSConnection object at 0x7e619e816660>: Failed to resolve 'trading.vietcap.com.vn' ([Errno -2] Name or service not known)"))
[2025-10-07T11:45:45.119+0000] {client.py:83} ERROR - API request failed: HTTPSConnectionPool(host='trading.vietcap.com.vn', port=443): Max retries exceeded with url: /api/chart/OHLCChart/gap (Caused by NameResolutionError("<urllib3.connection.HTTPSConnection object at 0x7e619e784950>: Failed to resolve 'trading.vietcap.com.vn' ([Errno -2] Name or service not known)"))
[2025-10-07T11:45:47.172+0000] {client.py:83} ERROR - API request failed: HTTPSConnectionPool(host='trading.vietcap.com.vn', port=443): Max retries exceeded with url: /api/chart/OHLCChart/gap (Caused by NameResolutionError("<urllib3.connection.HTTPSConnection object at 0x7e619e7f21b0>: Failed to resolve 'trading.vietcap.com.vn' ([Errno -2] Name or service not known)"))
[2025-10-07T11:45:47.176+0000] {logging_mixin.py:190} INFO - Không tìm thấy dữ liệu cho CKG
[2025-10-07T11:45:47.182+0000] {logging_mixin.py:190} INFO - ℹ️ CKG: Không có dữ liệu mới.
[2025-10-07T11:45:47.185+0000] {logging_mixin.py:190} INFO - ⬇️ Bắt đầu xử lý symbol = CKD
[2025-10-07T11:45:47.266+0000] {logging_mixin.py:190} INFO - ⚠️ Không đọc được file cũ CKD: 'date'
[2025-10-07T11:45:47.308+0000] {logging_mixin.py:190} INFO - CKD: trích dữ liệu từ 2025-10-04 đến 2025-10-07
[2025-10-07T11:45:47.330+0000] {client.py:83} ERROR - API request failed: HTTPSConnectionPool(host='trading.vietcap.com.vn', port=443): Max retries exceeded with url: /api/chart/OHLCChart/gap (Caused by NameResolutionError("<urllib3.connection.HTTPSConnection object at 0x7e619e816870>: Failed to resolve 'trading.vietcap.com.vn' ([Errno -2] Name or service not known)"))
[2025-10-07T11:45:49.393+0000] {client.py:83} ERROR - API request failed: HTTPSConnectionPool(host='trading.vietcap.com.vn', port=443): Max retries exceeded with url: /api/chart/OHLCChart/gap (Caused by NameResolutionError("<urllib3.connection.HTTPSConnection object at 0x7e619e8172f0>: Failed to resolve 'trading.vietcap.com.vn' ([Errno -2] Name or service not known)"))
[2025-10-07T11:45:51.422+0000] {client.py:83} ERROR - API request failed: HTTPSConnectionPool(host='trading.vietcap.com.vn', port=443): Max retries exceeded with url: /api/chart/OHLCChart/gap (Caused by NameResolutionError("<urllib3.connection.HTTPSConnection object at 0x7e619e784b30>: Failed to resolve 'trading.vietcap.com.vn' ([Errno -2] Name or service not known)"))
[2025-10-07T11:45:51.425+0000] {logging_mixin.py:190} INFO - Không tìm thấy dữ liệu cho CKD
[2025-10-07T11:45:51.430+0000] {logging_mixin.py:190} INFO - ℹ️ CKD: Không có dữ liệu mới.
[2025-10-07T11:45:51.431+0000] {logging_mixin.py:190} INFO - 🚦 Giới hạn API đạt mức tối đa, chờ 38.7s...
[2025-10-07T11:46:30.175+0000] {logging_mixin.py:190} INFO - ⬇️ Bắt đầu xử lý symbol = CKA
[2025-10-07T11:46:30.245+0000] {logging_mixin.py:190} INFO - ⚠️ Không đọc được file cũ CKA: 'date'
[2025-10-07T11:46:30.285+0000] {logging_mixin.py:190} INFO - CKA: trích dữ liệu từ 2025-10-04 đến 2025-10-07
[2025-10-07T11:46:30.304+0000] {client.py:83} ERROR - API request failed: HTTPSConnectionPool(host='trading.vietcap.com.vn', port=443): Max retries exceeded with url: /api/chart/OHLCChart/gap (Caused by NameResolutionError("<urllib3.connection.HTTPSConnection object at 0x7e619e7f3830>: Failed to resolve 'trading.vietcap.com.vn' ([Errno -2] Name or service not known)"))
[2025-10-07T11:46:32.319+0000] {client.py:83} ERROR - API request failed: HTTPSConnectionPool(host='trading.vietcap.com.vn', port=443): Max retries exceeded with url: /api/chart/OHLCChart/gap (Caused by NameResolutionError("<urllib3.connection.HTTPSConnection object at 0x7e619e85ef90>: Failed to resolve 'trading.vietcap.com.vn' ([Errno -2] Name or service not known)"))
[2025-10-07T11:46:34.353+0000] {client.py:83} ERROR - API request failed: HTTPSConnectionPool(host='trading.vietcap.com.vn', port=443): Max retries exceeded with url: /api/chart/OHLCChart/gap (Caused by NameResolutionError("<urllib3.connection.HTTPSConnection object at 0x7e619e93d700>: Failed to resolve 'trading.vietcap.com.vn' ([Errno -2] Name or service not known)"))
[2025-10-07T11:46:34.355+0000] {logging_mixin.py:190} INFO - Không tìm thấy dữ liệu cho CKA
[2025-10-07T11:46:34.359+0000] {logging_mixin.py:190} INFO - ℹ️ CKA: Không có dữ liệu mới.
[2025-10-07T11:46:34.361+0000] {logging_mixin.py:190} INFO - 🚦 Giới hạn API đạt mức tối đa, chờ 0.2s...
[2025-10-07T11:46:34.546+0000] {logging_mixin.py:190} INFO - ⬇️ Bắt đầu xử lý symbol = CK8
[2025-10-07T11:46:34.587+0000] {logging_mixin.py:190} INFO - ⚠️ Không đọc được file cũ CK8: 'date'
[2025-10-07T11:46:34.599+0000] {logging_mixin.py:190} INFO - CK8: trích dữ liệu từ 2024-07-26 đến 2025-10-07
[2025-10-07T11:46:34.605+0000] {client.py:83} ERROR - API request failed: HTTPSConnectionPool(host='trading.vietcap.com.vn', port=443): Max retries exceeded with url: /api/chart/OHLCChart/gap (Caused by NameResolutionError("<urllib3.connection.HTTPSConnection object at 0x7e619e7f3e90>: Failed to resolve 'trading.vietcap.com.vn' ([Errno -2] Name or service not known)"))
[2025-10-07T11:46:36.616+0000] {client.py:83} ERROR - API request failed: HTTPSConnectionPool(host='trading.vietcap.com.vn', port=443): Max retries exceeded with url: /api/chart/OHLCChart/gap (Caused by NameResolutionError("<urllib3.connection.HTTPSConnection object at 0x7e619e7f2750>: Failed to resolve 'trading.vietcap.com.vn' ([Errno -2] Name or service not known)"))
[2025-10-07T11:46:38.657+0000] {client.py:83} ERROR - API request failed: HTTPSConnectionPool(host='trading.vietcap.com.vn', port=443): Max retries exceeded with url: /api/chart/OHLCChart/gap (Caused by NameResolutionError("<urllib3.connection.HTTPSConnection object at 0x7e619e93c0e0>: Failed to resolve 'trading.vietcap.com.vn' ([Errno -2] Name or service not known)"))
[2025-10-07T11:46:38.660+0000] {logging_mixin.py:190} INFO - Không tìm thấy dữ liệu cho CK8
[2025-10-07T11:46:38.663+0000] {logging_mixin.py:190} INFO - ℹ️ CK8: Không có dữ liệu mới.
[2025-10-07T11:46:38.664+0000] {logging_mixin.py:190} INFO - 🚦 Giới hạn API đạt mức tối đa, chờ 0.0s...
[2025-10-07T11:46:38.682+0000] {logging_mixin.py:190} INFO - ⬇️ Bắt đầu xử lý symbol = CJC
[2025-10-07T11:46:38.781+0000] {logging_mixin.py:190} INFO - ⚠️ Không đọc được file cũ CJC: 'date'
[2025-10-07T11:46:38.808+0000] {logging_mixin.py:190} INFO - CJC: trích dữ liệu từ 2025-06-04 đến 2025-10-07
[2025-10-07T11:46:38.821+0000] {client.py:83} ERROR - API request failed: HTTPSConnectionPool(host='trading.vietcap.com.vn', port=443): Max retries exceeded with url: /api/chart/OHLCChart/gap (Caused by NameResolutionError("<urllib3.connection.HTTPSConnection object at 0x7e619e93f4a0>: Failed to resolve 'trading.vietcap.com.vn' ([Errno -2] Name or service not known)"))
[2025-10-07T11:46:40.836+0000] {client.py:83} ERROR - API request failed: HTTPSConnectionPool(host='trading.vietcap.com.vn', port=443): Max retries exceeded with url: /api/chart/OHLCChart/gap (Caused by NameResolutionError("<urllib3.connection.HTTPSConnection object at 0x7e619e7f2270>: Failed to resolve 'trading.vietcap.com.vn' ([Errno -2] Name or service not known)"))
[2025-10-07T11:46:42.853+0000] {client.py:83} ERROR - API request failed: HTTPSConnectionPool(host='trading.vietcap.com.vn', port=443): Max retries exceeded with url: /api/chart/OHLCChart/gap (Caused by NameResolutionError("<urllib3.connection.HTTPSConnection object at 0x7e619e784f50>: Failed to resolve 'trading.vietcap.com.vn' ([Errno -2] Name or service not known)"))
[2025-10-07T11:46:42.856+0000] {logging_mixin.py:190} INFO - Không tìm thấy dữ liệu cho CJC
[2025-10-07T11:46:42.861+0000] {logging_mixin.py:190} INFO - ℹ️ CJC: Không có dữ liệu mới.
[2025-10-07T11:46:42.863+0000] {logging_mixin.py:190} INFO - 🚦 Giới hạn API đạt mức tối đa, chờ 0.1s...
[2025-10-07T11:46:42.964+0000] {logging_mixin.py:190} INFO - ⬇️ Bắt đầu xử lý symbol = CIP
[2025-10-07T11:46:43.044+0000] {logging_mixin.py:190} INFO - ⚠️ Không đọc được file cũ CIP: 'date'
[2025-10-07T11:46:43.079+0000] {logging_mixin.py:190} INFO - CIP: trích dữ liệu từ 2025-10-04 đến 2025-10-07
[2025-10-07T11:46:43.094+0000] {client.py:83} ERROR - API request failed: HTTPSConnectionPool(host='trading.vietcap.com.vn', port=443): Max retries exceeded with url: /api/chart/OHLCChart/gap (Caused by NameResolutionError("<urllib3.connection.HTTPSConnection object at 0x7e619e93e480>: Failed to resolve 'trading.vietcap.com.vn' ([Errno -2] Name or service not known)"))
[2025-10-07T11:46:45.109+0000] {client.py:83} ERROR - API request failed: HTTPSConnectionPool(host='trading.vietcap.com.vn', port=443): Max retries exceeded with url: /api/chart/OHLCChart/gap (Caused by NameResolutionError("<urllib3.connection.HTTPSConnection object at 0x7e619e7975c0>: Failed to resolve 'trading.vietcap.com.vn' ([Errno -2] Name or service not known)"))
[2025-10-07T11:46:47.127+0000] {client.py:83} ERROR - API request failed: HTTPSConnectionPool(host='trading.vietcap.com.vn', port=443): Max retries exceeded with url: /api/chart/OHLCChart/gap (Caused by NameResolutionError("<urllib3.connection.HTTPSConnection object at 0x7e619e93cbc0>: Failed to resolve 'trading.vietcap.com.vn' ([Errno -2] Name or service not known)"))
[2025-10-07T11:46:47.312+0000] {logging_mixin.py:190} INFO - Không tìm thấy dữ liệu cho CIP
[2025-10-07T11:46:47.317+0000] {logging_mixin.py:190} INFO - ℹ️ CIP: Không có dữ liệu mới.
[2025-10-07T11:46:47.322+0000] {logging_mixin.py:190} INFO - ⬇️ Bắt đầu xử lý symbol = CII
[2025-10-07T11:46:47.362+0000] {logging_mixin.py:190} INFO - ⚠️ Không đọc được file cũ CII: 'date'
[2025-10-07T11:46:47.373+0000] {logging_mixin.py:190} INFO - CII: trích dữ liệu từ 2025-10-04 đến 2025-10-07
[2025-10-07T11:46:47.379+0000] {client.py:83} ERROR - API request failed: HTTPSConnectionPool(host='trading.vietcap.com.vn', port=443): Max retries exceeded with url: /api/chart/OHLCChart/gap (Caused by NameResolutionError("<urllib3.connection.HTTPSConnection object at 0x7e619e816db0>: Failed to resolve 'trading.vietcap.com.vn' ([Errno -2] Name or service not known)"))
[2025-10-07T11:46:49.442+0000] {client.py:83} ERROR - API request failed: HTTPSConnectionPool(host='trading.vietcap.com.vn', port=443): Max retries exceeded with url: /api/chart/OHLCChart/gap (Caused by NameResolutionError("<urllib3.connection.HTTPSConnection object at 0x7e619e816ab0>: Failed to resolve 'trading.vietcap.com.vn' ([Errno -2] Name or service not known)"))
[2025-10-07T11:46:51.458+0000] {client.py:83} ERROR - API request failed: HTTPSConnectionPool(host='trading.vietcap.com.vn', port=443): Max retries exceeded with url: /api/chart/OHLCChart/gap (Caused by NameResolutionError("<urllib3.connection.HTTPSConnection object at 0x7e619e796f90>: Failed to resolve 'trading.vietcap.com.vn' ([Errno -2] Name or service not known)"))
[2025-10-07T11:46:51.461+0000] {logging_mixin.py:190} INFO - Không tìm thấy dữ liệu cho CII
[2025-10-07T11:46:51.467+0000] {logging_mixin.py:190} INFO - ℹ️ CII: Không có dữ liệu mới.
[2025-10-07T11:46:51.469+0000] {logging_mixin.py:190} INFO - 🚦 Giới hạn API đạt mức tối đa, chờ 38.7s...
[2025-10-07T11:47:30.175+0000] {logging_mixin.py:190} INFO - ⬇️ Bắt đầu xử lý symbol = CIG
[2025-10-07T11:47:30.256+0000] {logging_mixin.py:190} INFO - ⚠️ Không đọc được file cũ CIG: 'date'
[2025-10-07T11:47:30.292+0000] {logging_mixin.py:190} INFO - CIG: trích dữ liệu từ 2025-10-04 đến 2025-10-07
[2025-10-07T11:47:30.344+0000] {client.py:83} ERROR - API request failed: HTTPSConnectionPool(host='trading.vietcap.com.vn', port=443): Max retries exceeded with url: /api/chart/OHLCChart/gap (Caused by NameResolutionError("<urllib3.connection.HTTPSConnection object at 0x7e619e8172f0>: Failed to resolve 'trading.vietcap.com.vn' ([Errno -2] Name or service not known)"))
[2025-10-07T11:47:32.363+0000] {client.py:83} ERROR - API request failed: HTTPSConnectionPool(host='trading.vietcap.com.vn', port=443): Max retries exceeded with url: /api/chart/OHLCChart/gap (Caused by NameResolutionError("<urllib3.connection.HTTPSConnection object at 0x7e619e815430>: Failed to resolve 'trading.vietcap.com.vn' ([Errno -2] Name or service not known)"))
[2025-10-07T11:47:34.390+0000] {client.py:83} ERROR - API request failed: HTTPSConnectionPool(host='trading.vietcap.com.vn', port=443): Max retries exceeded with url: /api/chart/OHLCChart/gap (Caused by NameResolutionError("<urllib3.connection.HTTPSConnection object at 0x7e619e7f37d0>: Failed to resolve 'trading.vietcap.com.vn' ([Errno -2] Name or service not known)"))
[2025-10-07T11:47:34.396+0000] {logging_mixin.py:190} INFO - Không tìm thấy dữ liệu cho CIG
[2025-10-07T11:47:34.404+0000] {logging_mixin.py:190} INFO - ℹ️ CIG: Không có dữ liệu mới.
[2025-10-07T11:47:34.407+0000] {logging_mixin.py:190} INFO - 🚦 Giới hạn API đạt mức tối đa, chờ 0.1s...
[2025-10-07T11:47:34.550+0000] {logging_mixin.py:190} INFO - ⬇️ Bắt đầu xử lý symbol = CID
[2025-10-07T11:47:34.591+0000] {logging_mixin.py:190} INFO - ⚠️ Không đọc được file cũ CID: 'date'
[2025-10-07T11:47:34.609+0000] {logging_mixin.py:190} INFO - CID: trích dữ liệu từ 2025-10-02 đến 2025-10-07
[2025-10-07T11:47:34.617+0000] {client.py:83} ERROR - API request failed: HTTPSConnectionPool(host='trading.vietcap.com.vn', port=443): Max retries exceeded with url: /api/chart/OHLCChart/gap (Caused by NameResolutionError("<urllib3.connection.HTTPSConnection object at 0x7e619e797e00>: Failed to resolve 'trading.vietcap.com.vn' ([Errno -2] Name or service not known)"))
[2025-10-07T11:47:36.627+0000] {client.py:83} ERROR - API request failed: HTTPSConnectionPool(host='trading.vietcap.com.vn', port=443): Max retries exceeded with url: /api/chart/OHLCChart/gap (Caused by NameResolutionError("<urllib3.connection.HTTPSConnection object at 0x7e619e817320>: Failed to resolve 'trading.vietcap.com.vn' ([Errno -2] Name or service not known)"))
[2025-10-07T11:47:38.641+0000] {client.py:83} ERROR - API request failed: HTTPSConnectionPool(host='trading.vietcap.com.vn', port=443): Max retries exceeded with url: /api/chart/OHLCChart/gap (Caused by NameResolutionError("<urllib3.connection.HTTPSConnection object at 0x7e619e816d80>: Failed to resolve 'trading.vietcap.com.vn' ([Errno -2] Name or service not known)"))
[2025-10-07T11:47:38.645+0000] {logging_mixin.py:190} INFO - Không tìm thấy dữ liệu cho CID
[2025-10-07T11:47:38.650+0000] {logging_mixin.py:190} INFO - ℹ️ CID: Không có dữ liệu mới.
[2025-10-07T11:47:38.652+0000] {logging_mixin.py:190} INFO - 🚦 Giới hạn API đạt mức tối đa, chờ 0.0s...
[2025-10-07T11:47:38.684+0000] {logging_mixin.py:190} INFO - ⬇️ Bắt đầu xử lý symbol = CIA
[2025-10-07T11:47:38.758+0000] {logging_mixin.py:190} INFO - ⚠️ Không đọc được file cũ CIA: 'date'
[2025-10-07T11:47:38.798+0000] {logging_mixin.py:190} INFO - CIA: trích dữ liệu từ 2025-10-04 đến 2025-10-07
[2025-10-07T11:47:38.816+0000] {client.py:83} ERROR - API request failed: HTTPSConnectionPool(host='trading.vietcap.com.vn', port=443): Max retries exceeded with url: /api/chart/OHLCChart/gap (Caused by NameResolutionError("<urllib3.connection.HTTPSConnection object at 0x7e619e7960c0>: Failed to resolve 'trading.vietcap.com.vn' ([Errno -2] Name or service not known)"))
[2025-10-07T11:47:40.877+0000] {client.py:83} ERROR - API request failed: HTTPSConnectionPool(host='trading.vietcap.com.vn', port=443): Max retries exceeded with url: /api/chart/OHLCChart/gap (Caused by NameResolutionError("<urllib3.connection.HTTPSConnection object at 0x7e619e93e9c0>: Failed to resolve 'trading.vietcap.com.vn' ([Errno -2] Name or service not known)"))
[2025-10-07T11:47:42.889+0000] {client.py:83} ERROR - API request failed: HTTPSConnectionPool(host='trading.vietcap.com.vn', port=443): Max retries exceeded with url: /api/chart/OHLCChart/gap (Caused by NameResolutionError("<urllib3.connection.HTTPSConnection object at 0x7e619e817290>: Failed to resolve 'trading.vietcap.com.vn' ([Errno -2] Name or service not known)"))
[2025-10-07T11:47:42.891+0000] {logging_mixin.py:190} INFO - Không tìm thấy dữ liệu cho CIA
[2025-10-07T11:47:42.894+0000] {logging_mixin.py:190} INFO - ℹ️ CIA: Không có dữ liệu mới.
[2025-10-07T11:47:42.895+0000] {logging_mixin.py:190} INFO - 🚦 Giới hạn API đạt mức tối đa, chờ 0.1s...
[2025-10-07T11:47:42.966+0000] {logging_mixin.py:190} INFO - ⬇️ Bắt đầu xử lý symbol = CI5
[2025-10-07T11:47:43.062+0000] {logging_mixin.py:190} INFO - ⚠️ Không đọc được file cũ CI5: 'date'
[2025-10-07T11:47:43.098+0000] {logging_mixin.py:190} INFO - CI5: trích dữ liệu từ 2025-10-02 đến 2025-10-07
[2025-10-07T11:47:43.117+0000] {client.py:83} ERROR - API request failed: HTTPSConnectionPool(host='trading.vietcap.com.vn', port=443): Max retries exceeded with url: /api/chart/OHLCChart/gap (Caused by NameResolutionError("<urllib3.connection.HTTPSConnection object at 0x7e619e795070>: Failed to resolve 'trading.vietcap.com.vn' ([Errno -2] Name or service not known)"))
[2025-10-07T11:47:45.133+0000] {client.py:83} ERROR - API request failed: HTTPSConnectionPool(host='trading.vietcap.com.vn', port=443): Max retries exceeded with url: /api/chart/OHLCChart/gap (Caused by NameResolutionError("<urllib3.connection.HTTPSConnection object at 0x7e619e794b60>: Failed to resolve 'trading.vietcap.com.vn' ([Errno -2] Name or service not known)"))
[2025-10-07T11:47:47.151+0000] {client.py:83} ERROR - API request failed: HTTPSConnectionPool(host='trading.vietcap.com.vn', port=443): Max retries exceeded with url: /api/chart/OHLCChart/gap (Caused by NameResolutionError("<urllib3.connection.HTTPSConnection object at 0x7e619e795dc0>: Failed to resolve 'trading.vietcap.com.vn' ([Errno -2] Name or service not known)"))
[2025-10-07T11:47:47.154+0000] {logging_mixin.py:190} INFO - Không tìm thấy dữ liệu cho CI5
[2025-10-07T11:47:47.161+0000] {logging_mixin.py:190} INFO - ℹ️ CI5: Không có dữ liệu mới.
[2025-10-07T11:47:47.163+0000] {logging_mixin.py:190} INFO - 🚦 Giới hạn API đạt mức tối đa, chờ 0.2s...
[2025-10-07T11:47:47.324+0000] {logging_mixin.py:190} INFO - ⬇️ Bắt đầu xử lý symbol = CHS
[2025-10-07T11:47:47.354+0000] {logging_mixin.py:190} INFO - ⚠️ Không đọc được file cũ CHS: 'date'
[2025-10-07T11:47:47.372+0000] {logging_mixin.py:190} INFO - CHS: trích dữ liệu từ 2025-10-01 đến 2025-10-07
[2025-10-07T11:47:47.380+0000] {client.py:83} ERROR - API request failed: HTTPSConnectionPool(host='trading.vietcap.com.vn', port=443): Max retries exceeded with url: /api/chart/OHLCChart/gap (Caused by NameResolutionError("<urllib3.connection.HTTPSConnection object at 0x7e619e796630>: Failed to resolve 'trading.vietcap.com.vn' ([Errno -2] Name or service not known)"))
[2025-10-07T11:47:49.388+0000] {client.py:83} ERROR - API request failed: HTTPSConnectionPool(host='trading.vietcap.com.vn', port=443): Max retries exceeded with url: /api/chart/OHLCChart/gap (Caused by NameResolutionError("<urllib3.connection.HTTPSConnection object at 0x7e619e797bf0>: Failed to resolve 'trading.vietcap.com.vn' ([Errno -2] Name or service not known)"))
[2025-10-07T11:47:51.437+0000] {client.py:83} ERROR - API request failed: HTTPSConnectionPool(host='trading.vietcap.com.vn', port=443): Max retries exceeded with url: /api/chart/OHLCChart/gap (Caused by NameResolutionError("<urllib3.connection.HTTPSConnection object at 0x7e619e814aa0>: Failed to resolve 'trading.vietcap.com.vn' ([Errno -2] Name or service not known)"))
[2025-10-07T11:47:51.440+0000] {logging_mixin.py:190} INFO - Không tìm thấy dữ liệu cho CHS
[2025-10-07T11:47:51.444+0000] {logging_mixin.py:190} INFO - ℹ️ CHS: Không có dữ liệu mới.
[2025-10-07T11:47:51.445+0000] {logging_mixin.py:190} INFO - 🚦 Giới hạn API đạt mức tối đa, chờ 38.7s...
[2025-10-07T11:48:30.174+0000] {logging_mixin.py:190} INFO - ⬇️ Bắt đầu xử lý symbol = CHP
[2025-10-07T11:48:30.257+0000] {logging_mixin.py:190} INFO - ⚠️ Không đọc được file cũ CHP: 'date'
[2025-10-07T11:48:30.296+0000] {logging_mixin.py:190} INFO - CHP: trích dữ liệu từ 2025-10-04 đến 2025-10-07
[2025-10-07T11:48:30.365+0000] {client.py:83} ERROR - API request failed: HTTPSConnectionPool(host='trading.vietcap.com.vn', port=443): Max retries exceeded with url: /api/chart/OHLCChart/gap (Caused by NameResolutionError("<urllib3.connection.HTTPSConnection object at 0x7e619e7861b0>: Failed to resolve 'trading.vietcap.com.vn' ([Errno -2] Name or service not known)"))
[2025-10-07T11:48:32.384+0000] {client.py:83} ERROR - API request failed: HTTPSConnectionPool(host='trading.vietcap.com.vn', port=443): Max retries exceeded with url: /api/chart/OHLCChart/gap (Caused by NameResolutionError("<urllib3.connection.HTTPSConnection object at 0x7e619e8906e0>: Failed to resolve 'trading.vietcap.com.vn' ([Errno -2] Name or service not known)"))
[2025-10-07T11:48:34.391+0000] {client.py:83} ERROR - API request failed: HTTPSConnectionPool(host='trading.vietcap.com.vn', port=443): Max retries exceeded with url: /api/chart/OHLCChart/gap (Caused by NameResolutionError("<urllib3.connection.HTTPSConnection object at 0x7e619e794500>: Failed to resolve 'trading.vietcap.com.vn' ([Errno -2] Name or service not known)"))
[2025-10-07T11:48:34.393+0000] {logging_mixin.py:190} INFO - Không tìm thấy dữ liệu cho CHP
[2025-10-07T11:48:34.396+0000] {logging_mixin.py:190} INFO - ℹ️ CHP: Không có dữ liệu mới.
[2025-10-07T11:48:34.397+0000] {logging_mixin.py:190} INFO - 🚦 Giới hạn API đạt mức tối đa, chờ 0.2s...
[2025-10-07T11:48:34.551+0000] {logging_mixin.py:190} INFO - ⬇️ Bắt đầu xử lý symbol = CHC
[2025-10-07T11:48:34.629+0000] {logging_mixin.py:190} INFO - ⚠️ Không đọc được file cũ CHC: 'date'
[2025-10-07T11:48:34.676+0000] {logging_mixin.py:190} INFO - CHC: trích dữ liệu từ 2025-10-01 đến 2025-10-07
[2025-10-07T11:48:34.696+0000] {client.py:83} ERROR - API request failed: HTTPSConnectionPool(host='trading.vietcap.com.vn', port=443): Max retries exceeded with url: /api/chart/OHLCChart/gap (Caused by NameResolutionError("<urllib3.connection.HTTPSConnection object at 0x7e619e7860c0>: Failed to resolve 'trading.vietcap.com.vn' ([Errno -2] Name or service not known)"))
[2025-10-07T11:48:36.714+0000] {client.py:83} ERROR - API request failed: HTTPSConnectionPool(host='trading.vietcap.com.vn', port=443): Max retries exceeded with url: /api/chart/OHLCChart/gap (Caused by NameResolutionError("<urllib3.connection.HTTPSConnection object at 0x7e619e784950>: Failed to resolve 'trading.vietcap.com.vn' ([Errno -2] Name or service not known)"))
[2025-10-07T11:48:38.738+0000] {client.py:83} ERROR - API request failed: HTTPSConnectionPool(host='trading.vietcap.com.vn', port=443): Max retries exceeded with url: /api/chart/OHLCChart/gap (Caused by NameResolutionError("<urllib3.connection.HTTPSConnection object at 0x7e619e785820>: Failed to resolve 'trading.vietcap.com.vn' ([Errno -2] Name or service not known)"))
[2025-10-07T11:48:38.742+0000] {logging_mixin.py:190} INFO - Không tìm thấy dữ liệu cho CHC
[2025-10-07T11:48:38.749+0000] {logging_mixin.py:190} INFO - ℹ️ CHC: Không có dữ liệu mới.
[2025-10-07T11:48:38.751+0000] {logging_mixin.py:190} INFO - ⬇️ Bắt đầu xử lý symbol = CH5
[2025-10-07T11:48:38.808+0000] {logging_mixin.py:190} INFO - ⚠️ Không đọc được file cũ CH5: 'date'
[2025-10-07T11:48:38.825+0000] {logging_mixin.py:190} INFO - CH5: trích dữ liệu từ 2025-09-26 đến 2025-10-07
[2025-10-07T11:48:38.832+0000] {client.py:83} ERROR - API request failed: HTTPSConnectionPool(host='trading.vietcap.com.vn', port=443): Max retries exceeded with url: /api/chart/OHLCChart/gap (Caused by NameResolutionError("<urllib3.connection.HTTPSConnection object at 0x7e619e815730>: Failed to resolve 'trading.vietcap.com.vn' ([Errno -2] Name or service not known)"))
[2025-10-07T11:48:40.883+0000] {client.py:83} ERROR - API request failed: HTTPSConnectionPool(host='trading.vietcap.com.vn', port=443): Max retries exceeded with url: /api/chart/OHLCChart/gap (Caused by NameResolutionError("<urllib3.connection.HTTPSConnection object at 0x7e619e93cef0>: Failed to resolve 'trading.vietcap.com.vn' ([Errno -2] Name or service not known)"))
[2025-10-07T11:48:42.908+0000] {client.py:83} ERROR - API request failed: HTTPSConnectionPool(host='trading.vietcap.com.vn', port=443): Max retries exceeded with url: /api/chart/OHLCChart/gap (Caused by NameResolutionError("<urllib3.connection.HTTPSConnection object at 0x7e619e93fe60>: Failed to resolve 'trading.vietcap.com.vn' ([Errno -2] Name or service not known)"))
[2025-10-07T11:48:42.911+0000] {logging_mixin.py:190} INFO - Không tìm thấy dữ liệu cho CH5
[2025-10-07T11:48:42.917+0000] {logging_mixin.py:190} INFO - ℹ️ CH5: Không có dữ liệu mới.
[2025-10-07T11:48:42.919+0000] {logging_mixin.py:190} INFO - 🚦 Giới hạn API đạt mức tối đa, chờ 0.0s...
[2025-10-07T11:48:42.968+0000] {logging_mixin.py:190} INFO - ⬇️ Bắt đầu xử lý symbol = CGV
[2025-10-07T11:48:43.038+0000] {logging_mixin.py:190} INFO - ⚠️ Không đọc được file cũ CGV: 'date'
[2025-10-07T11:48:43.074+0000] {logging_mixin.py:190} INFO - CGV: trích dữ liệu từ 2025-10-04 đến 2025-10-07
[2025-10-07T11:48:43.090+0000] {client.py:83} ERROR - API request failed: HTTPSConnectionPool(host='trading.vietcap.com.vn', port=443): Max retries exceeded with url: /api/chart/OHLCChart/gap (Caused by NameResolutionError("<urllib3.connection.HTTPSConnection object at 0x7e619e816db0>: Failed to resolve 'trading.vietcap.com.vn' ([Errno -2] Name or service not known)"))
[2025-10-07T11:48:45.106+0000] {client.py:83} ERROR - API request failed: HTTPSConnectionPool(host='trading.vietcap.com.vn', port=443): Max retries exceeded with url: /api/chart/OHLCChart/gap (Caused by NameResolutionError("<urllib3.connection.HTTPSConnection object at 0x7e619e93ed20>: Failed to resolve 'trading.vietcap.com.vn' ([Errno -2] Name or service not known)"))
[2025-10-07T11:48:47.121+0000] {client.py:83} ERROR - API request failed: HTTPSConnectionPool(host='trading.vietcap.com.vn', port=443): Max retries exceeded with url: /api/chart/OHLCChart/gap (Caused by NameResolutionError("<urllib3.connection.HTTPSConnection object at 0x7e619e93cc80>: Failed to resolve 'trading.vietcap.com.vn' ([Errno -2] Name or service not known)"))
[2025-10-07T11:48:47.125+0000] {logging_mixin.py:190} INFO - Không tìm thấy dữ liệu cho CGV
[2025-10-07T11:48:47.130+0000] {logging_mixin.py:190} INFO - ℹ️ CGV: Không có dữ liệu mới.
[2025-10-07T11:48:47.132+0000] {logging_mixin.py:190} INFO - 🚦 Giới hạn API đạt mức tối đa, chờ 0.2s...
[2025-10-07T11:48:47.326+0000] {logging_mixin.py:190} INFO - ⬇️ Bắt đầu xử lý symbol = CGL
[2025-10-07T11:48:47.440+0000] {logging_mixin.py:190} INFO - ⚠️ Không đọc được file cũ CGL: 'date'
[2025-10-07T11:48:47.458+0000] {logging_mixin.py:190} INFO - CGL: trích dữ liệu từ 2022-07-15 đến 2025-10-07
[2025-10-07T11:48:47.466+0000] {client.py:83} ERROR - API request failed: HTTPSConnectionPool(host='trading.vietcap.com.vn', port=443): Max retries exceeded with url: /api/chart/OHLCChart/gap (Caused by NameResolutionError("<urllib3.connection.HTTPSConnection object at 0x7e619e93c770>: Failed to resolve 'trading.vietcap.com.vn' ([Errno -2] Name or service not known)"))
[2025-10-07T12:05:57.103+0000] {client.py:83} ERROR - API request failed: HTTPSConnectionPool(host='trading.vietcap.com.vn', port=443): Max retries exceeded with url: /api/chart/OHLCChart/gap (Caused by NameResolutionError("<urllib3.connection.HTTPSConnection object at 0x7e619e814110>: Failed to resolve 'trading.vietcap.com.vn' ([Errno -2] Name or service not known)"))
[2025-10-07T12:05:59.279+0000] {client.py:83} ERROR - API request failed: HTTPSConnectionPool(host='trading.vietcap.com.vn', port=443): Max retries exceeded with url: /api/chart/OHLCChart/gap (Caused by NameResolutionError("<urllib3.connection.HTTPSConnection object at 0x7e619e786150>: Failed to resolve 'trading.vietcap.com.vn' ([Errno -2] Name or service not known)"))
[2025-10-07T12:05:59.331+0000] {logging_mixin.py:190} INFO - Không tìm thấy dữ liệu cho CGL
[2025-10-07T12:05:59.379+0000] {logging_mixin.py:190} INFO - ℹ️ CGL: Không có dữ liệu mới.
[2025-10-07T12:05:59.395+0000] {logging_mixin.py:190} INFO - ⬇️ Bắt đầu xử lý symbol = CFV
[2025-10-07T12:06:00.618+0000] {job.py:229} INFO - Heartbeat recovered after 1033.31 seconds
[2025-10-07T12:06:00.704+0000] {logging_mixin.py:190} INFO - ⚠️ Không đọc được file cũ CFV: 'date'
[2025-10-07T12:06:00.987+0000] {logging_mixin.py:190} INFO - CFV: trích dữ liệu từ 2025-10-03 đến 2025-10-07
[2025-10-07T12:06:02.009+0000] {client.py:83} ERROR - API request failed: HTTPSConnectionPool(host='trading.vietcap.com.vn', port=443): Max retries exceeded with url: /api/chart/OHLCChart/gap (Caused by NameResolutionError("<urllib3.connection.HTTPSConnection object at 0x7e619e93d6d0>: Failed to resolve 'trading.vietcap.com.vn' ([Errno -2] Name or service not known)"))
[2025-10-07T12:06:04.239+0000] {client.py:83} ERROR - API request failed: HTTPSConnectionPool(host='trading.vietcap.com.vn', port=443): Max retries exceeded with url: /api/chart/OHLCChart/gap (Caused by NameResolutionError("<urllib3.connection.HTTPSConnection object at 0x7e619e7f24e0>: Failed to resolve 'trading.vietcap.com.vn' ([Errno -2] Name or service not known)"))
[2025-10-07T12:06:06.247+0000] {client.py:83} ERROR - API request failed: HTTPSConnectionPool(host='trading.vietcap.com.vn', port=443): Max retries exceeded with url: /api/chart/OHLCChart/gap (Caused by NameResolutionError("<urllib3.connection.HTTPSConnection object at 0x7e619e8151f0>: Failed to resolve 'trading.vietcap.com.vn' ([Errno -2] Name or service not known)"))
[2025-10-07T12:06:06.248+0000] {logging_mixin.py:190} INFO - Không tìm thấy dữ liệu cho CFV
[2025-10-07T12:06:06.250+0000] {logging_mixin.py:190} INFO - ℹ️ CFV: Không có dữ liệu mới.
[2025-10-07T12:06:06.251+0000] {logging_mixin.py:190} INFO - ⬇️ Bắt đầu xử lý symbol = CFM
[2025-10-07T12:06:06.277+0000] {logging_mixin.py:190} INFO - ⚠️ Không đọc được file cũ CFM: 'date'
[2025-10-07T12:06:06.292+0000] {logging_mixin.py:190} INFO - CFM: trích dữ liệu từ 2025-10-04 đến 2025-10-07
[2025-10-07T12:06:06.298+0000] {client.py:83} ERROR - API request failed: HTTPSConnectionPool(host='trading.vietcap.com.vn', port=443): Max retries exceeded with url: /api/chart/OHLCChart/gap (Caused by NameResolutionError("<urllib3.connection.HTTPSConnection object at 0x7e619e96c620>: Failed to resolve 'trading.vietcap.com.vn' ([Errno -2] Name or service not known)"))
[2025-10-07T12:06:08.312+0000] {client.py:83} ERROR - API request failed: HTTPSConnectionPool(host='trading.vietcap.com.vn', port=443): Max retries exceeded with url: /api/chart/OHLCChart/gap (Caused by NameResolutionError("<urllib3.connection.HTTPSConnection object at 0x7e61c2b56ed0>: Failed to resolve 'trading.vietcap.com.vn' ([Errno -2] Name or service not known)"))
[2025-10-07T12:06:10.318+0000] {client.py:83} ERROR - API request failed: HTTPSConnectionPool(host='trading.vietcap.com.vn', port=443): Max retries exceeded with url: /api/chart/OHLCChart/gap (Caused by NameResolutionError("<urllib3.connection.HTTPSConnection object at 0x7e61c2b55970>: Failed to resolve 'trading.vietcap.com.vn' ([Errno -2] Name or service not known)"))
[2025-10-07T12:06:10.319+0000] {logging_mixin.py:190} INFO - Không tìm thấy dữ liệu cho CFM
[2025-10-07T12:06:10.320+0000] {logging_mixin.py:190} INFO - ℹ️ CFM: Không có dữ liệu mới.
[2025-10-07T12:06:10.320+0000] {logging_mixin.py:190} INFO - ⬇️ Bắt đầu xử lý symbol = CET
[2025-10-07T12:06:10.335+0000] {logging_mixin.py:190} INFO - ⚠️ Không đọc được file cũ CET: 'date'
[2025-10-07T12:06:10.342+0000] {logging_mixin.py:190} INFO - CET: trích dữ liệu từ 2025-10-04 đến 2025-10-07
[2025-10-07T12:06:10.346+0000] {client.py:83} ERROR - API request failed: HTTPSConnectionPool(host='trading.vietcap.com.vn', port=443): Max retries exceeded with url: /api/chart/OHLCChart/gap (Caused by NameResolutionError("<urllib3.connection.HTTPSConnection object at 0x7e61c2b55190>: Failed to resolve 'trading.vietcap.com.vn' ([Errno -2] Name or service not known)"))
[2025-10-07T12:06:12.348+0000] {client.py:83} ERROR - API request failed: HTTPSConnectionPool(host='trading.vietcap.com.vn', port=443): Max retries exceeded with url: /api/chart/OHLCChart/gap (Caused by NameResolutionError("<urllib3.connection.HTTPSConnection object at 0x7e61c2b56db0>: Failed to resolve 'trading.vietcap.com.vn' ([Errno -2] Name or service not known)"))
[2025-10-07T12:06:14.360+0000] {client.py:83} ERROR - API request failed: HTTPSConnectionPool(host='trading.vietcap.com.vn', port=443): Max retries exceeded with url: /api/chart/OHLCChart/gap (Caused by NameResolutionError("<urllib3.connection.HTTPSConnection object at 0x7e61c2b54110>: Failed to resolve 'trading.vietcap.com.vn' ([Errno -2] Name or service not known)"))
[2025-10-07T12:06:14.361+0000] {logging_mixin.py:190} INFO - Không tìm thấy dữ liệu cho CET
[2025-10-07T12:06:14.363+0000] {logging_mixin.py:190} INFO - ℹ️ CET: Không có dữ liệu mới.
[2025-10-07T12:06:14.363+0000] {logging_mixin.py:190} INFO - ⬇️ Bắt đầu xử lý symbol = CEO
[2025-10-07T12:06:14.380+0000] {logging_mixin.py:190} INFO - ⚠️ Không đọc được file cũ CEO: 'date'
[2025-10-07T12:06:14.387+0000] {logging_mixin.py:190} INFO - CEO: trích dữ liệu từ 2025-10-04 đến 2025-10-07
[2025-10-07T12:06:14.391+0000] {client.py:83} ERROR - API request failed: HTTPSConnectionPool(host='trading.vietcap.com.vn', port=443): Max retries exceeded with url: /api/chart/OHLCChart/gap (Caused by NameResolutionError("<urllib3.connection.HTTPSConnection object at 0x7e619e93c4d0>: Failed to resolve 'trading.vietcap.com.vn' ([Errno -2] Name or service not known)"))
[2025-10-07T12:06:16.397+0000] {client.py:83} ERROR - API request failed: HTTPSConnectionPool(host='trading.vietcap.com.vn', port=443): Max retries exceeded with url: /api/chart/OHLCChart/gap (Caused by NameResolutionError("<urllib3.connection.HTTPSConnection object at 0x7e61c2b57380>: Failed to resolve 'trading.vietcap.com.vn' ([Errno -2] Name or service not known)"))
[2025-10-07T12:06:18.402+0000] {client.py:83} ERROR - API request failed: HTTPSConnectionPool(host='trading.vietcap.com.vn', port=443): Max retries exceeded with url: /api/chart/OHLCChart/gap (Caused by NameResolutionError("<urllib3.connection.HTTPSConnection object at 0x7e61c2b57950>: Failed to resolve 'trading.vietcap.com.vn' ([Errno -2] Name or service not known)"))
[2025-10-07T12:06:18.403+0000] {logging_mixin.py:190} INFO - Không tìm thấy dữ liệu cho CEO
[2025-10-07T12:06:18.404+0000] {logging_mixin.py:190} INFO - ℹ️ CEO: Không có dữ liệu mới.
[2025-10-07T12:06:18.405+0000] {logging_mixin.py:190} INFO - ⬇️ Bắt đầu xử lý symbol = CEN
[2025-10-07T12:06:18.420+0000] {logging_mixin.py:190} INFO - ⚠️ Không đọc được file cũ CEN: 'date'
[2025-10-07T12:06:18.430+0000] {logging_mixin.py:190} INFO - CEN: trích dữ liệu từ 2025-10-04 đến 2025-10-07
[2025-10-07T12:06:18.435+0000] {client.py:83} ERROR - API request failed: HTTPSConnectionPool(host='trading.vietcap.com.vn', port=443): Max retries exceeded with url: /api/chart/OHLCChart/gap (Caused by NameResolutionError("<urllib3.connection.HTTPSConnection object at 0x7e61c2b569c0>: Failed to resolve 'trading.vietcap.com.vn' ([Errno -2] Name or service not known)"))
[2025-10-07T12:06:20.454+0000] {client.py:83} ERROR - API request failed: HTTPSConnectionPool(host='trading.vietcap.com.vn', port=443): Max retries exceeded with url: /api/chart/OHLCChart/gap (Caused by NameResolutionError("<urllib3.connection.HTTPSConnection object at 0x7e619e7862d0>: Failed to resolve 'trading.vietcap.com.vn' ([Errno -2] Name or service not known)"))
[2025-10-07T12:06:22.458+0000] {client.py:83} ERROR - API request failed: HTTPSConnectionPool(host='trading.vietcap.com.vn', port=443): Max retries exceeded with url: /api/chart/OHLCChart/gap (Caused by NameResolutionError("<urllib3.connection.HTTPSConnection object at 0x7e61c2b55b20>: Failed to resolve 'trading.vietcap.com.vn' ([Errno -2] Name or service not known)"))
[2025-10-07T12:06:22.459+0000] {logging_mixin.py:190} INFO - Không tìm thấy dữ liệu cho CEN
[2025-10-07T12:06:22.461+0000] {logging_mixin.py:190} INFO - ℹ️ CEN: Không có dữ liệu mới.
[2025-10-07T12:06:22.461+0000] {python.py:240} INFO - Done. Returned value was: None
[2025-10-07T12:06:22.470+0000] {taskinstance.py:341} INFO - ::group::Post task execution logs
[2025-10-07T12:06:22.471+0000] {taskinstance.py:353} INFO - Marking task as SUCCESS. dag_id=vnstock_weekly_etl_incremental, task_id=process_batch, run_id=manual__2025-10-07T10:41:48.387187+00:00, map_index=29, execution_date=20251007T104148, start_date=20251007T114029, end_date=20251007T120622
[2025-10-07T12:06:22.530+0000] {local_task_job_runner.py:266} INFO - Task exited with return code 0
[2025-10-07T12:06:22.691+0000] {taskinstance.py:3901} INFO - 0 downstream tasks scheduled from follow-on schedule check
[2025-10-07T12:06:22.694+0000] {local_task_job_runner.py:245} INFO - ::endgroup::
