[2025-10-07T11:30:59.991+0000] {local_task_job_runner.py:123} INFO - ::group::Pre task execution logs
[2025-10-07T11:31:00.069+0000] {taskinstance.py:2614} INFO - Dependencies all met for dep_context=non-requeueable deps ti=<TaskInstance: vnstock_weekly_etl_incremental.process_batch manual__2025-10-07T10:41:48.387187+00:00 map_index=22 [queued]>
[2025-10-07T11:31:00.116+0000] {taskinstance.py:2614} INFO - Dependencies all met for dep_context=requeueable deps ti=<TaskInstance: vnstock_weekly_etl_incremental.process_batch manual__2025-10-07T10:41:48.387187+00:00 map_index=22 [queued]>
[2025-10-07T11:31:00.119+0000] {taskinstance.py:2867} INFO - Starting attempt 1 of 3
[2025-10-07T11:31:00.161+0000] {taskinstance.py:2890} INFO - Executing <Mapped(_PythonDecoratedOperator): process_batch> on 2025-10-07 10:41:48.387187+00:00
[2025-10-07T11:31:00.194+0000] {logging_mixin.py:190} WARNING - /home/***/.local/lib/python3.12/site-packages/***/task/task_runner/standard_task_runner.py:70 DeprecationWarning: This process (pid=7905) is multi-threaded, use of fork() may lead to deadlocks in the child.
[2025-10-07T11:31:00.199+0000] {standard_task_runner.py:72} INFO - Started process 7927 to run task
[2025-10-07T11:31:00.199+0000] {standard_task_runner.py:104} INFO - Running: ['***', 'tasks', 'run', 'vnstock_weekly_etl_incremental', 'process_batch', 'manual__2025-10-07T10:41:48.387187+00:00', '--job-id', '146', '--raw', '--subdir', 'DAGS_FOLDER/dag.py', '--cfg-path', '/tmp/tmpax4mem8a', '--map-index', '22']
[2025-10-07T11:31:00.207+0000] {standard_task_runner.py:105} INFO - Job 146: Subtask process_batch
[2025-10-07T11:31:00.251+0000] {logging_mixin.py:190} WARNING - /home/***/.local/lib/python3.12/site-packages/***/settings.py:209 DeprecationWarning: The sql_alchemy_conn option in [core] has been moved to the sql_alchemy_conn option in [database] - the old setting has been used, but please update your config.
[2025-10-07T11:31:00.373+0000] {task_command.py:467} INFO - Running <TaskInstance: vnstock_weekly_etl_incremental.process_batch manual__2025-10-07T10:41:48.387187+00:00 map_index=22 [running]> on host e3278e0f0bbc
[2025-10-07T11:31:00.798+0000] {taskinstance.py:3134} INFO - Exporting env vars: AIRFLOW_CTX_DAG_OWNER='***' AIRFLOW_CTX_DAG_ID='vnstock_weekly_etl_incremental' AIRFLOW_CTX_TASK_ID='process_batch' AIRFLOW_CTX_EXECUTION_DATE='2025-10-07T10:41:48.387187+00:00' AIRFLOW_CTX_TRY_NUMBER='1' AIRFLOW_CTX_DAG_RUN_ID='manual__2025-10-07T10:41:48.387187+00:00'
[2025-10-07T11:31:00.800+0000] {taskinstance.py:732} INFO - ::endgroup::
[2025-10-07T11:31:00.803+0000] {logging_mixin.py:190} INFO - ⬇️ Bắt đầu xử lý symbol = HMC
[2025-10-07T11:31:00.819+0000] {logging_mixin.py:190} INFO - ⚠️ Không đọc được file cũ HMC: 'date'
[2025-10-07T11:31:00.837+0000] {logging_mixin.py:190} INFO - HMC: trích dữ liệu từ 2025-10-08 đến 2025-10-07
[2025-10-07T11:31:00.866+0000] {client.py:83} ERROR - API request failed: HTTPSConnectionPool(host='trading.vietcap.com.vn', port=443): Max retries exceeded with url: /api/chart/OHLCChart/gap (Caused by NameResolutionError("<urllib3.connection.HTTPSConnection object at 0x7e619e9259d0>: Failed to resolve 'trading.vietcap.com.vn' ([Errno -2] Name or service not known)"))
[2025-10-07T11:31:02.878+0000] {client.py:83} ERROR - API request failed: HTTPSConnectionPool(host='trading.vietcap.com.vn', port=443): Max retries exceeded with url: /api/chart/OHLCChart/gap (Caused by NameResolutionError("<urllib3.connection.HTTPSConnection object at 0x7e619e934bf0>: Failed to resolve 'trading.vietcap.com.vn' ([Errno -2] Name or service not known)"))
[2025-10-07T11:31:04.884+0000] {client.py:83} ERROR - API request failed: HTTPSConnectionPool(host='trading.vietcap.com.vn', port=443): Max retries exceeded with url: /api/chart/OHLCChart/gap (Caused by NameResolutionError("<urllib3.connection.HTTPSConnection object at 0x7e619e9356a0>: Failed to resolve 'trading.vietcap.com.vn' ([Errno -2] Name or service not known)"))
[2025-10-07T11:31:04.885+0000] {logging_mixin.py:190} INFO - Không tìm thấy dữ liệu cho HMC
[2025-10-07T11:31:04.888+0000] {logging_mixin.py:190} INFO - ℹ️ HMC: Không có dữ liệu mới.
[2025-10-07T11:31:04.888+0000] {logging_mixin.py:190} INFO - ⬇️ Bắt đầu xử lý symbol = HLY
[2025-10-07T11:31:04.901+0000] {logging_mixin.py:190} INFO - ⚠️ Không đọc được file cũ HLY: 'date'
[2025-10-07T11:31:04.915+0000] {logging_mixin.py:190} INFO - HLY: trích dữ liệu từ 2025-08-30 đến 2025-10-07
[2025-10-07T11:31:04.923+0000] {client.py:83} ERROR - API request failed: HTTPSConnectionPool(host='trading.vietcap.com.vn', port=443): Max retries exceeded with url: /api/chart/OHLCChart/gap (Caused by NameResolutionError("<urllib3.connection.HTTPSConnection object at 0x7e619e896de0>: Failed to resolve 'trading.vietcap.com.vn' ([Errno -2] Name or service not known)"))
[2025-10-07T11:31:06.937+0000] {client.py:83} ERROR - API request failed: HTTPSConnectionPool(host='trading.vietcap.com.vn', port=443): Max retries exceeded with url: /api/chart/OHLCChart/gap (Caused by NameResolutionError("<urllib3.connection.HTTPSConnection object at 0x7e619e934320>: Failed to resolve 'trading.vietcap.com.vn' ([Errno -2] Name or service not known)"))
[2025-10-07T11:31:08.953+0000] {client.py:83} ERROR - API request failed: HTTPSConnectionPool(host='trading.vietcap.com.vn', port=443): Max retries exceeded with url: /api/chart/OHLCChart/gap (Caused by NameResolutionError("<urllib3.connection.HTTPSConnection object at 0x7e619e937c20>: Failed to resolve 'trading.vietcap.com.vn' ([Errno -2] Name or service not known)"))
[2025-10-07T11:31:08.956+0000] {logging_mixin.py:190} INFO - Không tìm thấy dữ liệu cho HLY
[2025-10-07T11:31:08.964+0000] {logging_mixin.py:190} INFO - ℹ️ HLY: Không có dữ liệu mới.
[2025-10-07T11:31:08.966+0000] {logging_mixin.py:190} INFO - ⬇️ Bắt đầu xử lý symbol = HLT
[2025-10-07T11:31:09.005+0000] {logging_mixin.py:190} INFO - ⚠️ Không đọc được file cũ HLT: 'date'
[2025-10-07T11:31:09.042+0000] {logging_mixin.py:190} INFO - HLT: trích dữ liệu từ 2024-12-07 đến 2025-10-07
[2025-10-07T11:31:09.058+0000] {client.py:83} ERROR - API request failed: HTTPSConnectionPool(host='trading.vietcap.com.vn', port=443): Max retries exceeded with url: /api/chart/OHLCChart/gap (Caused by NameResolutionError("<urllib3.connection.HTTPSConnection object at 0x7e619e77d310>: Failed to resolve 'trading.vietcap.com.vn' ([Errno -2] Name or service not known)"))
[2025-10-07T11:31:11.118+0000] {client.py:83} ERROR - API request failed: HTTPSConnectionPool(host='trading.vietcap.com.vn', port=443): Max retries exceeded with url: /api/chart/OHLCChart/gap (Caused by NameResolutionError("<urllib3.connection.HTTPSConnection object at 0x7e619e937f20>: Failed to resolve 'trading.vietcap.com.vn' ([Errno -2] Name or service not known)"))
[2025-10-07T11:31:13.134+0000] {client.py:83} ERROR - API request failed: HTTPSConnectionPool(host='trading.vietcap.com.vn', port=443): Max retries exceeded with url: /api/chart/OHLCChart/gap (Caused by NameResolutionError("<urllib3.connection.HTTPSConnection object at 0x7e619e934a70>: Failed to resolve 'trading.vietcap.com.vn' ([Errno -2] Name or service not known)"))
[2025-10-07T11:31:13.137+0000] {logging_mixin.py:190} INFO - Không tìm thấy dữ liệu cho HLT
[2025-10-07T11:31:13.141+0000] {logging_mixin.py:190} INFO - ℹ️ HLT: Không có dữ liệu mới.
[2025-10-07T11:31:13.143+0000] {logging_mixin.py:190} INFO - ⬇️ Bắt đầu xử lý symbol = HLS
[2025-10-07T11:31:13.187+0000] {logging_mixin.py:190} INFO - ⚠️ Không đọc được file cũ HLS: 'date'
[2025-10-07T11:31:13.222+0000] {logging_mixin.py:190} INFO - HLS: trích dữ liệu từ 2025-08-27 đến 2025-10-07
[2025-10-07T11:31:13.237+0000] {client.py:83} ERROR - API request failed: HTTPSConnectionPool(host='trading.vietcap.com.vn', port=443): Max retries exceeded with url: /api/chart/OHLCChart/gap (Caused by NameResolutionError("<urllib3.connection.HTTPSConnection object at 0x7e619e894380>: Failed to resolve 'trading.vietcap.com.vn' ([Errno -2] Name or service not known)"))
[2025-10-07T11:31:15.254+0000] {client.py:83} ERROR - API request failed: HTTPSConnectionPool(host='trading.vietcap.com.vn', port=443): Max retries exceeded with url: /api/chart/OHLCChart/gap (Caused by NameResolutionError("<urllib3.connection.HTTPSConnection object at 0x7e619e77c050>: Failed to resolve 'trading.vietcap.com.vn' ([Errno -2] Name or service not known)"))
[2025-10-07T11:31:17.262+0000] {client.py:83} ERROR - API request failed: HTTPSConnectionPool(host='trading.vietcap.com.vn', port=443): Max retries exceeded with url: /api/chart/OHLCChart/gap (Caused by NameResolutionError("<urllib3.connection.HTTPSConnection object at 0x7e619e77cb90>: Failed to resolve 'trading.vietcap.com.vn' ([Errno -2] Name or service not known)"))
[2025-10-07T11:31:17.264+0000] {logging_mixin.py:190} INFO - Không tìm thấy dữ liệu cho HLS
[2025-10-07T11:31:17.267+0000] {logging_mixin.py:190} INFO - ℹ️ HLS: Không có dữ liệu mới.
[2025-10-07T11:31:17.268+0000] {logging_mixin.py:190} INFO - ⬇️ Bắt đầu xử lý symbol = HLR
[2025-10-07T11:31:17.289+0000] {logging_mixin.py:190} INFO - ⚠️ Không đọc được file cũ HLR: 'date'
[2025-10-07T11:31:17.304+0000] {logging_mixin.py:190} INFO - HLR: trích dữ liệu từ 2024-07-02 đến 2025-10-07
[2025-10-07T11:31:17.310+0000] {client.py:83} ERROR - API request failed: HTTPSConnectionPool(host='trading.vietcap.com.vn', port=443): Max retries exceeded with url: /api/chart/OHLCChart/gap (Caused by NameResolutionError("<urllib3.connection.HTTPSConnection object at 0x7e619e77c050>: Failed to resolve 'trading.vietcap.com.vn' ([Errno -2] Name or service not known)"))
[2025-10-07T11:31:19.325+0000] {client.py:83} ERROR - API request failed: HTTPSConnectionPool(host='trading.vietcap.com.vn', port=443): Max retries exceeded with url: /api/chart/OHLCChart/gap (Caused by NameResolutionError("<urllib3.connection.HTTPSConnection object at 0x7e619e77dc70>: Failed to resolve 'trading.vietcap.com.vn' ([Errno -2] Name or service not known)"))
[2025-10-07T11:31:21.380+0000] {client.py:83} ERROR - API request failed: HTTPSConnectionPool(host='trading.vietcap.com.vn', port=443): Max retries exceeded with url: /api/chart/OHLCChart/gap (Caused by NameResolutionError("<urllib3.connection.HTTPSConnection object at 0x7e619e77e6c0>: Failed to resolve 'trading.vietcap.com.vn' ([Errno -2] Name or service not known)"))
[2025-10-07T11:31:21.383+0000] {logging_mixin.py:190} INFO - Không tìm thấy dữ liệu cho HLR
[2025-10-07T11:31:21.388+0000] {logging_mixin.py:190} INFO - ℹ️ HLR: Không có dữ liệu mới.
[2025-10-07T11:31:21.389+0000] {logging_mixin.py:190} INFO - 🚦 Giới hạn API đạt mức tối đa, chờ 39.4s...
[2025-10-07T11:32:00.802+0000] {logging_mixin.py:190} INFO - ⬇️ Bắt đầu xử lý symbol = HLO
[2025-10-07T11:32:00.873+0000] {logging_mixin.py:190} INFO - ⚠️ Không đọc được file cũ HLO: 'date'
[2025-10-07T11:32:00.906+0000] {logging_mixin.py:190} INFO - HLO: trích dữ liệu từ 2025-09-20 đến 2025-10-07
[2025-10-07T11:32:00.954+0000] {client.py:83} ERROR - API request failed: HTTPSConnectionPool(host='trading.vietcap.com.vn', port=443): Max retries exceeded with url: /api/chart/OHLCChart/gap (Caused by NameResolutionError("<urllib3.connection.HTTPSConnection object at 0x7e619e894620>: Failed to resolve 'trading.vietcap.com.vn' ([Errno -2] Name or service not known)"))
[2025-10-07T11:32:02.961+0000] {client.py:83} ERROR - API request failed: HTTPSConnectionPool(host='trading.vietcap.com.vn', port=443): Max retries exceeded with url: /api/chart/OHLCChart/gap (Caused by NameResolutionError("<urllib3.connection.HTTPSConnection object at 0x7e619e77f3b0>: Failed to resolve 'trading.vietcap.com.vn' ([Errno -2] Name or service not known)"))
[2025-10-07T11:32:04.974+0000] {client.py:83} ERROR - API request failed: HTTPSConnectionPool(host='trading.vietcap.com.vn', port=443): Max retries exceeded with url: /api/chart/OHLCChart/gap (Caused by NameResolutionError("<urllib3.connection.HTTPSConnection object at 0x7e619e77dd30>: Failed to resolve 'trading.vietcap.com.vn' ([Errno -2] Name or service not known)"))
[2025-10-07T11:32:04.977+0000] {logging_mixin.py:190} INFO - Không tìm thấy dữ liệu cho HLO
[2025-10-07T11:32:04.981+0000] {logging_mixin.py:190} INFO - ℹ️ HLO: Không có dữ liệu mới.
[2025-10-07T11:32:04.983+0000] {logging_mixin.py:190} INFO - ⬇️ Bắt đầu xử lý symbol = HLG
[2025-10-07T11:32:05.052+0000] {logging_mixin.py:190} INFO - ⚠️ Không đọc được file cũ HLG: 'date'
[2025-10-07T11:32:05.098+0000] {logging_mixin.py:190} INFO - HLG: trích dữ liệu từ 2023-02-25 đến 2025-10-07
[2025-10-07T11:32:05.113+0000] {client.py:83} ERROR - API request failed: HTTPSConnectionPool(host='trading.vietcap.com.vn', port=443): Max retries exceeded with url: /api/chart/OHLCChart/gap (Caused by NameResolutionError("<urllib3.connection.HTTPSConnection object at 0x7e619e780350>: Failed to resolve 'trading.vietcap.com.vn' ([Errno -2] Name or service not known)"))
[2025-10-07T11:32:07.121+0000] {client.py:83} ERROR - API request failed: HTTPSConnectionPool(host='trading.vietcap.com.vn', port=443): Max retries exceeded with url: /api/chart/OHLCChart/gap (Caused by NameResolutionError("<urllib3.connection.HTTPSConnection object at 0x7e619e934b00>: Failed to resolve 'trading.vietcap.com.vn' ([Errno -2] Name or service not known)"))
[2025-10-07T11:32:09.134+0000] {client.py:83} ERROR - API request failed: HTTPSConnectionPool(host='trading.vietcap.com.vn', port=443): Max retries exceeded with url: /api/chart/OHLCChart/gap (Caused by NameResolutionError("<urllib3.connection.HTTPSConnection object at 0x7e619e77cce0>: Failed to resolve 'trading.vietcap.com.vn' ([Errno -2] Name or service not known)"))
[2025-10-07T11:32:09.137+0000] {logging_mixin.py:190} INFO - Không tìm thấy dữ liệu cho HLG
[2025-10-07T11:32:09.143+0000] {logging_mixin.py:190} INFO - ℹ️ HLG: Không có dữ liệu mới.
[2025-10-07T11:32:09.144+0000] {logging_mixin.py:190} INFO - ⬇️ Bắt đầu xử lý symbol = HLE
[2025-10-07T11:32:09.205+0000] {logging_mixin.py:190} INFO - HLE: trích dữ liệu từ 2020-01-01 đến 2025-10-07
[2025-10-07T11:32:09.220+0000] {client.py:83} ERROR - API request failed: HTTPSConnectionPool(host='trading.vietcap.com.vn', port=443): Max retries exceeded with url: /api/chart/OHLCChart/gap (Caused by NameResolutionError("<urllib3.connection.HTTPSConnection object at 0x7e619e7810d0>: Failed to resolve 'trading.vietcap.com.vn' ([Errno -2] Name or service not known)"))
[2025-10-07T11:32:11.273+0000] {client.py:83} ERROR - API request failed: HTTPSConnectionPool(host='trading.vietcap.com.vn', port=443): Max retries exceeded with url: /api/chart/OHLCChart/gap (Caused by NameResolutionError("<urllib3.connection.HTTPSConnection object at 0x7e619e781ca0>: Failed to resolve 'trading.vietcap.com.vn' ([Errno -2] Name or service not known)"))
[2025-10-07T11:32:13.290+0000] {client.py:83} ERROR - API request failed: HTTPSConnectionPool(host='trading.vietcap.com.vn', port=443): Max retries exceeded with url: /api/chart/OHLCChart/gap (Caused by NameResolutionError("<urllib3.connection.HTTPSConnection object at 0x7e619e782960>: Failed to resolve 'trading.vietcap.com.vn' ([Errno -2] Name or service not known)"))
[2025-10-07T11:32:13.294+0000] {logging_mixin.py:190} INFO - Không tìm thấy dữ liệu cho HLE
[2025-10-07T11:32:13.297+0000] {logging_mixin.py:190} INFO - ℹ️ HLE: Không có dữ liệu mới.
[2025-10-07T11:32:13.298+0000] {logging_mixin.py:190} INFO - ⬇️ Bắt đầu xử lý symbol = HLD
[2025-10-07T11:32:13.337+0000] {logging_mixin.py:190} INFO - ⚠️ Không đọc được file cũ HLD: 'date'
[2025-10-07T11:32:13.352+0000] {logging_mixin.py:190} INFO - HLD: trích dữ liệu từ 2025-10-04 đến 2025-10-07
[2025-10-07T11:32:13.358+0000] {client.py:83} ERROR - API request failed: HTTPSConnectionPool(host='trading.vietcap.com.vn', port=443): Max retries exceeded with url: /api/chart/OHLCChart/gap (Caused by NameResolutionError("<urllib3.connection.HTTPSConnection object at 0x7e619e780fe0>: Failed to resolve 'trading.vietcap.com.vn' ([Errno -2] Name or service not known)"))
[2025-10-07T11:32:15.387+0000] {client.py:83} ERROR - API request failed: HTTPSConnectionPool(host='trading.vietcap.com.vn', port=443): Max retries exceeded with url: /api/chart/OHLCChart/gap (Caused by NameResolutionError("<urllib3.connection.HTTPSConnection object at 0x7e619e782540>: Failed to resolve 'trading.vietcap.com.vn' ([Errno -2] Name or service not known)"))
[2025-10-07T11:32:17.403+0000] {client.py:83} ERROR - API request failed: HTTPSConnectionPool(host='trading.vietcap.com.vn', port=443): Max retries exceeded with url: /api/chart/OHLCChart/gap (Caused by NameResolutionError("<urllib3.connection.HTTPSConnection object at 0x7e619e783620>: Failed to resolve 'trading.vietcap.com.vn' ([Errno -2] Name or service not known)"))
[2025-10-07T11:32:17.406+0000] {logging_mixin.py:190} INFO - Không tìm thấy dữ liệu cho HLD
[2025-10-07T11:32:17.410+0000] {logging_mixin.py:190} INFO - ℹ️ HLD: Không có dữ liệu mới.
[2025-10-07T11:32:17.412+0000] {logging_mixin.py:190} INFO - ⬇️ Bắt đầu xử lý symbol = HLC
[2025-10-07T11:32:17.484+0000] {logging_mixin.py:190} INFO - ⚠️ Không đọc được file cũ HLC: 'date'
[2025-10-07T11:32:17.524+0000] {logging_mixin.py:190} INFO - HLC: trích dữ liệu từ 2025-10-04 đến 2025-10-07
[2025-10-07T11:32:17.543+0000] {client.py:83} ERROR - API request failed: HTTPSConnectionPool(host='trading.vietcap.com.vn', port=443): Max retries exceeded with url: /api/chart/OHLCChart/gap (Caused by NameResolutionError("<urllib3.connection.HTTPSConnection object at 0x7e619e7830e0>: Failed to resolve 'trading.vietcap.com.vn' ([Errno -2] Name or service not known)"))
[2025-10-07T11:32:19.551+0000] {client.py:83} ERROR - API request failed: HTTPSConnectionPool(host='trading.vietcap.com.vn', port=443): Max retries exceeded with url: /api/chart/OHLCChart/gap (Caused by NameResolutionError("<urllib3.connection.HTTPSConnection object at 0x7e619e780c20>: Failed to resolve 'trading.vietcap.com.vn' ([Errno -2] Name or service not known)"))
[2025-10-07T11:32:21.602+0000] {client.py:83} ERROR - API request failed: HTTPSConnectionPool(host='trading.vietcap.com.vn', port=443): Max retries exceeded with url: /api/chart/OHLCChart/gap (Caused by NameResolutionError("<urllib3.connection.HTTPSConnection object at 0x7e619e781a00>: Failed to resolve 'trading.vietcap.com.vn' ([Errno -2] Name or service not known)"))
[2025-10-07T11:32:21.605+0000] {logging_mixin.py:190} INFO - Không tìm thấy dữ liệu cho HLC
[2025-10-07T11:32:21.611+0000] {logging_mixin.py:190} INFO - ℹ️ HLC: Không có dữ liệu mới.
[2025-10-07T11:32:21.613+0000] {logging_mixin.py:190} INFO - 🚦 Giới hạn API đạt mức tối đa, chờ 39.2s...
[2025-10-07T11:33:00.802+0000] {logging_mixin.py:190} INFO - ⬇️ Bắt đầu xử lý symbol = HLB
[2025-10-07T11:33:00.880+0000] {logging_mixin.py:190} INFO - ⚠️ Không đọc được file cũ HLB: 'date'
[2025-10-07T11:33:00.895+0000] {logging_mixin.py:190} INFO - HLB: trích dữ liệu từ 2025-09-25 đến 2025-10-07
[2025-10-07T11:33:00.903+0000] {client.py:83} ERROR - API request failed: HTTPSConnectionPool(host='trading.vietcap.com.vn', port=443): Max retries exceeded with url: /api/chart/OHLCChart/gap (Caused by NameResolutionError("<urllib3.connection.HTTPSConnection object at 0x7e619e7d96a0>: Failed to resolve 'trading.vietcap.com.vn' ([Errno -2] Name or service not known)"))
[2025-10-07T11:33:02.916+0000] {client.py:83} ERROR - API request failed: HTTPSConnectionPool(host='trading.vietcap.com.vn', port=443): Max retries exceeded with url: /api/chart/OHLCChart/gap (Caused by NameResolutionError("<urllib3.connection.HTTPSConnection object at 0x7e619e781460>: Failed to resolve 'trading.vietcap.com.vn' ([Errno -2] Name or service not known)"))
[2025-10-07T11:33:04.933+0000] {client.py:83} ERROR - API request failed: HTTPSConnectionPool(host='trading.vietcap.com.vn', port=443): Max retries exceeded with url: /api/chart/OHLCChart/gap (Caused by NameResolutionError("<urllib3.connection.HTTPSConnection object at 0x7e619e782e70>: Failed to resolve 'trading.vietcap.com.vn' ([Errno -2] Name or service not known)"))
[2025-10-07T11:33:05.104+0000] {logging_mixin.py:190} INFO - Không tìm thấy dữ liệu cho HLB
[2025-10-07T11:33:05.111+0000] {logging_mixin.py:190} INFO - ℹ️ HLB: Không có dữ liệu mới.
[2025-10-07T11:33:05.123+0000] {logging_mixin.py:190} INFO - ⬇️ Bắt đầu xử lý symbol = HLA
[2025-10-07T11:33:05.154+0000] {logging_mixin.py:190} INFO - ⚠️ Không đọc được file cũ HLA: 'date'
[2025-10-07T11:33:05.163+0000] {logging_mixin.py:190} INFO - HLA: trích dữ liệu từ 2024-07-26 đến 2025-10-07
[2025-10-07T11:33:05.168+0000] {client.py:83} ERROR - API request failed: HTTPSConnectionPool(host='trading.vietcap.com.vn', port=443): Max retries exceeded with url: /api/chart/OHLCChart/gap (Caused by NameResolutionError("<urllib3.connection.HTTPSConnection object at 0x7e619e782090>: Failed to resolve 'trading.vietcap.com.vn' ([Errno -2] Name or service not known)"))
[2025-10-07T11:33:07.179+0000] {client.py:83} ERROR - API request failed: HTTPSConnectionPool(host='trading.vietcap.com.vn', port=443): Max retries exceeded with url: /api/chart/OHLCChart/gap (Caused by NameResolutionError("<urllib3.connection.HTTPSConnection object at 0x7e619e77e540>: Failed to resolve 'trading.vietcap.com.vn' ([Errno -2] Name or service not known)"))
[2025-10-07T11:33:09.196+0000] {client.py:83} ERROR - API request failed: HTTPSConnectionPool(host='trading.vietcap.com.vn', port=443): Max retries exceeded with url: /api/chart/OHLCChart/gap (Caused by NameResolutionError("<urllib3.connection.HTTPSConnection object at 0x7e619e782870>: Failed to resolve 'trading.vietcap.com.vn' ([Errno -2] Name or service not known)"))
[2025-10-07T11:33:09.200+0000] {logging_mixin.py:190} INFO - Không tìm thấy dữ liệu cho HLA
[2025-10-07T11:33:09.204+0000] {logging_mixin.py:190} INFO - ℹ️ HLA: Không có dữ liệu mới.
[2025-10-07T11:33:09.207+0000] {logging_mixin.py:190} INFO - ⬇️ Bắt đầu xử lý symbol = HKT
[2025-10-07T11:33:09.293+0000] {logging_mixin.py:190} INFO - ⚠️ Không đọc được file cũ HKT: 'date'
[2025-10-07T11:33:09.331+0000] {logging_mixin.py:190} INFO - HKT: trích dữ liệu từ 2025-10-04 đến 2025-10-07
[2025-10-07T11:33:09.348+0000] {client.py:83} ERROR - API request failed: HTTPSConnectionPool(host='trading.vietcap.com.vn', port=443): Max retries exceeded with url: /api/chart/OHLCChart/gap (Caused by NameResolutionError("<urllib3.connection.HTTPSConnection object at 0x7e619e7da780>: Failed to resolve 'trading.vietcap.com.vn' ([Errno -2] Name or service not known)"))
[2025-10-07T11:33:11.357+0000] {client.py:83} ERROR - API request failed: HTTPSConnectionPool(host='trading.vietcap.com.vn', port=443): Max retries exceeded with url: /api/chart/OHLCChart/gap (Caused by NameResolutionError("<urllib3.connection.HTTPSConnection object at 0x7e619e7d9a90>: Failed to resolve 'trading.vietcap.com.vn' ([Errno -2] Name or service not known)"))
[2025-10-07T11:33:13.378+0000] {client.py:83} ERROR - API request failed: HTTPSConnectionPool(host='trading.vietcap.com.vn', port=443): Max retries exceeded with url: /api/chart/OHLCChart/gap (Caused by NameResolutionError("<urllib3.connection.HTTPSConnection object at 0x7e619e77ecc0>: Failed to resolve 'trading.vietcap.com.vn' ([Errno -2] Name or service not known)"))
[2025-10-07T11:33:13.379+0000] {logging_mixin.py:190} INFO - Không tìm thấy dữ liệu cho HKT
[2025-10-07T11:33:13.380+0000] {logging_mixin.py:190} INFO - ℹ️ HKT: Không có dữ liệu mới.
[2025-10-07T11:33:13.381+0000] {logging_mixin.py:190} INFO - ⬇️ Bắt đầu xử lý symbol = HKP
[2025-10-07T11:33:13.412+0000] {logging_mixin.py:190} INFO - ⚠️ Không đọc được file cũ HKP: 'date'
[2025-10-07T11:33:13.424+0000] {logging_mixin.py:190} INFO - HKP: trích dữ liệu từ 2022-08-18 đến 2025-10-07
[2025-10-07T11:33:13.429+0000] {client.py:83} ERROR - API request failed: HTTPSConnectionPool(host='trading.vietcap.com.vn', port=443): Max retries exceeded with url: /api/chart/OHLCChart/gap (Caused by NameResolutionError("<urllib3.connection.HTTPSConnection object at 0x7e619e7dade0>: Failed to resolve 'trading.vietcap.com.vn' ([Errno -2] Name or service not known)"))
[2025-10-07T11:33:15.444+0000] {client.py:83} ERROR - API request failed: HTTPSConnectionPool(host='trading.vietcap.com.vn', port=443): Max retries exceeded with url: /api/chart/OHLCChart/gap (Caused by NameResolutionError("<urllib3.connection.HTTPSConnection object at 0x7e619e782a20>: Failed to resolve 'trading.vietcap.com.vn' ([Errno -2] Name or service not known)"))
[2025-10-07T11:33:17.461+0000] {client.py:83} ERROR - API request failed: HTTPSConnectionPool(host='trading.vietcap.com.vn', port=443): Max retries exceeded with url: /api/chart/OHLCChart/gap (Caused by NameResolutionError("<urllib3.connection.HTTPSConnection object at 0x7e619e77de20>: Failed to resolve 'trading.vietcap.com.vn' ([Errno -2] Name or service not known)"))
[2025-10-07T11:33:17.464+0000] {logging_mixin.py:190} INFO - Không tìm thấy dữ liệu cho HKP
[2025-10-07T11:33:17.469+0000] {logging_mixin.py:190} INFO - ℹ️ HKP: Không có dữ liệu mới.
[2025-10-07T11:33:17.471+0000] {logging_mixin.py:190} INFO - ⬇️ Bắt đầu xử lý symbol = HKB
[2025-10-07T11:33:17.561+0000] {logging_mixin.py:190} INFO - ⚠️ Không đọc được file cũ HKB: 'date'
[2025-10-07T11:33:17.600+0000] {logging_mixin.py:190} INFO - HKB: trích dữ liệu từ 2025-10-04 đến 2025-10-07
[2025-10-07T11:33:17.619+0000] {client.py:83} ERROR - API request failed: HTTPSConnectionPool(host='trading.vietcap.com.vn', port=443): Max retries exceeded with url: /api/chart/OHLCChart/gap (Caused by NameResolutionError("<urllib3.connection.HTTPSConnection object at 0x7e619e925a30>: Failed to resolve 'trading.vietcap.com.vn' ([Errno -2] Name or service not known)"))
[2025-10-07T11:33:19.636+0000] {client.py:83} ERROR - API request failed: HTTPSConnectionPool(host='trading.vietcap.com.vn', port=443): Max retries exceeded with url: /api/chart/OHLCChart/gap (Caused by NameResolutionError("<urllib3.connection.HTTPSConnection object at 0x7e619e7806e0>: Failed to resolve 'trading.vietcap.com.vn' ([Errno -2] Name or service not known)"))
[2025-10-07T11:33:21.652+0000] {client.py:83} ERROR - API request failed: HTTPSConnectionPool(host='trading.vietcap.com.vn', port=443): Max retries exceeded with url: /api/chart/OHLCChart/gap (Caused by NameResolutionError("<urllib3.connection.HTTPSConnection object at 0x7e619e7d8da0>: Failed to resolve 'trading.vietcap.com.vn' ([Errno -2] Name or service not known)"))
[2025-10-07T11:33:21.655+0000] {logging_mixin.py:190} INFO - Không tìm thấy dữ liệu cho HKB
[2025-10-07T11:33:21.660+0000] {logging_mixin.py:190} INFO - ℹ️ HKB: Không có dữ liệu mới.
[2025-10-07T11:33:21.662+0000] {logging_mixin.py:190} INFO - 🚦 Giới hạn API đạt mức tối đa, chờ 39.1s...
[2025-10-07T11:34:00.802+0000] {logging_mixin.py:190} INFO - ⬇️ Bắt đầu xử lý symbol = HJS
[2025-10-07T11:34:00.827+0000] {logging_mixin.py:190} INFO - ⚠️ Không đọc được file cũ HJS: 'date'
[2025-10-07T11:34:00.839+0000] {logging_mixin.py:190} INFO - HJS: trích dữ liệu từ 2025-10-04 đến 2025-10-07
[2025-10-07T11:34:00.845+0000] {client.py:83} ERROR - API request failed: HTTPSConnectionPool(host='trading.vietcap.com.vn', port=443): Max retries exceeded with url: /api/chart/OHLCChart/gap (Caused by NameResolutionError("<urllib3.connection.HTTPSConnection object at 0x7e619e935160>: Failed to resolve 'trading.vietcap.com.vn' ([Errno -2] Name or service not known)"))
[2025-10-07T11:34:02.858+0000] {client.py:83} ERROR - API request failed: HTTPSConnectionPool(host='trading.vietcap.com.vn', port=443): Max retries exceeded with url: /api/chart/OHLCChart/gap (Caused by NameResolutionError("<urllib3.connection.HTTPSConnection object at 0x7e619e936a80>: Failed to resolve 'trading.vietcap.com.vn' ([Errno -2] Name or service not known)"))
[2025-10-07T11:34:04.905+0000] {client.py:83} ERROR - API request failed: HTTPSConnectionPool(host='trading.vietcap.com.vn', port=443): Max retries exceeded with url: /api/chart/OHLCChart/gap (Caused by NameResolutionError("<urllib3.connection.HTTPSConnection object at 0x7e619e7db8f0>: Failed to resolve 'trading.vietcap.com.vn' ([Errno -2] Name or service not known)"))
[2025-10-07T11:34:04.908+0000] {logging_mixin.py:190} INFO - Không tìm thấy dữ liệu cho HJS
[2025-10-07T11:34:04.912+0000] {logging_mixin.py:190} INFO - ℹ️ HJS: Không có dữ liệu mới.
[2025-10-07T11:34:04.914+0000] {logging_mixin.py:190} INFO - 🚦 Giới hạn API đạt mức tối đa, chờ 0.2s...
[2025-10-07T11:34:05.125+0000] {logging_mixin.py:190} INFO - ⬇️ Bắt đầu xử lý symbol = HJC
[2025-10-07T11:34:05.195+0000] {logging_mixin.py:190} INFO - ⚠️ Không đọc được file cũ HJC: 'date'
[2025-10-07T11:34:05.232+0000] {logging_mixin.py:190} INFO - HJC: trích dữ liệu từ 2025-10-01 đến 2025-10-07
[2025-10-07T11:34:05.247+0000] {client.py:83} ERROR - API request failed: HTTPSConnectionPool(host='trading.vietcap.com.vn', port=443): Max retries exceeded with url: /api/chart/OHLCChart/gap (Caused by NameResolutionError("<urllib3.connection.HTTPSConnection object at 0x7e619e936c30>: Failed to resolve 'trading.vietcap.com.vn' ([Errno -2] Name or service not known)"))
[2025-10-07T11:34:07.262+0000] {client.py:83} ERROR - API request failed: HTTPSConnectionPool(host='trading.vietcap.com.vn', port=443): Max retries exceeded with url: /api/chart/OHLCChart/gap (Caused by NameResolutionError("<urllib3.connection.HTTPSConnection object at 0x7e61d60e3b00>: Failed to resolve 'trading.vietcap.com.vn' ([Errno -2] Name or service not known)"))
[2025-10-07T11:34:09.281+0000] {client.py:83} ERROR - API request failed: HTTPSConnectionPool(host='trading.vietcap.com.vn', port=443): Max retries exceeded with url: /api/chart/OHLCChart/gap (Caused by NameResolutionError("<urllib3.connection.HTTPSConnection object at 0x7e619e809820>: Failed to resolve 'trading.vietcap.com.vn' ([Errno -2] Name or service not known)"))
[2025-10-07T11:34:09.285+0000] {logging_mixin.py:190} INFO - Không tìm thấy dữ liệu cho HJC
[2025-10-07T11:34:09.291+0000] {logging_mixin.py:190} INFO - ℹ️ HJC: Không có dữ liệu mới.
[2025-10-07T11:34:09.295+0000] {logging_mixin.py:190} INFO - ⬇️ Bắt đầu xử lý symbol = HIO
[2025-10-07T11:34:09.368+0000] {logging_mixin.py:190} INFO - ⚠️ Không đọc được file cũ HIO: 'date'
[2025-10-07T11:34:09.385+0000] {logging_mixin.py:190} INFO - HIO: trích dữ liệu từ 2025-10-04 đến 2025-10-07
[2025-10-07T11:34:09.392+0000] {client.py:83} ERROR - API request failed: HTTPSConnectionPool(host='trading.vietcap.com.vn', port=443): Max retries exceeded with url: /api/chart/OHLCChart/gap (Caused by NameResolutionError("<urllib3.connection.HTTPSConnection object at 0x7e619e937e90>: Failed to resolve 'trading.vietcap.com.vn' ([Errno -2] Name or service not known)"))
[2025-10-07T11:34:11.408+0000] {client.py:83} ERROR - API request failed: HTTPSConnectionPool(host='trading.vietcap.com.vn', port=443): Max retries exceeded with url: /api/chart/OHLCChart/gap (Caused by NameResolutionError("<urllib3.connection.HTTPSConnection object at 0x7e619e77f230>: Failed to resolve 'trading.vietcap.com.vn' ([Errno -2] Name or service not known)"))
[2025-10-07T11:34:13.418+0000] {client.py:83} ERROR - API request failed: HTTPSConnectionPool(host='trading.vietcap.com.vn', port=443): Max retries exceeded with url: /api/chart/OHLCChart/gap (Caused by NameResolutionError("<urllib3.connection.HTTPSConnection object at 0x7e619e808110>: Failed to resolve 'trading.vietcap.com.vn' ([Errno -2] Name or service not known)"))
[2025-10-07T11:34:13.420+0000] {logging_mixin.py:190} INFO - Không tìm thấy dữ liệu cho HIO
[2025-10-07T11:34:13.422+0000] {logging_mixin.py:190} INFO - ℹ️ HIO: Không có dữ liệu mới.
[2025-10-07T11:34:13.423+0000] {logging_mixin.py:190} INFO - ⬇️ Bắt đầu xử lý symbol = HII
[2025-10-07T11:34:13.458+0000] {logging_mixin.py:190} INFO - ⚠️ Không đọc được file cũ HII: 'date'
[2025-10-07T11:34:13.478+0000] {logging_mixin.py:190} INFO - HII: trích dữ liệu từ 2025-10-04 đến 2025-10-07
[2025-10-07T11:34:13.486+0000] {client.py:83} ERROR - API request failed: HTTPSConnectionPool(host='trading.vietcap.com.vn', port=443): Max retries exceeded with url: /api/chart/OHLCChart/gap (Caused by NameResolutionError("<urllib3.connection.HTTPSConnection object at 0x7e619e80a570>: Failed to resolve 'trading.vietcap.com.vn' ([Errno -2] Name or service not known)"))
[2025-10-07T11:34:15.537+0000] {client.py:83} ERROR - API request failed: HTTPSConnectionPool(host='trading.vietcap.com.vn', port=443): Max retries exceeded with url: /api/chart/OHLCChart/gap (Caused by NameResolutionError("<urllib3.connection.HTTPSConnection object at 0x7e619e934050>: Failed to resolve 'trading.vietcap.com.vn' ([Errno -2] Name or service not known)"))
[2025-10-07T11:34:17.553+0000] {client.py:83} ERROR - API request failed: HTTPSConnectionPool(host='trading.vietcap.com.vn', port=443): Max retries exceeded with url: /api/chart/OHLCChart/gap (Caused by NameResolutionError("<urllib3.connection.HTTPSConnection object at 0x7e619e936a80>: Failed to resolve 'trading.vietcap.com.vn' ([Errno -2] Name or service not known)"))
[2025-10-07T11:34:17.557+0000] {logging_mixin.py:190} INFO - Không tìm thấy dữ liệu cho HII
[2025-10-07T11:34:17.562+0000] {logging_mixin.py:190} INFO - ℹ️ HII: Không có dữ liệu mới.
[2025-10-07T11:34:17.564+0000] {logging_mixin.py:190} INFO - ⬇️ Bắt đầu xử lý symbol = HIG
[2025-10-07T11:34:17.647+0000] {logging_mixin.py:190} INFO - ⚠️ Không đọc được file cũ HIG: 'date'
[2025-10-07T11:34:17.686+0000] {logging_mixin.py:190} INFO - HIG: trích dữ liệu từ 2025-08-21 đến 2025-10-07
[2025-10-07T11:34:17.702+0000] {client.py:83} ERROR - API request failed: HTTPSConnectionPool(host='trading.vietcap.com.vn', port=443): Max retries exceeded with url: /api/chart/OHLCChart/gap (Caused by NameResolutionError("<urllib3.connection.HTTPSConnection object at 0x7e619e80a750>: Failed to resolve 'trading.vietcap.com.vn' ([Errno -2] Name or service not known)"))
[2025-10-07T11:34:19.721+0000] {client.py:83} ERROR - API request failed: HTTPSConnectionPool(host='trading.vietcap.com.vn', port=443): Max retries exceeded with url: /api/chart/OHLCChart/gap (Caused by NameResolutionError("<urllib3.connection.HTTPSConnection object at 0x7e619e80b1d0>: Failed to resolve 'trading.vietcap.com.vn' ([Errno -2] Name or service not known)"))
[2025-10-07T11:34:21.742+0000] {client.py:83} ERROR - API request failed: HTTPSConnectionPool(host='trading.vietcap.com.vn', port=443): Max retries exceeded with url: /api/chart/OHLCChart/gap (Caused by NameResolutionError("<urllib3.connection.HTTPSConnection object at 0x7e619e77c0e0>: Failed to resolve 'trading.vietcap.com.vn' ([Errno -2] Name or service not known)"))
[2025-10-07T11:34:21.745+0000] {logging_mixin.py:190} INFO - Không tìm thấy dữ liệu cho HIG
[2025-10-07T11:34:21.750+0000] {logging_mixin.py:190} INFO - ℹ️ HIG: Không có dữ liệu mới.
[2025-10-07T11:34:21.752+0000] {logging_mixin.py:190} INFO - 🚦 Giới hạn API đạt mức tối đa, chờ 39.0s...
[2025-10-07T11:35:00.803+0000] {logging_mixin.py:190} INFO - ⬇️ Bắt đầu xử lý symbol = HID
[2025-10-07T11:35:00.876+0000] {logging_mixin.py:190} INFO - ⚠️ Không đọc được file cũ HID: 'date'
[2025-10-07T11:35:00.896+0000] {logging_mixin.py:190} INFO - HID: trích dữ liệu từ 2025-10-04 đến 2025-10-07
[2025-10-07T11:35:00.911+0000] {client.py:83} ERROR - API request failed: HTTPSConnectionPool(host='trading.vietcap.com.vn', port=443): Max retries exceeded with url: /api/chart/OHLCChart/gap (Caused by NameResolutionError("<urllib3.connection.HTTPSConnection object at 0x7e619e80bbf0>: Failed to resolve 'trading.vietcap.com.vn' ([Errno -2] Name or service not known)"))
[2025-10-07T11:35:02.925+0000] {client.py:83} ERROR - API request failed: HTTPSConnectionPool(host='trading.vietcap.com.vn', port=443): Max retries exceeded with url: /api/chart/OHLCChart/gap (Caused by NameResolutionError("<urllib3.connection.HTTPSConnection object at 0x7e61c2b28710>: Failed to resolve 'trading.vietcap.com.vn' ([Errno -2] Name or service not known)"))
[2025-10-07T11:35:04.945+0000] {client.py:83} ERROR - API request failed: HTTPSConnectionPool(host='trading.vietcap.com.vn', port=443): Max retries exceeded with url: /api/chart/OHLCChart/gap (Caused by NameResolutionError("<urllib3.connection.HTTPSConnection object at 0x7e61c2b291f0>: Failed to resolve 'trading.vietcap.com.vn' ([Errno -2] Name or service not known)"))
[2025-10-07T11:35:04.946+0000] {logging_mixin.py:190} INFO - Không tìm thấy dữ liệu cho HID
[2025-10-07T11:35:04.948+0000] {logging_mixin.py:190} INFO - ℹ️ HID: Không có dữ liệu mới.
[2025-10-07T11:35:04.948+0000] {logging_mixin.py:190} INFO - 🚦 Giới hạn API đạt mức tối đa, chờ 0.2s...
[2025-10-07T11:35:05.126+0000] {logging_mixin.py:190} INFO - ⬇️ Bắt đầu xử lý symbol = HHV
[2025-10-07T11:35:05.151+0000] {logging_mixin.py:190} INFO - ⚠️ Không đọc được file cũ HHV: 'date'
[2025-10-07T11:35:05.164+0000] {logging_mixin.py:190} INFO - HHV: trích dữ liệu từ 2025-10-04 đến 2025-10-07
[2025-10-07T11:35:05.169+0000] {client.py:83} ERROR - API request failed: HTTPSConnectionPool(host='trading.vietcap.com.vn', port=443): Max retries exceeded with url: /api/chart/OHLCChart/gap (Caused by NameResolutionError("<urllib3.connection.HTTPSConnection object at 0x7e619e80a390>: Failed to resolve 'trading.vietcap.com.vn' ([Errno -2] Name or service not known)"))
[2025-10-07T11:35:07.184+0000] {client.py:83} ERROR - API request failed: HTTPSConnectionPool(host='trading.vietcap.com.vn', port=443): Max retries exceeded with url: /api/chart/OHLCChart/gap (Caused by NameResolutionError("<urllib3.connection.HTTPSConnection object at 0x7e619e936f00>: Failed to resolve 'trading.vietcap.com.vn' ([Errno -2] Name or service not known)"))
[2025-10-07T11:35:09.200+0000] {client.py:83} ERROR - API request failed: HTTPSConnectionPool(host='trading.vietcap.com.vn', port=443): Max retries exceeded with url: /api/chart/OHLCChart/gap (Caused by NameResolutionError("<urllib3.connection.HTTPSConnection object at 0x7e619e935670>: Failed to resolve 'trading.vietcap.com.vn' ([Errno -2] Name or service not known)"))
[2025-10-07T11:35:09.203+0000] {logging_mixin.py:190} INFO - Không tìm thấy dữ liệu cho HHV
[2025-10-07T11:35:09.208+0000] {logging_mixin.py:190} INFO - ℹ️ HHV: Không có dữ liệu mới.
[2025-10-07T11:35:09.211+0000] {logging_mixin.py:190} INFO - 🚦 Giới hạn API đạt mức tối đa, chờ 0.1s...
[2025-10-07T11:35:09.298+0000] {logging_mixin.py:190} INFO - ⬇️ Bắt đầu xử lý symbol = HHS
[2025-10-07T11:35:09.374+0000] {logging_mixin.py:190} INFO - ⚠️ Không đọc được file cũ HHS: 'date'
[2025-10-07T11:35:09.411+0000] {logging_mixin.py:190} INFO - HHS: trích dữ liệu từ 2025-10-04 đến 2025-10-07
[2025-10-07T11:35:09.427+0000] {client.py:83} ERROR - API request failed: HTTPSConnectionPool(host='trading.vietcap.com.vn', port=443): Max retries exceeded with url: /api/chart/OHLCChart/gap (Caused by NameResolutionError("<urllib3.connection.HTTPSConnection object at 0x7e619e935190>: Failed to resolve 'trading.vietcap.com.vn' ([Errno -2] Name or service not known)"))
[2025-10-07T11:35:11.441+0000] {client.py:83} ERROR - API request failed: HTTPSConnectionPool(host='trading.vietcap.com.vn', port=443): Max retries exceeded with url: /api/chart/OHLCChart/gap (Caused by NameResolutionError("<urllib3.connection.HTTPSConnection object at 0x7e619e808a40>: Failed to resolve 'trading.vietcap.com.vn' ([Errno -2] Name or service not known)"))
[2025-10-07T11:35:13.683+0000] {client.py:83} ERROR - API request failed: HTTPSConnectionPool(host='trading.vietcap.com.vn', port=443): Max retries exceeded with url: /api/chart/OHLCChart/gap (Caused by NameResolutionError("<urllib3.connection.HTTPSConnection object at 0x7e619e77df40>: Failed to resolve 'trading.vietcap.com.vn' ([Errno -2] Name or service not known)"))
[2025-10-07T11:35:13.691+0000] {logging_mixin.py:190} INFO - Không tìm thấy dữ liệu cho HHS
[2025-10-07T11:35:13.699+0000] {logging_mixin.py:190} INFO - ℹ️ HHS: Không có dữ liệu mới.
[2025-10-07T11:35:13.708+0000] {logging_mixin.py:190} INFO - ⬇️ Bắt đầu xử lý symbol = HHR
[2025-10-07T11:35:13.813+0000] {logging_mixin.py:190} INFO - ⚠️ Không đọc được file cũ HHR: 'date'
[2025-10-07T11:35:13.832+0000] {logging_mixin.py:190} INFO - HHR: trích dữ liệu từ 2023-11-28 đến 2025-10-07
[2025-10-07T11:35:13.839+0000] {client.py:83} ERROR - API request failed: HTTPSConnectionPool(host='trading.vietcap.com.vn', port=443): Max retries exceeded with url: /api/chart/OHLCChart/gap (Caused by NameResolutionError("<urllib3.connection.HTTPSConnection object at 0x7e619e808590>: Failed to resolve 'trading.vietcap.com.vn' ([Errno -2] Name or service not known)"))
[2025-10-07T11:35:15.845+0000] {client.py:83} ERROR - API request failed: HTTPSConnectionPool(host='trading.vietcap.com.vn', port=443): Max retries exceeded with url: /api/chart/OHLCChart/gap (Caused by NameResolutionError("<urllib3.connection.HTTPSConnection object at 0x7e619e80bc20>: Failed to resolve 'trading.vietcap.com.vn' ([Errno -2] Name or service not known)"))
[2025-10-07T11:35:17.860+0000] {client.py:83} ERROR - API request failed: HTTPSConnectionPool(host='trading.vietcap.com.vn', port=443): Max retries exceeded with url: /api/chart/OHLCChart/gap (Caused by NameResolutionError("<urllib3.connection.HTTPSConnection object at 0x7e619e936f90>: Failed to resolve 'trading.vietcap.com.vn' ([Errno -2] Name or service not known)"))
[2025-10-07T11:35:17.864+0000] {logging_mixin.py:190} INFO - Không tìm thấy dữ liệu cho HHR
[2025-10-07T11:35:17.870+0000] {logging_mixin.py:190} INFO - ℹ️ HHR: Không có dữ liệu mới.
[2025-10-07T11:35:17.872+0000] {logging_mixin.py:190} INFO - ⬇️ Bắt đầu xử lý symbol = HHP
[2025-10-07T11:35:17.945+0000] {logging_mixin.py:190} INFO - ⚠️ Không đọc được file cũ HHP: 'date'
[2025-10-07T11:35:17.987+0000] {logging_mixin.py:190} INFO - HHP: trích dữ liệu từ 2025-10-04 đến 2025-10-07
[2025-10-07T11:35:18.004+0000] {client.py:83} ERROR - API request failed: HTTPSConnectionPool(host='trading.vietcap.com.vn', port=443): Max retries exceeded with url: /api/chart/OHLCChart/gap (Caused by NameResolutionError("<urllib3.connection.HTTPSConnection object at 0x7e619e80a420>: Failed to resolve 'trading.vietcap.com.vn' ([Errno -2] Name or service not known)"))
[2025-10-07T11:35:20.013+0000] {client.py:83} ERROR - API request failed: HTTPSConnectionPool(host='trading.vietcap.com.vn', port=443): Max retries exceeded with url: /api/chart/OHLCChart/gap (Caused by NameResolutionError("<urllib3.connection.HTTPSConnection object at 0x7e619e80a930>: Failed to resolve 'trading.vietcap.com.vn' ([Errno -2] Name or service not known)"))
[2025-10-07T11:35:22.032+0000] {client.py:83} ERROR - API request failed: HTTPSConnectionPool(host='trading.vietcap.com.vn', port=443): Max retries exceeded with url: /api/chart/OHLCChart/gap (Caused by NameResolutionError("<urllib3.connection.HTTPSConnection object at 0x7e619e77f530>: Failed to resolve 'trading.vietcap.com.vn' ([Errno -2] Name or service not known)"))
[2025-10-07T11:35:22.036+0000] {logging_mixin.py:190} INFO - Không tìm thấy dữ liệu cho HHP
[2025-10-07T11:35:22.041+0000] {logging_mixin.py:190} INFO - ℹ️ HHP: Không có dữ liệu mới.
[2025-10-07T11:35:22.043+0000] {logging_mixin.py:190} INFO - 🚦 Giới hạn API đạt mức tối đa, chờ 38.8s...
[2025-10-07T11:36:00.804+0000] {logging_mixin.py:190} INFO - ⬇️ Bắt đầu xử lý symbol = HHN
[2025-10-07T11:36:00.895+0000] {logging_mixin.py:190} INFO - ⚠️ Không đọc được file cũ HHN: 'date'
[2025-10-07T11:36:00.930+0000] {logging_mixin.py:190} INFO - HHN: trích dữ liệu từ 2025-10-03 đến 2025-10-07
[2025-10-07T11:36:00.983+0000] {client.py:83} ERROR - API request failed: HTTPSConnectionPool(host='trading.vietcap.com.vn', port=443): Max retries exceeded with url: /api/chart/OHLCChart/gap (Caused by NameResolutionError("<urllib3.connection.HTTPSConnection object at 0x7e619e780c80>: Failed to resolve 'trading.vietcap.com.vn' ([Errno -2] Name or service not known)"))
[2025-10-07T11:36:02.998+0000] {client.py:83} ERROR - API request failed: HTTPSConnectionPool(host='trading.vietcap.com.vn', port=443): Max retries exceeded with url: /api/chart/OHLCChart/gap (Caused by NameResolutionError("<urllib3.connection.HTTPSConnection object at 0x7e619e80ade0>: Failed to resolve 'trading.vietcap.com.vn' ([Errno -2] Name or service not known)"))
[2025-10-07T11:36:05.012+0000] {client.py:83} ERROR - API request failed: HTTPSConnectionPool(host='trading.vietcap.com.vn', port=443): Max retries exceeded with url: /api/chart/OHLCChart/gap (Caused by NameResolutionError("<urllib3.connection.HTTPSConnection object at 0x7e619e80ab70>: Failed to resolve 'trading.vietcap.com.vn' ([Errno -2] Name or service not known)"))
[2025-10-07T11:36:05.015+0000] {logging_mixin.py:190} INFO - Không tìm thấy dữ liệu cho HHN
[2025-10-07T11:36:05.020+0000] {logging_mixin.py:190} INFO - ℹ️ HHN: Không có dữ liệu mới.
[2025-10-07T11:36:05.022+0000] {logging_mixin.py:190} INFO - 🚦 Giới hạn API đạt mức tối đa, chờ 0.1s...
[2025-10-07T11:36:05.128+0000] {logging_mixin.py:190} INFO - ⬇️ Bắt đầu xử lý symbol = HHG
[2025-10-07T11:36:05.203+0000] {logging_mixin.py:190} INFO - ⚠️ Không đọc được file cũ HHG: 'date'
[2025-10-07T11:36:05.239+0000] {logging_mixin.py:190} INFO - HHG: trích dữ liệu từ 2025-10-04 đến 2025-10-07
[2025-10-07T11:36:05.255+0000] {client.py:83} ERROR - API request failed: HTTPSConnectionPool(host='trading.vietcap.com.vn', port=443): Max retries exceeded with url: /api/chart/OHLCChart/gap (Caused by NameResolutionError("<urllib3.connection.HTTPSConnection object at 0x7e619e782360>: Failed to resolve 'trading.vietcap.com.vn' ([Errno -2] Name or service not known)"))
[2025-10-07T11:36:07.267+0000] {client.py:83} ERROR - API request failed: HTTPSConnectionPool(host='trading.vietcap.com.vn', port=443): Max retries exceeded with url: /api/chart/OHLCChart/gap (Caused by NameResolutionError("<urllib3.connection.HTTPSConnection object at 0x7e619e7da8d0>: Failed to resolve 'trading.vietcap.com.vn' ([Errno -2] Name or service not known)"))
[2025-10-07T11:36:09.275+0000] {client.py:83} ERROR - API request failed: HTTPSConnectionPool(host='trading.vietcap.com.vn', port=443): Max retries exceeded with url: /api/chart/OHLCChart/gap (Caused by NameResolutionError("<urllib3.connection.HTTPSConnection object at 0x7e619e80a000>: Failed to resolve 'trading.vietcap.com.vn' ([Errno -2] Name or service not known)"))
[2025-10-07T11:36:09.276+0000] {logging_mixin.py:190} INFO - Không tìm thấy dữ liệu cho HHG
[2025-10-07T11:36:09.278+0000] {logging_mixin.py:190} INFO - ℹ️ HHG: Không có dữ liệu mới.
[2025-10-07T11:36:09.279+0000] {logging_mixin.py:190} INFO - 🚦 Giới hạn API đạt mức tối đa, chờ 0.0s...
[2025-10-07T11:36:09.299+0000] {logging_mixin.py:190} INFO - ⬇️ Bắt đầu xử lý symbol = HHC
[2025-10-07T11:36:09.327+0000] {logging_mixin.py:190} INFO - ⚠️ Không đọc được file cũ HHC: 'date'
[2025-10-07T11:36:09.343+0000] {logging_mixin.py:190} INFO - HHC: trích dữ liệu từ 2025-10-04 đến 2025-10-07
[2025-10-07T11:36:09.349+0000] {client.py:83} ERROR - API request failed: HTTPSConnectionPool(host='trading.vietcap.com.vn', port=443): Max retries exceeded with url: /api/chart/OHLCChart/gap (Caused by NameResolutionError("<urllib3.connection.HTTPSConnection object at 0x7e619e783e30>: Failed to resolve 'trading.vietcap.com.vn' ([Errno -2] Name or service not known)"))
[2025-10-07T11:36:11.405+0000] {client.py:83} ERROR - API request failed: HTTPSConnectionPool(host='trading.vietcap.com.vn', port=443): Max retries exceeded with url: /api/chart/OHLCChart/gap (Caused by NameResolutionError("<urllib3.connection.HTTPSConnection object at 0x7e619e7dac60>: Failed to resolve 'trading.vietcap.com.vn' ([Errno -2] Name or service not known)"))
[2025-10-07T11:36:13.421+0000] {client.py:83} ERROR - API request failed: HTTPSConnectionPool(host='trading.vietcap.com.vn', port=443): Max retries exceeded with url: /api/chart/OHLCChart/gap (Caused by NameResolutionError("<urllib3.connection.HTTPSConnection object at 0x7e619e7d9130>: Failed to resolve 'trading.vietcap.com.vn' ([Errno -2] Name or service not known)"))
[2025-10-07T11:36:13.426+0000] {logging_mixin.py:190} INFO - Không tìm thấy dữ liệu cho HHC
[2025-10-07T11:36:13.431+0000] {logging_mixin.py:190} INFO - ℹ️ HHC: Không có dữ liệu mới.
[2025-10-07T11:36:13.433+0000] {logging_mixin.py:190} INFO - 🚦 Giới hạn API đạt mức tối đa, chờ 0.3s...
[2025-10-07T11:36:13.711+0000] {logging_mixin.py:190} INFO - ⬇️ Bắt đầu xử lý symbol = HGW
[2025-10-07T11:36:13.794+0000] {logging_mixin.py:190} INFO - ⚠️ Không đọc được file cũ HGW: 'date'
[2025-10-07T11:36:13.815+0000] {logging_mixin.py:190} INFO - HGW: trích dữ liệu từ 2024-07-23 đến 2025-10-07
[2025-10-07T11:36:13.823+0000] {client.py:83} ERROR - API request failed: HTTPSConnectionPool(host='trading.vietcap.com.vn', port=443): Max retries exceeded with url: /api/chart/OHLCChart/gap (Caused by NameResolutionError("<urllib3.connection.HTTPSConnection object at 0x7e619e781e50>: Failed to resolve 'trading.vietcap.com.vn' ([Errno -2] Name or service not known)"))
[2025-10-07T11:36:15.838+0000] {client.py:83} ERROR - API request failed: HTTPSConnectionPool(host='trading.vietcap.com.vn', port=443): Max retries exceeded with url: /api/chart/OHLCChart/gap (Caused by NameResolutionError("<urllib3.connection.HTTPSConnection object at 0x7e619e7da900>: Failed to resolve 'trading.vietcap.com.vn' ([Errno -2] Name or service not known)"))
[2025-10-07T11:36:17.854+0000] {client.py:83} ERROR - API request failed: HTTPSConnectionPool(host='trading.vietcap.com.vn', port=443): Max retries exceeded with url: /api/chart/OHLCChart/gap (Caused by NameResolutionError("<urllib3.connection.HTTPSConnection object at 0x7e619e7da120>: Failed to resolve 'trading.vietcap.com.vn' ([Errno -2] Name or service not known)"))
[2025-10-07T11:36:17.857+0000] {logging_mixin.py:190} INFO - Không tìm thấy dữ liệu cho HGW
[2025-10-07T11:36:17.863+0000] {logging_mixin.py:190} INFO - ℹ️ HGW: Không có dữ liệu mới.
[2025-10-07T11:36:17.865+0000] {logging_mixin.py:190} INFO - 🚦 Giới hạn API đạt mức tối đa, chờ 0.0s...
[2025-10-07T11:36:17.876+0000] {logging_mixin.py:190} INFO - ⬇️ Bắt đầu xử lý symbol = HGT
[2025-10-07T11:36:17.961+0000] {logging_mixin.py:190} INFO - ⚠️ Không đọc được file cũ HGT: 'date'
[2025-10-07T11:36:17.992+0000] {logging_mixin.py:190} INFO - HGT: trích dữ liệu từ 2025-08-30 đến 2025-10-07
[2025-10-07T11:36:18.006+0000] {client.py:83} ERROR - API request failed: HTTPSConnectionPool(host='trading.vietcap.com.vn', port=443): Max retries exceeded with url: /api/chart/OHLCChart/gap (Caused by NameResolutionError("<urllib3.connection.HTTPSConnection object at 0x7e619e7dab70>: Failed to resolve 'trading.vietcap.com.vn' ([Errno -2] Name or service not known)"))
[2025-10-07T11:36:20.015+0000] {client.py:83} ERROR - API request failed: HTTPSConnectionPool(host='trading.vietcap.com.vn', port=443): Max retries exceeded with url: /api/chart/OHLCChart/gap (Caused by NameResolutionError("<urllib3.connection.HTTPSConnection object at 0x7e619e7da8a0>: Failed to resolve 'trading.vietcap.com.vn' ([Errno -2] Name or service not known)"))
[2025-10-07T11:36:22.026+0000] {client.py:83} ERROR - API request failed: HTTPSConnectionPool(host='trading.vietcap.com.vn', port=443): Max retries exceeded with url: /api/chart/OHLCChart/gap (Caused by NameResolutionError("<urllib3.connection.HTTPSConnection object at 0x7e619e783980>: Failed to resolve 'trading.vietcap.com.vn' ([Errno -2] Name or service not known)"))
[2025-10-07T11:36:22.028+0000] {logging_mixin.py:190} INFO - Không tìm thấy dữ liệu cho HGT
[2025-10-07T11:36:22.032+0000] {logging_mixin.py:190} INFO - ℹ️ HGT: Không có dữ liệu mới.
[2025-10-07T11:36:22.034+0000] {logging_mixin.py:190} INFO - 🚦 Giới hạn API đạt mức tối đa, chờ 38.8s...
[2025-10-07T11:37:00.804+0000] {logging_mixin.py:190} INFO - ⬇️ Bắt đầu xử lý symbol = HGR
[2025-10-07T11:37:00.870+0000] {logging_mixin.py:190} INFO - HGR: trích dữ liệu từ 2020-01-01 đến 2025-10-07
[2025-10-07T11:37:00.886+0000] {client.py:83} ERROR - API request failed: HTTPSConnectionPool(host='trading.vietcap.com.vn', port=443): Max retries exceeded with url: /api/chart/OHLCChart/gap (Caused by NameResolutionError("<urllib3.connection.HTTPSConnection object at 0x7e619e77c800>: Failed to resolve 'trading.vietcap.com.vn' ([Errno -2] Name or service not known)"))
[2025-10-07T11:37:02.901+0000] {client.py:83} ERROR - API request failed: HTTPSConnectionPool(host='trading.vietcap.com.vn', port=443): Max retries exceeded with url: /api/chart/OHLCChart/gap (Caused by NameResolutionError("<urllib3.connection.HTTPSConnection object at 0x7e61c2b293a0>: Failed to resolve 'trading.vietcap.com.vn' ([Errno -2] Name or service not known)"))
[2025-10-07T11:37:04.947+0000] {client.py:83} ERROR - API request failed: HTTPSConnectionPool(host='trading.vietcap.com.vn', port=443): Max retries exceeded with url: /api/chart/OHLCChart/gap (Caused by NameResolutionError("<urllib3.connection.HTTPSConnection object at 0x7e61c2b29eb0>: Failed to resolve 'trading.vietcap.com.vn' ([Errno -2] Name or service not known)"))
[2025-10-07T11:37:04.951+0000] {logging_mixin.py:190} INFO - Không tìm thấy dữ liệu cho HGR
[2025-10-07T11:37:04.955+0000] {logging_mixin.py:190} INFO - ℹ️ HGR: Không có dữ liệu mới.
[2025-10-07T11:37:04.958+0000] {logging_mixin.py:190} INFO - 🚦 Giới hạn API đạt mức tối đa, chờ 0.2s...
[2025-10-07T11:37:05.130+0000] {logging_mixin.py:190} INFO - ⬇️ Bắt đầu xử lý symbol = HGM
[2025-10-07T11:37:05.218+0000] {logging_mixin.py:190} INFO - ⚠️ Không đọc được file cũ HGM: 'date'
[2025-10-07T11:37:05.258+0000] {logging_mixin.py:190} INFO - HGM: trích dữ liệu từ 2025-10-04 đến 2025-10-07
[2025-10-07T11:37:05.275+0000] {client.py:83} ERROR - API request failed: HTTPSConnectionPool(host='trading.vietcap.com.vn', port=443): Max retries exceeded with url: /api/chart/OHLCChart/gap (Caused by NameResolutionError("<urllib3.connection.HTTPSConnection object at 0x7e619e7d8710>: Failed to resolve 'trading.vietcap.com.vn' ([Errno -2] Name or service not known)"))
[2025-10-07T11:37:07.293+0000] {client.py:83} ERROR - API request failed: HTTPSConnectionPool(host='trading.vietcap.com.vn', port=443): Max retries exceeded with url: /api/chart/OHLCChart/gap (Caused by NameResolutionError("<urllib3.connection.HTTPSConnection object at 0x7e61c2b29f40>: Failed to resolve 'trading.vietcap.com.vn' ([Errno -2] Name or service not known)"))
[2025-10-07T11:37:09.303+0000] {client.py:83} ERROR - API request failed: HTTPSConnectionPool(host='trading.vietcap.com.vn', port=443): Max retries exceeded with url: /api/chart/OHLCChart/gap (Caused by NameResolutionError("<urllib3.connection.HTTPSConnection object at 0x7e61c2b2ab70>: Failed to resolve 'trading.vietcap.com.vn' ([Errno -2] Name or service not known)"))
[2025-10-07T11:37:09.304+0000] {logging_mixin.py:190} INFO - Không tìm thấy dữ liệu cho HGM
[2025-10-07T11:37:09.306+0000] {logging_mixin.py:190} INFO - ℹ️ HGM: Không có dữ liệu mới.
[2025-10-07T11:37:09.307+0000] {logging_mixin.py:190} INFO - ⬇️ Bắt đầu xử lý symbol = HGC
[2025-10-07T11:37:09.346+0000] {logging_mixin.py:190} INFO - HGC: trích dữ liệu từ 2020-01-01 đến 2025-10-07
[2025-10-07T11:37:09.355+0000] {client.py:83} ERROR - API request failed: HTTPSConnectionPool(host='trading.vietcap.com.vn', port=443): Max retries exceeded with url: /api/chart/OHLCChart/gap (Caused by NameResolutionError("<urllib3.connection.HTTPSConnection object at 0x7e619e7da0c0>: Failed to resolve 'trading.vietcap.com.vn' ([Errno -2] Name or service not known)"))
[2025-10-07T11:37:11.361+0000] {client.py:83} ERROR - API request failed: HTTPSConnectionPool(host='trading.vietcap.com.vn', port=443): Max retries exceeded with url: /api/chart/OHLCChart/gap (Caused by NameResolutionError("<urllib3.connection.HTTPSConnection object at 0x7e61c2b2b800>: Failed to resolve 'trading.vietcap.com.vn' ([Errno -2] Name or service not known)"))
[2025-10-07T11:37:13.379+0000] {client.py:83} ERROR - API request failed: HTTPSConnectionPool(host='trading.vietcap.com.vn', port=443): Max retries exceeded with url: /api/chart/OHLCChart/gap (Caused by NameResolutionError("<urllib3.connection.HTTPSConnection object at 0x7e61c2b2a900>: Failed to resolve 'trading.vietcap.com.vn' ([Errno -2] Name or service not known)"))
[2025-10-07T11:37:13.385+0000] {logging_mixin.py:190} INFO - Không tìm thấy dữ liệu cho HGC
[2025-10-07T11:37:13.393+0000] {logging_mixin.py:190} INFO - ℹ️ HGC: Không có dữ liệu mới.
[2025-10-07T11:37:13.395+0000] {logging_mixin.py:190} INFO - 🚦 Giới hạn API đạt mức tối đa, chờ 0.3s...
[2025-10-07T11:37:13.717+0000] {logging_mixin.py:190} INFO - ⬇️ Bắt đầu xử lý symbol = HGA
[2025-10-07T11:37:13.762+0000] {logging_mixin.py:190} INFO - HGA: trích dữ liệu từ 2020-01-01 đến 2025-10-07
[2025-10-07T11:37:13.775+0000] {client.py:83} ERROR - API request failed: HTTPSConnectionPool(host='trading.vietcap.com.vn', port=443): Max retries exceeded with url: /api/chart/OHLCChart/gap (Caused by NameResolutionError("<urllib3.connection.HTTPSConnection object at 0x7e61c2b2bf50>: Failed to resolve 'trading.vietcap.com.vn' ([Errno -2] Name or service not known)"))
[2025-10-07T11:37:15.826+0000] {client.py:83} ERROR - API request failed: HTTPSConnectionPool(host='trading.vietcap.com.vn', port=443): Max retries exceeded with url: /api/chart/OHLCChart/gap (Caused by NameResolutionError("<urllib3.connection.HTTPSConnection object at 0x7e61c2b2a5a0>: Failed to resolve 'trading.vietcap.com.vn' ([Errno -2] Name or service not known)"))
[2025-10-07T11:37:17.844+0000] {client.py:83} ERROR - API request failed: HTTPSConnectionPool(host='trading.vietcap.com.vn', port=443): Max retries exceeded with url: /api/chart/OHLCChart/gap (Caused by NameResolutionError("<urllib3.connection.HTTPSConnection object at 0x7e619e7d8da0>: Failed to resolve 'trading.vietcap.com.vn' ([Errno -2] Name or service not known)"))
[2025-10-07T11:37:18.075+0000] {logging_mixin.py:190} INFO - Không tìm thấy dữ liệu cho HGA
[2025-10-07T11:37:18.078+0000] {logging_mixin.py:190} INFO - ℹ️ HGA: Không có dữ liệu mới.
[2025-10-07T11:37:18.082+0000] {logging_mixin.py:190} INFO - ⬇️ Bắt đầu xử lý symbol = HFX
[2025-10-07T11:37:18.110+0000] {logging_mixin.py:190} INFO - ⚠️ Không đọc được file cũ HFX: 'date'
[2025-10-07T11:37:18.118+0000] {logging_mixin.py:190} INFO - HFX: trích dữ liệu từ 2025-08-16 đến 2025-10-07
[2025-10-07T11:37:18.123+0000] {client.py:83} ERROR - API request failed: HTTPSConnectionPool(host='trading.vietcap.com.vn', port=443): Max retries exceeded with url: /api/chart/OHLCChart/gap (Caused by NameResolutionError("<urllib3.connection.HTTPSConnection object at 0x7e61c2b29850>: Failed to resolve 'trading.vietcap.com.vn' ([Errno -2] Name or service not known)"))
[2025-10-07T11:37:20.136+0000] {client.py:83} ERROR - API request failed: HTTPSConnectionPool(host='trading.vietcap.com.vn', port=443): Max retries exceeded with url: /api/chart/OHLCChart/gap (Caused by NameResolutionError("<urllib3.connection.HTTPSConnection object at 0x7e61c2b2a330>: Failed to resolve 'trading.vietcap.com.vn' ([Errno -2] Name or service not known)"))
[2025-10-07T11:37:22.153+0000] {client.py:83} ERROR - API request failed: HTTPSConnectionPool(host='trading.vietcap.com.vn', port=443): Max retries exceeded with url: /api/chart/OHLCChart/gap (Caused by NameResolutionError("<urllib3.connection.HTTPSConnection object at 0x7e619e80a300>: Failed to resolve 'trading.vietcap.com.vn' ([Errno -2] Name or service not known)"))
[2025-10-07T11:37:22.156+0000] {logging_mixin.py:190} INFO - Không tìm thấy dữ liệu cho HFX
[2025-10-07T11:37:22.161+0000] {logging_mixin.py:190} INFO - ℹ️ HFX: Không có dữ liệu mới.
[2025-10-07T11:37:22.163+0000] {logging_mixin.py:190} INFO - 🚦 Giới hạn API đạt mức tối đa, chờ 38.6s...
[2025-10-07T11:38:00.804+0000] {logging_mixin.py:190} INFO - ⬇️ Bắt đầu xử lý symbol = HFC
[2025-10-07T11:38:00.838+0000] {logging_mixin.py:190} INFO - ⚠️ Không đọc được file cũ HFC: 'date'
[2025-10-07T11:38:00.854+0000] {logging_mixin.py:190} INFO - HFC: trích dữ liệu từ 2025-09-27 đến 2025-10-07
[2025-10-07T11:38:00.861+0000] {client.py:83} ERROR - API request failed: HTTPSConnectionPool(host='trading.vietcap.com.vn', port=443): Max retries exceeded with url: /api/chart/OHLCChart/gap (Caused by NameResolutionError("<urllib3.connection.HTTPSConnection object at 0x7e61c2b2b3e0>: Failed to resolve 'trading.vietcap.com.vn' ([Errno -2] Name or service not known)"))
[2025-10-07T11:38:02.877+0000] {client.py:83} ERROR - API request failed: HTTPSConnectionPool(host='trading.vietcap.com.vn', port=443): Max retries exceeded with url: /api/chart/OHLCChart/gap (Caused by NameResolutionError("<urllib3.connection.HTTPSConnection object at 0x7e619e935b20>: Failed to resolve 'trading.vietcap.com.vn' ([Errno -2] Name or service not known)"))
[2025-10-07T11:38:04.934+0000] {client.py:83} ERROR - API request failed: HTTPSConnectionPool(host='trading.vietcap.com.vn', port=443): Max retries exceeded with url: /api/chart/OHLCChart/gap (Caused by NameResolutionError("<urllib3.connection.HTTPSConnection object at 0x7e619e8099d0>: Failed to resolve 'trading.vietcap.com.vn' ([Errno -2] Name or service not known)"))
[2025-10-07T11:38:04.942+0000] {logging_mixin.py:190} INFO - Không tìm thấy dữ liệu cho HFC
[2025-10-07T11:38:04.950+0000] {logging_mixin.py:190} INFO - ℹ️ HFC: Không có dữ liệu mới.
[2025-10-07T11:38:04.953+0000] {logging_mixin.py:190} INFO - 🚦 Giới hạn API đạt mức tối đa, chờ 0.2s...
[2025-10-07T11:38:05.132+0000] {logging_mixin.py:190} INFO - ⬇️ Bắt đầu xử lý symbol = HFB
[2025-10-07T11:38:05.218+0000] {logging_mixin.py:190} INFO - ⚠️ Không đọc được file cũ HFB: 'date'
[2025-10-07T11:38:05.259+0000] {logging_mixin.py:190} INFO - HFB: trích dữ liệu từ 2025-10-04 đến 2025-10-07
[2025-10-07T11:38:05.277+0000] {client.py:83} ERROR - API request failed: HTTPSConnectionPool(host='trading.vietcap.com.vn', port=443): Max retries exceeded with url: /api/chart/OHLCChart/gap (Caused by NameResolutionError("<urllib3.connection.HTTPSConnection object at 0x7e619e7d83e0>: Failed to resolve 'trading.vietcap.com.vn' ([Errno -2] Name or service not known)"))
[2025-10-07T11:38:07.302+0000] {client.py:83} ERROR - API request failed: HTTPSConnectionPool(host='trading.vietcap.com.vn', port=443): Max retries exceeded with url: /api/chart/OHLCChart/gap (Caused by NameResolutionError("<urllib3.connection.HTTPSConnection object at 0x7e619e937260>: Failed to resolve 'trading.vietcap.com.vn' ([Errno -2] Name or service not known)"))
[2025-10-07T11:38:09.320+0000] {client.py:83} ERROR - API request failed: HTTPSConnectionPool(host='trading.vietcap.com.vn', port=443): Max retries exceeded with url: /api/chart/OHLCChart/gap (Caused by NameResolutionError("<urllib3.connection.HTTPSConnection object at 0x7e61c2b2a240>: Failed to resolve 'trading.vietcap.com.vn' ([Errno -2] Name or service not known)"))
[2025-10-07T11:38:09.324+0000] {logging_mixin.py:190} INFO - Không tìm thấy dữ liệu cho HFB
[2025-10-07T11:38:09.329+0000] {logging_mixin.py:190} INFO - ℹ️ HFB: Không có dữ liệu mới.
[2025-10-07T11:38:09.331+0000] {logging_mixin.py:190} INFO - ⬇️ Bắt đầu xử lý symbol = HEV
[2025-10-07T11:38:09.422+0000] {logging_mixin.py:190} INFO - ⚠️ Không đọc được file cũ HEV: 'date'
[2025-10-07T11:38:09.463+0000] {logging_mixin.py:190} INFO - HEV: trích dữ liệu từ 2025-09-20 đến 2025-10-07
[2025-10-07T11:38:09.480+0000] {client.py:83} ERROR - API request failed: HTTPSConnectionPool(host='trading.vietcap.com.vn', port=443): Max retries exceeded with url: /api/chart/OHLCChart/gap (Caused by NameResolutionError("<urllib3.connection.HTTPSConnection object at 0x7e619e7db530>: Failed to resolve 'trading.vietcap.com.vn' ([Errno -2] Name or service not known)"))
[2025-10-07T11:38:11.493+0000] {client.py:83} ERROR - API request failed: HTTPSConnectionPool(host='trading.vietcap.com.vn', port=443): Max retries exceeded with url: /api/chart/OHLCChart/gap (Caused by NameResolutionError("<urllib3.connection.HTTPSConnection object at 0x7e619e77f1d0>: Failed to resolve 'trading.vietcap.com.vn' ([Errno -2] Name or service not known)"))
[2025-10-07T11:38:13.501+0000] {client.py:83} ERROR - API request failed: HTTPSConnectionPool(host='trading.vietcap.com.vn', port=443): Max retries exceeded with url: /api/chart/OHLCChart/gap (Caused by NameResolutionError("<urllib3.connection.HTTPSConnection object at 0x7e619f61a6c0>: Failed to resolve 'trading.vietcap.com.vn' ([Errno -2] Name or service not known)"))
[2025-10-07T11:38:13.502+0000] {logging_mixin.py:190} INFO - Không tìm thấy dữ liệu cho HEV
[2025-10-07T11:38:13.503+0000] {logging_mixin.py:190} INFO - ℹ️ HEV: Không có dữ liệu mới.
[2025-10-07T11:38:13.504+0000] {logging_mixin.py:190} INFO - 🚦 Giới hạn API đạt mức tối đa, chờ 0.2s...
[2025-10-07T11:38:13.717+0000] {logging_mixin.py:190} INFO - ⬇️ Bắt đầu xử lý symbol = HES
[2025-10-07T11:38:13.778+0000] {logging_mixin.py:190} INFO - ⚠️ Không đọc được file cũ HES: 'date'
[2025-10-07T11:38:13.805+0000] {logging_mixin.py:190} INFO - HES: trích dữ liệu từ 2025-09-19 đến 2025-10-07
[2025-10-07T11:38:13.816+0000] {client.py:83} ERROR - API request failed: HTTPSConnectionPool(host='trading.vietcap.com.vn', port=443): Max retries exceeded with url: /api/chart/OHLCChart/gap (Caused by NameResolutionError("<urllib3.connection.HTTPSConnection object at 0x7e619e7d90d0>: Failed to resolve 'trading.vietcap.com.vn' ([Errno -2] Name or service not known)"))
[2025-10-07T11:38:15.830+0000] {client.py:83} ERROR - API request failed: HTTPSConnectionPool(host='trading.vietcap.com.vn', port=443): Max retries exceeded with url: /api/chart/OHLCChart/gap (Caused by NameResolutionError("<urllib3.connection.HTTPSConnection object at 0x7e61c2b2b230>: Failed to resolve 'trading.vietcap.com.vn' ([Errno -2] Name or service not known)"))
[2025-10-07T11:38:17.848+0000] {client.py:83} ERROR - API request failed: HTTPSConnectionPool(host='trading.vietcap.com.vn', port=443): Max retries exceeded with url: /api/chart/OHLCChart/gap (Caused by NameResolutionError("<urllib3.connection.HTTPSConnection object at 0x7e61c2b28500>: Failed to resolve 'trading.vietcap.com.vn' ([Errno -2] Name or service not known)"))
[2025-10-07T11:38:17.853+0000] {logging_mixin.py:190} INFO - Không tìm thấy dữ liệu cho HES
[2025-10-07T11:38:17.858+0000] {logging_mixin.py:190} INFO - ℹ️ HES: Không có dữ liệu mới.
[2025-10-07T11:38:17.860+0000] {logging_mixin.py:190} INFO - 🚦 Giới hạn API đạt mức tối đa, chờ 0.2s...
[2025-10-07T11:38:18.084+0000] {logging_mixin.py:190} INFO - ⬇️ Bắt đầu xử lý symbol = HEP
[2025-10-07T11:38:18.165+0000] {logging_mixin.py:190} INFO - ⚠️ Không đọc được file cũ HEP: 'date'
[2025-10-07T11:38:18.203+0000] {logging_mixin.py:190} INFO - HEP: trích dữ liệu từ 2025-09-25 đến 2025-10-07
[2025-10-07T11:38:18.218+0000] {client.py:83} ERROR - API request failed: HTTPSConnectionPool(host='trading.vietcap.com.vn', port=443): Max retries exceeded with url: /api/chart/OHLCChart/gap (Caused by NameResolutionError("<urllib3.connection.HTTPSConnection object at 0x7e619e7d8cb0>: Failed to resolve 'trading.vietcap.com.vn' ([Errno -2] Name or service not known)"))
[2025-10-07T11:38:20.240+0000] {client.py:83} ERROR - API request failed: HTTPSConnectionPool(host='trading.vietcap.com.vn', port=443): Max retries exceeded with url: /api/chart/OHLCChart/gap (Caused by NameResolutionError("<urllib3.connection.HTTPSConnection object at 0x7e61c2b28080>: Failed to resolve 'trading.vietcap.com.vn' ([Errno -2] Name or service not known)"))
[2025-10-07T11:38:22.266+0000] {client.py:83} ERROR - API request failed: HTTPSConnectionPool(host='trading.vietcap.com.vn', port=443): Max retries exceeded with url: /api/chart/OHLCChart/gap (Caused by NameResolutionError("<urllib3.connection.HTTPSConnection object at 0x7e61c2b2a810>: Failed to resolve 'trading.vietcap.com.vn' ([Errno -2] Name or service not known)"))
[2025-10-07T11:38:22.269+0000] {logging_mixin.py:190} INFO - Không tìm thấy dữ liệu cho HEP
[2025-10-07T11:38:22.275+0000] {logging_mixin.py:190} INFO - ℹ️ HEP: Không có dữ liệu mới.
[2025-10-07T11:38:22.277+0000] {logging_mixin.py:190} INFO - 🚦 Giới hạn API đạt mức tối đa, chờ 38.5s...
[2025-10-07T11:39:00.804+0000] {logging_mixin.py:190} INFO - ⬇️ Bắt đầu xử lý symbol = HEM
[2025-10-07T11:39:00.885+0000] {logging_mixin.py:190} INFO - ⚠️ Không đọc được file cũ HEM: 'date'
[2025-10-07T11:39:00.919+0000] {logging_mixin.py:190} INFO - HEM: trích dữ liệu từ 2024-05-17 đến 2025-10-07
[2025-10-07T11:39:00.934+0000] {client.py:83} ERROR - API request failed: HTTPSConnectionPool(host='trading.vietcap.com.vn', port=443): Max retries exceeded with url: /api/chart/OHLCChart/gap (Caused by NameResolutionError("<urllib3.connection.HTTPSConnection object at 0x7e619e8085c0>: Failed to resolve 'trading.vietcap.com.vn' ([Errno -2] Name or service not known)"))
[2025-10-07T11:39:02.961+0000] {client.py:83} ERROR - API request failed: HTTPSConnectionPool(host='trading.vietcap.com.vn', port=443): Max retries exceeded with url: /api/chart/OHLCChart/gap (Caused by NameResolutionError("<urllib3.connection.HTTPSConnection object at 0x7e61c2b29d30>: Failed to resolve 'trading.vietcap.com.vn' ([Errno -2] Name or service not known)"))
[2025-10-07T11:39:04.971+0000] {client.py:83} ERROR - API request failed: HTTPSConnectionPool(host='trading.vietcap.com.vn', port=443): Max retries exceeded with url: /api/chart/OHLCChart/gap (Caused by NameResolutionError("<urllib3.connection.HTTPSConnection object at 0x7e619e7db890>: Failed to resolve 'trading.vietcap.com.vn' ([Errno -2] Name or service not known)"))
[2025-10-07T11:39:04.973+0000] {logging_mixin.py:190} INFO - Không tìm thấy dữ liệu cho HEM
[2025-10-07T11:39:04.975+0000] {logging_mixin.py:190} INFO - ℹ️ HEM: Không có dữ liệu mới.
[2025-10-07T11:39:04.976+0000] {logging_mixin.py:190} INFO - 🚦 Giới hạn API đạt mức tối đa, chờ 0.2s...
[2025-10-07T11:39:05.133+0000] {logging_mixin.py:190} INFO - ⬇️ Bắt đầu xử lý symbol = HEJ
[2025-10-07T11:39:05.165+0000] {logging_mixin.py:190} INFO - ⚠️ Không đọc được file cũ HEJ: 'date'
[2025-10-07T11:39:05.178+0000] {logging_mixin.py:190} INFO - HEJ: trích dữ liệu từ 2025-09-23 đến 2025-10-07
[2025-10-07T11:39:05.184+0000] {client.py:83} ERROR - API request failed: HTTPSConnectionPool(host='trading.vietcap.com.vn', port=443): Max retries exceeded with url: /api/chart/OHLCChart/gap (Caused by NameResolutionError("<urllib3.connection.HTTPSConnection object at 0x7e619e80b4d0>: Failed to resolve 'trading.vietcap.com.vn' ([Errno -2] Name or service not known)"))
[2025-10-07T11:39:07.198+0000] {client.py:83} ERROR - API request failed: HTTPSConnectionPool(host='trading.vietcap.com.vn', port=443): Max retries exceeded with url: /api/chart/OHLCChart/gap (Caused by NameResolutionError("<urllib3.connection.HTTPSConnection object at 0x7e619e80a510>: Failed to resolve 'trading.vietcap.com.vn' ([Errno -2] Name or service not known)"))
[2025-10-07T11:39:09.216+0000] {client.py:83} ERROR - API request failed: HTTPSConnectionPool(host='trading.vietcap.com.vn', port=443): Max retries exceeded with url: /api/chart/OHLCChart/gap (Caused by NameResolutionError("<urllib3.connection.HTTPSConnection object at 0x7e619e7da120>: Failed to resolve 'trading.vietcap.com.vn' ([Errno -2] Name or service not known)"))
[2025-10-07T11:39:09.219+0000] {logging_mixin.py:190} INFO - Không tìm thấy dữ liệu cho HEJ
[2025-10-07T11:39:09.223+0000] {logging_mixin.py:190} INFO - ℹ️ HEJ: Không có dữ liệu mới.
[2025-10-07T11:39:09.225+0000] {logging_mixin.py:190} INFO - 🚦 Giới hạn API đạt mức tối đa, chờ 0.1s...
[2025-10-07T11:39:09.333+0000] {logging_mixin.py:190} INFO - ⬇️ Bắt đầu xử lý symbol = HEC
[2025-10-07T11:39:09.421+0000] {logging_mixin.py:190} INFO - ⚠️ Không đọc được file cũ HEC: 'date'
[2025-10-07T11:39:09.460+0000] {logging_mixin.py:190} INFO - HEC: trích dữ liệu từ 2025-10-01 đến 2025-10-07
[2025-10-07T11:39:09.527+0000] {client.py:83} ERROR - API request failed: HTTPSConnectionPool(host='trading.vietcap.com.vn', port=443): Max retries exceeded with url: /api/chart/OHLCChart/gap (Caused by NameResolutionError("<urllib3.connection.HTTPSConnection object at 0x7e619e80ba70>: Failed to resolve 'trading.vietcap.com.vn' ([Errno -2] Name or service not known)"))
[2025-10-07T11:39:11.544+0000] {client.py:83} ERROR - API request failed: HTTPSConnectionPool(host='trading.vietcap.com.vn', port=443): Max retries exceeded with url: /api/chart/OHLCChart/gap (Caused by NameResolutionError("<urllib3.connection.HTTPSConnection object at 0x7e619e77d550>: Failed to resolve 'trading.vietcap.com.vn' ([Errno -2] Name or service not known)"))
[2025-10-07T11:39:13.559+0000] {client.py:83} ERROR - API request failed: HTTPSConnectionPool(host='trading.vietcap.com.vn', port=443): Max retries exceeded with url: /api/chart/OHLCChart/gap (Caused by NameResolutionError("<urllib3.connection.HTTPSConnection object at 0x7e619e781310>: Failed to resolve 'trading.vietcap.com.vn' ([Errno -2] Name or service not known)"))
[2025-10-07T11:39:13.562+0000] {logging_mixin.py:190} INFO - Không tìm thấy dữ liệu cho HEC
[2025-10-07T11:39:13.566+0000] {logging_mixin.py:190} INFO - ℹ️ HEC: Không có dữ liệu mới.
[2025-10-07T11:39:13.568+0000] {logging_mixin.py:190} INFO - 🚦 Giới hạn API đạt mức tối đa, chờ 0.1s...
[2025-10-07T11:39:13.720+0000] {logging_mixin.py:190} INFO - ⬇️ Bắt đầu xử lý symbol = HDW
[2025-10-07T11:39:13.801+0000] {logging_mixin.py:190} INFO - ⚠️ Không đọc được file cũ HDW: 'date'
[2025-10-07T11:39:13.840+0000] {logging_mixin.py:190} INFO - HDW: trích dữ liệu từ 2025-09-23 đến 2025-10-07
[2025-10-07T11:39:13.851+0000] {client.py:83} ERROR - API request failed: HTTPSConnectionPool(host='trading.vietcap.com.vn', port=443): Max retries exceeded with url: /api/chart/OHLCChart/gap (Caused by NameResolutionError("<urllib3.connection.HTTPSConnection object at 0x7e61c2b28710>: Failed to resolve 'trading.vietcap.com.vn' ([Errno -2] Name or service not known)"))
[2025-10-07T11:39:15.869+0000] {client.py:83} ERROR - API request failed: HTTPSConnectionPool(host='trading.vietcap.com.vn', port=443): Max retries exceeded with url: /api/chart/OHLCChart/gap (Caused by NameResolutionError("<urllib3.connection.HTTPSConnection object at 0x7e619e80a2d0>: Failed to resolve 'trading.vietcap.com.vn' ([Errno -2] Name or service not known)"))
[2025-10-07T11:39:17.877+0000] {client.py:83} ERROR - API request failed: HTTPSConnectionPool(host='trading.vietcap.com.vn', port=443): Max retries exceeded with url: /api/chart/OHLCChart/gap (Caused by NameResolutionError("<urllib3.connection.HTTPSConnection object at 0x7e619e781c10>: Failed to resolve 'trading.vietcap.com.vn' ([Errno -2] Name or service not known)"))
[2025-10-07T11:39:17.878+0000] {logging_mixin.py:190} INFO - Không tìm thấy dữ liệu cho HDW
[2025-10-07T11:39:17.880+0000] {logging_mixin.py:190} INFO - ℹ️ HDW: Không có dữ liệu mới.
[2025-10-07T11:39:17.880+0000] {logging_mixin.py:190} INFO - 🚦 Giới hạn API đạt mức tối đa, chờ 0.2s...
[2025-10-07T11:39:18.085+0000] {logging_mixin.py:190} INFO - ⬇️ Bắt đầu xử lý symbol = HDS
[2025-10-07T11:39:18.152+0000] {logging_mixin.py:190} INFO - ⚠️ Không đọc được file cũ HDS: 'date'
[2025-10-07T11:39:18.184+0000] {logging_mixin.py:190} INFO - HDS: trích dữ liệu từ 2024-07-26 đến 2025-10-07
[2025-10-07T11:39:18.199+0000] {client.py:83} ERROR - API request failed: HTTPSConnectionPool(host='trading.vietcap.com.vn', port=443): Max retries exceeded with url: /api/chart/OHLCChart/gap (Caused by NameResolutionError("<urllib3.connection.HTTPSConnection object at 0x7e619e781cd0>: Failed to resolve 'trading.vietcap.com.vn' ([Errno -2] Name or service not known)"))
[2025-10-07T11:39:20.216+0000] {client.py:83} ERROR - API request failed: HTTPSConnectionPool(host='trading.vietcap.com.vn', port=443): Max retries exceeded with url: /api/chart/OHLCChart/gap (Caused by NameResolutionError("<urllib3.connection.HTTPSConnection object at 0x7e619e80b7a0>: Failed to resolve 'trading.vietcap.com.vn' ([Errno -2] Name or service not known)"))
[2025-10-07T11:39:22.233+0000] {client.py:83} ERROR - API request failed: HTTPSConnectionPool(host='trading.vietcap.com.vn', port=443): Max retries exceeded with url: /api/chart/OHLCChart/gap (Caused by NameResolutionError("<urllib3.connection.HTTPSConnection object at 0x7e61c2b2ab40>: Failed to resolve 'trading.vietcap.com.vn' ([Errno -2] Name or service not known)"))
[2025-10-07T11:39:22.237+0000] {logging_mixin.py:190} INFO - Không tìm thấy dữ liệu cho HDS
[2025-10-07T11:39:22.244+0000] {logging_mixin.py:190} INFO - ℹ️ HDS: Không có dữ liệu mới.
[2025-10-07T11:39:22.246+0000] {logging_mixin.py:190} INFO - 🚦 Giới hạn API đạt mức tối đa, chờ 38.6s...
[2025-10-07T11:40:00.804+0000] {logging_mixin.py:190} INFO - ⬇️ Bắt đầu xử lý symbol = HDP
[2025-10-07T11:40:00.875+0000] {logging_mixin.py:190} INFO - ⚠️ Không đọc được file cũ HDP: 'date'
[2025-10-07T11:40:00.909+0000] {logging_mixin.py:190} INFO - HDP: trích dữ liệu từ 2025-09-30 đến 2025-10-07
[2025-10-07T11:40:00.928+0000] {client.py:83} ERROR - API request failed: HTTPSConnectionPool(host='trading.vietcap.com.vn', port=443): Max retries exceeded with url: /api/chart/OHLCChart/gap (Caused by NameResolutionError("<urllib3.connection.HTTPSConnection object at 0x7e619e783440>: Failed to resolve 'trading.vietcap.com.vn' ([Errno -2] Name or service not known)"))
[2025-10-07T11:40:03.119+0000] {client.py:83} ERROR - API request failed: HTTPSConnectionPool(host='trading.vietcap.com.vn', port=443): Max retries exceeded with url: /api/chart/OHLCChart/gap (Caused by NameResolutionError("<urllib3.connection.HTTPSConnection object at 0x7e61c2b460f0>: Failed to resolve 'trading.vietcap.com.vn' ([Errno -2] Name or service not known)"))
[2025-10-07T11:40:05.163+0000] {client.py:83} ERROR - API request failed: HTTPSConnectionPool(host='trading.vietcap.com.vn', port=443): Max retries exceeded with url: /api/chart/OHLCChart/gap (Caused by NameResolutionError("<urllib3.connection.HTTPSConnection object at 0x7e61c2b477d0>: Failed to resolve 'trading.vietcap.com.vn' ([Errno -2] Name or service not known)"))
[2025-10-07T11:40:05.165+0000] {logging_mixin.py:190} INFO - Không tìm thấy dữ liệu cho HDP
[2025-10-07T11:40:05.169+0000] {logging_mixin.py:190} INFO - ℹ️ HDP: Không có dữ liệu mới.
[2025-10-07T11:40:05.171+0000] {logging_mixin.py:190} INFO - ⬇️ Bắt đầu xử lý symbol = HDO
[2025-10-07T11:40:05.240+0000] {logging_mixin.py:190} INFO - ⚠️ Không đọc được file cũ HDO: 'date'
[2025-10-07T11:40:05.283+0000] {logging_mixin.py:190} INFO - HDO: trích dữ liệu từ 2024-07-26 đến 2025-10-07
[2025-10-07T11:40:05.299+0000] {client.py:83} ERROR - API request failed: HTTPSConnectionPool(host='trading.vietcap.com.vn', port=443): Max retries exceeded with url: /api/chart/OHLCChart/gap (Caused by NameResolutionError("<urllib3.connection.HTTPSConnection object at 0x7e61c2b47710>: Failed to resolve 'trading.vietcap.com.vn' ([Errno -2] Name or service not known)"))
[2025-10-07T11:40:07.316+0000] {client.py:83} ERROR - API request failed: HTTPSConnectionPool(host='trading.vietcap.com.vn', port=443): Max retries exceeded with url: /api/chart/OHLCChart/gap (Caused by NameResolutionError("<urllib3.connection.HTTPSConnection object at 0x7e61c2b46c30>: Failed to resolve 'trading.vietcap.com.vn' ([Errno -2] Name or service not known)"))
[2025-10-07T11:40:09.332+0000] {client.py:83} ERROR - API request failed: HTTPSConnectionPool(host='trading.vietcap.com.vn', port=443): Max retries exceeded with url: /api/chart/OHLCChart/gap (Caused by NameResolutionError("<urllib3.connection.HTTPSConnection object at 0x7e61c2b47560>: Failed to resolve 'trading.vietcap.com.vn' ([Errno -2] Name or service not known)"))
[2025-10-07T11:40:09.335+0000] {logging_mixin.py:190} INFO - Không tìm thấy dữ liệu cho HDO
[2025-10-07T11:40:09.339+0000] {logging_mixin.py:190} INFO - ℹ️ HDO: Không có dữ liệu mới.
[2025-10-07T11:40:09.341+0000] {logging_mixin.py:190} INFO - ⬇️ Bắt đầu xử lý symbol = HDM
[2025-10-07T11:40:09.403+0000] {logging_mixin.py:190} INFO - ⚠️ Không đọc được file cũ HDM: 'date'
[2025-10-07T11:40:09.436+0000] {logging_mixin.py:190} INFO - HDM: trích dữ liệu từ 2025-10-04 đến 2025-10-07
[2025-10-07T11:40:09.450+0000] {client.py:83} ERROR - API request failed: HTTPSConnectionPool(host='trading.vietcap.com.vn', port=443): Max retries exceeded with url: /api/chart/OHLCChart/gap (Caused by NameResolutionError("<urllib3.connection.HTTPSConnection object at 0x7e619e77f860>: Failed to resolve 'trading.vietcap.com.vn' ([Errno -2] Name or service not known)"))
[2025-10-07T11:40:11.465+0000] {client.py:83} ERROR - API request failed: HTTPSConnectionPool(host='trading.vietcap.com.vn', port=443): Max retries exceeded with url: /api/chart/OHLCChart/gap (Caused by NameResolutionError("<urllib3.connection.HTTPSConnection object at 0x7e619e935970>: Failed to resolve 'trading.vietcap.com.vn' ([Errno -2] Name or service not known)"))
[2025-10-07T11:40:13.480+0000] {client.py:83} ERROR - API request failed: HTTPSConnectionPool(host='trading.vietcap.com.vn', port=443): Max retries exceeded with url: /api/chart/OHLCChart/gap (Caused by NameResolutionError("<urllib3.connection.HTTPSConnection object at 0x7e619e7d9c10>: Failed to resolve 'trading.vietcap.com.vn' ([Errno -2] Name or service not known)"))
[2025-10-07T11:40:13.483+0000] {logging_mixin.py:190} INFO - Không tìm thấy dữ liệu cho HDM
[2025-10-07T11:40:13.487+0000] {logging_mixin.py:190} INFO - ℹ️ HDM: Không có dữ liệu mới.
[2025-10-07T11:40:13.489+0000] {logging_mixin.py:190} INFO - 🚦 Giới hạn API đạt mức tối đa, chờ 0.2s...
[2025-10-07T11:40:13.721+0000] {logging_mixin.py:190} INFO - ⬇️ Bắt đầu xử lý symbol = HDG
[2025-10-07T11:40:13.746+0000] {logging_mixin.py:190} INFO - ⚠️ Không đọc được file cũ HDG: 'date'
[2025-10-07T11:40:13.759+0000] {logging_mixin.py:190} INFO - HDG: trích dữ liệu từ 2025-10-04 đến 2025-10-07
[2025-10-07T11:40:13.765+0000] {client.py:83} ERROR - API request failed: HTTPSConnectionPool(host='trading.vietcap.com.vn', port=443): Max retries exceeded with url: /api/chart/OHLCChart/gap (Caused by NameResolutionError("<urllib3.connection.HTTPSConnection object at 0x7e619e77e6f0>: Failed to resolve 'trading.vietcap.com.vn' ([Errno -2] Name or service not known)"))
[2025-10-07T11:40:15.815+0000] {client.py:83} ERROR - API request failed: HTTPSConnectionPool(host='trading.vietcap.com.vn', port=443): Max retries exceeded with url: /api/chart/OHLCChart/gap (Caused by NameResolutionError("<urllib3.connection.HTTPSConnection object at 0x7e61c2b446e0>: Failed to resolve 'trading.vietcap.com.vn' ([Errno -2] Name or service not known)"))
[2025-10-07T11:40:17.831+0000] {client.py:83} ERROR - API request failed: HTTPSConnectionPool(host='trading.vietcap.com.vn', port=443): Max retries exceeded with url: /api/chart/OHLCChart/gap (Caused by NameResolutionError("<urllib3.connection.HTTPSConnection object at 0x7e619e7dbd70>: Failed to resolve 'trading.vietcap.com.vn' ([Errno -2] Name or service not known)"))
[2025-10-07T11:40:17.835+0000] {logging_mixin.py:190} INFO - Không tìm thấy dữ liệu cho HDG
[2025-10-07T11:40:17.840+0000] {logging_mixin.py:190} INFO - ℹ️ HDG: Không có dữ liệu mới.
[2025-10-07T11:40:17.842+0000] {logging_mixin.py:190} INFO - 🚦 Giới hạn API đạt mức tối đa, chờ 0.2s...
[2025-10-07T11:40:18.087+0000] {logging_mixin.py:190} INFO - ⬇️ Bắt đầu xử lý symbol = HDC
[2025-10-07T11:40:18.112+0000] {logging_mixin.py:190} INFO - ⚠️ Không đọc được file cũ HDC: 'date'
[2025-10-07T11:40:18.126+0000] {logging_mixin.py:190} INFO - HDC: trích dữ liệu từ 2025-10-04 đến 2025-10-07
[2025-10-07T11:40:18.131+0000] {client.py:83} ERROR - API request failed: HTTPSConnectionPool(host='trading.vietcap.com.vn', port=443): Max retries exceeded with url: /api/chart/OHLCChart/gap (Caused by NameResolutionError("<urllib3.connection.HTTPSConnection object at 0x7e61c2b29ee0>: Failed to resolve 'trading.vietcap.com.vn' ([Errno -2] Name or service not known)"))
[2025-10-07T11:40:20.138+0000] {client.py:83} ERROR - API request failed: HTTPSConnectionPool(host='trading.vietcap.com.vn', port=443): Max retries exceeded with url: /api/chart/OHLCChart/gap (Caused by NameResolutionError("<urllib3.connection.HTTPSConnection object at 0x7e619e77d400>: Failed to resolve 'trading.vietcap.com.vn' ([Errno -2] Name or service not known)"))
[2025-10-07T11:40:22.143+0000] {client.py:83} ERROR - API request failed: HTTPSConnectionPool(host='trading.vietcap.com.vn', port=443): Max retries exceeded with url: /api/chart/OHLCChart/gap (Caused by NameResolutionError("<urllib3.connection.HTTPSConnection object at 0x7e61c2b44830>: Failed to resolve 'trading.vietcap.com.vn' ([Errno -2] Name or service not known)"))
[2025-10-07T11:40:22.145+0000] {logging_mixin.py:190} INFO - Không tìm thấy dữ liệu cho HDC
[2025-10-07T11:40:22.146+0000] {logging_mixin.py:190} INFO - ℹ️ HDC: Không có dữ liệu mới.
[2025-10-07T11:40:22.147+0000] {python.py:240} INFO - Done. Returned value was: None
[2025-10-07T11:40:22.160+0000] {taskinstance.py:341} INFO - ::group::Post task execution logs
[2025-10-07T11:40:22.161+0000] {taskinstance.py:353} INFO - Marking task as SUCCESS. dag_id=vnstock_weekly_etl_incremental, task_id=process_batch, run_id=manual__2025-10-07T10:41:48.387187+00:00, map_index=22, execution_date=20251007T104148, start_date=20251007T113100, end_date=20251007T114022
[2025-10-07T11:40:22.230+0000] {local_task_job_runner.py:266} INFO - Task exited with return code 0
[2025-10-07T11:40:22.450+0000] {taskinstance.py:3901} INFO - 0 downstream tasks scheduled from follow-on schedule check
[2025-10-07T11:40:22.453+0000] {local_task_job_runner.py:245} INFO - ::endgroup::
