[2025-10-07T15:01:05.753+0000] {local_task_job_runner.py:123} INFO - ::group::Pre task execution logs
[2025-10-07T15:01:05.777+0000] {taskinstance.py:2614} INFO - Dependencies all met for dep_context=non-requeueable deps ti=<TaskInstance: vnstock_weekly_etl_incremental.process_batch manual__2025-10-07T10:44:44.201464+00:00 map_index=15 [queued]>
[2025-10-07T15:01:05.791+0000] {taskinstance.py:2614} INFO - Dependencies all met for dep_context=requeueable deps ti=<TaskInstance: vnstock_weekly_etl_incremental.process_batch manual__2025-10-07T10:44:44.201464+00:00 map_index=15 [queued]>
[2025-10-07T15:01:05.792+0000] {taskinstance.py:2867} INFO - Starting attempt 1 of 3
[2025-10-07T15:01:05.803+0000] {taskinstance.py:2890} INFO - Executing <Mapped(_PythonDecoratedOperator): process_batch> on 2025-10-07 10:44:44.201464+00:00
[2025-10-07T15:01:05.813+0000] {logging_mixin.py:190} WARNING - /home/***/.local/lib/python3.12/site-packages/***/task/task_runner/standard_task_runner.py:70 DeprecationWarning: This process (pid=20328) is multi-threaded, use of fork() may lead to deadlocks in the child.
[2025-10-07T15:01:05.814+0000] {standard_task_runner.py:72} INFO - Started process 20338 to run task
[2025-10-07T15:01:05.814+0000] {standard_task_runner.py:104} INFO - Running: ['***', 'tasks', 'run', 'vnstock_weekly_etl_incremental', 'process_batch', 'manual__2025-10-07T10:44:44.201464+00:00', '--job-id', '209', '--raw', '--subdir', 'DAGS_FOLDER/dag.py', '--cfg-path', '/tmp/tmp0bu5m5fu', '--map-index', '15']
[2025-10-07T15:01:05.817+0000] {standard_task_runner.py:105} INFO - Job 209: Subtask process_batch
[2025-10-07T15:01:05.831+0000] {logging_mixin.py:190} WARNING - /home/***/.local/lib/python3.12/site-packages/***/settings.py:209 DeprecationWarning: The sql_alchemy_conn option in [core] has been moved to the sql_alchemy_conn option in [database] - the old setting has been used, but please update your config.
[2025-10-07T15:01:05.880+0000] {task_command.py:467} INFO - Running <TaskInstance: vnstock_weekly_etl_incremental.process_batch manual__2025-10-07T10:44:44.201464+00:00 map_index=15 [running]> on host e3278e0f0bbc
[2025-10-07T15:01:06.158+0000] {taskinstance.py:3134} INFO - Exporting env vars: AIRFLOW_CTX_DAG_OWNER='***' AIRFLOW_CTX_DAG_ID='vnstock_weekly_etl_incremental' AIRFLOW_CTX_TASK_ID='process_batch' AIRFLOW_CTX_EXECUTION_DATE='2025-10-07T10:44:44.201464+00:00' AIRFLOW_CTX_TRY_NUMBER='1' AIRFLOW_CTX_DAG_RUN_ID='manual__2025-10-07T10:44:44.201464+00:00'
[2025-10-07T15:01:06.160+0000] {taskinstance.py:732} INFO - ::endgroup::
[2025-10-07T15:01:06.163+0000] {logging_mixin.py:190} INFO - ⬇️ Bắt đầu xử lý symbol = NUE
[2025-10-07T15:01:06.189+0000] {logging_mixin.py:190} INFO - ⚠️ Không đọc được file cũ NUE: 'date'
[2025-10-07T15:01:06.200+0000] {logging_mixin.py:190} INFO - NUE: trích dữ liệu từ 2025-10-08 đến 2025-10-07
[2025-10-07T15:01:10.650+0000] {logging_mixin.py:190} INFO - Không tìm thấy dữ liệu cho NUE
[2025-10-07T15:01:10.651+0000] {logging_mixin.py:190} INFO - ℹ️ NUE: Không có dữ liệu mới.
[2025-10-07T15:01:10.652+0000] {logging_mixin.py:190} INFO - ⬇️ Bắt đầu xử lý symbol = NTW
[2025-10-07T15:01:10.670+0000] {logging_mixin.py:190} INFO - ⚠️ Không đọc được file cũ NTW: 'date'
[2025-10-07T15:01:10.681+0000] {logging_mixin.py:190} INFO - NTW: trích dữ liệu từ 2025-10-03 đến 2025-10-07
[2025-10-07T15:01:15.275+0000] {logging_mixin.py:190} INFO - Không tìm thấy dữ liệu cho NTW
[2025-10-07T15:01:15.276+0000] {logging_mixin.py:190} INFO - ℹ️ NTW: Không có dữ liệu mới.
[2025-10-07T15:01:15.276+0000] {logging_mixin.py:190} INFO - ⬇️ Bắt đầu xử lý symbol = NTT
[2025-10-07T15:01:15.292+0000] {logging_mixin.py:190} INFO - ⚠️ Không đọc được file cũ NTT: 'date'
[2025-10-07T15:01:15.299+0000] {logging_mixin.py:190} INFO - NTT: trích dữ liệu từ 2025-09-17 đến 2025-10-07
[2025-10-07T15:01:21.145+0000] {logging_mixin.py:190} INFO - Không tìm thấy dữ liệu cho NTT
[2025-10-07T15:01:21.146+0000] {logging_mixin.py:190} INFO - ℹ️ NTT: Không có dữ liệu mới.
[2025-10-07T15:01:21.147+0000] {logging_mixin.py:190} INFO - ⬇️ Bắt đầu xử lý symbol = NTP
[2025-10-07T15:01:21.179+0000] {logging_mixin.py:190} INFO - ⚠️ Không đọc được file cũ NTP: 'date'
[2025-10-07T15:01:21.191+0000] {logging_mixin.py:190} INFO - NTP: trích dữ liệu từ 2025-10-08 đến 2025-10-07
[2025-10-07T15:01:25.775+0000] {logging_mixin.py:190} INFO - Không tìm thấy dữ liệu cho NTP
[2025-10-07T15:01:25.777+0000] {logging_mixin.py:190} INFO - ℹ️ NTP: Không có dữ liệu mới.
[2025-10-07T15:01:25.778+0000] {logging_mixin.py:190} INFO - ⬇️ Bắt đầu xử lý symbol = NTL
[2025-10-07T15:01:25.803+0000] {logging_mixin.py:190} INFO - ⚠️ Không đọc được file cũ NTL: 'date'
[2025-10-07T15:01:25.810+0000] {logging_mixin.py:190} INFO - NTL: trích dữ liệu từ 2025-10-08 đến 2025-10-07
[2025-10-07T15:01:30.870+0000] {logging_mixin.py:190} INFO - Không tìm thấy dữ liệu cho NTL
[2025-10-07T15:01:30.872+0000] {logging_mixin.py:190} INFO - ℹ️ NTL: Không có dữ liệu mới.
[2025-10-07T15:01:30.873+0000] {logging_mixin.py:190} INFO - 🚦 Giới hạn API đạt mức tối đa, chờ 35.3s...
[2025-10-07T15:02:06.057+0000] {logging_mixin.py:190} INFO - ⬇️ Bắt đầu xử lý symbol = NTH
[2025-10-07T15:02:06.076+0000] {logging_mixin.py:190} INFO - ⚠️ Không đọc được file cũ NTH: 'date'
[2025-10-07T15:02:06.082+0000] {logging_mixin.py:190} INFO - NTH: trích dữ liệu từ 2025-10-08 đến 2025-10-07
[2025-10-07T15:02:11.532+0000] {logging_mixin.py:190} INFO - Không tìm thấy dữ liệu cho NTH
[2025-10-07T15:02:11.534+0000] {logging_mixin.py:190} INFO - ℹ️ NTH: Không có dữ liệu mới.
[2025-10-07T15:02:11.534+0000] {logging_mixin.py:190} INFO - ⬇️ Bắt đầu xử lý symbol = NTF
[2025-10-07T15:02:11.550+0000] {logging_mixin.py:190} INFO - ⚠️ Không đọc được file cũ NTF: 'date'
[2025-10-07T15:02:11.557+0000] {logging_mixin.py:190} INFO - NTF: trích dữ liệu từ 2025-08-14 đến 2025-10-07
[2025-10-07T15:02:16.340+0000] {logging_mixin.py:190} INFO - Không tìm thấy dữ liệu cho NTF
[2025-10-07T15:02:16.341+0000] {logging_mixin.py:190} INFO - ℹ️ NTF: Không có dữ liệu mới.
[2025-10-07T15:02:16.342+0000] {logging_mixin.py:190} INFO - ⬇️ Bắt đầu xử lý symbol = NTC
[2025-10-07T15:02:16.359+0000] {logging_mixin.py:190} INFO - ⚠️ Không đọc được file cũ NTC: 'date'
[2025-10-07T15:02:16.365+0000] {logging_mixin.py:190} INFO - NTC: trích dữ liệu từ 2025-10-08 đến 2025-10-07
[2025-10-07T15:02:21.024+0000] {logging_mixin.py:190} INFO - Không tìm thấy dữ liệu cho NTC
[2025-10-07T15:02:21.027+0000] {logging_mixin.py:190} INFO - ℹ️ NTC: Không có dữ liệu mới.
[2025-10-07T15:02:21.027+0000] {logging_mixin.py:190} INFO - 🚦 Giới hạn API đạt mức tối đa, chờ 0.1s...
[2025-10-07T15:02:21.148+0000] {logging_mixin.py:190} INFO - ⬇️ Bắt đầu xử lý symbol = NTB
[2025-10-07T15:02:21.167+0000] {logging_mixin.py:190} INFO - ⚠️ Không đọc được file cũ NTB: 'date'
[2025-10-07T15:02:21.174+0000] {logging_mixin.py:190} INFO - NTB: trích dữ liệu từ 2024-07-26 đến 2025-10-07
[2025-10-07T15:02:25.781+0000] {logging_mixin.py:190} INFO - Không tìm thấy dữ liệu cho NTB
[2025-10-07T15:02:25.782+0000] {logging_mixin.py:190} INFO - ℹ️ NTB: Không có dữ liệu mới.
[2025-10-07T15:02:25.782+0000] {logging_mixin.py:190} INFO - ⬇️ Bắt đầu xử lý symbol = NT2
[2025-10-07T15:02:25.802+0000] {logging_mixin.py:190} INFO - ⚠️ Không đọc được file cũ NT2: 'date'
[2025-10-07T15:02:25.813+0000] {logging_mixin.py:190} INFO - NT2: trích dữ liệu từ 2025-10-08 đến 2025-10-07
[2025-10-07T15:02:31.188+0000] {logging_mixin.py:190} INFO - Không tìm thấy dữ liệu cho NT2
[2025-10-07T15:02:31.190+0000] {logging_mixin.py:190} INFO - ℹ️ NT2: Không có dữ liệu mới.
[2025-10-07T15:02:31.190+0000] {logging_mixin.py:190} INFO - 🚦 Giới hạn API đạt mức tối đa, chờ 34.9s...
[2025-10-07T15:03:05.970+0000] {logging_mixin.py:190} INFO - ⬇️ Bắt đầu xử lý symbol = NST
[2025-10-07T15:03:05.993+0000] {logging_mixin.py:190} INFO - ⚠️ Không đọc được file cũ NST: 'date'
[2025-10-07T15:03:06.002+0000] {logging_mixin.py:190} INFO - NST: trích dữ liệu từ 2025-10-02 đến 2025-10-07
[2025-10-07T15:03:10.522+0000] {logging_mixin.py:190} INFO - Không tìm thấy dữ liệu cho NST
[2025-10-07T15:03:10.523+0000] {logging_mixin.py:190} INFO - ℹ️ NST: Không có dữ liệu mới.
[2025-10-07T15:03:10.524+0000] {logging_mixin.py:190} INFO - 🚦 Giới hạn API đạt mức tối đa, chờ 1.0s...
[2025-10-07T15:03:11.536+0000] {logging_mixin.py:190} INFO - ⬇️ Bắt đầu xử lý symbol = NSS
[2025-10-07T15:03:11.558+0000] {logging_mixin.py:190} INFO - ⚠️ Không đọc được file cũ NSS: 'date'
[2025-10-07T15:03:11.567+0000] {logging_mixin.py:190} INFO - NSS: trích dữ liệu từ 2024-10-24 đến 2025-10-07
[2025-10-07T15:03:16.121+0000] {logging_mixin.py:190} INFO - Không tìm thấy dữ liệu cho NSS
[2025-10-07T15:03:16.123+0000] {logging_mixin.py:190} INFO - ℹ️ NSS: Không có dữ liệu mới.
[2025-10-07T15:03:16.123+0000] {logging_mixin.py:190} INFO - 🚦 Giới hạn API đạt mức tối đa, chờ 0.2s...
[2025-10-07T15:03:16.342+0000] {logging_mixin.py:190} INFO - ⬇️ Bắt đầu xử lý symbol = NSL
[2025-10-07T15:03:16.369+0000] {logging_mixin.py:190} INFO - ⚠️ Không đọc được file cũ NSL: 'date'
[2025-10-07T15:03:16.375+0000] {logging_mixin.py:190} INFO - NSL: trích dữ liệu từ 2025-09-24 đến 2025-10-07
[2025-10-07T15:03:21.106+0000] {logging_mixin.py:190} INFO - Không tìm thấy dữ liệu cho NSL
[2025-10-07T15:03:21.107+0000] {logging_mixin.py:190} INFO - ℹ️ NSL: Không có dữ liệu mới.
[2025-10-07T15:03:21.108+0000] {logging_mixin.py:190} INFO - 🚦 Giới hạn API đạt mức tối đa, chờ 0.0s...
[2025-10-07T15:03:21.149+0000] {logging_mixin.py:190} INFO - ⬇️ Bắt đầu xử lý symbol = NSH
[2025-10-07T15:03:21.167+0000] {logging_mixin.py:190} INFO - ⚠️ Không đọc được file cũ NSH: 'date'
[2025-10-07T15:03:21.174+0000] {logging_mixin.py:190} INFO - NSH: trích dữ liệu từ 2025-10-08 đến 2025-10-07
[2025-10-07T15:03:25.735+0000] {logging_mixin.py:190} INFO - Không tìm thấy dữ liệu cho NSH
[2025-10-07T15:03:25.736+0000] {logging_mixin.py:190} INFO - ℹ️ NSH: Không có dữ liệu mới.
[2025-10-07T15:03:25.737+0000] {logging_mixin.py:190} INFO - 🚦 Giới hạn API đạt mức tối đa, chờ 0.0s...
[2025-10-07T15:03:25.783+0000] {logging_mixin.py:190} INFO - ⬇️ Bắt đầu xử lý symbol = NSG
[2025-10-07T15:03:25.803+0000] {logging_mixin.py:190} INFO - ⚠️ Không đọc được file cũ NSG: 'date'
[2025-10-07T15:03:25.810+0000] {logging_mixin.py:190} INFO - NSG: trích dữ liệu từ 2025-09-20 đến 2025-10-07
[2025-10-07T15:03:30.301+0000] {logging_mixin.py:190} INFO - Không tìm thấy dữ liệu cho NSG
[2025-10-07T15:03:30.302+0000] {logging_mixin.py:190} INFO - ℹ️ NSG: Không có dữ liệu mới.
[2025-10-07T15:03:30.303+0000] {logging_mixin.py:190} INFO - 🚦 Giới hạn API đạt mức tối đa, chờ 35.7s...
[2025-10-07T15:04:05.884+0000] {logging_mixin.py:190} INFO - ⬇️ Bắt đầu xử lý symbol = NSC
[2025-10-07T15:04:05.902+0000] {logging_mixin.py:190} INFO - ⚠️ Không đọc được file cũ NSC: 'date'
[2025-10-07T15:04:05.909+0000] {logging_mixin.py:190} INFO - NSC: trích dữ liệu từ 2025-10-04 đến 2025-10-07
[2025-10-07T15:04:10.419+0000] {logging_mixin.py:190} INFO - Không tìm thấy dữ liệu cho NSC
[2025-10-07T15:04:10.421+0000] {logging_mixin.py:190} INFO - ℹ️ NSC: Không có dữ liệu mới.
[2025-10-07T15:04:10.422+0000] {logging_mixin.py:190} INFO - 🚦 Giới hạn API đạt mức tối đa, chờ 1.1s...
[2025-10-07T15:04:11.537+0000] {logging_mixin.py:190} INFO - ⬇️ Bắt đầu xử lý symbol = NS3
[2025-10-07T15:04:11.553+0000] {logging_mixin.py:190} INFO - ⚠️ Không đọc được file cũ NS3: 'date'
[2025-10-07T15:04:11.559+0000] {logging_mixin.py:190} INFO - NS3: trích dữ liệu từ 2022-06-29 đến 2025-10-07
[2025-10-07T15:04:16.135+0000] {logging_mixin.py:190} INFO - Không tìm thấy dữ liệu cho NS3
[2025-10-07T15:04:16.137+0000] {logging_mixin.py:190} INFO - ℹ️ NS3: Không có dữ liệu mới.
[2025-10-07T15:04:16.137+0000] {logging_mixin.py:190} INFO - 🚦 Giới hạn API đạt mức tối đa, chờ 0.2s...
[2025-10-07T15:04:16.344+0000] {logging_mixin.py:190} INFO - ⬇️ Bắt đầu xử lý symbol = NS2
[2025-10-07T15:04:16.375+0000] {logging_mixin.py:190} INFO - ⚠️ Không đọc được file cũ NS2: 'date'
[2025-10-07T15:04:16.382+0000] {logging_mixin.py:190} INFO - NS2: trích dữ liệu từ 2025-10-08 đến 2025-10-07
[2025-10-07T15:04:21.128+0000] {logging_mixin.py:190} INFO - Không tìm thấy dữ liệu cho NS2
[2025-10-07T15:04:21.130+0000] {logging_mixin.py:190} INFO - ℹ️ NS2: Không có dữ liệu mới.
[2025-10-07T15:04:21.130+0000] {logging_mixin.py:190} INFO - 🚦 Giới hạn API đạt mức tối đa, chờ 0.0s...
[2025-10-07T15:04:21.149+0000] {logging_mixin.py:190} INFO - ⬇️ Bắt đầu xử lý symbol = NRC
[2025-10-07T15:04:21.167+0000] {logging_mixin.py:190} INFO - ⚠️ Không đọc được file cũ NRC: 'date'
[2025-10-07T15:04:21.173+0000] {logging_mixin.py:190} INFO - NRC: trích dữ liệu từ 2025-10-08 đến 2025-10-07
[2025-10-07T15:04:25.851+0000] {logging_mixin.py:190} INFO - Không tìm thấy dữ liệu cho NRC
[2025-10-07T15:04:25.852+0000] {logging_mixin.py:190} INFO - ℹ️ NRC: Không có dữ liệu mới.
[2025-10-07T15:04:25.853+0000] {logging_mixin.py:190} INFO - ⬇️ Bắt đầu xử lý symbol = NQT
[2025-10-07T15:04:25.869+0000] {logging_mixin.py:190} INFO - ⚠️ Không đọc được file cũ NQT: 'date'
[2025-10-07T15:04:25.875+0000] {logging_mixin.py:190} INFO - NQT: trích dữ liệu từ 2025-05-27 đến 2025-10-07
[2025-10-07T15:04:30.482+0000] {logging_mixin.py:190} INFO - Không tìm thấy dữ liệu cho NQT
[2025-10-07T15:04:30.484+0000] {logging_mixin.py:190} INFO - ℹ️ NQT: Không có dữ liệu mới.
[2025-10-07T15:04:30.485+0000] {logging_mixin.py:190} INFO - 🚦 Giới hạn API đạt mức tối đa, chờ 35.4s...
[2025-10-07T15:05:05.846+0000] {logging_mixin.py:190} INFO - ⬇️ Bắt đầu xử lý symbol = NQN
[2025-10-07T15:05:05.865+0000] {logging_mixin.py:190} INFO - ⚠️ Không đọc được file cũ NQN: 'date'
[2025-10-07T15:05:05.871+0000] {logging_mixin.py:190} INFO - NQN: trích dữ liệu từ 2025-09-16 đến 2025-10-07
[2025-10-07T15:05:10.435+0000] {logging_mixin.py:190} INFO - Không tìm thấy dữ liệu cho NQN
[2025-10-07T15:05:10.439+0000] {logging_mixin.py:190} INFO - ℹ️ NQN: Không có dữ liệu mới.
[2025-10-07T15:05:10.440+0000] {logging_mixin.py:190} INFO - 🚦 Giới hạn API đạt mức tối đa, chờ 1.1s...
[2025-10-07T15:05:11.538+0000] {logging_mixin.py:190} INFO - ⬇️ Bắt đầu xử lý symbol = NQB
[2025-10-07T15:05:11.564+0000] {logging_mixin.py:190} INFO - ⚠️ Không đọc được file cũ NQB: 'date'
[2025-10-07T15:05:11.571+0000] {logging_mixin.py:190} INFO - NQB: trích dữ liệu từ 2025-07-30 đến 2025-10-07
[2025-10-07T15:05:16.230+0000] {logging_mixin.py:190} INFO - Không tìm thấy dữ liệu cho NQB
[2025-10-07T15:05:16.243+0000] {logging_mixin.py:190} INFO - ℹ️ NQB: Không có dữ liệu mới.
[2025-10-07T15:05:16.244+0000] {logging_mixin.py:190} INFO - 🚦 Giới hạn API đạt mức tối đa, chờ 0.1s...
[2025-10-07T15:05:16.345+0000] {logging_mixin.py:190} INFO - ⬇️ Bắt đầu xử lý symbol = NOS
[2025-10-07T15:05:16.365+0000] {logging_mixin.py:190} INFO - ⚠️ Không đọc được file cũ NOS: 'date'
[2025-10-07T15:05:16.372+0000] {logging_mixin.py:190} INFO - NOS: trích dữ liệu từ 2025-10-04 đến 2025-10-07
[2025-10-07T15:05:20.941+0000] {logging_mixin.py:190} INFO - Không tìm thấy dữ liệu cho NOS
[2025-10-07T15:05:20.943+0000] {logging_mixin.py:190} INFO - ℹ️ NOS: Không có dữ liệu mới.
[2025-10-07T15:05:20.943+0000] {logging_mixin.py:190} INFO - 🚦 Giới hạn API đạt mức tối đa, chờ 0.2s...
[2025-10-07T15:05:21.150+0000] {logging_mixin.py:190} INFO - ⬇️ Bắt đầu xử lý symbol = NO1
[2025-10-07T15:05:21.177+0000] {logging_mixin.py:190} INFO - ⚠️ Không đọc được file cũ NO1: 'date'
[2025-10-07T15:05:21.183+0000] {logging_mixin.py:190} INFO - NO1: trích dữ liệu từ 2025-10-08 đến 2025-10-07
[2025-10-07T15:05:25.760+0000] {logging_mixin.py:190} INFO - Không tìm thấy dữ liệu cho NO1
[2025-10-07T15:05:25.762+0000] {logging_mixin.py:190} INFO - ℹ️ NO1: Không có dữ liệu mới.
[2025-10-07T15:05:25.762+0000] {logging_mixin.py:190} INFO - 🚦 Giới hạn API đạt mức tối đa, chờ 0.1s...
[2025-10-07T15:05:25.854+0000] {logging_mixin.py:190} INFO - ⬇️ Bắt đầu xử lý symbol = NNT
[2025-10-07T15:05:25.872+0000] {logging_mixin.py:190} INFO - ⚠️ Không đọc được file cũ NNT: 'date'
[2025-10-07T15:05:25.879+0000] {logging_mixin.py:190} INFO - NNT: trích dữ liệu từ 2025-10-08 đến 2025-10-07
[2025-10-07T15:05:30.453+0000] {logging_mixin.py:190} INFO - Không tìm thấy dữ liệu cho NNT
[2025-10-07T15:05:30.455+0000] {logging_mixin.py:190} INFO - ℹ️ NNT: Không có dữ liệu mới.
[2025-10-07T15:05:30.456+0000] {logging_mixin.py:190} INFO - 🚦 Giới hạn API đạt mức tối đa, chờ 35.4s...
[2025-10-07T15:06:05.833+0000] {logging_mixin.py:190} INFO - ⬇️ Bắt đầu xử lý symbol = NNQ
[2025-10-07T15:06:05.845+0000] {logging_mixin.py:190} INFO - NNQ: trích dữ liệu từ 2020-01-01 đến 2025-10-07
[2025-10-07T15:06:10.373+0000] {logging_mixin.py:190} INFO - Không tìm thấy dữ liệu cho NNQ
[2025-10-07T15:06:10.375+0000] {logging_mixin.py:190} INFO - ℹ️ NNQ: Không có dữ liệu mới.
[2025-10-07T15:06:10.376+0000] {logging_mixin.py:190} INFO - 🚦 Giới hạn API đạt mức tối đa, chờ 1.2s...
[2025-10-07T15:06:11.539+0000] {logging_mixin.py:190} INFO - ⬇️ Bắt đầu xử lý symbol = NNG
[2025-10-07T15:06:11.558+0000] {logging_mixin.py:190} INFO - ⚠️ Không đọc được file cũ NNG: 'date'
[2025-10-07T15:06:11.564+0000] {logging_mixin.py:190} INFO - NNG: trích dữ liệu từ 2023-07-25 đến 2025-10-07
[2025-10-07T15:06:15.960+0000] {logging_mixin.py:190} INFO - Không tìm thấy dữ liệu cho NNG
[2025-10-07T15:06:15.961+0000] {logging_mixin.py:190} INFO - ℹ️ NNG: Không có dữ liệu mới.
[2025-10-07T15:06:15.962+0000] {logging_mixin.py:190} INFO - 🚦 Giới hạn API đạt mức tối đa, chờ 0.4s...
[2025-10-07T15:06:16.346+0000] {logging_mixin.py:190} INFO - ⬇️ Bắt đầu xử lý symbol = NNC
[2025-10-07T15:06:16.366+0000] {logging_mixin.py:190} INFO - ⚠️ Không đọc được file cũ NNC: 'date'
[2025-10-07T15:06:16.373+0000] {logging_mixin.py:190} INFO - NNC: trích dữ liệu từ 2025-10-08 đến 2025-10-07
[2025-10-07T15:06:20.789+0000] {logging_mixin.py:190} INFO - Không tìm thấy dữ liệu cho NNC
[2025-10-07T15:06:20.791+0000] {logging_mixin.py:190} INFO - ℹ️ NNC: Không có dữ liệu mới.
[2025-10-07T15:06:20.791+0000] {logging_mixin.py:190} INFO - 🚦 Giới hạn API đạt mức tối đa, chờ 0.4s...
[2025-10-07T15:06:21.151+0000] {logging_mixin.py:190} INFO - ⬇️ Bắt đầu xử lý symbol = NLS
[2025-10-07T15:06:21.178+0000] {logging_mixin.py:190} INFO - ⚠️ Không đọc được file cũ NLS: 'date'
[2025-10-07T15:06:21.185+0000] {logging_mixin.py:190} INFO - NLS: trích dữ liệu từ 2025-08-22 đến 2025-10-07
[2025-10-07T15:06:25.730+0000] {logging_mixin.py:190} INFO - Không tìm thấy dữ liệu cho NLS
[2025-10-07T15:06:25.732+0000] {logging_mixin.py:190} INFO - ℹ️ NLS: Không có dữ liệu mới.
[2025-10-07T15:06:25.732+0000] {logging_mixin.py:190} INFO - 🚦 Giới hạn API đạt mức tối đa, chờ 0.1s...
[2025-10-07T15:06:25.855+0000] {logging_mixin.py:190} INFO - ⬇️ Bắt đầu xử lý symbol = NLG
[2025-10-07T15:06:25.874+0000] {logging_mixin.py:190} INFO - ⚠️ Không đọc được file cũ NLG: 'date'
[2025-10-07T15:06:25.880+0000] {logging_mixin.py:190} INFO - NLG: trích dữ liệu từ 2025-10-08 đến 2025-10-07
[2025-10-07T15:06:30.277+0000] {logging_mixin.py:190} INFO - Không tìm thấy dữ liệu cho NLG
[2025-10-07T15:06:30.278+0000] {logging_mixin.py:190} INFO - ℹ️ NLG: Không có dữ liệu mới.
[2025-10-07T15:06:30.278+0000] {logging_mixin.py:190} INFO - 🚦 Giới hạn API đạt mức tối đa, chờ 35.6s...
[2025-10-07T15:07:05.829+0000] {logging_mixin.py:190} INFO - ⬇️ Bắt đầu xử lý symbol = NKG
[2025-10-07T15:07:05.851+0000] {logging_mixin.py:190} INFO - ⚠️ Không đọc được file cũ NKG: 'date'
[2025-10-07T15:07:05.857+0000] {logging_mixin.py:190} INFO - NKG: trích dữ liệu từ 2025-10-08 đến 2025-10-07
[2025-10-07T15:07:10.432+0000] {logging_mixin.py:190} INFO - Không tìm thấy dữ liệu cho NKG
[2025-10-07T15:07:10.434+0000] {logging_mixin.py:190} INFO - ℹ️ NKG: Không có dữ liệu mới.
[2025-10-07T15:07:10.434+0000] {logging_mixin.py:190} INFO - 🚦 Giới hạn API đạt mức tối đa, chờ 1.1s...
[2025-10-07T15:07:11.539+0000] {logging_mixin.py:190} INFO - ⬇️ Bắt đầu xử lý symbol = NJC
[2025-10-07T15:07:11.556+0000] {logging_mixin.py:190} INFO - ⚠️ Không đọc được file cũ NJC: 'date'
[2025-10-07T15:07:11.563+0000] {logging_mixin.py:190} INFO - NJC: trích dữ liệu từ 2025-09-30 đến 2025-10-07
[2025-10-07T15:07:15.993+0000] {logging_mixin.py:190} INFO - Không tìm thấy dữ liệu cho NJC
[2025-10-07T15:07:15.995+0000] {logging_mixin.py:190} INFO - ℹ️ NJC: Không có dữ liệu mới.
[2025-10-07T15:07:15.995+0000] {logging_mixin.py:190} INFO - 🚦 Giới hạn API đạt mức tối đa, chờ 0.4s...
[2025-10-07T15:07:16.347+0000] {logging_mixin.py:190} INFO - ⬇️ Bắt đầu xử lý symbol = NHV
[2025-10-07T15:07:16.370+0000] {logging_mixin.py:190} INFO - ⚠️ Không đọc được file cũ NHV: 'date'
[2025-10-07T15:07:16.380+0000] {logging_mixin.py:190} INFO - NHV: trích dữ liệu từ 2025-05-31 đến 2025-10-07
[2025-10-07T15:07:21.171+0000] {logging_mixin.py:190} INFO - Không tìm thấy dữ liệu cho NHV
[2025-10-07T15:07:21.173+0000] {logging_mixin.py:190} INFO - ℹ️ NHV: Không có dữ liệu mới.
[2025-10-07T15:07:21.173+0000] {logging_mixin.py:190} INFO - ⬇️ Bắt đầu xử lý symbol = NHT
[2025-10-07T15:07:21.202+0000] {logging_mixin.py:190} INFO - ⚠️ Không đọc được file cũ NHT: 'date'
[2025-10-07T15:07:21.210+0000] {logging_mixin.py:190} INFO - NHT: trích dữ liệu từ 2025-10-08 đến 2025-10-07
[2025-10-07T15:07:25.652+0000] {logging_mixin.py:190} INFO - Không tìm thấy dữ liệu cho NHT
[2025-10-07T15:07:25.653+0000] {logging_mixin.py:190} INFO - ℹ️ NHT: Không có dữ liệu mới.
[2025-10-07T15:07:25.653+0000] {logging_mixin.py:190} INFO - 🚦 Giới hạn API đạt mức tối đa, chờ 0.2s...
[2025-10-07T15:07:25.855+0000] {logging_mixin.py:190} INFO - ⬇️ Bắt đầu xử lý symbol = NHP
[2025-10-07T15:07:25.871+0000] {logging_mixin.py:190} INFO - ⚠️ Không đọc được file cũ NHP: 'date'
[2025-10-07T15:07:25.877+0000] {logging_mixin.py:190} INFO - NHP: trích dữ liệu từ 2024-07-26 đến 2025-10-07
[2025-10-07T15:07:30.474+0000] {logging_mixin.py:190} INFO - Không tìm thấy dữ liệu cho NHP
[2025-10-07T15:07:30.476+0000] {logging_mixin.py:190} INFO - ℹ️ NHP: Không có dữ liệu mới.
[2025-10-07T15:07:30.477+0000] {logging_mixin.py:190} INFO - 🚦 Giới hạn API đạt mức tối đa, chờ 35.4s...
[2025-10-07T15:08:05.832+0000] {logging_mixin.py:190} INFO - ⬇️ Bắt đầu xử lý symbol = NHH
[2025-10-07T15:08:05.859+0000] {logging_mixin.py:190} INFO - ⚠️ Không đọc được file cũ NHH: 'date'
[2025-10-07T15:08:05.866+0000] {logging_mixin.py:190} INFO - NHH: trích dữ liệu từ 2025-10-08 đến 2025-10-07
[2025-10-07T15:08:11.730+0000] {logging_mixin.py:190} INFO - Không tìm thấy dữ liệu cho NHH
[2025-10-07T15:08:11.732+0000] {logging_mixin.py:190} INFO - ℹ️ NHH: Không có dữ liệu mới.
[2025-10-07T15:08:11.732+0000] {logging_mixin.py:190} INFO - ⬇️ Bắt đầu xử lý symbol = NHC
[2025-10-07T15:08:11.747+0000] {logging_mixin.py:190} INFO - ⚠️ Không đọc được file cũ NHC: 'date'
[2025-10-07T15:08:11.753+0000] {logging_mixin.py:190} INFO - NHC: trích dữ liệu từ 2025-10-03 đến 2025-10-07
[2025-10-07T15:08:16.228+0000] {logging_mixin.py:190} INFO - Không tìm thấy dữ liệu cho NHC
[2025-10-07T15:08:16.230+0000] {logging_mixin.py:190} INFO - ℹ️ NHC: Không có dữ liệu mới.
[2025-10-07T15:08:16.231+0000] {logging_mixin.py:190} INFO - 🚦 Giới hạn API đạt mức tối đa, chờ 0.1s...
[2025-10-07T15:08:16.347+0000] {logging_mixin.py:190} INFO - ⬇️ Bắt đầu xử lý symbol = NHA
[2025-10-07T15:08:16.370+0000] {logging_mixin.py:190} INFO - ⚠️ Không đọc được file cũ NHA: 'date'
[2025-10-07T15:08:16.377+0000] {logging_mixin.py:190} INFO - NHA: trích dữ liệu từ 2025-10-08 đến 2025-10-07
[2025-10-07T15:08:20.928+0000] {logging_mixin.py:190} INFO - Không tìm thấy dữ liệu cho NHA
[2025-10-07T15:08:20.930+0000] {logging_mixin.py:190} INFO - ℹ️ NHA: Không có dữ liệu mới.
[2025-10-07T15:08:20.931+0000] {logging_mixin.py:190} INFO - 🚦 Giới hạn API đạt mức tối đa, chờ 0.2s...
[2025-10-07T15:08:21.174+0000] {logging_mixin.py:190} INFO - ⬇️ Bắt đầu xử lý symbol = NGC
[2025-10-07T15:08:21.203+0000] {logging_mixin.py:190} INFO - ⚠️ Không đọc được file cũ NGC: 'date'
[2025-10-07T15:08:21.209+0000] {logging_mixin.py:190} INFO - NGC: trích dữ liệu từ 2025-08-23 đến 2025-10-07
[2025-10-07T15:08:25.875+0000] {logging_mixin.py:190} INFO - Không tìm thấy dữ liệu cho NGC
[2025-10-07T15:08:25.877+0000] {logging_mixin.py:190} INFO - ℹ️ NGC: Không có dữ liệu mới.
[2025-10-07T15:08:25.877+0000] {logging_mixin.py:190} INFO - ⬇️ Bắt đầu xử lý symbol = NFC
[2025-10-07T15:08:25.895+0000] {logging_mixin.py:190} INFO - ⚠️ Không đọc được file cũ NFC: 'date'
[2025-10-07T15:08:25.901+0000] {logging_mixin.py:190} INFO - NFC: trích dữ liệu từ 2025-10-07 đến 2025-10-07
[2025-10-07T15:08:30.455+0000] {logging_mixin.py:190} INFO - Không tìm thấy dữ liệu cho NFC
[2025-10-07T15:08:30.457+0000] {logging_mixin.py:190} INFO - ℹ️ NFC: Không có dữ liệu mới.
[2025-10-07T15:08:30.458+0000] {logging_mixin.py:190} INFO - 🚦 Giới hạn API đạt mức tối đa, chờ 35.4s...
[2025-10-07T15:09:05.835+0000] {logging_mixin.py:190} INFO - ⬇️ Bắt đầu xử lý symbol = NET
[2025-10-07T15:09:05.860+0000] {logging_mixin.py:190} INFO - ⚠️ Không đọc được file cũ NET: 'date'
[2025-10-07T15:09:05.866+0000] {logging_mixin.py:190} INFO - NET: trích dữ liệu từ 2025-10-08 đến 2025-10-07
[2025-10-07T15:09:10.397+0000] {logging_mixin.py:190} INFO - Không tìm thấy dữ liệu cho NET
[2025-10-07T15:09:10.398+0000] {logging_mixin.py:190} INFO - ℹ️ NET: Không có dữ liệu mới.
[2025-10-07T15:09:10.399+0000] {logging_mixin.py:190} INFO - 🚦 Giới hạn API đạt mức tối đa, chờ 1.3s...
[2025-10-07T15:09:11.733+0000] {logging_mixin.py:190} INFO - ⬇️ Bắt đầu xử lý symbol = NEM
[2025-10-07T15:09:11.749+0000] {logging_mixin.py:190} INFO - ⚠️ Không đọc được file cũ NEM: 'date'
[2025-10-07T15:09:11.756+0000] {logging_mixin.py:190} INFO - NEM: trích dữ liệu từ 2025-09-16 đến 2025-10-07
[2025-10-07T15:09:16.263+0000] {logging_mixin.py:190} INFO - Không tìm thấy dữ liệu cho NEM
[2025-10-07T15:09:16.264+0000] {logging_mixin.py:190} INFO - ℹ️ NEM: Không có dữ liệu mới.
[2025-10-07T15:09:16.265+0000] {logging_mixin.py:190} INFO - 🚦 Giới hạn API đạt mức tối đa, chờ 0.1s...
[2025-10-07T15:09:16.348+0000] {logging_mixin.py:190} INFO - ⬇️ Bắt đầu xử lý symbol = NED
[2025-10-07T15:09:16.365+0000] {logging_mixin.py:190} INFO - ⚠️ Không đọc được file cũ NED: 'date'
[2025-10-07T15:09:16.371+0000] {logging_mixin.py:190} INFO - NED: trích dữ liệu từ 2025-10-08 đến 2025-10-07
[2025-10-07T15:09:22.190+0000] {logging_mixin.py:190} INFO - Không tìm thấy dữ liệu cho NED
[2025-10-07T15:09:22.191+0000] {logging_mixin.py:190} INFO - ℹ️ NED: Không có dữ liệu mới.
[2025-10-07T15:09:22.192+0000] {logging_mixin.py:190} INFO - ⬇️ Bắt đầu xử lý symbol = NDX
[2025-10-07T15:09:22.209+0000] {logging_mixin.py:190} INFO - ⚠️ Không đọc được file cũ NDX: 'date'
[2025-10-07T15:09:22.216+0000] {logging_mixin.py:190} INFO - NDX: trích dữ liệu từ 2025-10-08 đến 2025-10-07
[2025-10-07T15:09:26.975+0000] {logging_mixin.py:190} INFO - Không tìm thấy dữ liệu cho NDX
[2025-10-07T15:09:26.978+0000] {logging_mixin.py:190} INFO - ℹ️ NDX: Không có dữ liệu mới.
[2025-10-07T15:09:26.979+0000] {logging_mixin.py:190} INFO - ⬇️ Bắt đầu xử lý symbol = NDW
[2025-10-07T15:09:27.001+0000] {logging_mixin.py:190} INFO - ⚠️ Không đọc được file cũ NDW: 'date'
[2025-10-07T15:09:27.008+0000] {logging_mixin.py:190} INFO - NDW: trích dữ liệu từ 2025-09-26 đến 2025-10-07
[2025-10-07T15:09:31.689+0000] {logging_mixin.py:190} INFO - Không tìm thấy dữ liệu cho NDW
[2025-10-07T15:09:31.691+0000] {logging_mixin.py:190} INFO - ℹ️ NDW: Không có dữ liệu mới.
[2025-10-07T15:09:31.692+0000] {logging_mixin.py:190} INFO - 🚦 Giới hạn API đạt mức tối đa, chờ 34.1s...
[2025-10-07T15:10:05.837+0000] {logging_mixin.py:190} INFO - ⬇️ Bắt đầu xử lý symbol = NDT
[2025-10-07T15:10:05.856+0000] {logging_mixin.py:190} INFO - ⚠️ Không đọc được file cũ NDT: 'date'
[2025-10-07T15:10:05.863+0000] {logging_mixin.py:190} INFO - NDT: trích dữ liệu từ 2025-10-04 đến 2025-10-07
[2025-10-07T15:10:12.512+0000] {logging_mixin.py:190} INFO - Không tìm thấy dữ liệu cho NDT
[2025-10-07T15:10:12.514+0000] {logging_mixin.py:190} INFO - ℹ️ NDT: Không có dữ liệu mới.
[2025-10-07T15:10:12.514+0000] {logging_mixin.py:190} INFO - ⬇️ Bắt đầu xử lý symbol = NDP
[2025-10-07T15:10:12.548+0000] {logging_mixin.py:190} INFO - ⚠️ Không đọc được file cũ NDP: 'date'
[2025-10-07T15:10:12.555+0000] {logging_mixin.py:190} INFO - NDP: trích dữ liệu từ 2025-10-02 đến 2025-10-07
[2025-10-07T15:10:17.018+0000] {logging_mixin.py:190} INFO - Không tìm thấy dữ liệu cho NDP
[2025-10-07T15:10:17.020+0000] {logging_mixin.py:190} INFO - ℹ️ NDP: Không có dữ liệu mới.
[2025-10-07T15:10:17.020+0000] {logging_mixin.py:190} INFO - ⬇️ Bắt đầu xử lý symbol = NDN
[2025-10-07T15:10:17.037+0000] {logging_mixin.py:190} INFO - ⚠️ Không đọc được file cũ NDN: 'date'
[2025-10-07T15:10:17.044+0000] {logging_mixin.py:190} INFO - NDN: trích dữ liệu từ 2025-10-08 đến 2025-10-07
[2025-10-07T15:10:21.578+0000] {logging_mixin.py:190} INFO - Không tìm thấy dữ liệu cho NDN
[2025-10-07T15:10:21.580+0000] {logging_mixin.py:190} INFO - ℹ️ NDN: Không có dữ liệu mới.
[2025-10-07T15:10:21.580+0000] {logging_mixin.py:190} INFO - 🚦 Giới hạn API đạt mức tối đa, chờ 0.6s...
[2025-10-07T15:10:22.193+0000] {logging_mixin.py:190} INFO - ⬇️ Bắt đầu xử lý symbol = NDF
[2025-10-07T15:10:22.215+0000] {logging_mixin.py:190} INFO - ⚠️ Không đọc được file cũ NDF: 'date'
[2025-10-07T15:10:22.222+0000] {logging_mixin.py:190} INFO - NDF: trích dữ liệu từ 2024-07-26 đến 2025-10-07
[2025-10-07T15:10:26.770+0000] {logging_mixin.py:190} INFO - Không tìm thấy dữ liệu cho NDF
[2025-10-07T15:10:26.772+0000] {logging_mixin.py:190} INFO - ℹ️ NDF: Không có dữ liệu mới.
[2025-10-07T15:10:26.773+0000] {logging_mixin.py:190} INFO - 🚦 Giới hạn API đạt mức tối đa, chờ 0.2s...
[2025-10-07T15:10:26.979+0000] {logging_mixin.py:190} INFO - ⬇️ Bắt đầu xử lý symbol = NDC
[2025-10-07T15:10:27.003+0000] {logging_mixin.py:190} INFO - ⚠️ Không đọc được file cũ NDC: 'date'
[2025-10-07T15:10:27.014+0000] {logging_mixin.py:190} INFO - NDC: trích dữ liệu từ 2025-10-03 đến 2025-10-07
[2025-10-07T15:10:31.525+0000] {logging_mixin.py:190} INFO - Không tìm thấy dữ liệu cho NDC
[2025-10-07T15:10:31.526+0000] {logging_mixin.py:190} INFO - ℹ️ NDC: Không có dữ liệu mới.
[2025-10-07T15:10:31.526+0000] {python.py:240} INFO - Done. Returned value was: None
[2025-10-07T15:10:31.535+0000] {taskinstance.py:341} INFO - ::group::Post task execution logs
[2025-10-07T15:10:31.536+0000] {taskinstance.py:353} INFO - Marking task as SUCCESS. dag_id=vnstock_weekly_etl_incremental, task_id=process_batch, run_id=manual__2025-10-07T10:44:44.201464+00:00, map_index=15, execution_date=20251007T104444, start_date=20251007T150105, end_date=20251007T151031
[2025-10-07T15:10:31.601+0000] {local_task_job_runner.py:266} INFO - Task exited with return code 0
[2025-10-07T15:10:31.769+0000] {taskinstance.py:3901} INFO - 0 downstream tasks scheduled from follow-on schedule check
[2025-10-07T15:10:31.771+0000] {local_task_job_runner.py:245} INFO - ::endgroup::
