[2025-10-07T11:40:24.489+0000] {local_task_job_runner.py:123} INFO - ::group::Pre task execution logs
[2025-10-07T11:40:24.517+0000] {taskinstance.py:2614} INFO - Dependencies all met for dep_context=non-requeueable deps ti=<TaskInstance: vnstock_weekly_etl_incremental.process_batch manual__2025-10-07T10:41:48.387187+00:00 map_index=26 [queued]>
[2025-10-07T11:40:24.534+0000] {taskinstance.py:2614} INFO - Dependencies all met for dep_context=requeueable deps ti=<TaskInstance: vnstock_weekly_etl_incremental.process_batch manual__2025-10-07T10:41:48.387187+00:00 map_index=26 [queued]>
[2025-10-07T11:40:24.535+0000] {taskinstance.py:2867} INFO - Starting attempt 1 of 3
[2025-10-07T11:40:24.557+0000] {taskinstance.py:2890} INFO - Executing <Mapped(_PythonDecoratedOperator): process_batch> on 2025-10-07 10:41:48.387187+00:00
[2025-10-07T11:40:24.576+0000] {logging_mixin.py:190} WARNING - /home/***/.local/lib/python3.12/site-packages/***/task/task_runner/standard_task_runner.py:70 DeprecationWarning: This process (pid=9084) is multi-threaded, use of fork() may lead to deadlocks in the child.
[2025-10-07T11:40:24.578+0000] {standard_task_runner.py:72} INFO - Started process 9114 to run task
[2025-10-07T11:40:24.576+0000] {standard_task_runner.py:104} INFO - Running: ['***', 'tasks', 'run', 'vnstock_weekly_etl_incremental', 'process_batch', 'manual__2025-10-07T10:41:48.387187+00:00', '--job-id', '150', '--raw', '--subdir', 'DAGS_FOLDER/dag.py', '--cfg-path', '/tmp/tmpqsvu1825', '--map-index', '26']
[2025-10-07T11:40:24.579+0000] {standard_task_runner.py:105} INFO - Job 150: Subtask process_batch
[2025-10-07T11:40:24.601+0000] {logging_mixin.py:190} WARNING - /home/***/.local/lib/python3.12/site-packages/***/settings.py:209 DeprecationWarning: The sql_alchemy_conn option in [core] has been moved to the sql_alchemy_conn option in [database] - the old setting has been used, but please update your config.
[2025-10-07T11:40:24.667+0000] {task_command.py:467} INFO - Running <TaskInstance: vnstock_weekly_etl_incremental.process_batch manual__2025-10-07T10:41:48.387187+00:00 map_index=26 [running]> on host e3278e0f0bbc
[2025-10-07T11:40:25.051+0000] {taskinstance.py:3134} INFO - Exporting env vars: AIRFLOW_CTX_DAG_OWNER='***' AIRFLOW_CTX_DAG_ID='vnstock_weekly_etl_incremental' AIRFLOW_CTX_TASK_ID='process_batch' AIRFLOW_CTX_EXECUTION_DATE='2025-10-07T10:41:48.387187+00:00' AIRFLOW_CTX_TRY_NUMBER='1' AIRFLOW_CTX_DAG_RUN_ID='manual__2025-10-07T10:41:48.387187+00:00'
[2025-10-07T11:40:25.053+0000] {taskinstance.py:732} INFO - ::endgroup::
[2025-10-07T11:40:25.056+0000] {logging_mixin.py:190} INFO - ⬇️ Bắt đầu xử lý symbol = DTG
[2025-10-07T11:40:25.077+0000] {logging_mixin.py:190} INFO - ⚠️ Không đọc được file cũ DTG: 'date'
[2025-10-07T11:40:25.094+0000] {logging_mixin.py:190} INFO - DTG: trích dữ liệu từ 2025-10-08 đến 2025-10-07
[2025-10-07T11:40:25.111+0000] {client.py:83} ERROR - API request failed: HTTPSConnectionPool(host='trading.vietcap.com.vn', port=443): Max retries exceeded with url: /api/chart/OHLCChart/gap (Caused by NameResolutionError("<urllib3.connection.HTTPSConnection object at 0x7e619e852a20>: Failed to resolve 'trading.vietcap.com.vn' ([Errno -2] Name or service not known)"))
[2025-10-07T11:40:27.118+0000] {client.py:83} ERROR - API request failed: HTTPSConnectionPool(host='trading.vietcap.com.vn', port=443): Max retries exceeded with url: /api/chart/OHLCChart/gap (Caused by NameResolutionError("<urllib3.connection.HTTPSConnection object at 0x7e619e934a10>: Failed to resolve 'trading.vietcap.com.vn' ([Errno -2] Name or service not known)"))
[2025-10-07T11:40:29.125+0000] {client.py:83} ERROR - API request failed: HTTPSConnectionPool(host='trading.vietcap.com.vn', port=443): Max retries exceeded with url: /api/chart/OHLCChart/gap (Caused by NameResolutionError("<urllib3.connection.HTTPSConnection object at 0x7e619e935670>: Failed to resolve 'trading.vietcap.com.vn' ([Errno -2] Name or service not known)"))
[2025-10-07T11:40:29.126+0000] {logging_mixin.py:190} INFO - Không tìm thấy dữ liệu cho DTG
[2025-10-07T11:40:29.128+0000] {logging_mixin.py:190} INFO - ℹ️ DTG: Không có dữ liệu mới.
[2025-10-07T11:40:29.129+0000] {logging_mixin.py:190} INFO - ⬇️ Bắt đầu xử lý symbol = DTE
[2025-10-07T11:40:29.142+0000] {logging_mixin.py:190} INFO - ⚠️ Không đọc được file cũ DTE: 'date'
[2025-10-07T11:40:29.156+0000] {logging_mixin.py:190} INFO - DTE: trích dữ liệu từ 2025-04-26 đến 2025-10-07
[2025-10-07T11:40:29.163+0000] {client.py:83} ERROR - API request failed: HTTPSConnectionPool(host='trading.vietcap.com.vn', port=443): Max retries exceeded with url: /api/chart/OHLCChart/gap (Caused by NameResolutionError("<urllib3.connection.HTTPSConnection object at 0x7e619e937380>: Failed to resolve 'trading.vietcap.com.vn' ([Errno -2] Name or service not known)"))
[2025-10-07T11:40:31.177+0000] {client.py:83} ERROR - API request failed: HTTPSConnectionPool(host='trading.vietcap.com.vn', port=443): Max retries exceeded with url: /api/chart/OHLCChart/gap (Caused by NameResolutionError("<urllib3.connection.HTTPSConnection object at 0x7e619e937680>: Failed to resolve 'trading.vietcap.com.vn' ([Errno -2] Name or service not known)"))
[2025-10-07T11:40:33.187+0000] {client.py:83} ERROR - API request failed: HTTPSConnectionPool(host='trading.vietcap.com.vn', port=443): Max retries exceeded with url: /api/chart/OHLCChart/gap (Caused by NameResolutionError("<urllib3.connection.HTTPSConnection object at 0x7e619e760380>: Failed to resolve 'trading.vietcap.com.vn' ([Errno -2] Name or service not known)"))
[2025-10-07T11:40:33.189+0000] {logging_mixin.py:190} INFO - Không tìm thấy dữ liệu cho DTE
[2025-10-07T11:40:33.191+0000] {logging_mixin.py:190} INFO - ℹ️ DTE: Không có dữ liệu mới.
[2025-10-07T11:40:33.193+0000] {logging_mixin.py:190} INFO - ⬇️ Bắt đầu xử lý symbol = DTD
[2025-10-07T11:40:33.217+0000] {logging_mixin.py:190} INFO - ⚠️ Không đọc được file cũ DTD: 'date'
[2025-10-07T11:40:33.239+0000] {logging_mixin.py:190} INFO - DTD: trích dữ liệu từ 2025-10-08 đến 2025-10-07
[2025-10-07T11:40:33.248+0000] {client.py:83} ERROR - API request failed: HTTPSConnectionPool(host='trading.vietcap.com.vn', port=443): Max retries exceeded with url: /api/chart/OHLCChart/gap (Caused by NameResolutionError("<urllib3.connection.HTTPSConnection object at 0x7e619e761e50>: Failed to resolve 'trading.vietcap.com.vn' ([Errno -2] Name or service not known)"))
[2025-10-07T11:40:35.269+0000] {client.py:83} ERROR - API request failed: HTTPSConnectionPool(host='trading.vietcap.com.vn', port=443): Max retries exceeded with url: /api/chart/OHLCChart/gap (Caused by NameResolutionError("<urllib3.connection.HTTPSConnection object at 0x7e619e927f80>: Failed to resolve 'trading.vietcap.com.vn' ([Errno -2] Name or service not known)"))
[2025-10-07T11:40:37.278+0000] {client.py:83} ERROR - API request failed: HTTPSConnectionPool(host='trading.vietcap.com.vn', port=443): Max retries exceeded with url: /api/chart/OHLCChart/gap (Caused by NameResolutionError("<urllib3.connection.HTTPSConnection object at 0x7e619e9375f0>: Failed to resolve 'trading.vietcap.com.vn' ([Errno -2] Name or service not known)"))
[2025-10-07T11:40:37.280+0000] {logging_mixin.py:190} INFO - Không tìm thấy dữ liệu cho DTD
[2025-10-07T11:40:37.283+0000] {logging_mixin.py:190} INFO - ℹ️ DTD: Không có dữ liệu mới.
[2025-10-07T11:40:37.284+0000] {logging_mixin.py:190} INFO - ⬇️ Bắt đầu xử lý symbol = DTC
[2025-10-07T11:40:37.295+0000] {logging_mixin.py:190} INFO - ⚠️ Không đọc được file cũ DTC: 'date'
[2025-10-07T11:40:37.304+0000] {logging_mixin.py:190} INFO - DTC: trích dữ liệu từ 2025-10-08 đến 2025-10-07
[2025-10-07T11:40:37.309+0000] {client.py:83} ERROR - API request failed: HTTPSConnectionPool(host='trading.vietcap.com.vn', port=443): Max retries exceeded with url: /api/chart/OHLCChart/gap (Caused by NameResolutionError("<urllib3.connection.HTTPSConnection object at 0x7e619e990500>: Failed to resolve 'trading.vietcap.com.vn' ([Errno -2] Name or service not known)"))
[2025-10-07T11:40:39.325+0000] {client.py:83} ERROR - API request failed: HTTPSConnectionPool(host='trading.vietcap.com.vn', port=443): Max retries exceeded with url: /api/chart/OHLCChart/gap (Caused by NameResolutionError("<urllib3.connection.HTTPSConnection object at 0x7e619e760f50>: Failed to resolve 'trading.vietcap.com.vn' ([Errno -2] Name or service not known)"))
[2025-10-07T11:40:41.346+0000] {client.py:83} ERROR - API request failed: HTTPSConnectionPool(host='trading.vietcap.com.vn', port=443): Max retries exceeded with url: /api/chart/OHLCChart/gap (Caused by NameResolutionError("<urllib3.connection.HTTPSConnection object at 0x7e619e761940>: Failed to resolve 'trading.vietcap.com.vn' ([Errno -2] Name or service not known)"))
[2025-10-07T11:40:41.351+0000] {logging_mixin.py:190} INFO - Không tìm thấy dữ liệu cho DTC
[2025-10-07T11:40:41.356+0000] {logging_mixin.py:190} INFO - ℹ️ DTC: Không có dữ liệu mới.
[2025-10-07T11:40:41.359+0000] {logging_mixin.py:190} INFO - ⬇️ Bắt đầu xử lý symbol = DTB
[2025-10-07T11:40:41.393+0000] {logging_mixin.py:190} INFO - ⚠️ Không đọc được file cũ DTB: 'date'
[2025-10-07T11:40:41.433+0000] {logging_mixin.py:190} INFO - DTB: trích dữ liệu từ 2025-08-06 đến 2025-10-07
[2025-10-07T11:40:41.449+0000] {client.py:83} ERROR - API request failed: HTTPSConnectionPool(host='trading.vietcap.com.vn', port=443): Max retries exceeded with url: /api/chart/OHLCChart/gap (Caused by NameResolutionError("<urllib3.connection.HTTPSConnection object at 0x7e619e890590>: Failed to resolve 'trading.vietcap.com.vn' ([Errno -2] Name or service not known)"))
[2025-10-07T11:40:43.464+0000] {client.py:83} ERROR - API request failed: HTTPSConnectionPool(host='trading.vietcap.com.vn', port=443): Max retries exceeded with url: /api/chart/OHLCChart/gap (Caused by NameResolutionError("<urllib3.connection.HTTPSConnection object at 0x7e619e7604d0>: Failed to resolve 'trading.vietcap.com.vn' ([Errno -2] Name or service not known)"))
[2025-10-07T11:40:45.472+0000] {client.py:83} ERROR - API request failed: HTTPSConnectionPool(host='trading.vietcap.com.vn', port=443): Max retries exceeded with url: /api/chart/OHLCChart/gap (Caused by NameResolutionError("<urllib3.connection.HTTPSConnection object at 0x7e619e762e10>: Failed to resolve 'trading.vietcap.com.vn' ([Errno -2] Name or service not known)"))
[2025-10-07T11:40:45.474+0000] {logging_mixin.py:190} INFO - Không tìm thấy dữ liệu cho DTB
[2025-10-07T11:40:45.475+0000] {logging_mixin.py:190} INFO - ℹ️ DTB: Không có dữ liệu mới.
[2025-10-07T11:40:45.476+0000] {logging_mixin.py:190} INFO - 🚦 Giới hạn API đạt mức tối đa, chờ 39.6s...
[2025-10-07T11:41:25.055+0000] {logging_mixin.py:190} INFO - ⬇️ Bắt đầu xử lý symbol = DTA
[2025-10-07T11:41:25.127+0000] {logging_mixin.py:190} INFO - ⚠️ Không đọc được file cũ DTA: 'date'
[2025-10-07T11:41:25.193+0000] {logging_mixin.py:190} INFO - DTA: trích dữ liệu từ 2025-10-04 đến 2025-10-07
[2025-10-07T11:41:25.240+0000] {client.py:83} ERROR - API request failed: HTTPSConnectionPool(host='trading.vietcap.com.vn', port=443): Max retries exceeded with url: /api/chart/OHLCChart/gap (Caused by NameResolutionError("<urllib3.connection.HTTPSConnection object at 0x7e619e762c30>: Failed to resolve 'trading.vietcap.com.vn' ([Errno -2] Name or service not known)"))
[2025-10-07T11:41:27.252+0000] {client.py:83} ERROR - API request failed: HTTPSConnectionPool(host='trading.vietcap.com.vn', port=443): Max retries exceeded with url: /api/chart/OHLCChart/gap (Caused by NameResolutionError("<urllib3.connection.HTTPSConnection object at 0x7e619e7624e0>: Failed to resolve 'trading.vietcap.com.vn' ([Errno -2] Name or service not known)"))
[2025-10-07T11:41:29.270+0000] {client.py:83} ERROR - API request failed: HTTPSConnectionPool(host='trading.vietcap.com.vn', port=443): Max retries exceeded with url: /api/chart/OHLCChart/gap (Caused by NameResolutionError("<urllib3.connection.HTTPSConnection object at 0x7e619e927f80>: Failed to resolve 'trading.vietcap.com.vn' ([Errno -2] Name or service not known)"))
[2025-10-07T11:41:29.274+0000] {logging_mixin.py:190} INFO - Không tìm thấy dữ liệu cho DTA
[2025-10-07T11:41:29.280+0000] {logging_mixin.py:190} INFO - ℹ️ DTA: Không có dữ liệu mới.
[2025-10-07T11:41:29.283+0000] {logging_mixin.py:190} INFO - ⬇️ Bắt đầu xử lý symbol = DT4
[2025-10-07T11:41:29.371+0000] {logging_mixin.py:190} INFO - ⚠️ Không đọc được file cũ DT4: 'date'
[2025-10-07T11:41:29.406+0000] {logging_mixin.py:190} INFO - DT4: trích dữ liệu từ 2022-07-08 đến 2025-10-07
[2025-10-07T11:41:29.422+0000] {client.py:83} ERROR - API request failed: HTTPSConnectionPool(host='trading.vietcap.com.vn', port=443): Max retries exceeded with url: /api/chart/OHLCChart/gap (Caused by NameResolutionError("<urllib3.connection.HTTPSConnection object at 0x7e619e7ad490>: Failed to resolve 'trading.vietcap.com.vn' ([Errno -2] Name or service not known)"))
[2025-10-07T11:41:31.439+0000] {client.py:83} ERROR - API request failed: HTTPSConnectionPool(host='trading.vietcap.com.vn', port=443): Max retries exceeded with url: /api/chart/OHLCChart/gap (Caused by NameResolutionError("<urllib3.connection.HTTPSConnection object at 0x7e619e7adee0>: Failed to resolve 'trading.vietcap.com.vn' ([Errno -2] Name or service not known)"))
[2025-10-07T11:41:33.457+0000] {client.py:83} ERROR - API request failed: HTTPSConnectionPool(host='trading.vietcap.com.vn', port=443): Max retries exceeded with url: /api/chart/OHLCChart/gap (Caused by NameResolutionError("<urllib3.connection.HTTPSConnection object at 0x7e619e762840>: Failed to resolve 'trading.vietcap.com.vn' ([Errno -2] Name or service not known)"))
[2025-10-07T11:41:33.464+0000] {logging_mixin.py:190} INFO - Không tìm thấy dữ liệu cho DT4
[2025-10-07T11:41:33.468+0000] {logging_mixin.py:190} INFO - ℹ️ DT4: Không có dữ liệu mới.
[2025-10-07T11:41:33.470+0000] {logging_mixin.py:190} INFO - ⬇️ Bắt đầu xử lý symbol = DSV
[2025-10-07T11:41:33.544+0000] {logging_mixin.py:190} INFO - ⚠️ Không đọc được file cũ DSV: 'date'
[2025-10-07T11:41:33.579+0000] {logging_mixin.py:190} INFO - DSV: trích dữ liệu từ 2024-06-13 đến 2025-10-07
[2025-10-07T11:41:33.598+0000] {client.py:83} ERROR - API request failed: HTTPSConnectionPool(host='trading.vietcap.com.vn', port=443): Max retries exceeded with url: /api/chart/OHLCChart/gap (Caused by NameResolutionError("<urllib3.connection.HTTPSConnection object at 0x7e619e7ae2d0>: Failed to resolve 'trading.vietcap.com.vn' ([Errno -2] Name or service not known)"))
[2025-10-07T11:41:35.604+0000] {client.py:83} ERROR - API request failed: HTTPSConnectionPool(host='trading.vietcap.com.vn', port=443): Max retries exceeded with url: /api/chart/OHLCChart/gap (Caused by NameResolutionError("<urllib3.connection.HTTPSConnection object at 0x7e619e7aee10>: Failed to resolve 'trading.vietcap.com.vn' ([Errno -2] Name or service not known)"))
[2025-10-07T11:41:37.620+0000] {client.py:83} ERROR - API request failed: HTTPSConnectionPool(host='trading.vietcap.com.vn', port=443): Max retries exceeded with url: /api/chart/OHLCChart/gap (Caused by NameResolutionError("<urllib3.connection.HTTPSConnection object at 0x7e619e7af9e0>: Failed to resolve 'trading.vietcap.com.vn' ([Errno -2] Name or service not known)"))
[2025-10-07T11:41:37.623+0000] {logging_mixin.py:190} INFO - Không tìm thấy dữ liệu cho DSV
[2025-10-07T11:41:37.627+0000] {logging_mixin.py:190} INFO - ℹ️ DSV: Không có dữ liệu mới.
[2025-10-07T11:41:37.629+0000] {logging_mixin.py:190} INFO - ⬇️ Bắt đầu xử lý symbol = DST
[2025-10-07T11:41:37.694+0000] {logging_mixin.py:190} INFO - ⚠️ Không đọc được file cũ DST: 'date'
[2025-10-07T11:41:37.731+0000] {logging_mixin.py:190} INFO - DST: trích dữ liệu từ 2025-10-04 đến 2025-10-07
[2025-10-07T11:41:37.747+0000] {client.py:83} ERROR - API request failed: HTTPSConnectionPool(host='trading.vietcap.com.vn', port=443): Max retries exceeded with url: /api/chart/OHLCChart/gap (Caused by NameResolutionError("<urllib3.connection.HTTPSConnection object at 0x7e619e7ac470>: Failed to resolve 'trading.vietcap.com.vn' ([Errno -2] Name or service not known)"))
[2025-10-07T11:41:39.759+0000] {client.py:83} ERROR - API request failed: HTTPSConnectionPool(host='trading.vietcap.com.vn', port=443): Max retries exceeded with url: /api/chart/OHLCChart/gap (Caused by NameResolutionError("<urllib3.connection.HTTPSConnection object at 0x7e619e7f4740>: Failed to resolve 'trading.vietcap.com.vn' ([Errno -2] Name or service not known)"))
[2025-10-07T11:41:41.777+0000] {client.py:83} ERROR - API request failed: HTTPSConnectionPool(host='trading.vietcap.com.vn', port=443): Max retries exceeded with url: /api/chart/OHLCChart/gap (Caused by NameResolutionError("<urllib3.connection.HTTPSConnection object at 0x7e619e7f5250>: Failed to resolve 'trading.vietcap.com.vn' ([Errno -2] Name or service not known)"))
[2025-10-07T11:41:41.780+0000] {logging_mixin.py:190} INFO - Không tìm thấy dữ liệu cho DST
[2025-10-07T11:41:41.786+0000] {logging_mixin.py:190} INFO - ℹ️ DST: Không có dữ liệu mới.
[2025-10-07T11:41:41.788+0000] {logging_mixin.py:190} INFO - ⬇️ Bắt đầu xử lý symbol = DSP
[2025-10-07T11:41:41.868+0000] {logging_mixin.py:190} INFO - ⚠️ Không đọc được file cũ DSP: 'date'
[2025-10-07T11:41:41.904+0000] {logging_mixin.py:190} INFO - DSP: trích dữ liệu từ 2025-10-02 đến 2025-10-07
[2025-10-07T11:41:41.925+0000] {client.py:83} ERROR - API request failed: HTTPSConnectionPool(host='trading.vietcap.com.vn', port=443): Max retries exceeded with url: /api/chart/OHLCChart/gap (Caused by NameResolutionError("<urllib3.connection.HTTPSConnection object at 0x7e619e7ae390>: Failed to resolve 'trading.vietcap.com.vn' ([Errno -2] Name or service not known)"))
[2025-10-07T11:41:43.951+0000] {client.py:83} ERROR - API request failed: HTTPSConnectionPool(host='trading.vietcap.com.vn', port=443): Max retries exceeded with url: /api/chart/OHLCChart/gap (Caused by NameResolutionError("<urllib3.connection.HTTPSConnection object at 0x7e619e7f4cb0>: Failed to resolve 'trading.vietcap.com.vn' ([Errno -2] Name or service not known)"))
[2025-10-07T11:41:45.968+0000] {client.py:83} ERROR - API request failed: HTTPSConnectionPool(host='trading.vietcap.com.vn', port=443): Max retries exceeded with url: /api/chart/OHLCChart/gap (Caused by NameResolutionError("<urllib3.connection.HTTPSConnection object at 0x7e619e7f4590>: Failed to resolve 'trading.vietcap.com.vn' ([Errno -2] Name or service not known)"))
[2025-10-07T11:41:45.971+0000] {logging_mixin.py:190} INFO - Không tìm thấy dữ liệu cho DSP
[2025-10-07T11:41:45.975+0000] {logging_mixin.py:190} INFO - ℹ️ DSP: Không có dữ liệu mới.
[2025-10-07T11:41:45.977+0000] {logging_mixin.py:190} INFO - 🚦 Giới hạn API đạt mức tối đa, chờ 39.1s...
[2025-10-07T11:42:25.055+0000] {logging_mixin.py:190} INFO - ⬇️ Bắt đầu xử lý symbol = DSN
[2025-10-07T11:42:25.087+0000] {logging_mixin.py:190} INFO - ⚠️ Không đọc được file cũ DSN: 'date'
[2025-10-07T11:42:25.102+0000] {logging_mixin.py:190} INFO - DSN: trích dữ liệu từ 2025-10-04 đến 2025-10-07
[2025-10-07T11:42:25.110+0000] {client.py:83} ERROR - API request failed: HTTPSConnectionPool(host='trading.vietcap.com.vn', port=443): Max retries exceeded with url: /api/chart/OHLCChart/gap (Caused by NameResolutionError("<urllib3.connection.HTTPSConnection object at 0x7e619e7f6c00>: Failed to resolve 'trading.vietcap.com.vn' ([Errno -2] Name or service not known)"))
[2025-10-07T11:42:27.123+0000] {client.py:83} ERROR - API request failed: HTTPSConnectionPool(host='trading.vietcap.com.vn', port=443): Max retries exceeded with url: /api/chart/OHLCChart/gap (Caused by NameResolutionError("<urllib3.connection.HTTPSConnection object at 0x7e619e7ae270>: Failed to resolve 'trading.vietcap.com.vn' ([Errno -2] Name or service not known)"))
[2025-10-07T11:42:29.153+0000] {client.py:83} ERROR - API request failed: HTTPSConnectionPool(host='trading.vietcap.com.vn', port=443): Max retries exceeded with url: /api/chart/OHLCChart/gap (Caused by NameResolutionError("<urllib3.connection.HTTPSConnection object at 0x7e619e7f4aa0>: Failed to resolve 'trading.vietcap.com.vn' ([Errno -2] Name or service not known)"))
[2025-10-07T11:42:29.345+0000] {logging_mixin.py:190} INFO - Không tìm thấy dữ liệu cho DSN
[2025-10-07T11:42:29.352+0000] {logging_mixin.py:190} INFO - ℹ️ DSN: Không có dữ liệu mới.
[2025-10-07T11:42:29.354+0000] {logging_mixin.py:190} INFO - ⬇️ Bắt đầu xử lý symbol = DSH
[2025-10-07T11:42:29.375+0000] {logging_mixin.py:190} INFO - ⚠️ Không đọc được file cũ DSH: 'date'
[2025-10-07T11:42:29.384+0000] {logging_mixin.py:190} INFO - DSH: trích dữ liệu từ 2025-10-04 đến 2025-10-07
[2025-10-07T11:42:29.391+0000] {client.py:83} ERROR - API request failed: HTTPSConnectionPool(host='trading.vietcap.com.vn', port=443): Max retries exceeded with url: /api/chart/OHLCChart/gap (Caused by NameResolutionError("<urllib3.connection.HTTPSConnection object at 0x7e619e7f5a90>: Failed to resolve 'trading.vietcap.com.vn' ([Errno -2] Name or service not known)"))
[2025-10-07T11:42:31.410+0000] {client.py:83} ERROR - API request failed: HTTPSConnectionPool(host='trading.vietcap.com.vn', port=443): Max retries exceeded with url: /api/chart/OHLCChart/gap (Caused by NameResolutionError("<urllib3.connection.HTTPSConnection object at 0x7e619e7f4e60>: Failed to resolve 'trading.vietcap.com.vn' ([Errno -2] Name or service not known)"))
[2025-10-07T11:42:33.428+0000] {client.py:83} ERROR - API request failed: HTTPSConnectionPool(host='trading.vietcap.com.vn', port=443): Max retries exceeded with url: /api/chart/OHLCChart/gap (Caused by NameResolutionError("<urllib3.connection.HTTPSConnection object at 0x7e619e7f7a70>: Failed to resolve 'trading.vietcap.com.vn' ([Errno -2] Name or service not known)"))
[2025-10-07T11:42:33.431+0000] {logging_mixin.py:190} INFO - Không tìm thấy dữ liệu cho DSH
[2025-10-07T11:42:33.436+0000] {logging_mixin.py:190} INFO - ℹ️ DSH: Không có dữ liệu mới.
[2025-10-07T11:42:33.438+0000] {logging_mixin.py:190} INFO - 🚦 Giới hạn API đạt mức tối đa, chờ 0.0s...
[2025-10-07T11:42:33.472+0000] {logging_mixin.py:190} INFO - ⬇️ Bắt đầu xử lý symbol = DSG
[2025-10-07T11:42:33.538+0000] {logging_mixin.py:190} INFO - ⚠️ Không đọc được file cũ DSG: 'date'
[2025-10-07T11:42:33.576+0000] {logging_mixin.py:190} INFO - DSG: trích dữ liệu từ 2025-09-13 đến 2025-10-07
[2025-10-07T11:42:33.593+0000] {client.py:83} ERROR - API request failed: HTTPSConnectionPool(host='trading.vietcap.com.vn', port=443): Max retries exceeded with url: /api/chart/OHLCChart/gap (Caused by NameResolutionError("<urllib3.connection.HTTPSConnection object at 0x7e619e7af170>: Failed to resolve 'trading.vietcap.com.vn' ([Errno -2] Name or service not known)"))
[2025-10-07T11:42:35.609+0000] {client.py:83} ERROR - API request failed: HTTPSConnectionPool(host='trading.vietcap.com.vn', port=443): Max retries exceeded with url: /api/chart/OHLCChart/gap (Caused by NameResolutionError("<urllib3.connection.HTTPSConnection object at 0x7e619e7f7230>: Failed to resolve 'trading.vietcap.com.vn' ([Errno -2] Name or service not known)"))
[2025-10-07T11:42:37.626+0000] {client.py:83} ERROR - API request failed: HTTPSConnectionPool(host='trading.vietcap.com.vn', port=443): Max retries exceeded with url: /api/chart/OHLCChart/gap (Caused by NameResolutionError("<urllib3.connection.HTTPSConnection object at 0x7e619e7f55b0>: Failed to resolve 'trading.vietcap.com.vn' ([Errno -2] Name or service not known)"))
[2025-10-07T11:42:37.629+0000] {logging_mixin.py:190} INFO - Không tìm thấy dữ liệu cho DSG
[2025-10-07T11:42:37.634+0000] {logging_mixin.py:190} INFO - ℹ️ DSG: Không có dữ liệu mới.
[2025-10-07T11:42:37.638+0000] {logging_mixin.py:190} INFO - ⬇️ Bắt đầu xử lý symbol = DSE
[2025-10-07T11:42:37.709+0000] {logging_mixin.py:190} INFO - ⚠️ Không đọc được file cũ DSE: 'date'
[2025-10-07T11:42:37.735+0000] {logging_mixin.py:190} INFO - DSE: trích dữ liệu từ 2025-10-04 đến 2025-10-07
[2025-10-07T11:42:37.753+0000] {client.py:83} ERROR - API request failed: HTTPSConnectionPool(host='trading.vietcap.com.vn', port=443): Max retries exceeded with url: /api/chart/OHLCChart/gap (Caused by NameResolutionError("<urllib3.connection.HTTPSConnection object at 0x7e619e7ad8b0>: Failed to resolve 'trading.vietcap.com.vn' ([Errno -2] Name or service not known)"))
[2025-10-07T11:42:39.770+0000] {client.py:83} ERROR - API request failed: HTTPSConnectionPool(host='trading.vietcap.com.vn', port=443): Max retries exceeded with url: /api/chart/OHLCChart/gap (Caused by NameResolutionError("<urllib3.connection.HTTPSConnection object at 0x7e619e762c00>: Failed to resolve 'trading.vietcap.com.vn' ([Errno -2] Name or service not known)"))
[2025-10-07T11:42:41.786+0000] {client.py:83} ERROR - API request failed: HTTPSConnectionPool(host='trading.vietcap.com.vn', port=443): Max retries exceeded with url: /api/chart/OHLCChart/gap (Caused by NameResolutionError("<urllib3.connection.HTTPSConnection object at 0x7e619e7ae720>: Failed to resolve 'trading.vietcap.com.vn' ([Errno -2] Name or service not known)"))
[2025-10-07T11:42:41.789+0000] {logging_mixin.py:190} INFO - Không tìm thấy dữ liệu cho DSE
[2025-10-07T11:42:41.793+0000] {logging_mixin.py:190} INFO - ℹ️ DSE: Không có dữ liệu mới.
[2025-10-07T11:42:41.795+0000] {logging_mixin.py:190} INFO - ⬇️ Bắt đầu xử lý symbol = DSD
[2025-10-07T11:42:41.869+0000] {logging_mixin.py:190} INFO - ⚠️ Không đọc được file cũ DSD: 'date'
[2025-10-07T11:42:41.900+0000] {logging_mixin.py:190} INFO - DSD: trích dữ liệu từ 2025-10-04 đến 2025-10-07
[2025-10-07T11:42:41.915+0000] {client.py:83} ERROR - API request failed: HTTPSConnectionPool(host='trading.vietcap.com.vn', port=443): Max retries exceeded with url: /api/chart/OHLCChart/gap (Caused by NameResolutionError("<urllib3.connection.HTTPSConnection object at 0x7e619e760440>: Failed to resolve 'trading.vietcap.com.vn' ([Errno -2] Name or service not known)"))
[2025-10-07T11:42:43.933+0000] {client.py:83} ERROR - API request failed: HTTPSConnectionPool(host='trading.vietcap.com.vn', port=443): Max retries exceeded with url: /api/chart/OHLCChart/gap (Caused by NameResolutionError("<urllib3.connection.HTTPSConnection object at 0x7e619e760fe0>: Failed to resolve 'trading.vietcap.com.vn' ([Errno -2] Name or service not known)"))
[2025-10-07T11:42:45.999+0000] {client.py:83} ERROR - API request failed: HTTPSConnectionPool(host='trading.vietcap.com.vn', port=443): Max retries exceeded with url: /api/chart/OHLCChart/gap (Caused by NameResolutionError("<urllib3.connection.HTTPSConnection object at 0x7e619e761c10>: Failed to resolve 'trading.vietcap.com.vn' ([Errno -2] Name or service not known)"))
[2025-10-07T11:42:46.003+0000] {logging_mixin.py:190} INFO - Không tìm thấy dữ liệu cho DSD
[2025-10-07T11:42:46.007+0000] {logging_mixin.py:190} INFO - ℹ️ DSD: Không có dữ liệu mới.
[2025-10-07T11:42:46.009+0000] {logging_mixin.py:190} INFO - 🚦 Giới hạn API đạt mức tối đa, chờ 39.0s...
[2025-10-07T11:43:25.056+0000] {logging_mixin.py:190} INFO - ⬇️ Bắt đầu xử lý symbol = DSC
[2025-10-07T11:43:25.130+0000] {logging_mixin.py:190} INFO - ⚠️ Không đọc được file cũ DSC: 'date'
[2025-10-07T11:43:25.172+0000] {logging_mixin.py:190} INFO - DSC: trích dữ liệu từ 2025-10-04 đến 2025-10-07
[2025-10-07T11:43:25.188+0000] {client.py:83} ERROR - API request failed: HTTPSConnectionPool(host='trading.vietcap.com.vn', port=443): Max retries exceeded with url: /api/chart/OHLCChart/gap (Caused by NameResolutionError("<urllib3.connection.HTTPSConnection object at 0x7e619e763f20>: Failed to resolve 'trading.vietcap.com.vn' ([Errno -2] Name or service not known)"))
[2025-10-07T11:43:27.203+0000] {client.py:83} ERROR - API request failed: HTTPSConnectionPool(host='trading.vietcap.com.vn', port=443): Max retries exceeded with url: /api/chart/OHLCChart/gap (Caused by NameResolutionError("<urllib3.connection.HTTPSConnection object at 0x7e619e7f4ad0>: Failed to resolve 'trading.vietcap.com.vn' ([Errno -2] Name or service not known)"))
[2025-10-07T11:43:29.211+0000] {client.py:83} ERROR - API request failed: HTTPSConnectionPool(host='trading.vietcap.com.vn', port=443): Max retries exceeded with url: /api/chart/OHLCChart/gap (Caused by NameResolutionError("<urllib3.connection.HTTPSConnection object at 0x7e619e7f4f50>: Failed to resolve 'trading.vietcap.com.vn' ([Errno -2] Name or service not known)"))
[2025-10-07T11:43:29.212+0000] {logging_mixin.py:190} INFO - Không tìm thấy dữ liệu cho DSC
[2025-10-07T11:43:29.214+0000] {logging_mixin.py:190} INFO - ℹ️ DSC: Không có dữ liệu mới.
[2025-10-07T11:43:29.214+0000] {logging_mixin.py:190} INFO - 🚦 Giới hạn API đạt mức tối đa, chờ 0.1s...
[2025-10-07T11:43:29.355+0000] {logging_mixin.py:190} INFO - ⬇️ Bắt đầu xử lý symbol = DS3
[2025-10-07T11:43:29.379+0000] {logging_mixin.py:190} INFO - ⚠️ Không đọc được file cũ DS3: 'date'
[2025-10-07T11:43:29.393+0000] {logging_mixin.py:190} INFO - DS3: trích dữ liệu từ 2025-10-04 đến 2025-10-07
[2025-10-07T11:43:29.400+0000] {client.py:83} ERROR - API request failed: HTTPSConnectionPool(host='trading.vietcap.com.vn', port=443): Max retries exceeded with url: /api/chart/OHLCChart/gap (Caused by NameResolutionError("<urllib3.connection.HTTPSConnection object at 0x7e619e937950>: Failed to resolve 'trading.vietcap.com.vn' ([Errno -2] Name or service not known)"))
[2025-10-07T11:43:31.417+0000] {client.py:83} ERROR - API request failed: HTTPSConnectionPool(host='trading.vietcap.com.vn', port=443): Max retries exceeded with url: /api/chart/OHLCChart/gap (Caused by NameResolutionError("<urllib3.connection.HTTPSConnection object at 0x7e619e7ac9e0>: Failed to resolve 'trading.vietcap.com.vn' ([Errno -2] Name or service not known)"))
[2025-10-07T11:43:33.433+0000] {client.py:83} ERROR - API request failed: HTTPSConnectionPool(host='trading.vietcap.com.vn', port=443): Max retries exceeded with url: /api/chart/OHLCChart/gap (Caused by NameResolutionError("<urllib3.connection.HTTPSConnection object at 0x7e619e762930>: Failed to resolve 'trading.vietcap.com.vn' ([Errno -2] Name or service not known)"))
[2025-10-07T11:43:33.437+0000] {logging_mixin.py:190} INFO - Không tìm thấy dữ liệu cho DS3
[2025-10-07T11:43:33.442+0000] {logging_mixin.py:190} INFO - ℹ️ DS3: Không có dữ liệu mới.
[2025-10-07T11:43:33.445+0000] {logging_mixin.py:190} INFO - 🚦 Giới hạn API đạt mức tối đa, chờ 0.0s...
[2025-10-07T11:43:33.475+0000] {logging_mixin.py:190} INFO - ⬇️ Bắt đầu xử lý symbol = DRL
[2025-10-07T11:43:33.541+0000] {logging_mixin.py:190} INFO - ⚠️ Không đọc được file cũ DRL: 'date'
[2025-10-07T11:43:33.582+0000] {logging_mixin.py:190} INFO - DRL: trích dữ liệu từ 2025-10-04 đến 2025-10-07
[2025-10-07T11:43:33.598+0000] {client.py:83} ERROR - API request failed: HTTPSConnectionPool(host='trading.vietcap.com.vn', port=443): Max retries exceeded with url: /api/chart/OHLCChart/gap (Caused by NameResolutionError("<urllib3.connection.HTTPSConnection object at 0x7e619e936e10>: Failed to resolve 'trading.vietcap.com.vn' ([Errno -2] Name or service not known)"))
[2025-10-07T11:43:35.611+0000] {client.py:83} ERROR - API request failed: HTTPSConnectionPool(host='trading.vietcap.com.vn', port=443): Max retries exceeded with url: /api/chart/OHLCChart/gap (Caused by NameResolutionError("<urllib3.connection.HTTPSConnection object at 0x7e619e853080>: Failed to resolve 'trading.vietcap.com.vn' ([Errno -2] Name or service not known)"))
[2025-10-07T11:43:37.629+0000] {client.py:83} ERROR - API request failed: HTTPSConnectionPool(host='trading.vietcap.com.vn', port=443): Max retries exceeded with url: /api/chart/OHLCChart/gap (Caused by NameResolutionError("<urllib3.connection.HTTPSConnection object at 0x7e619e936e40>: Failed to resolve 'trading.vietcap.com.vn' ([Errno -2] Name or service not known)"))
[2025-10-07T11:43:37.632+0000] {logging_mixin.py:190} INFO - Không tìm thấy dữ liệu cho DRL
[2025-10-07T11:43:37.639+0000] {logging_mixin.py:190} INFO - ℹ️ DRL: Không có dữ liệu mới.
[2025-10-07T11:43:37.644+0000] {logging_mixin.py:190} INFO - ⬇️ Bắt đầu xử lý symbol = DRI
[2025-10-07T11:43:37.733+0000] {logging_mixin.py:190} INFO - ⚠️ Không đọc được file cũ DRI: 'date'
[2025-10-07T11:43:37.755+0000] {logging_mixin.py:190} INFO - DRI: trích dữ liệu từ 2025-10-04 đến 2025-10-07
[2025-10-07T11:43:37.764+0000] {client.py:83} ERROR - API request failed: HTTPSConnectionPool(host='trading.vietcap.com.vn', port=443): Max retries exceeded with url: /api/chart/OHLCChart/gap (Caused by NameResolutionError("<urllib3.connection.HTTPSConnection object at 0x7e619e7f6840>: Failed to resolve 'trading.vietcap.com.vn' ([Errno -2] Name or service not known)"))
[2025-10-07T11:43:39.770+0000] {client.py:83} ERROR - API request failed: HTTPSConnectionPool(host='trading.vietcap.com.vn', port=443): Max retries exceeded with url: /api/chart/OHLCChart/gap (Caused by NameResolutionError("<urllib3.connection.HTTPSConnection object at 0x7e619e82a5a0>: Failed to resolve 'trading.vietcap.com.vn' ([Errno -2] Name or service not known)"))
[2025-10-07T11:43:41.776+0000] {client.py:83} ERROR - API request failed: HTTPSConnectionPool(host='trading.vietcap.com.vn', port=443): Max retries exceeded with url: /api/chart/OHLCChart/gap (Caused by NameResolutionError("<urllib3.connection.HTTPSConnection object at 0x7e619e829bb0>: Failed to resolve 'trading.vietcap.com.vn' ([Errno -2] Name or service not known)"))
[2025-10-07T11:43:41.777+0000] {logging_mixin.py:190} INFO - Không tìm thấy dữ liệu cho DRI
[2025-10-07T11:43:41.779+0000] {logging_mixin.py:190} INFO - ℹ️ DRI: Không có dữ liệu mới.
[2025-10-07T11:43:41.780+0000] {logging_mixin.py:190} INFO - 🚦 Giới hạn API đạt mức tối đa, chờ 0.0s...
[2025-10-07T11:43:41.796+0000] {logging_mixin.py:190} INFO - ⬇️ Bắt đầu xử lý symbol = DRH
[2025-10-07T11:43:41.831+0000] {logging_mixin.py:190} INFO - ⚠️ Không đọc được file cũ DRH: 'date'
[2025-10-07T11:43:41.842+0000] {logging_mixin.py:190} INFO - DRH: trích dữ liệu từ 2025-10-04 đến 2025-10-07
[2025-10-07T11:43:41.849+0000] {client.py:83} ERROR - API request failed: HTTPSConnectionPool(host='trading.vietcap.com.vn', port=443): Max retries exceeded with url: /api/chart/OHLCChart/gap (Caused by NameResolutionError("<urllib3.connection.HTTPSConnection object at 0x7e619e7ac0e0>: Failed to resolve 'trading.vietcap.com.vn' ([Errno -2] Name or service not known)"))
[2025-10-07T11:43:43.856+0000] {client.py:83} ERROR - API request failed: HTTPSConnectionPool(host='trading.vietcap.com.vn', port=443): Max retries exceeded with url: /api/chart/OHLCChart/gap (Caused by NameResolutionError("<urllib3.connection.HTTPSConnection object at 0x7e619e934890>: Failed to resolve 'trading.vietcap.com.vn' ([Errno -2] Name or service not known)"))
[2025-10-07T11:43:45.877+0000] {client.py:83} ERROR - API request failed: HTTPSConnectionPool(host='trading.vietcap.com.vn', port=443): Max retries exceeded with url: /api/chart/OHLCChart/gap (Caused by NameResolutionError("<urllib3.connection.HTTPSConnection object at 0x7e619e828c80>: Failed to resolve 'trading.vietcap.com.vn' ([Errno -2] Name or service not known)"))
[2025-10-07T11:43:45.878+0000] {logging_mixin.py:190} INFO - Không tìm thấy dữ liệu cho DRH
[2025-10-07T11:43:45.880+0000] {logging_mixin.py:190} INFO - ℹ️ DRH: Không có dữ liệu mới.
[2025-10-07T11:43:45.881+0000] {logging_mixin.py:190} INFO - 🚦 Giới hạn API đạt mức tối đa, chờ 39.2s...
[2025-10-07T11:44:25.053+0000] {logging_mixin.py:190} INFO - ⬇️ Bắt đầu xử lý symbol = DRG
[2025-10-07T11:44:25.145+0000] {logging_mixin.py:190} INFO - ⚠️ Không đọc được file cũ DRG: 'date'
[2025-10-07T11:44:25.187+0000] {logging_mixin.py:190} INFO - DRG: trích dữ liệu từ 2025-10-04 đến 2025-10-07
[2025-10-07T11:44:25.200+0000] {client.py:83} ERROR - API request failed: HTTPSConnectionPool(host='trading.vietcap.com.vn', port=443): Max retries exceeded with url: /api/chart/OHLCChart/gap (Caused by NameResolutionError("<urllib3.connection.HTTPSConnection object at 0x7e619e82b380>: Failed to resolve 'trading.vietcap.com.vn' ([Errno -2] Name or service not known)"))
[2025-10-07T11:44:27.214+0000] {client.py:83} ERROR - API request failed: HTTPSConnectionPool(host='trading.vietcap.com.vn', port=443): Max retries exceeded with url: /api/chart/OHLCChart/gap (Caused by NameResolutionError("<urllib3.connection.HTTPSConnection object at 0x7e619e7ae840>: Failed to resolve 'trading.vietcap.com.vn' ([Errno -2] Name or service not known)"))
[2025-10-07T11:44:29.224+0000] {client.py:83} ERROR - API request failed: HTTPSConnectionPool(host='trading.vietcap.com.vn', port=443): Max retries exceeded with url: /api/chart/OHLCChart/gap (Caused by NameResolutionError("<urllib3.connection.HTTPSConnection object at 0x7e619e7f7b60>: Failed to resolve 'trading.vietcap.com.vn' ([Errno -2] Name or service not known)"))
[2025-10-07T11:44:29.226+0000] {logging_mixin.py:190} INFO - Không tìm thấy dữ liệu cho DRG
[2025-10-07T11:44:29.229+0000] {logging_mixin.py:190} INFO - ℹ️ DRG: Không có dữ liệu mới.
[2025-10-07T11:44:29.230+0000] {logging_mixin.py:190} INFO - 🚦 Giới hạn API đạt mức tối đa, chờ 0.1s...
[2025-10-07T11:44:29.356+0000] {logging_mixin.py:190} INFO - ⬇️ Bắt đầu xử lý symbol = DRC
[2025-10-07T11:44:29.402+0000] {logging_mixin.py:190} INFO - ⚠️ Không đọc được file cũ DRC: 'date'
[2025-10-07T11:44:29.421+0000] {logging_mixin.py:190} INFO - DRC: trích dữ liệu từ 2025-10-04 đến 2025-10-07
[2025-10-07T11:44:29.432+0000] {client.py:83} ERROR - API request failed: HTTPSConnectionPool(host='trading.vietcap.com.vn', port=443): Max retries exceeded with url: /api/chart/OHLCChart/gap (Caused by NameResolutionError("<urllib3.connection.HTTPSConnection object at 0x7e619e82b500>: Failed to resolve 'trading.vietcap.com.vn' ([Errno -2] Name or service not known)"))
[2025-10-07T11:44:31.447+0000] {client.py:83} ERROR - API request failed: HTTPSConnectionPool(host='trading.vietcap.com.vn', port=443): Max retries exceeded with url: /api/chart/OHLCChart/gap (Caused by NameResolutionError("<urllib3.connection.HTTPSConnection object at 0x7e619e829580>: Failed to resolve 'trading.vietcap.com.vn' ([Errno -2] Name or service not known)"))
[2025-10-07T11:44:33.464+0000] {client.py:83} ERROR - API request failed: HTTPSConnectionPool(host='trading.vietcap.com.vn', port=443): Max retries exceeded with url: /api/chart/OHLCChart/gap (Caused by NameResolutionError("<urllib3.connection.HTTPSConnection object at 0x7e619e7ada90>: Failed to resolve 'trading.vietcap.com.vn' ([Errno -2] Name or service not known)"))
[2025-10-07T11:44:33.467+0000] {logging_mixin.py:190} INFO - Không tìm thấy dữ liệu cho DRC
[2025-10-07T11:44:33.471+0000] {logging_mixin.py:190} INFO - ℹ️ DRC: Không có dữ liệu mới.
[2025-10-07T11:44:33.473+0000] {logging_mixin.py:190} INFO - 🚦 Giới hạn API đạt mức tối đa, chờ 0.0s...
[2025-10-07T11:44:33.476+0000] {logging_mixin.py:190} INFO - ⬇️ Bắt đầu xử lý symbol = DQC
[2025-10-07T11:44:33.551+0000] {logging_mixin.py:190} INFO - ⚠️ Không đọc được file cũ DQC: 'date'
[2025-10-07T11:44:33.588+0000] {logging_mixin.py:190} INFO - DQC: trích dữ liệu từ 2025-10-04 đến 2025-10-07
[2025-10-07T11:44:33.603+0000] {client.py:83} ERROR - API request failed: HTTPSConnectionPool(host='trading.vietcap.com.vn', port=443): Max retries exceeded with url: /api/chart/OHLCChart/gap (Caused by NameResolutionError("<urllib3.connection.HTTPSConnection object at 0x7e619e82b080>: Failed to resolve 'trading.vietcap.com.vn' ([Errno -2] Name or service not known)"))
[2025-10-07T11:44:35.618+0000] {client.py:83} ERROR - API request failed: HTTPSConnectionPool(host='trading.vietcap.com.vn', port=443): Max retries exceeded with url: /api/chart/OHLCChart/gap (Caused by NameResolutionError("<urllib3.connection.HTTPSConnection object at 0x7e61c5334110>: Failed to resolve 'trading.vietcap.com.vn' ([Errno -2] Name or service not known)"))
[2025-10-07T11:44:37.831+0000] {client.py:83} ERROR - API request failed: HTTPSConnectionPool(host='trading.vietcap.com.vn', port=443): Max retries exceeded with url: /api/chart/OHLCChart/gap (Caused by NameResolutionError("<urllib3.connection.HTTPSConnection object at 0x7e61c5337620>: Failed to resolve 'trading.vietcap.com.vn' ([Errno -2] Name or service not known)"))
[2025-10-07T11:44:37.834+0000] {logging_mixin.py:190} INFO - Không tìm thấy dữ liệu cho DQC
[2025-10-07T11:44:37.840+0000] {logging_mixin.py:190} INFO - ℹ️ DQC: Không có dữ liệu mới.
[2025-10-07T11:44:37.842+0000] {logging_mixin.py:190} INFO - ⬇️ Bắt đầu xử lý symbol = DPS
[2025-10-07T11:44:37.926+0000] {logging_mixin.py:190} INFO - ⚠️ Không đọc được file cũ DPS: 'date'
[2025-10-07T11:44:37.961+0000] {logging_mixin.py:190} INFO - DPS: trích dữ liệu từ 2024-07-26 đến 2025-10-07
[2025-10-07T11:44:37.986+0000] {client.py:83} ERROR - API request failed: HTTPSConnectionPool(host='trading.vietcap.com.vn', port=443): Max retries exceeded with url: /api/chart/OHLCChart/gap (Caused by NameResolutionError("<urllib3.connection.HTTPSConnection object at 0x7e619e828680>: Failed to resolve 'trading.vietcap.com.vn' ([Errno -2] Name or service not known)"))
[2025-10-07T11:44:40.009+0000] {client.py:83} ERROR - API request failed: HTTPSConnectionPool(host='trading.vietcap.com.vn', port=443): Max retries exceeded with url: /api/chart/OHLCChart/gap (Caused by NameResolutionError("<urllib3.connection.HTTPSConnection object at 0x7e61c5337530>: Failed to resolve 'trading.vietcap.com.vn' ([Errno -2] Name or service not known)"))
[2025-10-07T11:44:42.017+0000] {client.py:83} ERROR - API request failed: HTTPSConnectionPool(host='trading.vietcap.com.vn', port=443): Max retries exceeded with url: /api/chart/OHLCChart/gap (Caused by NameResolutionError("<urllib3.connection.HTTPSConnection object at 0x7e61c5334d70>: Failed to resolve 'trading.vietcap.com.vn' ([Errno -2] Name or service not known)"))
[2025-10-07T11:44:42.018+0000] {logging_mixin.py:190} INFO - Không tìm thấy dữ liệu cho DPS
[2025-10-07T11:44:42.020+0000] {logging_mixin.py:190} INFO - ℹ️ DPS: Không có dữ liệu mới.
[2025-10-07T11:44:42.020+0000] {logging_mixin.py:190} INFO - ⬇️ Bắt đầu xử lý symbol = DPR
[2025-10-07T11:44:42.077+0000] {logging_mixin.py:190} INFO - ⚠️ Không đọc được file cũ DPR: 'date'
[2025-10-07T11:44:42.090+0000] {logging_mixin.py:190} INFO - DPR: trích dữ liệu từ 2025-10-04 đến 2025-10-07
[2025-10-07T11:44:42.097+0000] {client.py:83} ERROR - API request failed: HTTPSConnectionPool(host='trading.vietcap.com.vn', port=443): Max retries exceeded with url: /api/chart/OHLCChart/gap (Caused by NameResolutionError("<urllib3.connection.HTTPSConnection object at 0x7e619e934200>: Failed to resolve 'trading.vietcap.com.vn' ([Errno -2] Name or service not known)"))
[2025-10-07T11:44:44.111+0000] {client.py:83} ERROR - API request failed: HTTPSConnectionPool(host='trading.vietcap.com.vn', port=443): Max retries exceeded with url: /api/chart/OHLCChart/gap (Caused by NameResolutionError("<urllib3.connection.HTTPSConnection object at 0x7e619e8515e0>: Failed to resolve 'trading.vietcap.com.vn' ([Errno -2] Name or service not known)"))
[2025-10-07T11:44:46.128+0000] {client.py:83} ERROR - API request failed: HTTPSConnectionPool(host='trading.vietcap.com.vn', port=443): Max retries exceeded with url: /api/chart/OHLCChart/gap (Caused by NameResolutionError("<urllib3.connection.HTTPSConnection object at 0x7e619e828680>: Failed to resolve 'trading.vietcap.com.vn' ([Errno -2] Name or service not known)"))
[2025-10-07T11:44:46.131+0000] {logging_mixin.py:190} INFO - Không tìm thấy dữ liệu cho DPR
[2025-10-07T11:44:46.136+0000] {logging_mixin.py:190} INFO - ℹ️ DPR: Không có dữ liệu mới.
[2025-10-07T11:44:46.138+0000] {logging_mixin.py:190} INFO - 🚦 Giới hạn API đạt mức tối đa, chờ 38.9s...
[2025-10-07T11:45:25.053+0000] {logging_mixin.py:190} INFO - ⬇️ Bắt đầu xử lý symbol = DPP
[2025-10-07T11:45:25.124+0000] {logging_mixin.py:190} INFO - ⚠️ Không đọc được file cũ DPP: 'date'
[2025-10-07T11:45:25.164+0000] {logging_mixin.py:190} INFO - DPP: trích dữ liệu từ 2025-09-04 đến 2025-10-07
[2025-10-07T11:45:25.180+0000] {client.py:83} ERROR - API request failed: HTTPSConnectionPool(host='trading.vietcap.com.vn', port=443): Max retries exceeded with url: /api/chart/OHLCChart/gap (Caused by NameResolutionError("<urllib3.connection.HTTPSConnection object at 0x7e619e760290>: Failed to resolve 'trading.vietcap.com.vn' ([Errno -2] Name or service not known)"))
[2025-10-07T11:45:27.195+0000] {client.py:83} ERROR - API request failed: HTTPSConnectionPool(host='trading.vietcap.com.vn', port=443): Max retries exceeded with url: /api/chart/OHLCChart/gap (Caused by NameResolutionError("<urllib3.connection.HTTPSConnection object at 0x7e619e763710>: Failed to resolve 'trading.vietcap.com.vn' ([Errno -2] Name or service not known)"))
[2025-10-07T11:45:29.213+0000] {client.py:83} ERROR - API request failed: HTTPSConnectionPool(host='trading.vietcap.com.vn', port=443): Max retries exceeded with url: /api/chart/OHLCChart/gap (Caused by NameResolutionError("<urllib3.connection.HTTPSConnection object at 0x7e619e9358e0>: Failed to resolve 'trading.vietcap.com.vn' ([Errno -2] Name or service not known)"))
[2025-10-07T11:45:29.216+0000] {logging_mixin.py:190} INFO - Không tìm thấy dữ liệu cho DPP
[2025-10-07T11:45:29.221+0000] {logging_mixin.py:190} INFO - ℹ️ DPP: Không có dữ liệu mới.
[2025-10-07T11:45:29.223+0000] {logging_mixin.py:190} INFO - 🚦 Giới hạn API đạt mức tối đa, chờ 0.1s...
[2025-10-07T11:45:29.359+0000] {logging_mixin.py:190} INFO - ⬇️ Bắt đầu xử lý symbol = DPM
[2025-10-07T11:45:29.430+0000] {logging_mixin.py:190} INFO - ⚠️ Không đọc được file cũ DPM: 'date'
[2025-10-07T11:45:29.465+0000] {logging_mixin.py:190} INFO - DPM: trích dữ liệu từ 2025-10-04 đến 2025-10-07
[2025-10-07T11:45:29.484+0000] {client.py:83} ERROR - API request failed: HTTPSConnectionPool(host='trading.vietcap.com.vn', port=443): Max retries exceeded with url: /api/chart/OHLCChart/gap (Caused by NameResolutionError("<urllib3.connection.HTTPSConnection object at 0x7e619e7618b0>: Failed to resolve 'trading.vietcap.com.vn' ([Errno -2] Name or service not known)"))
[2025-10-07T11:45:31.492+0000] {client.py:83} ERROR - API request failed: HTTPSConnectionPool(host='trading.vietcap.com.vn', port=443): Max retries exceeded with url: /api/chart/OHLCChart/gap (Caused by NameResolutionError("<urllib3.connection.HTTPSConnection object at 0x7e619e763ec0>: Failed to resolve 'trading.vietcap.com.vn' ([Errno -2] Name or service not known)"))
[2025-10-07T11:45:33.498+0000] {client.py:83} ERROR - API request failed: HTTPSConnectionPool(host='trading.vietcap.com.vn', port=443): Max retries exceeded with url: /api/chart/OHLCChart/gap (Caused by NameResolutionError("<urllib3.connection.HTTPSConnection object at 0x7e619e890e60>: Failed to resolve 'trading.vietcap.com.vn' ([Errno -2] Name or service not known)"))
[2025-10-07T11:45:33.499+0000] {logging_mixin.py:190} INFO - Không tìm thấy dữ liệu cho DPM
[2025-10-07T11:45:33.500+0000] {logging_mixin.py:190} INFO - ℹ️ DPM: Không có dữ liệu mới.
[2025-10-07T11:45:33.501+0000] {logging_mixin.py:190} INFO - ⬇️ Bắt đầu xử lý symbol = DPH
[2025-10-07T11:45:33.531+0000] {logging_mixin.py:190} INFO - ⚠️ Không đọc được file cũ DPH: 'date'
[2025-10-07T11:45:33.543+0000] {logging_mixin.py:190} INFO - DPH: trích dữ liệu từ 2025-09-30 đến 2025-10-07
[2025-10-07T11:45:33.549+0000] {client.py:83} ERROR - API request failed: HTTPSConnectionPool(host='trading.vietcap.com.vn', port=443): Max retries exceeded with url: /api/chart/OHLCChart/gap (Caused by NameResolutionError("<urllib3.connection.HTTPSConnection object at 0x7e619e763f80>: Failed to resolve 'trading.vietcap.com.vn' ([Errno -2] Name or service not known)"))
[2025-10-07T11:45:35.561+0000] {client.py:83} ERROR - API request failed: HTTPSConnectionPool(host='trading.vietcap.com.vn', port=443): Max retries exceeded with url: /api/chart/OHLCChart/gap (Caused by NameResolutionError("<urllib3.connection.HTTPSConnection object at 0x7e619e763ad0>: Failed to resolve 'trading.vietcap.com.vn' ([Errno -2] Name or service not known)"))
[2025-10-07T11:45:37.578+0000] {client.py:83} ERROR - API request failed: HTTPSConnectionPool(host='trading.vietcap.com.vn', port=443): Max retries exceeded with url: /api/chart/OHLCChart/gap (Caused by NameResolutionError("<urllib3.connection.HTTPSConnection object at 0x7e619e760500>: Failed to resolve 'trading.vietcap.com.vn' ([Errno -2] Name or service not known)"))
[2025-10-07T11:45:37.581+0000] {logging_mixin.py:190} INFO - Không tìm thấy dữ liệu cho DPH
[2025-10-07T11:45:37.587+0000] {logging_mixin.py:190} INFO - ℹ️ DPH: Không có dữ liệu mới.
[2025-10-07T11:45:37.589+0000] {logging_mixin.py:190} INFO - 🚦 Giới hạn API đạt mức tối đa, chờ 0.3s...
[2025-10-07T11:45:37.846+0000] {logging_mixin.py:190} INFO - ⬇️ Bắt đầu xử lý symbol = DPG
[2025-10-07T11:45:37.963+0000] {logging_mixin.py:190} INFO - ⚠️ Không đọc được file cũ DPG: 'date'
[2025-10-07T11:45:37.990+0000] {logging_mixin.py:190} INFO - DPG: trích dữ liệu từ 2025-10-04 đến 2025-10-07
[2025-10-07T11:45:38.001+0000] {client.py:83} ERROR - API request failed: HTTPSConnectionPool(host='trading.vietcap.com.vn', port=443): Max retries exceeded with url: /api/chart/OHLCChart/gap (Caused by NameResolutionError("<urllib3.connection.HTTPSConnection object at 0x7e619e7ae720>: Failed to resolve 'trading.vietcap.com.vn' ([Errno -2] Name or service not known)"))
[2025-10-07T11:45:40.018+0000] {client.py:83} ERROR - API request failed: HTTPSConnectionPool(host='trading.vietcap.com.vn', port=443): Max retries exceeded with url: /api/chart/OHLCChart/gap (Caused by NameResolutionError("<urllib3.connection.HTTPSConnection object at 0x7e619e7633b0>: Failed to resolve 'trading.vietcap.com.vn' ([Errno -2] Name or service not known)"))
[2025-10-07T11:45:42.035+0000] {client.py:83} ERROR - API request failed: HTTPSConnectionPool(host='trading.vietcap.com.vn', port=443): Max retries exceeded with url: /api/chart/OHLCChart/gap (Caused by NameResolutionError("<urllib3.connection.HTTPSConnection object at 0x7e619e762ba0>: Failed to resolve 'trading.vietcap.com.vn' ([Errno -2] Name or service not known)"))
[2025-10-07T11:45:42.038+0000] {logging_mixin.py:190} INFO - Không tìm thấy dữ liệu cho DPG
[2025-10-07T11:45:42.044+0000] {logging_mixin.py:190} INFO - ℹ️ DPG: Không có dữ liệu mới.
[2025-10-07T11:45:42.046+0000] {logging_mixin.py:190} INFO - ⬇️ Bắt đầu xử lý symbol = DPD
[2025-10-07T11:45:42.107+0000] {logging_mixin.py:190} INFO - ⚠️ Không đọc được file cũ DPD: 'date'
[2025-10-07T11:45:42.134+0000] {logging_mixin.py:190} INFO - DPD: trích dữ liệu từ 2023-02-23 đến 2025-10-07
[2025-10-07T11:45:42.151+0000] {client.py:83} ERROR - API request failed: HTTPSConnectionPool(host='trading.vietcap.com.vn', port=443): Max retries exceeded with url: /api/chart/OHLCChart/gap (Caused by NameResolutionError("<urllib3.connection.HTTPSConnection object at 0x7e619e9364b0>: Failed to resolve 'trading.vietcap.com.vn' ([Errno -2] Name or service not known)"))
[2025-10-07T11:45:44.173+0000] {client.py:83} ERROR - API request failed: HTTPSConnectionPool(host='trading.vietcap.com.vn', port=443): Max retries exceeded with url: /api/chart/OHLCChart/gap (Caused by NameResolutionError("<urllib3.connection.HTTPSConnection object at 0x7e619e937830>: Failed to resolve 'trading.vietcap.com.vn' ([Errno -2] Name or service not known)"))
[2025-10-07T11:45:46.182+0000] {client.py:83} ERROR - API request failed: HTTPSConnectionPool(host='trading.vietcap.com.vn', port=443): Max retries exceeded with url: /api/chart/OHLCChart/gap (Caused by NameResolutionError("<urllib3.connection.HTTPSConnection object at 0x7e619e9357c0>: Failed to resolve 'trading.vietcap.com.vn' ([Errno -2] Name or service not known)"))
[2025-10-07T11:45:46.183+0000] {logging_mixin.py:190} INFO - Không tìm thấy dữ liệu cho DPD
[2025-10-07T11:45:46.184+0000] {logging_mixin.py:190} INFO - ℹ️ DPD: Không có dữ liệu mới.
[2025-10-07T11:45:46.185+0000] {logging_mixin.py:190} INFO - 🚦 Giới hạn API đạt mức tối đa, chờ 38.9s...
[2025-10-07T11:46:25.050+0000] {logging_mixin.py:190} INFO - ⬇️ Bắt đầu xử lý symbol = DPC
[2025-10-07T11:46:25.118+0000] {logging_mixin.py:190} INFO - ⚠️ Không đọc được file cũ DPC: 'date'
[2025-10-07T11:46:25.155+0000] {logging_mixin.py:190} INFO - DPC: trích dữ liệu từ 2025-10-02 đến 2025-10-07
[2025-10-07T11:46:25.172+0000] {client.py:83} ERROR - API request failed: HTTPSConnectionPool(host='trading.vietcap.com.vn', port=443): Max retries exceeded with url: /api/chart/OHLCChart/gap (Caused by NameResolutionError("<urllib3.connection.HTTPSConnection object at 0x7e619e829970>: Failed to resolve 'trading.vietcap.com.vn' ([Errno -2] Name or service not known)"))
[2025-10-07T11:46:27.187+0000] {client.py:83} ERROR - API request failed: HTTPSConnectionPool(host='trading.vietcap.com.vn', port=443): Max retries exceeded with url: /api/chart/OHLCChart/gap (Caused by NameResolutionError("<urllib3.connection.HTTPSConnection object at 0x7e619e82a060>: Failed to resolve 'trading.vietcap.com.vn' ([Errno -2] Name or service not known)"))
[2025-10-07T11:46:29.202+0000] {client.py:83} ERROR - API request failed: HTTPSConnectionPool(host='trading.vietcap.com.vn', port=443): Max retries exceeded with url: /api/chart/OHLCChart/gap (Caused by NameResolutionError("<urllib3.connection.HTTPSConnection object at 0x7e619e8292b0>: Failed to resolve 'trading.vietcap.com.vn' ([Errno -2] Name or service not known)"))
[2025-10-07T11:46:29.205+0000] {logging_mixin.py:190} INFO - Không tìm thấy dữ liệu cho DPC
[2025-10-07T11:46:29.210+0000] {logging_mixin.py:190} INFO - ℹ️ DPC: Không có dữ liệu mới.
[2025-10-07T11:46:29.212+0000] {logging_mixin.py:190} INFO - 🚦 Giới hạn API đạt mức tối đa, chờ 0.1s...
[2025-10-07T11:46:29.361+0000] {logging_mixin.py:190} INFO - ⬇️ Bắt đầu xử lý symbol = DP3
[2025-10-07T11:46:29.444+0000] {logging_mixin.py:190} INFO - ⚠️ Không đọc được file cũ DP3: 'date'
[2025-10-07T11:46:29.486+0000] {logging_mixin.py:190} INFO - DP3: trích dữ liệu từ 2025-10-04 đến 2025-10-07
[2025-10-07T11:46:29.505+0000] {client.py:83} ERROR - API request failed: HTTPSConnectionPool(host='trading.vietcap.com.vn', port=443): Max retries exceeded with url: /api/chart/OHLCChart/gap (Caused by NameResolutionError("<urllib3.connection.HTTPSConnection object at 0x7e619e82a7b0>: Failed to resolve 'trading.vietcap.com.vn' ([Errno -2] Name or service not known)"))
[2025-10-07T11:46:31.516+0000] {client.py:83} ERROR - API request failed: HTTPSConnectionPool(host='trading.vietcap.com.vn', port=443): Max retries exceeded with url: /api/chart/OHLCChart/gap (Caused by NameResolutionError("<urllib3.connection.HTTPSConnection object at 0x7e619e7628d0>: Failed to resolve 'trading.vietcap.com.vn' ([Errno -2] Name or service not known)"))
[2025-10-07T11:46:33.573+0000] {client.py:83} ERROR - API request failed: HTTPSConnectionPool(host='trading.vietcap.com.vn', port=443): Max retries exceeded with url: /api/chart/OHLCChart/gap (Caused by NameResolutionError("<urllib3.connection.HTTPSConnection object at 0x7e619e761c40>: Failed to resolve 'trading.vietcap.com.vn' ([Errno -2] Name or service not known)"))
[2025-10-07T11:46:33.576+0000] {logging_mixin.py:190} INFO - Không tìm thấy dữ liệu cho DP3
[2025-10-07T11:46:33.582+0000] {logging_mixin.py:190} INFO - ℹ️ DP3: Không có dữ liệu mới.
[2025-10-07T11:46:33.584+0000] {logging_mixin.py:190} INFO - ⬇️ Bắt đầu xử lý symbol = DP2
[2025-10-07T11:46:33.669+0000] {logging_mixin.py:190} INFO - ⚠️ Không đọc được file cũ DP2: 'date'
[2025-10-07T11:46:33.706+0000] {logging_mixin.py:190} INFO - DP2: trích dữ liệu từ 2025-09-06 đến 2025-10-07
[2025-10-07T11:46:33.722+0000] {client.py:83} ERROR - API request failed: HTTPSConnectionPool(host='trading.vietcap.com.vn', port=443): Max retries exceeded with url: /api/chart/OHLCChart/gap (Caused by NameResolutionError("<urllib3.connection.HTTPSConnection object at 0x7e61c5337e60>: Failed to resolve 'trading.vietcap.com.vn' ([Errno -2] Name or service not known)"))
[2025-10-07T11:46:35.737+0000] {client.py:83} ERROR - API request failed: HTTPSConnectionPool(host='trading.vietcap.com.vn', port=443): Max retries exceeded with url: /api/chart/OHLCChart/gap (Caused by NameResolutionError("<urllib3.connection.HTTPSConnection object at 0x7e619e763260>: Failed to resolve 'trading.vietcap.com.vn' ([Errno -2] Name or service not known)"))
[2025-10-07T11:46:37.752+0000] {client.py:83} ERROR - API request failed: HTTPSConnectionPool(host='trading.vietcap.com.vn', port=443): Max retries exceeded with url: /api/chart/OHLCChart/gap (Caused by NameResolutionError("<urllib3.connection.HTTPSConnection object at 0x7e619e82a210>: Failed to resolve 'trading.vietcap.com.vn' ([Errno -2] Name or service not known)"))
[2025-10-07T11:46:37.756+0000] {logging_mixin.py:190} INFO - Không tìm thấy dữ liệu cho DP2
[2025-10-07T11:46:37.760+0000] {logging_mixin.py:190} INFO - ℹ️ DP2: Không có dữ liệu mới.
[2025-10-07T11:46:37.762+0000] {logging_mixin.py:190} INFO - 🚦 Giới hạn API đạt mức tối đa, chờ 0.1s...
[2025-10-07T11:46:37.849+0000] {logging_mixin.py:190} INFO - ⬇️ Bắt đầu xử lý symbol = DP1
[2025-10-07T11:46:37.937+0000] {logging_mixin.py:190} INFO - ⚠️ Không đọc được file cũ DP1: 'date'
[2025-10-07T11:46:37.971+0000] {logging_mixin.py:190} INFO - DP1: trích dữ liệu từ 2025-10-04 đến 2025-10-07
[2025-10-07T11:46:37.988+0000] {client.py:83} ERROR - API request failed: HTTPSConnectionPool(host='trading.vietcap.com.vn', port=443): Max retries exceeded with url: /api/chart/OHLCChart/gap (Caused by NameResolutionError("<urllib3.connection.HTTPSConnection object at 0x7e61c5334f80>: Failed to resolve 'trading.vietcap.com.vn' ([Errno -2] Name or service not known)"))
[2025-10-07T11:46:39.999+0000] {client.py:83} ERROR - API request failed: HTTPSConnectionPool(host='trading.vietcap.com.vn', port=443): Max retries exceeded with url: /api/chart/OHLCChart/gap (Caused by NameResolutionError("<urllib3.connection.HTTPSConnection object at 0x7e619e7ade20>: Failed to resolve 'trading.vietcap.com.vn' ([Errno -2] Name or service not known)"))
[2025-10-07T11:46:42.014+0000] {client.py:83} ERROR - API request failed: HTTPSConnectionPool(host='trading.vietcap.com.vn', port=443): Max retries exceeded with url: /api/chart/OHLCChart/gap (Caused by NameResolutionError("<urllib3.connection.HTTPSConnection object at 0x7e61c5334860>: Failed to resolve 'trading.vietcap.com.vn' ([Errno -2] Name or service not known)"))
[2025-10-07T11:46:42.241+0000] {logging_mixin.py:190} INFO - Không tìm thấy dữ liệu cho DP1
[2025-10-07T11:46:42.252+0000] {logging_mixin.py:190} INFO - ℹ️ DP1: Không có dữ liệu mới.
[2025-10-07T11:46:42.254+0000] {logging_mixin.py:190} INFO - ⬇️ Bắt đầu xử lý symbol = DOP
[2025-10-07T11:46:42.312+0000] {logging_mixin.py:190} INFO - ⚠️ Không đọc được file cũ DOP: 'date'
[2025-10-07T11:46:42.330+0000] {logging_mixin.py:190} INFO - DOP: trích dữ liệu từ 2025-09-27 đến 2025-10-07
[2025-10-07T11:46:42.336+0000] {client.py:83} ERROR - API request failed: HTTPSConnectionPool(host='trading.vietcap.com.vn', port=443): Max retries exceeded with url: /api/chart/OHLCChart/gap (Caused by NameResolutionError("<urllib3.connection.HTTPSConnection object at 0x7e61c53359a0>: Failed to resolve 'trading.vietcap.com.vn' ([Errno -2] Name or service not known)"))
[2025-10-07T11:46:44.346+0000] {client.py:83} ERROR - API request failed: HTTPSConnectionPool(host='trading.vietcap.com.vn', port=443): Max retries exceeded with url: /api/chart/OHLCChart/gap (Caused by NameResolutionError("<urllib3.connection.HTTPSConnection object at 0x7e619e763080>: Failed to resolve 'trading.vietcap.com.vn' ([Errno -2] Name or service not known)"))
[2025-10-07T11:46:46.361+0000] {client.py:83} ERROR - API request failed: HTTPSConnectionPool(host='trading.vietcap.com.vn', port=443): Max retries exceeded with url: /api/chart/OHLCChart/gap (Caused by NameResolutionError("<urllib3.connection.HTTPSConnection object at 0x7e61c5337b60>: Failed to resolve 'trading.vietcap.com.vn' ([Errno -2] Name or service not known)"))
[2025-10-07T11:46:46.364+0000] {logging_mixin.py:190} INFO - Không tìm thấy dữ liệu cho DOP
[2025-10-07T11:46:46.378+0000] {logging_mixin.py:190} INFO - ℹ️ DOP: Không có dữ liệu mới.
[2025-10-07T11:46:46.383+0000] {logging_mixin.py:190} INFO - 🚦 Giới hạn API đạt mức tối đa, chờ 38.7s...
[2025-10-07T11:47:25.049+0000] {logging_mixin.py:190} INFO - ⬇️ Bắt đầu xử lý symbol = DOC
[2025-10-07T11:47:25.080+0000] {logging_mixin.py:190} INFO - ⚠️ Không đọc được file cũ DOC: 'date'
[2025-10-07T11:47:25.096+0000] {logging_mixin.py:190} INFO - DOC: trích dữ liệu từ 2025-08-28 đến 2025-10-07
[2025-10-07T11:47:25.103+0000] {client.py:83} ERROR - API request failed: HTTPSConnectionPool(host='trading.vietcap.com.vn', port=443): Max retries exceeded with url: /api/chart/OHLCChart/gap (Caused by NameResolutionError("<urllib3.connection.HTTPSConnection object at 0x7e619e7ae4b0>: Failed to resolve 'trading.vietcap.com.vn' ([Errno -2] Name or service not known)"))
[2025-10-07T11:47:27.123+0000] {client.py:83} ERROR - API request failed: HTTPSConnectionPool(host='trading.vietcap.com.vn', port=443): Max retries exceeded with url: /api/chart/OHLCChart/gap (Caused by NameResolutionError("<urllib3.connection.HTTPSConnection object at 0x7e619e890680>: Failed to resolve 'trading.vietcap.com.vn' ([Errno -2] Name or service not known)"))
[2025-10-07T11:47:29.143+0000] {client.py:83} ERROR - API request failed: HTTPSConnectionPool(host='trading.vietcap.com.vn', port=443): Max retries exceeded with url: /api/chart/OHLCChart/gap (Caused by NameResolutionError("<urllib3.connection.HTTPSConnection object at 0x7e619e9355e0>: Failed to resolve 'trading.vietcap.com.vn' ([Errno -2] Name or service not known)"))
[2025-10-07T11:47:29.146+0000] {logging_mixin.py:190} INFO - Không tìm thấy dữ liệu cho DOC
[2025-10-07T11:47:29.151+0000] {logging_mixin.py:190} INFO - ℹ️ DOC: Không có dữ liệu mới.
[2025-10-07T11:47:29.153+0000] {logging_mixin.py:190} INFO - 🚦 Giới hạn API đạt mức tối đa, chờ 0.2s...
[2025-10-07T11:47:29.363+0000] {logging_mixin.py:190} INFO - ⬇️ Bắt đầu xử lý symbol = DNW
[2025-10-07T11:47:29.432+0000] {logging_mixin.py:190} INFO - ⚠️ Không đọc được file cũ DNW: 'date'
[2025-10-07T11:47:29.468+0000] {logging_mixin.py:190} INFO - DNW: trích dữ liệu từ 2025-10-03 đến 2025-10-07
[2025-10-07T11:47:29.482+0000] {client.py:83} ERROR - API request failed: HTTPSConnectionPool(host='trading.vietcap.com.vn', port=443): Max retries exceeded with url: /api/chart/OHLCChart/gap (Caused by NameResolutionError("<urllib3.connection.HTTPSConnection object at 0x7e619e7ac500>: Failed to resolve 'trading.vietcap.com.vn' ([Errno -2] Name or service not known)"))
[2025-10-07T11:47:31.498+0000] {client.py:83} ERROR - API request failed: HTTPSConnectionPool(host='trading.vietcap.com.vn', port=443): Max retries exceeded with url: /api/chart/OHLCChart/gap (Caused by NameResolutionError("<urllib3.connection.HTTPSConnection object at 0x7e619e935fd0>: Failed to resolve 'trading.vietcap.com.vn' ([Errno -2] Name or service not known)"))
[2025-10-07T11:47:33.514+0000] {client.py:83} ERROR - API request failed: HTTPSConnectionPool(host='trading.vietcap.com.vn', port=443): Max retries exceeded with url: /api/chart/OHLCChart/gap (Caused by NameResolutionError("<urllib3.connection.HTTPSConnection object at 0x7e619e828560>: Failed to resolve 'trading.vietcap.com.vn' ([Errno -2] Name or service not known)"))
[2025-10-07T11:47:33.517+0000] {logging_mixin.py:190} INFO - Không tìm thấy dữ liệu cho DNW
[2025-10-07T11:47:33.522+0000] {logging_mixin.py:190} INFO - ℹ️ DNW: Không có dữ liệu mới.
[2025-10-07T11:47:33.524+0000] {logging_mixin.py:190} INFO - 🚦 Giới hạn API đạt mức tối đa, chờ 0.1s...
[2025-10-07T11:47:33.586+0000] {logging_mixin.py:190} INFO - ⬇️ Bắt đầu xử lý symbol = DNT
[2025-10-07T11:47:33.656+0000] {logging_mixin.py:190} INFO - ⚠️ Không đọc được file cũ DNT: 'date'
[2025-10-07T11:47:33.696+0000] {logging_mixin.py:190} INFO - DNT: trích dữ liệu từ 2025-09-09 đến 2025-10-07
[2025-10-07T11:47:33.715+0000] {client.py:83} ERROR - API request failed: HTTPSConnectionPool(host='trading.vietcap.com.vn', port=443): Max retries exceeded with url: /api/chart/OHLCChart/gap (Caused by NameResolutionError("<urllib3.connection.HTTPSConnection object at 0x7e619e82a570>: Failed to resolve 'trading.vietcap.com.vn' ([Errno -2] Name or service not known)"))
[2025-10-07T11:47:35.730+0000] {client.py:83} ERROR - API request failed: HTTPSConnectionPool(host='trading.vietcap.com.vn', port=443): Max retries exceeded with url: /api/chart/OHLCChart/gap (Caused by NameResolutionError("<urllib3.connection.HTTPSConnection object at 0x7e619e9346e0>: Failed to resolve 'trading.vietcap.com.vn' ([Errno -2] Name or service not known)"))
[2025-10-07T11:47:37.738+0000] {client.py:83} ERROR - API request failed: HTTPSConnectionPool(host='trading.vietcap.com.vn', port=443): Max retries exceeded with url: /api/chart/OHLCChart/gap (Caused by NameResolutionError("<urllib3.connection.HTTPSConnection object at 0x7e619e7afe00>: Failed to resolve 'trading.vietcap.com.vn' ([Errno -2] Name or service not known)"))
[2025-10-07T11:47:37.739+0000] {logging_mixin.py:190} INFO - Không tìm thấy dữ liệu cho DNT
[2025-10-07T11:47:37.741+0000] {logging_mixin.py:190} INFO - ℹ️ DNT: Không có dữ liệu mới.
[2025-10-07T11:47:37.741+0000] {logging_mixin.py:190} INFO - 🚦 Giới hạn API đạt mức tối đa, chờ 0.1s...
[2025-10-07T11:47:37.850+0000] {logging_mixin.py:190} INFO - ⬇️ Bắt đầu xử lý symbol = DNP
[2025-10-07T11:47:37.887+0000] {logging_mixin.py:190} INFO - ⚠️ Không đọc được file cũ DNP: 'date'
[2025-10-07T11:47:37.901+0000] {logging_mixin.py:190} INFO - DNP: trích dữ liệu từ 2025-10-04 đến 2025-10-07
[2025-10-07T11:47:37.907+0000] {client.py:83} ERROR - API request failed: HTTPSConnectionPool(host='trading.vietcap.com.vn', port=443): Max retries exceeded with url: /api/chart/OHLCChart/gap (Caused by NameResolutionError("<urllib3.connection.HTTPSConnection object at 0x7e619e7f7380>: Failed to resolve 'trading.vietcap.com.vn' ([Errno -2] Name or service not known)"))
[2025-10-07T11:47:39.913+0000] {client.py:83} ERROR - API request failed: HTTPSConnectionPool(host='trading.vietcap.com.vn', port=443): Max retries exceeded with url: /api/chart/OHLCChart/gap (Caused by NameResolutionError("<urllib3.connection.HTTPSConnection object at 0x7e619e7f6240>: Failed to resolve 'trading.vietcap.com.vn' ([Errno -2] Name or service not known)"))
[2025-10-07T11:47:41.927+0000] {client.py:83} ERROR - API request failed: HTTPSConnectionPool(host='trading.vietcap.com.vn', port=443): Max retries exceeded with url: /api/chart/OHLCChart/gap (Caused by NameResolutionError("<urllib3.connection.HTTPSConnection object at 0x7e619e828680>: Failed to resolve 'trading.vietcap.com.vn' ([Errno -2] Name or service not known)"))
[2025-10-07T11:47:41.929+0000] {logging_mixin.py:190} INFO - Không tìm thấy dữ liệu cho DNP
[2025-10-07T11:47:41.934+0000] {logging_mixin.py:190} INFO - ℹ️ DNP: Không có dữ liệu mới.
[2025-10-07T11:47:41.936+0000] {logging_mixin.py:190} INFO - 🚦 Giới hạn API đạt mức tối đa, chờ 0.3s...
[2025-10-07T11:47:42.256+0000] {logging_mixin.py:190} INFO - ⬇️ Bắt đầu xử lý symbol = DNN
[2025-10-07T11:47:42.333+0000] {logging_mixin.py:190} INFO - ⚠️ Không đọc được file cũ DNN: 'date'
[2025-10-07T11:47:42.367+0000] {logging_mixin.py:190} INFO - DNN: trích dữ liệu từ 2025-09-27 đến 2025-10-07
[2025-10-07T11:47:42.384+0000] {client.py:83} ERROR - API request failed: HTTPSConnectionPool(host='trading.vietcap.com.vn', port=443): Max retries exceeded with url: /api/chart/OHLCChart/gap (Caused by NameResolutionError("<urllib3.connection.HTTPSConnection object at 0x7e619e7f73b0>: Failed to resolve 'trading.vietcap.com.vn' ([Errno -2] Name or service not known)"))
[2025-10-07T11:47:44.392+0000] {client.py:83} ERROR - API request failed: HTTPSConnectionPool(host='trading.vietcap.com.vn', port=443): Max retries exceeded with url: /api/chart/OHLCChart/gap (Caused by NameResolutionError("<urllib3.connection.HTTPSConnection object at 0x7e619e7f4e90>: Failed to resolve 'trading.vietcap.com.vn' ([Errno -2] Name or service not known)"))
[2025-10-07T11:47:46.418+0000] {client.py:83} ERROR - API request failed: HTTPSConnectionPool(host='trading.vietcap.com.vn', port=443): Max retries exceeded with url: /api/chart/OHLCChart/gap (Caused by NameResolutionError("<urllib3.connection.HTTPSConnection object at 0x7e619e7f4a40>: Failed to resolve 'trading.vietcap.com.vn' ([Errno -2] Name or service not known)"))
[2025-10-07T11:47:46.423+0000] {logging_mixin.py:190} INFO - Không tìm thấy dữ liệu cho DNN
[2025-10-07T11:47:46.431+0000] {logging_mixin.py:190} INFO - ℹ️ DNN: Không có dữ liệu mới.
[2025-10-07T11:47:46.436+0000] {logging_mixin.py:190} INFO - 🚦 Giới hạn API đạt mức tối đa, chờ 38.6s...
[2025-10-07T11:48:25.049+0000] {logging_mixin.py:190} INFO - ⬇️ Bắt đầu xử lý symbol = DNM
[2025-10-07T11:48:25.117+0000] {logging_mixin.py:190} INFO - ⚠️ Không đọc được file cũ DNM: 'date'
[2025-10-07T11:48:25.154+0000] {logging_mixin.py:190} INFO - DNM: trích dữ liệu từ 2025-10-02 đến 2025-10-07
[2025-10-07T11:48:25.170+0000] {client.py:83} ERROR - API request failed: HTTPSConnectionPool(host='trading.vietcap.com.vn', port=443): Max retries exceeded with url: /api/chart/OHLCChart/gap (Caused by NameResolutionError("<urllib3.connection.HTTPSConnection object at 0x7e619e7f6f90>: Failed to resolve 'trading.vietcap.com.vn' ([Errno -2] Name or service not known)"))
[2025-10-07T11:48:27.178+0000] {client.py:83} ERROR - API request failed: HTTPSConnectionPool(host='trading.vietcap.com.vn', port=443): Max retries exceeded with url: /api/chart/OHLCChart/gap (Caused by NameResolutionError("<urllib3.connection.HTTPSConnection object at 0x7e619e7f64e0>: Failed to resolve 'trading.vietcap.com.vn' ([Errno -2] Name or service not known)"))
[2025-10-07T11:48:29.191+0000] {client.py:83} ERROR - API request failed: HTTPSConnectionPool(host='trading.vietcap.com.vn', port=443): Max retries exceeded with url: /api/chart/OHLCChart/gap (Caused by NameResolutionError("<urllib3.connection.HTTPSConnection object at 0x7e619e7f4fb0>: Failed to resolve 'trading.vietcap.com.vn' ([Errno -2] Name or service not known)"))
[2025-10-07T11:48:29.194+0000] {logging_mixin.py:190} INFO - Không tìm thấy dữ liệu cho DNM
[2025-10-07T11:48:29.199+0000] {logging_mixin.py:190} INFO - ℹ️ DNM: Không có dữ liệu mới.
[2025-10-07T11:48:29.202+0000] {logging_mixin.py:190} INFO - 🚦 Giới hạn API đạt mức tối đa, chờ 0.2s...
[2025-10-07T11:48:29.367+0000] {logging_mixin.py:190} INFO - ⬇️ Bắt đầu xử lý symbol = DNL
[2025-10-07T11:48:29.438+0000] {logging_mixin.py:190} INFO - ⚠️ Không đọc được file cũ DNL: 'date'
[2025-10-07T11:48:29.472+0000] {logging_mixin.py:190} INFO - DNL: trích dữ liệu từ 2025-09-06 đến 2025-10-07
[2025-10-07T11:48:29.490+0000] {client.py:83} ERROR - API request failed: HTTPSConnectionPool(host='trading.vietcap.com.vn', port=443): Max retries exceeded with url: /api/chart/OHLCChart/gap (Caused by NameResolutionError("<urllib3.connection.HTTPSConnection object at 0x7e61c53596a0>: Failed to resolve 'trading.vietcap.com.vn' ([Errno -2] Name or service not known)"))
[2025-10-07T11:48:31.506+0000] {client.py:83} ERROR - API request failed: HTTPSConnectionPool(host='trading.vietcap.com.vn', port=443): Max retries exceeded with url: /api/chart/OHLCChart/gap (Caused by NameResolutionError("<urllib3.connection.HTTPSConnection object at 0x7e619e7f4c80>: Failed to resolve 'trading.vietcap.com.vn' ([Errno -2] Name or service not known)"))
[2025-10-07T11:48:33.522+0000] {client.py:83} ERROR - API request failed: HTTPSConnectionPool(host='trading.vietcap.com.vn', port=443): Max retries exceeded with url: /api/chart/OHLCChart/gap (Caused by NameResolutionError("<urllib3.connection.HTTPSConnection object at 0x7e61c5337ce0>: Failed to resolve 'trading.vietcap.com.vn' ([Errno -2] Name or service not known)"))
[2025-10-07T11:48:33.525+0000] {logging_mixin.py:190} INFO - Không tìm thấy dữ liệu cho DNL
[2025-10-07T11:48:33.530+0000] {logging_mixin.py:190} INFO - ℹ️ DNL: Không có dữ liệu mới.
[2025-10-07T11:48:33.532+0000] {logging_mixin.py:190} INFO - 🚦 Giới hạn API đạt mức tối đa, chờ 0.1s...
[2025-10-07T11:48:33.588+0000] {logging_mixin.py:190} INFO - ⬇️ Bắt đầu xử lý symbol = DNH
[2025-10-07T11:48:33.612+0000] {logging_mixin.py:190} INFO - ⚠️ Không đọc được file cũ DNH: 'date'
[2025-10-07T11:48:33.627+0000] {logging_mixin.py:190} INFO - DNH: trích dữ liệu từ 2025-09-24 đến 2025-10-07
[2025-10-07T11:48:33.633+0000] {client.py:83} ERROR - API request failed: HTTPSConnectionPool(host='trading.vietcap.com.vn', port=443): Max retries exceeded with url: /api/chart/OHLCChart/gap (Caused by NameResolutionError("<urllib3.connection.HTTPSConnection object at 0x7e619e82aed0>: Failed to resolve 'trading.vietcap.com.vn' ([Errno -2] Name or service not known)"))
[2025-10-07T11:48:35.645+0000] {client.py:83} ERROR - API request failed: HTTPSConnectionPool(host='trading.vietcap.com.vn', port=443): Max retries exceeded with url: /api/chart/OHLCChart/gap (Caused by NameResolutionError("<urllib3.connection.HTTPSConnection object at 0x7e61c5358a70>: Failed to resolve 'trading.vietcap.com.vn' ([Errno -2] Name or service not known)"))
[2025-10-07T11:48:37.662+0000] {client.py:83} ERROR - API request failed: HTTPSConnectionPool(host='trading.vietcap.com.vn', port=443): Max retries exceeded with url: /api/chart/OHLCChart/gap (Caused by NameResolutionError("<urllib3.connection.HTTPSConnection object at 0x7e619e934dd0>: Failed to resolve 'trading.vietcap.com.vn' ([Errno -2] Name or service not known)"))
[2025-10-07T11:48:37.665+0000] {logging_mixin.py:190} INFO - Không tìm thấy dữ liệu cho DNH
[2025-10-07T11:48:37.670+0000] {logging_mixin.py:190} INFO - ℹ️ DNH: Không có dữ liệu mới.
[2025-10-07T11:48:37.672+0000] {logging_mixin.py:190} INFO - 🚦 Giới hạn API đạt mức tối đa, chờ 0.2s...
[2025-10-07T11:48:37.852+0000] {logging_mixin.py:190} INFO - ⬇️ Bắt đầu xử lý symbol = DNE
[2025-10-07T11:48:37.936+0000] {logging_mixin.py:190} INFO - ⚠️ Không đọc được file cũ DNE: 'date'
[2025-10-07T11:48:37.976+0000] {logging_mixin.py:190} INFO - DNE: trích dữ liệu từ 2025-10-03 đến 2025-10-07
[2025-10-07T11:48:37.991+0000] {client.py:83} ERROR - API request failed: HTTPSConnectionPool(host='trading.vietcap.com.vn', port=443): Max retries exceeded with url: /api/chart/OHLCChart/gap (Caused by NameResolutionError("<urllib3.connection.HTTPSConnection object at 0x7e61c5359be0>: Failed to resolve 'trading.vietcap.com.vn' ([Errno -2] Name or service not known)"))
[2025-10-07T11:48:39.999+0000] {client.py:83} ERROR - API request failed: HTTPSConnectionPool(host='trading.vietcap.com.vn', port=443): Max retries exceeded with url: /api/chart/OHLCChart/gap (Caused by NameResolutionError("<urllib3.connection.HTTPSConnection object at 0x7e61c535a7b0>: Failed to resolve 'trading.vietcap.com.vn' ([Errno -2] Name or service not known)"))
[2025-10-07T11:48:42.014+0000] {client.py:83} ERROR - API request failed: HTTPSConnectionPool(host='trading.vietcap.com.vn', port=443): Max retries exceeded with url: /api/chart/OHLCChart/gap (Caused by NameResolutionError("<urllib3.connection.HTTPSConnection object at 0x7e61c535b380>: Failed to resolve 'trading.vietcap.com.vn' ([Errno -2] Name or service not known)"))
[2025-10-07T11:48:42.018+0000] {logging_mixin.py:190} INFO - Không tìm thấy dữ liệu cho DNE
[2025-10-07T11:48:42.022+0000] {logging_mixin.py:190} INFO - ℹ️ DNE: Không có dữ liệu mới.
[2025-10-07T11:48:42.025+0000] {logging_mixin.py:190} INFO - 🚦 Giới hạn API đạt mức tối đa, chờ 0.2s...
[2025-10-07T11:48:42.258+0000] {logging_mixin.py:190} INFO - ⬇️ Bắt đầu xử lý symbol = DND
[2025-10-07T11:48:42.326+0000] {logging_mixin.py:190} INFO - ⚠️ Không đọc được file cũ DND: 'date'
[2025-10-07T11:48:42.347+0000] {logging_mixin.py:190} INFO - DND: trích dữ liệu từ 2025-10-02 đến 2025-10-07
[2025-10-07T11:48:42.360+0000] {client.py:83} ERROR - API request failed: HTTPSConnectionPool(host='trading.vietcap.com.vn', port=443): Max retries exceeded with url: /api/chart/OHLCChart/gap (Caused by NameResolutionError("<urllib3.connection.HTTPSConnection object at 0x7e61c5358830>: Failed to resolve 'trading.vietcap.com.vn' ([Errno -2] Name or service not known)"))
[2025-10-07T11:48:44.374+0000] {client.py:83} ERROR - API request failed: HTTPSConnectionPool(host='trading.vietcap.com.vn', port=443): Max retries exceeded with url: /api/chart/OHLCChart/gap (Caused by NameResolutionError("<urllib3.connection.HTTPSConnection object at 0x7e61c535bb90>: Failed to resolve 'trading.vietcap.com.vn' ([Errno -2] Name or service not known)"))
[2025-10-07T11:48:46.388+0000] {client.py:83} ERROR - API request failed: HTTPSConnectionPool(host='trading.vietcap.com.vn', port=443): Max retries exceeded with url: /api/chart/OHLCChart/gap (Caused by NameResolutionError("<urllib3.connection.HTTPSConnection object at 0x7e61c53c8740>: Failed to resolve 'trading.vietcap.com.vn' ([Errno -2] Name or service not known)"))
[2025-10-07T11:48:46.391+0000] {logging_mixin.py:190} INFO - Không tìm thấy dữ liệu cho DND
[2025-10-07T11:48:46.397+0000] {logging_mixin.py:190} INFO - ℹ️ DND: Không có dữ liệu mới.
[2025-10-07T11:48:46.401+0000] {logging_mixin.py:190} INFO - 🚦 Giới hạn API đạt mức tối đa, chờ 38.6s...
[2025-10-07T12:06:00.633+0000] {job.py:229} INFO - Heartbeat recovered after 1033.33 seconds
[2025-10-07T12:06:32.654+0000] {logging_mixin.py:190} INFO - ⬇️ Bắt đầu xử lý symbol = DNC
[2025-10-07T12:06:32.682+0000] {logging_mixin.py:190} INFO - ⚠️ Không đọc được file cũ DNC: 'date'
[2025-10-07T12:06:32.698+0000] {logging_mixin.py:190} INFO - DNC: trích dữ liệu từ 2025-10-02 đến 2025-10-07
[2025-10-07T12:06:32.704+0000] {client.py:83} ERROR - API request failed: HTTPSConnectionPool(host='trading.vietcap.com.vn', port=443): Max retries exceeded with url: /api/chart/OHLCChart/gap (Caused by NameResolutionError("<urllib3.connection.HTTPSConnection object at 0x7e61c535b860>: Failed to resolve 'trading.vietcap.com.vn' ([Errno -2] Name or service not known)"))
[2025-10-07T12:06:34.862+0000] {client.py:83} ERROR - API request failed: HTTPSConnectionPool(host='trading.vietcap.com.vn', port=443): Max retries exceeded with url: /api/chart/OHLCChart/gap (Caused by NameResolutionError("<urllib3.connection.HTTPSConnection object at 0x7e619e7f50d0>: Failed to resolve 'trading.vietcap.com.vn' ([Errno -2] Name or service not known)"))
[2025-10-07T12:06:36.867+0000] {client.py:83} ERROR - API request failed: HTTPSConnectionPool(host='trading.vietcap.com.vn', port=443): Max retries exceeded with url: /api/chart/OHLCChart/gap (Caused by NameResolutionError("<urllib3.connection.HTTPSConnection object at 0x7e61c5359ac0>: Failed to resolve 'trading.vietcap.com.vn' ([Errno -2] Name or service not known)"))
[2025-10-07T12:06:36.867+0000] {logging_mixin.py:190} INFO - Không tìm thấy dữ liệu cho DNC
[2025-10-07T12:06:36.869+0000] {logging_mixin.py:190} INFO - ℹ️ DNC: Không có dữ liệu mới.
[2025-10-07T12:06:36.869+0000] {logging_mixin.py:190} INFO - ⬇️ Bắt đầu xử lý symbol = DNB
[2025-10-07T12:06:36.881+0000] {logging_mixin.py:190} INFO - DNB: trích dữ liệu từ 2020-01-01 đến 2025-10-07
[2025-10-07T12:06:36.885+0000] {client.py:83} ERROR - API request failed: HTTPSConnectionPool(host='trading.vietcap.com.vn', port=443): Max retries exceeded with url: /api/chart/OHLCChart/gap (Caused by NameResolutionError("<urllib3.connection.HTTPSConnection object at 0x7e61c535b500>: Failed to resolve 'trading.vietcap.com.vn' ([Errno -2] Name or service not known)"))
[2025-10-07T12:06:38.889+0000] {client.py:83} ERROR - API request failed: HTTPSConnectionPool(host='trading.vietcap.com.vn', port=443): Max retries exceeded with url: /api/chart/OHLCChart/gap (Caused by NameResolutionError("<urllib3.connection.HTTPSConnection object at 0x7e61c53cab10>: Failed to resolve 'trading.vietcap.com.vn' ([Errno -2] Name or service not known)"))
[2025-10-07T12:06:40.894+0000] {client.py:83} ERROR - API request failed: HTTPSConnectionPool(host='trading.vietcap.com.vn', port=443): Max retries exceeded with url: /api/chart/OHLCChart/gap (Caused by NameResolutionError("<urllib3.connection.HTTPSConnection object at 0x7e619e890b60>: Failed to resolve 'trading.vietcap.com.vn' ([Errno -2] Name or service not known)"))
[2025-10-07T12:06:40.895+0000] {logging_mixin.py:190} INFO - Không tìm thấy dữ liệu cho DNB
[2025-10-07T12:06:40.897+0000] {logging_mixin.py:190} INFO - ℹ️ DNB: Không có dữ liệu mới.
[2025-10-07T12:06:40.897+0000] {logging_mixin.py:190} INFO - ⬇️ Bắt đầu xử lý symbol = DNA
[2025-10-07T12:06:40.921+0000] {logging_mixin.py:190} INFO - ⚠️ Không đọc được file cũ DNA: 'date'
[2025-10-07T12:06:40.932+0000] {logging_mixin.py:190} INFO - DNA: trích dữ liệu từ 2025-10-04 đến 2025-10-07
[2025-10-07T12:06:40.936+0000] {client.py:83} ERROR - API request failed: HTTPSConnectionPool(host='trading.vietcap.com.vn', port=443): Max retries exceeded with url: /api/chart/OHLCChart/gap (Caused by NameResolutionError("<urllib3.connection.HTTPSConnection object at 0x7e61c53cb590>: Failed to resolve 'trading.vietcap.com.vn' ([Errno -2] Name or service not known)"))
[2025-10-07T12:06:42.938+0000] {client.py:83} ERROR - API request failed: HTTPSConnectionPool(host='trading.vietcap.com.vn', port=443): Max retries exceeded with url: /api/chart/OHLCChart/gap (Caused by NameResolutionError("<urllib3.connection.HTTPSConnection object at 0x7e61c53c8a10>: Failed to resolve 'trading.vietcap.com.vn' ([Errno -2] Name or service not known)"))
[2025-10-07T12:06:44.942+0000] {client.py:83} ERROR - API request failed: HTTPSConnectionPool(host='trading.vietcap.com.vn', port=443): Max retries exceeded with url: /api/chart/OHLCChart/gap (Caused by NameResolutionError("<urllib3.connection.HTTPSConnection object at 0x7e61c53cb200>: Failed to resolve 'trading.vietcap.com.vn' ([Errno -2] Name or service not known)"))
[2025-10-07T12:06:44.943+0000] {logging_mixin.py:190} INFO - Không tìm thấy dữ liệu cho DNA
[2025-10-07T12:06:44.944+0000] {logging_mixin.py:190} INFO - ℹ️ DNA: Không có dữ liệu mới.
[2025-10-07T12:06:44.945+0000] {logging_mixin.py:190} INFO - ⬇️ Bắt đầu xử lý symbol = DMS
[2025-10-07T12:06:44.960+0000] {logging_mixin.py:190} INFO - ⚠️ Không đọc được file cũ DMS: 'date'
[2025-10-07T12:06:44.966+0000] {logging_mixin.py:190} INFO - DMS: trích dữ liệu từ 2025-10-04 đến 2025-10-07
[2025-10-07T12:06:44.970+0000] {client.py:83} ERROR - API request failed: HTTPSConnectionPool(host='trading.vietcap.com.vn', port=443): Max retries exceeded with url: /api/chart/OHLCChart/gap (Caused by NameResolutionError("<urllib3.connection.HTTPSConnection object at 0x7e61c53cb9b0>: Failed to resolve 'trading.vietcap.com.vn' ([Errno -2] Name or service not known)"))
[2025-10-07T12:06:46.975+0000] {client.py:83} ERROR - API request failed: HTTPSConnectionPool(host='trading.vietcap.com.vn', port=443): Max retries exceeded with url: /api/chart/OHLCChart/gap (Caused by NameResolutionError("<urllib3.connection.HTTPSConnection object at 0x7e61c53cb260>: Failed to resolve 'trading.vietcap.com.vn' ([Errno -2] Name or service not known)"))
[2025-10-07T12:06:49.282+0000] {logging_mixin.py:190} INFO - Trích xuất 1 dòng mới cho DMS
[2025-10-07T12:06:49.288+0000] {logging_mixin.py:190} INFO - ⚠️ Lỗi khi xử lý DMS: load_data() got an unexpected keyword argument 'mode'
[2025-10-07T12:06:49.289+0000] {logging_mixin.py:190} INFO - ⬇️ Bắt đầu xử lý symbol = DMN
[2025-10-07T12:06:49.312+0000] {logging_mixin.py:190} INFO - ⚠️ Không đọc được file cũ DMN: 'date'
[2025-10-07T12:06:49.323+0000] {logging_mixin.py:190} INFO - DMN: trích dữ liệu từ 2025-10-01 đến 2025-10-07
[2025-10-07T12:06:53.822+0000] {logging_mixin.py:190} INFO - Không tìm thấy dữ liệu cho DMN
[2025-10-07T12:06:53.824+0000] {logging_mixin.py:190} INFO - ℹ️ DMN: Không có dữ liệu mới.
[2025-10-07T12:06:53.824+0000] {python.py:240} INFO - Done. Returned value was: None
[2025-10-07T12:06:53.838+0000] {taskinstance.py:341} INFO - ::group::Post task execution logs
[2025-10-07T12:06:53.838+0000] {taskinstance.py:353} INFO - Marking task as SUCCESS. dag_id=vnstock_weekly_etl_incremental, task_id=process_batch, run_id=manual__2025-10-07T10:41:48.387187+00:00, map_index=26, execution_date=20251007T104148, start_date=20251007T114024, end_date=20251007T120653
[2025-10-07T12:06:53.903+0000] {local_task_job_runner.py:266} INFO - Task exited with return code 0
[2025-10-07T12:06:54.211+0000] {taskinstance.py:3901} INFO - 0 downstream tasks scheduled from follow-on schedule check
[2025-10-07T12:06:54.268+0000] {local_task_job_runner.py:245} INFO - ::endgroup::
