[2025-10-07T10:16:43.771+0000] {local_task_job_runner.py:123} INFO - ::group::Pre task execution logs
[2025-10-07T10:16:43.941+0000] {taskinstance.py:2614} INFO - Dependencies all met for dep_context=non-requeueable deps ti=<TaskInstance: vnstock_weekly_etl_incremental.process_batch manual__2025-10-07T10:01:57.519057+00:00 map_index=5 [queued]>
[2025-10-07T10:16:44.014+0000] {taskinstance.py:2614} INFO - Dependencies all met for dep_context=requeueable deps ti=<TaskInstance: vnstock_weekly_etl_incremental.process_batch manual__2025-10-07T10:01:57.519057+00:00 map_index=5 [queued]>
[2025-10-07T10:16:44.028+0000] {taskinstance.py:2867} INFO - Starting attempt 1 of 3
[2025-10-07T10:16:44.144+0000] {taskinstance.py:2890} INFO - Executing <Mapped(_PythonDecoratedOperator): process_batch> on 2025-10-07 10:01:57.519057+00:00
[2025-10-07T10:16:44.442+0000] {standard_task_runner.py:104} INFO - Running: ['***', 'tasks', 'run', 'vnstock_weekly_etl_incremental', 'process_batch', 'manual__2025-10-07T10:01:57.519057+00:00', '--job-id', '20', '--raw', '--subdir', 'DAGS_FOLDER/dag.py', '--cfg-path', '/tmp/tmp5w9n_pek', '--map-index', '5']
[2025-10-07T10:16:44.479+0000] {standard_task_runner.py:105} INFO - Job 20: Subtask process_batch
[2025-10-07T10:16:44.419+0000] {logging_mixin.py:190} WARNING - /home/***/.local/lib/python3.12/site-packages/***/task/task_runner/standard_task_runner.py:70 DeprecationWarning: This process (pid=289) is multi-threaded, use of fork() may lead to deadlocks in the child.
[2025-10-07T10:16:44.492+0000] {standard_task_runner.py:72} INFO - Started process 494 to run task
[2025-10-07T10:16:44.766+0000] {logging_mixin.py:190} WARNING - /home/***/.local/lib/python3.12/site-packages/***/settings.py:209 DeprecationWarning: The sql_alchemy_conn option in [core] has been moved to the sql_alchemy_conn option in [database] - the old setting has been used, but please update your config.
[2025-10-07T10:16:45.489+0000] {task_command.py:467} INFO - Running <TaskInstance: vnstock_weekly_etl_incremental.process_batch manual__2025-10-07T10:01:57.519057+00:00 map_index=5 [running]> on host e3278e0f0bbc
[2025-10-07T10:16:51.705+0000] {taskinstance.py:3134} INFO - Exporting env vars: AIRFLOW_CTX_DAG_OWNER='***' AIRFLOW_CTX_DAG_ID='vnstock_weekly_etl_incremental' AIRFLOW_CTX_TASK_ID='process_batch' AIRFLOW_CTX_EXECUTION_DATE='2025-10-07T10:01:57.519057+00:00' AIRFLOW_CTX_TRY_NUMBER='1' AIRFLOW_CTX_DAG_RUN_ID='manual__2025-10-07T10:01:57.519057+00:00'
[2025-10-07T10:16:51.713+0000] {taskinstance.py:732} INFO - ::endgroup::
[2025-10-07T10:16:51.718+0000] {logging_mixin.py:190} INFO - ⚠️ Lỗi khi xử lý TST: 'Limiter' object has no attribute 'ratelimit'
[2025-10-07T10:16:51.723+0000] {logging_mixin.py:190} INFO - ⚠️ Lỗi khi xử lý TSJ: 'Limiter' object has no attribute 'ratelimit'
[2025-10-07T10:16:51.724+0000] {logging_mixin.py:190} INFO - ⚠️ Lỗi khi xử lý TSG: 'Limiter' object has no attribute 'ratelimit'
[2025-10-07T10:16:51.726+0000] {logging_mixin.py:190} INFO - ⚠️ Lỗi khi xử lý TSD: 'Limiter' object has no attribute 'ratelimit'
[2025-10-07T10:16:51.739+0000] {logging_mixin.py:190} INFO - ⚠️ Lỗi khi xử lý TSC: 'Limiter' object has no attribute 'ratelimit'
[2025-10-07T10:16:51.742+0000] {logging_mixin.py:190} INFO - ⚠️ Lỗi khi xử lý TSB: 'Limiter' object has no attribute 'ratelimit'
[2025-10-07T10:16:51.744+0000] {logging_mixin.py:190} INFO - ⚠️ Lỗi khi xử lý TSA: 'Limiter' object has no attribute 'ratelimit'
[2025-10-07T10:16:51.749+0000] {logging_mixin.py:190} INFO - ⚠️ Lỗi khi xử lý TS5: 'Limiter' object has no attribute 'ratelimit'
[2025-10-07T10:16:51.754+0000] {logging_mixin.py:190} INFO - ⚠️ Lỗi khi xử lý TS4: 'Limiter' object has no attribute 'ratelimit'
[2025-10-07T10:16:51.756+0000] {logging_mixin.py:190} INFO - ⚠️ Lỗi khi xử lý TS3: 'Limiter' object has no attribute 'ratelimit'
[2025-10-07T10:16:51.760+0000] {logging_mixin.py:190} INFO - ⚠️ Lỗi khi xử lý TRV: 'Limiter' object has no attribute 'ratelimit'
[2025-10-07T10:16:51.764+0000] {logging_mixin.py:190} INFO - ⚠️ Lỗi khi xử lý TRT: 'Limiter' object has no attribute 'ratelimit'
[2025-10-07T10:16:51.768+0000] {logging_mixin.py:190} INFO - ⚠️ Lỗi khi xử lý TRS: 'Limiter' object has no attribute 'ratelimit'
[2025-10-07T10:16:51.769+0000] {logging_mixin.py:190} INFO - ⚠️ Lỗi khi xử lý TRC: 'Limiter' object has no attribute 'ratelimit'
[2025-10-07T10:16:51.770+0000] {logging_mixin.py:190} INFO - ⚠️ Lỗi khi xử lý TRA: 'Limiter' object has no attribute 'ratelimit'
[2025-10-07T10:16:51.773+0000] {logging_mixin.py:190} INFO - ⚠️ Lỗi khi xử lý TR1: 'Limiter' object has no attribute 'ratelimit'
[2025-10-07T10:16:51.774+0000] {logging_mixin.py:190} INFO - ⚠️ Lỗi khi xử lý TQW: 'Limiter' object has no attribute 'ratelimit'
[2025-10-07T10:16:51.776+0000] {logging_mixin.py:190} INFO - ⚠️ Lỗi khi xử lý TQN: 'Limiter' object has no attribute 'ratelimit'
[2025-10-07T10:16:51.778+0000] {logging_mixin.py:190} INFO - ⚠️ Lỗi khi xử lý TPS: 'Limiter' object has no attribute 'ratelimit'
[2025-10-07T10:16:51.779+0000] {logging_mixin.py:190} INFO - ⚠️ Lỗi khi xử lý TPP: 'Limiter' object has no attribute 'ratelimit'
[2025-10-07T10:16:51.780+0000] {logging_mixin.py:190} INFO - ⚠️ Lỗi khi xử lý TPH: 'Limiter' object has no attribute 'ratelimit'
[2025-10-07T10:16:51.783+0000] {logging_mixin.py:190} INFO - ⚠️ Lỗi khi xử lý TPC: 'Limiter' object has no attribute 'ratelimit'
[2025-10-07T10:16:51.784+0000] {logging_mixin.py:190} INFO - ⚠️ Lỗi khi xử lý TPB: 'Limiter' object has no attribute 'ratelimit'
[2025-10-07T10:16:51.788+0000] {logging_mixin.py:190} INFO - ⚠️ Lỗi khi xử lý TOW: 'Limiter' object has no attribute 'ratelimit'
[2025-10-07T10:16:51.790+0000] {logging_mixin.py:190} INFO - ⚠️ Lỗi khi xử lý TOT: 'Limiter' object has no attribute 'ratelimit'
[2025-10-07T10:16:51.790+0000] {logging_mixin.py:190} INFO - ⚠️ Lỗi khi xử lý TOS: 'Limiter' object has no attribute 'ratelimit'
[2025-10-07T10:16:51.792+0000] {logging_mixin.py:190} INFO - ⚠️ Lỗi khi xử lý TOP: 'Limiter' object has no attribute 'ratelimit'
[2025-10-07T10:16:51.793+0000] {logging_mixin.py:190} INFO - ⚠️ Lỗi khi xử lý TNW: 'Limiter' object has no attribute 'ratelimit'
[2025-10-07T10:16:51.795+0000] {logging_mixin.py:190} INFO - ⚠️ Lỗi khi xử lý TNV: 'Limiter' object has no attribute 'ratelimit'
[2025-10-07T10:16:51.796+0000] {logging_mixin.py:190} INFO - ⚠️ Lỗi khi xử lý TNT: 'Limiter' object has no attribute 'ratelimit'
[2025-10-07T10:16:51.801+0000] {logging_mixin.py:190} INFO - ⚠️ Lỗi khi xử lý TNS: 'Limiter' object has no attribute 'ratelimit'
[2025-10-07T10:16:51.803+0000] {logging_mixin.py:190} INFO - ⚠️ Lỗi khi xử lý TNP: 'Limiter' object has no attribute 'ratelimit'
[2025-10-07T10:16:51.805+0000] {logging_mixin.py:190} INFO - ⚠️ Lỗi khi xử lý TNM: 'Limiter' object has no attribute 'ratelimit'
[2025-10-07T10:16:51.809+0000] {logging_mixin.py:190} INFO - ⚠️ Lỗi khi xử lý TNI: 'Limiter' object has no attribute 'ratelimit'
[2025-10-07T10:16:51.814+0000] {logging_mixin.py:190} INFO - ⚠️ Lỗi khi xử lý TNH: 'Limiter' object has no attribute 'ratelimit'
[2025-10-07T10:16:51.815+0000] {logging_mixin.py:190} INFO - ⚠️ Lỗi khi xử lý TNG: 'Limiter' object has no attribute 'ratelimit'
[2025-10-07T10:16:51.817+0000] {logging_mixin.py:190} INFO - ⚠️ Lỗi khi xử lý TNC: 'Limiter' object has no attribute 'ratelimit'
[2025-10-07T10:16:51.819+0000] {logging_mixin.py:190} INFO - ⚠️ Lỗi khi xử lý TNB: 'Limiter' object has no attribute 'ratelimit'
[2025-10-07T10:16:51.820+0000] {logging_mixin.py:190} INFO - ⚠️ Lỗi khi xử lý TNA: 'Limiter' object has no attribute 'ratelimit'
[2025-10-07T10:16:51.821+0000] {logging_mixin.py:190} INFO - ⚠️ Lỗi khi xử lý TN1: 'Limiter' object has no attribute 'ratelimit'
[2025-10-07T10:16:51.823+0000] {logging_mixin.py:190} INFO - ⚠️ Lỗi khi xử lý TMX: 'Limiter' object has no attribute 'ratelimit'
[2025-10-07T10:16:51.825+0000] {logging_mixin.py:190} INFO - ⚠️ Lỗi khi xử lý TMW: 'Limiter' object has no attribute 'ratelimit'
[2025-10-07T10:16:51.831+0000] {logging_mixin.py:190} INFO - ⚠️ Lỗi khi xử lý TMT: 'Limiter' object has no attribute 'ratelimit'
[2025-10-07T10:16:51.832+0000] {logging_mixin.py:190} INFO - ⚠️ Lỗi khi xử lý TMS: 'Limiter' object has no attribute 'ratelimit'
[2025-10-07T10:16:51.837+0000] {logging_mixin.py:190} INFO - ⚠️ Lỗi khi xử lý TMP: 'Limiter' object has no attribute 'ratelimit'
[2025-10-07T10:16:51.839+0000] {logging_mixin.py:190} INFO - ⚠️ Lỗi khi xử lý TMG: 'Limiter' object has no attribute 'ratelimit'
[2025-10-07T10:16:51.840+0000] {logging_mixin.py:190} INFO - ⚠️ Lỗi khi xử lý TMC: 'Limiter' object has no attribute 'ratelimit'
[2025-10-07T10:16:51.843+0000] {logging_mixin.py:190} INFO - ⚠️ Lỗi khi xử lý TMB: 'Limiter' object has no attribute 'ratelimit'
[2025-10-07T10:16:51.845+0000] {logging_mixin.py:190} INFO - ⚠️ Lỗi khi xử lý TLT: 'Limiter' object has no attribute 'ratelimit'
[2025-10-07T10:16:51.845+0000] {logging_mixin.py:190} INFO - ⚠️ Lỗi khi xử lý TLP: 'Limiter' object has no attribute 'ratelimit'
[2025-10-07T10:16:51.849+0000] {python.py:240} INFO - Done. Returned value was: None
[2025-10-07T10:16:51.925+0000] {taskinstance.py:341} INFO - ::group::Post task execution logs
[2025-10-07T10:16:51.928+0000] {taskinstance.py:353} INFO - Marking task as SUCCESS. dag_id=vnstock_weekly_etl_incremental, task_id=process_batch, run_id=manual__2025-10-07T10:01:57.519057+00:00, map_index=5, execution_date=20251007T100157, start_date=20251007T101643, end_date=20251007T101651
[2025-10-07T10:16:52.081+0000] {local_task_job_runner.py:266} INFO - Task exited with return code 0
[2025-10-07T10:16:52.110+0000] {local_task_job_runner.py:245} INFO - ::endgroup::
