[2025-10-07T13:42:06.708+0000] {local_task_job_runner.py:123} INFO - ::group::Pre task execution logs
[2025-10-07T13:42:06.730+0000] {taskinstance.py:2614} INFO - Dependencies all met for dep_context=non-requeueable deps ti=<TaskInstance: vnstock_weekly_etl_incremental.process_batch manual__2025-10-07T10:44:44.201464+00:00 map_index=9 [queued]>
[2025-10-07T13:42:06.740+0000] {taskinstance.py:2614} INFO - Dependencies all met for dep_context=requeueable deps ti=<TaskInstance: vnstock_weekly_etl_incremental.process_batch manual__2025-10-07T10:44:44.201464+00:00 map_index=9 [queued]>
[2025-10-07T13:42:06.741+0000] {taskinstance.py:2867} INFO - Starting attempt 1 of 3
[2025-10-07T13:42:06.753+0000] {taskinstance.py:2890} INFO - Executing <Mapped(_PythonDecoratedOperator): process_batch> on 2025-10-07 10:44:44.201464+00:00
[2025-10-07T13:42:06.761+0000] {logging_mixin.py:190} WARNING - /home/***/.local/lib/python3.12/site-packages/***/task/task_runner/standard_task_runner.py:70 DeprecationWarning: This process (pid=19093) is multi-threaded, use of fork() may lead to deadlocks in the child.
[2025-10-07T13:42:06.763+0000] {standard_task_runner.py:72} INFO - Started process 19117 to run task
[2025-10-07T13:42:06.762+0000] {standard_task_runner.py:104} INFO - Running: ['***', 'tasks', 'run', 'vnstock_weekly_etl_incremental', 'process_batch', 'manual__2025-10-07T10:44:44.201464+00:00', '--job-id', '203', '--raw', '--subdir', 'DAGS_FOLDER/dag.py', '--cfg-path', '/tmp/tmpp6cwuf8e', '--map-index', '9']
[2025-10-07T13:42:06.765+0000] {standard_task_runner.py:105} INFO - Job 203: Subtask process_batch
[2025-10-07T13:42:06.777+0000] {logging_mixin.py:190} WARNING - /home/***/.local/lib/python3.12/site-packages/***/settings.py:209 DeprecationWarning: The sql_alchemy_conn option in [core] has been moved to the sql_alchemy_conn option in [database] - the old setting has been used, but please update your config.
[2025-10-07T13:42:06.819+0000] {task_command.py:467} INFO - Running <TaskInstance: vnstock_weekly_etl_incremental.process_batch manual__2025-10-07T10:44:44.201464+00:00 map_index=9 [running]> on host e3278e0f0bbc
[2025-10-07T13:42:07.057+0000] {taskinstance.py:3134} INFO - Exporting env vars: AIRFLOW_CTX_DAG_OWNER='***' AIRFLOW_CTX_DAG_ID='vnstock_weekly_etl_incremental' AIRFLOW_CTX_TASK_ID='process_batch' AIRFLOW_CTX_EXECUTION_DATE='2025-10-07T10:44:44.201464+00:00' AIRFLOW_CTX_TRY_NUMBER='1' AIRFLOW_CTX_DAG_RUN_ID='manual__2025-10-07T10:44:44.201464+00:00'
[2025-10-07T13:42:07.058+0000] {taskinstance.py:732} INFO - ::endgroup::
[2025-10-07T13:42:07.060+0000] {logging_mixin.py:190} INFO - ⬇️ Bắt đầu xử lý symbol = SJF
[2025-10-07T13:42:07.080+0000] {logging_mixin.py:190} INFO - ⚠️ Không đọc được file cũ SJF: 'date'
[2025-10-07T13:42:07.090+0000] {logging_mixin.py:190} INFO - SJF: trích dữ liệu từ 2024-07-26 đến 2025-10-07
[2025-10-07T13:42:11.720+0000] {logging_mixin.py:190} INFO - Không tìm thấy dữ liệu cho SJF
[2025-10-07T13:42:11.722+0000] {logging_mixin.py:190} INFO - ℹ️ SJF: Không có dữ liệu mới.
[2025-10-07T13:42:11.722+0000] {logging_mixin.py:190} INFO - ⬇️ Bắt đầu xử lý symbol = SJE
[2025-10-07T13:42:11.749+0000] {logging_mixin.py:190} INFO - ⚠️ Không đọc được file cũ SJE: 'date'
[2025-10-07T13:42:11.757+0000] {logging_mixin.py:190} INFO - SJE: trích dữ liệu từ 2025-10-08 đến 2025-10-07
[2025-10-07T13:42:16.337+0000] {logging_mixin.py:190} INFO - Không tìm thấy dữ liệu cho SJE
[2025-10-07T13:42:16.339+0000] {logging_mixin.py:190} INFO - ℹ️ SJE: Không có dữ liệu mới.
[2025-10-07T13:42:16.340+0000] {logging_mixin.py:190} INFO - ⬇️ Bắt đầu xử lý symbol = SJD
[2025-10-07T13:42:16.374+0000] {logging_mixin.py:190} INFO - ⚠️ Không đọc được file cũ SJD: 'date'
[2025-10-07T13:42:16.390+0000] {logging_mixin.py:190} INFO - SJD: trích dữ liệu từ 2025-10-08 đến 2025-10-07
[2025-10-07T13:42:20.838+0000] {logging_mixin.py:190} INFO - Không tìm thấy dữ liệu cho SJD
[2025-10-07T13:42:20.841+0000] {logging_mixin.py:190} INFO - ℹ️ SJD: Không có dữ liệu mới.
[2025-10-07T13:42:20.841+0000] {logging_mixin.py:190} INFO - ⬇️ Bắt đầu xử lý symbol = SJC
[2025-10-07T13:42:20.941+0000] {logging_mixin.py:190} INFO - ⚠️ Không đọc được file cũ SJC: 'date'
[2025-10-07T13:42:20.950+0000] {logging_mixin.py:190} INFO - SJC: trích dữ liệu từ 2024-07-26 đến 2025-10-07
[2025-10-07T13:42:25.578+0000] {logging_mixin.py:190} INFO - Không tìm thấy dữ liệu cho SJC
[2025-10-07T13:42:25.580+0000] {logging_mixin.py:190} INFO - ℹ️ SJC: Không có dữ liệu mới.
[2025-10-07T13:42:25.581+0000] {logging_mixin.py:190} INFO - ⬇️ Bắt đầu xử lý symbol = SJ1
[2025-10-07T13:42:25.599+0000] {logging_mixin.py:190} INFO - ⚠️ Không đọc được file cũ SJ1: 'date'
[2025-10-07T13:42:25.606+0000] {logging_mixin.py:190} INFO - SJ1: trích dữ liệu từ 2025-10-07 đến 2025-10-07
[2025-10-07T13:42:30.648+0000] {logging_mixin.py:190} INFO - Không tìm thấy dữ liệu cho SJ1
[2025-10-07T13:42:30.650+0000] {logging_mixin.py:190} INFO - ℹ️ SJ1: Không có dữ liệu mới.
[2025-10-07T13:42:30.650+0000] {logging_mixin.py:190} INFO - 🚦 Giới hạn API đạt mức tối đa, chờ 36.4s...
[2025-10-07T13:43:06.915+0000] {logging_mixin.py:190} INFO - ⬇️ Bắt đầu xử lý symbol = SIV
[2025-10-07T13:43:06.931+0000] {logging_mixin.py:190} INFO - ⚠️ Không đọc được file cũ SIV: 'date'
[2025-10-07T13:43:06.938+0000] {logging_mixin.py:190} INFO - SIV: trích dữ liệu từ 2025-09-27 đến 2025-10-07
[2025-10-07T13:43:11.647+0000] {logging_mixin.py:190} INFO - Không tìm thấy dữ liệu cho SIV
[2025-10-07T13:43:11.649+0000] {logging_mixin.py:190} INFO - ℹ️ SIV: Không có dữ liệu mới.
[2025-10-07T13:43:11.649+0000] {logging_mixin.py:190} INFO - 🚦 Giới hạn API đạt mức tối đa, chờ 0.1s...
[2025-10-07T13:43:11.723+0000] {logging_mixin.py:190} INFO - ⬇️ Bắt đầu xử lý symbol = SIP
[2025-10-07T13:43:11.749+0000] {logging_mixin.py:190} INFO - ⚠️ Không đọc được file cũ SIP: 'date'
[2025-10-07T13:43:11.756+0000] {logging_mixin.py:190} INFO - SIP: trích dữ liệu từ 2025-10-08 đến 2025-10-07
[2025-10-07T13:43:16.410+0000] {logging_mixin.py:190} INFO - Không tìm thấy dữ liệu cho SIP
[2025-10-07T13:43:16.412+0000] {logging_mixin.py:190} INFO - ℹ️ SIP: Không có dữ liệu mới.
[2025-10-07T13:43:16.413+0000] {logging_mixin.py:190} INFO - ⬇️ Bắt đầu xử lý symbol = SII
[2025-10-07T13:43:16.428+0000] {logging_mixin.py:190} INFO - ⚠️ Không đọc được file cũ SII: 'date'
[2025-10-07T13:43:16.434+0000] {logging_mixin.py:190} INFO - SII: trích dữ liệu từ 2025-10-08 đến 2025-10-07
[2025-10-07T13:43:21.872+0000] {logging_mixin.py:190} INFO - Không tìm thấy dữ liệu cho SII
[2025-10-07T13:43:21.873+0000] {logging_mixin.py:190} INFO - ℹ️ SII: Không có dữ liệu mới.
[2025-10-07T13:43:21.874+0000] {logging_mixin.py:190} INFO - ⬇️ Bắt đầu xử lý symbol = SIG
[2025-10-07T13:43:21.891+0000] {logging_mixin.py:190} INFO - ⚠️ Không đọc được file cũ SIG: 'date'
[2025-10-07T13:43:21.899+0000] {logging_mixin.py:190} INFO - SIG: trích dữ liệu từ 2025-10-08 đến 2025-10-07
[2025-10-07T13:43:26.560+0000] {logging_mixin.py:190} INFO - Không tìm thấy dữ liệu cho SIG
[2025-10-07T13:43:26.561+0000] {logging_mixin.py:190} INFO - ℹ️ SIG: Không có dữ liệu mới.
[2025-10-07T13:43:26.562+0000] {logging_mixin.py:190} INFO - ⬇️ Bắt đầu xử lý symbol = SID
[2025-10-07T13:43:26.578+0000] {logging_mixin.py:190} INFO - ⚠️ Không đọc được file cũ SID: 'date'
[2025-10-07T13:43:26.585+0000] {logging_mixin.py:190} INFO - SID: trích dữ liệu từ 2025-10-08 đến 2025-10-07
[2025-10-07T13:43:31.277+0000] {logging_mixin.py:190} INFO - Không tìm thấy dữ liệu cho SID
[2025-10-07T13:43:31.279+0000] {logging_mixin.py:190} INFO - ℹ️ SID: Không có dữ liệu mới.
[2025-10-07T13:43:31.280+0000] {logging_mixin.py:190} INFO - 🚦 Giới hạn API đạt mức tối đa, chờ 35.6s...
[2025-10-07T13:44:06.764+0000] {logging_mixin.py:190} INFO - ⬇️ Bắt đầu xử lý symbol = SIC
[2025-10-07T13:44:06.792+0000] {logging_mixin.py:190} INFO - ⚠️ Không đọc được file cũ SIC: 'date'
[2025-10-07T13:44:06.799+0000] {logging_mixin.py:190} INFO - SIC: trích dữ liệu từ 2023-07-21 đến 2025-10-07
[2025-10-07T13:44:11.538+0000] {logging_mixin.py:190} INFO - Không tìm thấy dữ liệu cho SIC
[2025-10-07T13:44:11.539+0000] {logging_mixin.py:190} INFO - ℹ️ SIC: Không có dữ liệu mới.
[2025-10-07T13:44:11.540+0000] {logging_mixin.py:190} INFO - 🚦 Giới hạn API đạt mức tối đa, chờ 0.2s...
[2025-10-07T13:44:11.724+0000] {logging_mixin.py:190} INFO - ⬇️ Bắt đầu xử lý symbol = SHX
[2025-10-07T13:44:11.750+0000] {logging_mixin.py:190} INFO - ⚠️ Không đọc được file cũ SHX: 'date'
[2025-10-07T13:44:11.756+0000] {logging_mixin.py:190} INFO - SHX: trích dữ liệu từ 2023-02-03 đến 2025-10-07
[2025-10-07T13:44:16.263+0000] {logging_mixin.py:190} INFO - Không tìm thấy dữ liệu cho SHX
[2025-10-07T13:44:16.264+0000] {logging_mixin.py:190} INFO - ℹ️ SHX: Không có dữ liệu mới.
[2025-10-07T13:44:16.265+0000] {logging_mixin.py:190} INFO - 🚦 Giới hạn API đạt mức tối đa, chờ 0.1s...
[2025-10-07T13:44:16.416+0000] {logging_mixin.py:190} INFO - ⬇️ Bắt đầu xử lý symbol = SHS
[2025-10-07T13:44:16.433+0000] {logging_mixin.py:190} INFO - ⚠️ Không đọc được file cũ SHS: 'date'
[2025-10-07T13:44:16.441+0000] {logging_mixin.py:190} INFO - SHS: trích dữ liệu từ 2025-10-08 đến 2025-10-07
[2025-10-07T13:44:21.583+0000] {logging_mixin.py:190} INFO - Không tìm thấy dữ liệu cho SHS
[2025-10-07T13:44:21.584+0000] {logging_mixin.py:190} INFO - ℹ️ SHS: Không có dữ liệu mới.
[2025-10-07T13:44:21.585+0000] {logging_mixin.py:190} INFO - 🚦 Giới hạn API đạt mức tối đa, chờ 0.3s...
[2025-10-07T13:44:21.874+0000] {logging_mixin.py:190} INFO - ⬇️ Bắt đầu xử lý symbol = SHP
[2025-10-07T13:44:21.895+0000] {logging_mixin.py:190} INFO - ⚠️ Không đọc được file cũ SHP: 'date'
[2025-10-07T13:44:21.903+0000] {logging_mixin.py:190} INFO - SHP: trích dữ liệu từ 2025-10-08 đến 2025-10-07
[2025-10-07T13:44:26.605+0000] {logging_mixin.py:190} INFO - Không tìm thấy dữ liệu cho SHP
[2025-10-07T13:44:26.607+0000] {logging_mixin.py:190} INFO - ℹ️ SHP: Không có dữ liệu mới.
[2025-10-07T13:44:26.608+0000] {logging_mixin.py:190} INFO - ⬇️ Bắt đầu xử lý symbol = SHN
[2025-10-07T13:44:26.625+0000] {logging_mixin.py:190} INFO - ⚠️ Không đọc được file cũ SHN: 'date'
[2025-10-07T13:44:26.632+0000] {logging_mixin.py:190} INFO - SHN: trích dữ liệu từ 2025-10-08 đến 2025-10-07
[2025-10-07T13:44:31.609+0000] {logging_mixin.py:190} INFO - Không tìm thấy dữ liệu cho SHN
[2025-10-07T13:44:31.611+0000] {logging_mixin.py:190} INFO - ℹ️ SHN: Không có dữ liệu mới.
[2025-10-07T13:44:31.612+0000] {logging_mixin.py:190} INFO - 🚦 Giới hạn API đạt mức tối đa, chờ 35.2s...
[2025-10-07T13:45:06.621+0000] {logging_mixin.py:190} INFO - ⬇️ Bắt đầu xử lý symbol = SHI
[2025-10-07T13:45:06.645+0000] {logging_mixin.py:190} INFO - ⚠️ Không đọc được file cũ SHI: 'date'
[2025-10-07T13:45:06.652+0000] {logging_mixin.py:190} INFO - SHI: trích dữ liệu từ 2025-10-08 đến 2025-10-07
[2025-10-07T13:45:11.225+0000] {logging_mixin.py:190} INFO - Không tìm thấy dữ liệu cho SHI
[2025-10-07T13:45:11.227+0000] {logging_mixin.py:190} INFO - ℹ️ SHI: Không có dữ liệu mới.
[2025-10-07T13:45:11.227+0000] {logging_mixin.py:190} INFO - 🚦 Giới hạn API đạt mức tối đa, chờ 0.5s...
[2025-10-07T13:45:11.726+0000] {logging_mixin.py:190} INFO - ⬇️ Bắt đầu xử lý symbol = SHG
[2025-10-07T13:45:11.752+0000] {logging_mixin.py:190} INFO - ⚠️ Không đọc được file cũ SHG: 'date'
[2025-10-07T13:45:11.760+0000] {logging_mixin.py:190} INFO - SHG: trích dữ liệu từ 2025-10-04 đến 2025-10-07
[2025-10-07T13:45:16.454+0000] {logging_mixin.py:190} INFO - Không tìm thấy dữ liệu cho SHG
[2025-10-07T13:45:16.456+0000] {logging_mixin.py:190} INFO - ℹ️ SHG: Không có dữ liệu mới.
[2025-10-07T13:45:16.456+0000] {logging_mixin.py:190} INFO - ⬇️ Bắt đầu xử lý symbol = SHE
[2025-10-07T13:45:16.472+0000] {logging_mixin.py:190} INFO - ⚠️ Không đọc được file cũ SHE: 'date'
[2025-10-07T13:45:16.478+0000] {logging_mixin.py:190} INFO - SHE: trích dữ liệu từ 2025-10-08 đến 2025-10-07
[2025-10-07T13:45:20.925+0000] {logging_mixin.py:190} INFO - Không tìm thấy dữ liệu cho SHE
[2025-10-07T13:45:20.926+0000] {logging_mixin.py:190} INFO - ℹ️ SHE: Không có dữ liệu mới.
[2025-10-07T13:45:20.927+0000] {logging_mixin.py:190} INFO - 🚦 Giới hạn API đạt mức tối đa, chờ 0.9s...
[2025-10-07T13:45:21.875+0000] {logging_mixin.py:190} INFO - ⬇️ Bắt đầu xử lý symbol = SHC
[2025-10-07T13:45:21.891+0000] {logging_mixin.py:190} INFO - ⚠️ Không đọc được file cũ SHC: 'date'
[2025-10-07T13:45:21.898+0000] {logging_mixin.py:190} INFO - SHC: trích dữ liệu từ 2025-10-07 đến 2025-10-07
[2025-10-07T13:45:26.607+0000] {logging_mixin.py:190} INFO - Không tìm thấy dữ liệu cho SHC
[2025-10-07T13:45:26.609+0000] {logging_mixin.py:190} INFO - ℹ️ SHC: Không có dữ liệu mới.
[2025-10-07T13:45:26.609+0000] {logging_mixin.py:190} INFO - ⬇️ Bắt đầu xử lý symbol = SHB
[2025-10-07T13:45:26.625+0000] {logging_mixin.py:190} INFO - ⚠️ Không đọc được file cũ SHB: 'date'
[2025-10-07T13:45:26.634+0000] {logging_mixin.py:190} INFO - SHB: trích dữ liệu từ 2025-10-08 đến 2025-10-07
[2025-10-07T13:45:31.315+0000] {logging_mixin.py:190} INFO - Không tìm thấy dữ liệu cho SHB
[2025-10-07T13:45:31.317+0000] {logging_mixin.py:190} INFO - ℹ️ SHB: Không có dữ liệu mới.
[2025-10-07T13:45:31.318+0000] {logging_mixin.py:190} INFO - 🚦 Giới hạn API đạt mức tối đa, chờ 35.3s...
[2025-10-07T13:46:06.472+0000] {logging_mixin.py:190} INFO - ⬇️ Bắt đầu xử lý symbol = SHA
[2025-10-07T13:46:06.491+0000] {logging_mixin.py:190} INFO - ⚠️ Không đọc được file cũ SHA: 'date'
[2025-10-07T13:46:06.498+0000] {logging_mixin.py:190} INFO - SHA: trích dữ liệu từ 2025-10-08 đến 2025-10-07
[2025-10-07T13:46:11.116+0000] {logging_mixin.py:190} INFO - Không tìm thấy dữ liệu cho SHA
[2025-10-07T13:46:11.118+0000] {logging_mixin.py:190} INFO - ℹ️ SHA: Không có dữ liệu mới.
[2025-10-07T13:46:11.119+0000] {logging_mixin.py:190} INFO - 🚦 Giới hạn API đạt mức tối đa, chờ 0.6s...
[2025-10-07T13:46:11.728+0000] {logging_mixin.py:190} INFO - ⬇️ Bắt đầu xử lý symbol = SGT
[2025-10-07T13:46:11.751+0000] {logging_mixin.py:190} INFO - ⚠️ Không đọc được file cũ SGT: 'date'
[2025-10-07T13:46:11.759+0000] {logging_mixin.py:190} INFO - SGT: trích dữ liệu từ 2025-10-08 đến 2025-10-07
[2025-10-07T13:46:16.313+0000] {logging_mixin.py:190} INFO - Không tìm thấy dữ liệu cho SGT
[2025-10-07T13:46:16.315+0000] {logging_mixin.py:190} INFO - ℹ️ SGT: Không có dữ liệu mới.
[2025-10-07T13:46:16.316+0000] {logging_mixin.py:190} INFO - 🚦 Giới hạn API đạt mức tối đa, chờ 0.1s...
[2025-10-07T13:46:16.458+0000] {logging_mixin.py:190} INFO - ⬇️ Bắt đầu xử lý symbol = SGS
[2025-10-07T13:46:16.476+0000] {logging_mixin.py:190} INFO - ⚠️ Không đọc được file cũ SGS: 'date'
[2025-10-07T13:46:16.483+0000] {logging_mixin.py:190} INFO - SGS: trích dữ liệu từ 2025-10-04 đến 2025-10-07
[2025-10-07T13:46:20.824+0000] {logging_mixin.py:190} INFO - Không tìm thấy dữ liệu cho SGS
[2025-10-07T13:46:20.825+0000] {logging_mixin.py:190} INFO - ℹ️ SGS: Không có dữ liệu mới.
[2025-10-07T13:46:20.826+0000] {logging_mixin.py:190} INFO - 🚦 Giới hạn API đạt mức tối đa, chờ 1.0s...
[2025-10-07T13:46:21.876+0000] {logging_mixin.py:190} INFO - ⬇️ Bắt đầu xử lý symbol = SGR
[2025-10-07T13:46:21.897+0000] {logging_mixin.py:190} INFO - ⚠️ Không đọc được file cũ SGR: 'date'
[2025-10-07T13:46:21.903+0000] {logging_mixin.py:190} INFO - SGR: trích dữ liệu từ 2025-10-08 đến 2025-10-07
[2025-10-07T13:46:26.589+0000] {logging_mixin.py:190} INFO - Không tìm thấy dữ liệu cho SGR
[2025-10-07T13:46:26.591+0000] {logging_mixin.py:190} INFO - ℹ️ SGR: Không có dữ liệu mới.
[2025-10-07T13:46:26.592+0000] {logging_mixin.py:190} INFO - 🚦 Giới hạn API đạt mức tối đa, chờ 0.0s...
[2025-10-07T13:46:26.610+0000] {logging_mixin.py:190} INFO - ⬇️ Bắt đầu xử lý symbol = SGP
[2025-10-07T13:46:26.628+0000] {logging_mixin.py:190} INFO - ⚠️ Không đọc được file cũ SGP: 'date'
[2025-10-07T13:46:26.634+0000] {logging_mixin.py:190} INFO - SGP: trích dữ liệu từ 2025-10-08 đến 2025-10-07
[2025-10-07T13:46:31.175+0000] {logging_mixin.py:190} INFO - Không tìm thấy dữ liệu cho SGP
[2025-10-07T13:46:31.177+0000] {logging_mixin.py:190} INFO - ℹ️ SGP: Không có dữ liệu mới.
[2025-10-07T13:46:31.177+0000] {logging_mixin.py:190} INFO - 🚦 Giới hạn API đạt mức tối đa, chờ 35.3s...
[2025-10-07T13:47:06.324+0000] {logging_mixin.py:190} INFO - ⬇️ Bắt đầu xử lý symbol = SGO
[2025-10-07T13:47:06.345+0000] {logging_mixin.py:190} INFO - ⚠️ Không đọc được file cũ SGO: 'date'
[2025-10-07T13:47:06.353+0000] {logging_mixin.py:190} INFO - SGO: trích dữ liệu từ 2023-02-25 đến 2025-10-07
[2025-10-07T13:47:10.997+0000] {logging_mixin.py:190} INFO - Không tìm thấy dữ liệu cho SGO
[2025-10-07T13:47:10.999+0000] {logging_mixin.py:190} INFO - ℹ️ SGO: Không có dữ liệu mới.
[2025-10-07T13:47:10.999+0000] {logging_mixin.py:190} INFO - 🚦 Giới hạn API đạt mức tối đa, chờ 0.7s...
[2025-10-07T13:47:11.729+0000] {logging_mixin.py:190} INFO - ⬇️ Bắt đầu xử lý symbol = SGN
[2025-10-07T13:47:11.747+0000] {logging_mixin.py:190} INFO - ⚠️ Không đọc được file cũ SGN: 'date'
[2025-10-07T13:47:11.755+0000] {logging_mixin.py:190} INFO - SGN: trích dữ liệu từ 2025-10-08 đến 2025-10-07
[2025-10-07T13:47:16.571+0000] {logging_mixin.py:190} INFO - Không tìm thấy dữ liệu cho SGN
[2025-10-07T13:47:16.573+0000] {logging_mixin.py:190} INFO - ℹ️ SGN: Không có dữ liệu mới.
[2025-10-07T13:47:16.574+0000] {logging_mixin.py:190} INFO - ⬇️ Bắt đầu xử lý symbol = SGI
[2025-10-07T13:47:16.589+0000] {logging_mixin.py:190} INFO - ⚠️ Không đọc được file cũ SGI: 'date'
[2025-10-07T13:47:16.595+0000] {logging_mixin.py:190} INFO - SGI: trích dữ liệu từ 2025-10-08 đến 2025-10-07
[2025-10-07T13:47:21.345+0000] {logging_mixin.py:190} INFO - Không tìm thấy dữ liệu cho SGI
[2025-10-07T13:47:21.347+0000] {logging_mixin.py:190} INFO - ℹ️ SGI: Không có dữ liệu mới.
[2025-10-07T13:47:21.347+0000] {logging_mixin.py:190} INFO - 🚦 Giới hạn API đạt mức tối đa, chờ 0.5s...
[2025-10-07T13:47:21.877+0000] {logging_mixin.py:190} INFO - ⬇️ Bắt đầu xử lý symbol = SGH
[2025-10-07T13:47:21.896+0000] {logging_mixin.py:190} INFO - ⚠️ Không đọc được file cũ SGH: 'date'
[2025-10-07T13:47:21.904+0000] {logging_mixin.py:190} INFO - SGH: trích dữ liệu từ 2025-10-07 đến 2025-10-07
[2025-10-07T13:47:27.051+0000] {logging_mixin.py:190} INFO - Không tìm thấy dữ liệu cho SGH
[2025-10-07T13:47:27.053+0000] {logging_mixin.py:190} INFO - ℹ️ SGH: Không có dữ liệu mới.
[2025-10-07T13:47:27.053+0000] {logging_mixin.py:190} INFO - ⬇️ Bắt đầu xử lý symbol = SGD
[2025-10-07T13:47:27.077+0000] {logging_mixin.py:190} INFO - ⚠️ Không đọc được file cũ SGD: 'date'
[2025-10-07T13:47:27.084+0000] {logging_mixin.py:190} INFO - SGD: trích dữ liệu từ 2025-10-08 đến 2025-10-07
[2025-10-07T13:47:31.841+0000] {logging_mixin.py:190} INFO - Không tìm thấy dữ liệu cho SGD
[2025-10-07T13:47:31.843+0000] {logging_mixin.py:190} INFO - ℹ️ SGD: Không có dữ liệu mới.
[2025-10-07T13:47:31.844+0000] {logging_mixin.py:190} INFO - 🚦 Giới hạn API đạt mức tối đa, chờ 34.5s...
[2025-10-07T13:48:06.162+0000] {logging_mixin.py:190} INFO - ⬇️ Bắt đầu xử lý symbol = SGC
[2025-10-07T13:48:06.188+0000] {logging_mixin.py:190} INFO - ⚠️ Không đọc được file cũ SGC: 'date'
[2025-10-07T13:48:06.196+0000] {logging_mixin.py:190} INFO - SGC: trích dữ liệu từ 2025-10-08 đến 2025-10-07
[2025-10-07T13:48:10.753+0000] {logging_mixin.py:190} INFO - Không tìm thấy dữ liệu cho SGC
[2025-10-07T13:48:10.754+0000] {logging_mixin.py:190} INFO - ℹ️ SGC: Không có dữ liệu mới.
[2025-10-07T13:48:10.755+0000] {logging_mixin.py:190} INFO - 🚦 Giới hạn API đạt mức tối đa, chờ 1.0s...
[2025-10-07T13:48:11.730+0000] {logging_mixin.py:190} INFO - ⬇️ Bắt đầu xử lý symbol = SGB
[2025-10-07T13:48:11.749+0000] {logging_mixin.py:190} INFO - ⚠️ Không đọc được file cũ SGB: 'date'
[2025-10-07T13:48:11.757+0000] {logging_mixin.py:190} INFO - SGB: trích dữ liệu từ 2025-10-08 đến 2025-10-07
[2025-10-07T13:48:17.368+0000] {logging_mixin.py:190} INFO - Không tìm thấy dữ liệu cho SGB
[2025-10-07T13:48:17.369+0000] {logging_mixin.py:190} INFO - ℹ️ SGB: Không có dữ liệu mới.
[2025-10-07T13:48:17.369+0000] {logging_mixin.py:190} INFO - ⬇️ Bắt đầu xử lý symbol = SFN
[2025-10-07T13:48:17.385+0000] {logging_mixin.py:190} INFO - ⚠️ Không đọc được file cũ SFN: 'date'
[2025-10-07T13:48:17.393+0000] {logging_mixin.py:190} INFO - SFN: trích dữ liệu từ 2025-09-26 đến 2025-10-07
[2025-10-07T13:48:22.179+0000] {logging_mixin.py:190} INFO - Không tìm thấy dữ liệu cho SFN
[2025-10-07T13:48:22.180+0000] {logging_mixin.py:190} INFO - ℹ️ SFN: Không có dữ liệu mới.
[2025-10-07T13:48:22.180+0000] {logging_mixin.py:190} INFO - ⬇️ Bắt đầu xử lý symbol = SFI
[2025-10-07T13:48:22.195+0000] {logging_mixin.py:190} INFO - ⚠️ Không đọc được file cũ SFI: 'date'
[2025-10-07T13:48:22.202+0000] {logging_mixin.py:190} INFO - SFI: trích dữ liệu từ 2025-10-08 đến 2025-10-07
[2025-10-07T13:48:26.708+0000] {logging_mixin.py:190} INFO - Không tìm thấy dữ liệu cho SFI
[2025-10-07T13:48:26.709+0000] {logging_mixin.py:190} INFO - ℹ️ SFI: Không có dữ liệu mới.
[2025-10-07T13:48:26.709+0000] {logging_mixin.py:190} INFO - 🚦 Giới hạn API đạt mức tối đa, chờ 0.3s...
[2025-10-07T13:48:27.054+0000] {logging_mixin.py:190} INFO - ⬇️ Bắt đầu xử lý symbol = SFG
[2025-10-07T13:48:27.072+0000] {logging_mixin.py:190} INFO - ⚠️ Không đọc được file cũ SFG: 'date'
[2025-10-07T13:48:27.079+0000] {logging_mixin.py:190} INFO - SFG: trích dữ liệu từ 2025-10-04 đến 2025-10-07
[2025-10-07T13:48:31.623+0000] {logging_mixin.py:190} INFO - Không tìm thấy dữ liệu cho SFG
[2025-10-07T13:48:31.624+0000] {logging_mixin.py:190} INFO - ℹ️ SFG: Không có dữ liệu mới.
[2025-10-07T13:48:31.625+0000] {logging_mixin.py:190} INFO - 🚦 Giới hạn API đạt mức tối đa, chờ 34.5s...
[2025-10-07T13:49:05.997+0000] {logging_mixin.py:190} INFO - ⬇️ Bắt đầu xử lý symbol = SFC
[2025-10-07T13:49:06.015+0000] {logging_mixin.py:190} INFO - ⚠️ Không đọc được file cũ SFC: 'date'
[2025-10-07T13:49:06.023+0000] {logging_mixin.py:190} INFO - SFC: trích dữ liệu từ 2025-10-08 đến 2025-10-07
[2025-10-07T13:49:10.661+0000] {logging_mixin.py:190} INFO - Không tìm thấy dữ liệu cho SFC
[2025-10-07T13:49:10.663+0000] {logging_mixin.py:190} INFO - ℹ️ SFC: Không có dữ liệu mới.
[2025-10-07T13:49:10.663+0000] {logging_mixin.py:190} INFO - 🚦 Giới hạn API đạt mức tối đa, chờ 1.1s...
[2025-10-07T13:49:11.731+0000] {logging_mixin.py:190} INFO - ⬇️ Bắt đầu xử lý symbol = SEP
[2025-10-07T13:49:11.751+0000] {logging_mixin.py:190} INFO - ⚠️ Không đọc được file cũ SEP: 'date'
[2025-10-07T13:49:11.757+0000] {logging_mixin.py:190} INFO - SEP: trích dữ liệu từ 2025-10-08 đến 2025-10-07
[2025-10-07T13:49:16.258+0000] {logging_mixin.py:190} INFO - Không tìm thấy dữ liệu cho SEP
[2025-10-07T13:49:16.259+0000] {logging_mixin.py:190} INFO - ℹ️ SEP: Không có dữ liệu mới.
[2025-10-07T13:49:16.260+0000] {logging_mixin.py:190} INFO - 🚦 Giới hạn API đạt mức tối đa, chờ 1.1s...
[2025-10-07T13:49:17.370+0000] {logging_mixin.py:190} INFO - ⬇️ Bắt đầu xử lý symbol = SED
[2025-10-07T13:49:17.396+0000] {logging_mixin.py:190} INFO - ⚠️ Không đọc được file cũ SED: 'date'
[2025-10-07T13:49:17.406+0000] {logging_mixin.py:190} INFO - SED: trích dữ liệu từ 2025-10-08 đến 2025-10-07
[2025-10-07T13:49:22.257+0000] {logging_mixin.py:190} INFO - Không tìm thấy dữ liệu cho SED
[2025-10-07T13:49:22.259+0000] {logging_mixin.py:190} INFO - ℹ️ SED: Không có dữ liệu mới.
[2025-10-07T13:49:22.260+0000] {logging_mixin.py:190} INFO - ⬇️ Bắt đầu xử lý symbol = SEB
[2025-10-07T13:49:22.283+0000] {logging_mixin.py:190} INFO - ⚠️ Không đọc được file cũ SEB: 'date'
[2025-10-07T13:49:22.291+0000] {logging_mixin.py:190} INFO - SEB: trích dữ liệu từ 2025-10-08 đến 2025-10-07
[2025-10-07T13:49:26.743+0000] {logging_mixin.py:190} INFO - Không tìm thấy dữ liệu cho SEB
[2025-10-07T13:49:26.744+0000] {logging_mixin.py:190} INFO - ℹ️ SEB: Không có dữ liệu mới.
[2025-10-07T13:49:26.745+0000] {logging_mixin.py:190} INFO - 🚦 Giới hạn API đạt mức tối đa, chờ 0.3s...
[2025-10-07T13:49:27.058+0000] {logging_mixin.py:190} INFO - ⬇️ Bắt đầu xử lý symbol = SEA
[2025-10-07T13:49:27.075+0000] {logging_mixin.py:190} INFO - ⚠️ Không đọc được file cũ SEA: 'date'
[2025-10-07T13:49:27.084+0000] {logging_mixin.py:190} INFO - SEA: trích dữ liệu từ 2025-10-07 đến 2025-10-07
[2025-10-07T13:49:31.570+0000] {logging_mixin.py:190} INFO - Không tìm thấy dữ liệu cho SEA
[2025-10-07T13:49:31.571+0000] {logging_mixin.py:190} INFO - ℹ️ SEA: Không có dữ liệu mới.
[2025-10-07T13:49:31.571+0000] {logging_mixin.py:190} INFO - 🚦 Giới hạn API đạt mức tối đa, chờ 34.4s...
[2025-10-07T14:59:28.620+0000] {job.py:229} INFO - Heartbeat recovered after 4194.30 seconds
[2025-10-07T14:59:55.078+0000] {logging_mixin.py:190} INFO - ⬇️ Bắt đầu xử lý symbol = SDY
[2025-10-07T14:59:55.229+0000] {logging_mixin.py:190} INFO - ⚠️ Không đọc được file cũ SDY: 'date'
[2025-10-07T14:59:55.461+0000] {logging_mixin.py:190} INFO - SDY: trích dữ liệu từ 2025-09-27 đến 2025-10-07
[2025-10-07T15:00:00.487+0000] {logging_mixin.py:190} INFO - Không tìm thấy dữ liệu cho SDY
[2025-10-07T15:00:00.501+0000] {logging_mixin.py:190} INFO - ℹ️ SDY: Không có dữ liệu mới.
[2025-10-07T15:00:00.507+0000] {logging_mixin.py:190} INFO - ⬇️ Bắt đầu xử lý symbol = SDX
[2025-10-07T15:00:00.680+0000] {logging_mixin.py:190} INFO - ⚠️ Không đọc được file cũ SDX: 'date'
[2025-10-07T15:00:00.711+0000] {logging_mixin.py:190} INFO - SDX: trích dữ liệu từ 2024-07-26 đến 2025-10-07
[2025-10-07T15:00:06.622+0000] {logging_mixin.py:190} INFO - Không tìm thấy dữ liệu cho SDX
[2025-10-07T15:00:06.635+0000] {logging_mixin.py:190} INFO - ℹ️ SDX: Không có dữ liệu mới.
[2025-10-07T15:00:06.641+0000] {logging_mixin.py:190} INFO - ⬇️ Bắt đầu xử lý symbol = SDV
[2025-10-07T15:00:06.680+0000] {logging_mixin.py:190} INFO - ⚠️ Không đọc được file cũ SDV: 'date'
[2025-10-07T15:00:06.693+0000] {logging_mixin.py:190} INFO - SDV: trích dữ liệu từ 2025-10-08 đến 2025-10-07
[2025-10-07T15:00:11.367+0000] {logging_mixin.py:190} INFO - Không tìm thấy dữ liệu cho SDV
[2025-10-07T15:00:11.394+0000] {logging_mixin.py:190} INFO - ℹ️ SDV: Không có dữ liệu mới.
[2025-10-07T15:00:11.433+0000] {logging_mixin.py:190} INFO - ⬇️ Bắt đầu xử lý symbol = SDU
[2025-10-07T15:00:11.690+0000] {logging_mixin.py:190} INFO - ⚠️ Không đọc được file cũ SDU: 'date'
[2025-10-07T15:00:11.767+0000] {logging_mixin.py:190} INFO - SDU: trích dữ liệu từ 2025-10-08 đến 2025-10-07
[2025-10-07T15:00:16.615+0000] {logging_mixin.py:190} INFO - Không tìm thấy dữ liệu cho SDU
[2025-10-07T15:00:16.628+0000] {logging_mixin.py:190} INFO - ℹ️ SDU: Không có dữ liệu mới.
[2025-10-07T15:00:16.629+0000] {logging_mixin.py:190} INFO - ⬇️ Bắt đầu xử lý symbol = SDT
[2025-10-07T15:00:16.871+0000] {logging_mixin.py:190} INFO - ⚠️ Không đọc được file cũ SDT: 'date'
[2025-10-07T15:00:16.961+0000] {logging_mixin.py:190} INFO - SDT: trích dữ liệu từ 2025-10-08 đến 2025-10-07
[2025-10-07T15:00:21.760+0000] {logging_mixin.py:190} INFO - Không tìm thấy dữ liệu cho SDT
[2025-10-07T15:00:21.763+0000] {logging_mixin.py:190} INFO - ℹ️ SDT: Không có dữ liệu mới.
[2025-10-07T15:00:21.764+0000] {logging_mixin.py:190} INFO - 🚦 Giới hạn API đạt mức tối đa, chờ 33.3s...
[2025-10-07T15:00:54.933+0000] {logging_mixin.py:190} INFO - ⬇️ Bắt đầu xử lý symbol = SDP
[2025-10-07T15:00:54.955+0000] {logging_mixin.py:190} INFO - ⚠️ Không đọc được file cũ SDP: 'date'
[2025-10-07T15:00:54.966+0000] {logging_mixin.py:190} INFO - SDP: trích dữ liệu từ 2025-10-04 đến 2025-10-07
[2025-10-07T15:00:59.568+0000] {logging_mixin.py:190} INFO - Không tìm thấy dữ liệu cho SDP
[2025-10-07T15:00:59.570+0000] {logging_mixin.py:190} INFO - ℹ️ SDP: Không có dữ liệu mới.
[2025-10-07T15:00:59.570+0000] {logging_mixin.py:190} INFO - 🚦 Giới hạn API đạt mức tối đa, chờ 0.9s...
[2025-10-07T15:01:00.508+0000] {logging_mixin.py:190} INFO - ⬇️ Bắt đầu xử lý symbol = SDN
[2025-10-07T15:01:00.530+0000] {logging_mixin.py:190} INFO - ⚠️ Không đọc được file cũ SDN: 'date'
[2025-10-07T15:01:00.537+0000] {logging_mixin.py:190} INFO - SDN: trích dữ liệu từ 2025-09-25 đến 2025-10-07
[2025-10-07T15:01:05.195+0000] {logging_mixin.py:190} INFO - Không tìm thấy dữ liệu cho SDN
[2025-10-07T15:01:05.197+0000] {logging_mixin.py:190} INFO - ℹ️ SDN: Không có dữ liệu mới.
[2025-10-07T15:01:05.197+0000] {logging_mixin.py:190} INFO - 🚦 Giới hạn API đạt mức tối đa, chờ 1.4s...
[2025-10-07T15:01:06.643+0000] {logging_mixin.py:190} INFO - ⬇️ Bắt đầu xử lý symbol = SDK
[2025-10-07T15:01:06.667+0000] {logging_mixin.py:190} INFO - ⚠️ Không đọc được file cũ SDK: 'date'
[2025-10-07T15:01:06.675+0000] {logging_mixin.py:190} INFO - SDK: trích dữ liệu từ 2025-10-08 đến 2025-10-07
[2025-10-07T15:01:11.592+0000] {logging_mixin.py:190} INFO - Không tìm thấy dữ liệu cho SDK
[2025-10-07T15:01:11.594+0000] {logging_mixin.py:190} INFO - ℹ️ SDK: Không có dữ liệu mới.
[2025-10-07T15:01:11.595+0000] {logging_mixin.py:190} INFO - ⬇️ Bắt đầu xử lý symbol = SDJ
[2025-10-07T15:01:11.621+0000] {logging_mixin.py:190} INFO - ⚠️ Không đọc được file cũ SDJ: 'date'
[2025-10-07T15:01:11.630+0000] {logging_mixin.py:190} INFO - SDJ: trích dữ liệu từ 2024-07-26 đến 2025-10-07
[2025-10-07T15:01:16.721+0000] {logging_mixin.py:190} INFO - Không tìm thấy dữ liệu cho SDJ
[2025-10-07T15:01:16.722+0000] {logging_mixin.py:190} INFO - ℹ️ SDJ: Không có dữ liệu mới.
[2025-10-07T15:01:16.723+0000] {logging_mixin.py:190} INFO - ⬇️ Bắt đầu xử lý symbol = SDH
[2025-10-07T15:01:16.738+0000] {logging_mixin.py:190} INFO - ⚠️ Không đọc được file cũ SDH: 'date'
[2025-10-07T15:01:16.744+0000] {logging_mixin.py:190} INFO - SDH: trích dữ liệu từ 2022-07-23 đến 2025-10-07
[2025-10-07T15:01:22.315+0000] {logging_mixin.py:190} INFO - Không tìm thấy dữ liệu cho SDH
[2025-10-07T15:01:22.316+0000] {logging_mixin.py:190} INFO - ℹ️ SDH: Không có dữ liệu mới.
[2025-10-07T15:01:22.317+0000] {python.py:240} INFO - Done. Returned value was: None
[2025-10-07T15:01:22.325+0000] {taskinstance.py:341} INFO - ::group::Post task execution logs
[2025-10-07T15:01:22.325+0000] {taskinstance.py:353} INFO - Marking task as SUCCESS. dag_id=vnstock_weekly_etl_incremental, task_id=process_batch, run_id=manual__2025-10-07T10:44:44.201464+00:00, map_index=9, execution_date=20251007T104444, start_date=20251007T134206, end_date=20251007T150122
[2025-10-07T15:01:22.383+0000] {local_task_job_runner.py:266} INFO - Task exited with return code 0
[2025-10-07T15:01:22.535+0000] {taskinstance.py:3901} INFO - 0 downstream tasks scheduled from follow-on schedule check
[2025-10-07T15:01:22.538+0000] {local_task_job_runner.py:245} INFO - ::endgroup::
