[2025-10-07T15:18:55.039+0000] {local_task_job_runner.py:123} INFO - ::group::Pre task execution logs
[2025-10-07T15:18:55.065+0000] {taskinstance.py:2614} INFO - Dependencies all met for dep_context=non-requeueable deps ti=<TaskInstance: vnstock_weekly_etl_incremental.process_batch manual__2025-10-07T10:44:44.201464+00:00 map_index=19 [queued]>
[2025-10-07T15:18:55.080+0000] {taskinstance.py:2614} INFO - Dependencies all met for dep_context=requeueable deps ti=<TaskInstance: vnstock_weekly_etl_incremental.process_batch manual__2025-10-07T10:44:44.201464+00:00 map_index=19 [queued]>
[2025-10-07T15:18:55.081+0000] {taskinstance.py:2867} INFO - Starting attempt 1 of 3
[2025-10-07T15:18:55.093+0000] {taskinstance.py:2890} INFO - Executing <Mapped(_PythonDecoratedOperator): process_batch> on 2025-10-07 10:44:44.201464+00:00
[2025-10-07T15:18:55.107+0000] {logging_mixin.py:190} WARNING - /home/***/.local/lib/python3.12/site-packages/***/task/task_runner/standard_task_runner.py:70 DeprecationWarning: This process (pid=22840) is multi-threaded, use of fork() may lead to deadlocks in the child.
[2025-10-07T15:18:55.108+0000] {standard_task_runner.py:72} INFO - Started process 22850 to run task
[2025-10-07T15:18:55.107+0000] {standard_task_runner.py:104} INFO - Running: ['***', 'tasks', 'run', 'vnstock_weekly_etl_incremental', 'process_batch', 'manual__2025-10-07T10:44:44.201464+00:00', '--job-id', '216', '--raw', '--subdir', 'DAGS_FOLDER/dag.py', '--cfg-path', '/tmp/tmprgltxvne', '--map-index', '19']
[2025-10-07T15:18:55.110+0000] {standard_task_runner.py:105} INFO - Job 216: Subtask process_batch
[2025-10-07T15:18:55.124+0000] {logging_mixin.py:190} WARNING - /home/***/.local/lib/python3.12/site-packages/***/settings.py:209 DeprecationWarning: The sql_alchemy_conn option in [core] has been moved to the sql_alchemy_conn option in [database] - the old setting has been used, but please update your config.
[2025-10-07T15:18:55.169+0000] {task_command.py:467} INFO - Running <TaskInstance: vnstock_weekly_etl_incremental.process_batch manual__2025-10-07T10:44:44.201464+00:00 map_index=19 [running]> on host e3278e0f0bbc
[2025-10-07T15:18:55.438+0000] {taskinstance.py:3134} INFO - Exporting env vars: AIRFLOW_CTX_DAG_OWNER='***' AIRFLOW_CTX_DAG_ID='vnstock_weekly_etl_incremental' AIRFLOW_CTX_TASK_ID='process_batch' AIRFLOW_CTX_EXECUTION_DATE='2025-10-07T10:44:44.201464+00:00' AIRFLOW_CTX_TRY_NUMBER='1' AIRFLOW_CTX_DAG_RUN_ID='manual__2025-10-07T10:44:44.201464+00:00'
[2025-10-07T15:18:55.440+0000] {taskinstance.py:732} INFO - ::endgroup::
[2025-10-07T15:18:55.442+0000] {logging_mixin.py:190} INFO - ⬇️ Bắt đầu xử lý symbol = L10
[2025-10-07T15:18:55.470+0000] {logging_mixin.py:190} INFO - ⚠️ Không đọc được file cũ L10: 'date'
[2025-10-07T15:18:55.481+0000] {logging_mixin.py:190} INFO - L10: trích dữ liệu từ 2025-10-08 đến 2025-10-07
[2025-10-07T15:18:59.990+0000] {logging_mixin.py:190} INFO - Không tìm thấy dữ liệu cho L10
[2025-10-07T15:18:59.992+0000] {logging_mixin.py:190} INFO - L10: Không có dữ liệu mới.
[2025-10-07T15:18:59.993+0000] {logging_mixin.py:190} INFO - ⬇️ Bắt đầu xử lý symbol = KWA
[2025-10-07T15:19:00.019+0000] {logging_mixin.py:190} INFO - ⚠️ Không đọc được file cũ KWA: 'date'
[2025-10-07T15:19:00.026+0000] {logging_mixin.py:190} INFO - KWA: trích dữ liệu từ 2025-08-12 đến 2025-10-07
[2025-10-07T15:19:05.667+0000] {logging_mixin.py:190} INFO - Không tìm thấy dữ liệu cho KWA
[2025-10-07T15:19:05.668+0000] {logging_mixin.py:190} INFO - KWA: Không có dữ liệu mới.
[2025-10-07T15:19:05.669+0000] {logging_mixin.py:190} INFO - ⬇️ Bắt đầu xử lý symbol = KVC
[2025-10-07T15:19:05.686+0000] {logging_mixin.py:190} INFO - ⚠️ Không đọc được file cũ KVC: 'date'
[2025-10-07T15:19:05.693+0000] {logging_mixin.py:190} INFO - KVC: trích dữ liệu từ 2025-10-08 đến 2025-10-07
[2025-10-07T15:19:10.210+0000] {logging_mixin.py:190} INFO - Không tìm thấy dữ liệu cho KVC
[2025-10-07T15:19:10.211+0000] {logging_mixin.py:190} INFO - KVC: Không có dữ liệu mới.
[2025-10-07T15:19:10.212+0000] {logging_mixin.py:190} INFO - ⬇️ Bắt đầu xử lý symbol = KTW
[2025-10-07T15:19:10.226+0000] {logging_mixin.py:190} INFO - ⚠️ Không đọc được file cũ KTW: 'date'
[2025-10-07T15:19:10.231+0000] {logging_mixin.py:190} INFO - KTW: trích dữ liệu từ 2024-09-26 đến 2025-10-07
[2025-10-07T15:19:14.776+0000] {logging_mixin.py:190} INFO - Không tìm thấy dữ liệu cho KTW
[2025-10-07T15:19:14.777+0000] {logging_mixin.py:190} INFO - KTW: Không có dữ liệu mới.
[2025-10-07T15:19:14.777+0000] {logging_mixin.py:190} INFO - ⬇️ Bắt đầu xử lý symbol = KTT
[2025-10-07T15:19:14.795+0000] {logging_mixin.py:190} INFO - ⚠️ Không đọc được file cũ KTT: 'date'
[2025-10-07T15:19:14.802+0000] {logging_mixin.py:190} INFO - KTT: trích dữ liệu từ 2024-09-07 đến 2025-10-07
[2025-10-07T15:19:20.558+0000] {logging_mixin.py:190} INFO - Không tìm thấy dữ liệu cho KTT
[2025-10-07T15:19:20.559+0000] {logging_mixin.py:190} INFO - KTT: Không có dữ liệu mới.
[2025-10-07T15:19:20.559+0000] {logging_mixin.py:190} INFO - 🚦 Giới hạn API đạt mức tối đa, chờ 34.9s...
[2025-10-07T15:19:55.446+0000] {logging_mixin.py:190} INFO - ⬇️ Bắt đầu xử lý symbol = KTS
[2025-10-07T15:19:55.465+0000] {logging_mixin.py:190} INFO - ⚠️ Không đọc được file cũ KTS: 'date'
[2025-10-07T15:19:55.472+0000] {logging_mixin.py:190} INFO - KTS: trích dữ liệu từ 2025-10-08 đến 2025-10-07
[2025-10-07T15:20:00.064+0000] {logging_mixin.py:190} INFO - Không tìm thấy dữ liệu cho KTS
[2025-10-07T15:20:00.065+0000] {logging_mixin.py:190} INFO - KTS: Không có dữ liệu mới.
[2025-10-07T15:20:00.066+0000] {logging_mixin.py:190} INFO - ⬇️ Bắt đầu xử lý symbol = KTL
[2025-10-07T15:20:00.089+0000] {logging_mixin.py:190} INFO - ⚠️ Không đọc được file cũ KTL: 'date'
[2025-10-07T15:20:00.101+0000] {logging_mixin.py:190} INFO - KTL: trích dữ liệu từ 2025-09-20 đến 2025-10-07
[2025-10-07T15:20:04.642+0000] {logging_mixin.py:190} INFO - Không tìm thấy dữ liệu cho KTL
[2025-10-07T15:20:04.643+0000] {logging_mixin.py:190} INFO - KTL: Không có dữ liệu mới.
[2025-10-07T15:20:04.643+0000] {logging_mixin.py:190} INFO - 🚦 Giới hạn API đạt mức tối đa, chờ 1.0s...
[2025-10-07T15:20:05.669+0000] {logging_mixin.py:190} INFO - ⬇️ Bắt đầu xử lý symbol = KTC
[2025-10-07T15:20:05.686+0000] {logging_mixin.py:190} INFO - ⚠️ Không đọc được file cũ KTC: 'date'
[2025-10-07T15:20:05.692+0000] {logging_mixin.py:190} INFO - KTC: trích dữ liệu từ 2025-10-03 đến 2025-10-07
[2025-10-07T15:20:10.303+0000] {logging_mixin.py:190} INFO - Không tìm thấy dữ liệu cho KTC
[2025-10-07T15:20:10.305+0000] {logging_mixin.py:190} INFO - KTC: Không có dữ liệu mới.
[2025-10-07T15:20:10.305+0000] {logging_mixin.py:190} INFO - ⬇️ Bắt đầu xử lý symbol = KSV
[2025-10-07T15:20:10.328+0000] {logging_mixin.py:190} INFO - ⚠️ Không đọc được file cũ KSV: 'date'
[2025-10-07T15:20:10.337+0000] {logging_mixin.py:190} INFO - KSV: trích dữ liệu từ 2025-10-08 đến 2025-10-07
[2025-10-07T15:20:14.834+0000] {logging_mixin.py:190} INFO - Không tìm thấy dữ liệu cho KSV
[2025-10-07T15:20:14.835+0000] {logging_mixin.py:190} INFO - KSV: Không có dữ liệu mới.
[2025-10-07T15:20:14.836+0000] {logging_mixin.py:190} INFO - ⬇️ Bắt đầu xử lý symbol = KST
[2025-10-07T15:20:14.854+0000] {logging_mixin.py:190} INFO - ⚠️ Không đọc được file cũ KST: 'date'
[2025-10-07T15:20:14.860+0000] {logging_mixin.py:190} INFO - KST: trích dữ liệu từ 2025-09-30 đến 2025-10-07
[2025-10-07T15:20:19.273+0000] {logging_mixin.py:190} INFO - Không tìm thấy dữ liệu cho KST
[2025-10-07T15:20:19.274+0000] {logging_mixin.py:190} INFO - KST: Không có dữ liệu mới.
[2025-10-07T15:20:19.275+0000] {logging_mixin.py:190} INFO - 🚦 Giới hạn API đạt mức tối đa, chờ 36.2s...
[2025-10-07T15:20:55.454+0000] {logging_mixin.py:190} INFO - ⬇️ Bắt đầu xử lý symbol = KSQ
[2025-10-07T15:20:55.473+0000] {logging_mixin.py:190} INFO - ⚠️ Không đọc được file cũ KSQ: 'date'
[2025-10-07T15:20:55.481+0000] {logging_mixin.py:190} INFO - KSQ: trích dữ liệu từ 2025-10-08 đến 2025-10-07
[2025-10-07T15:21:01.321+0000] {logging_mixin.py:190} INFO - Không tìm thấy dữ liệu cho KSQ
[2025-10-07T15:21:01.323+0000] {logging_mixin.py:190} INFO - KSQ: Không có dữ liệu mới.
[2025-10-07T15:21:01.323+0000] {logging_mixin.py:190} INFO - ⬇️ Bắt đầu xử lý symbol = KSH
[2025-10-07T15:21:01.340+0000] {logging_mixin.py:190} INFO - ⚠️ Không đọc được file cũ KSH: 'date'
[2025-10-07T15:21:01.347+0000] {logging_mixin.py:190} INFO - KSH: trích dữ liệu từ 2024-07-26 đến 2025-10-07
[2025-10-07T15:21:06.123+0000] {logging_mixin.py:190} INFO - Không tìm thấy dữ liệu cho KSH
[2025-10-07T15:21:06.124+0000] {logging_mixin.py:190} INFO - KSH: Không có dữ liệu mới.
[2025-10-07T15:21:06.125+0000] {logging_mixin.py:190} INFO - ⬇️ Bắt đầu xử lý symbol = KSF
[2025-10-07T15:21:06.141+0000] {logging_mixin.py:190} INFO - ⚠️ Không đọc được file cũ KSF: 'date'
[2025-10-07T15:21:06.146+0000] {logging_mixin.py:190} INFO - KSF: trích dữ liệu từ 2025-10-08 đến 2025-10-07
[2025-10-07T15:21:10.893+0000] {logging_mixin.py:190} INFO - Không tìm thấy dữ liệu cho KSF
[2025-10-07T15:21:10.894+0000] {logging_mixin.py:190} INFO - KSF: Không có dữ liệu mới.
[2025-10-07T15:21:10.894+0000] {logging_mixin.py:190} INFO - ⬇️ Bắt đầu xử lý symbol = KSD
[2025-10-07T15:21:10.918+0000] {logging_mixin.py:190} INFO - ⚠️ Không đọc được file cũ KSD: 'date'
[2025-10-07T15:21:10.925+0000] {logging_mixin.py:190} INFO - KSD: trích dữ liệu từ 2025-10-01 đến 2025-10-07
[2025-10-07T15:21:16.494+0000] {logging_mixin.py:190} INFO - Không tìm thấy dữ liệu cho KSD
[2025-10-07T15:21:16.496+0000] {logging_mixin.py:190} INFO - KSD: Không có dữ liệu mới.
[2025-10-07T15:21:16.497+0000] {logging_mixin.py:190} INFO - ⬇️ Bắt đầu xử lý symbol = KSB
[2025-10-07T15:21:16.521+0000] {logging_mixin.py:190} INFO - ⚠️ Không đọc được file cũ KSB: 'date'
[2025-10-07T15:21:16.528+0000] {logging_mixin.py:190} INFO - KSB: trích dữ liệu từ 2025-10-08 đến 2025-10-07
[2025-10-07T15:21:21.001+0000] {logging_mixin.py:190} INFO - Không tìm thấy dữ liệu cho KSB
[2025-10-07T15:21:21.002+0000] {logging_mixin.py:190} INFO - KSB: Không có dữ liệu mới.
[2025-10-07T15:21:21.003+0000] {logging_mixin.py:190} INFO - 🚦 Giới hạn API đạt mức tối đa, chờ 34.5s...
[2025-10-07T15:21:55.440+0000] {logging_mixin.py:190} INFO - ⬇️ Bắt đầu xử lý symbol = KPF
[2025-10-07T15:21:55.464+0000] {logging_mixin.py:190} INFO - ⚠️ Không đọc được file cũ KPF: 'date'
[2025-10-07T15:21:55.472+0000] {logging_mixin.py:190} INFO - KPF: trích dữ liệu từ 2025-02-26 đến 2025-10-07
[2025-10-07T15:21:59.938+0000] {logging_mixin.py:190} INFO - Không tìm thấy dữ liệu cho KPF
[2025-10-07T15:21:59.940+0000] {logging_mixin.py:190} INFO - KPF: Không có dữ liệu mới.
[2025-10-07T15:21:59.941+0000] {logging_mixin.py:190} INFO - 🚦 Giới hạn API đạt mức tối đa, chờ 1.4s...
[2025-10-07T15:22:01.324+0000] {logging_mixin.py:190} INFO - ⬇️ Bắt đầu xử lý symbol = KOS
[2025-10-07T15:22:01.359+0000] {logging_mixin.py:190} INFO - ⚠️ Không đọc được file cũ KOS: 'date'
[2025-10-07T15:22:01.366+0000] {logging_mixin.py:190} INFO - KOS: trích dữ liệu từ 2025-10-08 đến 2025-10-07
[2025-10-07T15:22:05.836+0000] {logging_mixin.py:190} INFO - Không tìm thấy dữ liệu cho KOS
[2025-10-07T15:22:05.838+0000] {logging_mixin.py:190} INFO - KOS: Không có dữ liệu mới.
[2025-10-07T15:22:05.838+0000] {logging_mixin.py:190} INFO - 🚦 Giới hạn API đạt mức tối đa, chờ 0.3s...
[2025-10-07T15:22:06.125+0000] {logging_mixin.py:190} INFO - ⬇️ Bắt đầu xử lý symbol = KMT
[2025-10-07T15:22:06.144+0000] {logging_mixin.py:190} INFO - ⚠️ Không đọc được file cũ KMT: 'date'
[2025-10-07T15:22:06.151+0000] {logging_mixin.py:190} INFO - KMT: trích dữ liệu từ 2025-09-24 đến 2025-10-07
[2025-10-07T15:22:12.069+0000] {logging_mixin.py:190} INFO - Không tìm thấy dữ liệu cho KMT
[2025-10-07T15:22:12.071+0000] {logging_mixin.py:190} INFO - KMT: Không có dữ liệu mới.
[2025-10-07T15:22:12.072+0000] {logging_mixin.py:190} INFO - ⬇️ Bắt đầu xử lý symbol = KMR
[2025-10-07T15:22:12.089+0000] {logging_mixin.py:190} INFO - ⚠️ Không đọc được file cũ KMR: 'date'
[2025-10-07T15:22:12.095+0000] {logging_mixin.py:190} INFO - KMR: trích dữ liệu từ 2025-10-08 đến 2025-10-07
[2025-10-07T15:22:16.558+0000] {logging_mixin.py:190} INFO - Không tìm thấy dữ liệu cho KMR
[2025-10-07T15:22:16.559+0000] {logging_mixin.py:190} INFO - KMR: Không có dữ liệu mới.
[2025-10-07T15:22:16.559+0000] {logging_mixin.py:190} INFO - ⬇️ Bắt đầu xử lý symbol = KLM
[2025-10-07T15:22:16.575+0000] {logging_mixin.py:190} INFO - ⚠️ Không đọc được file cũ KLM: 'date'
[2025-10-07T15:22:16.581+0000] {logging_mixin.py:190} INFO - KLM: trích dữ liệu từ 2023-02-15 đến 2025-10-07
[2025-10-07T15:22:21.061+0000] {logging_mixin.py:190} INFO - Không tìm thấy dữ liệu cho KLM
[2025-10-07T15:22:21.062+0000] {logging_mixin.py:190} INFO - KLM: Không có dữ liệu mới.
[2025-10-07T15:22:21.062+0000] {logging_mixin.py:190} INFO - 🚦 Giới hạn API đạt mức tối đa, chờ 34.4s...
[2025-10-07T15:22:55.444+0000] {logging_mixin.py:190} INFO - ⬇️ Bắt đầu xử lý symbol = KLF
[2025-10-07T15:22:55.471+0000] {logging_mixin.py:190} INFO - ⚠️ Không đọc được file cũ KLF: 'date'
[2025-10-07T15:22:55.477+0000] {logging_mixin.py:190} INFO - KLF: trích dữ liệu từ 2024-07-26 đến 2025-10-07
[2025-10-07T15:23:00.187+0000] {logging_mixin.py:190} INFO - Không tìm thấy dữ liệu cho KLF
[2025-10-07T15:23:00.188+0000] {logging_mixin.py:190} INFO - KLF: Không có dữ liệu mới.
[2025-10-07T15:23:00.189+0000] {logging_mixin.py:190} INFO - 🚦 Giới hạn API đạt mức tối đa, chờ 1.1s...
[2025-10-07T15:23:01.325+0000] {logging_mixin.py:190} INFO - ⬇️ Bắt đầu xử lý symbol = KLB
[2025-10-07T15:23:01.345+0000] {logging_mixin.py:190} INFO - ⚠️ Không đọc được file cũ KLB: 'date'
[2025-10-07T15:23:01.353+0000] {logging_mixin.py:190} INFO - KLB: trích dữ liệu từ 2025-10-08 đến 2025-10-07
[2025-10-07T15:23:06.269+0000] {logging_mixin.py:190} INFO - Không tìm thấy dữ liệu cho KLB
[2025-10-07T15:23:06.271+0000] {logging_mixin.py:190} INFO - KLB: Không có dữ liệu mới.
[2025-10-07T15:23:06.272+0000] {logging_mixin.py:190} INFO - ⬇️ Bắt đầu xử lý symbol = KKC
[2025-10-07T15:23:06.288+0000] {logging_mixin.py:190} INFO - ⚠️ Không đọc được file cũ KKC: 'date'
[2025-10-07T15:23:06.295+0000] {logging_mixin.py:190} INFO - KKC: trích dữ liệu từ 2025-10-04 đến 2025-10-07
[2025-10-07T15:23:12.592+0000] {logging_mixin.py:190} INFO - Không tìm thấy dữ liệu cho KKC
[2025-10-07T15:23:12.593+0000] {logging_mixin.py:190} INFO - KKC: Không có dữ liệu mới.
[2025-10-07T15:23:12.594+0000] {logging_mixin.py:190} INFO - ⬇️ Bắt đầu xử lý symbol = KIP
[2025-10-07T15:23:12.611+0000] {logging_mixin.py:190} INFO - ⚠️ Không đọc được file cũ KIP: 'date'
[2025-10-07T15:23:12.618+0000] {logging_mixin.py:190} INFO - KIP: trích dữ liệu từ 2025-10-02 đến 2025-10-07
[2025-10-07T15:23:17.380+0000] {logging_mixin.py:190} INFO - Không tìm thấy dữ liệu cho KIP
[2025-10-07T15:23:17.382+0000] {logging_mixin.py:190} INFO - KIP: Không có dữ liệu mới.
[2025-10-07T15:23:17.383+0000] {logging_mixin.py:190} INFO - ⬇️ Bắt đầu xử lý symbol = KHW
[2025-10-07T15:23:17.409+0000] {logging_mixin.py:190} INFO - ⚠️ Không đọc được file cũ KHW: 'date'
[2025-10-07T15:23:17.416+0000] {logging_mixin.py:190} INFO - KHW: trích dữ liệu từ 2025-10-02 đến 2025-10-07
[2025-10-07T15:23:21.995+0000] {logging_mixin.py:190} INFO - Không tìm thấy dữ liệu cho KHW
[2025-10-07T15:23:21.996+0000] {logging_mixin.py:190} INFO - KHW: Không có dữ liệu mới.
[2025-10-07T15:23:21.997+0000] {logging_mixin.py:190} INFO - 🚦 Giới hạn API đạt mức tối đa, chờ 33.4s...
[2025-10-07T15:23:55.449+0000] {logging_mixin.py:190} INFO - ⬇️ Bắt đầu xử lý symbol = KHS
[2025-10-07T15:23:55.476+0000] {logging_mixin.py:190} INFO - ⚠️ Không đọc được file cũ KHS: 'date'
[2025-10-07T15:23:55.484+0000] {logging_mixin.py:190} INFO - KHS: trích dữ liệu từ 2025-10-08 đến 2025-10-07
[2025-10-07T15:24:00.180+0000] {logging_mixin.py:190} INFO - Không tìm thấy dữ liệu cho KHS
[2025-10-07T15:24:00.181+0000] {logging_mixin.py:190} INFO - KHS: Không có dữ liệu mới.
[2025-10-07T15:24:00.182+0000] {logging_mixin.py:190} INFO - 🚦 Giới hạn API đạt mức tối đa, chờ 1.1s...
[2025-10-07T15:24:01.325+0000] {logging_mixin.py:190} INFO - ⬇️ Bắt đầu xử lý symbol = KHP
[2025-10-07T15:24:01.347+0000] {logging_mixin.py:190} INFO - ⚠️ Không đọc được file cũ KHP: 'date'
[2025-10-07T15:24:01.355+0000] {logging_mixin.py:190} INFO - KHP: trích dữ liệu từ 2025-10-08 đến 2025-10-07
[2025-10-07T15:24:06.016+0000] {logging_mixin.py:190} INFO - Không tìm thấy dữ liệu cho KHP
[2025-10-07T15:24:06.018+0000] {logging_mixin.py:190} INFO - KHP: Không có dữ liệu mới.
[2025-10-07T15:24:06.019+0000] {logging_mixin.py:190} INFO - 🚦 Giới hạn API đạt mức tối đa, chờ 0.3s...
[2025-10-07T15:24:06.272+0000] {logging_mixin.py:190} INFO - ⬇️ Bắt đầu xử lý symbol = KHL
[2025-10-07T15:24:06.299+0000] {logging_mixin.py:190} INFO - ⚠️ Không đọc được file cũ KHL: 'date'
[2025-10-07T15:24:06.305+0000] {logging_mixin.py:190} INFO - KHL: trích dữ liệu từ 2024-07-26 đến 2025-10-07
[2025-10-07T15:24:10.872+0000] {logging_mixin.py:190} INFO - Không tìm thấy dữ liệu cho KHL
[2025-10-07T15:24:10.875+0000] {logging_mixin.py:190} INFO - KHL: Không có dữ liệu mới.
[2025-10-07T15:24:10.875+0000] {logging_mixin.py:190} INFO - 🚦 Giới hạn API đạt mức tối đa, chờ 1.7s...
[2025-10-07T15:24:12.595+0000] {logging_mixin.py:190} INFO - ⬇️ Bắt đầu xử lý symbol = KHG
[2025-10-07T15:24:12.612+0000] {logging_mixin.py:190} INFO - ⚠️ Không đọc được file cũ KHG: 'date'
[2025-10-07T15:24:12.618+0000] {logging_mixin.py:190} INFO - KHG: trích dữ liệu từ 2025-10-08 đến 2025-10-07
[2025-10-07T15:24:18.141+0000] {logging_mixin.py:190} INFO - Không tìm thấy dữ liệu cho KHG
[2025-10-07T15:24:18.143+0000] {logging_mixin.py:190} INFO - KHG: Không có dữ liệu mới.
[2025-10-07T15:24:18.143+0000] {logging_mixin.py:190} INFO - ⬇️ Bắt đầu xử lý symbol = KHD
[2025-10-07T15:24:18.160+0000] {logging_mixin.py:190} INFO - ⚠️ Không đọc được file cũ KHD: 'date'
[2025-10-07T15:24:18.166+0000] {logging_mixin.py:190} INFO - KHD: trích dữ liệu từ 2025-10-04 đến 2025-10-07
[2025-10-07T15:24:22.757+0000] {logging_mixin.py:190} INFO - Không tìm thấy dữ liệu cho KHD
[2025-10-07T15:24:22.758+0000] {logging_mixin.py:190} INFO - KHD: Không có dữ liệu mới.
[2025-10-07T15:24:22.759+0000] {logging_mixin.py:190} INFO - 🚦 Giới hạn API đạt mức tối đa, chờ 32.7s...
[2025-10-07T15:24:55.454+0000] {logging_mixin.py:190} INFO - ⬇️ Bắt đầu xử lý symbol = KHB
[2025-10-07T15:24:55.472+0000] {logging_mixin.py:190} INFO - ⚠️ Không đọc được file cũ KHB: 'date'
[2025-10-07T15:24:55.478+0000] {logging_mixin.py:190} INFO - KHB: trích dữ liệu từ 2022-08-27 đến 2025-10-07
[2025-10-07T15:25:00.067+0000] {logging_mixin.py:190} INFO - Không tìm thấy dữ liệu cho KHB
[2025-10-07T15:25:00.069+0000] {logging_mixin.py:190} INFO - KHB: Không có dữ liệu mới.
[2025-10-07T15:25:00.070+0000] {logging_mixin.py:190} INFO - 🚦 Giới hạn API đạt mức tối đa, chờ 1.3s...
[2025-10-07T15:25:01.326+0000] {logging_mixin.py:190} INFO - ⬇️ Bắt đầu xử lý symbol = KHA
[2025-10-07T15:25:01.344+0000] {logging_mixin.py:190} INFO - ⚠️ Không đọc được file cũ KHA: 'date'
[2025-10-07T15:25:01.351+0000] {logging_mixin.py:190} INFO - KHA: trích dữ liệu từ 2023-06-15 đến 2025-10-07
[2025-10-07T15:25:05.861+0000] {logging_mixin.py:190} INFO - Không tìm thấy dữ liệu cho KHA
[2025-10-07T15:25:05.863+0000] {logging_mixin.py:190} INFO - KHA: Không có dữ liệu mới.
[2025-10-07T15:25:05.863+0000] {logging_mixin.py:190} INFO - 🚦 Giới hạn API đạt mức tối đa, chờ 0.4s...
[2025-10-07T15:25:06.273+0000] {logging_mixin.py:190} INFO - ⬇️ Bắt đầu xử lý symbol = KGM
[2025-10-07T15:25:06.298+0000] {logging_mixin.py:190} INFO - ⚠️ Không đọc được file cũ KGM: 'date'
[2025-10-07T15:25:06.306+0000] {logging_mixin.py:190} INFO - KGM: trích dữ liệu từ 2025-10-08 đến 2025-10-07
[2025-10-07T15:25:11.035+0000] {logging_mixin.py:190} INFO - Không tìm thấy dữ liệu cho KGM
[2025-10-07T15:25:11.036+0000] {logging_mixin.py:190} INFO - KGM: Không có dữ liệu mới.
[2025-10-07T15:25:11.037+0000] {logging_mixin.py:190} INFO - 🚦 Giới hạn API đạt mức tối đa, chờ 1.6s...
[2025-10-07T15:25:12.595+0000] {logging_mixin.py:190} INFO - ⬇️ Bắt đầu xử lý symbol = KDM
[2025-10-07T15:25:12.615+0000] {logging_mixin.py:190} INFO - ⚠️ Không đọc được file cũ KDM: 'date'
[2025-10-07T15:25:12.623+0000] {logging_mixin.py:190} INFO - KDM: trích dữ liệu từ 2025-10-08 đến 2025-10-07
[2025-10-07T15:25:19.049+0000] {logging_mixin.py:190} INFO - Không tìm thấy dữ liệu cho KDM
[2025-10-07T15:25:19.050+0000] {logging_mixin.py:190} INFO - KDM: Không có dữ liệu mới.
[2025-10-07T15:25:19.050+0000] {logging_mixin.py:190} INFO - ⬇️ Bắt đầu xử lý symbol = KDH
[2025-10-07T15:25:19.066+0000] {logging_mixin.py:190} INFO - ⚠️ Không đọc được file cũ KDH: 'date'
[2025-10-07T15:25:19.073+0000] {logging_mixin.py:190} INFO - KDH: trích dữ liệu từ 2025-10-08 đến 2025-10-07
[2025-10-07T15:25:23.930+0000] {logging_mixin.py:190} INFO - Không tìm thấy dữ liệu cho KDH
[2025-10-07T15:25:23.932+0000] {logging_mixin.py:190} INFO - KDH: Không có dữ liệu mới.
[2025-10-07T15:25:23.932+0000] {logging_mixin.py:190} INFO - 🚦 Giới hạn API đạt mức tối đa, chờ 31.5s...
[2025-10-07T15:25:55.454+0000] {logging_mixin.py:190} INFO - ⬇️ Bắt đầu xử lý symbol = KDC
[2025-10-07T15:25:55.472+0000] {logging_mixin.py:190} INFO - ⚠️ Không đọc được file cũ KDC: 'date'
[2025-10-07T15:25:55.478+0000] {logging_mixin.py:190} INFO - KDC: trích dữ liệu từ 2025-10-08 đến 2025-10-07
[2025-10-07T15:25:59.992+0000] {logging_mixin.py:190} INFO - Không tìm thấy dữ liệu cho KDC
[2025-10-07T15:25:59.994+0000] {logging_mixin.py:190} INFO - KDC: Không có dữ liệu mới.
[2025-10-07T15:25:59.994+0000] {logging_mixin.py:190} INFO - 🚦 Giới hạn API đạt mức tối đa, chờ 1.3s...
[2025-10-07T15:26:01.327+0000] {logging_mixin.py:190} INFO - ⬇️ Bắt đầu xử lý symbol = KCE
[2025-10-07T15:26:01.347+0000] {logging_mixin.py:190} INFO - ⚠️ Không đọc được file cũ KCE: 'date'
[2025-10-07T15:26:01.354+0000] {logging_mixin.py:190} INFO - KCE: trích dữ liệu từ 2025-07-01 đến 2025-10-07
[2025-10-07T15:26:05.888+0000] {logging_mixin.py:190} INFO - Không tìm thấy dữ liệu cho KCE
[2025-10-07T15:26:05.891+0000] {logging_mixin.py:190} INFO - KCE: Không có dữ liệu mới.
[2025-10-07T15:26:05.891+0000] {logging_mixin.py:190} INFO - 🚦 Giới hạn API đạt mức tối đa, chờ 0.4s...
[2025-10-07T15:26:06.274+0000] {logging_mixin.py:190} INFO - ⬇️ Bắt đầu xử lý symbol = KCB
[2025-10-07T15:26:06.331+0000] {logging_mixin.py:190} INFO - ⚠️ Không đọc được file cũ KCB: 'date'
[2025-10-07T15:26:06.338+0000] {logging_mixin.py:190} INFO - KCB: trích dữ liệu từ 2025-10-08 đến 2025-10-07
[2025-10-07T15:26:12.231+0000] {logging_mixin.py:190} INFO - Không tìm thấy dữ liệu cho KCB
[2025-10-07T15:26:12.233+0000] {logging_mixin.py:190} INFO - KCB: Không có dữ liệu mới.
[2025-10-07T15:26:12.233+0000] {logging_mixin.py:190} INFO - 🚦 Giới hạn API đạt mức tối đa, chờ 0.4s...
[2025-10-07T15:26:12.596+0000] {logging_mixin.py:190} INFO - ⬇️ Bắt đầu xử lý symbol = KBC
[2025-10-07T15:26:12.663+0000] {logging_mixin.py:190} INFO - ⚠️ Không đọc được file cũ KBC: 'date'
[2025-10-07T15:26:12.671+0000] {logging_mixin.py:190} INFO - KBC: trích dữ liệu từ 2025-10-08 đến 2025-10-07
[2025-10-07T15:26:17.775+0000] {logging_mixin.py:190} INFO - Không tìm thấy dữ liệu cho KBC
[2025-10-07T15:26:17.777+0000] {logging_mixin.py:190} INFO - KBC: Không có dữ liệu mới.
[2025-10-07T15:26:17.779+0000] {logging_mixin.py:190} INFO - 🚦 Giới hạn API đạt mức tối đa, chờ 1.3s...
[2025-10-07T15:26:19.052+0000] {logging_mixin.py:190} INFO - ⬇️ Bắt đầu xử lý symbol = KAC
[2025-10-07T15:26:19.072+0000] {logging_mixin.py:190} INFO - ⚠️ Không đọc được file cũ KAC: 'date'
[2025-10-07T15:26:19.078+0000] {logging_mixin.py:190} INFO - KAC: trích dữ liệu từ 2024-07-26 đến 2025-10-07
[2025-10-07T15:26:23.558+0000] {logging_mixin.py:190} INFO - Không tìm thấy dữ liệu cho KAC
[2025-10-07T15:26:23.559+0000] {logging_mixin.py:190} INFO - KAC: Không có dữ liệu mới.
[2025-10-07T15:26:23.560+0000] {logging_mixin.py:190} INFO - 🚦 Giới hạn API đạt mức tối đa, chờ 31.9s...
[2025-10-07T15:26:55.455+0000] {logging_mixin.py:190} INFO - ⬇️ Bắt đầu xử lý symbol = JVC
[2025-10-07T15:26:55.476+0000] {logging_mixin.py:190} INFO - ⚠️ Không đọc được file cũ JVC: 'date'
[2025-10-07T15:26:55.484+0000] {logging_mixin.py:190} INFO - JVC: trích dữ liệu từ 2025-10-08 đến 2025-10-07
[2025-10-07T15:27:00.980+0000] {logging_mixin.py:190} INFO - Không tìm thấy dữ liệu cho JVC
[2025-10-07T15:27:00.982+0000] {logging_mixin.py:190} INFO - JVC: Không có dữ liệu mới.
[2025-10-07T15:27:00.982+0000] {logging_mixin.py:190} INFO - 🚦 Giới hạn API đạt mức tối đa, chờ 0.3s...
[2025-10-07T15:27:01.327+0000] {logging_mixin.py:190} INFO - ⬇️ Bắt đầu xử lý symbol = JOS
[2025-10-07T15:27:01.348+0000] {logging_mixin.py:190} INFO - ⚠️ Không đọc được file cũ JOS: 'date'
[2025-10-07T15:27:01.355+0000] {logging_mixin.py:190} INFO - JOS: trích dữ liệu từ 2025-10-04 đến 2025-10-07
[2025-10-07T15:27:07.017+0000] {logging_mixin.py:190} INFO - Không tìm thấy dữ liệu cho JOS
[2025-10-07T15:27:07.018+0000] {logging_mixin.py:190} INFO - JOS: Không có dữ liệu mới.
[2025-10-07T15:27:07.019+0000] {logging_mixin.py:190} INFO - ⬇️ Bắt đầu xử lý symbol = IVS
[2025-10-07T15:27:07.037+0000] {logging_mixin.py:190} INFO - ⚠️ Không đọc được file cũ IVS: 'date'
[2025-10-07T15:27:07.045+0000] {logging_mixin.py:190} INFO - IVS: trích dữ liệu từ 2025-10-08 đến 2025-10-07
[2025-10-07T15:27:11.762+0000] {logging_mixin.py:190} INFO - Không tìm thấy dữ liệu cho IVS
[2025-10-07T15:27:11.764+0000] {logging_mixin.py:190} INFO - IVS: Không có dữ liệu mới.
[2025-10-07T15:27:11.765+0000] {logging_mixin.py:190} INFO - 🚦 Giới hạn API đạt mức tối đa, chờ 0.8s...
[2025-10-07T15:27:12.596+0000] {logging_mixin.py:190} INFO - ⬇️ Bắt đầu xử lý symbol = ITS
[2025-10-07T15:27:12.613+0000] {logging_mixin.py:190} INFO - ⚠️ Không đọc được file cũ ITS: 'date'
[2025-10-07T15:27:12.620+0000] {logging_mixin.py:190} INFO - ITS: trích dữ liệu từ 2025-10-08 đến 2025-10-07
[2025-10-07T15:27:17.152+0000] {logging_mixin.py:190} INFO - Không tìm thấy dữ liệu cho ITS
[2025-10-07T15:27:17.154+0000] {logging_mixin.py:190} INFO - ITS: Không có dữ liệu mới.
[2025-10-07T15:27:17.154+0000] {logging_mixin.py:190} INFO - 🚦 Giới hạn API đạt mức tối đa, chờ 1.9s...
[2025-10-07T15:27:19.053+0000] {logging_mixin.py:190} INFO - ⬇️ Bắt đầu xử lý symbol = ITQ
[2025-10-07T15:27:19.070+0000] {logging_mixin.py:190} INFO - ⚠️ Không đọc được file cũ ITQ: 'date'
[2025-10-07T15:27:19.077+0000] {logging_mixin.py:190} INFO - ITQ: trích dữ liệu từ 2025-10-08 đến 2025-10-07
[2025-10-07T15:27:23.736+0000] {logging_mixin.py:190} INFO - Không tìm thấy dữ liệu cho ITQ
[2025-10-07T15:27:23.738+0000] {logging_mixin.py:190} INFO - ITQ: Không có dữ liệu mới.
[2025-10-07T15:27:23.739+0000] {logging_mixin.py:190} INFO - 🚦 Giới hạn API đạt mức tối đa, chờ 31.7s...
[2025-10-07T15:27:55.477+0000] {logging_mixin.py:190} INFO - ⬇️ Bắt đầu xử lý symbol = ITD
[2025-10-07T15:27:55.502+0000] {logging_mixin.py:190} INFO - ⚠️ Không đọc được file cũ ITD: 'date'
[2025-10-07T15:27:55.510+0000] {logging_mixin.py:190} INFO - ITD: trích dữ liệu từ 2025-10-08 đến 2025-10-07
[2025-10-07T15:28:00.399+0000] {logging_mixin.py:190} INFO - Không tìm thấy dữ liệu cho ITD
[2025-10-07T15:28:00.400+0000] {logging_mixin.py:190} INFO - ITD: Không có dữ liệu mới.
[2025-10-07T15:28:00.401+0000] {logging_mixin.py:190} INFO - 🚦 Giới hạn API đạt mức tối đa, chờ 0.9s...
[2025-10-07T15:28:01.328+0000] {logging_mixin.py:190} INFO - ⬇️ Bắt đầu xử lý symbol = ITC
[2025-10-07T15:28:01.346+0000] {logging_mixin.py:190} INFO - ⚠️ Không đọc được file cũ ITC: 'date'
[2025-10-07T15:28:01.352+0000] {logging_mixin.py:190} INFO - ITC: trích dữ liệu từ 2025-10-08 đến 2025-10-07
[2025-10-07T15:28:06.231+0000] {logging_mixin.py:190} INFO - Không tìm thấy dữ liệu cho ITC
[2025-10-07T15:28:06.233+0000] {logging_mixin.py:190} INFO - ITC: Không có dữ liệu mới.
[2025-10-07T15:28:06.234+0000] {logging_mixin.py:190} INFO - 🚦 Giới hạn API đạt mức tối đa, chờ 0.8s...
[2025-10-07T15:28:07.001+0000] {logging_mixin.py:190} INFO - ⬇️ Bắt đầu xử lý symbol = ITA
[2025-10-07T15:28:07.020+0000] {logging_mixin.py:190} INFO - ⚠️ Không đọc được file cũ ITA: 'date'
[2025-10-07T15:28:07.026+0000] {logging_mixin.py:190} INFO - ITA: trích dữ liệu từ 2024-09-26 đến 2025-10-07
[2025-10-07T15:28:11.817+0000] {logging_mixin.py:190} INFO - Không tìm thấy dữ liệu cho ITA
[2025-10-07T15:28:11.819+0000] {logging_mixin.py:190} INFO - ITA: Không có dữ liệu mới.
[2025-10-07T15:28:11.820+0000] {logging_mixin.py:190} INFO - 🚦 Giới hạn API đạt mức tối đa, chờ 0.8s...
[2025-10-07T15:28:12.597+0000] {logging_mixin.py:190} INFO - ⬇️ Bắt đầu xử lý symbol = IST
[2025-10-07T15:28:12.623+0000] {logging_mixin.py:190} INFO - ⚠️ Không đọc được file cũ IST: 'date'
[2025-10-07T15:28:12.630+0000] {logging_mixin.py:190} INFO - IST: trích dữ liệu từ 2025-10-08 đến 2025-10-07
[2025-10-07T15:28:17.168+0000] {logging_mixin.py:190} INFO - Không tìm thấy dữ liệu cho IST
[2025-10-07T15:28:17.169+0000] {logging_mixin.py:190} INFO - IST: Không có dữ liệu mới.
[2025-10-07T15:28:17.170+0000] {logging_mixin.py:190} INFO - 🚦 Giới hạn API đạt mức tối đa, chờ 1.9s...
[2025-10-07T15:28:19.053+0000] {logging_mixin.py:190} INFO - ⬇️ Bắt đầu xử lý symbol = ISH
[2025-10-07T15:28:19.070+0000] {logging_mixin.py:190} INFO - ⚠️ Không đọc được file cũ ISH: 'date'
[2025-10-07T15:28:19.078+0000] {logging_mixin.py:190} INFO - ISH: trích dữ liệu từ 2025-10-08 đến 2025-10-07
[2025-10-07T15:28:23.767+0000] {logging_mixin.py:190} INFO - Không tìm thấy dữ liệu cho ISH
[2025-10-07T15:28:23.769+0000] {logging_mixin.py:190} INFO - ISH: Không có dữ liệu mới.
[2025-10-07T15:28:23.770+0000] {python.py:240} INFO - Done. Returned value was: None
[2025-10-07T15:28:23.781+0000] {taskinstance.py:341} INFO - ::group::Post task execution logs
[2025-10-07T15:28:23.781+0000] {taskinstance.py:353} INFO - Marking task as SUCCESS. dag_id=vnstock_weekly_etl_incremental, task_id=process_batch, run_id=manual__2025-10-07T10:44:44.201464+00:00, map_index=19, execution_date=20251007T104444, start_date=20251007T151855, end_date=20251007T152823
[2025-10-07T15:28:23.829+0000] {local_task_job_runner.py:266} INFO - Task exited with return code 0
[2025-10-07T15:28:23.976+0000] {taskinstance.py:3901} INFO - 0 downstream tasks scheduled from follow-on schedule check
[2025-10-07T15:28:23.978+0000] {local_task_job_runner.py:245} INFO - ::endgroup::
