[2025-10-07T10:36:41.148+0000] {local_task_job_runner.py:123} INFO - ::group::Pre task execution logs
[2025-10-07T10:36:41.179+0000] {taskinstance.py:2614} INFO - Dependencies all met for dep_context=non-requeueable deps ti=<TaskInstance: vnstock_weekly_etl_incremental.process_batch manual__2025-10-07T10:36:05.597506+00:00 map_index=16 [queued]>
[2025-10-07T10:36:41.196+0000] {taskinstance.py:2614} INFO - Dependencies all met for dep_context=requeueable deps ti=<TaskInstance: vnstock_weekly_etl_incremental.process_batch manual__2025-10-07T10:36:05.597506+00:00 map_index=16 [queued]>
[2025-10-07T10:36:41.197+0000] {taskinstance.py:2867} INFO - Starting attempt 1 of 3
[2025-10-07T10:36:41.212+0000] {taskinstance.py:2890} INFO - Executing <Mapped(_PythonDecoratedOperator): process_batch> on 2025-10-07 10:36:05.597506+00:00
[2025-10-07T10:36:41.228+0000] {logging_mixin.py:190} WARNING - /home/***/.local/lib/python3.12/site-packages/***/task/task_runner/standard_task_runner.py:70 DeprecationWarning: This process (pid=2914) is multi-threaded, use of fork() may lead to deadlocks in the child.
[2025-10-07T10:36:41.230+0000] {standard_task_runner.py:72} INFO - Started process 2959 to run task
[2025-10-07T10:36:41.230+0000] {standard_task_runner.py:104} INFO - Running: ['***', 'tasks', 'run', 'vnstock_weekly_etl_incremental', 'process_batch', 'manual__2025-10-07T10:36:05.597506+00:00', '--job-id', '101', '--raw', '--subdir', 'DAGS_FOLDER/dag.py', '--cfg-path', '/tmp/tmplbdnrxz0', '--map-index', '16']
[2025-10-07T10:36:41.231+0000] {standard_task_runner.py:105} INFO - Job 101: Subtask process_batch
[2025-10-07T10:36:41.251+0000] {logging_mixin.py:190} WARNING - /home/***/.local/lib/python3.12/site-packages/***/settings.py:209 DeprecationWarning: The sql_alchemy_conn option in [core] has been moved to the sql_alchemy_conn option in [database] - the old setting has been used, but please update your config.
[2025-10-07T10:36:41.532+0000] {task_command.py:467} INFO - Running <TaskInstance: vnstock_weekly_etl_incremental.process_batch manual__2025-10-07T10:36:05.597506+00:00 map_index=16 [running]> on host e3278e0f0bbc
[2025-10-07T10:36:41.620+0000] {taskinstance.py:3134} INFO - Exporting env vars: AIRFLOW_CTX_DAG_OWNER='***' AIRFLOW_CTX_DAG_ID='vnstock_weekly_etl_incremental' AIRFLOW_CTX_TASK_ID='process_batch' AIRFLOW_CTX_EXECUTION_DATE='2025-10-07T10:36:05.597506+00:00' AIRFLOW_CTX_TRY_NUMBER='1' AIRFLOW_CTX_DAG_RUN_ID='manual__2025-10-07T10:36:05.597506+00:00'
[2025-10-07T10:36:41.623+0000] {taskinstance.py:732} INFO - ::endgroup::
[2025-10-07T10:36:41.625+0000] {logging_mixin.py:190} INFO - ⬇️ Xử lý symbol = ND2
[2025-10-07T10:36:41.649+0000] {logging_mixin.py:190} INFO - ND2: trích dữ liệu từ 2025-10-04 đến 2025-10-07
[2025-10-07T10:36:41.836+0000] {logging_mixin.py:190} INFO - Trích xuất 2 dòng mới cho ND2
[2025-10-07T10:36:41.851+0000] {logging_mixin.py:190} INFO - Append 2 dòng mới vào /opt/***/data/lake/ND2.csv
[2025-10-07T10:36:43.852+0000] {logging_mixin.py:190} INFO - ⬇️ Xử lý symbol = NCT
[2025-10-07T10:36:43.876+0000] {logging_mixin.py:190} INFO - NCT: trích dữ liệu từ 2025-10-04 đến 2025-10-07
[2025-10-07T10:36:44.108+0000] {logging_mixin.py:190} INFO - Trích xuất 2 dòng mới cho NCT
[2025-10-07T10:36:44.117+0000] {logging_mixin.py:190} INFO - Append 2 dòng mới vào /opt/***/data/lake/NCT.csv
[2025-10-07T10:36:46.118+0000] {logging_mixin.py:190} INFO - ⬇️ Xử lý symbol = NCS
[2025-10-07T10:36:46.148+0000] {logging_mixin.py:190} INFO - NCS: trích dữ liệu từ 2025-10-04 đến 2025-10-07
[2025-10-07T10:36:46.385+0000] {logging_mixin.py:190} INFO - Trích xuất 2 dòng mới cho NCS
[2025-10-07T10:36:46.398+0000] {logging_mixin.py:190} INFO - Append 2 dòng mới vào /opt/***/data/lake/NCS.csv
[2025-10-07T10:36:49.367+0000] {logging_mixin.py:190} INFO - ⬇️ Xử lý symbol = NCG
[2025-10-07T10:36:49.387+0000] {logging_mixin.py:190} INFO - NCG: trích dữ liệu từ 2025-10-04 đến 2025-10-07
[2025-10-07T10:36:51.099+0000] {logging_mixin.py:190} INFO - Trích xuất 2 dòng mới cho NCG
[2025-10-07T10:36:51.107+0000] {logging_mixin.py:190} INFO - Append 2 dòng mới vào /opt/***/data/lake/NCG.csv
[2025-10-07T10:36:53.108+0000] {logging_mixin.py:190} INFO - ⬇️ Xử lý symbol = NBW
[2025-10-07T10:36:53.136+0000] {logging_mixin.py:190} INFO - NBW: trích dữ liệu từ 2025-10-04 đến 2025-10-07
[2025-10-07T10:36:53.366+0000] {logging_mixin.py:190} INFO - Trích xuất 1 dòng mới cho NBW
[2025-10-07T10:36:53.383+0000] {logging_mixin.py:190} INFO - Append 1 dòng mới vào /opt/***/data/lake/NBW.csv
[2025-10-07T10:36:55.386+0000] {logging_mixin.py:190} INFO - ⚠️ Lỗi khi xử lý NBT: Bucket for item=vnstock with Rate limit=5/1.0m is already full
[2025-10-07T10:36:55.387+0000] {logging_mixin.py:190} INFO - ⚠️ Lỗi khi xử lý NBP: Bucket for item=vnstock with Rate limit=5/1.0m is already full
[2025-10-07T10:36:55.388+0000] {logging_mixin.py:190} INFO - ⚠️ Lỗi khi xử lý NBE: Bucket for item=vnstock with Rate limit=5/1.0m is already full
[2025-10-07T10:36:55.389+0000] {logging_mixin.py:190} INFO - ⚠️ Lỗi khi xử lý NBC: Bucket for item=vnstock with Rate limit=5/1.0m is already full
[2025-10-07T10:36:55.390+0000] {logging_mixin.py:190} INFO - ⚠️ Lỗi khi xử lý NBB: Bucket for item=vnstock with Rate limit=5/1.0m is already full
[2025-10-07T10:36:55.391+0000] {logging_mixin.py:190} INFO - ⚠️ Lỗi khi xử lý NAW: Bucket for item=vnstock with Rate limit=5/1.0m is already full
[2025-10-07T10:36:55.392+0000] {logging_mixin.py:190} INFO - ⚠️ Lỗi khi xử lý NAV: Bucket for item=vnstock with Rate limit=5/1.0m is already full
[2025-10-07T10:36:55.393+0000] {logging_mixin.py:190} INFO - ⚠️ Lỗi khi xử lý NAU: Bucket for item=vnstock with Rate limit=5/1.0m is already full
[2025-10-07T10:36:55.393+0000] {logging_mixin.py:190} INFO - ⚠️ Lỗi khi xử lý NAS: Bucket for item=vnstock with Rate limit=5/1.0m is already full
[2025-10-07T10:36:55.394+0000] {logging_mixin.py:190} INFO - ⚠️ Lỗi khi xử lý NAP: Bucket for item=vnstock with Rate limit=5/1.0m is already full
[2025-10-07T10:36:55.394+0000] {logging_mixin.py:190} INFO - ⚠️ Lỗi khi xử lý NAG: Bucket for item=vnstock with Rate limit=5/1.0m is already full
[2025-10-07T10:36:55.395+0000] {logging_mixin.py:190} INFO - ⚠️ Lỗi khi xử lý NAF: Bucket for item=vnstock with Rate limit=5/1.0m is already full
[2025-10-07T10:36:55.397+0000] {logging_mixin.py:190} INFO - ⚠️ Lỗi khi xử lý NAC: Bucket for item=vnstock with Rate limit=5/1.0m is already full
[2025-10-07T10:36:55.398+0000] {logging_mixin.py:190} INFO - ⚠️ Lỗi khi xử lý NAB: Bucket for item=vnstock with Rate limit=5/1.0m is already full
[2025-10-07T10:36:55.399+0000] {logging_mixin.py:190} INFO - ⚠️ Lỗi khi xử lý MZG: Bucket for item=vnstock with Rate limit=5/1.0m is already full
[2025-10-07T10:36:55.401+0000] {logging_mixin.py:190} INFO - ⚠️ Lỗi khi xử lý MXC: Bucket for item=vnstock with Rate limit=5/1.0m is already full
[2025-10-07T10:36:55.401+0000] {logging_mixin.py:190} INFO - ⚠️ Lỗi khi xử lý MWG: Bucket for item=vnstock with Rate limit=5/1.0m is already full
[2025-10-07T10:36:55.402+0000] {logging_mixin.py:190} INFO - ⚠️ Lỗi khi xử lý MVN: Bucket for item=vnstock with Rate limit=5/1.0m is already full
[2025-10-07T10:36:55.404+0000] {logging_mixin.py:190} INFO - ⚠️ Lỗi khi xử lý MVC: Bucket for item=vnstock with Rate limit=5/1.0m is already full
[2025-10-07T10:36:55.406+0000] {logging_mixin.py:190} INFO - ⚠️ Lỗi khi xử lý MVB: Bucket for item=vnstock with Rate limit=5/1.0m is already full
[2025-10-07T10:36:55.407+0000] {logging_mixin.py:190} INFO - ⚠️ Lỗi khi xử lý MTX: Bucket for item=vnstock with Rate limit=5/1.0m is already full
[2025-10-07T10:36:55.408+0000] {logging_mixin.py:190} INFO - ⚠️ Lỗi khi xử lý MTV: Bucket for item=vnstock with Rate limit=5/1.0m is already full
[2025-10-07T10:36:55.408+0000] {logging_mixin.py:190} INFO - ⚠️ Lỗi khi xử lý MTS: Bucket for item=vnstock with Rate limit=5/1.0m is already full
[2025-10-07T10:36:55.415+0000] {logging_mixin.py:190} INFO - ⚠️ Lỗi khi xử lý MTP: Bucket for item=vnstock with Rate limit=5/1.0m is already full
[2025-10-07T10:36:55.416+0000] {logging_mixin.py:190} INFO - ⚠️ Lỗi khi xử lý MTL: Bucket for item=vnstock with Rate limit=5/1.0m is already full
[2025-10-07T10:36:55.417+0000] {logging_mixin.py:190} INFO - ⚠️ Lỗi khi xử lý MTH: Bucket for item=vnstock with Rate limit=5/1.0m is already full
[2025-10-07T10:36:55.417+0000] {logging_mixin.py:190} INFO - ⚠️ Lỗi khi xử lý MTG: Bucket for item=vnstock with Rate limit=5/1.0m is already full
[2025-10-07T10:36:55.419+0000] {logging_mixin.py:190} INFO - ⚠️ Lỗi khi xử lý MTC: Bucket for item=vnstock with Rate limit=5/1.0m is already full
[2025-10-07T10:36:55.420+0000] {logging_mixin.py:190} INFO - ⚠️ Lỗi khi xử lý MTB: Bucket for item=vnstock with Rate limit=5/1.0m is already full
[2025-10-07T10:36:55.421+0000] {logging_mixin.py:190} INFO - ⚠️ Lỗi khi xử lý MTA: Bucket for item=vnstock with Rate limit=5/1.0m is already full
[2025-10-07T10:36:55.422+0000] {logging_mixin.py:190} INFO - ⚠️ Lỗi khi xử lý MST: Bucket for item=vnstock with Rate limit=5/1.0m is already full
[2025-10-07T10:36:55.423+0000] {logging_mixin.py:190} INFO - ⚠️ Lỗi khi xử lý MSR: Bucket for item=vnstock with Rate limit=5/1.0m is already full
[2025-10-07T10:36:55.424+0000] {logging_mixin.py:190} INFO - ⚠️ Lỗi khi xử lý MSN: Bucket for item=vnstock with Rate limit=5/1.0m is already full
[2025-10-07T10:36:55.428+0000] {logging_mixin.py:190} INFO - ⚠️ Lỗi khi xử lý MSH: Bucket for item=vnstock with Rate limit=5/1.0m is already full
[2025-10-07T10:36:55.431+0000] {logging_mixin.py:190} INFO - ⚠️ Lỗi khi xử lý MSB: Bucket for item=vnstock with Rate limit=5/1.0m is already full
[2025-10-07T10:36:55.432+0000] {logging_mixin.py:190} INFO - ⚠️ Lỗi khi xử lý MRF: Bucket for item=vnstock with Rate limit=5/1.0m is already full
[2025-10-07T10:36:55.433+0000] {logging_mixin.py:190} INFO - ⚠️ Lỗi khi xử lý MQN: Bucket for item=vnstock with Rate limit=5/1.0m is already full
[2025-10-07T10:36:55.434+0000] {logging_mixin.py:190} INFO - ⚠️ Lỗi khi xử lý MQB: Bucket for item=vnstock with Rate limit=5/1.0m is already full
[2025-10-07T10:36:55.435+0000] {logging_mixin.py:190} INFO - ⚠️ Lỗi khi xử lý MPY: Bucket for item=vnstock with Rate limit=5/1.0m is already full
[2025-10-07T10:36:55.436+0000] {logging_mixin.py:190} INFO - ⚠️ Lỗi khi xử lý MPT: Bucket for item=vnstock with Rate limit=5/1.0m is already full
[2025-10-07T10:36:55.437+0000] {logging_mixin.py:190} INFO - ⚠️ Lỗi khi xử lý MPC: Bucket for item=vnstock with Rate limit=5/1.0m is already full
[2025-10-07T10:36:55.438+0000] {logging_mixin.py:190} INFO - ⚠️ Lỗi khi xử lý MND: Bucket for item=vnstock with Rate limit=5/1.0m is already full
[2025-10-07T10:36:55.439+0000] {logging_mixin.py:190} INFO - ⚠️ Lỗi khi xử lý MNB: Bucket for item=vnstock with Rate limit=5/1.0m is already full
[2025-10-07T10:36:55.440+0000] {logging_mixin.py:190} INFO - ⚠️ Lỗi khi xử lý MML: Bucket for item=vnstock with Rate limit=5/1.0m is already full
[2025-10-07T10:36:55.441+0000] {logging_mixin.py:190} INFO - ⚠️ Lỗi khi xử lý MLS: Bucket for item=vnstock with Rate limit=5/1.0m is already full
[2025-10-07T10:36:55.443+0000] {python.py:240} INFO - Done. Returned value was: None
[2025-10-07T10:36:55.458+0000] {taskinstance.py:341} INFO - ::group::Post task execution logs
[2025-10-07T10:36:55.460+0000] {taskinstance.py:353} INFO - Marking task as SUCCESS. dag_id=vnstock_weekly_etl_incremental, task_id=process_batch, run_id=manual__2025-10-07T10:36:05.597506+00:00, map_index=16, execution_date=20251007T103605, start_date=20251007T103641, end_date=20251007T103655
[2025-10-07T10:36:55.549+0000] {local_task_job_runner.py:266} INFO - Task exited with return code 0
[2025-10-07T10:36:55.577+0000] {taskinstance.py:3901} INFO - 0 downstream tasks scheduled from follow-on schedule check
[2025-10-07T10:36:55.580+0000] {local_task_job_runner.py:245} INFO - ::endgroup::
