[2025-10-07T11:21:33.136+0000] {local_task_job_runner.py:123} INFO - ::group::Pre task execution logs
[2025-10-07T11:21:33.190+0000] {taskinstance.py:2614} INFO - Dependencies all met for dep_context=non-requeueable deps ti=<TaskInstance: vnstock_weekly_etl_incremental.process_batch manual__2025-10-07T10:41:48.387187+00:00 map_index=16 [queued]>
[2025-10-07T11:21:33.219+0000] {taskinstance.py:2614} INFO - Dependencies all met for dep_context=requeueable deps ti=<TaskInstance: vnstock_weekly_etl_incremental.process_batch manual__2025-10-07T10:41:48.387187+00:00 map_index=16 [queued]>
[2025-10-07T11:21:33.224+0000] {taskinstance.py:2867} INFO - Starting attempt 1 of 3
[2025-10-07T11:21:33.258+0000] {taskinstance.py:2890} INFO - Executing <Mapped(_PythonDecoratedOperator): process_batch> on 2025-10-07 10:41:48.387187+00:00
[2025-10-07T11:21:33.291+0000] {logging_mixin.py:190} WARNING - /home/***/.local/lib/python3.12/site-packages/***/task/task_runner/standard_task_runner.py:70 DeprecationWarning: This process (pid=6690) is multi-threaded, use of fork() may lead to deadlocks in the child.
[2025-10-07T11:21:33.295+0000] {standard_task_runner.py:72} INFO - Started process 6719 to run task
[2025-10-07T11:21:33.300+0000] {standard_task_runner.py:104} INFO - Running: ['***', 'tasks', 'run', 'vnstock_weekly_etl_incremental', 'process_batch', 'manual__2025-10-07T10:41:48.387187+00:00', '--job-id', '140', '--raw', '--subdir', 'DAGS_FOLDER/dag.py', '--cfg-path', '/tmp/tmpt3nog73v', '--map-index', '16']
[2025-10-07T11:21:33.308+0000] {standard_task_runner.py:105} INFO - Job 140: Subtask process_batch
[2025-10-07T11:21:33.336+0000] {logging_mixin.py:190} WARNING - /home/***/.local/lib/python3.12/site-packages/***/settings.py:209 DeprecationWarning: The sql_alchemy_conn option in [core] has been moved to the sql_alchemy_conn option in [database] - the old setting has been used, but please update your config.
[2025-10-07T11:21:33.418+0000] {task_command.py:467} INFO - Running <TaskInstance: vnstock_weekly_etl_incremental.process_batch manual__2025-10-07T10:41:48.387187+00:00 map_index=16 [running]> on host e3278e0f0bbc
[2025-10-07T11:21:33.824+0000] {taskinstance.py:3134} INFO - Exporting env vars: AIRFLOW_CTX_DAG_OWNER='***' AIRFLOW_CTX_DAG_ID='vnstock_weekly_etl_incremental' AIRFLOW_CTX_TASK_ID='process_batch' AIRFLOW_CTX_EXECUTION_DATE='2025-10-07T10:41:48.387187+00:00' AIRFLOW_CTX_TRY_NUMBER='1' AIRFLOW_CTX_DAG_RUN_ID='manual__2025-10-07T10:41:48.387187+00:00'
[2025-10-07T11:21:33.825+0000] {taskinstance.py:732} INFO - ::endgroup::
[2025-10-07T11:21:33.830+0000] {logging_mixin.py:190} INFO - ⬇️ Bắt đầu xử lý symbol = ND2
[2025-10-07T11:21:33.847+0000] {logging_mixin.py:190} INFO - ⚠️ Không đọc được file cũ ND2: 'date'
[2025-10-07T11:21:33.867+0000] {logging_mixin.py:190} INFO - ND2: trích dữ liệu từ 2025-10-08 đến 2025-10-07
[2025-10-07T11:21:33.883+0000] {client.py:83} ERROR - API request failed: HTTPSConnectionPool(host='trading.vietcap.com.vn', port=443): Max retries exceeded with url: /api/chart/OHLCChart/gap (Caused by NameResolutionError("<urllib3.connection.HTTPSConnection object at 0x7e619e91fb00>: Failed to resolve 'trading.vietcap.com.vn' ([Errno -2] Name or service not known)"))
[2025-10-07T11:21:35.915+0000] {client.py:83} ERROR - API request failed: HTTPSConnectionPool(host='trading.vietcap.com.vn', port=443): Max retries exceeded with url: /api/chart/OHLCChart/gap (Caused by NameResolutionError("<urllib3.connection.HTTPSConnection object at 0x7e619e940560>: Failed to resolve 'trading.vietcap.com.vn' ([Errno -2] Name or service not known)"))
[2025-10-07T11:21:37.925+0000] {client.py:83} ERROR - API request failed: HTTPSConnectionPool(host='trading.vietcap.com.vn', port=443): Max retries exceeded with url: /api/chart/OHLCChart/gap (Caused by NameResolutionError("<urllib3.connection.HTTPSConnection object at 0x7e619e940fb0>: Failed to resolve 'trading.vietcap.com.vn' ([Errno -2] Name or service not known)"))
[2025-10-07T11:21:37.926+0000] {logging_mixin.py:190} INFO - Không tìm thấy dữ liệu cho ND2
[2025-10-07T11:21:37.931+0000] {logging_mixin.py:190} INFO - ℹ️ ND2: Không có dữ liệu mới.
[2025-10-07T11:21:37.932+0000] {logging_mixin.py:190} INFO - ⬇️ Bắt đầu xử lý symbol = NCT
[2025-10-07T11:21:37.957+0000] {logging_mixin.py:190} INFO - ⚠️ Không đọc được file cũ NCT: 'date'
[2025-10-07T11:21:37.973+0000] {logging_mixin.py:190} INFO - NCT: trích dữ liệu từ 2025-10-08 đến 2025-10-07
[2025-10-07T11:21:37.980+0000] {client.py:83} ERROR - API request failed: HTTPSConnectionPool(host='trading.vietcap.com.vn', port=443): Max retries exceeded with url: /api/chart/OHLCChart/gap (Caused by NameResolutionError("<urllib3.connection.HTTPSConnection object at 0x7e619e941b20>: Failed to resolve 'trading.vietcap.com.vn' ([Errno -2] Name or service not known)"))
[2025-10-07T11:21:39.999+0000] {client.py:83} ERROR - API request failed: HTTPSConnectionPool(host='trading.vietcap.com.vn', port=443): Max retries exceeded with url: /api/chart/OHLCChart/gap (Caused by NameResolutionError("<urllib3.connection.HTTPSConnection object at 0x7e619e9426f0>: Failed to resolve 'trading.vietcap.com.vn' ([Errno -2] Name or service not known)"))
[2025-10-07T11:21:42.010+0000] {client.py:83} ERROR - API request failed: HTTPSConnectionPool(host='trading.vietcap.com.vn', port=443): Max retries exceeded with url: /api/chart/OHLCChart/gap (Caused by NameResolutionError("<urllib3.connection.HTTPSConnection object at 0x7e619e943350>: Failed to resolve 'trading.vietcap.com.vn' ([Errno -2] Name or service not known)"))
[2025-10-07T11:21:42.012+0000] {logging_mixin.py:190} INFO - Không tìm thấy dữ liệu cho NCT
[2025-10-07T11:21:42.015+0000] {logging_mixin.py:190} INFO - ℹ️ NCT: Không có dữ liệu mới.
[2025-10-07T11:21:42.016+0000] {logging_mixin.py:190} INFO - ⬇️ Bắt đầu xử lý symbol = NCS
[2025-10-07T11:21:42.033+0000] {logging_mixin.py:190} INFO - ⚠️ Không đọc được file cũ NCS: 'date'
[2025-10-07T11:21:42.053+0000] {logging_mixin.py:190} INFO - NCS: trích dữ liệu từ 2025-10-08 đến 2025-10-07
[2025-10-07T11:21:42.073+0000] {client.py:83} ERROR - API request failed: HTTPSConnectionPool(host='trading.vietcap.com.vn', port=443): Max retries exceeded with url: /api/chart/OHLCChart/gap (Caused by NameResolutionError("<urllib3.connection.HTTPSConnection object at 0x7e619f65e4b0>: Failed to resolve 'trading.vietcap.com.vn' ([Errno -2] Name or service not known)"))
[2025-10-07T11:21:44.089+0000] {client.py:83} ERROR - API request failed: HTTPSConnectionPool(host='trading.vietcap.com.vn', port=443): Max retries exceeded with url: /api/chart/OHLCChart/gap (Caused by NameResolutionError("<urllib3.connection.HTTPSConnection object at 0x7e619e9427e0>: Failed to resolve 'trading.vietcap.com.vn' ([Errno -2] Name or service not known)"))
[2025-10-07T11:21:46.099+0000] {client.py:83} ERROR - API request failed: HTTPSConnectionPool(host='trading.vietcap.com.vn', port=443): Max retries exceeded with url: /api/chart/OHLCChart/gap (Caused by NameResolutionError("<urllib3.connection.HTTPSConnection object at 0x7e619e941b80>: Failed to resolve 'trading.vietcap.com.vn' ([Errno -2] Name or service not known)"))
[2025-10-07T11:21:46.100+0000] {logging_mixin.py:190} INFO - Không tìm thấy dữ liệu cho NCS
[2025-10-07T11:21:46.103+0000] {logging_mixin.py:190} INFO - ℹ️ NCS: Không có dữ liệu mới.
[2025-10-07T11:21:46.104+0000] {logging_mixin.py:190} INFO - ⬇️ Bắt đầu xử lý symbol = NCG
[2025-10-07T11:21:46.118+0000] {logging_mixin.py:190} INFO - ⚠️ Không đọc được file cũ NCG: 'date'
[2025-10-07T11:21:46.131+0000] {logging_mixin.py:190} INFO - NCG: trích dữ liệu từ 2025-10-08 đến 2025-10-07
[2025-10-07T11:21:46.139+0000] {client.py:83} ERROR - API request failed: HTTPSConnectionPool(host='trading.vietcap.com.vn', port=443): Max retries exceeded with url: /api/chart/OHLCChart/gap (Caused by NameResolutionError("<urllib3.connection.HTTPSConnection object at 0x7e619e784cb0>: Failed to resolve 'trading.vietcap.com.vn' ([Errno -2] Name or service not known)"))
[2025-10-07T11:21:48.157+0000] {client.py:83} ERROR - API request failed: HTTPSConnectionPool(host='trading.vietcap.com.vn', port=443): Max retries exceeded with url: /api/chart/OHLCChart/gap (Caused by NameResolutionError("<urllib3.connection.HTTPSConnection object at 0x7e619e785910>: Failed to resolve 'trading.vietcap.com.vn' ([Errno -2] Name or service not known)"))
[2025-10-07T11:21:50.184+0000] {client.py:83} ERROR - API request failed: HTTPSConnectionPool(host='trading.vietcap.com.vn', port=443): Max retries exceeded with url: /api/chart/OHLCChart/gap (Caused by NameResolutionError("<urllib3.connection.HTTPSConnection object at 0x7e619e942ff0>: Failed to resolve 'trading.vietcap.com.vn' ([Errno -2] Name or service not known)"))
[2025-10-07T11:21:50.191+0000] {logging_mixin.py:190} INFO - Không tìm thấy dữ liệu cho NCG
[2025-10-07T11:21:50.200+0000] {logging_mixin.py:190} INFO - ℹ️ NCG: Không có dữ liệu mới.
[2025-10-07T11:21:50.205+0000] {logging_mixin.py:190} INFO - ⬇️ Bắt đầu xử lý symbol = NBW
[2025-10-07T11:21:50.246+0000] {logging_mixin.py:190} INFO - ⚠️ Không đọc được file cũ NBW: 'date'
[2025-10-07T11:21:50.301+0000] {logging_mixin.py:190} INFO - NBW: trích dữ liệu từ 2025-10-07 đến 2025-10-07
[2025-10-07T11:21:50.314+0000] {client.py:83} ERROR - API request failed: HTTPSConnectionPool(host='trading.vietcap.com.vn', port=443): Max retries exceeded with url: /api/chart/OHLCChart/gap (Caused by NameResolutionError("<urllib3.connection.HTTPSConnection object at 0x7e619e785c70>: Failed to resolve 'trading.vietcap.com.vn' ([Errno -2] Name or service not known)"))
[2025-10-07T11:21:52.326+0000] {client.py:83} ERROR - API request failed: HTTPSConnectionPool(host='trading.vietcap.com.vn', port=443): Max retries exceeded with url: /api/chart/OHLCChart/gap (Caused by NameResolutionError("<urllib3.connection.HTTPSConnection object at 0x7e619e786900>: Failed to resolve 'trading.vietcap.com.vn' ([Errno -2] Name or service not known)"))
[2025-10-07T11:21:54.334+0000] {client.py:83} ERROR - API request failed: HTTPSConnectionPool(host='trading.vietcap.com.vn', port=443): Max retries exceeded with url: /api/chart/OHLCChart/gap (Caused by NameResolutionError("<urllib3.connection.HTTPSConnection object at 0x7e619e787650>: Failed to resolve 'trading.vietcap.com.vn' ([Errno -2] Name or service not known)"))
[2025-10-07T11:21:54.336+0000] {logging_mixin.py:190} INFO - Không tìm thấy dữ liệu cho NBW
[2025-10-07T11:21:54.337+0000] {logging_mixin.py:190} INFO - ℹ️ NBW: Không có dữ liệu mới.
[2025-10-07T11:21:54.338+0000] {logging_mixin.py:190} INFO - 🚦 Giới hạn API đạt mức tối đa, chờ 39.5s...
[2025-10-07T11:22:33.829+0000] {logging_mixin.py:190} INFO - ⬇️ Bắt đầu xử lý symbol = NBT
[2025-10-07T11:22:33.885+0000] {logging_mixin.py:190} INFO - ⚠️ Không đọc được file cũ NBT: 'date'
[2025-10-07T11:22:33.909+0000] {logging_mixin.py:190} INFO - NBT: trích dữ liệu từ 2025-10-01 đến 2025-10-07
[2025-10-07T11:22:33.925+0000] {client.py:83} ERROR - API request failed: HTTPSConnectionPool(host='trading.vietcap.com.vn', port=443): Max retries exceeded with url: /api/chart/OHLCChart/gap (Caused by NameResolutionError("<urllib3.connection.HTTPSConnection object at 0x7e619e787ef0>: Failed to resolve 'trading.vietcap.com.vn' ([Errno -2] Name or service not known)"))
[2025-10-07T11:22:35.940+0000] {client.py:83} ERROR - API request failed: HTTPSConnectionPool(host='trading.vietcap.com.vn', port=443): Max retries exceeded with url: /api/chart/OHLCChart/gap (Caused by NameResolutionError("<urllib3.connection.HTTPSConnection object at 0x7e619e7b4b90>: Failed to resolve 'trading.vietcap.com.vn' ([Errno -2] Name or service not known)"))
[2025-10-07T11:22:37.959+0000] {client.py:83} ERROR - API request failed: HTTPSConnectionPool(host='trading.vietcap.com.vn', port=443): Max retries exceeded with url: /api/chart/OHLCChart/gap (Caused by NameResolutionError("<urllib3.connection.HTTPSConnection object at 0x7e619e7b5760>: Failed to resolve 'trading.vietcap.com.vn' ([Errno -2] Name or service not known)"))
[2025-10-07T11:22:37.962+0000] {logging_mixin.py:190} INFO - Không tìm thấy dữ liệu cho NBT
[2025-10-07T11:22:37.969+0000] {logging_mixin.py:190} INFO - ℹ️ NBT: Không có dữ liệu mới.
[2025-10-07T11:22:37.976+0000] {logging_mixin.py:190} INFO - ⬇️ Bắt đầu xử lý symbol = NBP
[2025-10-07T11:22:38.058+0000] {logging_mixin.py:190} INFO - ⚠️ Không đọc được file cũ NBP: 'date'
[2025-10-07T11:22:38.082+0000] {logging_mixin.py:190} INFO - NBP: trích dữ liệu từ 2025-10-04 đến 2025-10-07
[2025-10-07T11:22:38.090+0000] {client.py:83} ERROR - API request failed: HTTPSConnectionPool(host='trading.vietcap.com.vn', port=443): Max retries exceeded with url: /api/chart/OHLCChart/gap (Caused by NameResolutionError("<urllib3.connection.HTTPSConnection object at 0x7e619e785ac0>: Failed to resolve 'trading.vietcap.com.vn' ([Errno -2] Name or service not known)"))
[2025-10-07T11:22:40.096+0000] {client.py:83} ERROR - API request failed: HTTPSConnectionPool(host='trading.vietcap.com.vn', port=443): Max retries exceeded with url: /api/chart/OHLCChart/gap (Caused by NameResolutionError("<urllib3.connection.HTTPSConnection object at 0x7e619e7b5730>: Failed to resolve 'trading.vietcap.com.vn' ([Errno -2] Name or service not known)"))
[2025-10-07T11:22:42.117+0000] {client.py:83} ERROR - API request failed: HTTPSConnectionPool(host='trading.vietcap.com.vn', port=443): Max retries exceeded with url: /api/chart/OHLCChart/gap (Caused by NameResolutionError("<urllib3.connection.HTTPSConnection object at 0x7e619e7b49e0>: Failed to resolve 'trading.vietcap.com.vn' ([Errno -2] Name or service not known)"))
[2025-10-07T11:22:42.125+0000] {logging_mixin.py:190} INFO - Không tìm thấy dữ liệu cho NBP
[2025-10-07T11:22:42.132+0000] {logging_mixin.py:190} INFO - ℹ️ NBP: Không có dữ liệu mới.
[2025-10-07T11:22:42.135+0000] {logging_mixin.py:190} INFO - ⬇️ Bắt đầu xử lý symbol = NBE
[2025-10-07T11:22:42.207+0000] {logging_mixin.py:190} INFO - ⚠️ Không đọc được file cũ NBE: 'date'
[2025-10-07T11:22:42.222+0000] {logging_mixin.py:190} INFO - NBE: trích dữ liệu từ 2025-10-04 đến 2025-10-07
[2025-10-07T11:22:42.246+0000] {client.py:83} ERROR - API request failed: HTTPSConnectionPool(host='trading.vietcap.com.vn', port=443): Max retries exceeded with url: /api/chart/OHLCChart/gap (Caused by NameResolutionError("<urllib3.connection.HTTPSConnection object at 0x7e619e7b7620>: Failed to resolve 'trading.vietcap.com.vn' ([Errno -2] Name or service not known)"))
[2025-10-07T11:22:44.258+0000] {client.py:83} ERROR - API request failed: HTTPSConnectionPool(host='trading.vietcap.com.vn', port=443): Max retries exceeded with url: /api/chart/OHLCChart/gap (Caused by NameResolutionError("<urllib3.connection.HTTPSConnection object at 0x7e619e784ce0>: Failed to resolve 'trading.vietcap.com.vn' ([Errno -2] Name or service not known)"))
[2025-10-07T11:22:46.269+0000] {client.py:83} ERROR - API request failed: HTTPSConnectionPool(host='trading.vietcap.com.vn', port=443): Max retries exceeded with url: /api/chart/OHLCChart/gap (Caused by NameResolutionError("<urllib3.connection.HTTPSConnection object at 0x7e619e7b4920>: Failed to resolve 'trading.vietcap.com.vn' ([Errno -2] Name or service not known)"))
[2025-10-07T11:22:46.271+0000] {logging_mixin.py:190} INFO - Không tìm thấy dữ liệu cho NBE
[2025-10-07T11:22:46.274+0000] {logging_mixin.py:190} INFO - ℹ️ NBE: Không có dữ liệu mới.
[2025-10-07T11:22:46.275+0000] {logging_mixin.py:190} INFO - ⬇️ Bắt đầu xử lý symbol = NBC
[2025-10-07T11:22:46.343+0000] {logging_mixin.py:190} INFO - ⚠️ Không đọc được file cũ NBC: 'date'
[2025-10-07T11:22:46.380+0000] {logging_mixin.py:190} INFO - NBC: trích dữ liệu từ 2025-10-04 đến 2025-10-07
[2025-10-07T11:22:46.395+0000] {client.py:83} ERROR - API request failed: HTTPSConnectionPool(host='trading.vietcap.com.vn', port=443): Max retries exceeded with url: /api/chart/OHLCChart/gap (Caused by NameResolutionError("<urllib3.connection.HTTPSConnection object at 0x7e619e7b7980>: Failed to resolve 'trading.vietcap.com.vn' ([Errno -2] Name or service not known)"))
[2025-10-07T11:22:48.414+0000] {client.py:83} ERROR - API request failed: HTTPSConnectionPool(host='trading.vietcap.com.vn', port=443): Max retries exceeded with url: /api/chart/OHLCChart/gap (Caused by NameResolutionError("<urllib3.connection.HTTPSConnection object at 0x7e619e7e0500>: Failed to resolve 'trading.vietcap.com.vn' ([Errno -2] Name or service not known)"))
[2025-10-07T11:22:50.431+0000] {client.py:83} ERROR - API request failed: HTTPSConnectionPool(host='trading.vietcap.com.vn', port=443): Max retries exceeded with url: /api/chart/OHLCChart/gap (Caused by NameResolutionError("<urllib3.connection.HTTPSConnection object at 0x7e619e7b5d90>: Failed to resolve 'trading.vietcap.com.vn' ([Errno -2] Name or service not known)"))
[2025-10-07T11:22:50.434+0000] {logging_mixin.py:190} INFO - Không tìm thấy dữ liệu cho NBC
[2025-10-07T11:22:50.440+0000] {logging_mixin.py:190} INFO - ℹ️ NBC: Không có dữ liệu mới.
[2025-10-07T11:22:50.442+0000] {logging_mixin.py:190} INFO - ⬇️ Bắt đầu xử lý symbol = NBB
[2025-10-07T11:22:50.556+0000] {logging_mixin.py:190} INFO - ⚠️ Không đọc được file cũ NBB: 'date'
[2025-10-07T11:22:50.591+0000] {logging_mixin.py:190} INFO - NBB: trích dữ liệu từ 2025-10-04 đến 2025-10-07
[2025-10-07T11:22:50.609+0000] {client.py:83} ERROR - API request failed: HTTPSConnectionPool(host='trading.vietcap.com.vn', port=443): Max retries exceeded with url: /api/chart/OHLCChart/gap (Caused by NameResolutionError("<urllib3.connection.HTTPSConnection object at 0x7e619e7e1250>: Failed to resolve 'trading.vietcap.com.vn' ([Errno -2] Name or service not known)"))
[2025-10-07T11:22:52.628+0000] {client.py:83} ERROR - API request failed: HTTPSConnectionPool(host='trading.vietcap.com.vn', port=443): Max retries exceeded with url: /api/chart/OHLCChart/gap (Caused by NameResolutionError("<urllib3.connection.HTTPSConnection object at 0x7e619e7e1d60>: Failed to resolve 'trading.vietcap.com.vn' ([Errno -2] Name or service not known)"))
[2025-10-07T11:22:54.643+0000] {client.py:83} ERROR - API request failed: HTTPSConnectionPool(host='trading.vietcap.com.vn', port=443): Max retries exceeded with url: /api/chart/OHLCChart/gap (Caused by NameResolutionError("<urllib3.connection.HTTPSConnection object at 0x7e619e7e2930>: Failed to resolve 'trading.vietcap.com.vn' ([Errno -2] Name or service not known)"))
[2025-10-07T11:22:54.645+0000] {logging_mixin.py:190} INFO - Không tìm thấy dữ liệu cho NBB
[2025-10-07T11:22:54.650+0000] {logging_mixin.py:190} INFO - ℹ️ NBB: Không có dữ liệu mới.
[2025-10-07T11:22:54.652+0000] {logging_mixin.py:190} INFO - 🚦 Giới hạn API đạt mức tối đa, chờ 39.2s...
[2025-10-07T11:23:33.829+0000] {logging_mixin.py:190} INFO - ⬇️ Bắt đầu xử lý symbol = NAW
[2025-10-07T11:23:33.907+0000] {logging_mixin.py:190} INFO - ⚠️ Không đọc được file cũ NAW: 'date'
[2025-10-07T11:23:33.930+0000] {logging_mixin.py:190} INFO - NAW: trích dữ liệu từ 2025-09-13 đến 2025-10-07
[2025-10-07T11:23:33.955+0000] {client.py:83} ERROR - API request failed: HTTPSConnectionPool(host='trading.vietcap.com.vn', port=443): Max retries exceeded with url: /api/chart/OHLCChart/gap (Caused by NameResolutionError("<urllib3.connection.HTTPSConnection object at 0x7e619e7e2c30>: Failed to resolve 'trading.vietcap.com.vn' ([Errno -2] Name or service not known)"))
[2025-10-07T11:23:35.962+0000] {client.py:83} ERROR - API request failed: HTTPSConnectionPool(host='trading.vietcap.com.vn', port=443): Max retries exceeded with url: /api/chart/OHLCChart/gap (Caused by NameResolutionError("<urllib3.connection.HTTPSConnection object at 0x7e619e7e37a0>: Failed to resolve 'trading.vietcap.com.vn' ([Errno -2] Name or service not known)"))
[2025-10-07T11:23:37.978+0000] {client.py:83} ERROR - API request failed: HTTPSConnectionPool(host='trading.vietcap.com.vn', port=443): Max retries exceeded with url: /api/chart/OHLCChart/gap (Caused by NameResolutionError("<urllib3.connection.HTTPSConnection object at 0x7e619e8283e0>: Failed to resolve 'trading.vietcap.com.vn' ([Errno -2] Name or service not known)"))
[2025-10-07T11:23:38.190+0000] {logging_mixin.py:190} INFO - Không tìm thấy dữ liệu cho NAW
[2025-10-07T11:23:38.201+0000] {logging_mixin.py:190} INFO - ℹ️ NAW: Không có dữ liệu mới.
[2025-10-07T11:23:38.205+0000] {logging_mixin.py:190} INFO - ⬇️ Bắt đầu xử lý symbol = NAV
[2025-10-07T11:23:38.249+0000] {logging_mixin.py:190} INFO - ⚠️ Không đọc được file cũ NAV: 'date'
[2025-10-07T11:23:38.261+0000] {logging_mixin.py:190} INFO - NAV: trích dữ liệu từ 2025-10-03 đến 2025-10-07
[2025-10-07T11:23:38.268+0000] {client.py:83} ERROR - API request failed: HTTPSConnectionPool(host='trading.vietcap.com.vn', port=443): Max retries exceeded with url: /api/chart/OHLCChart/gap (Caused by NameResolutionError("<urllib3.connection.HTTPSConnection object at 0x7e619e8282c0>: Failed to resolve 'trading.vietcap.com.vn' ([Errno -2] Name or service not known)"))
[2025-10-07T11:23:40.282+0000] {client.py:83} ERROR - API request failed: HTTPSConnectionPool(host='trading.vietcap.com.vn', port=443): Max retries exceeded with url: /api/chart/OHLCChart/gap (Caused by NameResolutionError("<urllib3.connection.HTTPSConnection object at 0x7e619e7e0cb0>: Failed to resolve 'trading.vietcap.com.vn' ([Errno -2] Name or service not known)"))
[2025-10-07T11:23:42.301+0000] {client.py:83} ERROR - API request failed: HTTPSConnectionPool(host='trading.vietcap.com.vn', port=443): Max retries exceeded with url: /api/chart/OHLCChart/gap (Caused by NameResolutionError("<urllib3.connection.HTTPSConnection object at 0x7e619e8284d0>: Failed to resolve 'trading.vietcap.com.vn' ([Errno -2] Name or service not known)"))
[2025-10-07T11:23:42.304+0000] {logging_mixin.py:190} INFO - Không tìm thấy dữ liệu cho NAV
[2025-10-07T11:23:42.310+0000] {logging_mixin.py:190} INFO - ℹ️ NAV: Không có dữ liệu mới.
[2025-10-07T11:23:42.312+0000] {logging_mixin.py:190} INFO - ⬇️ Bắt đầu xử lý symbol = NAU
[2025-10-07T11:23:42.381+0000] {logging_mixin.py:190} INFO - ⚠️ Không đọc được file cũ NAU: 'date'
[2025-10-07T11:23:42.395+0000] {logging_mixin.py:190} INFO - NAU: trích dữ liệu từ 2025-08-19 đến 2025-10-07
[2025-10-07T11:23:42.402+0000] {client.py:83} ERROR - API request failed: HTTPSConnectionPool(host='trading.vietcap.com.vn', port=443): Max retries exceeded with url: /api/chart/OHLCChart/gap (Caused by NameResolutionError("<urllib3.connection.HTTPSConnection object at 0x7e619e828560>: Failed to resolve 'trading.vietcap.com.vn' ([Errno -2] Name or service not known)"))
[2025-10-07T11:23:44.462+0000] {client.py:83} ERROR - API request failed: HTTPSConnectionPool(host='trading.vietcap.com.vn', port=443): Max retries exceeded with url: /api/chart/OHLCChart/gap (Caused by NameResolutionError("<urllib3.connection.HTTPSConnection object at 0x7e619e7e3260>: Failed to resolve 'trading.vietcap.com.vn' ([Errno -2] Name or service not known)"))
[2025-10-07T11:23:46.471+0000] {client.py:83} ERROR - API request failed: HTTPSConnectionPool(host='trading.vietcap.com.vn', port=443): Max retries exceeded with url: /api/chart/OHLCChart/gap (Caused by NameResolutionError("<urllib3.connection.HTTPSConnection object at 0x7e619e7e3380>: Failed to resolve 'trading.vietcap.com.vn' ([Errno -2] Name or service not known)"))
[2025-10-07T11:23:46.476+0000] {logging_mixin.py:190} INFO - Không tìm thấy dữ liệu cho NAU
[2025-10-07T11:23:46.478+0000] {logging_mixin.py:190} INFO - ℹ️ NAU: Không có dữ liệu mới.
[2025-10-07T11:23:46.479+0000] {logging_mixin.py:190} INFO - ⬇️ Bắt đầu xử lý symbol = NAS
[2025-10-07T11:23:46.509+0000] {logging_mixin.py:190} INFO - ⚠️ Không đọc được file cũ NAS: 'date'
[2025-10-07T11:23:46.526+0000] {logging_mixin.py:190} INFO - NAS: trích dữ liệu từ 2025-10-03 đến 2025-10-07
[2025-10-07T11:23:46.535+0000] {client.py:83} ERROR - API request failed: HTTPSConnectionPool(host='trading.vietcap.com.vn', port=443): Max retries exceeded with url: /api/chart/OHLCChart/gap (Caused by NameResolutionError("<urllib3.connection.HTTPSConnection object at 0x7e619e82a570>: Failed to resolve 'trading.vietcap.com.vn' ([Errno -2] Name or service not known)"))
[2025-10-07T11:23:48.549+0000] {client.py:83} ERROR - API request failed: HTTPSConnectionPool(host='trading.vietcap.com.vn', port=443): Max retries exceeded with url: /api/chart/OHLCChart/gap (Caused by NameResolutionError("<urllib3.connection.HTTPSConnection object at 0x7e619e82acf0>: Failed to resolve 'trading.vietcap.com.vn' ([Errno -2] Name or service not known)"))
[2025-10-07T11:23:50.564+0000] {client.py:83} ERROR - API request failed: HTTPSConnectionPool(host='trading.vietcap.com.vn', port=443): Max retries exceeded with url: /api/chart/OHLCChart/gap (Caused by NameResolutionError("<urllib3.connection.HTTPSConnection object at 0x7e619e7e0fe0>: Failed to resolve 'trading.vietcap.com.vn' ([Errno -2] Name or service not known)"))
[2025-10-07T11:23:50.566+0000] {logging_mixin.py:190} INFO - Không tìm thấy dữ liệu cho NAS
[2025-10-07T11:23:50.569+0000] {logging_mixin.py:190} INFO - ℹ️ NAS: Không có dữ liệu mới.
[2025-10-07T11:23:50.570+0000] {logging_mixin.py:190} INFO - ⬇️ Bắt đầu xử lý symbol = NAP
[2025-10-07T11:23:50.607+0000] {logging_mixin.py:190} INFO - ⚠️ Không đọc được file cũ NAP: 'date'
[2025-10-07T11:23:50.623+0000] {logging_mixin.py:190} INFO - NAP: trích dữ liệu từ 2025-10-04 đến 2025-10-07
[2025-10-07T11:23:50.630+0000] {client.py:83} ERROR - API request failed: HTTPSConnectionPool(host='trading.vietcap.com.vn', port=443): Max retries exceeded with url: /api/chart/OHLCChart/gap (Caused by NameResolutionError("<urllib3.connection.HTTPSConnection object at 0x7e619e7b7b60>: Failed to resolve 'trading.vietcap.com.vn' ([Errno -2] Name or service not known)"))
[2025-10-07T11:23:52.646+0000] {client.py:83} ERROR - API request failed: HTTPSConnectionPool(host='trading.vietcap.com.vn', port=443): Max retries exceeded with url: /api/chart/OHLCChart/gap (Caused by NameResolutionError("<urllib3.connection.HTTPSConnection object at 0x7e619e7b57c0>: Failed to resolve 'trading.vietcap.com.vn' ([Errno -2] Name or service not known)"))
[2025-10-07T11:23:54.669+0000] {client.py:83} ERROR - API request failed: HTTPSConnectionPool(host='trading.vietcap.com.vn', port=443): Max retries exceeded with url: /api/chart/OHLCChart/gap (Caused by NameResolutionError("<urllib3.connection.HTTPSConnection object at 0x7e619e828260>: Failed to resolve 'trading.vietcap.com.vn' ([Errno -2] Name or service not known)"))
[2025-10-07T11:23:54.673+0000] {logging_mixin.py:190} INFO - Không tìm thấy dữ liệu cho NAP
[2025-10-07T11:23:54.680+0000] {logging_mixin.py:190} INFO - ℹ️ NAP: Không có dữ liệu mới.
[2025-10-07T11:23:54.683+0000] {logging_mixin.py:190} INFO - 🚦 Giới hạn API đạt mức tối đa, chờ 39.1s...
[2025-10-07T11:24:33.829+0000] {logging_mixin.py:190} INFO - ⬇️ Bắt đầu xử lý symbol = NAG
[2025-10-07T11:24:33.857+0000] {logging_mixin.py:190} INFO - ⚠️ Không đọc được file cũ NAG: 'date'
[2025-10-07T11:24:33.872+0000] {logging_mixin.py:190} INFO - NAG: trích dữ liệu từ 2025-10-04 đến 2025-10-07
[2025-10-07T11:24:33.896+0000] {client.py:83} ERROR - API request failed: HTTPSConnectionPool(host='trading.vietcap.com.vn', port=443): Max retries exceeded with url: /api/chart/OHLCChart/gap (Caused by NameResolutionError("<urllib3.connection.HTTPSConnection object at 0x7e619e7b7140>: Failed to resolve 'trading.vietcap.com.vn' ([Errno -2] Name or service not known)"))
[2025-10-07T11:24:35.901+0000] {client.py:83} ERROR - API request failed: HTTPSConnectionPool(host='trading.vietcap.com.vn', port=443): Max retries exceeded with url: /api/chart/OHLCChart/gap (Caused by NameResolutionError("<urllib3.connection.HTTPSConnection object at 0x7e619e7b5640>: Failed to resolve 'trading.vietcap.com.vn' ([Errno -2] Name or service not known)"))
[2025-10-07T11:24:37.915+0000] {client.py:83} ERROR - API request failed: HTTPSConnectionPool(host='trading.vietcap.com.vn', port=443): Max retries exceeded with url: /api/chart/OHLCChart/gap (Caused by NameResolutionError("<urllib3.connection.HTTPSConnection object at 0x7e619e7b71d0>: Failed to resolve 'trading.vietcap.com.vn' ([Errno -2] Name or service not known)"))
[2025-10-07T11:24:37.918+0000] {logging_mixin.py:190} INFO - Không tìm thấy dữ liệu cho NAG
[2025-10-07T11:24:37.924+0000] {logging_mixin.py:190} INFO - ℹ️ NAG: Không có dữ liệu mới.
[2025-10-07T11:24:37.926+0000] {logging_mixin.py:190} INFO - 🚦 Giới hạn API đạt mức tối đa, chờ 0.3s...
[2025-10-07T11:24:38.207+0000] {logging_mixin.py:190} INFO - ⬇️ Bắt đầu xử lý symbol = NAF
[2025-10-07T11:24:38.272+0000] {logging_mixin.py:190} INFO - ⚠️ Không đọc được file cũ NAF: 'date'
[2025-10-07T11:24:38.290+0000] {logging_mixin.py:190} INFO - NAF: trích dữ liệu từ 2025-10-04 đến 2025-10-07
[2025-10-07T11:24:38.296+0000] {client.py:83} ERROR - API request failed: HTTPSConnectionPool(host='trading.vietcap.com.vn', port=443): Max retries exceeded with url: /api/chart/OHLCChart/gap (Caused by NameResolutionError("<urllib3.connection.HTTPSConnection object at 0x7e619e7b4dd0>: Failed to resolve 'trading.vietcap.com.vn' ([Errno -2] Name or service not known)"))
[2025-10-07T11:24:40.316+0000] {client.py:83} ERROR - API request failed: HTTPSConnectionPool(host='trading.vietcap.com.vn', port=443): Max retries exceeded with url: /api/chart/OHLCChart/gap (Caused by NameResolutionError("<urllib3.connection.HTTPSConnection object at 0x7e619e862090>: Failed to resolve 'trading.vietcap.com.vn' ([Errno -2] Name or service not known)"))
[2025-10-07T11:24:42.324+0000] {client.py:83} ERROR - API request failed: HTTPSConnectionPool(host='trading.vietcap.com.vn', port=443): Max retries exceeded with url: /api/chart/OHLCChart/gap (Caused by NameResolutionError("<urllib3.connection.HTTPSConnection object at 0x7e619e784cb0>: Failed to resolve 'trading.vietcap.com.vn' ([Errno -2] Name or service not known)"))
[2025-10-07T11:24:42.326+0000] {logging_mixin.py:190} INFO - Không tìm thấy dữ liệu cho NAF
[2025-10-07T11:24:42.328+0000] {logging_mixin.py:190} INFO - ℹ️ NAF: Không có dữ liệu mới.
[2025-10-07T11:24:42.328+0000] {logging_mixin.py:190} INFO - ⬇️ Bắt đầu xử lý symbol = NAC
[2025-10-07T11:24:42.358+0000] {logging_mixin.py:190} INFO - ⚠️ Không đọc được file cũ NAC: 'date'
[2025-10-07T11:24:42.369+0000] {logging_mixin.py:190} INFO - NAC: trích dữ liệu từ 2025-07-24 đến 2025-10-07
[2025-10-07T11:24:42.376+0000] {client.py:83} ERROR - API request failed: HTTPSConnectionPool(host='trading.vietcap.com.vn', port=443): Max retries exceeded with url: /api/chart/OHLCChart/gap (Caused by NameResolutionError("<urllib3.connection.HTTPSConnection object at 0x7e619e785370>: Failed to resolve 'trading.vietcap.com.vn' ([Errno -2] Name or service not known)"))
[2025-10-07T11:24:44.437+0000] {client.py:83} ERROR - API request failed: HTTPSConnectionPool(host='trading.vietcap.com.vn', port=443): Max retries exceeded with url: /api/chart/OHLCChart/gap (Caused by NameResolutionError("<urllib3.connection.HTTPSConnection object at 0x7e619e82bf80>: Failed to resolve 'trading.vietcap.com.vn' ([Errno -2] Name or service not known)"))
[2025-10-07T11:24:46.452+0000] {client.py:83} ERROR - API request failed: HTTPSConnectionPool(host='trading.vietcap.com.vn', port=443): Max retries exceeded with url: /api/chart/OHLCChart/gap (Caused by NameResolutionError("<urllib3.connection.HTTPSConnection object at 0x7e619e7b48c0>: Failed to resolve 'trading.vietcap.com.vn' ([Errno -2] Name or service not known)"))
[2025-10-07T11:24:46.456+0000] {logging_mixin.py:190} INFO - Không tìm thấy dữ liệu cho NAC
[2025-10-07T11:24:46.470+0000] {logging_mixin.py:190} INFO - ℹ️ NAC: Không có dữ liệu mới.
[2025-10-07T11:24:46.472+0000] {logging_mixin.py:190} INFO - 🚦 Giới hạn API đạt mức tối đa, chờ 0.0s...
[2025-10-07T11:24:46.482+0000] {logging_mixin.py:190} INFO - ⬇️ Bắt đầu xử lý symbol = NAB
[2025-10-07T11:24:46.573+0000] {logging_mixin.py:190} INFO - ⚠️ Không đọc được file cũ NAB: 'date'
[2025-10-07T11:24:46.590+0000] {logging_mixin.py:190} INFO - NAB: trích dữ liệu từ 2025-10-04 đến 2025-10-07
[2025-10-07T11:24:46.602+0000] {client.py:83} ERROR - API request failed: HTTPSConnectionPool(host='trading.vietcap.com.vn', port=443): Max retries exceeded with url: /api/chart/OHLCChart/gap (Caused by NameResolutionError("<urllib3.connection.HTTPSConnection object at 0x7e619e7856d0>: Failed to resolve 'trading.vietcap.com.vn' ([Errno -2] Name or service not known)"))
[2025-10-07T11:24:48.607+0000] {client.py:83} ERROR - API request failed: HTTPSConnectionPool(host='trading.vietcap.com.vn', port=443): Max retries exceeded with url: /api/chart/OHLCChart/gap (Caused by NameResolutionError("<urllib3.connection.HTTPSConnection object at 0x7e619e941dc0>: Failed to resolve 'trading.vietcap.com.vn' ([Errno -2] Name or service not known)"))
[2025-10-07T11:24:50.620+0000] {client.py:83} ERROR - API request failed: HTTPSConnectionPool(host='trading.vietcap.com.vn', port=443): Max retries exceeded with url: /api/chart/OHLCChart/gap (Caused by NameResolutionError("<urllib3.connection.HTTPSConnection object at 0x7e619e91fe00>: Failed to resolve 'trading.vietcap.com.vn' ([Errno -2] Name or service not known)"))
[2025-10-07T11:24:50.623+0000] {logging_mixin.py:190} INFO - Không tìm thấy dữ liệu cho NAB
[2025-10-07T11:24:50.627+0000] {logging_mixin.py:190} INFO - ℹ️ NAB: Không có dữ liệu mới.
[2025-10-07T11:24:50.629+0000] {logging_mixin.py:190} INFO - ⬇️ Bắt đầu xử lý symbol = MZG
[2025-10-07T11:24:50.697+0000] {logging_mixin.py:190} INFO - ⚠️ Không đọc được file cũ MZG: 'date'
[2025-10-07T11:24:50.723+0000] {logging_mixin.py:190} INFO - MZG: trích dữ liệu từ 2025-10-04 đến 2025-10-07
[2025-10-07T11:24:50.739+0000] {client.py:83} ERROR - API request failed: HTTPSConnectionPool(host='trading.vietcap.com.vn', port=443): Max retries exceeded with url: /api/chart/OHLCChart/gap (Caused by NameResolutionError("<urllib3.connection.HTTPSConnection object at 0x7e61d60e2ba0>: Failed to resolve 'trading.vietcap.com.vn' ([Errno -2] Name or service not known)"))
[2025-10-07T11:24:52.751+0000] {client.py:83} ERROR - API request failed: HTTPSConnectionPool(host='trading.vietcap.com.vn', port=443): Max retries exceeded with url: /api/chart/OHLCChart/gap (Caused by NameResolutionError("<urllib3.connection.HTTPSConnection object at 0x7e619e942ed0>: Failed to resolve 'trading.vietcap.com.vn' ([Errno -2] Name or service not known)"))
[2025-10-07T11:24:54.809+0000] {client.py:83} ERROR - API request failed: HTTPSConnectionPool(host='trading.vietcap.com.vn', port=443): Max retries exceeded with url: /api/chart/OHLCChart/gap (Caused by NameResolutionError("<urllib3.connection.HTTPSConnection object at 0x7e619e940770>: Failed to resolve 'trading.vietcap.com.vn' ([Errno -2] Name or service not known)"))
[2025-10-07T11:24:54.813+0000] {logging_mixin.py:190} INFO - Không tìm thấy dữ liệu cho MZG
[2025-10-07T11:24:54.817+0000] {logging_mixin.py:190} INFO - ℹ️ MZG: Không có dữ liệu mới.
[2025-10-07T11:24:54.819+0000] {logging_mixin.py:190} INFO - 🚦 Giới hạn API đạt mức tối đa, chờ 39.0s...
[2025-10-07T11:25:33.828+0000] {logging_mixin.py:190} INFO - ⬇️ Bắt đầu xử lý symbol = MXC
[2025-10-07T11:25:33.853+0000] {logging_mixin.py:190} INFO - MXC: trích dữ liệu từ 2020-01-01 đến 2025-10-07
[2025-10-07T11:25:33.875+0000] {client.py:83} ERROR - API request failed: HTTPSConnectionPool(host='trading.vietcap.com.vn', port=443): Max retries exceeded with url: /api/chart/OHLCChart/gap (Caused by NameResolutionError("<urllib3.connection.HTTPSConnection object at 0x7e619e7859a0>: Failed to resolve 'trading.vietcap.com.vn' ([Errno -2] Name or service not known)"))
[2025-10-07T11:25:35.893+0000] {client.py:83} ERROR - API request failed: HTTPSConnectionPool(host='trading.vietcap.com.vn', port=443): Max retries exceeded with url: /api/chart/OHLCChart/gap (Caused by NameResolutionError("<urllib3.connection.HTTPSConnection object at 0x7e619e942ae0>: Failed to resolve 'trading.vietcap.com.vn' ([Errno -2] Name or service not known)"))
[2025-10-07T11:25:37.902+0000] {client.py:83} ERROR - API request failed: HTTPSConnectionPool(host='trading.vietcap.com.vn', port=443): Max retries exceeded with url: /api/chart/OHLCChart/gap (Caused by NameResolutionError("<urllib3.connection.HTTPSConnection object at 0x7e619e940b90>: Failed to resolve 'trading.vietcap.com.vn' ([Errno -2] Name or service not known)"))
[2025-10-07T11:25:37.903+0000] {logging_mixin.py:190} INFO - Không tìm thấy dữ liệu cho MXC
[2025-10-07T11:25:37.906+0000] {logging_mixin.py:190} INFO - ℹ️ MXC: Không có dữ liệu mới.
[2025-10-07T11:25:37.907+0000] {logging_mixin.py:190} INFO - 🚦 Giới hạn API đạt mức tối đa, chờ 0.3s...
[2025-10-07T11:25:38.208+0000] {logging_mixin.py:190} INFO - ⬇️ Bắt đầu xử lý symbol = MWG
[2025-10-07T11:25:38.240+0000] {logging_mixin.py:190} INFO - ⚠️ Không đọc được file cũ MWG: 'date'
[2025-10-07T11:25:38.255+0000] {logging_mixin.py:190} INFO - MWG: trích dữ liệu từ 2025-10-04 đến 2025-10-07
[2025-10-07T11:25:38.261+0000] {client.py:83} ERROR - API request failed: HTTPSConnectionPool(host='trading.vietcap.com.vn', port=443): Max retries exceeded with url: /api/chart/OHLCChart/gap (Caused by NameResolutionError("<urllib3.connection.HTTPSConnection object at 0x7e61b4ce4110>: Failed to resolve 'trading.vietcap.com.vn' ([Errno -2] Name or service not known)"))
[2025-10-07T11:25:40.300+0000] {client.py:83} ERROR - API request failed: HTTPSConnectionPool(host='trading.vietcap.com.vn', port=443): Max retries exceeded with url: /api/chart/OHLCChart/gap (Caused by NameResolutionError("<urllib3.connection.HTTPSConnection object at 0x7e619e940950>: Failed to resolve 'trading.vietcap.com.vn' ([Errno -2] Name or service not known)"))
[2025-10-07T11:25:42.316+0000] {client.py:83} ERROR - API request failed: HTTPSConnectionPool(host='trading.vietcap.com.vn', port=443): Max retries exceeded with url: /api/chart/OHLCChart/gap (Caused by NameResolutionError("<urllib3.connection.HTTPSConnection object at 0x7e619ead6210>: Failed to resolve 'trading.vietcap.com.vn' ([Errno -2] Name or service not known)"))
[2025-10-07T11:25:42.319+0000] {logging_mixin.py:190} INFO - Không tìm thấy dữ liệu cho MWG
[2025-10-07T11:25:42.325+0000] {logging_mixin.py:190} INFO - ℹ️ MWG: Không có dữ liệu mới.
[2025-10-07T11:25:42.326+0000] {logging_mixin.py:190} INFO - 🚦 Giới hạn API đạt mức tối đa, chờ 0.0s...
[2025-10-07T11:25:42.331+0000] {logging_mixin.py:190} INFO - ⬇️ Bắt đầu xử lý symbol = MVN
[2025-10-07T11:25:42.402+0000] {logging_mixin.py:190} INFO - ⚠️ Không đọc được file cũ MVN: 'date'
[2025-10-07T11:25:42.443+0000] {logging_mixin.py:190} INFO - MVN: trích dữ liệu từ 2025-10-04 đến 2025-10-07
[2025-10-07T11:25:42.461+0000] {client.py:83} ERROR - API request failed: HTTPSConnectionPool(host='trading.vietcap.com.vn', port=443): Max retries exceeded with url: /api/chart/OHLCChart/gap (Caused by NameResolutionError("<urllib3.connection.HTTPSConnection object at 0x7e61b4ce43e0>: Failed to resolve 'trading.vietcap.com.vn' ([Errno -2] Name or service not known)"))
[2025-10-07T11:25:44.479+0000] {client.py:83} ERROR - API request failed: HTTPSConnectionPool(host='trading.vietcap.com.vn', port=443): Max retries exceeded with url: /api/chart/OHLCChart/gap (Caused by NameResolutionError("<urllib3.connection.HTTPSConnection object at 0x7e61b4ce4e30>: Failed to resolve 'trading.vietcap.com.vn' ([Errno -2] Name or service not known)"))
[2025-10-07T11:25:46.706+0000] {client.py:83} ERROR - API request failed: HTTPSConnectionPool(host='trading.vietcap.com.vn', port=443): Max retries exceeded with url: /api/chart/OHLCChart/gap (Caused by NameResolutionError("<urllib3.connection.HTTPSConnection object at 0x7e619e890380>: Failed to resolve 'trading.vietcap.com.vn' ([Errno -2] Name or service not known)"))
[2025-10-07T11:25:46.707+0000] {logging_mixin.py:190} INFO - Không tìm thấy dữ liệu cho MVN
[2025-10-07T11:25:46.709+0000] {logging_mixin.py:190} INFO - ℹ️ MVN: Không có dữ liệu mới.
[2025-10-07T11:25:46.710+0000] {logging_mixin.py:190} INFO - ⬇️ Bắt đầu xử lý symbol = MVC
[2025-10-07T11:25:46.742+0000] {logging_mixin.py:190} INFO - ⚠️ Không đọc được file cũ MVC: 'date'
[2025-10-07T11:25:46.754+0000] {logging_mixin.py:190} INFO - MVC: trích dữ liệu từ 2025-10-04 đến 2025-10-07
[2025-10-07T11:25:46.761+0000] {client.py:83} ERROR - API request failed: HTTPSConnectionPool(host='trading.vietcap.com.vn', port=443): Max retries exceeded with url: /api/chart/OHLCChart/gap (Caused by NameResolutionError("<urllib3.connection.HTTPSConnection object at 0x7e61b4ce7b90>: Failed to resolve 'trading.vietcap.com.vn' ([Errno -2] Name or service not known)"))
[2025-10-07T11:25:48.776+0000] {client.py:83} ERROR - API request failed: HTTPSConnectionPool(host='trading.vietcap.com.vn', port=443): Max retries exceeded with url: /api/chart/OHLCChart/gap (Caused by NameResolutionError("<urllib3.connection.HTTPSConnection object at 0x7e61b4ce54f0>: Failed to resolve 'trading.vietcap.com.vn' ([Errno -2] Name or service not known)"))
[2025-10-07T11:25:50.784+0000] {client.py:83} ERROR - API request failed: HTTPSConnectionPool(host='trading.vietcap.com.vn', port=443): Max retries exceeded with url: /api/chart/OHLCChart/gap (Caused by NameResolutionError("<urllib3.connection.HTTPSConnection object at 0x7e619e943e60>: Failed to resolve 'trading.vietcap.com.vn' ([Errno -2] Name or service not known)"))
[2025-10-07T11:25:50.785+0000] {logging_mixin.py:190} INFO - Không tìm thấy dữ liệu cho MVC
[2025-10-07T11:25:50.788+0000] {logging_mixin.py:190} INFO - ℹ️ MVC: Không có dữ liệu mới.
[2025-10-07T11:25:50.791+0000] {logging_mixin.py:190} INFO - ⬇️ Bắt đầu xử lý symbol = MVB
[2025-10-07T11:25:50.826+0000] {logging_mixin.py:190} INFO - ⚠️ Không đọc được file cũ MVB: 'date'
[2025-10-07T11:25:50.838+0000] {logging_mixin.py:190} INFO - MVB: trích dữ liệu từ 2025-10-04 đến 2025-10-07
[2025-10-07T11:25:50.845+0000] {client.py:83} ERROR - API request failed: HTTPSConnectionPool(host='trading.vietcap.com.vn', port=443): Max retries exceeded with url: /api/chart/OHLCChart/gap (Caused by NameResolutionError("<urllib3.connection.HTTPSConnection object at 0x7e619e787f50>: Failed to resolve 'trading.vietcap.com.vn' ([Errno -2] Name or service not known)"))
[2025-10-07T11:25:52.860+0000] {client.py:83} ERROR - API request failed: HTTPSConnectionPool(host='trading.vietcap.com.vn', port=443): Max retries exceeded with url: /api/chart/OHLCChart/gap (Caused by NameResolutionError("<urllib3.connection.HTTPSConnection object at 0x7e61b4ce4fb0>: Failed to resolve 'trading.vietcap.com.vn' ([Errno -2] Name or service not known)"))
[2025-10-07T11:25:54.917+0000] {client.py:83} ERROR - API request failed: HTTPSConnectionPool(host='trading.vietcap.com.vn', port=443): Max retries exceeded with url: /api/chart/OHLCChart/gap (Caused by NameResolutionError("<urllib3.connection.HTTPSConnection object at 0x7e61b4ce6f90>: Failed to resolve 'trading.vietcap.com.vn' ([Errno -2] Name or service not known)"))
[2025-10-07T11:25:54.920+0000] {logging_mixin.py:190} INFO - Không tìm thấy dữ liệu cho MVB
[2025-10-07T11:25:54.925+0000] {logging_mixin.py:190} INFO - ℹ️ MVB: Không có dữ liệu mới.
[2025-10-07T11:25:54.927+0000] {logging_mixin.py:190} INFO - 🚦 Giới hạn API đạt mức tối đa, chờ 38.9s...
[2025-10-07T11:26:33.827+0000] {logging_mixin.py:190} INFO - ⬇️ Bắt đầu xử lý symbol = MTX
[2025-10-07T11:26:33.888+0000] {logging_mixin.py:190} INFO - ⚠️ Không đọc được file cũ MTX: 'date'
[2025-10-07T11:26:33.922+0000] {logging_mixin.py:190} INFO - MTX: trích dữ liệu từ 2025-06-03 đến 2025-10-07
[2025-10-07T11:26:33.944+0000] {client.py:83} ERROR - API request failed: HTTPSConnectionPool(host='trading.vietcap.com.vn', port=443): Max retries exceeded with url: /api/chart/OHLCChart/gap (Caused by NameResolutionError("<urllib3.connection.HTTPSConnection object at 0x7e619e7858e0>: Failed to resolve 'trading.vietcap.com.vn' ([Errno -2] Name or service not known)"))
[2025-10-07T11:26:35.955+0000] {client.py:83} ERROR - API request failed: HTTPSConnectionPool(host='trading.vietcap.com.vn', port=443): Max retries exceeded with url: /api/chart/OHLCChart/gap (Caused by NameResolutionError("<urllib3.connection.HTTPSConnection object at 0x7e619e785520>: Failed to resolve 'trading.vietcap.com.vn' ([Errno -2] Name or service not known)"))
[2025-10-07T11:26:37.962+0000] {client.py:83} ERROR - API request failed: HTTPSConnectionPool(host='trading.vietcap.com.vn', port=443): Max retries exceeded with url: /api/chart/OHLCChart/gap (Caused by NameResolutionError("<urllib3.connection.HTTPSConnection object at 0x7e619e786ea0>: Failed to resolve 'trading.vietcap.com.vn' ([Errno -2] Name or service not known)"))
[2025-10-07T11:26:37.963+0000] {logging_mixin.py:190} INFO - Không tìm thấy dữ liệu cho MTX
[2025-10-07T11:26:37.965+0000] {logging_mixin.py:190} INFO - ℹ️ MTX: Không có dữ liệu mới.
[2025-10-07T11:26:37.966+0000] {logging_mixin.py:190} INFO - 🚦 Giới hạn API đạt mức tối đa, chờ 0.2s...
[2025-10-07T11:26:38.208+0000] {logging_mixin.py:190} INFO - ⬇️ Bắt đầu xử lý symbol = MTV
[2025-10-07T11:26:38.252+0000] {logging_mixin.py:190} INFO - ⚠️ Không đọc được file cũ MTV: 'date'
[2025-10-07T11:26:38.269+0000] {logging_mixin.py:190} INFO - MTV: trích dữ liệu từ 2025-10-02 đến 2025-10-07
[2025-10-07T11:26:38.278+0000] {client.py:83} ERROR - API request failed: HTTPSConnectionPool(host='trading.vietcap.com.vn', port=443): Max retries exceeded with url: /api/chart/OHLCChart/gap (Caused by NameResolutionError("<urllib3.connection.HTTPSConnection object at 0x7e619e940800>: Failed to resolve 'trading.vietcap.com.vn' ([Errno -2] Name or service not known)"))
[2025-10-07T11:26:40.290+0000] {client.py:83} ERROR - API request failed: HTTPSConnectionPool(host='trading.vietcap.com.vn', port=443): Max retries exceeded with url: /api/chart/OHLCChart/gap (Caused by NameResolutionError("<urllib3.connection.HTTPSConnection object at 0x7e619e7b5e50>: Failed to resolve 'trading.vietcap.com.vn' ([Errno -2] Name or service not known)"))
[2025-10-07T11:26:42.309+0000] {client.py:83} ERROR - API request failed: HTTPSConnectionPool(host='trading.vietcap.com.vn', port=443): Max retries exceeded with url: /api/chart/OHLCChart/gap (Caused by NameResolutionError("<urllib3.connection.HTTPSConnection object at 0x7e619e7b6330>: Failed to resolve 'trading.vietcap.com.vn' ([Errno -2] Name or service not known)"))
[2025-10-07T11:26:42.312+0000] {logging_mixin.py:190} INFO - Không tìm thấy dữ liệu cho MTV
[2025-10-07T11:26:42.322+0000] {logging_mixin.py:190} INFO - ℹ️ MTV: Không có dữ liệu mới.
[2025-10-07T11:26:42.324+0000] {logging_mixin.py:190} INFO - 🚦 Giới hạn API đạt mức tối đa, chờ 0.0s...
[2025-10-07T11:26:42.334+0000] {logging_mixin.py:190} INFO - ⬇️ Bắt đầu xử lý symbol = MTS
[2025-10-07T11:26:42.421+0000] {logging_mixin.py:190} INFO - ⚠️ Không đọc được file cũ MTS: 'date'
[2025-10-07T11:26:42.461+0000] {logging_mixin.py:190} INFO - MTS: trích dữ liệu từ 2025-10-01 đến 2025-10-07
[2025-10-07T11:26:42.489+0000] {client.py:83} ERROR - API request failed: HTTPSConnectionPool(host='trading.vietcap.com.vn', port=443): Max retries exceeded with url: /api/chart/OHLCChart/gap (Caused by NameResolutionError("<urllib3.connection.HTTPSConnection object at 0x7e61b4ce79e0>: Failed to resolve 'trading.vietcap.com.vn' ([Errno -2] Name or service not known)"))
[2025-10-07T11:26:44.539+0000] {client.py:83} ERROR - API request failed: HTTPSConnectionPool(host='trading.vietcap.com.vn', port=443): Max retries exceeded with url: /api/chart/OHLCChart/gap (Caused by NameResolutionError("<urllib3.connection.HTTPSConnection object at 0x7e619e7b7f80>: Failed to resolve 'trading.vietcap.com.vn' ([Errno -2] Name or service not known)"))
[2025-10-07T11:26:46.554+0000] {client.py:83} ERROR - API request failed: HTTPSConnectionPool(host='trading.vietcap.com.vn', port=443): Max retries exceeded with url: /api/chart/OHLCChart/gap (Caused by NameResolutionError("<urllib3.connection.HTTPSConnection object at 0x7e619e7b4170>: Failed to resolve 'trading.vietcap.com.vn' ([Errno -2] Name or service not known)"))
[2025-10-07T11:26:46.557+0000] {logging_mixin.py:190} INFO - Không tìm thấy dữ liệu cho MTS
[2025-10-07T11:26:46.561+0000] {logging_mixin.py:190} INFO - ℹ️ MTS: Không có dữ liệu mới.
[2025-10-07T11:26:46.563+0000] {logging_mixin.py:190} INFO - 🚦 Giới hạn API đạt mức tối đa, chờ 0.1s...
[2025-10-07T11:26:46.713+0000] {logging_mixin.py:190} INFO - ⬇️ Bắt đầu xử lý symbol = MTP
[2025-10-07T11:26:46.798+0000] {logging_mixin.py:190} INFO - ⚠️ Không đọc được file cũ MTP: 'date'
[2025-10-07T11:26:46.832+0000] {logging_mixin.py:190} INFO - MTP: trích dữ liệu từ 2025-10-02 đến 2025-10-07
[2025-10-07T11:26:46.850+0000] {client.py:83} ERROR - API request failed: HTTPSConnectionPool(host='trading.vietcap.com.vn', port=443): Max retries exceeded with url: /api/chart/OHLCChart/gap (Caused by NameResolutionError("<urllib3.connection.HTTPSConnection object at 0x7e619e7e0830>: Failed to resolve 'trading.vietcap.com.vn' ([Errno -2] Name or service not known)"))
[2025-10-07T11:26:48.871+0000] {client.py:83} ERROR - API request failed: HTTPSConnectionPool(host='trading.vietcap.com.vn', port=443): Max retries exceeded with url: /api/chart/OHLCChart/gap (Caused by NameResolutionError("<urllib3.connection.HTTPSConnection object at 0x7e619e7b6d20>: Failed to resolve 'trading.vietcap.com.vn' ([Errno -2] Name or service not known)"))
[2025-10-07T11:26:50.886+0000] {client.py:83} ERROR - API request failed: HTTPSConnectionPool(host='trading.vietcap.com.vn', port=443): Max retries exceeded with url: /api/chart/OHLCChart/gap (Caused by NameResolutionError("<urllib3.connection.HTTPSConnection object at 0x7e619e787b90>: Failed to resolve 'trading.vietcap.com.vn' ([Errno -2] Name or service not known)"))
[2025-10-07T11:26:50.890+0000] {logging_mixin.py:190} INFO - Không tìm thấy dữ liệu cho MTP
[2025-10-07T11:26:50.897+0000] {logging_mixin.py:190} INFO - ℹ️ MTP: Không có dữ liệu mới.
[2025-10-07T11:26:50.900+0000] {logging_mixin.py:190} INFO - ⬇️ Bắt đầu xử lý symbol = MTL
[2025-10-07T11:26:50.976+0000] {logging_mixin.py:190} INFO - ⚠️ Không đọc được file cũ MTL: 'date'
[2025-10-07T11:26:51.007+0000] {logging_mixin.py:190} INFO - MTL: trích dữ liệu từ 2025-10-04 đến 2025-10-07
[2025-10-07T11:26:51.022+0000] {client.py:83} ERROR - API request failed: HTTPSConnectionPool(host='trading.vietcap.com.vn', port=443): Max retries exceeded with url: /api/chart/OHLCChart/gap (Caused by NameResolutionError("<urllib3.connection.HTTPSConnection object at 0x7e619e787470>: Failed to resolve 'trading.vietcap.com.vn' ([Errno -2] Name or service not known)"))
[2025-10-07T11:26:53.030+0000] {client.py:83} ERROR - API request failed: HTTPSConnectionPool(host='trading.vietcap.com.vn', port=443): Max retries exceeded with url: /api/chart/OHLCChart/gap (Caused by NameResolutionError("<urllib3.connection.HTTPSConnection object at 0x7e61b4ce5490>: Failed to resolve 'trading.vietcap.com.vn' ([Errno -2] Name or service not known)"))
[2025-10-07T11:26:55.087+0000] {client.py:83} ERROR - API request failed: HTTPSConnectionPool(host='trading.vietcap.com.vn', port=443): Max retries exceeded with url: /api/chart/OHLCChart/gap (Caused by NameResolutionError("<urllib3.connection.HTTPSConnection object at 0x7e619e784b30>: Failed to resolve 'trading.vietcap.com.vn' ([Errno -2] Name or service not known)"))
[2025-10-07T11:26:55.090+0000] {logging_mixin.py:190} INFO - Không tìm thấy dữ liệu cho MTL
[2025-10-07T11:26:55.095+0000] {logging_mixin.py:190} INFO - ℹ️ MTL: Không có dữ liệu mới.
[2025-10-07T11:26:55.097+0000] {logging_mixin.py:190} INFO - 🚦 Giới hạn API đạt mức tối đa, chờ 38.7s...
[2025-10-07T11:27:33.828+0000] {logging_mixin.py:190} INFO - ⬇️ Bắt đầu xử lý symbol = MTH
[2025-10-07T11:27:33.898+0000] {logging_mixin.py:190} INFO - ⚠️ Không đọc được file cũ MTH: 'date'
[2025-10-07T11:27:33.936+0000] {logging_mixin.py:190} INFO - MTH: trích dữ liệu từ 2025-09-24 đến 2025-10-07
[2025-10-07T11:27:33.953+0000] {client.py:83} ERROR - API request failed: HTTPSConnectionPool(host='trading.vietcap.com.vn', port=443): Max retries exceeded with url: /api/chart/OHLCChart/gap (Caused by NameResolutionError("<urllib3.connection.HTTPSConnection object at 0x7e61b4ce4590>: Failed to resolve 'trading.vietcap.com.vn' ([Errno -2] Name or service not known)"))
[2025-10-07T11:27:35.965+0000] {client.py:83} ERROR - API request failed: HTTPSConnectionPool(host='trading.vietcap.com.vn', port=443): Max retries exceeded with url: /api/chart/OHLCChart/gap (Caused by NameResolutionError("<urllib3.connection.HTTPSConnection object at 0x7e61b4ce5df0>: Failed to resolve 'trading.vietcap.com.vn' ([Errno -2] Name or service not known)"))
[2025-10-07T11:27:37.982+0000] {client.py:83} ERROR - API request failed: HTTPSConnectionPool(host='trading.vietcap.com.vn', port=443): Max retries exceeded with url: /api/chart/OHLCChart/gap (Caused by NameResolutionError("<urllib3.connection.HTTPSConnection object at 0x7e619e943290>: Failed to resolve 'trading.vietcap.com.vn' ([Errno -2] Name or service not known)"))
[2025-10-07T11:27:37.984+0000] {logging_mixin.py:190} INFO - Không tìm thấy dữ liệu cho MTH
[2025-10-07T11:27:37.989+0000] {logging_mixin.py:190} INFO - ℹ️ MTH: Không có dữ liệu mới.
[2025-10-07T11:27:37.992+0000] {logging_mixin.py:190} INFO - 🚦 Giới hạn API đạt mức tối đa, chờ 0.2s...
[2025-10-07T11:27:38.210+0000] {logging_mixin.py:190} INFO - ⬇️ Bắt đầu xử lý symbol = MTG
[2025-10-07T11:27:38.287+0000] {logging_mixin.py:190} INFO - ⚠️ Không đọc được file cũ MTG: 'date'
[2025-10-07T11:27:38.318+0000] {logging_mixin.py:190} INFO - MTG: trích dữ liệu từ 2025-10-01 đến 2025-10-07
[2025-10-07T11:27:38.335+0000] {client.py:83} ERROR - API request failed: HTTPSConnectionPool(host='trading.vietcap.com.vn', port=443): Max retries exceeded with url: /api/chart/OHLCChart/gap (Caused by NameResolutionError("<urllib3.connection.HTTPSConnection object at 0x7e61b4ce5910>: Failed to resolve 'trading.vietcap.com.vn' ([Errno -2] Name or service not known)"))
[2025-10-07T11:27:40.349+0000] {client.py:83} ERROR - API request failed: HTTPSConnectionPool(host='trading.vietcap.com.vn', port=443): Max retries exceeded with url: /api/chart/OHLCChart/gap (Caused by NameResolutionError("<urllib3.connection.HTTPSConnection object at 0x7e619e784e90>: Failed to resolve 'trading.vietcap.com.vn' ([Errno -2] Name or service not known)"))
[2025-10-07T11:27:42.407+0000] {client.py:83} ERROR - API request failed: HTTPSConnectionPool(host='trading.vietcap.com.vn', port=443): Max retries exceeded with url: /api/chart/OHLCChart/gap (Caused by NameResolutionError("<urllib3.connection.HTTPSConnection object at 0x7e619e7b6e40>: Failed to resolve 'trading.vietcap.com.vn' ([Errno -2] Name or service not known)"))
[2025-10-07T11:27:42.410+0000] {logging_mixin.py:190} INFO - Không tìm thấy dữ liệu cho MTG
[2025-10-07T11:27:42.415+0000] {logging_mixin.py:190} INFO - ℹ️ MTG: Không có dữ liệu mới.
[2025-10-07T11:27:42.417+0000] {logging_mixin.py:190} INFO - ⬇️ Bắt đầu xử lý symbol = MTC
[2025-10-07T11:27:42.674+0000] {logging_mixin.py:190} INFO - ⚠️ Không đọc được file cũ MTC: 'date'
[2025-10-07T11:27:42.688+0000] {logging_mixin.py:190} INFO - MTC: trích dữ liệu từ 2025-06-14 đến 2025-10-07
[2025-10-07T11:27:42.695+0000] {client.py:83} ERROR - API request failed: HTTPSConnectionPool(host='trading.vietcap.com.vn', port=443): Max retries exceeded with url: /api/chart/OHLCChart/gap (Caused by NameResolutionError("<urllib3.connection.HTTPSConnection object at 0x7e619e7e0290>: Failed to resolve 'trading.vietcap.com.vn' ([Errno -2] Name or service not known)"))
[2025-10-07T11:27:44.709+0000] {client.py:83} ERROR - API request failed: HTTPSConnectionPool(host='trading.vietcap.com.vn', port=443): Max retries exceeded with url: /api/chart/OHLCChart/gap (Caused by NameResolutionError("<urllib3.connection.HTTPSConnection object at 0x7e619e784e90>: Failed to resolve 'trading.vietcap.com.vn' ([Errno -2] Name or service not known)"))
[2025-10-07T11:27:46.722+0000] {client.py:83} ERROR - API request failed: HTTPSConnectionPool(host='trading.vietcap.com.vn', port=443): Max retries exceeded with url: /api/chart/OHLCChart/gap (Caused by NameResolutionError("<urllib3.connection.HTTPSConnection object at 0x7e61b4ce7bc0>: Failed to resolve 'trading.vietcap.com.vn' ([Errno -2] Name or service not known)"))
[2025-10-07T11:27:46.724+0000] {logging_mixin.py:190} INFO - Không tìm thấy dữ liệu cho MTC
[2025-10-07T11:27:46.727+0000] {logging_mixin.py:190} INFO - ℹ️ MTC: Không có dữ liệu mới.
[2025-10-07T11:27:46.728+0000] {logging_mixin.py:190} INFO - ⬇️ Bắt đầu xử lý symbol = MTB
[2025-10-07T11:27:46.800+0000] {logging_mixin.py:190} INFO - ⚠️ Không đọc được file cũ MTB: 'date'
[2025-10-07T11:27:46.827+0000] {logging_mixin.py:190} INFO - MTB: trích dữ liệu từ 2024-07-26 đến 2025-10-07
[2025-10-07T11:27:46.842+0000] {client.py:83} ERROR - API request failed: HTTPSConnectionPool(host='trading.vietcap.com.vn', port=443): Max retries exceeded with url: /api/chart/OHLCChart/gap (Caused by NameResolutionError("<urllib3.connection.HTTPSConnection object at 0x7e619e7e0f50>: Failed to resolve 'trading.vietcap.com.vn' ([Errno -2] Name or service not known)"))
[2025-10-07T11:27:48.856+0000] {client.py:83} ERROR - API request failed: HTTPSConnectionPool(host='trading.vietcap.com.vn', port=443): Max retries exceeded with url: /api/chart/OHLCChart/gap (Caused by NameResolutionError("<urllib3.connection.HTTPSConnection object at 0x7e619e7e3d70>: Failed to resolve 'trading.vietcap.com.vn' ([Errno -2] Name or service not known)"))
[2025-10-07T11:27:50.873+0000] {client.py:83} ERROR - API request failed: HTTPSConnectionPool(host='trading.vietcap.com.vn', port=443): Max retries exceeded with url: /api/chart/OHLCChart/gap (Caused by NameResolutionError("<urllib3.connection.HTTPSConnection object at 0x7e61b4ce5850>: Failed to resolve 'trading.vietcap.com.vn' ([Errno -2] Name or service not known)"))
[2025-10-07T11:27:51.134+0000] {logging_mixin.py:190} INFO - Không tìm thấy dữ liệu cho MTB
[2025-10-07T11:27:51.141+0000] {logging_mixin.py:190} INFO - ℹ️ MTB: Không có dữ liệu mới.
[2025-10-07T11:27:51.145+0000] {logging_mixin.py:190} INFO - ⬇️ Bắt đầu xử lý symbol = MTA
[2025-10-07T11:27:51.185+0000] {logging_mixin.py:190} INFO - ⚠️ Không đọc được file cũ MTA: 'date'
[2025-10-07T11:27:51.195+0000] {logging_mixin.py:190} INFO - MTA: trích dữ liệu từ 2025-10-04 đến 2025-10-07
[2025-10-07T11:27:51.200+0000] {client.py:83} ERROR - API request failed: HTTPSConnectionPool(host='trading.vietcap.com.vn', port=443): Max retries exceeded with url: /api/chart/OHLCChart/gap (Caused by NameResolutionError("<urllib3.connection.HTTPSConnection object at 0x7e619e7e0f80>: Failed to resolve 'trading.vietcap.com.vn' ([Errno -2] Name or service not known)"))
[2025-10-07T11:27:53.220+0000] {client.py:83} ERROR - API request failed: HTTPSConnectionPool(host='trading.vietcap.com.vn', port=443): Max retries exceeded with url: /api/chart/OHLCChart/gap (Caused by NameResolutionError("<urllib3.connection.HTTPSConnection object at 0x7e619e7e3ec0>: Failed to resolve 'trading.vietcap.com.vn' ([Errno -2] Name or service not known)"))
[2025-10-07T11:27:55.226+0000] {client.py:83} ERROR - API request failed: HTTPSConnectionPool(host='trading.vietcap.com.vn', port=443): Max retries exceeded with url: /api/chart/OHLCChart/gap (Caused by NameResolutionError("<urllib3.connection.HTTPSConnection object at 0x7e619e7e2270>: Failed to resolve 'trading.vietcap.com.vn' ([Errno -2] Name or service not known)"))
[2025-10-07T11:27:55.228+0000] {logging_mixin.py:190} INFO - Không tìm thấy dữ liệu cho MTA
[2025-10-07T11:27:55.230+0000] {logging_mixin.py:190} INFO - ℹ️ MTA: Không có dữ liệu mới.
[2025-10-07T11:27:55.231+0000] {logging_mixin.py:190} INFO - 🚦 Giới hạn API đạt mức tối đa, chờ 38.6s...
[2025-10-07T11:28:33.827+0000] {logging_mixin.py:190} INFO - ⬇️ Bắt đầu xử lý symbol = MST
[2025-10-07T11:28:33.857+0000] {logging_mixin.py:190} INFO - ⚠️ Không đọc được file cũ MST: 'date'
[2025-10-07T11:28:33.870+0000] {logging_mixin.py:190} INFO - MST: trích dữ liệu từ 2025-10-04 đến 2025-10-07
[2025-10-07T11:28:33.890+0000] {client.py:83} ERROR - API request failed: HTTPSConnectionPool(host='trading.vietcap.com.vn', port=443): Max retries exceeded with url: /api/chart/OHLCChart/gap (Caused by NameResolutionError("<urllib3.connection.HTTPSConnection object at 0x7e619e940b90>: Failed to resolve 'trading.vietcap.com.vn' ([Errno -2] Name or service not known)"))
[2025-10-07T11:28:35.903+0000] {client.py:83} ERROR - API request failed: HTTPSConnectionPool(host='trading.vietcap.com.vn', port=443): Max retries exceeded with url: /api/chart/OHLCChart/gap (Caused by NameResolutionError("<urllib3.connection.HTTPSConnection object at 0x7e619e787bc0>: Failed to resolve 'trading.vietcap.com.vn' ([Errno -2] Name or service not known)"))
[2025-10-07T11:28:37.918+0000] {client.py:83} ERROR - API request failed: HTTPSConnectionPool(host='trading.vietcap.com.vn', port=443): Max retries exceeded with url: /api/chart/OHLCChart/gap (Caused by NameResolutionError("<urllib3.connection.HTTPSConnection object at 0x7e619e7b7200>: Failed to resolve 'trading.vietcap.com.vn' ([Errno -2] Name or service not known)"))
[2025-10-07T11:28:37.921+0000] {logging_mixin.py:190} INFO - Không tìm thấy dữ liệu cho MST
[2025-10-07T11:28:37.926+0000] {logging_mixin.py:190} INFO - ℹ️ MST: Không có dữ liệu mới.
[2025-10-07T11:28:37.928+0000] {logging_mixin.py:190} INFO - 🚦 Giới hạn API đạt mức tối đa, chờ 0.3s...
[2025-10-07T11:28:38.212+0000] {logging_mixin.py:190} INFO - ⬇️ Bắt đầu xử lý symbol = MSR
[2025-10-07T11:28:38.282+0000] {logging_mixin.py:190} INFO - ⚠️ Không đọc được file cũ MSR: 'date'
[2025-10-07T11:28:38.319+0000] {logging_mixin.py:190} INFO - MSR: trích dữ liệu từ 2025-10-04 đến 2025-10-07
[2025-10-07T11:28:38.341+0000] {client.py:83} ERROR - API request failed: HTTPSConnectionPool(host='trading.vietcap.com.vn', port=443): Max retries exceeded with url: /api/chart/OHLCChart/gap (Caused by NameResolutionError("<urllib3.connection.HTTPSConnection object at 0x7e619e862600>: Failed to resolve 'trading.vietcap.com.vn' ([Errno -2] Name or service not known)"))
[2025-10-07T11:28:40.357+0000] {client.py:83} ERROR - API request failed: HTTPSConnectionPool(host='trading.vietcap.com.vn', port=443): Max retries exceeded with url: /api/chart/OHLCChart/gap (Caused by NameResolutionError("<urllib3.connection.HTTPSConnection object at 0x7e619e787050>: Failed to resolve 'trading.vietcap.com.vn' ([Errno -2] Name or service not known)"))
[2025-10-07T11:28:42.366+0000] {client.py:83} ERROR - API request failed: HTTPSConnectionPool(host='trading.vietcap.com.vn', port=443): Max retries exceeded with url: /api/chart/OHLCChart/gap (Caused by NameResolutionError("<urllib3.connection.HTTPSConnection object at 0x7e619e8282f0>: Failed to resolve 'trading.vietcap.com.vn' ([Errno -2] Name or service not known)"))
[2025-10-07T11:28:42.367+0000] {logging_mixin.py:190} INFO - Không tìm thấy dữ liệu cho MSR
[2025-10-07T11:28:42.370+0000] {logging_mixin.py:190} INFO - ℹ️ MSR: Không có dữ liệu mới.
[2025-10-07T11:28:42.371+0000] {logging_mixin.py:190} INFO - 🚦 Giới hạn API đạt mức tối đa, chờ 0.0s...
[2025-10-07T11:28:42.418+0000] {logging_mixin.py:190} INFO - ⬇️ Bắt đầu xử lý symbol = MSN
[2025-10-07T11:28:42.476+0000] {logging_mixin.py:190} INFO - ⚠️ Không đọc được file cũ MSN: 'date'
[2025-10-07T11:28:42.506+0000] {logging_mixin.py:190} INFO - MSN: trích dữ liệu từ 2025-10-04 đến 2025-10-07
[2025-10-07T11:28:42.519+0000] {client.py:83} ERROR - API request failed: HTTPSConnectionPool(host='trading.vietcap.com.vn', port=443): Max retries exceeded with url: /api/chart/OHLCChart/gap (Caused by NameResolutionError("<urllib3.connection.HTTPSConnection object at 0x7e619e7e0b00>: Failed to resolve 'trading.vietcap.com.vn' ([Errno -2] Name or service not known)"))
[2025-10-07T11:28:44.533+0000] {client.py:83} ERROR - API request failed: HTTPSConnectionPool(host='trading.vietcap.com.vn', port=443): Max retries exceeded with url: /api/chart/OHLCChart/gap (Caused by NameResolutionError("<urllib3.connection.HTTPSConnection object at 0x7e619e829e80>: Failed to resolve 'trading.vietcap.com.vn' ([Errno -2] Name or service not known)"))
[2025-10-07T11:28:46.545+0000] {client.py:83} ERROR - API request failed: HTTPSConnectionPool(host='trading.vietcap.com.vn', port=443): Max retries exceeded with url: /api/chart/OHLCChart/gap (Caused by NameResolutionError("<urllib3.connection.HTTPSConnection object at 0x7e619e82ab40>: Failed to resolve 'trading.vietcap.com.vn' ([Errno -2] Name or service not known)"))
[2025-10-07T11:28:46.546+0000] {logging_mixin.py:190} INFO - Không tìm thấy dữ liệu cho MSN
[2025-10-07T11:28:46.549+0000] {logging_mixin.py:190} INFO - ℹ️ MSN: Không có dữ liệu mới.
[2025-10-07T11:28:46.550+0000] {logging_mixin.py:190} INFO - 🚦 Giới hạn API đạt mức tối đa, chờ 0.2s...
[2025-10-07T11:28:46.729+0000] {logging_mixin.py:190} INFO - ⬇️ Bắt đầu xử lý symbol = MSH
[2025-10-07T11:28:46.763+0000] {logging_mixin.py:190} INFO - ⚠️ Không đọc được file cũ MSH: 'date'
[2025-10-07T11:28:46.775+0000] {logging_mixin.py:190} INFO - MSH: trích dữ liệu từ 2025-10-04 đến 2025-10-07
[2025-10-07T11:28:46.781+0000] {client.py:83} ERROR - API request failed: HTTPSConnectionPool(host='trading.vietcap.com.vn', port=443): Max retries exceeded with url: /api/chart/OHLCChart/gap (Caused by NameResolutionError("<urllib3.connection.HTTPSConnection object at 0x7e619e828a10>: Failed to resolve 'trading.vietcap.com.vn' ([Errno -2] Name or service not known)"))
[2025-10-07T11:28:48.797+0000] {client.py:83} ERROR - API request failed: HTTPSConnectionPool(host='trading.vietcap.com.vn', port=443): Max retries exceeded with url: /api/chart/OHLCChart/gap (Caused by NameResolutionError("<urllib3.connection.HTTPSConnection object at 0x7e619e7e28a0>: Failed to resolve 'trading.vietcap.com.vn' ([Errno -2] Name or service not known)"))
[2025-10-07T11:28:50.819+0000] {client.py:83} ERROR - API request failed: HTTPSConnectionPool(host='trading.vietcap.com.vn', port=443): Max retries exceeded with url: /api/chart/OHLCChart/gap (Caused by NameResolutionError("<urllib3.connection.HTTPSConnection object at 0x7e619e82a690>: Failed to resolve 'trading.vietcap.com.vn' ([Errno -2] Name or service not known)"))
[2025-10-07T11:28:50.823+0000] {logging_mixin.py:190} INFO - Không tìm thấy dữ liệu cho MSH
[2025-10-07T11:28:50.828+0000] {logging_mixin.py:190} INFO - ℹ️ MSH: Không có dữ liệu mới.
[2025-10-07T11:28:50.830+0000] {logging_mixin.py:190} INFO - 🚦 Giới hạn API đạt mức tối đa, chờ 0.3s...
[2025-10-07T11:28:51.147+0000] {logging_mixin.py:190} INFO - ⬇️ Bắt đầu xử lý symbol = MSB
[2025-10-07T11:28:51.208+0000] {logging_mixin.py:190} INFO - ⚠️ Không đọc được file cũ MSB: 'date'
[2025-10-07T11:28:51.248+0000] {logging_mixin.py:190} INFO - MSB: trích dữ liệu từ 2025-10-04 đến 2025-10-07
[2025-10-07T11:28:51.265+0000] {client.py:83} ERROR - API request failed: HTTPSConnectionPool(host='trading.vietcap.com.vn', port=443): Max retries exceeded with url: /api/chart/OHLCChart/gap (Caused by NameResolutionError("<urllib3.connection.HTTPSConnection object at 0x7e619e8283b0>: Failed to resolve 'trading.vietcap.com.vn' ([Errno -2] Name or service not known)"))
[2025-10-07T11:28:53.276+0000] {client.py:83} ERROR - API request failed: HTTPSConnectionPool(host='trading.vietcap.com.vn', port=443): Max retries exceeded with url: /api/chart/OHLCChart/gap (Caused by NameResolutionError("<urllib3.connection.HTTPSConnection object at 0x7e61b4ce6f60>: Failed to resolve 'trading.vietcap.com.vn' ([Errno -2] Name or service not known)"))
[2025-10-07T11:28:55.295+0000] {client.py:83} ERROR - API request failed: HTTPSConnectionPool(host='trading.vietcap.com.vn', port=443): Max retries exceeded with url: /api/chart/OHLCChart/gap (Caused by NameResolutionError("<urllib3.connection.HTTPSConnection object at 0x7e619e828c50>: Failed to resolve 'trading.vietcap.com.vn' ([Errno -2] Name or service not known)"))
[2025-10-07T11:28:55.298+0000] {logging_mixin.py:190} INFO - Không tìm thấy dữ liệu cho MSB
[2025-10-07T11:28:55.304+0000] {logging_mixin.py:190} INFO - ℹ️ MSB: Không có dữ liệu mới.
[2025-10-07T11:28:55.306+0000] {logging_mixin.py:190} INFO - 🚦 Giới hạn API đạt mức tối đa, chờ 38.5s...
[2025-10-07T11:29:33.826+0000] {logging_mixin.py:190} INFO - ⬇️ Bắt đầu xử lý symbol = MRF
[2025-10-07T11:29:33.869+0000] {logging_mixin.py:190} INFO - ⚠️ Không đọc được file cũ MRF: 'date'
[2025-10-07T11:29:33.884+0000] {logging_mixin.py:190} INFO - MRF: trích dữ liệu từ 2025-07-11 đến 2025-10-07
[2025-10-07T11:29:33.892+0000] {client.py:83} ERROR - API request failed: HTTPSConnectionPool(host='trading.vietcap.com.vn', port=443): Max retries exceeded with url: /api/chart/OHLCChart/gap (Caused by NameResolutionError("<urllib3.connection.HTTPSConnection object at 0x7e619e7e0d10>: Failed to resolve 'trading.vietcap.com.vn' ([Errno -2] Name or service not known)"))
[2025-10-07T11:29:35.896+0000] {client.py:83} ERROR - API request failed: HTTPSConnectionPool(host='trading.vietcap.com.vn', port=443): Max retries exceeded with url: /api/chart/OHLCChart/gap (Caused by NameResolutionError("<urllib3.connection.HTTPSConnection object at 0x7e61b4ce65a0>: Failed to resolve 'trading.vietcap.com.vn' ([Errno -2] Name or service not known)"))
[2025-10-07T11:29:37.904+0000] {client.py:83} ERROR - API request failed: HTTPSConnectionPool(host='trading.vietcap.com.vn', port=443): Max retries exceeded with url: /api/chart/OHLCChart/gap (Caused by NameResolutionError("<urllib3.connection.HTTPSConnection object at 0x7e61b4d14fb0>: Failed to resolve 'trading.vietcap.com.vn' ([Errno -2] Name or service not known)"))
[2025-10-07T11:29:37.905+0000] {logging_mixin.py:190} INFO - Không tìm thấy dữ liệu cho MRF
[2025-10-07T11:29:37.907+0000] {logging_mixin.py:190} INFO - ℹ️ MRF: Không có dữ liệu mới.
[2025-10-07T11:29:37.908+0000] {logging_mixin.py:190} INFO - 🚦 Giới hạn API đạt mức tối đa, chờ 0.3s...
[2025-10-07T11:29:38.213+0000] {logging_mixin.py:190} INFO - ⬇️ Bắt đầu xử lý symbol = MQN
[2025-10-07T11:29:38.257+0000] {logging_mixin.py:190} INFO - ⚠️ Không đọc được file cũ MQN: 'date'
[2025-10-07T11:29:38.273+0000] {logging_mixin.py:190} INFO - MQN: trích dữ liệu từ 2025-10-02 đến 2025-10-07
[2025-10-07T11:29:38.280+0000] {client.py:83} ERROR - API request failed: HTTPSConnectionPool(host='trading.vietcap.com.vn', port=443): Max retries exceeded with url: /api/chart/OHLCChart/gap (Caused by NameResolutionError("<urllib3.connection.HTTPSConnection object at 0x7e619e7e30b0>: Failed to resolve 'trading.vietcap.com.vn' ([Errno -2] Name or service not known)"))
[2025-10-07T11:29:40.287+0000] {client.py:83} ERROR - API request failed: HTTPSConnectionPool(host='trading.vietcap.com.vn', port=443): Max retries exceeded with url: /api/chart/OHLCChart/gap (Caused by NameResolutionError("<urllib3.connection.HTTPSConnection object at 0x7e619e787dd0>: Failed to resolve 'trading.vietcap.com.vn' ([Errno -2] Name or service not known)"))
[2025-10-07T11:29:42.331+0000] {client.py:83} ERROR - API request failed: HTTPSConnectionPool(host='trading.vietcap.com.vn', port=443): Max retries exceeded with url: /api/chart/OHLCChart/gap (Caused by NameResolutionError("<urllib3.connection.HTTPSConnection object at 0x7e61b4d14320>: Failed to resolve 'trading.vietcap.com.vn' ([Errno -2] Name or service not known)"))
[2025-10-07T11:29:42.334+0000] {logging_mixin.py:190} INFO - Không tìm thấy dữ liệu cho MQN
[2025-10-07T11:29:42.340+0000] {logging_mixin.py:190} INFO - ℹ️ MQN: Không có dữ liệu mới.
[2025-10-07T11:29:42.342+0000] {logging_mixin.py:190} INFO - 🚦 Giới hạn API đạt mức tối đa, chờ 0.1s...
[2025-10-07T11:29:42.420+0000] {logging_mixin.py:190} INFO - ⬇️ Bắt đầu xử lý symbol = MQB
[2025-10-07T11:29:42.514+0000] {logging_mixin.py:190} INFO - ⚠️ Không đọc được file cũ MQB: 'date'
[2025-10-07T11:29:42.554+0000] {logging_mixin.py:190} INFO - MQB: trích dữ liệu từ 2025-09-18 đến 2025-10-07
[2025-10-07T11:29:42.566+0000] {client.py:83} ERROR - API request failed: HTTPSConnectionPool(host='trading.vietcap.com.vn', port=443): Max retries exceeded with url: /api/chart/OHLCChart/gap (Caused by NameResolutionError("<urllib3.connection.HTTPSConnection object at 0x7e61b4d15850>: Failed to resolve 'trading.vietcap.com.vn' ([Errno -2] Name or service not known)"))
[2025-10-07T11:29:44.583+0000] {client.py:83} ERROR - API request failed: HTTPSConnectionPool(host='trading.vietcap.com.vn', port=443): Max retries exceeded with url: /api/chart/OHLCChart/gap (Caused by NameResolutionError("<urllib3.connection.HTTPSConnection object at 0x7e619e784b90>: Failed to resolve 'trading.vietcap.com.vn' ([Errno -2] Name or service not known)"))
[2025-10-07T11:29:46.592+0000] {client.py:83} ERROR - API request failed: HTTPSConnectionPool(host='trading.vietcap.com.vn', port=443): Max retries exceeded with url: /api/chart/OHLCChart/gap (Caused by NameResolutionError("<urllib3.connection.HTTPSConnection object at 0x7e619e7e3c20>: Failed to resolve 'trading.vietcap.com.vn' ([Errno -2] Name or service not known)"))
[2025-10-07T11:29:46.593+0000] {logging_mixin.py:190} INFO - Không tìm thấy dữ liệu cho MQB
[2025-10-07T11:29:46.595+0000] {logging_mixin.py:190} INFO - ℹ️ MQB: Không có dữ liệu mới.
[2025-10-07T11:29:46.596+0000] {logging_mixin.py:190} INFO - 🚦 Giới hạn API đạt mức tối đa, chờ 0.1s...
[2025-10-07T11:29:46.730+0000] {logging_mixin.py:190} INFO - ⬇️ Bắt đầu xử lý symbol = MPY
[2025-10-07T11:29:46.794+0000] {logging_mixin.py:190} INFO - ⚠️ Không đọc được file cũ MPY: 'date'
[2025-10-07T11:29:46.819+0000] {logging_mixin.py:190} INFO - MPY: trích dữ liệu từ 2024-12-11 đến 2025-10-07
[2025-10-07T11:29:46.832+0000] {client.py:83} ERROR - API request failed: HTTPSConnectionPool(host='trading.vietcap.com.vn', port=443): Max retries exceeded with url: /api/chart/OHLCChart/gap (Caused by NameResolutionError("<urllib3.connection.HTTPSConnection object at 0x7e61b4d159a0>: Failed to resolve 'trading.vietcap.com.vn' ([Errno -2] Name or service not known)"))
[2025-10-07T11:29:48.851+0000] {client.py:83} ERROR - API request failed: HTTPSConnectionPool(host='trading.vietcap.com.vn', port=443): Max retries exceeded with url: /api/chart/OHLCChart/gap (Caused by NameResolutionError("<urllib3.connection.HTTPSConnection object at 0x7e61b4d16450>: Failed to resolve 'trading.vietcap.com.vn' ([Errno -2] Name or service not known)"))
[2025-10-07T11:29:50.860+0000] {client.py:83} ERROR - API request failed: HTTPSConnectionPool(host='trading.vietcap.com.vn', port=443): Max retries exceeded with url: /api/chart/OHLCChart/gap (Caused by NameResolutionError("<urllib3.connection.HTTPSConnection object at 0x7e619e785850>: Failed to resolve 'trading.vietcap.com.vn' ([Errno -2] Name or service not known)"))
[2025-10-07T11:29:50.861+0000] {logging_mixin.py:190} INFO - Không tìm thấy dữ liệu cho MPY
[2025-10-07T11:29:50.863+0000] {logging_mixin.py:190} INFO - ℹ️ MPY: Không có dữ liệu mới.
[2025-10-07T11:29:50.864+0000] {logging_mixin.py:190} INFO - 🚦 Giới hạn API đạt mức tối đa, chờ 0.3s...
[2025-10-07T11:29:51.148+0000] {logging_mixin.py:190} INFO - ⬇️ Bắt đầu xử lý symbol = MPT
[2025-10-07T11:29:51.211+0000] {logging_mixin.py:190} INFO - ⚠️ Không đọc được file cũ MPT: 'date'
[2025-10-07T11:29:51.237+0000] {logging_mixin.py:190} INFO - MPT: trích dữ liệu từ 2025-10-04 đến 2025-10-07
[2025-10-07T11:29:51.248+0000] {client.py:83} ERROR - API request failed: HTTPSConnectionPool(host='trading.vietcap.com.vn', port=443): Max retries exceeded with url: /api/chart/OHLCChart/gap (Caused by NameResolutionError("<urllib3.connection.HTTPSConnection object at 0x7e61b4d14080>: Failed to resolve 'trading.vietcap.com.vn' ([Errno -2] Name or service not known)"))
[2025-10-07T11:29:53.261+0000] {client.py:83} ERROR - API request failed: HTTPSConnectionPool(host='trading.vietcap.com.vn', port=443): Max retries exceeded with url: /api/chart/OHLCChart/gap (Caused by NameResolutionError("<urllib3.connection.HTTPSConnection object at 0x7e61b4d16f00>: Failed to resolve 'trading.vietcap.com.vn' ([Errno -2] Name or service not known)"))
[2025-10-07T11:29:55.280+0000] {client.py:83} ERROR - API request failed: HTTPSConnectionPool(host='trading.vietcap.com.vn', port=443): Max retries exceeded with url: /api/chart/OHLCChart/gap (Caused by NameResolutionError("<urllib3.connection.HTTPSConnection object at 0x7e61b4d17a10>: Failed to resolve 'trading.vietcap.com.vn' ([Errno -2] Name or service not known)"))
[2025-10-07T11:29:55.284+0000] {logging_mixin.py:190} INFO - Không tìm thấy dữ liệu cho MPT
[2025-10-07T11:29:55.294+0000] {logging_mixin.py:190} INFO - ℹ️ MPT: Không có dữ liệu mới.
[2025-10-07T11:29:55.296+0000] {logging_mixin.py:190} INFO - 🚦 Giới hạn API đạt mức tối đa, chờ 38.5s...
[2025-10-07T11:30:33.827+0000] {logging_mixin.py:190} INFO - ⬇️ Bắt đầu xử lý symbol = MPC
[2025-10-07T11:30:33.856+0000] {logging_mixin.py:190} INFO - ⚠️ Không đọc được file cũ MPC: 'date'
[2025-10-07T11:30:33.870+0000] {logging_mixin.py:190} INFO - MPC: trích dữ liệu từ 2025-10-04 đến 2025-10-07
[2025-10-07T11:30:33.877+0000] {client.py:83} ERROR - API request failed: HTTPSConnectionPool(host='trading.vietcap.com.vn', port=443): Max retries exceeded with url: /api/chart/OHLCChart/gap (Caused by NameResolutionError("<urllib3.connection.HTTPSConnection object at 0x7e61b4d15dc0>: Failed to resolve 'trading.vietcap.com.vn' ([Errno -2] Name or service not known)"))
[2025-10-07T11:30:36.056+0000] {client.py:83} ERROR - API request failed: HTTPSConnectionPool(host='trading.vietcap.com.vn', port=443): Max retries exceeded with url: /api/chart/OHLCChart/gap (Caused by NameResolutionError("<urllib3.connection.HTTPSConnection object at 0x7e61b4d7ebd0>: Failed to resolve 'trading.vietcap.com.vn' ([Errno -2] Name or service not known)"))
[2025-10-07T11:30:38.066+0000] {client.py:83} ERROR - API request failed: HTTPSConnectionPool(host='trading.vietcap.com.vn', port=443): Max retries exceeded with url: /api/chart/OHLCChart/gap (Caused by NameResolutionError("<urllib3.connection.HTTPSConnection object at 0x7e61b4ce42f0>: Failed to resolve 'trading.vietcap.com.vn' ([Errno -2] Name or service not known)"))
[2025-10-07T11:30:38.067+0000] {logging_mixin.py:190} INFO - Không tìm thấy dữ liệu cho MPC
[2025-10-07T11:30:38.070+0000] {logging_mixin.py:190} INFO - ℹ️ MPC: Không có dữ liệu mới.
[2025-10-07T11:30:38.071+0000] {logging_mixin.py:190} INFO - 🚦 Giới hạn API đạt mức tối đa, chờ 0.1s...
[2025-10-07T11:30:38.215+0000] {logging_mixin.py:190} INFO - ⬇️ Bắt đầu xử lý symbol = MND
[2025-10-07T11:30:38.311+0000] {logging_mixin.py:190} INFO - ⚠️ Không đọc được file cũ MND: 'date'
[2025-10-07T11:30:38.347+0000] {logging_mixin.py:190} INFO - MND: trích dữ liệu từ 2025-07-01 đến 2025-10-07
[2025-10-07T11:30:38.367+0000] {client.py:83} ERROR - API request failed: HTTPSConnectionPool(host='trading.vietcap.com.vn', port=443): Max retries exceeded with url: /api/chart/OHLCChart/gap (Caused by NameResolutionError("<urllib3.connection.HTTPSConnection object at 0x7e61b4d7f770>: Failed to resolve 'trading.vietcap.com.vn' ([Errno -2] Name or service not known)"))
[2025-10-07T11:30:40.375+0000] {client.py:83} ERROR - API request failed: HTTPSConnectionPool(host='trading.vietcap.com.vn', port=443): Max retries exceeded with url: /api/chart/OHLCChart/gap (Caused by NameResolutionError("<urllib3.connection.HTTPSConnection object at 0x7e61b4d7f9b0>: Failed to resolve 'trading.vietcap.com.vn' ([Errno -2] Name or service not known)"))
[2025-10-07T11:30:42.387+0000] {client.py:83} ERROR - API request failed: HTTPSConnectionPool(host='trading.vietcap.com.vn', port=443): Max retries exceeded with url: /api/chart/OHLCChart/gap (Caused by NameResolutionError("<urllib3.connection.HTTPSConnection object at 0x7e61b4ce5580>: Failed to resolve 'trading.vietcap.com.vn' ([Errno -2] Name or service not known)"))
[2025-10-07T11:30:42.390+0000] {logging_mixin.py:190} INFO - Không tìm thấy dữ liệu cho MND
[2025-10-07T11:30:42.396+0000] {logging_mixin.py:190} INFO - ℹ️ MND: Không có dữ liệu mới.
[2025-10-07T11:30:42.398+0000] {logging_mixin.py:190} INFO - 🚦 Giới hạn API đạt mức tối đa, chờ 0.0s...
[2025-10-07T11:30:42.422+0000] {logging_mixin.py:190} INFO - ⬇️ Bắt đầu xử lý symbol = MNB
[2025-10-07T11:30:42.497+0000] {logging_mixin.py:190} INFO - ⚠️ Không đọc được file cũ MNB: 'date'
[2025-10-07T11:30:42.535+0000] {logging_mixin.py:190} INFO - MNB: trích dữ liệu từ 2025-10-04 đến 2025-10-07
[2025-10-07T11:30:42.556+0000] {client.py:83} ERROR - API request failed: HTTPSConnectionPool(host='trading.vietcap.com.vn', port=443): Max retries exceeded with url: /api/chart/OHLCChart/gap (Caused by NameResolutionError("<urllib3.connection.HTTPSConnection object at 0x7e61b4d16030>: Failed to resolve 'trading.vietcap.com.vn' ([Errno -2] Name or service not known)"))
[2025-10-07T11:30:44.573+0000] {client.py:83} ERROR - API request failed: HTTPSConnectionPool(host='trading.vietcap.com.vn', port=443): Max retries exceeded with url: /api/chart/OHLCChart/gap (Caused by NameResolutionError("<urllib3.connection.HTTPSConnection object at 0x7e61b4d7c410>: Failed to resolve 'trading.vietcap.com.vn' ([Errno -2] Name or service not known)"))
[2025-10-07T11:30:46.590+0000] {client.py:83} ERROR - API request failed: HTTPSConnectionPool(host='trading.vietcap.com.vn', port=443): Max retries exceeded with url: /api/chart/OHLCChart/gap (Caused by NameResolutionError("<urllib3.connection.HTTPSConnection object at 0x7e61b4d7f470>: Failed to resolve 'trading.vietcap.com.vn' ([Errno -2] Name or service not known)"))
[2025-10-07T11:30:46.595+0000] {logging_mixin.py:190} INFO - Không tìm thấy dữ liệu cho MNB
[2025-10-07T11:30:46.600+0000] {logging_mixin.py:190} INFO - ℹ️ MNB: Không có dữ liệu mới.
[2025-10-07T11:30:46.602+0000] {logging_mixin.py:190} INFO - 🚦 Giới hạn API đạt mức tối đa, chờ 0.1s...
[2025-10-07T11:30:46.733+0000] {logging_mixin.py:190} INFO - ⬇️ Bắt đầu xử lý symbol = MML
[2025-10-07T11:30:46.835+0000] {logging_mixin.py:190} INFO - ⚠️ Không đọc được file cũ MML: 'date'
[2025-10-07T11:30:46.866+0000] {logging_mixin.py:190} INFO - MML: trích dữ liệu từ 2025-10-04 đến 2025-10-07
[2025-10-07T11:30:46.877+0000] {client.py:83} ERROR - API request failed: HTTPSConnectionPool(host='trading.vietcap.com.vn', port=443): Max retries exceeded with url: /api/chart/OHLCChart/gap (Caused by NameResolutionError("<urllib3.connection.HTTPSConnection object at 0x7e61b4d16660>: Failed to resolve 'trading.vietcap.com.vn' ([Errno -2] Name or service not known)"))
[2025-10-07T11:30:48.889+0000] {client.py:83} ERROR - API request failed: HTTPSConnectionPool(host='trading.vietcap.com.vn', port=443): Max retries exceeded with url: /api/chart/OHLCChart/gap (Caused by NameResolutionError("<urllib3.connection.HTTPSConnection object at 0x7e61b4d17710>: Failed to resolve 'trading.vietcap.com.vn' ([Errno -2] Name or service not known)"))
[2025-10-07T11:30:50.914+0000] {client.py:83} ERROR - API request failed: HTTPSConnectionPool(host='trading.vietcap.com.vn', port=443): Max retries exceeded with url: /api/chart/OHLCChart/gap (Caused by NameResolutionError("<urllib3.connection.HTTPSConnection object at 0x7e61b4d166c0>: Failed to resolve 'trading.vietcap.com.vn' ([Errno -2] Name or service not known)"))
[2025-10-07T11:30:50.918+0000] {logging_mixin.py:190} INFO - Không tìm thấy dữ liệu cho MML
[2025-10-07T11:30:50.922+0000] {logging_mixin.py:190} INFO - ℹ️ MML: Không có dữ liệu mới.
[2025-10-07T11:30:50.924+0000] {logging_mixin.py:190} INFO - 🚦 Giới hạn API đạt mức tối đa, chờ 0.2s...
[2025-10-07T11:30:51.150+0000] {logging_mixin.py:190} INFO - ⬇️ Bắt đầu xử lý symbol = MLS
[2025-10-07T11:30:51.221+0000] {logging_mixin.py:190} INFO - ⚠️ Không đọc được file cũ MLS: 'date'
[2025-10-07T11:30:51.259+0000] {logging_mixin.py:190} INFO - MLS: trích dữ liệu từ 2025-10-04 đến 2025-10-07
[2025-10-07T11:30:51.276+0000] {client.py:83} ERROR - API request failed: HTTPSConnectionPool(host='trading.vietcap.com.vn', port=443): Max retries exceeded with url: /api/chart/OHLCChart/gap (Caused by NameResolutionError("<urllib3.connection.HTTPSConnection object at 0x7e61b4ce7a40>: Failed to resolve 'trading.vietcap.com.vn' ([Errno -2] Name or service not known)"))
[2025-10-07T11:30:53.284+0000] {client.py:83} ERROR - API request failed: HTTPSConnectionPool(host='trading.vietcap.com.vn', port=443): Max retries exceeded with url: /api/chart/OHLCChart/gap (Caused by NameResolutionError("<urllib3.connection.HTTPSConnection object at 0x7e619e829fd0>: Failed to resolve 'trading.vietcap.com.vn' ([Errno -2] Name or service not known)"))
[2025-10-07T11:30:55.301+0000] {client.py:83} ERROR - API request failed: HTTPSConnectionPool(host='trading.vietcap.com.vn', port=443): Max retries exceeded with url: /api/chart/OHLCChart/gap (Caused by NameResolutionError("<urllib3.connection.HTTPSConnection object at 0x7e619e82a7b0>: Failed to resolve 'trading.vietcap.com.vn' ([Errno -2] Name or service not known)"))
[2025-10-07T11:30:55.305+0000] {logging_mixin.py:190} INFO - Không tìm thấy dữ liệu cho MLS
[2025-10-07T11:30:55.310+0000] {logging_mixin.py:190} INFO - ℹ️ MLS: Không có dữ liệu mới.
[2025-10-07T11:30:55.313+0000] {python.py:240} INFO - Done. Returned value was: None
[2025-10-07T11:30:55.370+0000] {taskinstance.py:341} INFO - ::group::Post task execution logs
[2025-10-07T11:30:55.373+0000] {taskinstance.py:353} INFO - Marking task as SUCCESS. dag_id=vnstock_weekly_etl_incremental, task_id=process_batch, run_id=manual__2025-10-07T10:41:48.387187+00:00, map_index=16, execution_date=20251007T104148, start_date=20251007T112133, end_date=20251007T113055
[2025-10-07T11:30:55.518+0000] {local_task_job_runner.py:266} INFO - Task exited with return code 0
[2025-10-07T11:30:55.760+0000] {taskinstance.py:3901} INFO - 0 downstream tasks scheduled from follow-on schedule check
[2025-10-07T11:30:55.762+0000] {local_task_job_runner.py:245} INFO - ::endgroup::
