[2025-10-07T11:40:28.267+0000] {local_task_job_runner.py:123} INFO - ::group::Pre task execution logs
[2025-10-07T11:40:28.296+0000] {taskinstance.py:2614} INFO - Dependencies all met for dep_context=non-requeueable deps ti=<TaskInstance: vnstock_weekly_etl_incremental.process_batch manual__2025-10-07T10:41:48.387187+00:00 map_index=28 [queued]>
[2025-10-07T11:40:28.310+0000] {taskinstance.py:2614} INFO - Dependencies all met for dep_context=requeueable deps ti=<TaskInstance: vnstock_weekly_etl_incremental.process_batch manual__2025-10-07T10:41:48.387187+00:00 map_index=28 [queued]>
[2025-10-07T11:40:28.312+0000] {taskinstance.py:2867} INFO - Starting attempt 1 of 3
[2025-10-07T11:40:28.326+0000] {taskinstance.py:2890} INFO - Executing <Mapped(_PythonDecoratedOperator): process_batch> on 2025-10-07 10:41:48.387187+00:00
[2025-10-07T11:40:28.338+0000] {logging_mixin.py:190} WARNING - /home/***/.local/lib/python3.12/site-packages/***/task/task_runner/standard_task_runner.py:70 DeprecationWarning: This process (pid=9117) is multi-threaded, use of fork() may lead to deadlocks in the child.
[2025-10-07T11:40:28.340+0000] {standard_task_runner.py:72} INFO - Started process 9135 to run task
[2025-10-07T11:40:28.340+0000] {standard_task_runner.py:104} INFO - Running: ['***', 'tasks', 'run', 'vnstock_weekly_etl_incremental', 'process_batch', 'manual__2025-10-07T10:41:48.387187+00:00', '--job-id', '152', '--raw', '--subdir', 'DAGS_FOLDER/dag.py', '--cfg-path', '/tmp/tmpw7mwmqvl', '--map-index', '28']
[2025-10-07T11:40:28.343+0000] {standard_task_runner.py:105} INFO - Job 152: Subtask process_batch
[2025-10-07T11:40:28.360+0000] {logging_mixin.py:190} WARNING - /home/***/.local/lib/python3.12/site-packages/***/settings.py:209 DeprecationWarning: The sql_alchemy_conn option in [core] has been moved to the sql_alchemy_conn option in [database] - the old setting has been used, but please update your config.
[2025-10-07T11:40:28.423+0000] {task_command.py:467} INFO - Running <TaskInstance: vnstock_weekly_etl_incremental.process_batch manual__2025-10-07T10:41:48.387187+00:00 map_index=28 [running]> on host e3278e0f0bbc
[2025-10-07T11:40:28.794+0000] {taskinstance.py:3134} INFO - Exporting env vars: AIRFLOW_CTX_DAG_OWNER='***' AIRFLOW_CTX_DAG_ID='vnstock_weekly_etl_incremental' AIRFLOW_CTX_TASK_ID='process_batch' AIRFLOW_CTX_EXECUTION_DATE='2025-10-07T10:41:48.387187+00:00' AIRFLOW_CTX_TRY_NUMBER='1' AIRFLOW_CTX_DAG_RUN_ID='manual__2025-10-07T10:41:48.387187+00:00'
[2025-10-07T11:40:28.796+0000] {taskinstance.py:732} INFO - ::endgroup::
[2025-10-07T11:40:28.799+0000] {logging_mixin.py:190} INFO - ⬇️ Bắt đầu xử lý symbol = DBH
[2025-10-07T11:40:28.815+0000] {logging_mixin.py:190} INFO - ⚠️ Không đọc được file cũ DBH: 'date'
[2025-10-07T11:40:28.831+0000] {logging_mixin.py:190} INFO - DBH: trích dữ liệu từ 2022-07-08 đến 2025-10-07
[2025-10-07T11:40:28.846+0000] {client.py:83} ERROR - API request failed: HTTPSConnectionPool(host='trading.vietcap.com.vn', port=443): Max retries exceeded with url: /api/chart/OHLCChart/gap (Caused by NameResolutionError("<urllib3.connection.HTTPSConnection object at 0x7e619e918140>: Failed to resolve 'trading.vietcap.com.vn' ([Errno -2] Name or service not known)"))
[2025-10-07T11:40:30.859+0000] {client.py:83} ERROR - API request failed: HTTPSConnectionPool(host='trading.vietcap.com.vn', port=443): Max retries exceeded with url: /api/chart/OHLCChart/gap (Caused by NameResolutionError("<urllib3.connection.HTTPSConnection object at 0x7e619e918a70>: Failed to resolve 'trading.vietcap.com.vn' ([Errno -2] Name or service not known)"))
[2025-10-07T11:40:32.867+0000] {client.py:83} ERROR - API request failed: HTTPSConnectionPool(host='trading.vietcap.com.vn', port=443): Max retries exceeded with url: /api/chart/OHLCChart/gap (Caused by NameResolutionError("<urllib3.connection.HTTPSConnection object at 0x7e619e905a90>: Failed to resolve 'trading.vietcap.com.vn' ([Errno -2] Name or service not known)"))
[2025-10-07T11:40:32.869+0000] {logging_mixin.py:190} INFO - Không tìm thấy dữ liệu cho DBH
[2025-10-07T11:40:32.871+0000] {logging_mixin.py:190} INFO - ℹ️ DBH: Không có dữ liệu mới.
[2025-10-07T11:40:32.872+0000] {logging_mixin.py:190} INFO - ⬇️ Bắt đầu xử lý symbol = DBD
[2025-10-07T11:40:32.893+0000] {logging_mixin.py:190} INFO - ⚠️ Không đọc được file cũ DBD: 'date'
[2025-10-07T11:40:32.908+0000] {logging_mixin.py:190} INFO - DBD: trích dữ liệu từ 2025-10-08 đến 2025-10-07
[2025-10-07T11:40:32.913+0000] {client.py:83} ERROR - API request failed: HTTPSConnectionPool(host='trading.vietcap.com.vn', port=443): Max retries exceeded with url: /api/chart/OHLCChart/gap (Caused by NameResolutionError("<urllib3.connection.HTTPSConnection object at 0x7e619e91a090>: Failed to resolve 'trading.vietcap.com.vn' ([Errno -2] Name or service not known)"))
[2025-10-07T11:40:34.925+0000] {client.py:83} ERROR - API request failed: HTTPSConnectionPool(host='trading.vietcap.com.vn', port=443): Max retries exceeded with url: /api/chart/OHLCChart/gap (Caused by NameResolutionError("<urllib3.connection.HTTPSConnection object at 0x7e619e91ad80>: Failed to resolve 'trading.vietcap.com.vn' ([Errno -2] Name or service not known)"))
[2025-10-07T11:40:36.940+0000] {client.py:83} ERROR - API request failed: HTTPSConnectionPool(host='trading.vietcap.com.vn', port=443): Max retries exceeded with url: /api/chart/OHLCChart/gap (Caused by NameResolutionError("<urllib3.connection.HTTPSConnection object at 0x7e619e91bad0>: Failed to resolve 'trading.vietcap.com.vn' ([Errno -2] Name or service not known)"))
[2025-10-07T11:40:36.944+0000] {logging_mixin.py:190} INFO - Không tìm thấy dữ liệu cho DBD
[2025-10-07T11:40:36.949+0000] {logging_mixin.py:190} INFO - ℹ️ DBD: Không có dữ liệu mới.
[2025-10-07T11:40:36.951+0000] {logging_mixin.py:190} INFO - ⬇️ Bắt đầu xử lý symbol = DBC
[2025-10-07T11:40:36.991+0000] {logging_mixin.py:190} INFO - ⚠️ Không đọc được file cũ DBC: 'date'
[2025-10-07T11:40:37.029+0000] {logging_mixin.py:190} INFO - DBC: trích dữ liệu từ 2025-10-08 đến 2025-10-07
[2025-10-07T11:40:37.045+0000] {client.py:83} ERROR - API request failed: HTTPSConnectionPool(host='trading.vietcap.com.vn', port=443): Max retries exceeded with url: /api/chart/OHLCChart/gap (Caused by NameResolutionError("<urllib3.connection.HTTPSConnection object at 0x7e619e919b50>: Failed to resolve 'trading.vietcap.com.vn' ([Errno -2] Name or service not known)"))
[2025-10-07T11:40:39.061+0000] {client.py:83} ERROR - API request failed: HTTPSConnectionPool(host='trading.vietcap.com.vn', port=443): Max retries exceeded with url: /api/chart/OHLCChart/gap (Caused by NameResolutionError("<urllib3.connection.HTTPSConnection object at 0x7e619e78ca70>: Failed to resolve 'trading.vietcap.com.vn' ([Errno -2] Name or service not known)"))
[2025-10-07T11:40:41.078+0000] {client.py:83} ERROR - API request failed: HTTPSConnectionPool(host='trading.vietcap.com.vn', port=443): Max retries exceeded with url: /api/chart/OHLCChart/gap (Caused by NameResolutionError("<urllib3.connection.HTTPSConnection object at 0x7e619e78d6d0>: Failed to resolve 'trading.vietcap.com.vn' ([Errno -2] Name or service not known)"))
[2025-10-07T11:40:41.084+0000] {logging_mixin.py:190} INFO - Không tìm thấy dữ liệu cho DBC
[2025-10-07T11:40:41.091+0000] {logging_mixin.py:190} INFO - ℹ️ DBC: Không có dữ liệu mới.
[2025-10-07T11:40:41.093+0000] {logging_mixin.py:190} INFO - ⬇️ Bắt đầu xử lý symbol = DAT
[2025-10-07T11:40:41.140+0000] {logging_mixin.py:190} INFO - ⚠️ Không đọc được file cũ DAT: 'date'
[2025-10-07T11:40:41.180+0000] {logging_mixin.py:190} INFO - DAT: trích dữ liệu từ 2025-10-08 đến 2025-10-07
[2025-10-07T11:40:41.199+0000] {client.py:83} ERROR - API request failed: HTTPSConnectionPool(host='trading.vietcap.com.vn', port=443): Max retries exceeded with url: /api/chart/OHLCChart/gap (Caused by NameResolutionError("<urllib3.connection.HTTPSConnection object at 0x7e619e918080>: Failed to resolve 'trading.vietcap.com.vn' ([Errno -2] Name or service not known)"))
[2025-10-07T11:40:43.215+0000] {client.py:83} ERROR - API request failed: HTTPSConnectionPool(host='trading.vietcap.com.vn', port=443): Max retries exceeded with url: /api/chart/OHLCChart/gap (Caused by NameResolutionError("<urllib3.connection.HTTPSConnection object at 0x7e619e91b920>: Failed to resolve 'trading.vietcap.com.vn' ([Errno -2] Name or service not known)"))
[2025-10-07T11:40:45.223+0000] {client.py:83} ERROR - API request failed: HTTPSConnectionPool(host='trading.vietcap.com.vn', port=443): Max retries exceeded with url: /api/chart/OHLCChart/gap (Caused by NameResolutionError("<urllib3.connection.HTTPSConnection object at 0x7e619e907fb0>: Failed to resolve 'trading.vietcap.com.vn' ([Errno -2] Name or service not known)"))
[2025-10-07T11:40:45.224+0000] {logging_mixin.py:190} INFO - Không tìm thấy dữ liệu cho DAT
[2025-10-07T11:40:45.226+0000] {logging_mixin.py:190} INFO - ℹ️ DAT: Không có dữ liệu mới.
[2025-10-07T11:40:45.227+0000] {logging_mixin.py:190} INFO - ⬇️ Bắt đầu xử lý symbol = DAS
[2025-10-07T11:40:45.247+0000] {logging_mixin.py:190} INFO - ⚠️ Không đọc được file cũ DAS: 'date'
[2025-10-07T11:40:45.261+0000] {logging_mixin.py:190} INFO - DAS: trích dữ liệu từ 2025-10-08 đến 2025-10-07
[2025-10-07T11:40:45.267+0000] {client.py:83} ERROR - API request failed: HTTPSConnectionPool(host='trading.vietcap.com.vn', port=443): Max retries exceeded with url: /api/chart/OHLCChart/gap (Caused by NameResolutionError("<urllib3.connection.HTTPSConnection object at 0x7e619e78cbf0>: Failed to resolve 'trading.vietcap.com.vn' ([Errno -2] Name or service not known)"))
[2025-10-07T11:40:47.282+0000] {client.py:83} ERROR - API request failed: HTTPSConnectionPool(host='trading.vietcap.com.vn', port=443): Max retries exceeded with url: /api/chart/OHLCChart/gap (Caused by NameResolutionError("<urllib3.connection.HTTPSConnection object at 0x7e619e91b860>: Failed to resolve 'trading.vietcap.com.vn' ([Errno -2] Name or service not known)"))
[2025-10-07T11:40:49.304+0000] {client.py:83} ERROR - API request failed: HTTPSConnectionPool(host='trading.vietcap.com.vn', port=443): Max retries exceeded with url: /api/chart/OHLCChart/gap (Caused by NameResolutionError("<urllib3.connection.HTTPSConnection object at 0x7e619e918080>: Failed to resolve 'trading.vietcap.com.vn' ([Errno -2] Name or service not known)"))
[2025-10-07T11:40:49.307+0000] {logging_mixin.py:190} INFO - Không tìm thấy dữ liệu cho DAS
[2025-10-07T11:40:49.312+0000] {logging_mixin.py:190} INFO - ℹ️ DAS: Không có dữ liệu mới.
[2025-10-07T11:40:49.314+0000] {logging_mixin.py:190} INFO - 🚦 Giới hạn API đạt mức tối đa, chờ 39.5s...
[2025-10-07T11:41:28.800+0000] {logging_mixin.py:190} INFO - ⬇️ Bắt đầu xử lý symbol = DAR
[2025-10-07T11:41:28.884+0000] {logging_mixin.py:190} INFO - ⚠️ Không đọc được file cũ DAR: 'date'
[2025-10-07T11:41:28.903+0000] {logging_mixin.py:190} INFO - DAR: trích dữ liệu từ 2022-06-01 đến 2025-10-07
[2025-10-07T11:41:28.915+0000] {client.py:83} ERROR - API request failed: HTTPSConnectionPool(host='trading.vietcap.com.vn', port=443): Max retries exceeded with url: /api/chart/OHLCChart/gap (Caused by NameResolutionError("<urllib3.connection.HTTPSConnection object at 0x7e619e78c4d0>: Failed to resolve 'trading.vietcap.com.vn' ([Errno -2] Name or service not known)"))
[2025-10-07T11:41:30.922+0000] {client.py:83} ERROR - API request failed: HTTPSConnectionPool(host='trading.vietcap.com.vn', port=443): Max retries exceeded with url: /api/chart/OHLCChart/gap (Caused by NameResolutionError("<urllib3.connection.HTTPSConnection object at 0x7e619e78eae0>: Failed to resolve 'trading.vietcap.com.vn' ([Errno -2] Name or service not known)"))
[2025-10-07T11:41:32.938+0000] {client.py:83} ERROR - API request failed: HTTPSConnectionPool(host='trading.vietcap.com.vn', port=443): Max retries exceeded with url: /api/chart/OHLCChart/gap (Caused by NameResolutionError("<urllib3.connection.HTTPSConnection object at 0x7e619e91b980>: Failed to resolve 'trading.vietcap.com.vn' ([Errno -2] Name or service not known)"))
[2025-10-07T11:41:32.941+0000] {logging_mixin.py:190} INFO - Không tìm thấy dữ liệu cho DAR
[2025-10-07T11:41:32.946+0000] {logging_mixin.py:190} INFO - ℹ️ DAR: Không có dữ liệu mới.
[2025-10-07T11:41:32.949+0000] {logging_mixin.py:190} INFO - ⬇️ Bắt đầu xử lý symbol = DAN
[2025-10-07T11:41:33.027+0000] {logging_mixin.py:190} INFO - ⚠️ Không đọc được file cũ DAN: 'date'
[2025-10-07T11:41:33.062+0000] {logging_mixin.py:190} INFO - DAN: trích dữ liệu từ 2025-09-30 đến 2025-10-07
[2025-10-07T11:41:33.079+0000] {client.py:83} ERROR - API request failed: HTTPSConnectionPool(host='trading.vietcap.com.vn', port=443): Max retries exceeded with url: /api/chart/OHLCChart/gap (Caused by NameResolutionError("<urllib3.connection.HTTPSConnection object at 0x7e619e78d190>: Failed to resolve 'trading.vietcap.com.vn' ([Errno -2] Name or service not known)"))
[2025-10-07T11:41:35.088+0000] {client.py:83} ERROR - API request failed: HTTPSConnectionPool(host='trading.vietcap.com.vn', port=443): Max retries exceeded with url: /api/chart/OHLCChart/gap (Caused by NameResolutionError("<urllib3.connection.HTTPSConnection object at 0x7e619e78ffe0>: Failed to resolve 'trading.vietcap.com.vn' ([Errno -2] Name or service not known)"))
[2025-10-07T11:41:37.102+0000] {client.py:83} ERROR - API request failed: HTTPSConnectionPool(host='trading.vietcap.com.vn', port=443): Max retries exceeded with url: /api/chart/OHLCChart/gap (Caused by NameResolutionError("<urllib3.connection.HTTPSConnection object at 0x7e619e7a4b00>: Failed to resolve 'trading.vietcap.com.vn' ([Errno -2] Name or service not known)"))
[2025-10-07T11:41:37.105+0000] {logging_mixin.py:190} INFO - Không tìm thấy dữ liệu cho DAN
[2025-10-07T11:41:37.109+0000] {logging_mixin.py:190} INFO - ℹ️ DAN: Không có dữ liệu mới.
[2025-10-07T11:41:37.111+0000] {logging_mixin.py:190} INFO - ⬇️ Bắt đầu xử lý symbol = DAH
[2025-10-07T11:41:37.216+0000] {logging_mixin.py:190} INFO - ⚠️ Không đọc được file cũ DAH: 'date'
[2025-10-07T11:41:37.252+0000] {logging_mixin.py:190} INFO - DAH: trích dữ liệu từ 2025-10-04 đến 2025-10-07
[2025-10-07T11:41:37.266+0000] {client.py:83} ERROR - API request failed: HTTPSConnectionPool(host='trading.vietcap.com.vn', port=443): Max retries exceeded with url: /api/chart/OHLCChart/gap (Caused by NameResolutionError("<urllib3.connection.HTTPSConnection object at 0x7e619e78d5b0>: Failed to resolve 'trading.vietcap.com.vn' ([Errno -2] Name or service not known)"))
[2025-10-07T11:41:39.279+0000] {client.py:83} ERROR - API request failed: HTTPSConnectionPool(host='trading.vietcap.com.vn', port=443): Max retries exceeded with url: /api/chart/OHLCChart/gap (Caused by NameResolutionError("<urllib3.connection.HTTPSConnection object at 0x7e619e7a52e0>: Failed to resolve 'trading.vietcap.com.vn' ([Errno -2] Name or service not known)"))
[2025-10-07T11:41:41.294+0000] {client.py:83} ERROR - API request failed: HTTPSConnectionPool(host='trading.vietcap.com.vn', port=443): Max retries exceeded with url: /api/chart/OHLCChart/gap (Caused by NameResolutionError("<urllib3.connection.HTTPSConnection object at 0x7e619e7a44a0>: Failed to resolve 'trading.vietcap.com.vn' ([Errno -2] Name or service not known)"))
[2025-10-07T11:41:41.297+0000] {logging_mixin.py:190} INFO - Không tìm thấy dữ liệu cho DAH
[2025-10-07T11:41:41.301+0000] {logging_mixin.py:190} INFO - ℹ️ DAH: Không có dữ liệu mới.
[2025-10-07T11:41:41.303+0000] {logging_mixin.py:190} INFO - ⬇️ Bắt đầu xử lý symbol = DAG
[2025-10-07T11:41:41.372+0000] {logging_mixin.py:190} INFO - ⚠️ Không đọc được file cũ DAG: 'date'
[2025-10-07T11:41:41.398+0000] {logging_mixin.py:190} INFO - DAG: trích dữ liệu từ 2024-08-15 đến 2025-10-07
[2025-10-07T11:41:41.409+0000] {client.py:83} ERROR - API request failed: HTTPSConnectionPool(host='trading.vietcap.com.vn', port=443): Max retries exceeded with url: /api/chart/OHLCChart/gap (Caused by NameResolutionError("<urllib3.connection.HTTPSConnection object at 0x7e619e7a6360>: Failed to resolve 'trading.vietcap.com.vn' ([Errno -2] Name or service not known)"))
[2025-10-07T11:41:43.424+0000] {client.py:83} ERROR - API request failed: HTTPSConnectionPool(host='trading.vietcap.com.vn', port=443): Max retries exceeded with url: /api/chart/OHLCChart/gap (Caused by NameResolutionError("<urllib3.connection.HTTPSConnection object at 0x7e619e78fb00>: Failed to resolve 'trading.vietcap.com.vn' ([Errno -2] Name or service not known)"))
[2025-10-07T11:41:45.441+0000] {client.py:83} ERROR - API request failed: HTTPSConnectionPool(host='trading.vietcap.com.vn', port=443): Max retries exceeded with url: /api/chart/OHLCChart/gap (Caused by NameResolutionError("<urllib3.connection.HTTPSConnection object at 0x7e619e78fda0>: Failed to resolve 'trading.vietcap.com.vn' ([Errno -2] Name or service not known)"))
[2025-10-07T11:41:45.445+0000] {logging_mixin.py:190} INFO - Không tìm thấy dữ liệu cho DAG
[2025-10-07T11:41:45.450+0000] {logging_mixin.py:190} INFO - ℹ️ DAG: Không có dữ liệu mới.
[2025-10-07T11:41:45.452+0000] {logging_mixin.py:190} INFO - ⬇️ Bắt đầu xử lý symbol = DAE
[2025-10-07T11:41:45.553+0000] {logging_mixin.py:190} INFO - ⚠️ Không đọc được file cũ DAE: 'date'
[2025-10-07T11:41:45.588+0000] {logging_mixin.py:190} INFO - DAE: trích dữ liệu từ 2025-09-09 đến 2025-10-07
[2025-10-07T11:41:45.596+0000] {client.py:83} ERROR - API request failed: HTTPSConnectionPool(host='trading.vietcap.com.vn', port=443): Max retries exceeded with url: /api/chart/OHLCChart/gap (Caused by NameResolutionError("<urllib3.connection.HTTPSConnection object at 0x7e619e7a6780>: Failed to resolve 'trading.vietcap.com.vn' ([Errno -2] Name or service not known)"))
[2025-10-07T11:41:47.602+0000] {client.py:83} ERROR - API request failed: HTTPSConnectionPool(host='trading.vietcap.com.vn', port=443): Max retries exceeded with url: /api/chart/OHLCChart/gap (Caused by NameResolutionError("<urllib3.connection.HTTPSConnection object at 0x7e619e7a7350>: Failed to resolve 'trading.vietcap.com.vn' ([Errno -2] Name or service not known)"))
[2025-10-07T11:41:49.667+0000] {client.py:83} ERROR - API request failed: HTTPSConnectionPool(host='trading.vietcap.com.vn', port=443): Max retries exceeded with url: /api/chart/OHLCChart/gap (Caused by NameResolutionError("<urllib3.connection.HTTPSConnection object at 0x7e619e9189e0>: Failed to resolve 'trading.vietcap.com.vn' ([Errno -2] Name or service not known)"))
[2025-10-07T11:41:49.672+0000] {logging_mixin.py:190} INFO - Không tìm thấy dữ liệu cho DAE
[2025-10-07T11:41:49.679+0000] {logging_mixin.py:190} INFO - ℹ️ DAE: Không có dữ liệu mới.
[2025-10-07T11:41:49.683+0000] {logging_mixin.py:190} INFO - 🚦 Giới hạn API đạt mức tối đa, chờ 39.1s...
[2025-10-07T11:42:28.801+0000] {logging_mixin.py:190} INFO - ⬇️ Bắt đầu xử lý symbol = DAD
[2025-10-07T11:42:28.834+0000] {logging_mixin.py:190} INFO - ⚠️ Không đọc được file cũ DAD: 'date'
[2025-10-07T11:42:28.848+0000] {logging_mixin.py:190} INFO - DAD: trích dữ liệu từ 2025-10-04 đến 2025-10-07
[2025-10-07T11:42:28.856+0000] {client.py:83} ERROR - API request failed: HTTPSConnectionPool(host='trading.vietcap.com.vn', port=443): Max retries exceeded with url: /api/chart/OHLCChart/gap (Caused by NameResolutionError("<urllib3.connection.HTTPSConnection object at 0x7e619e7e0320>: Failed to resolve 'trading.vietcap.com.vn' ([Errno -2] Name or service not known)"))
[2025-10-07T11:42:30.870+0000] {client.py:83} ERROR - API request failed: HTTPSConnectionPool(host='trading.vietcap.com.vn', port=443): Max retries exceeded with url: /api/chart/OHLCChart/gap (Caused by NameResolutionError("<urllib3.connection.HTTPSConnection object at 0x7e619e7e0e60>: Failed to resolve 'trading.vietcap.com.vn' ([Errno -2] Name or service not known)"))
[2025-10-07T11:42:32.886+0000] {client.py:83} ERROR - API request failed: HTTPSConnectionPool(host='trading.vietcap.com.vn', port=443): Max retries exceeded with url: /api/chart/OHLCChart/gap (Caused by NameResolutionError("<urllib3.connection.HTTPSConnection object at 0x7e619e7e19d0>: Failed to resolve 'trading.vietcap.com.vn' ([Errno -2] Name or service not known)"))
[2025-10-07T11:42:33.139+0000] {logging_mixin.py:190} INFO - Không tìm thấy dữ liệu cho DAD
[2025-10-07T11:42:33.143+0000] {logging_mixin.py:190} INFO - ℹ️ DAD: Không có dữ liệu mới.
[2025-10-07T11:42:33.146+0000] {logging_mixin.py:190} INFO - ⬇️ Bắt đầu xử lý symbol = DAC
[2025-10-07T11:42:33.172+0000] {logging_mixin.py:190} INFO - ⚠️ Không đọc được file cũ DAC: 'date'
[2025-10-07T11:42:33.181+0000] {logging_mixin.py:190} INFO - DAC: trích dữ liệu từ 2025-10-04 đến 2025-10-07
[2025-10-07T11:42:33.187+0000] {client.py:83} ERROR - API request failed: HTTPSConnectionPool(host='trading.vietcap.com.vn', port=443): Max retries exceeded with url: /api/chart/OHLCChart/gap (Caused by NameResolutionError("<urllib3.connection.HTTPSConnection object at 0x7e619e78e390>: Failed to resolve 'trading.vietcap.com.vn' ([Errno -2] Name or service not known)"))
[2025-10-07T11:42:35.200+0000] {client.py:83} ERROR - API request failed: HTTPSConnectionPool(host='trading.vietcap.com.vn', port=443): Max retries exceeded with url: /api/chart/OHLCChart/gap (Caused by NameResolutionError("<urllib3.connection.HTTPSConnection object at 0x7e619e78fe30>: Failed to resolve 'trading.vietcap.com.vn' ([Errno -2] Name or service not known)"))
[2025-10-07T11:42:37.208+0000] {client.py:83} ERROR - API request failed: HTTPSConnectionPool(host='trading.vietcap.com.vn', port=443): Max retries exceeded with url: /api/chart/OHLCChart/gap (Caused by NameResolutionError("<urllib3.connection.HTTPSConnection object at 0x7e619e8c46e0>: Failed to resolve 'trading.vietcap.com.vn' ([Errno -2] Name or service not known)"))
[2025-10-07T11:42:37.212+0000] {logging_mixin.py:190} INFO - Không tìm thấy dữ liệu cho DAC
[2025-10-07T11:42:37.214+0000] {logging_mixin.py:190} INFO - ℹ️ DAC: Không có dữ liệu mới.
[2025-10-07T11:42:37.215+0000] {logging_mixin.py:190} INFO - ⬇️ Bắt đầu xử lý symbol = D2D
[2025-10-07T11:42:37.243+0000] {logging_mixin.py:190} INFO - ⚠️ Không đọc được file cũ D2D: 'date'
[2025-10-07T11:42:37.257+0000] {logging_mixin.py:190} INFO - D2D: trích dữ liệu từ 2025-10-04 đến 2025-10-07
[2025-10-07T11:42:37.264+0000] {client.py:83} ERROR - API request failed: HTTPSConnectionPool(host='trading.vietcap.com.vn', port=443): Max retries exceeded with url: /api/chart/OHLCChart/gap (Caused by NameResolutionError("<urllib3.connection.HTTPSConnection object at 0x7e619e78eea0>: Failed to resolve 'trading.vietcap.com.vn' ([Errno -2] Name or service not known)"))
[2025-10-07T11:42:39.278+0000] {client.py:83} ERROR - API request failed: HTTPSConnectionPool(host='trading.vietcap.com.vn', port=443): Max retries exceeded with url: /api/chart/OHLCChart/gap (Caused by NameResolutionError("<urllib3.connection.HTTPSConnection object at 0x7e619e78dc40>: Failed to resolve 'trading.vietcap.com.vn' ([Errno -2] Name or service not known)"))
[2025-10-07T11:42:41.287+0000] {client.py:83} ERROR - API request failed: HTTPSConnectionPool(host='trading.vietcap.com.vn', port=443): Max retries exceeded with url: /api/chart/OHLCChart/gap (Caused by NameResolutionError("<urllib3.connection.HTTPSConnection object at 0x7e619e78e510>: Failed to resolve 'trading.vietcap.com.vn' ([Errno -2] Name or service not known)"))
[2025-10-07T11:42:41.288+0000] {logging_mixin.py:190} INFO - Không tìm thấy dữ liệu cho D2D
[2025-10-07T11:42:41.290+0000] {logging_mixin.py:190} INFO - ℹ️ D2D: Không có dữ liệu mới.
[2025-10-07T11:42:41.291+0000] {logging_mixin.py:190} INFO - 🚦 Giới hạn API đạt mức tối đa, chờ 0.0s...
[2025-10-07T11:42:41.304+0000] {logging_mixin.py:190} INFO - ⬇️ Bắt đầu xử lý symbol = D17
[2025-10-07T11:42:41.334+0000] {logging_mixin.py:190} INFO - ⚠️ Không đọc được file cũ D17: 'date'
[2025-10-07T11:42:41.343+0000] {logging_mixin.py:190} INFO - D17: trích dữ liệu từ 2024-08-29 đến 2025-10-07
[2025-10-07T11:42:41.349+0000] {client.py:83} ERROR - API request failed: HTTPSConnectionPool(host='trading.vietcap.com.vn', port=443): Max retries exceeded with url: /api/chart/OHLCChart/gap (Caused by NameResolutionError("<urllib3.connection.HTTPSConnection object at 0x7e619e7a53d0>: Failed to resolve 'trading.vietcap.com.vn' ([Errno -2] Name or service not known)"))
[2025-10-07T11:42:43.362+0000] {client.py:83} ERROR - API request failed: HTTPSConnectionPool(host='trading.vietcap.com.vn', port=443): Max retries exceeded with url: /api/chart/OHLCChart/gap (Caused by NameResolutionError("<urllib3.connection.HTTPSConnection object at 0x7e619e78e660>: Failed to resolve 'trading.vietcap.com.vn' ([Errno -2] Name or service not known)"))
[2025-10-07T11:42:45.379+0000] {client.py:83} ERROR - API request failed: HTTPSConnectionPool(host='trading.vietcap.com.vn', port=443): Max retries exceeded with url: /api/chart/OHLCChart/gap (Caused by NameResolutionError("<urllib3.connection.HTTPSConnection object at 0x7e619e78e420>: Failed to resolve 'trading.vietcap.com.vn' ([Errno -2] Name or service not known)"))
[2025-10-07T11:42:45.382+0000] {logging_mixin.py:190} INFO - Không tìm thấy dữ liệu cho D17
[2025-10-07T11:42:45.386+0000] {logging_mixin.py:190} INFO - ℹ️ D17: Không có dữ liệu mới.
[2025-10-07T11:42:45.388+0000] {logging_mixin.py:190} INFO - 🚦 Giới hạn API đạt mức tối đa, chờ 0.1s...
[2025-10-07T11:42:45.454+0000] {logging_mixin.py:190} INFO - ⬇️ Bắt đầu xử lý symbol = D11
[2025-10-07T11:42:45.541+0000] {logging_mixin.py:190} INFO - ⚠️ Không đọc được file cũ D11: 'date'
[2025-10-07T11:42:45.580+0000] {logging_mixin.py:190} INFO - D11: trích dữ liệu từ 2025-10-04 đến 2025-10-07
[2025-10-07T11:42:45.598+0000] {client.py:83} ERROR - API request failed: HTTPSConnectionPool(host='trading.vietcap.com.vn', port=443): Max retries exceeded with url: /api/chart/OHLCChart/gap (Caused by NameResolutionError("<urllib3.connection.HTTPSConnection object at 0x7e619e919760>: Failed to resolve 'trading.vietcap.com.vn' ([Errno -2] Name or service not known)"))
[2025-10-07T11:42:47.606+0000] {client.py:83} ERROR - API request failed: HTTPSConnectionPool(host='trading.vietcap.com.vn', port=443): Max retries exceeded with url: /api/chart/OHLCChart/gap (Caused by NameResolutionError("<urllib3.connection.HTTPSConnection object at 0x7e619e919a30>: Failed to resolve 'trading.vietcap.com.vn' ([Errno -2] Name or service not known)"))
[2025-10-07T11:42:49.614+0000] {client.py:83} ERROR - API request failed: HTTPSConnectionPool(host='trading.vietcap.com.vn', port=443): Max retries exceeded with url: /api/chart/OHLCChart/gap (Caused by NameResolutionError("<urllib3.connection.HTTPSConnection object at 0x7e619e78fa70>: Failed to resolve 'trading.vietcap.com.vn' ([Errno -2] Name or service not known)"))
[2025-10-07T11:42:49.616+0000] {logging_mixin.py:190} INFO - Không tìm thấy dữ liệu cho D11
[2025-10-07T11:42:49.618+0000] {logging_mixin.py:190} INFO - ℹ️ D11: Không có dữ liệu mới.
[2025-10-07T11:42:49.619+0000] {logging_mixin.py:190} INFO - 🚦 Giới hạn API đạt mức tối đa, chờ 39.2s...
[2025-10-07T11:43:28.799+0000] {logging_mixin.py:190} INFO - ⬇️ Bắt đầu xử lý symbol = CYC
[2025-10-07T11:43:28.835+0000] {logging_mixin.py:190} INFO - ⚠️ Không đọc được file cũ CYC: 'date'
[2025-10-07T11:43:28.852+0000] {logging_mixin.py:190} INFO - CYC: trích dữ liệu từ 2025-09-27 đến 2025-10-07
[2025-10-07T11:43:28.860+0000] {client.py:83} ERROR - API request failed: HTTPSConnectionPool(host='trading.vietcap.com.vn', port=443): Max retries exceeded with url: /api/chart/OHLCChart/gap (Caused by NameResolutionError("<urllib3.connection.HTTPSConnection object at 0x7e619e919f10>: Failed to resolve 'trading.vietcap.com.vn' ([Errno -2] Name or service not known)"))
[2025-10-07T11:43:30.875+0000] {client.py:83} ERROR - API request failed: HTTPSConnectionPool(host='trading.vietcap.com.vn', port=443): Max retries exceeded with url: /api/chart/OHLCChart/gap (Caused by NameResolutionError("<urllib3.connection.HTTPSConnection object at 0x7e619e9186e0>: Failed to resolve 'trading.vietcap.com.vn' ([Errno -2] Name or service not known)"))
[2025-10-07T11:43:32.892+0000] {client.py:83} ERROR - API request failed: HTTPSConnectionPool(host='trading.vietcap.com.vn', port=443): Max retries exceeded with url: /api/chart/OHLCChart/gap (Caused by NameResolutionError("<urllib3.connection.HTTPSConnection object at 0x7e619e7e01a0>: Failed to resolve 'trading.vietcap.com.vn' ([Errno -2] Name or service not known)"))
[2025-10-07T11:43:32.895+0000] {logging_mixin.py:190} INFO - Không tìm thấy dữ liệu cho CYC
[2025-10-07T11:43:32.901+0000] {logging_mixin.py:190} INFO - ℹ️ CYC: Không có dữ liệu mới.
[2025-10-07T11:43:32.903+0000] {logging_mixin.py:190} INFO - 🚦 Giới hạn API đạt mức tối đa, chờ 0.2s...
[2025-10-07T11:43:33.149+0000] {logging_mixin.py:190} INFO - ⬇️ Bắt đầu xử lý symbol = CX8
[2025-10-07T11:43:33.270+0000] {logging_mixin.py:190} INFO - ⚠️ Không đọc được file cũ CX8: 'date'
[2025-10-07T11:43:33.294+0000] {logging_mixin.py:190} INFO - CX8: trích dữ liệu từ 2025-10-04 đến 2025-10-07
[2025-10-07T11:43:33.302+0000] {client.py:83} ERROR - API request failed: HTTPSConnectionPool(host='trading.vietcap.com.vn', port=443): Max retries exceeded with url: /api/chart/OHLCChart/gap (Caused by NameResolutionError("<urllib3.connection.HTTPSConnection object at 0x7e619e918050>: Failed to resolve 'trading.vietcap.com.vn' ([Errno -2] Name or service not known)"))
[2025-10-07T11:43:35.313+0000] {client.py:83} ERROR - API request failed: HTTPSConnectionPool(host='trading.vietcap.com.vn', port=443): Max retries exceeded with url: /api/chart/OHLCChart/gap (Caused by NameResolutionError("<urllib3.connection.HTTPSConnection object at 0x7e619e7a5850>: Failed to resolve 'trading.vietcap.com.vn' ([Errno -2] Name or service not known)"))
[2025-10-07T11:43:37.321+0000] {client.py:83} ERROR - API request failed: HTTPSConnectionPool(host='trading.vietcap.com.vn', port=443): Max retries exceeded with url: /api/chart/OHLCChart/gap (Caused by NameResolutionError("<urllib3.connection.HTTPSConnection object at 0x7e619e7e0920>: Failed to resolve 'trading.vietcap.com.vn' ([Errno -2] Name or service not known)"))
[2025-10-07T11:43:37.322+0000] {logging_mixin.py:190} INFO - Không tìm thấy dữ liệu cho CX8
[2025-10-07T11:43:37.325+0000] {logging_mixin.py:190} INFO - ℹ️ CX8: Không có dữ liệu mới.
[2025-10-07T11:43:37.326+0000] {logging_mixin.py:190} INFO - ⬇️ Bắt đầu xử lý symbol = CVT
[2025-10-07T11:43:37.366+0000] {logging_mixin.py:190} INFO - ⚠️ Không đọc được file cũ CVT: 'date'
[2025-10-07T11:43:37.380+0000] {logging_mixin.py:190} INFO - CVT: trích dữ liệu từ 2025-10-02 đến 2025-10-07
[2025-10-07T11:43:37.388+0000] {client.py:83} ERROR - API request failed: HTTPSConnectionPool(host='trading.vietcap.com.vn', port=443): Max retries exceeded with url: /api/chart/OHLCChart/gap (Caused by NameResolutionError("<urllib3.connection.HTTPSConnection object at 0x7e619e7e3530>: Failed to resolve 'trading.vietcap.com.vn' ([Errno -2] Name or service not known)"))
[2025-10-07T11:43:39.394+0000] {client.py:83} ERROR - API request failed: HTTPSConnectionPool(host='trading.vietcap.com.vn', port=443): Max retries exceeded with url: /api/chart/OHLCChart/gap (Caused by NameResolutionError("<urllib3.connection.HTTPSConnection object at 0x7e619e7a61b0>: Failed to resolve 'trading.vietcap.com.vn' ([Errno -2] Name or service not known)"))
[2025-10-07T11:43:41.401+0000] {client.py:83} ERROR - API request failed: HTTPSConnectionPool(host='trading.vietcap.com.vn', port=443): Max retries exceeded with url: /api/chart/OHLCChart/gap (Caused by NameResolutionError("<urllib3.connection.HTTPSConnection object at 0x7e619e9195e0>: Failed to resolve 'trading.vietcap.com.vn' ([Errno -2] Name or service not known)"))
[2025-10-07T11:43:41.402+0000] {logging_mixin.py:190} INFO - Không tìm thấy dữ liệu cho CVT
[2025-10-07T11:43:41.404+0000] {logging_mixin.py:190} INFO - ℹ️ CVT: Không có dữ liệu mới.
[2025-10-07T11:43:41.405+0000] {logging_mixin.py:190} INFO - ⬇️ Bắt đầu xử lý symbol = CVP
[2025-10-07T11:43:41.436+0000] {logging_mixin.py:190} INFO - ⚠️ Không đọc được file cũ CVP: 'date'
[2025-10-07T11:43:41.448+0000] {logging_mixin.py:190} INFO - CVP: trích dữ liệu từ 2022-07-29 đến 2025-10-07
[2025-10-07T11:43:41.454+0000] {client.py:83} ERROR - API request failed: HTTPSConnectionPool(host='trading.vietcap.com.vn', port=443): Max retries exceeded with url: /api/chart/OHLCChart/gap (Caused by NameResolutionError("<urllib3.connection.HTTPSConnection object at 0x7e619e7e3f80>: Failed to resolve 'trading.vietcap.com.vn' ([Errno -2] Name or service not known)"))
[2025-10-07T11:43:43.462+0000] {client.py:83} ERROR - API request failed: HTTPSConnectionPool(host='trading.vietcap.com.vn', port=443): Max retries exceeded with url: /api/chart/OHLCChart/gap (Caused by NameResolutionError("<urllib3.connection.HTTPSConnection object at 0x7e619e7f8e60>: Failed to resolve 'trading.vietcap.com.vn' ([Errno -2] Name or service not known)"))
[2025-10-07T11:43:45.469+0000] {client.py:83} ERROR - API request failed: HTTPSConnectionPool(host='trading.vietcap.com.vn', port=443): Max retries exceeded with url: /api/chart/OHLCChart/gap (Caused by NameResolutionError("<urllib3.connection.HTTPSConnection object at 0x7e619e7e01d0>: Failed to resolve 'trading.vietcap.com.vn' ([Errno -2] Name or service not known)"))
[2025-10-07T11:43:45.470+0000] {logging_mixin.py:190} INFO - Không tìm thấy dữ liệu cho CVP
[2025-10-07T11:43:45.472+0000] {logging_mixin.py:190} INFO - ℹ️ CVP: Không có dữ liệu mới.
[2025-10-07T11:43:45.472+0000] {logging_mixin.py:190} INFO - ⬇️ Bắt đầu xử lý symbol = CVN
[2025-10-07T11:43:45.500+0000] {logging_mixin.py:190} INFO - ⚠️ Không đọc được file cũ CVN: 'date'
[2025-10-07T11:43:45.513+0000] {logging_mixin.py:190} INFO - CVN: trích dữ liệu từ 2025-10-04 đến 2025-10-07
[2025-10-07T11:43:45.519+0000] {client.py:83} ERROR - API request failed: HTTPSConnectionPool(host='trading.vietcap.com.vn', port=443): Max retries exceeded with url: /api/chart/OHLCChart/gap (Caused by NameResolutionError("<urllib3.connection.HTTPSConnection object at 0x7e619e7a4200>: Failed to resolve 'trading.vietcap.com.vn' ([Errno -2] Name or service not known)"))
[2025-10-07T11:43:47.527+0000] {client.py:83} ERROR - API request failed: HTTPSConnectionPool(host='trading.vietcap.com.vn', port=443): Max retries exceeded with url: /api/chart/OHLCChart/gap (Caused by NameResolutionError("<urllib3.connection.HTTPSConnection object at 0x7e619e7f8830>: Failed to resolve 'trading.vietcap.com.vn' ([Errno -2] Name or service not known)"))
[2025-10-07T11:43:49.541+0000] {client.py:83} ERROR - API request failed: HTTPSConnectionPool(host='trading.vietcap.com.vn', port=443): Max retries exceeded with url: /api/chart/OHLCChart/gap (Caused by NameResolutionError("<urllib3.connection.HTTPSConnection object at 0x7e619e7f9400>: Failed to resolve 'trading.vietcap.com.vn' ([Errno -2] Name or service not known)"))
[2025-10-07T11:43:49.545+0000] {logging_mixin.py:190} INFO - Không tìm thấy dữ liệu cho CVN
[2025-10-07T11:43:49.550+0000] {logging_mixin.py:190} INFO - ℹ️ CVN: Không có dữ liệu mới.
[2025-10-07T11:43:49.552+0000] {logging_mixin.py:190} INFO - 🚦 Giới hạn API đạt mức tối đa, chờ 39.2s...
[2025-10-07T11:44:28.797+0000] {logging_mixin.py:190} INFO - ⬇️ Bắt đầu xử lý symbol = CTX
[2025-10-07T11:44:28.891+0000] {logging_mixin.py:190} INFO - ⚠️ Không đọc được file cũ CTX: 'date'
[2025-10-07T11:44:28.931+0000] {logging_mixin.py:190} INFO - CTX: trích dữ liệu từ 2025-10-04 đến 2025-10-07
[2025-10-07T11:44:28.952+0000] {client.py:83} ERROR - API request failed: HTTPSConnectionPool(host='trading.vietcap.com.vn', port=443): Max retries exceeded with url: /api/chart/OHLCChart/gap (Caused by NameResolutionError("<urllib3.connection.HTTPSConnection object at 0x7e619e7e3890>: Failed to resolve 'trading.vietcap.com.vn' ([Errno -2] Name or service not known)"))
[2025-10-07T11:44:30.968+0000] {client.py:83} ERROR - API request failed: HTTPSConnectionPool(host='trading.vietcap.com.vn', port=443): Max retries exceeded with url: /api/chart/OHLCChart/gap (Caused by NameResolutionError("<urllib3.connection.HTTPSConnection object at 0x7e619e91b4a0>: Failed to resolve 'trading.vietcap.com.vn' ([Errno -2] Name or service not known)"))
[2025-10-07T11:44:32.983+0000] {client.py:83} ERROR - API request failed: HTTPSConnectionPool(host='trading.vietcap.com.vn', port=443): Max retries exceeded with url: /api/chart/OHLCChart/gap (Caused by NameResolutionError("<urllib3.connection.HTTPSConnection object at 0x7e619e9181d0>: Failed to resolve 'trading.vietcap.com.vn' ([Errno -2] Name or service not known)"))
[2025-10-07T11:44:32.986+0000] {logging_mixin.py:190} INFO - Không tìm thấy dữ liệu cho CTX
[2025-10-07T11:44:32.993+0000] {logging_mixin.py:190} INFO - ℹ️ CTX: Không có dữ liệu mới.
[2025-10-07T11:44:32.995+0000] {logging_mixin.py:190} INFO - 🚦 Giới hạn API đạt mức tối đa, chờ 0.2s...
[2025-10-07T11:44:33.151+0000] {logging_mixin.py:190} INFO - ⬇️ Bắt đầu xử lý symbol = CTW
[2025-10-07T11:44:33.237+0000] {logging_mixin.py:190} INFO - ⚠️ Không đọc được file cũ CTW: 'date'
[2025-10-07T11:44:33.274+0000] {logging_mixin.py:190} INFO - CTW: trích dữ liệu từ 2025-10-04 đến 2025-10-07
[2025-10-07T11:44:33.291+0000] {client.py:83} ERROR - API request failed: HTTPSConnectionPool(host='trading.vietcap.com.vn', port=443): Max retries exceeded with url: /api/chart/OHLCChart/gap (Caused by NameResolutionError("<urllib3.connection.HTTPSConnection object at 0x7e619e78e390>: Failed to resolve 'trading.vietcap.com.vn' ([Errno -2] Name or service not known)"))
[2025-10-07T11:44:35.355+0000] {client.py:83} ERROR - API request failed: HTTPSConnectionPool(host='trading.vietcap.com.vn', port=443): Max retries exceeded with url: /api/chart/OHLCChart/gap (Caused by NameResolutionError("<urllib3.connection.HTTPSConnection object at 0x7e619e918530>: Failed to resolve 'trading.vietcap.com.vn' ([Errno -2] Name or service not known)"))
[2025-10-07T11:44:37.364+0000] {client.py:83} ERROR - API request failed: HTTPSConnectionPool(host='trading.vietcap.com.vn', port=443): Max retries exceeded with url: /api/chart/OHLCChart/gap (Caused by NameResolutionError("<urllib3.connection.HTTPSConnection object at 0x7e619e7e2ea0>: Failed to resolve 'trading.vietcap.com.vn' ([Errno -2] Name or service not known)"))
[2025-10-07T11:44:37.366+0000] {logging_mixin.py:190} INFO - Không tìm thấy dữ liệu cho CTW
[2025-10-07T11:44:37.367+0000] {logging_mixin.py:190} INFO - ℹ️ CTW: Không có dữ liệu mới.
[2025-10-07T11:44:37.368+0000] {logging_mixin.py:190} INFO - ⬇️ Bắt đầu xử lý symbol = CTT
[2025-10-07T11:44:37.394+0000] {logging_mixin.py:190} INFO - ⚠️ Không đọc được file cũ CTT: 'date'
[2025-10-07T11:44:37.406+0000] {logging_mixin.py:190} INFO - CTT: trích dữ liệu từ 2025-10-03 đến 2025-10-07
[2025-10-07T11:44:37.412+0000] {client.py:83} ERROR - API request failed: HTTPSConnectionPool(host='trading.vietcap.com.vn', port=443): Max retries exceeded with url: /api/chart/OHLCChart/gap (Caused by NameResolutionError("<urllib3.connection.HTTPSConnection object at 0x7e619e78c4d0>: Failed to resolve 'trading.vietcap.com.vn' ([Errno -2] Name or service not known)"))
[2025-10-07T11:44:39.427+0000] {client.py:83} ERROR - API request failed: HTTPSConnectionPool(host='trading.vietcap.com.vn', port=443): Max retries exceeded with url: /api/chart/OHLCChart/gap (Caused by NameResolutionError("<urllib3.connection.HTTPSConnection object at 0x7e619e78e870>: Failed to resolve 'trading.vietcap.com.vn' ([Errno -2] Name or service not known)"))
[2025-10-07T11:44:41.602+0000] {client.py:83} ERROR - API request failed: HTTPSConnectionPool(host='trading.vietcap.com.vn', port=443): Max retries exceeded with url: /api/chart/OHLCChart/gap (Caused by NameResolutionError("<urllib3.connection.HTTPSConnection object at 0x7e619e7a6db0>: Failed to resolve 'trading.vietcap.com.vn' ([Errno -2] Name or service not known)"))
[2025-10-07T11:44:41.603+0000] {logging_mixin.py:190} INFO - Không tìm thấy dữ liệu cho CTT
[2025-10-07T11:44:41.605+0000] {logging_mixin.py:190} INFO - ℹ️ CTT: Không có dữ liệu mới.
[2025-10-07T11:44:41.606+0000] {logging_mixin.py:190} INFO - ⬇️ Bắt đầu xử lý symbol = CTS
[2025-10-07T11:44:41.649+0000] {logging_mixin.py:190} INFO - ⚠️ Không đọc được file cũ CTS: 'date'
[2025-10-07T11:44:41.668+0000] {logging_mixin.py:190} INFO - CTS: trích dữ liệu từ 2025-10-04 đến 2025-10-07
[2025-10-07T11:44:41.675+0000] {client.py:83} ERROR - API request failed: HTTPSConnectionPool(host='trading.vietcap.com.vn', port=443): Max retries exceeded with url: /api/chart/OHLCChart/gap (Caused by NameResolutionError("<urllib3.connection.HTTPSConnection object at 0x7e619e78db50>: Failed to resolve 'trading.vietcap.com.vn' ([Errno -2] Name or service not known)"))
[2025-10-07T11:44:43.693+0000] {client.py:83} ERROR - API request failed: HTTPSConnectionPool(host='trading.vietcap.com.vn', port=443): Max retries exceeded with url: /api/chart/OHLCChart/gap (Caused by NameResolutionError("<urllib3.connection.HTTPSConnection object at 0x7e619e78e9f0>: Failed to resolve 'trading.vietcap.com.vn' ([Errno -2] Name or service not known)"))
[2025-10-07T11:44:45.755+0000] {client.py:83} ERROR - API request failed: HTTPSConnectionPool(host='trading.vietcap.com.vn', port=443): Max retries exceeded with url: /api/chart/OHLCChart/gap (Caused by NameResolutionError("<urllib3.connection.HTTPSConnection object at 0x7e619e7e36b0>: Failed to resolve 'trading.vietcap.com.vn' ([Errno -2] Name or service not known)"))
[2025-10-07T11:44:45.758+0000] {logging_mixin.py:190} INFO - Không tìm thấy dữ liệu cho CTS
[2025-10-07T11:44:45.762+0000] {logging_mixin.py:190} INFO - ℹ️ CTS: Không có dữ liệu mới.
[2025-10-07T11:44:45.764+0000] {logging_mixin.py:190} INFO - ⬇️ Bắt đầu xử lý symbol = CTR
[2025-10-07T11:44:45.846+0000] {logging_mixin.py:190} INFO - ⚠️ Không đọc được file cũ CTR: 'date'
[2025-10-07T11:44:45.883+0000] {logging_mixin.py:190} INFO - CTR: trích dữ liệu từ 2025-10-04 đến 2025-10-07
[2025-10-07T11:44:45.900+0000] {client.py:83} ERROR - API request failed: HTTPSConnectionPool(host='trading.vietcap.com.vn', port=443): Max retries exceeded with url: /api/chart/OHLCChart/gap (Caused by NameResolutionError("<urllib3.connection.HTTPSConnection object at 0x7e619e78ff50>: Failed to resolve 'trading.vietcap.com.vn' ([Errno -2] Name or service not known)"))
[2025-10-07T11:44:47.918+0000] {client.py:83} ERROR - API request failed: HTTPSConnectionPool(host='trading.vietcap.com.vn', port=443): Max retries exceeded with url: /api/chart/OHLCChart/gap (Caused by NameResolutionError("<urllib3.connection.HTTPSConnection object at 0x7e619e7e2000>: Failed to resolve 'trading.vietcap.com.vn' ([Errno -2] Name or service not known)"))
[2025-10-07T11:44:49.933+0000] {client.py:83} ERROR - API request failed: HTTPSConnectionPool(host='trading.vietcap.com.vn', port=443): Max retries exceeded with url: /api/chart/OHLCChart/gap (Caused by NameResolutionError("<urllib3.connection.HTTPSConnection object at 0x7e619e7e0320>: Failed to resolve 'trading.vietcap.com.vn' ([Errno -2] Name or service not known)"))
[2025-10-07T11:44:49.936+0000] {logging_mixin.py:190} INFO - Không tìm thấy dữ liệu cho CTR
[2025-10-07T11:44:49.944+0000] {logging_mixin.py:190} INFO - ℹ️ CTR: Không có dữ liệu mới.
[2025-10-07T11:44:49.951+0000] {logging_mixin.py:190} INFO - 🚦 Giới hạn API đạt mức tối đa, chờ 38.8s...
[2025-10-07T11:45:28.797+0000] {logging_mixin.py:190} INFO - ⬇️ Bắt đầu xử lý symbol = CTP
[2025-10-07T11:45:28.901+0000] {logging_mixin.py:190} INFO - ⚠️ Không đọc được file cũ CTP: 'date'
[2025-10-07T11:45:28.937+0000] {logging_mixin.py:190} INFO - CTP: trích dữ liệu từ 2025-10-04 đến 2025-10-07
[2025-10-07T11:45:28.956+0000] {client.py:83} ERROR - API request failed: HTTPSConnectionPool(host='trading.vietcap.com.vn', port=443): Max retries exceeded with url: /api/chart/OHLCChart/gap (Caused by NameResolutionError("<urllib3.connection.HTTPSConnection object at 0x7e619e7e2360>: Failed to resolve 'trading.vietcap.com.vn' ([Errno -2] Name or service not known)"))
[2025-10-07T11:45:30.972+0000] {client.py:83} ERROR - API request failed: HTTPSConnectionPool(host='trading.vietcap.com.vn', port=443): Max retries exceeded with url: /api/chart/OHLCChart/gap (Caused by NameResolutionError("<urllib3.connection.HTTPSConnection object at 0x7e619e7e1af0>: Failed to resolve 'trading.vietcap.com.vn' ([Errno -2] Name or service not known)"))
[2025-10-07T11:45:32.980+0000] {client.py:83} ERROR - API request failed: HTTPSConnectionPool(host='trading.vietcap.com.vn', port=443): Max retries exceeded with url: /api/chart/OHLCChart/gap (Caused by NameResolutionError("<urllib3.connection.HTTPSConnection object at 0x7e619e78eb10>: Failed to resolve 'trading.vietcap.com.vn' ([Errno -2] Name or service not known)"))
[2025-10-07T11:45:32.981+0000] {logging_mixin.py:190} INFO - Không tìm thấy dữ liệu cho CTP
[2025-10-07T11:45:32.982+0000] {logging_mixin.py:190} INFO - ℹ️ CTP: Không có dữ liệu mới.
[2025-10-07T11:45:32.983+0000] {logging_mixin.py:190} INFO - 🚦 Giới hạn API đạt mức tối đa, chờ 0.2s...
[2025-10-07T11:45:33.151+0000] {logging_mixin.py:190} INFO - ⬇️ Bắt đầu xử lý symbol = CTN
[2025-10-07T11:45:33.177+0000] {logging_mixin.py:190} INFO - ⚠️ Không đọc được file cũ CTN: 'date'
[2025-10-07T11:45:33.191+0000] {logging_mixin.py:190} INFO - CTN: trích dữ liệu từ 2024-07-26 đến 2025-10-07
[2025-10-07T11:45:33.197+0000] {client.py:83} ERROR - API request failed: HTTPSConnectionPool(host='trading.vietcap.com.vn', port=443): Max retries exceeded with url: /api/chart/OHLCChart/gap (Caused by NameResolutionError("<urllib3.connection.HTTPSConnection object at 0x7e619e918800>: Failed to resolve 'trading.vietcap.com.vn' ([Errno -2] Name or service not known)"))
[2025-10-07T11:45:35.207+0000] {client.py:83} ERROR - API request failed: HTTPSConnectionPool(host='trading.vietcap.com.vn', port=443): Max retries exceeded with url: /api/chart/OHLCChart/gap (Caused by NameResolutionError("<urllib3.connection.HTTPSConnection object at 0x7e619e8c4320>: Failed to resolve 'trading.vietcap.com.vn' ([Errno -2] Name or service not known)"))
[2025-10-07T11:45:37.226+0000] {client.py:83} ERROR - API request failed: HTTPSConnectionPool(host='trading.vietcap.com.vn', port=443): Max retries exceeded with url: /api/chart/OHLCChart/gap (Caused by NameResolutionError("<urllib3.connection.HTTPSConnection object at 0x7e619e919f10>: Failed to resolve 'trading.vietcap.com.vn' ([Errno -2] Name or service not known)"))
[2025-10-07T11:45:37.229+0000] {logging_mixin.py:190} INFO - Không tìm thấy dữ liệu cho CTN
[2025-10-07T11:45:37.236+0000] {logging_mixin.py:190} INFO - ℹ️ CTN: Không có dữ liệu mới.
[2025-10-07T11:45:37.238+0000] {logging_mixin.py:190} INFO - 🚦 Giới hạn API đạt mức tối đa, chờ 0.1s...
[2025-10-07T11:45:37.371+0000] {logging_mixin.py:190} INFO - ⬇️ Bắt đầu xử lý symbol = CTI
[2025-10-07T11:45:37.407+0000] {logging_mixin.py:190} INFO - ⚠️ Không đọc được file cũ CTI: 'date'
[2025-10-07T11:45:37.419+0000] {logging_mixin.py:190} INFO - CTI: trích dữ liệu từ 2025-10-04 đến 2025-10-07
[2025-10-07T11:45:37.425+0000] {client.py:83} ERROR - API request failed: HTTPSConnectionPool(host='trading.vietcap.com.vn', port=443): Max retries exceeded with url: /api/chart/OHLCChart/gap (Caused by NameResolutionError("<urllib3.connection.HTTPSConnection object at 0x7e619e7e2ba0>: Failed to resolve 'trading.vietcap.com.vn' ([Errno -2] Name or service not known)"))
[2025-10-07T11:45:39.439+0000] {client.py:83} ERROR - API request failed: HTTPSConnectionPool(host='trading.vietcap.com.vn', port=443): Max retries exceeded with url: /api/chart/OHLCChart/gap (Caused by NameResolutionError("<urllib3.connection.HTTPSConnection object at 0x7e619e7e3ef0>: Failed to resolve 'trading.vietcap.com.vn' ([Errno -2] Name or service not known)"))
[2025-10-07T11:45:41.447+0000] {client.py:83} ERROR - API request failed: HTTPSConnectionPool(host='trading.vietcap.com.vn', port=443): Max retries exceeded with url: /api/chart/OHLCChart/gap (Caused by NameResolutionError("<urllib3.connection.HTTPSConnection object at 0x7e619e7f9100>: Failed to resolve 'trading.vietcap.com.vn' ([Errno -2] Name or service not known)"))
[2025-10-07T11:45:41.448+0000] {logging_mixin.py:190} INFO - Không tìm thấy dữ liệu cho CTI
[2025-10-07T11:45:41.450+0000] {logging_mixin.py:190} INFO - ℹ️ CTI: Không có dữ liệu mới.
[2025-10-07T11:45:41.451+0000] {logging_mixin.py:190} INFO - 🚦 Giới hạn API đạt mức tối đa, chờ 0.2s...
[2025-10-07T11:45:41.608+0000] {logging_mixin.py:190} INFO - ⬇️ Bắt đầu xử lý symbol = CTG
[2025-10-07T11:45:41.697+0000] {logging_mixin.py:190} INFO - ⚠️ Không đọc được file cũ CTG: 'date'
[2025-10-07T11:45:41.732+0000] {logging_mixin.py:190} INFO - CTG: trích dữ liệu từ 2025-10-04 đến 2025-10-07
[2025-10-07T11:45:41.779+0000] {client.py:83} ERROR - API request failed: HTTPSConnectionPool(host='trading.vietcap.com.vn', port=443): Max retries exceeded with url: /api/chart/OHLCChart/gap (Caused by NameResolutionError("<urllib3.connection.HTTPSConnection object at 0x7e619e7a7ec0>: Failed to resolve 'trading.vietcap.com.vn' ([Errno -2] Name or service not known)"))
[2025-10-07T11:45:43.794+0000] {client.py:83} ERROR - API request failed: HTTPSConnectionPool(host='trading.vietcap.com.vn', port=443): Max retries exceeded with url: /api/chart/OHLCChart/gap (Caused by NameResolutionError("<urllib3.connection.HTTPSConnection object at 0x7e619e91baa0>: Failed to resolve 'trading.vietcap.com.vn' ([Errno -2] Name or service not known)"))
[2025-10-07T11:45:45.805+0000] {client.py:83} ERROR - API request failed: HTTPSConnectionPool(host='trading.vietcap.com.vn', port=443): Max retries exceeded with url: /api/chart/OHLCChart/gap (Caused by NameResolutionError("<urllib3.connection.HTTPSConnection object at 0x7e619e7fb920>: Failed to resolve 'trading.vietcap.com.vn' ([Errno -2] Name or service not known)"))
[2025-10-07T11:45:45.806+0000] {logging_mixin.py:190} INFO - Không tìm thấy dữ liệu cho CTG
[2025-10-07T11:45:45.808+0000] {logging_mixin.py:190} INFO - ℹ️ CTG: Không có dữ liệu mới.
[2025-10-07T11:45:45.809+0000] {logging_mixin.py:190} INFO - ⬇️ Bắt đầu xử lý symbol = CTF
[2025-10-07T11:45:45.843+0000] {logging_mixin.py:190} INFO - ⚠️ Không đọc được file cũ CTF: 'date'
[2025-10-07T11:45:45.858+0000] {logging_mixin.py:190} INFO - CTF: trích dữ liệu từ 2025-10-04 đến 2025-10-07
[2025-10-07T11:45:45.864+0000] {client.py:83} ERROR - API request failed: HTTPSConnectionPool(host='trading.vietcap.com.vn', port=443): Max retries exceeded with url: /api/chart/OHLCChart/gap (Caused by NameResolutionError("<urllib3.connection.HTTPSConnection object at 0x7e619e7f8350>: Failed to resolve 'trading.vietcap.com.vn' ([Errno -2] Name or service not known)"))
[2025-10-07T11:45:47.880+0000] {client.py:83} ERROR - API request failed: HTTPSConnectionPool(host='trading.vietcap.com.vn', port=443): Max retries exceeded with url: /api/chart/OHLCChart/gap (Caused by NameResolutionError("<urllib3.connection.HTTPSConnection object at 0x7e619e91bda0>: Failed to resolve 'trading.vietcap.com.vn' ([Errno -2] Name or service not known)"))
[2025-10-07T11:45:49.898+0000] {client.py:83} ERROR - API request failed: HTTPSConnectionPool(host='trading.vietcap.com.vn', port=443): Max retries exceeded with url: /api/chart/OHLCChart/gap (Caused by NameResolutionError("<urllib3.connection.HTTPSConnection object at 0x7e619e7e1d90>: Failed to resolve 'trading.vietcap.com.vn' ([Errno -2] Name or service not known)"))
[2025-10-07T11:45:49.901+0000] {logging_mixin.py:190} INFO - Không tìm thấy dữ liệu cho CTF
[2025-10-07T11:45:49.907+0000] {logging_mixin.py:190} INFO - ℹ️ CTF: Không có dữ liệu mới.
[2025-10-07T11:45:49.910+0000] {logging_mixin.py:190} INFO - 🚦 Giới hạn API đạt mức tối đa, chờ 38.9s...
[2025-10-07T11:46:28.796+0000] {logging_mixin.py:190} INFO - ⬇️ Bắt đầu xử lý symbol = CTD
[2025-10-07T11:46:28.875+0000] {logging_mixin.py:190} INFO - ⚠️ Không đọc được file cũ CTD: 'date'
[2025-10-07T11:46:28.910+0000] {logging_mixin.py:190} INFO - CTD: trích dữ liệu từ 2025-10-04 đến 2025-10-07
[2025-10-07T11:46:28.925+0000] {client.py:83} ERROR - API request failed: HTTPSConnectionPool(host='trading.vietcap.com.vn', port=443): Max retries exceeded with url: /api/chart/OHLCChart/gap (Caused by NameResolutionError("<urllib3.connection.HTTPSConnection object at 0x7e619e7fb110>: Failed to resolve 'trading.vietcap.com.vn' ([Errno -2] Name or service not known)"))
[2025-10-07T11:46:30.941+0000] {client.py:83} ERROR - API request failed: HTTPSConnectionPool(host='trading.vietcap.com.vn', port=443): Max retries exceeded with url: /api/chart/OHLCChart/gap (Caused by NameResolutionError("<urllib3.connection.HTTPSConnection object at 0x7e619e7fa780>: Failed to resolve 'trading.vietcap.com.vn' ([Errno -2] Name or service not known)"))
[2025-10-07T11:46:32.957+0000] {client.py:83} ERROR - API request failed: HTTPSConnectionPool(host='trading.vietcap.com.vn', port=443): Max retries exceeded with url: /api/chart/OHLCChart/gap (Caused by NameResolutionError("<urllib3.connection.HTTPSConnection object at 0x7e619e919850>: Failed to resolve 'trading.vietcap.com.vn' ([Errno -2] Name or service not known)"))
[2025-10-07T11:46:32.961+0000] {logging_mixin.py:190} INFO - Không tìm thấy dữ liệu cho CTD
[2025-10-07T11:46:32.966+0000] {logging_mixin.py:190} INFO - ℹ️ CTD: Không có dữ liệu mới.
[2025-10-07T11:46:32.967+0000] {logging_mixin.py:190} INFO - 🚦 Giới hạn API đạt mức tối đa, chờ 0.2s...
[2025-10-07T11:46:33.153+0000] {logging_mixin.py:190} INFO - ⬇️ Bắt đầu xử lý symbol = CTC
[2025-10-07T11:46:33.231+0000] {logging_mixin.py:190} INFO - ⚠️ Không đọc được file cũ CTC: 'date'
[2025-10-07T11:46:33.270+0000] {logging_mixin.py:190} INFO - CTC: trích dữ liệu từ 2024-07-26 đến 2025-10-07
[2025-10-07T11:46:33.288+0000] {client.py:83} ERROR - API request failed: HTTPSConnectionPool(host='trading.vietcap.com.vn', port=443): Max retries exceeded with url: /api/chart/OHLCChart/gap (Caused by NameResolutionError("<urllib3.connection.HTTPSConnection object at 0x7e619e7fb320>: Failed to resolve 'trading.vietcap.com.vn' ([Errno -2] Name or service not known)"))
[2025-10-07T11:46:35.293+0000] {client.py:83} ERROR - API request failed: HTTPSConnectionPool(host='trading.vietcap.com.vn', port=443): Max retries exceeded with url: /api/chart/OHLCChart/gap (Caused by NameResolutionError("<urllib3.connection.HTTPSConnection object at 0x7e619e7f9f70>: Failed to resolve 'trading.vietcap.com.vn' ([Errno -2] Name or service not known)"))
[2025-10-07T11:46:37.310+0000] {client.py:83} ERROR - API request failed: HTTPSConnectionPool(host='trading.vietcap.com.vn', port=443): Max retries exceeded with url: /api/chart/OHLCChart/gap (Caused by NameResolutionError("<urllib3.connection.HTTPSConnection object at 0x7e61c7b28350>: Failed to resolve 'trading.vietcap.com.vn' ([Errno -2] Name or service not known)"))
[2025-10-07T11:46:37.315+0000] {logging_mixin.py:190} INFO - Không tìm thấy dữ liệu cho CTC
[2025-10-07T11:46:37.321+0000] {logging_mixin.py:190} INFO - ℹ️ CTC: Không có dữ liệu mới.
[2025-10-07T11:46:37.323+0000] {logging_mixin.py:190} INFO - 🚦 Giới hạn API đạt mức tối đa, chờ 0.0s...
[2025-10-07T11:46:37.373+0000] {logging_mixin.py:190} INFO - ⬇️ Bắt đầu xử lý symbol = CTB
[2025-10-07T11:46:37.409+0000] {logging_mixin.py:190} INFO - ⚠️ Không đọc được file cũ CTB: 'date'
[2025-10-07T11:46:37.425+0000] {logging_mixin.py:190} INFO - CTB: trích dữ liệu từ 2025-10-03 đến 2025-10-07
[2025-10-07T11:46:37.431+0000] {client.py:83} ERROR - API request failed: HTTPSConnectionPool(host='trading.vietcap.com.vn', port=443): Max retries exceeded with url: /api/chart/OHLCChart/gap (Caused by NameResolutionError("<urllib3.connection.HTTPSConnection object at 0x7e619e7fb770>: Failed to resolve 'trading.vietcap.com.vn' ([Errno -2] Name or service not known)"))
[2025-10-07T11:46:39.446+0000] {client.py:83} ERROR - API request failed: HTTPSConnectionPool(host='trading.vietcap.com.vn', port=443): Max retries exceeded with url: /api/chart/OHLCChart/gap (Caused by NameResolutionError("<urllib3.connection.HTTPSConnection object at 0x7e619e7fb110>: Failed to resolve 'trading.vietcap.com.vn' ([Errno -2] Name or service not known)"))
[2025-10-07T11:46:41.461+0000] {client.py:83} ERROR - API request failed: HTTPSConnectionPool(host='trading.vietcap.com.vn', port=443): Max retries exceeded with url: /api/chart/OHLCChart/gap (Caused by NameResolutionError("<urllib3.connection.HTTPSConnection object at 0x7e61c7b28890>: Failed to resolve 'trading.vietcap.com.vn' ([Errno -2] Name or service not known)"))
[2025-10-07T11:46:41.464+0000] {logging_mixin.py:190} INFO - Không tìm thấy dữ liệu cho CTB
[2025-10-07T11:46:41.469+0000] {logging_mixin.py:190} INFO - ℹ️ CTB: Không có dữ liệu mới.
[2025-10-07T11:46:41.471+0000] {logging_mixin.py:190} INFO - 🚦 Giới hạn API đạt mức tối đa, chờ 0.1s...
[2025-10-07T11:46:41.611+0000] {logging_mixin.py:190} INFO - ⬇️ Bắt đầu xử lý symbol = CTA
[2025-10-07T11:46:41.686+0000] {logging_mixin.py:190} INFO - ⚠️ Không đọc được file cũ CTA: 'date'
[2025-10-07T11:46:41.716+0000] {logging_mixin.py:190} INFO - CTA: trích dữ liệu từ 2024-07-26 đến 2025-10-07
[2025-10-07T11:46:41.732+0000] {client.py:83} ERROR - API request failed: HTTPSConnectionPool(host='trading.vietcap.com.vn', port=443): Max retries exceeded with url: /api/chart/OHLCChart/gap (Caused by NameResolutionError("<urllib3.connection.HTTPSConnection object at 0x7e61c7b29a00>: Failed to resolve 'trading.vietcap.com.vn' ([Errno -2] Name or service not known)"))
[2025-10-07T11:46:43.739+0000] {client.py:83} ERROR - API request failed: HTTPSConnectionPool(host='trading.vietcap.com.vn', port=443): Max retries exceeded with url: /api/chart/OHLCChart/gap (Caused by NameResolutionError("<urllib3.connection.HTTPSConnection object at 0x7e619e7fbd40>: Failed to resolve 'trading.vietcap.com.vn' ([Errno -2] Name or service not known)"))
[2025-10-07T11:46:45.755+0000] {client.py:83} ERROR - API request failed: HTTPSConnectionPool(host='trading.vietcap.com.vn', port=443): Max retries exceeded with url: /api/chart/OHLCChart/gap (Caused by NameResolutionError("<urllib3.connection.HTTPSConnection object at 0x7e619e7fb680>: Failed to resolve 'trading.vietcap.com.vn' ([Errno -2] Name or service not known)"))
[2025-10-07T11:46:45.961+0000] {logging_mixin.py:190} INFO - Không tìm thấy dữ liệu cho CTA
[2025-10-07T11:46:45.974+0000] {logging_mixin.py:190} INFO - ℹ️ CTA: Không có dữ liệu mới.
[2025-10-07T11:46:45.984+0000] {logging_mixin.py:190} INFO - ⬇️ Bắt đầu xử lý symbol = CT6
[2025-10-07T11:46:46.052+0000] {logging_mixin.py:190} INFO - ⚠️ Không đọc được file cũ CT6: 'date'
[2025-10-07T11:46:46.080+0000] {logging_mixin.py:190} INFO - CT6: trích dữ liệu từ 2025-10-04 đến 2025-10-07
[2025-10-07T11:46:46.096+0000] {client.py:83} ERROR - API request failed: HTTPSConnectionPool(host='trading.vietcap.com.vn', port=443): Max retries exceeded with url: /api/chart/OHLCChart/gap (Caused by NameResolutionError("<urllib3.connection.HTTPSConnection object at 0x7e61c7b2bd40>: Failed to resolve 'trading.vietcap.com.vn' ([Errno -2] Name or service not known)"))
[2025-10-07T11:46:48.104+0000] {client.py:83} ERROR - API request failed: HTTPSConnectionPool(host='trading.vietcap.com.vn', port=443): Max retries exceeded with url: /api/chart/OHLCChart/gap (Caused by NameResolutionError("<urllib3.connection.HTTPSConnection object at 0x7e61c7b28ef0>: Failed to resolve 'trading.vietcap.com.vn' ([Errno -2] Name or service not known)"))
[2025-10-07T11:46:50.117+0000] {client.py:83} ERROR - API request failed: HTTPSConnectionPool(host='trading.vietcap.com.vn', port=443): Max retries exceeded with url: /api/chart/OHLCChart/gap (Caused by NameResolutionError("<urllib3.connection.HTTPSConnection object at 0x7e619e7fb920>: Failed to resolve 'trading.vietcap.com.vn' ([Errno -2] Name or service not known)"))
[2025-10-07T11:46:50.120+0000] {logging_mixin.py:190} INFO - Không tìm thấy dữ liệu cho CT6
[2025-10-07T11:46:50.126+0000] {logging_mixin.py:190} INFO - ℹ️ CT6: Không có dữ liệu mới.
[2025-10-07T11:46:50.129+0000] {logging_mixin.py:190} INFO - 🚦 Giới hạn API đạt mức tối đa, chờ 38.7s...
[2025-10-07T11:47:28.796+0000] {logging_mixin.py:190} INFO - ⬇️ Bắt đầu xử lý symbol = CT5
[2025-10-07T11:47:28.861+0000] {logging_mixin.py:190} INFO - CT5: trích dữ liệu từ 2020-01-01 đến 2025-10-07
[2025-10-07T11:47:28.878+0000] {client.py:83} ERROR - API request failed: HTTPSConnectionPool(host='trading.vietcap.com.vn', port=443): Max retries exceeded with url: /api/chart/OHLCChart/gap (Caused by NameResolutionError("<urllib3.connection.HTTPSConnection object at 0x7e619e7faa80>: Failed to resolve 'trading.vietcap.com.vn' ([Errno -2] Name or service not known)"))
[2025-10-07T11:47:30.896+0000] {client.py:83} ERROR - API request failed: HTTPSConnectionPool(host='trading.vietcap.com.vn', port=443): Max retries exceeded with url: /api/chart/OHLCChart/gap (Caused by NameResolutionError("<urllib3.connection.HTTPSConnection object at 0x7e61c7b28ef0>: Failed to resolve 'trading.vietcap.com.vn' ([Errno -2] Name or service not known)"))
[2025-10-07T11:47:32.917+0000] {client.py:83} ERROR - API request failed: HTTPSConnectionPool(host='trading.vietcap.com.vn', port=443): Max retries exceeded with url: /api/chart/OHLCChart/gap (Caused by NameResolutionError("<urllib3.connection.HTTPSConnection object at 0x7e61c7b2bda0>: Failed to resolve 'trading.vietcap.com.vn' ([Errno -2] Name or service not known)"))
[2025-10-07T11:47:32.921+0000] {logging_mixin.py:190} INFO - Không tìm thấy dữ liệu cho CT5
[2025-10-07T11:47:32.925+0000] {logging_mixin.py:190} INFO - ℹ️ CT5: Không có dữ liệu mới.
[2025-10-07T11:47:32.928+0000] {logging_mixin.py:190} INFO - 🚦 Giới hạn API đạt mức tối đa, chờ 0.2s...
[2025-10-07T11:47:33.155+0000] {logging_mixin.py:190} INFO - ⬇️ Bắt đầu xử lý symbol = CT3
[2025-10-07T11:47:33.230+0000] {logging_mixin.py:190} INFO - ⚠️ Không đọc được file cũ CT3: 'date'
[2025-10-07T11:47:33.263+0000] {logging_mixin.py:190} INFO - CT3: trích dữ liệu từ 2025-10-04 đến 2025-10-07
[2025-10-07T11:47:33.279+0000] {client.py:83} ERROR - API request failed: HTTPSConnectionPool(host='trading.vietcap.com.vn', port=443): Max retries exceeded with url: /api/chart/OHLCChart/gap (Caused by NameResolutionError("<urllib3.connection.HTTPSConnection object at 0x7e619e7f81a0>: Failed to resolve 'trading.vietcap.com.vn' ([Errno -2] Name or service not known)"))
[2025-10-07T11:47:35.294+0000] {client.py:83} ERROR - API request failed: HTTPSConnectionPool(host='trading.vietcap.com.vn', port=443): Max retries exceeded with url: /api/chart/OHLCChart/gap (Caused by NameResolutionError("<urllib3.connection.HTTPSConnection object at 0x7e619e8c4170>: Failed to resolve 'trading.vietcap.com.vn' ([Errno -2] Name or service not known)"))
[2025-10-07T11:47:37.302+0000] {client.py:83} ERROR - API request failed: HTTPSConnectionPool(host='trading.vietcap.com.vn', port=443): Max retries exceeded with url: /api/chart/OHLCChart/gap (Caused by NameResolutionError("<urllib3.connection.HTTPSConnection object at 0x7e619e856d20>: Failed to resolve 'trading.vietcap.com.vn' ([Errno -2] Name or service not known)"))
[2025-10-07T11:47:37.304+0000] {logging_mixin.py:190} INFO - Không tìm thấy dữ liệu cho CT3
[2025-10-07T11:47:37.306+0000] {logging_mixin.py:190} INFO - ℹ️ CT3: Không có dữ liệu mới.
[2025-10-07T11:47:37.307+0000] {logging_mixin.py:190} INFO - 🚦 Giới hạn API đạt mức tối đa, chờ 0.1s...
[2025-10-07T11:47:37.374+0000] {logging_mixin.py:190} INFO - ⬇️ Bắt đầu xử lý symbol = CSV
[2025-10-07T11:47:37.404+0000] {logging_mixin.py:190} INFO - ⚠️ Không đọc được file cũ CSV: 'date'
[2025-10-07T11:47:37.420+0000] {logging_mixin.py:190} INFO - CSV: trích dữ liệu từ 2025-10-04 đến 2025-10-07
[2025-10-07T11:47:37.426+0000] {client.py:83} ERROR - API request failed: HTTPSConnectionPool(host='trading.vietcap.com.vn', port=443): Max retries exceeded with url: /api/chart/OHLCChart/gap (Caused by NameResolutionError("<urllib3.connection.HTTPSConnection object at 0x7e61c7b29070>: Failed to resolve 'trading.vietcap.com.vn' ([Errno -2] Name or service not known)"))
[2025-10-07T11:47:39.441+0000] {client.py:83} ERROR - API request failed: HTTPSConnectionPool(host='trading.vietcap.com.vn', port=443): Max retries exceeded with url: /api/chart/OHLCChart/gap (Caused by NameResolutionError("<urllib3.connection.HTTPSConnection object at 0x7e619e918080>: Failed to resolve 'trading.vietcap.com.vn' ([Errno -2] Name or service not known)"))
[2025-10-07T11:47:41.452+0000] {client.py:83} ERROR - API request failed: HTTPSConnectionPool(host='trading.vietcap.com.vn', port=443): Max retries exceeded with url: /api/chart/OHLCChart/gap (Caused by NameResolutionError("<urllib3.connection.HTTPSConnection object at 0x7e619e91a780>: Failed to resolve 'trading.vietcap.com.vn' ([Errno -2] Name or service not known)"))
[2025-10-07T11:47:41.453+0000] {logging_mixin.py:190} INFO - Không tìm thấy dữ liệu cho CSV
[2025-10-07T11:47:41.456+0000] {logging_mixin.py:190} INFO - ℹ️ CSV: Không có dữ liệu mới.
[2025-10-07T11:47:41.457+0000] {logging_mixin.py:190} INFO - 🚦 Giới hạn API đạt mức tối đa, chờ 0.2s...
[2025-10-07T11:47:41.613+0000] {logging_mixin.py:190} INFO - ⬇️ Bắt đầu xử lý symbol = CST
[2025-10-07T11:47:41.694+0000] {logging_mixin.py:190} INFO - ⚠️ Không đọc được file cũ CST: 'date'
[2025-10-07T11:47:41.731+0000] {logging_mixin.py:190} INFO - CST: trích dữ liệu từ 2025-10-04 đến 2025-10-07
[2025-10-07T11:47:41.747+0000] {client.py:83} ERROR - API request failed: HTTPSConnectionPool(host='trading.vietcap.com.vn', port=443): Max retries exceeded with url: /api/chart/OHLCChart/gap (Caused by NameResolutionError("<urllib3.connection.HTTPSConnection object at 0x7e61c7b2b110>: Failed to resolve 'trading.vietcap.com.vn' ([Errno -2] Name or service not known)"))
[2025-10-07T11:47:43.755+0000] {client.py:83} ERROR - API request failed: HTTPSConnectionPool(host='trading.vietcap.com.vn', port=443): Max retries exceeded with url: /api/chart/OHLCChart/gap (Caused by NameResolutionError("<urllib3.connection.HTTPSConnection object at 0x7e619e91a630>: Failed to resolve 'trading.vietcap.com.vn' ([Errno -2] Name or service not known)"))
[2025-10-07T11:47:45.769+0000] {client.py:83} ERROR - API request failed: HTTPSConnectionPool(host='trading.vietcap.com.vn', port=443): Max retries exceeded with url: /api/chart/OHLCChart/gap (Caused by NameResolutionError("<urllib3.connection.HTTPSConnection object at 0x7e619e918710>: Failed to resolve 'trading.vietcap.com.vn' ([Errno -2] Name or service not known)"))
[2025-10-07T11:47:45.773+0000] {logging_mixin.py:190} INFO - Không tìm thấy dữ liệu cho CST
[2025-10-07T11:47:45.778+0000] {logging_mixin.py:190} INFO - ℹ️ CST: Không có dữ liệu mới.
[2025-10-07T11:47:45.780+0000] {logging_mixin.py:190} INFO - 🚦 Giới hạn API đạt mức tối đa, chờ 0.2s...
[2025-10-07T11:47:45.987+0000] {logging_mixin.py:190} INFO - ⬇️ Bắt đầu xử lý symbol = CSM
[2025-10-07T11:47:46.072+0000] {logging_mixin.py:190} INFO - ⚠️ Không đọc được file cũ CSM: 'date'
[2025-10-07T11:47:46.111+0000] {logging_mixin.py:190} INFO - CSM: trích dữ liệu từ 2025-10-04 đến 2025-10-07
[2025-10-07T11:47:46.128+0000] {client.py:83} ERROR - API request failed: HTTPSConnectionPool(host='trading.vietcap.com.vn', port=443): Max retries exceeded with url: /api/chart/OHLCChart/gap (Caused by NameResolutionError("<urllib3.connection.HTTPSConnection object at 0x7e619e7e3440>: Failed to resolve 'trading.vietcap.com.vn' ([Errno -2] Name or service not known)"))
[2025-10-07T11:47:48.149+0000] {client.py:83} ERROR - API request failed: HTTPSConnectionPool(host='trading.vietcap.com.vn', port=443): Max retries exceeded with url: /api/chart/OHLCChart/gap (Caused by NameResolutionError("<urllib3.connection.HTTPSConnection object at 0x7e619e91a0c0>: Failed to resolve 'trading.vietcap.com.vn' ([Errno -2] Name or service not known)"))
[2025-10-07T11:47:50.157+0000] {client.py:83} ERROR - API request failed: HTTPSConnectionPool(host='trading.vietcap.com.vn', port=443): Max retries exceeded with url: /api/chart/OHLCChart/gap (Caused by NameResolutionError("<urllib3.connection.HTTPSConnection object at 0x7e61c7b2aa80>: Failed to resolve 'trading.vietcap.com.vn' ([Errno -2] Name or service not known)"))
[2025-10-07T11:47:50.159+0000] {logging_mixin.py:190} INFO - Không tìm thấy dữ liệu cho CSM
[2025-10-07T11:47:50.161+0000] {logging_mixin.py:190} INFO - ℹ️ CSM: Không có dữ liệu mới.
[2025-10-07T11:47:50.165+0000] {logging_mixin.py:190} INFO - 🚦 Giới hạn API đạt mức tối đa, chờ 38.6s...
[2025-10-07T11:48:28.794+0000] {logging_mixin.py:190} INFO - ⬇️ Bắt đầu xử lý symbol = CSI
[2025-10-07T11:48:28.882+0000] {logging_mixin.py:190} INFO - ⚠️ Không đọc được file cũ CSI: 'date'
[2025-10-07T11:48:28.919+0000] {logging_mixin.py:190} INFO - CSI: trích dữ liệu từ 2025-10-04 đến 2025-10-07
[2025-10-07T11:48:28.937+0000] {client.py:83} ERROR - API request failed: HTTPSConnectionPool(host='trading.vietcap.com.vn', port=443): Max retries exceeded with url: /api/chart/OHLCChart/gap (Caused by NameResolutionError("<urllib3.connection.HTTPSConnection object at 0x7e619e7e3920>: Failed to resolve 'trading.vietcap.com.vn' ([Errno -2] Name or service not known)"))
[2025-10-07T11:48:30.954+0000] {client.py:83} ERROR - API request failed: HTTPSConnectionPool(host='trading.vietcap.com.vn', port=443): Max retries exceeded with url: /api/chart/OHLCChart/gap (Caused by NameResolutionError("<urllib3.connection.HTTPSConnection object at 0x7e619e7e0cb0>: Failed to resolve 'trading.vietcap.com.vn' ([Errno -2] Name or service not known)"))
[2025-10-07T11:48:32.968+0000] {client.py:83} ERROR - API request failed: HTTPSConnectionPool(host='trading.vietcap.com.vn', port=443): Max retries exceeded with url: /api/chart/OHLCChart/gap (Caused by NameResolutionError("<urllib3.connection.HTTPSConnection object at 0x7e61c7b2bad0>: Failed to resolve 'trading.vietcap.com.vn' ([Errno -2] Name or service not known)"))
[2025-10-07T11:48:32.974+0000] {logging_mixin.py:190} INFO - Không tìm thấy dữ liệu cho CSI
[2025-10-07T11:48:32.978+0000] {logging_mixin.py:190} INFO - ℹ️ CSI: Không có dữ liệu mới.
[2025-10-07T11:48:32.979+0000] {logging_mixin.py:190} INFO - 🚦 Giới hạn API đạt mức tối đa, chờ 0.2s...
[2025-10-07T11:48:33.158+0000] {logging_mixin.py:190} INFO - ⬇️ Bắt đầu xử lý symbol = CSC
[2025-10-07T11:48:33.241+0000] {logging_mixin.py:190} INFO - ⚠️ Không đọc được file cũ CSC: 'date'
[2025-10-07T11:48:33.281+0000] {logging_mixin.py:190} INFO - CSC: trích dữ liệu từ 2025-10-04 đến 2025-10-07
[2025-10-07T11:48:33.296+0000] {client.py:83} ERROR - API request failed: HTTPSConnectionPool(host='trading.vietcap.com.vn', port=443): Max retries exceeded with url: /api/chart/OHLCChart/gap (Caused by NameResolutionError("<urllib3.connection.HTTPSConnection object at 0x7e619e7e2750>: Failed to resolve 'trading.vietcap.com.vn' ([Errno -2] Name or service not known)"))
[2025-10-07T11:48:35.310+0000] {client.py:83} ERROR - API request failed: HTTPSConnectionPool(host='trading.vietcap.com.vn', port=443): Max retries exceeded with url: /api/chart/OHLCChart/gap (Caused by NameResolutionError("<urllib3.connection.HTTPSConnection object at 0x7e619e7e3ad0>: Failed to resolve 'trading.vietcap.com.vn' ([Errno -2] Name or service not known)"))
[2025-10-07T11:48:37.318+0000] {client.py:83} ERROR - API request failed: HTTPSConnectionPool(host='trading.vietcap.com.vn', port=443): Max retries exceeded with url: /api/chart/OHLCChart/gap (Caused by NameResolutionError("<urllib3.connection.HTTPSConnection object at 0x7e619e7a5dc0>: Failed to resolve 'trading.vietcap.com.vn' ([Errno -2] Name or service not known)"))
[2025-10-07T11:48:37.319+0000] {logging_mixin.py:190} INFO - Không tìm thấy dữ liệu cho CSC
[2025-10-07T11:48:37.321+0000] {logging_mixin.py:190} INFO - ℹ️ CSC: Không có dữ liệu mới.
[2025-10-07T11:48:37.321+0000] {logging_mixin.py:190} INFO - 🚦 Giới hạn API đạt mức tối đa, chờ 0.1s...
[2025-10-07T11:48:37.375+0000] {logging_mixin.py:190} INFO - ⬇️ Bắt đầu xử lý symbol = CRE
[2025-10-07T11:48:37.413+0000] {logging_mixin.py:190} INFO - ⚠️ Không đọc được file cũ CRE: 'date'
[2025-10-07T11:48:37.436+0000] {logging_mixin.py:190} INFO - CRE: trích dữ liệu từ 2025-10-04 đến 2025-10-07
[2025-10-07T11:48:37.449+0000] {client.py:83} ERROR - API request failed: HTTPSConnectionPool(host='trading.vietcap.com.vn', port=443): Max retries exceeded with url: /api/chart/OHLCChart/gap (Caused by NameResolutionError("<urllib3.connection.HTTPSConnection object at 0x7e619e7e30e0>: Failed to resolve 'trading.vietcap.com.vn' ([Errno -2] Name or service not known)"))
[2025-10-07T11:48:39.458+0000] {client.py:83} ERROR - API request failed: HTTPSConnectionPool(host='trading.vietcap.com.vn', port=443): Max retries exceeded with url: /api/chart/OHLCChart/gap (Caused by NameResolutionError("<urllib3.connection.HTTPSConnection object at 0x7e61c7b2bce0>: Failed to resolve 'trading.vietcap.com.vn' ([Errno -2] Name or service not known)"))
[2025-10-07T11:48:41.465+0000] {client.py:83} ERROR - API request failed: HTTPSConnectionPool(host='trading.vietcap.com.vn', port=443): Max retries exceeded with url: /api/chart/OHLCChart/gap (Caused by NameResolutionError("<urllib3.connection.HTTPSConnection object at 0x7e619e919c10>: Failed to resolve 'trading.vietcap.com.vn' ([Errno -2] Name or service not known)"))
[2025-10-07T11:48:41.467+0000] {logging_mixin.py:190} INFO - Không tìm thấy dữ liệu cho CRE
[2025-10-07T11:48:41.469+0000] {logging_mixin.py:190} INFO - ℹ️ CRE: Không có dữ liệu mới.
[2025-10-07T11:48:41.470+0000] {logging_mixin.py:190} INFO - 🚦 Giới hạn API đạt mức tối đa, chờ 0.1s...
[2025-10-07T11:48:41.613+0000] {logging_mixin.py:190} INFO - ⬇️ Bắt đầu xử lý symbol = CRC
[2025-10-07T11:48:41.693+0000] {logging_mixin.py:190} INFO - ⚠️ Không đọc được file cũ CRC: 'date'
[2025-10-07T11:48:41.728+0000] {logging_mixin.py:190} INFO - CRC: trích dữ liệu từ 2025-10-04 đến 2025-10-07
[2025-10-07T11:48:41.742+0000] {client.py:83} ERROR - API request failed: HTTPSConnectionPool(host='trading.vietcap.com.vn', port=443): Max retries exceeded with url: /api/chart/OHLCChart/gap (Caused by NameResolutionError("<urllib3.connection.HTTPSConnection object at 0x7e619e78c980>: Failed to resolve 'trading.vietcap.com.vn' ([Errno -2] Name or service not known)"))
[2025-10-07T11:48:43.759+0000] {client.py:83} ERROR - API request failed: HTTPSConnectionPool(host='trading.vietcap.com.vn', port=443): Max retries exceeded with url: /api/chart/OHLCChart/gap (Caused by NameResolutionError("<urllib3.connection.HTTPSConnection object at 0x7e619e7f87a0>: Failed to resolve 'trading.vietcap.com.vn' ([Errno -2] Name or service not known)"))
[2025-10-07T11:48:45.775+0000] {client.py:83} ERROR - API request failed: HTTPSConnectionPool(host='trading.vietcap.com.vn', port=443): Max retries exceeded with url: /api/chart/OHLCChart/gap (Caused by NameResolutionError("<urllib3.connection.HTTPSConnection object at 0x7e619e7e3500>: Failed to resolve 'trading.vietcap.com.vn' ([Errno -2] Name or service not known)"))
[2025-10-07T11:48:45.778+0000] {logging_mixin.py:190} INFO - Không tìm thấy dữ liệu cho CRC
[2025-10-07T11:48:45.783+0000] {logging_mixin.py:190} INFO - ℹ️ CRC: Không có dữ liệu mới.
[2025-10-07T11:48:45.785+0000] {logging_mixin.py:190} INFO - 🚦 Giới hạn API đạt mức tối đa, chờ 0.2s...
[2025-10-07T11:48:45.989+0000] {logging_mixin.py:190} INFO - ⬇️ Bắt đầu xử lý symbol = CQT
[2025-10-07T11:48:46.051+0000] {logging_mixin.py:190} INFO - ⚠️ Không đọc được file cũ CQT: 'date'
[2025-10-07T11:48:46.084+0000] {logging_mixin.py:190} INFO - CQT: trích dữ liệu từ 2025-10-01 đến 2025-10-07
[2025-10-07T11:48:46.098+0000] {client.py:83} ERROR - API request failed: HTTPSConnectionPool(host='trading.vietcap.com.vn', port=443): Max retries exceeded with url: /api/chart/OHLCChart/gap (Caused by NameResolutionError("<urllib3.connection.HTTPSConnection object at 0x7e619e78fb30>: Failed to resolve 'trading.vietcap.com.vn' ([Errno -2] Name or service not known)"))
[2025-10-07T11:48:48.107+0000] {client.py:83} ERROR - API request failed: HTTPSConnectionPool(host='trading.vietcap.com.vn', port=443): Max retries exceeded with url: /api/chart/OHLCChart/gap (Caused by NameResolutionError("<urllib3.connection.HTTPSConnection object at 0x7e619e78d220>: Failed to resolve 'trading.vietcap.com.vn' ([Errno -2] Name or service not known)"))
[2025-10-07T12:05:57.799+0000] {client.py:83} ERROR - API request failed: HTTPSConnectionPool(host='trading.vietcap.com.vn', port=443): Max retries exceeded with url: /api/chart/OHLCChart/gap (Caused by NameResolutionError("<urllib3.connection.HTTPSConnection object at 0x7e619e78ce90>: Failed to resolve 'trading.vietcap.com.vn' ([Errno -2] Name or service not known)"))
[2025-10-07T12:05:57.819+0000] {logging_mixin.py:190} INFO - Không tìm thấy dữ liệu cho CQT
[2025-10-07T12:05:57.827+0000] {logging_mixin.py:190} INFO - ℹ️ CQT: Không có dữ liệu mới.
[2025-10-07T12:05:57.834+0000] {logging_mixin.py:190} INFO - ⬇️ Bắt đầu xử lý symbol = CQN
[2025-10-07T12:05:57.952+0000] {logging_mixin.py:190} INFO - ⚠️ Không đọc được file cũ CQN: 'date'
[2025-10-07T12:05:58.071+0000] {logging_mixin.py:190} INFO - CQN: trích dữ liệu từ 2025-10-04 đến 2025-10-07
[2025-10-07T12:05:58.073+0000] {job.py:229} INFO - Heartbeat recovered after 1032.70 seconds
[2025-10-07T12:05:58.093+0000] {client.py:83} ERROR - API request failed: HTTPSConnectionPool(host='trading.vietcap.com.vn', port=443): Max retries exceeded with url: /api/chart/OHLCChart/gap (Caused by NameResolutionError("<urllib3.connection.HTTPSConnection object at 0x7e619e91a000>: Failed to resolve 'trading.vietcap.com.vn' ([Errno -2] Name or service not known)"))
[2025-10-07T12:06:02.177+0000] {client.py:83} ERROR - API request failed: HTTPSConnectionPool(host='trading.vietcap.com.vn', port=443): Max retries exceeded with url: /api/chart/OHLCChart/gap (Caused by NameResolutionError("<urllib3.connection.HTTPSConnection object at 0x7e61c7b51010>: Failed to resolve 'trading.vietcap.com.vn' ([Errno -2] Name or service not known)"))
[2025-10-07T12:06:04.320+0000] {client.py:83} ERROR - API request failed: HTTPSConnectionPool(host='trading.vietcap.com.vn', port=443): Max retries exceeded with url: /api/chart/OHLCChart/gap (Caused by NameResolutionError("<urllib3.connection.HTTPSConnection object at 0x7e619e7e3e60>: Failed to resolve 'trading.vietcap.com.vn' ([Errno -2] Name or service not known)"))
[2025-10-07T12:06:04.322+0000] {logging_mixin.py:190} INFO - Không tìm thấy dữ liệu cho CQN
[2025-10-07T12:06:04.325+0000] {logging_mixin.py:190} INFO - ℹ️ CQN: Không có dữ liệu mới.
[2025-10-07T12:06:04.326+0000] {logging_mixin.py:190} INFO - ⬇️ Bắt đầu xử lý symbol = CPI
[2025-10-07T12:06:04.356+0000] {logging_mixin.py:190} INFO - ⚠️ Không đọc được file cũ CPI: 'date'
[2025-10-07T12:06:04.371+0000] {logging_mixin.py:190} INFO - CPI: trích dữ liệu từ 2025-10-04 đến 2025-10-07
[2025-10-07T12:06:04.385+0000] {client.py:83} ERROR - API request failed: HTTPSConnectionPool(host='trading.vietcap.com.vn', port=443): Max retries exceeded with url: /api/chart/OHLCChart/gap (Caused by NameResolutionError("<urllib3.connection.HTTPSConnection object at 0x7e619e78ebd0>: Failed to resolve 'trading.vietcap.com.vn' ([Errno -2] Name or service not known)"))
[2025-10-07T12:06:06.390+0000] {client.py:83} ERROR - API request failed: HTTPSConnectionPool(host='trading.vietcap.com.vn', port=443): Max retries exceeded with url: /api/chart/OHLCChart/gap (Caused by NameResolutionError("<urllib3.connection.HTTPSConnection object at 0x7e619e7a7b60>: Failed to resolve 'trading.vietcap.com.vn' ([Errno -2] Name or service not known)"))
[2025-10-07T12:06:08.395+0000] {client.py:83} ERROR - API request failed: HTTPSConnectionPool(host='trading.vietcap.com.vn', port=443): Max retries exceeded with url: /api/chart/OHLCChart/gap (Caused by NameResolutionError("<urllib3.connection.HTTPSConnection object at 0x7e61c7b2ba10>: Failed to resolve 'trading.vietcap.com.vn' ([Errno -2] Name or service not known)"))
[2025-10-07T12:06:08.396+0000] {logging_mixin.py:190} INFO - Không tìm thấy dữ liệu cho CPI
[2025-10-07T12:06:08.397+0000] {logging_mixin.py:190} INFO - ℹ️ CPI: Không có dữ liệu mới.
[2025-10-07T12:06:08.398+0000] {logging_mixin.py:190} INFO - ⬇️ Bắt đầu xử lý symbol = CPH
[2025-10-07T12:06:08.414+0000] {logging_mixin.py:190} INFO - ⚠️ Không đọc được file cũ CPH: 'date'
[2025-10-07T12:06:08.421+0000] {logging_mixin.py:190} INFO - CPH: trích dữ liệu từ 2024-07-26 đến 2025-10-07
[2025-10-07T12:06:08.426+0000] {client.py:83} ERROR - API request failed: HTTPSConnectionPool(host='trading.vietcap.com.vn', port=443): Max retries exceeded with url: /api/chart/OHLCChart/gap (Caused by NameResolutionError("<urllib3.connection.HTTPSConnection object at 0x7e619e78c050>: Failed to resolve 'trading.vietcap.com.vn' ([Errno -2] Name or service not known)"))
[2025-10-07T12:06:10.430+0000] {client.py:83} ERROR - API request failed: HTTPSConnectionPool(host='trading.vietcap.com.vn', port=443): Max retries exceeded with url: /api/chart/OHLCChart/gap (Caused by NameResolutionError("<urllib3.connection.HTTPSConnection object at 0x7e61c7b29bb0>: Failed to resolve 'trading.vietcap.com.vn' ([Errno -2] Name or service not known)"))
[2025-10-07T12:06:12.432+0000] {client.py:83} ERROR - API request failed: HTTPSConnectionPool(host='trading.vietcap.com.vn', port=443): Max retries exceeded with url: /api/chart/OHLCChart/gap (Caused by NameResolutionError("<urllib3.connection.HTTPSConnection object at 0x7e61c7b28500>: Failed to resolve 'trading.vietcap.com.vn' ([Errno -2] Name or service not known)"))
[2025-10-07T12:06:12.433+0000] {logging_mixin.py:190} INFO - Không tìm thấy dữ liệu cho CPH
[2025-10-07T12:06:12.434+0000] {logging_mixin.py:190} INFO - ℹ️ CPH: Không có dữ liệu mới.
[2025-10-07T12:06:12.435+0000] {logging_mixin.py:190} INFO - ⬇️ Bắt đầu xử lý symbol = CPC
[2025-10-07T12:06:12.451+0000] {logging_mixin.py:190} INFO - ⚠️ Không đọc được file cũ CPC: 'date'
[2025-10-07T12:06:12.460+0000] {logging_mixin.py:190} INFO - CPC: trích dữ liệu từ 2025-10-04 đến 2025-10-07
[2025-10-07T12:06:12.464+0000] {client.py:83} ERROR - API request failed: HTTPSConnectionPool(host='trading.vietcap.com.vn', port=443): Max retries exceeded with url: /api/chart/OHLCChart/gap (Caused by NameResolutionError("<urllib3.connection.HTTPSConnection object at 0x7e61c7b7ede0>: Failed to resolve 'trading.vietcap.com.vn' ([Errno -2] Name or service not known)"))
[2025-10-07T12:06:14.471+0000] {client.py:83} ERROR - API request failed: HTTPSConnectionPool(host='trading.vietcap.com.vn', port=443): Max retries exceeded with url: /api/chart/OHLCChart/gap (Caused by NameResolutionError("<urllib3.connection.HTTPSConnection object at 0x7e61c7b28560>: Failed to resolve 'trading.vietcap.com.vn' ([Errno -2] Name or service not known)"))
[2025-10-07T12:06:16.476+0000] {client.py:83} ERROR - API request failed: HTTPSConnectionPool(host='trading.vietcap.com.vn', port=443): Max retries exceeded with url: /api/chart/OHLCChart/gap (Caused by NameResolutionError("<urllib3.connection.HTTPSConnection object at 0x7e61c7b295e0>: Failed to resolve 'trading.vietcap.com.vn' ([Errno -2] Name or service not known)"))
[2025-10-07T12:06:16.477+0000] {logging_mixin.py:190} INFO - Không tìm thấy dữ liệu cho CPC
[2025-10-07T12:06:16.478+0000] {logging_mixin.py:190} INFO - ℹ️ CPC: Không có dữ liệu mới.
[2025-10-07T12:06:16.479+0000] {logging_mixin.py:190} INFO - ⬇️ Bắt đầu xử lý symbol = CPA
[2025-10-07T12:06:16.505+0000] {logging_mixin.py:190} INFO - ⚠️ Không đọc được file cũ CPA: 'date'
[2025-10-07T12:06:16.512+0000] {logging_mixin.py:190} INFO - CPA: trích dữ liệu từ 2025-10-02 đến 2025-10-07
[2025-10-07T12:06:16.516+0000] {client.py:83} ERROR - API request failed: HTTPSConnectionPool(host='trading.vietcap.com.vn', port=443): Max retries exceeded with url: /api/chart/OHLCChart/gap (Caused by NameResolutionError("<urllib3.connection.HTTPSConnection object at 0x7e619e78c860>: Failed to resolve 'trading.vietcap.com.vn' ([Errno -2] Name or service not known)"))
[2025-10-07T12:06:18.521+0000] {client.py:83} ERROR - API request failed: HTTPSConnectionPool(host='trading.vietcap.com.vn', port=443): Max retries exceeded with url: /api/chart/OHLCChart/gap (Caused by NameResolutionError("<urllib3.connection.HTTPSConnection object at 0x7e619e7e2c60>: Failed to resolve 'trading.vietcap.com.vn' ([Errno -2] Name or service not known)"))
[2025-10-07T12:06:20.527+0000] {client.py:83} ERROR - API request failed: HTTPSConnectionPool(host='trading.vietcap.com.vn', port=443): Max retries exceeded with url: /api/chart/OHLCChart/gap (Caused by NameResolutionError("<urllib3.connection.HTTPSConnection object at 0x7e619e78f1d0>: Failed to resolve 'trading.vietcap.com.vn' ([Errno -2] Name or service not known)"))
[2025-10-07T12:06:20.528+0000] {logging_mixin.py:190} INFO - Không tìm thấy dữ liệu cho CPA
[2025-10-07T12:06:20.529+0000] {logging_mixin.py:190} INFO - ℹ️ CPA: Không có dữ liệu mới.
[2025-10-07T12:06:20.530+0000] {python.py:240} INFO - Done. Returned value was: None
[2025-10-07T12:06:20.540+0000] {taskinstance.py:341} INFO - ::group::Post task execution logs
[2025-10-07T12:06:20.541+0000] {taskinstance.py:353} INFO - Marking task as SUCCESS. dag_id=vnstock_weekly_etl_incremental, task_id=process_batch, run_id=manual__2025-10-07T10:41:48.387187+00:00, map_index=28, execution_date=20251007T104148, start_date=20251007T114028, end_date=20251007T120620
[2025-10-07T12:06:20.589+0000] {local_task_job_runner.py:266} INFO - Task exited with return code 0
[2025-10-07T12:06:20.748+0000] {taskinstance.py:3901} INFO - 0 downstream tasks scheduled from follow-on schedule check
[2025-10-07T12:06:20.750+0000] {local_task_job_runner.py:245} INFO - ::endgroup::
