[2025-10-07T11:30:58.669+0000] {local_task_job_runner.py:123} INFO - ::group::Pre task execution logs
[2025-10-07T11:30:58.700+0000] {taskinstance.py:2614} INFO - Dependencies all met for dep_context=non-requeueable deps ti=<TaskInstance: vnstock_weekly_etl_incremental.process_batch manual__2025-10-07T10:41:48.387187+00:00 map_index=21 [queued]>
[2025-10-07T11:30:58.717+0000] {taskinstance.py:2614} INFO - Dependencies all met for dep_context=requeueable deps ti=<TaskInstance: vnstock_weekly_etl_incremental.process_batch manual__2025-10-07T10:41:48.387187+00:00 map_index=21 [queued]>
[2025-10-07T11:30:58.718+0000] {taskinstance.py:2867} INFO - Starting attempt 1 of 3
[2025-10-07T11:30:58.735+0000] {taskinstance.py:2890} INFO - Executing <Mapped(_PythonDecoratedOperator): process_batch> on 2025-10-07 10:41:48.387187+00:00
[2025-10-07T11:30:58.749+0000] {logging_mixin.py:190} WARNING - /home/***/.local/lib/python3.12/site-packages/***/task/task_runner/standard_task_runner.py:70 DeprecationWarning: This process (pid=7893) is multi-threaded, use of fork() may lead to deadlocks in the child.
[2025-10-07T11:30:58.752+0000] {standard_task_runner.py:72} INFO - Started process 7924 to run task
[2025-10-07T11:30:58.750+0000] {standard_task_runner.py:104} INFO - Running: ['***', 'tasks', 'run', 'vnstock_weekly_etl_incremental', 'process_batch', 'manual__2025-10-07T10:41:48.387187+00:00', '--job-id', '145', '--raw', '--subdir', 'DAGS_FOLDER/dag.py', '--cfg-path', '/tmp/tmpm3ppq543', '--map-index', '21']
[2025-10-07T11:30:58.753+0000] {standard_task_runner.py:105} INFO - Job 145: Subtask process_batch
[2025-10-07T11:30:58.775+0000] {logging_mixin.py:190} WARNING - /home/***/.local/lib/python3.12/site-packages/***/settings.py:209 DeprecationWarning: The sql_alchemy_conn option in [core] has been moved to the sql_alchemy_conn option in [database] - the old setting has been used, but please update your config.
[2025-10-07T11:30:58.839+0000] {task_command.py:467} INFO - Running <TaskInstance: vnstock_weekly_etl_incremental.process_batch manual__2025-10-07T10:41:48.387187+00:00 map_index=21 [running]> on host e3278e0f0bbc
[2025-10-07T11:30:59.222+0000] {taskinstance.py:3134} INFO - Exporting env vars: AIRFLOW_CTX_DAG_OWNER='***' AIRFLOW_CTX_DAG_ID='vnstock_weekly_etl_incremental' AIRFLOW_CTX_TASK_ID='process_batch' AIRFLOW_CTX_EXECUTION_DATE='2025-10-07T10:41:48.387187+00:00' AIRFLOW_CTX_TRY_NUMBER='1' AIRFLOW_CTX_DAG_RUN_ID='manual__2025-10-07T10:41:48.387187+00:00'
[2025-10-07T11:30:59.225+0000] {taskinstance.py:732} INFO - ::endgroup::
[2025-10-07T11:30:59.228+0000] {logging_mixin.py:190} INFO - ⬇️ Bắt đầu xử lý symbol = HTP
[2025-10-07T11:30:59.246+0000] {logging_mixin.py:190} INFO - ⚠️ Không đọc được file cũ HTP: 'date'
[2025-10-07T11:30:59.264+0000] {logging_mixin.py:190} INFO - HTP: trích dữ liệu từ 2025-10-04 đến 2025-10-07
[2025-10-07T11:30:59.284+0000] {client.py:83} ERROR - API request failed: HTTPSConnectionPool(host='trading.vietcap.com.vn', port=443): Max retries exceeded with url: /api/chart/OHLCChart/gap (Caused by NameResolutionError("<urllib3.connection.HTTPSConnection object at 0x7e619e917740>: Failed to resolve 'trading.vietcap.com.vn' ([Errno -2] Name or service not known)"))
[2025-10-07T11:31:01.291+0000] {client.py:83} ERROR - API request failed: HTTPSConnectionPool(host='trading.vietcap.com.vn', port=443): Max retries exceeded with url: /api/chart/OHLCChart/gap (Caused by NameResolutionError("<urllib3.connection.HTTPSConnection object at 0x7e619e938470>: Failed to resolve 'trading.vietcap.com.vn' ([Errno -2] Name or service not known)"))
[2025-10-07T11:31:03.308+0000] {client.py:83} ERROR - API request failed: HTTPSConnectionPool(host='trading.vietcap.com.vn', port=443): Max retries exceeded with url: /api/chart/OHLCChart/gap (Caused by NameResolutionError("<urllib3.connection.HTTPSConnection object at 0x7e619e939070>: Failed to resolve 'trading.vietcap.com.vn' ([Errno -2] Name or service not known)"))
[2025-10-07T11:31:03.311+0000] {logging_mixin.py:190} INFO - Không tìm thấy dữ liệu cho HTP
[2025-10-07T11:31:03.323+0000] {logging_mixin.py:190} INFO - ℹ️ HTP: Không có dữ liệu mới.
[2025-10-07T11:31:03.326+0000] {logging_mixin.py:190} INFO - ⬇️ Bắt đầu xử lý symbol = HTN
[2025-10-07T11:31:03.373+0000] {logging_mixin.py:190} INFO - ⚠️ Không đọc được file cũ HTN: 'date'
[2025-10-07T11:31:03.394+0000] {logging_mixin.py:190} INFO - HTN: trích dữ liệu từ 2025-10-08 đến 2025-10-07
[2025-10-07T11:31:03.403+0000] {client.py:83} ERROR - API request failed: HTTPSConnectionPool(host='trading.vietcap.com.vn', port=443): Max retries exceeded with url: /api/chart/OHLCChart/gap (Caused by NameResolutionError("<urllib3.connection.HTTPSConnection object at 0x7e619e93ae10>: Failed to resolve 'trading.vietcap.com.vn' ([Errno -2] Name or service not known)"))
[2025-10-07T11:31:05.407+0000] {client.py:83} ERROR - API request failed: HTTPSConnectionPool(host='trading.vietcap.com.vn', port=443): Max retries exceeded with url: /api/chart/OHLCChart/gap (Caused by NameResolutionError("<urllib3.connection.HTTPSConnection object at 0x7e619e93b110>: Failed to resolve 'trading.vietcap.com.vn' ([Errno -2] Name or service not known)"))
[2025-10-07T11:31:07.420+0000] {client.py:83} ERROR - API request failed: HTTPSConnectionPool(host='trading.vietcap.com.vn', port=443): Max retries exceeded with url: /api/chart/OHLCChart/gap (Caused by NameResolutionError("<urllib3.connection.HTTPSConnection object at 0x7e619e93bd40>: Failed to resolve 'trading.vietcap.com.vn' ([Errno -2] Name or service not known)"))
[2025-10-07T11:31:07.423+0000] {logging_mixin.py:190} INFO - Không tìm thấy dữ liệu cho HTN
[2025-10-07T11:31:07.429+0000] {logging_mixin.py:190} INFO - ℹ️ HTN: Không có dữ liệu mới.
[2025-10-07T11:31:07.431+0000] {logging_mixin.py:190} INFO - ⬇️ Bắt đầu xử lý symbol = HTM
[2025-10-07T11:31:07.467+0000] {logging_mixin.py:190} INFO - ⚠️ Không đọc được file cũ HTM: 'date'
[2025-10-07T11:31:07.506+0000] {logging_mixin.py:190} INFO - HTM: trích dữ liệu từ 2025-10-08 đến 2025-10-07
[2025-10-07T11:31:07.521+0000] {client.py:83} ERROR - API request failed: HTTPSConnectionPool(host='trading.vietcap.com.vn', port=443): Max retries exceeded with url: /api/chart/OHLCChart/gap (Caused by NameResolutionError("<urllib3.connection.HTTPSConnection object at 0x7e619e781880>: Failed to resolve 'trading.vietcap.com.vn' ([Errno -2] Name or service not known)"))
[2025-10-07T11:31:09.530+0000] {client.py:83} ERROR - API request failed: HTTPSConnectionPool(host='trading.vietcap.com.vn', port=443): Max retries exceeded with url: /api/chart/OHLCChart/gap (Caused by NameResolutionError("<urllib3.connection.HTTPSConnection object at 0x7e619e9178c0>: Failed to resolve 'trading.vietcap.com.vn' ([Errno -2] Name or service not known)"))
[2025-10-07T11:31:11.546+0000] {client.py:83} ERROR - API request failed: HTTPSConnectionPool(host='trading.vietcap.com.vn', port=443): Max retries exceeded with url: /api/chart/OHLCChart/gap (Caused by NameResolutionError("<urllib3.connection.HTTPSConnection object at 0x7e619e938710>: Failed to resolve 'trading.vietcap.com.vn' ([Errno -2] Name or service not known)"))
[2025-10-07T11:31:11.549+0000] {logging_mixin.py:190} INFO - Không tìm thấy dữ liệu cho HTM
[2025-10-07T11:31:11.554+0000] {logging_mixin.py:190} INFO - ℹ️ HTM: Không có dữ liệu mới.
[2025-10-07T11:31:11.556+0000] {logging_mixin.py:190} INFO - ⬇️ Bắt đầu xử lý symbol = HTL
[2025-10-07T11:31:11.595+0000] {logging_mixin.py:190} INFO - ⚠️ Không đọc được file cũ HTL: 'date'
[2025-10-07T11:31:11.641+0000] {logging_mixin.py:190} INFO - HTL: trích dữ liệu từ 2025-10-08 đến 2025-10-07
[2025-10-07T11:31:11.652+0000] {client.py:83} ERROR - API request failed: HTTPSConnectionPool(host='trading.vietcap.com.vn', port=443): Max retries exceeded with url: /api/chart/OHLCChart/gap (Caused by NameResolutionError("<urllib3.connection.HTTPSConnection object at 0x7e619e938d70>: Failed to resolve 'trading.vietcap.com.vn' ([Errno -2] Name or service not known)"))
[2025-10-07T11:31:13.659+0000] {client.py:83} ERROR - API request failed: HTTPSConnectionPool(host='trading.vietcap.com.vn', port=443): Max retries exceeded with url: /api/chart/OHLCChart/gap (Caused by NameResolutionError("<urllib3.connection.HTTPSConnection object at 0x7e619e93a7b0>: Failed to resolve 'trading.vietcap.com.vn' ([Errno -2] Name or service not known)"))
[2025-10-07T11:31:15.692+0000] {client.py:83} ERROR - API request failed: HTTPSConnectionPool(host='trading.vietcap.com.vn', port=443): Max retries exceeded with url: /api/chart/OHLCChart/gap (Caused by NameResolutionError("<urllib3.connection.HTTPSConnection object at 0x7e619e7803e0>: Failed to resolve 'trading.vietcap.com.vn' ([Errno -2] Name or service not known)"))
[2025-10-07T11:31:15.702+0000] {logging_mixin.py:190} INFO - Không tìm thấy dữ liệu cho HTL
[2025-10-07T11:31:15.710+0000] {logging_mixin.py:190} INFO - ℹ️ HTL: Không có dữ liệu mới.
[2025-10-07T11:31:15.715+0000] {logging_mixin.py:190} INFO - ⬇️ Bắt đầu xử lý symbol = HTK
[2025-10-07T11:31:15.794+0000] {logging_mixin.py:190} INFO - HTK: trích dữ liệu từ 2020-01-01 đến 2025-10-07
[2025-10-07T11:31:15.813+0000] {client.py:83} ERROR - API request failed: HTTPSConnectionPool(host='trading.vietcap.com.vn', port=443): Max retries exceeded with url: /api/chart/OHLCChart/gap (Caused by NameResolutionError("<urllib3.connection.HTTPSConnection object at 0x7e619e93a2d0>: Failed to resolve 'trading.vietcap.com.vn' ([Errno -2] Name or service not known)"))
[2025-10-07T11:31:17.822+0000] {client.py:83} ERROR - API request failed: HTTPSConnectionPool(host='trading.vietcap.com.vn', port=443): Max retries exceeded with url: /api/chart/OHLCChart/gap (Caused by NameResolutionError("<urllib3.connection.HTTPSConnection object at 0x7e619e7818e0>: Failed to resolve 'trading.vietcap.com.vn' ([Errno -2] Name or service not known)"))
[2025-10-07T11:31:19.835+0000] {client.py:83} ERROR - API request failed: HTTPSConnectionPool(host='trading.vietcap.com.vn', port=443): Max retries exceeded with url: /api/chart/OHLCChart/gap (Caused by NameResolutionError("<urllib3.connection.HTTPSConnection object at 0x7e619e7821b0>: Failed to resolve 'trading.vietcap.com.vn' ([Errno -2] Name or service not known)"))
[2025-10-07T11:31:19.843+0000] {logging_mixin.py:190} INFO - Không tìm thấy dữ liệu cho HTK
[2025-10-07T11:31:19.846+0000] {logging_mixin.py:190} INFO - ℹ️ HTK: Không có dữ liệu mới.
[2025-10-07T11:31:19.848+0000] {logging_mixin.py:190} INFO - 🚦 Giới hạn API đạt mức tối đa, chờ 39.4s...
[2025-10-07T11:31:59.226+0000] {logging_mixin.py:190} INFO - ⬇️ Bắt đầu xử lý symbol = HTI
[2025-10-07T11:31:59.313+0000] {logging_mixin.py:190} INFO - ⚠️ Không đọc được file cũ HTI: 'date'
[2025-10-07T11:31:59.352+0000] {logging_mixin.py:190} INFO - HTI: trích dữ liệu từ 2025-10-04 đến 2025-10-07
[2025-10-07T11:31:59.365+0000] {client.py:83} ERROR - API request failed: HTTPSConnectionPool(host='trading.vietcap.com.vn', port=443): Max retries exceeded with url: /api/chart/OHLCChart/gap (Caused by NameResolutionError("<urllib3.connection.HTTPSConnection object at 0x7e619e914fe0>: Failed to resolve 'trading.vietcap.com.vn' ([Errno -2] Name or service not known)"))
[2025-10-07T11:32:01.380+0000] {client.py:83} ERROR - API request failed: HTTPSConnectionPool(host='trading.vietcap.com.vn', port=443): Max retries exceeded with url: /api/chart/OHLCChart/gap (Caused by NameResolutionError("<urllib3.connection.HTTPSConnection object at 0x7e619e938920>: Failed to resolve 'trading.vietcap.com.vn' ([Errno -2] Name or service not known)"))
[2025-10-07T11:32:03.396+0000] {client.py:83} ERROR - API request failed: HTTPSConnectionPool(host='trading.vietcap.com.vn', port=443): Max retries exceeded with url: /api/chart/OHLCChart/gap (Caused by NameResolutionError("<urllib3.connection.HTTPSConnection object at 0x7e619e782150>: Failed to resolve 'trading.vietcap.com.vn' ([Errno -2] Name or service not known)"))
[2025-10-07T11:32:03.399+0000] {logging_mixin.py:190} INFO - Không tìm thấy dữ liệu cho HTI
[2025-10-07T11:32:03.405+0000] {logging_mixin.py:190} INFO - ℹ️ HTI: Không có dữ liệu mới.
[2025-10-07T11:32:03.408+0000] {logging_mixin.py:190} INFO - ⬇️ Bắt đầu xử lý symbol = HTH
[2025-10-07T11:32:03.474+0000] {logging_mixin.py:190} INFO - ⚠️ Không đọc được file cũ HTH: 'date'
[2025-10-07T11:32:03.523+0000] {logging_mixin.py:190} INFO - HTH: trích dữ liệu từ 2022-10-13 đến 2025-10-07
[2025-10-07T11:32:03.541+0000] {client.py:83} ERROR - API request failed: HTTPSConnectionPool(host='trading.vietcap.com.vn', port=443): Max retries exceeded with url: /api/chart/OHLCChart/gap (Caused by NameResolutionError("<urllib3.connection.HTTPSConnection object at 0x7e619e783d70>: Failed to resolve 'trading.vietcap.com.vn' ([Errno -2] Name or service not known)"))
[2025-10-07T11:32:05.557+0000] {client.py:83} ERROR - API request failed: HTTPSConnectionPool(host='trading.vietcap.com.vn', port=443): Max retries exceeded with url: /api/chart/OHLCChart/gap (Caused by NameResolutionError("<urllib3.connection.HTTPSConnection object at 0x7e619e7b48c0>: Failed to resolve 'trading.vietcap.com.vn' ([Errno -2] Name or service not known)"))
[2025-10-07T11:32:07.566+0000] {client.py:83} ERROR - API request failed: HTTPSConnectionPool(host='trading.vietcap.com.vn', port=443): Max retries exceeded with url: /api/chart/OHLCChart/gap (Caused by NameResolutionError("<urllib3.connection.HTTPSConnection object at 0x7e619e783a40>: Failed to resolve 'trading.vietcap.com.vn' ([Errno -2] Name or service not known)"))
[2025-10-07T11:32:07.567+0000] {logging_mixin.py:190} INFO - Không tìm thấy dữ liệu cho HTH
[2025-10-07T11:32:07.569+0000] {logging_mixin.py:190} INFO - ℹ️ HTH: Không có dữ liệu mới.
[2025-10-07T11:32:07.570+0000] {logging_mixin.py:190} INFO - ⬇️ Bắt đầu xử lý symbol = HTG
[2025-10-07T11:32:07.601+0000] {logging_mixin.py:190} INFO - ⚠️ Không đọc được file cũ HTG: 'date'
[2025-10-07T11:32:07.617+0000] {logging_mixin.py:190} INFO - HTG: trích dữ liệu từ 2025-10-04 đến 2025-10-07
[2025-10-07T11:32:07.623+0000] {client.py:83} ERROR - API request failed: HTTPSConnectionPool(host='trading.vietcap.com.vn', port=443): Max retries exceeded with url: /api/chart/OHLCChart/gap (Caused by NameResolutionError("<urllib3.connection.HTTPSConnection object at 0x7e619e7b4a40>: Failed to resolve 'trading.vietcap.com.vn' ([Errno -2] Name or service not known)"))
[2025-10-07T11:32:09.641+0000] {client.py:83} ERROR - API request failed: HTTPSConnectionPool(host='trading.vietcap.com.vn', port=443): Max retries exceeded with url: /api/chart/OHLCChart/gap (Caused by NameResolutionError("<urllib3.connection.HTTPSConnection object at 0x7e619e7b55e0>: Failed to resolve 'trading.vietcap.com.vn' ([Errno -2] Name or service not known)"))
[2025-10-07T11:32:11.664+0000] {client.py:83} ERROR - API request failed: HTTPSConnectionPool(host='trading.vietcap.com.vn', port=443): Max retries exceeded with url: /api/chart/OHLCChart/gap (Caused by NameResolutionError("<urllib3.connection.HTTPSConnection object at 0x7e619e7b6390>: Failed to resolve 'trading.vietcap.com.vn' ([Errno -2] Name or service not known)"))
[2025-10-07T11:32:11.668+0000] {logging_mixin.py:190} INFO - Không tìm thấy dữ liệu cho HTG
[2025-10-07T11:32:11.673+0000] {logging_mixin.py:190} INFO - ℹ️ HTG: Không có dữ liệu mới.
[2025-10-07T11:32:11.674+0000] {logging_mixin.py:190} INFO - ⬇️ Bắt đầu xử lý symbol = HTE
[2025-10-07T11:32:11.746+0000] {logging_mixin.py:190} INFO - ⚠️ Không đọc được file cũ HTE: 'date'
[2025-10-07T11:32:11.792+0000] {logging_mixin.py:190} INFO - HTE: trích dữ liệu từ 2025-10-04 đến 2025-10-07
[2025-10-07T11:32:11.807+0000] {client.py:83} ERROR - API request failed: HTTPSConnectionPool(host='trading.vietcap.com.vn', port=443): Max retries exceeded with url: /api/chart/OHLCChart/gap (Caused by NameResolutionError("<urllib3.connection.HTTPSConnection object at 0x7e619e7b4da0>: Failed to resolve 'trading.vietcap.com.vn' ([Errno -2] Name or service not known)"))
[2025-10-07T11:32:13.819+0000] {client.py:83} ERROR - API request failed: HTTPSConnectionPool(host='trading.vietcap.com.vn', port=443): Max retries exceeded with url: /api/chart/OHLCChart/gap (Caused by NameResolutionError("<urllib3.connection.HTTPSConnection object at 0x7e619e7b7080>: Failed to resolve 'trading.vietcap.com.vn' ([Errno -2] Name or service not known)"))
[2025-10-07T11:32:15.834+0000] {client.py:83} ERROR - API request failed: HTTPSConnectionPool(host='trading.vietcap.com.vn', port=443): Max retries exceeded with url: /api/chart/OHLCChart/gap (Caused by NameResolutionError("<urllib3.connection.HTTPSConnection object at 0x7e619e7b7dd0>: Failed to resolve 'trading.vietcap.com.vn' ([Errno -2] Name or service not known)"))
[2025-10-07T11:32:15.837+0000] {logging_mixin.py:190} INFO - Không tìm thấy dữ liệu cho HTE
[2025-10-07T11:32:15.842+0000] {logging_mixin.py:190} INFO - ℹ️ HTE: Không có dữ liệu mới.
[2025-10-07T11:32:15.844+0000] {logging_mixin.py:190} INFO - ⬇️ Bắt đầu xử lý symbol = HTC
[2025-10-07T11:32:15.931+0000] {logging_mixin.py:190} INFO - ⚠️ Không đọc được file cũ HTC: 'date'
[2025-10-07T11:32:15.971+0000] {logging_mixin.py:190} INFO - HTC: trích dữ liệu từ 2025-10-03 đến 2025-10-07
[2025-10-07T11:32:15.985+0000] {client.py:83} ERROR - API request failed: HTTPSConnectionPool(host='trading.vietcap.com.vn', port=443): Max retries exceeded with url: /api/chart/OHLCChart/gap (Caused by NameResolutionError("<urllib3.connection.HTTPSConnection object at 0x7e619e7b7c80>: Failed to resolve 'trading.vietcap.com.vn' ([Errno -2] Name or service not known)"))
[2025-10-07T11:32:18.000+0000] {client.py:83} ERROR - API request failed: HTTPSConnectionPool(host='trading.vietcap.com.vn', port=443): Max retries exceeded with url: /api/chart/OHLCChart/gap (Caused by NameResolutionError("<urllib3.connection.HTTPSConnection object at 0x7e619e7b6ba0>: Failed to resolve 'trading.vietcap.com.vn' ([Errno -2] Name or service not known)"))
[2025-10-07T11:32:20.012+0000] {client.py:83} ERROR - API request failed: HTTPSConnectionPool(host='trading.vietcap.com.vn', port=443): Max retries exceeded with url: /api/chart/OHLCChart/gap (Caused by NameResolutionError("<urllib3.connection.HTTPSConnection object at 0x7e619e7b5580>: Failed to resolve 'trading.vietcap.com.vn' ([Errno -2] Name or service not known)"))
[2025-10-07T11:32:20.015+0000] {logging_mixin.py:190} INFO - Không tìm thấy dữ liệu cho HTC
[2025-10-07T11:32:20.018+0000] {logging_mixin.py:190} INFO - ℹ️ HTC: Không có dữ liệu mới.
[2025-10-07T11:32:20.019+0000] {logging_mixin.py:190} INFO - 🚦 Giới hạn API đạt mức tối đa, chờ 39.2s...
[2025-10-07T11:32:59.226+0000] {logging_mixin.py:190} INFO - ⬇️ Bắt đầu xử lý symbol = HT1
[2025-10-07T11:32:59.263+0000] {logging_mixin.py:190} INFO - ⚠️ Không đọc được file cũ HT1: 'date'
[2025-10-07T11:32:59.280+0000] {logging_mixin.py:190} INFO - HT1: trích dữ liệu từ 2025-10-04 đến 2025-10-07
[2025-10-07T11:32:59.288+0000] {client.py:83} ERROR - API request failed: HTTPSConnectionPool(host='trading.vietcap.com.vn', port=443): Max retries exceeded with url: /api/chart/OHLCChart/gap (Caused by NameResolutionError("<urllib3.connection.HTTPSConnection object at 0x7e619e805dc0>: Failed to resolve 'trading.vietcap.com.vn' ([Errno -2] Name or service not known)"))
[2025-10-07T11:33:01.301+0000] {client.py:83} ERROR - API request failed: HTTPSConnectionPool(host='trading.vietcap.com.vn', port=443): Max retries exceeded with url: /api/chart/OHLCChart/gap (Caused by NameResolutionError("<urllib3.connection.HTTPSConnection object at 0x7e619e7b4d70>: Failed to resolve 'trading.vietcap.com.vn' ([Errno -2] Name or service not known)"))
[2025-10-07T11:33:03.317+0000] {client.py:83} ERROR - API request failed: HTTPSConnectionPool(host='trading.vietcap.com.vn', port=443): Max retries exceeded with url: /api/chart/OHLCChart/gap (Caused by NameResolutionError("<urllib3.connection.HTTPSConnection object at 0x7e619e7b75f0>: Failed to resolve 'trading.vietcap.com.vn' ([Errno -2] Name or service not known)"))
[2025-10-07T11:33:03.510+0000] {logging_mixin.py:190} INFO - Không tìm thấy dữ liệu cho HT1
[2025-10-07T11:33:03.521+0000] {logging_mixin.py:190} INFO - ℹ️ HT1: Không có dữ liệu mới.
[2025-10-07T11:33:03.523+0000] {logging_mixin.py:190} INFO - ⬇️ Bắt đầu xử lý symbol = HSV
[2025-10-07T11:33:03.586+0000] {logging_mixin.py:190} INFO - ⚠️ Không đọc được file cũ HSV: 'date'
[2025-10-07T11:33:03.604+0000] {logging_mixin.py:190} INFO - HSV: trích dữ liệu từ 2025-10-04 đến 2025-10-07
[2025-10-07T11:33:03.619+0000] {client.py:83} ERROR - API request failed: HTTPSConnectionPool(host='trading.vietcap.com.vn', port=443): Max retries exceeded with url: /api/chart/OHLCChart/gap (Caused by NameResolutionError("<urllib3.connection.HTTPSConnection object at 0x7e619e831f40>: Failed to resolve 'trading.vietcap.com.vn' ([Errno -2] Name or service not known)"))
[2025-10-07T11:33:05.629+0000] {client.py:83} ERROR - API request failed: HTTPSConnectionPool(host='trading.vietcap.com.vn', port=443): Max retries exceeded with url: /api/chart/OHLCChart/gap (Caused by NameResolutionError("<urllib3.connection.HTTPSConnection object at 0x7e619e805f10>: Failed to resolve 'trading.vietcap.com.vn' ([Errno -2] Name or service not known)"))
[2025-10-07T11:33:07.641+0000] {client.py:83} ERROR - API request failed: HTTPSConnectionPool(host='trading.vietcap.com.vn', port=443): Max retries exceeded with url: /api/chart/OHLCChart/gap (Caused by NameResolutionError("<urllib3.connection.HTTPSConnection object at 0x7e619e807a70>: Failed to resolve 'trading.vietcap.com.vn' ([Errno -2] Name or service not known)"))
[2025-10-07T11:33:07.643+0000] {logging_mixin.py:190} INFO - Không tìm thấy dữ liệu cho HSV
[2025-10-07T11:33:07.649+0000] {logging_mixin.py:190} INFO - ℹ️ HSV: Không có dữ liệu mới.
[2025-10-07T11:33:07.650+0000] {logging_mixin.py:190} INFO - ⬇️ Bắt đầu xử lý symbol = HSP
[2025-10-07T11:33:07.699+0000] {logging_mixin.py:190} INFO - ⚠️ Không đọc được file cũ HSP: 'date'
[2025-10-07T11:33:07.719+0000] {logging_mixin.py:190} INFO - HSP: trích dữ liệu từ 2025-10-02 đến 2025-10-07
[2025-10-07T11:33:07.730+0000] {client.py:83} ERROR - API request failed: HTTPSConnectionPool(host='trading.vietcap.com.vn', port=443): Max retries exceeded with url: /api/chart/OHLCChart/gap (Caused by NameResolutionError("<urllib3.connection.HTTPSConnection object at 0x7e619e7b55b0>: Failed to resolve 'trading.vietcap.com.vn' ([Errno -2] Name or service not known)"))
[2025-10-07T11:33:09.748+0000] {client.py:83} ERROR - API request failed: HTTPSConnectionPool(host='trading.vietcap.com.vn', port=443): Max retries exceeded with url: /api/chart/OHLCChart/gap (Caused by NameResolutionError("<urllib3.connection.HTTPSConnection object at 0x7e619e7b6ba0>: Failed to resolve 'trading.vietcap.com.vn' ([Errno -2] Name or service not known)"))
[2025-10-07T11:33:11.758+0000] {client.py:83} ERROR - API request failed: HTTPSConnectionPool(host='trading.vietcap.com.vn', port=443): Max retries exceeded with url: /api/chart/OHLCChart/gap (Caused by NameResolutionError("<urllib3.connection.HTTPSConnection object at 0x7e619e806510>: Failed to resolve 'trading.vietcap.com.vn' ([Errno -2] Name or service not known)"))
[2025-10-07T11:33:11.759+0000] {logging_mixin.py:190} INFO - Không tìm thấy dữ liệu cho HSP
[2025-10-07T11:33:11.761+0000] {logging_mixin.py:190} INFO - ℹ️ HSP: Không có dữ liệu mới.
[2025-10-07T11:33:11.762+0000] {logging_mixin.py:190} INFO - ⬇️ Bắt đầu xử lý symbol = HSM
[2025-10-07T11:33:11.797+0000] {logging_mixin.py:190} INFO - ⚠️ Không đọc được file cũ HSM: 'date'
[2025-10-07T11:33:11.808+0000] {logging_mixin.py:190} INFO - HSM: trích dữ liệu từ 2025-10-03 đến 2025-10-07
[2025-10-07T11:33:11.814+0000] {client.py:83} ERROR - API request failed: HTTPSConnectionPool(host='trading.vietcap.com.vn', port=443): Max retries exceeded with url: /api/chart/OHLCChart/gap (Caused by NameResolutionError("<urllib3.connection.HTTPSConnection object at 0x7e619e7b7d70>: Failed to resolve 'trading.vietcap.com.vn' ([Errno -2] Name or service not known)"))
[2025-10-07T11:33:13.831+0000] {client.py:83} ERROR - API request failed: HTTPSConnectionPool(host='trading.vietcap.com.vn', port=443): Max retries exceeded with url: /api/chart/OHLCChart/gap (Caused by NameResolutionError("<urllib3.connection.HTTPSConnection object at 0x7e619e7b6210>: Failed to resolve 'trading.vietcap.com.vn' ([Errno -2] Name or service not known)"))
[2025-10-07T11:33:15.845+0000] {client.py:83} ERROR - API request failed: HTTPSConnectionPool(host='trading.vietcap.com.vn', port=443): Max retries exceeded with url: /api/chart/OHLCChart/gap (Caused by NameResolutionError("<urllib3.connection.HTTPSConnection object at 0x7e619e7b4680>: Failed to resolve 'trading.vietcap.com.vn' ([Errno -2] Name or service not known)"))
[2025-10-07T11:33:15.848+0000] {logging_mixin.py:190} INFO - Không tìm thấy dữ liệu cho HSM
[2025-10-07T11:33:15.854+0000] {logging_mixin.py:190} INFO - ℹ️ HSM: Không có dữ liệu mới.
[2025-10-07T11:33:15.856+0000] {logging_mixin.py:190} INFO - ⬇️ Bắt đầu xử lý symbol = HSL
[2025-10-07T11:33:15.923+0000] {logging_mixin.py:190} INFO - ⚠️ Không đọc được file cũ HSL: 'date'
[2025-10-07T11:33:15.956+0000] {logging_mixin.py:190} INFO - HSL: trích dữ liệu từ 2025-10-04 đến 2025-10-07
[2025-10-07T11:33:15.975+0000] {client.py:83} ERROR - API request failed: HTTPSConnectionPool(host='trading.vietcap.com.vn', port=443): Max retries exceeded with url: /api/chart/OHLCChart/gap (Caused by NameResolutionError("<urllib3.connection.HTTPSConnection object at 0x7e619e7b6150>: Failed to resolve 'trading.vietcap.com.vn' ([Errno -2] Name or service not known)"))
[2025-10-07T11:33:17.992+0000] {client.py:83} ERROR - API request failed: HTTPSConnectionPool(host='trading.vietcap.com.vn', port=443): Max retries exceeded with url: /api/chart/OHLCChart/gap (Caused by NameResolutionError("<urllib3.connection.HTTPSConnection object at 0x7e619e7b7830>: Failed to resolve 'trading.vietcap.com.vn' ([Errno -2] Name or service not known)"))
[2025-10-07T11:33:20.008+0000] {client.py:83} ERROR - API request failed: HTTPSConnectionPool(host='trading.vietcap.com.vn', port=443): Max retries exceeded with url: /api/chart/OHLCChart/gap (Caused by NameResolutionError("<urllib3.connection.HTTPSConnection object at 0x7e619e804b90>: Failed to resolve 'trading.vietcap.com.vn' ([Errno -2] Name or service not known)"))
[2025-10-07T11:33:20.011+0000] {logging_mixin.py:190} INFO - Không tìm thấy dữ liệu cho HSL
[2025-10-07T11:33:20.016+0000] {logging_mixin.py:190} INFO - ℹ️ HSL: Không có dữ liệu mới.
[2025-10-07T11:33:20.019+0000] {logging_mixin.py:190} INFO - 🚦 Giới hạn API đạt mức tối đa, chờ 39.2s...
[2025-10-07T11:33:59.228+0000] {logging_mixin.py:190} INFO - ⬇️ Bắt đầu xử lý symbol = HSI
[2025-10-07T11:33:59.293+0000] {logging_mixin.py:190} INFO - ⚠️ Không đọc được file cũ HSI: 'date'
[2025-10-07T11:33:59.331+0000] {logging_mixin.py:190} INFO - HSI: trích dữ liệu từ 2025-10-04 đến 2025-10-07
[2025-10-07T11:33:59.348+0000] {client.py:83} ERROR - API request failed: HTTPSConnectionPool(host='trading.vietcap.com.vn', port=443): Max retries exceeded with url: /api/chart/OHLCChart/gap (Caused by NameResolutionError("<urllib3.connection.HTTPSConnection object at 0x7e619e780c50>: Failed to resolve 'trading.vietcap.com.vn' ([Errno -2] Name or service not known)"))
[2025-10-07T11:34:01.358+0000] {client.py:83} ERROR - API request failed: HTTPSConnectionPool(host='trading.vietcap.com.vn', port=443): Max retries exceeded with url: /api/chart/OHLCChart/gap (Caused by NameResolutionError("<urllib3.connection.HTTPSConnection object at 0x7e619e7b6480>: Failed to resolve 'trading.vietcap.com.vn' ([Errno -2] Name or service not known)"))
[2025-10-07T11:34:03.376+0000] {client.py:83} ERROR - API request failed: HTTPSConnectionPool(host='trading.vietcap.com.vn', port=443): Max retries exceeded with url: /api/chart/OHLCChart/gap (Caused by NameResolutionError("<urllib3.connection.HTTPSConnection object at 0x7e619e7b7c20>: Failed to resolve 'trading.vietcap.com.vn' ([Errno -2] Name or service not known)"))
[2025-10-07T11:34:03.379+0000] {logging_mixin.py:190} INFO - Không tìm thấy dữ liệu cho HSI
[2025-10-07T11:34:03.385+0000] {logging_mixin.py:190} INFO - ℹ️ HSI: Không có dữ liệu mới.
[2025-10-07T11:34:03.387+0000] {logging_mixin.py:190} INFO - 🚦 Giới hạn API đạt mức tối đa, chờ 0.1s...
[2025-10-07T11:34:03.525+0000] {logging_mixin.py:190} INFO - ⬇️ Bắt đầu xử lý symbol = HSG
[2025-10-07T11:34:03.617+0000] {logging_mixin.py:190} INFO - ⚠️ Không đọc được file cũ HSG: 'date'
[2025-10-07T11:34:03.658+0000] {logging_mixin.py:190} INFO - HSG: trích dữ liệu từ 2025-10-04 đến 2025-10-07
[2025-10-07T11:34:03.678+0000] {client.py:83} ERROR - API request failed: HTTPSConnectionPool(host='trading.vietcap.com.vn', port=443): Max retries exceeded with url: /api/chart/OHLCChart/gap (Caused by NameResolutionError("<urllib3.connection.HTTPSConnection object at 0x7e619e7832f0>: Failed to resolve 'trading.vietcap.com.vn' ([Errno -2] Name or service not known)"))
[2025-10-07T11:34:05.691+0000] {client.py:83} ERROR - API request failed: HTTPSConnectionPool(host='trading.vietcap.com.vn', port=443): Max retries exceeded with url: /api/chart/OHLCChart/gap (Caused by NameResolutionError("<urllib3.connection.HTTPSConnection object at 0x7e619e914d10>: Failed to resolve 'trading.vietcap.com.vn' ([Errno -2] Name or service not known)"))
[2025-10-07T11:34:07.707+0000] {client.py:83} ERROR - API request failed: HTTPSConnectionPool(host='trading.vietcap.com.vn', port=443): Max retries exceeded with url: /api/chart/OHLCChart/gap (Caused by NameResolutionError("<urllib3.connection.HTTPSConnection object at 0x7e619e7b45c0>: Failed to resolve 'trading.vietcap.com.vn' ([Errno -2] Name or service not known)"))
[2025-10-07T11:34:07.711+0000] {logging_mixin.py:190} INFO - Không tìm thấy dữ liệu cho HSG
[2025-10-07T11:34:07.715+0000] {logging_mixin.py:190} INFO - ℹ️ HSG: Không có dữ liệu mới.
[2025-10-07T11:34:07.717+0000] {logging_mixin.py:190} INFO - ⬇️ Bắt đầu xử lý symbol = HSA
[2025-10-07T11:34:07.809+0000] {logging_mixin.py:190} INFO - ⚠️ Không đọc được file cũ HSA: 'date'
[2025-10-07T11:34:07.839+0000] {logging_mixin.py:190} INFO - HSA: trích dữ liệu từ 2024-07-26 đến 2025-10-07
[2025-10-07T11:34:07.855+0000] {client.py:83} ERROR - API request failed: HTTPSConnectionPool(host='trading.vietcap.com.vn', port=443): Max retries exceeded with url: /api/chart/OHLCChart/gap (Caused by NameResolutionError("<urllib3.connection.HTTPSConnection object at 0x7e619e782f00>: Failed to resolve 'trading.vietcap.com.vn' ([Errno -2] Name or service not known)"))
[2025-10-07T11:34:09.869+0000] {client.py:83} ERROR - API request failed: HTTPSConnectionPool(host='trading.vietcap.com.vn', port=443): Max retries exceeded with url: /api/chart/OHLCChart/gap (Caused by NameResolutionError("<urllib3.connection.HTTPSConnection object at 0x7e619e939d60>: Failed to resolve 'trading.vietcap.com.vn' ([Errno -2] Name or service not known)"))
[2025-10-07T11:34:11.882+0000] {client.py:83} ERROR - API request failed: HTTPSConnectionPool(host='trading.vietcap.com.vn', port=443): Max retries exceeded with url: /api/chart/OHLCChart/gap (Caused by NameResolutionError("<urllib3.connection.HTTPSConnection object at 0x7e619e939220>: Failed to resolve 'trading.vietcap.com.vn' ([Errno -2] Name or service not known)"))
[2025-10-07T11:34:11.885+0000] {logging_mixin.py:190} INFO - Không tìm thấy dữ liệu cho HSA
[2025-10-07T11:34:11.890+0000] {logging_mixin.py:190} INFO - ℹ️ HSA: Không có dữ liệu mới.
[2025-10-07T11:34:11.891+0000] {logging_mixin.py:190} INFO - ⬇️ Bắt đầu xử lý symbol = HRT
[2025-10-07T11:34:11.964+0000] {logging_mixin.py:190} INFO - ⚠️ Không đọc được file cũ HRT: 'date'
[2025-10-07T11:34:12.000+0000] {logging_mixin.py:190} INFO - HRT: trích dữ liệu từ 2024-10-31 đến 2025-10-07
[2025-10-07T11:34:12.015+0000] {client.py:83} ERROR - API request failed: HTTPSConnectionPool(host='trading.vietcap.com.vn', port=443): Max retries exceeded with url: /api/chart/OHLCChart/gap (Caused by NameResolutionError("<urllib3.connection.HTTPSConnection object at 0x7e619e8053d0>: Failed to resolve 'trading.vietcap.com.vn' ([Errno -2] Name or service not known)"))
[2025-10-07T11:34:14.025+0000] {client.py:83} ERROR - API request failed: HTTPSConnectionPool(host='trading.vietcap.com.vn', port=443): Max retries exceeded with url: /api/chart/OHLCChart/gap (Caused by NameResolutionError("<urllib3.connection.HTTPSConnection object at 0x7e619e93b350>: Failed to resolve 'trading.vietcap.com.vn' ([Errno -2] Name or service not known)"))
[2025-10-07T11:34:16.041+0000] {client.py:83} ERROR - API request failed: HTTPSConnectionPool(host='trading.vietcap.com.vn', port=443): Max retries exceeded with url: /api/chart/OHLCChart/gap (Caused by NameResolutionError("<urllib3.connection.HTTPSConnection object at 0x7e619e93a450>: Failed to resolve 'trading.vietcap.com.vn' ([Errno -2] Name or service not known)"))
[2025-10-07T11:34:16.044+0000] {logging_mixin.py:190} INFO - Không tìm thấy dữ liệu cho HRT
[2025-10-07T11:34:16.049+0000] {logging_mixin.py:190} INFO - ℹ️ HRT: Không có dữ liệu mới.
[2025-10-07T11:34:16.051+0000] {logging_mixin.py:190} INFO - ⬇️ Bắt đầu xử lý symbol = HRC
[2025-10-07T11:34:16.126+0000] {logging_mixin.py:190} INFO - ⚠️ Không đọc được file cũ HRC: 'date'
[2025-10-07T11:34:16.165+0000] {logging_mixin.py:190} INFO - HRC: trích dữ liệu từ 2025-10-01 đến 2025-10-07
[2025-10-07T11:34:16.183+0000] {client.py:83} ERROR - API request failed: HTTPSConnectionPool(host='trading.vietcap.com.vn', port=443): Max retries exceeded with url: /api/chart/OHLCChart/gap (Caused by NameResolutionError("<urllib3.connection.HTTPSConnection object at 0x7e619e830e00>: Failed to resolve 'trading.vietcap.com.vn' ([Errno -2] Name or service not known)"))
[2025-10-07T11:34:18.192+0000] {client.py:83} ERROR - API request failed: HTTPSConnectionPool(host='trading.vietcap.com.vn', port=443): Max retries exceeded with url: /api/chart/OHLCChart/gap (Caused by NameResolutionError("<urllib3.connection.HTTPSConnection object at 0x7e619e93af30>: Failed to resolve 'trading.vietcap.com.vn' ([Errno -2] Name or service not known)"))
[2025-10-07T11:34:20.207+0000] {client.py:83} ERROR - API request failed: HTTPSConnectionPool(host='trading.vietcap.com.vn', port=443): Max retries exceeded with url: /api/chart/OHLCChart/gap (Caused by NameResolutionError("<urllib3.connection.HTTPSConnection object at 0x7e619e804560>: Failed to resolve 'trading.vietcap.com.vn' ([Errno -2] Name or service not known)"))
[2025-10-07T11:34:20.210+0000] {logging_mixin.py:190} INFO - Không tìm thấy dữ liệu cho HRC
[2025-10-07T11:34:20.215+0000] {logging_mixin.py:190} INFO - ℹ️ HRC: Không có dữ liệu mới.
[2025-10-07T11:34:20.217+0000] {logging_mixin.py:190} INFO - 🚦 Giới hạn API đạt mức tối đa, chờ 39.0s...
[2025-10-07T11:34:59.228+0000] {logging_mixin.py:190} INFO - ⬇️ Bắt đầu xử lý symbol = HRB
[2025-10-07T11:34:59.287+0000] {logging_mixin.py:190} INFO - ⚠️ Không đọc được file cũ HRB: 'date'
[2025-10-07T11:34:59.320+0000] {logging_mixin.py:190} INFO - HRB: trích dữ liệu từ 2025-07-30 đến 2025-10-07
[2025-10-07T11:34:59.337+0000] {client.py:83} ERROR - API request failed: HTTPSConnectionPool(host='trading.vietcap.com.vn', port=443): Max retries exceeded with url: /api/chart/OHLCChart/gap (Caused by NameResolutionError("<urllib3.connection.HTTPSConnection object at 0x7e619e8303e0>: Failed to resolve 'trading.vietcap.com.vn' ([Errno -2] Name or service not known)"))
[2025-10-07T11:35:01.354+0000] {client.py:83} ERROR - API request failed: HTTPSConnectionPool(host='trading.vietcap.com.vn', port=443): Max retries exceeded with url: /api/chart/OHLCChart/gap (Caused by NameResolutionError("<urllib3.connection.HTTPSConnection object at 0x7e619e831100>: Failed to resolve 'trading.vietcap.com.vn' ([Errno -2] Name or service not known)"))
[2025-10-07T11:35:03.385+0000] {client.py:83} ERROR - API request failed: HTTPSConnectionPool(host='trading.vietcap.com.vn', port=443): Max retries exceeded with url: /api/chart/OHLCChart/gap (Caused by NameResolutionError("<urllib3.connection.HTTPSConnection object at 0x7e619e939e50>: Failed to resolve 'trading.vietcap.com.vn' ([Errno -2] Name or service not known)"))
[2025-10-07T11:35:03.389+0000] {logging_mixin.py:190} INFO - Không tìm thấy dữ liệu cho HRB
[2025-10-07T11:35:03.395+0000] {logging_mixin.py:190} INFO - ℹ️ HRB: Không có dữ liệu mới.
[2025-10-07T11:35:03.397+0000] {logging_mixin.py:190} INFO - 🚦 Giới hạn API đạt mức tối đa, chờ 0.1s...
[2025-10-07T11:35:03.527+0000] {logging_mixin.py:190} INFO - ⬇️ Bắt đầu xử lý symbol = HQC
[2025-10-07T11:35:03.563+0000] {logging_mixin.py:190} INFO - ⚠️ Không đọc được file cũ HQC: 'date'
[2025-10-07T11:35:03.579+0000] {logging_mixin.py:190} INFO - HQC: trích dữ liệu từ 2025-10-04 đến 2025-10-07
[2025-10-07T11:35:03.592+0000] {client.py:83} ERROR - API request failed: HTTPSConnectionPool(host='trading.vietcap.com.vn', port=443): Max retries exceeded with url: /api/chart/OHLCChart/gap (Caused by NameResolutionError("<urllib3.connection.HTTPSConnection object at 0x7e619e830f20>: Failed to resolve 'trading.vietcap.com.vn' ([Errno -2] Name or service not known)"))
[2025-10-07T11:35:05.605+0000] {client.py:83} ERROR - API request failed: HTTPSConnectionPool(host='trading.vietcap.com.vn', port=443): Max retries exceeded with url: /api/chart/OHLCChart/gap (Caused by NameResolutionError("<urllib3.connection.HTTPSConnection object at 0x7e619e832b40>: Failed to resolve 'trading.vietcap.com.vn' ([Errno -2] Name or service not known)"))
[2025-10-07T11:35:07.621+0000] {client.py:83} ERROR - API request failed: HTTPSConnectionPool(host='trading.vietcap.com.vn', port=443): Max retries exceeded with url: /api/chart/OHLCChart/gap (Caused by NameResolutionError("<urllib3.connection.HTTPSConnection object at 0x7e619e8331d0>: Failed to resolve 'trading.vietcap.com.vn' ([Errno -2] Name or service not known)"))
[2025-10-07T11:35:07.625+0000] {logging_mixin.py:190} INFO - Không tìm thấy dữ liệu cho HQC
[2025-10-07T11:35:07.630+0000] {logging_mixin.py:190} INFO - ℹ️ HQC: Không có dữ liệu mới.
[2025-10-07T11:35:07.632+0000] {logging_mixin.py:190} INFO - 🚦 Giới hạn API đạt mức tối đa, chờ 0.1s...
[2025-10-07T11:35:07.720+0000] {logging_mixin.py:190} INFO - ⬇️ Bắt đầu xử lý symbol = HPX
[2025-10-07T11:35:07.803+0000] {logging_mixin.py:190} INFO - ⚠️ Không đọc được file cũ HPX: 'date'
[2025-10-07T11:35:07.837+0000] {logging_mixin.py:190} INFO - HPX: trích dữ liệu từ 2025-10-04 đến 2025-10-07
[2025-10-07T11:35:07.854+0000] {client.py:83} ERROR - API request failed: HTTPSConnectionPool(host='trading.vietcap.com.vn', port=443): Max retries exceeded with url: /api/chart/OHLCChart/gap (Caused by NameResolutionError("<urllib3.connection.HTTPSConnection object at 0x7e619e831310>: Failed to resolve 'trading.vietcap.com.vn' ([Errno -2] Name or service not known)"))
[2025-10-07T11:35:09.870+0000] {client.py:83} ERROR - API request failed: HTTPSConnectionPool(host='trading.vietcap.com.vn', port=443): Max retries exceeded with url: /api/chart/OHLCChart/gap (Caused by NameResolutionError("<urllib3.connection.HTTPSConnection object at 0x7e619e8309b0>: Failed to resolve 'trading.vietcap.com.vn' ([Errno -2] Name or service not known)"))
[2025-10-07T11:35:12.103+0000] {client.py:83} ERROR - API request failed: HTTPSConnectionPool(host='trading.vietcap.com.vn', port=443): Max retries exceeded with url: /api/chart/OHLCChart/gap (Caused by NameResolutionError("<urllib3.connection.HTTPSConnection object at 0x7e619e915010>: Failed to resolve 'trading.vietcap.com.vn' ([Errno -2] Name or service not known)"))
[2025-10-07T11:35:12.106+0000] {logging_mixin.py:190} INFO - Không tìm thấy dữ liệu cho HPX
[2025-10-07T11:35:12.113+0000] {logging_mixin.py:190} INFO - ℹ️ HPX: Không có dữ liệu mới.
[2025-10-07T11:35:12.116+0000] {logging_mixin.py:190} INFO - ⬇️ Bắt đầu xử lý symbol = HPW
[2025-10-07T11:35:12.197+0000] {logging_mixin.py:190} INFO - ⚠️ Không đọc được file cũ HPW: 'date'
[2025-10-07T11:35:12.234+0000] {logging_mixin.py:190} INFO - HPW: trích dữ liệu từ 2025-10-03 đến 2025-10-07
[2025-10-07T11:35:12.251+0000] {client.py:83} ERROR - API request failed: HTTPSConnectionPool(host='trading.vietcap.com.vn', port=443): Max retries exceeded with url: /api/chart/OHLCChart/gap (Caused by NameResolutionError("<urllib3.connection.HTTPSConnection object at 0x7e619e938590>: Failed to resolve 'trading.vietcap.com.vn' ([Errno -2] Name or service not known)"))
[2025-10-07T11:35:14.268+0000] {client.py:83} ERROR - API request failed: HTTPSConnectionPool(host='trading.vietcap.com.vn', port=443): Max retries exceeded with url: /api/chart/OHLCChart/gap (Caused by NameResolutionError("<urllib3.connection.HTTPSConnection object at 0x7e619e7831a0>: Failed to resolve 'trading.vietcap.com.vn' ([Errno -2] Name or service not known)"))
[2025-10-07T11:35:16.277+0000] {client.py:83} ERROR - API request failed: HTTPSConnectionPool(host='trading.vietcap.com.vn', port=443): Max retries exceeded with url: /api/chart/OHLCChart/gap (Caused by NameResolutionError("<urllib3.connection.HTTPSConnection object at 0x7e619e892d50>: Failed to resolve 'trading.vietcap.com.vn' ([Errno -2] Name or service not known)"))
[2025-10-07T11:35:16.279+0000] {logging_mixin.py:190} INFO - Không tìm thấy dữ liệu cho HPW
[2025-10-07T11:35:16.282+0000] {logging_mixin.py:190} INFO - ℹ️ HPW: Không có dữ liệu mới.
[2025-10-07T11:35:16.283+0000] {logging_mixin.py:190} INFO - ⬇️ Bắt đầu xử lý symbol = HPT
[2025-10-07T11:35:16.331+0000] {logging_mixin.py:190} INFO - ⚠️ Không đọc được file cũ HPT: 'date'
[2025-10-07T11:35:16.346+0000] {logging_mixin.py:190} INFO - HPT: trích dữ liệu từ 2025-10-04 đến 2025-10-07
[2025-10-07T11:35:16.352+0000] {client.py:83} ERROR - API request failed: HTTPSConnectionPool(host='trading.vietcap.com.vn', port=443): Max retries exceeded with url: /api/chart/OHLCChart/gap (Caused by NameResolutionError("<urllib3.connection.HTTPSConnection object at 0x7e619e832540>: Failed to resolve 'trading.vietcap.com.vn' ([Errno -2] Name or service not known)"))
[2025-10-07T11:35:18.364+0000] {client.py:83} ERROR - API request failed: HTTPSConnectionPool(host='trading.vietcap.com.vn', port=443): Max retries exceeded with url: /api/chart/OHLCChart/gap (Caused by NameResolutionError("<urllib3.connection.HTTPSConnection object at 0x7e619e830e60>: Failed to resolve 'trading.vietcap.com.vn' ([Errno -2] Name or service not known)"))
[2025-10-07T11:35:20.375+0000] {client.py:83} ERROR - API request failed: HTTPSConnectionPool(host='trading.vietcap.com.vn', port=443): Max retries exceeded with url: /api/chart/OHLCChart/gap (Caused by NameResolutionError("<urllib3.connection.HTTPSConnection object at 0x7e619e8325a0>: Failed to resolve 'trading.vietcap.com.vn' ([Errno -2] Name or service not known)"))
[2025-10-07T11:35:20.379+0000] {logging_mixin.py:190} INFO - Không tìm thấy dữ liệu cho HPT
[2025-10-07T11:35:20.381+0000] {logging_mixin.py:190} INFO - ℹ️ HPT: Không có dữ liệu mới.
[2025-10-07T11:35:20.382+0000] {logging_mixin.py:190} INFO - 🚦 Giới hạn API đạt mức tối đa, chờ 38.8s...
[2025-10-07T11:35:59.228+0000] {logging_mixin.py:190} INFO - ⬇️ Bắt đầu xử lý symbol = HPP
[2025-10-07T11:35:59.264+0000] {logging_mixin.py:190} INFO - ⚠️ Không đọc được file cũ HPP: 'date'
[2025-10-07T11:35:59.277+0000] {logging_mixin.py:190} INFO - HPP: trích dữ liệu từ 2025-10-04 đến 2025-10-07
[2025-10-07T11:35:59.284+0000] {client.py:83} ERROR - API request failed: HTTPSConnectionPool(host='trading.vietcap.com.vn', port=443): Max retries exceeded with url: /api/chart/OHLCChart/gap (Caused by NameResolutionError("<urllib3.connection.HTTPSConnection object at 0x7e619e7839b0>: Failed to resolve 'trading.vietcap.com.vn' ([Errno -2] Name or service not known)"))
[2025-10-07T11:36:01.300+0000] {client.py:83} ERROR - API request failed: HTTPSConnectionPool(host='trading.vietcap.com.vn', port=443): Max retries exceeded with url: /api/chart/OHLCChart/gap (Caused by NameResolutionError("<urllib3.connection.HTTPSConnection object at 0x7e619e804680>: Failed to resolve 'trading.vietcap.com.vn' ([Errno -2] Name or service not known)"))
[2025-10-07T11:36:03.310+0000] {client.py:83} ERROR - API request failed: HTTPSConnectionPool(host='trading.vietcap.com.vn', port=443): Max retries exceeded with url: /api/chart/OHLCChart/gap (Caused by NameResolutionError("<urllib3.connection.HTTPSConnection object at 0x7e619e7b6000>: Failed to resolve 'trading.vietcap.com.vn' ([Errno -2] Name or service not known)"))
[2025-10-07T11:36:03.311+0000] {logging_mixin.py:190} INFO - Không tìm thấy dữ liệu cho HPP
[2025-10-07T11:36:03.313+0000] {logging_mixin.py:190} INFO - ℹ️ HPP: Không có dữ liệu mới.
[2025-10-07T11:36:03.314+0000] {logging_mixin.py:190} INFO - 🚦 Giới hạn API đạt mức tối đa, chờ 0.2s...
[2025-10-07T11:36:03.528+0000] {logging_mixin.py:190} INFO - ⬇️ Bắt đầu xử lý symbol = HPM
[2025-10-07T11:36:03.622+0000] {logging_mixin.py:190} INFO - ⚠️ Không đọc được file cũ HPM: 'date'
[2025-10-07T11:36:03.665+0000] {logging_mixin.py:190} INFO - HPM: trích dữ liệu từ 2025-09-27 đến 2025-10-07
[2025-10-07T11:36:03.693+0000] {client.py:83} ERROR - API request failed: HTTPSConnectionPool(host='trading.vietcap.com.vn', port=443): Max retries exceeded with url: /api/chart/OHLCChart/gap (Caused by NameResolutionError("<urllib3.connection.HTTPSConnection object at 0x7e619e780c80>: Failed to resolve 'trading.vietcap.com.vn' ([Errno -2] Name or service not known)"))
[2025-10-07T11:36:05.707+0000] {client.py:83} ERROR - API request failed: HTTPSConnectionPool(host='trading.vietcap.com.vn', port=443): Max retries exceeded with url: /api/chart/OHLCChart/gap (Caused by NameResolutionError("<urllib3.connection.HTTPSConnection object at 0x7e619e782d80>: Failed to resolve 'trading.vietcap.com.vn' ([Errno -2] Name or service not known)"))
[2025-10-07T11:36:07.722+0000] {client.py:83} ERROR - API request failed: HTTPSConnectionPool(host='trading.vietcap.com.vn', port=443): Max retries exceeded with url: /api/chart/OHLCChart/gap (Caused by NameResolutionError("<urllib3.connection.HTTPSConnection object at 0x7e619e7b6a80>: Failed to resolve 'trading.vietcap.com.vn' ([Errno -2] Name or service not known)"))
[2025-10-07T11:36:07.724+0000] {logging_mixin.py:190} INFO - Không tìm thấy dữ liệu cho HPM
[2025-10-07T11:36:07.730+0000] {logging_mixin.py:190} INFO - ℹ️ HPM: Không có dữ liệu mới.
[2025-10-07T11:36:07.732+0000] {logging_mixin.py:190} INFO - ⬇️ Bắt đầu xử lý symbol = HPI
[2025-10-07T11:36:07.797+0000] {logging_mixin.py:190} INFO - ⚠️ Không đọc được file cũ HPI: 'date'
[2025-10-07T11:36:07.826+0000] {logging_mixin.py:190} INFO - HPI: trích dữ liệu từ 2025-09-27 đến 2025-10-07
[2025-10-07T11:36:07.843+0000] {client.py:83} ERROR - API request failed: HTTPSConnectionPool(host='trading.vietcap.com.vn', port=443): Max retries exceeded with url: /api/chart/OHLCChart/gap (Caused by NameResolutionError("<urllib3.connection.HTTPSConnection object at 0x7e619e7b70b0>: Failed to resolve 'trading.vietcap.com.vn' ([Errno -2] Name or service not known)"))
[2025-10-07T11:36:09.856+0000] {client.py:83} ERROR - API request failed: HTTPSConnectionPool(host='trading.vietcap.com.vn', port=443): Max retries exceeded with url: /api/chart/OHLCChart/gap (Caused by NameResolutionError("<urllib3.connection.HTTPSConnection object at 0x7e619e917950>: Failed to resolve 'trading.vietcap.com.vn' ([Errno -2] Name or service not known)"))
[2025-10-07T11:36:11.870+0000] {client.py:83} ERROR - API request failed: HTTPSConnectionPool(host='trading.vietcap.com.vn', port=443): Max retries exceeded with url: /api/chart/OHLCChart/gap (Caused by NameResolutionError("<urllib3.connection.HTTPSConnection object at 0x7e619e8077d0>: Failed to resolve 'trading.vietcap.com.vn' ([Errno -2] Name or service not known)"))
[2025-10-07T11:36:11.873+0000] {logging_mixin.py:190} INFO - Không tìm thấy dữ liệu cho HPI
[2025-10-07T11:36:11.877+0000] {logging_mixin.py:190} INFO - ℹ️ HPI: Không có dữ liệu mới.
[2025-10-07T11:36:11.879+0000] {logging_mixin.py:190} INFO - 🚦 Giới hạn API đạt mức tối đa, chờ 0.2s...
[2025-10-07T11:36:12.118+0000] {logging_mixin.py:190} INFO - ⬇️ Bắt đầu xử lý symbol = HPH
[2025-10-07T11:36:12.181+0000] {logging_mixin.py:190} INFO - ⚠️ Không đọc được file cũ HPH: 'date'
[2025-10-07T11:36:12.210+0000] {logging_mixin.py:190} INFO - HPH: trích dữ liệu từ 2025-09-11 đến 2025-10-07
[2025-10-07T11:36:12.227+0000] {client.py:83} ERROR - API request failed: HTTPSConnectionPool(host='trading.vietcap.com.vn', port=443): Max retries exceeded with url: /api/chart/OHLCChart/gap (Caused by NameResolutionError("<urllib3.connection.HTTPSConnection object at 0x7e619e7b4f50>: Failed to resolve 'trading.vietcap.com.vn' ([Errno -2] Name or service not known)"))
[2025-10-07T11:36:14.234+0000] {client.py:83} ERROR - API request failed: HTTPSConnectionPool(host='trading.vietcap.com.vn', port=443): Max retries exceeded with url: /api/chart/OHLCChart/gap (Caused by NameResolutionError("<urllib3.connection.HTTPSConnection object at 0x7e619e7b7a40>: Failed to resolve 'trading.vietcap.com.vn' ([Errno -2] Name or service not known)"))
[2025-10-07T11:36:16.252+0000] {client.py:83} ERROR - API request failed: HTTPSConnectionPool(host='trading.vietcap.com.vn', port=443): Max retries exceeded with url: /api/chart/OHLCChart/gap (Caused by NameResolutionError("<urllib3.connection.HTTPSConnection object at 0x7e619e7b6c30>: Failed to resolve 'trading.vietcap.com.vn' ([Errno -2] Name or service not known)"))
[2025-10-07T11:36:16.258+0000] {logging_mixin.py:190} INFO - Không tìm thấy dữ liệu cho HPH
[2025-10-07T11:36:16.264+0000] {logging_mixin.py:190} INFO - ℹ️ HPH: Không có dữ liệu mới.
[2025-10-07T11:36:16.266+0000] {logging_mixin.py:190} INFO - 🚦 Giới hạn API đạt mức tối đa, chờ 0.0s...
[2025-10-07T11:36:16.286+0000] {logging_mixin.py:190} INFO - ⬇️ Bắt đầu xử lý symbol = HPG
[2025-10-07T11:36:16.387+0000] {logging_mixin.py:190} INFO - ⚠️ Không đọc được file cũ HPG: 'date'
[2025-10-07T11:36:16.429+0000] {logging_mixin.py:190} INFO - HPG: trích dữ liệu từ 2025-10-04 đến 2025-10-07
[2025-10-07T11:36:16.445+0000] {client.py:83} ERROR - API request failed: HTTPSConnectionPool(host='trading.vietcap.com.vn', port=443): Max retries exceeded with url: /api/chart/OHLCChart/gap (Caused by NameResolutionError("<urllib3.connection.HTTPSConnection object at 0x7e619e781df0>: Failed to resolve 'trading.vietcap.com.vn' ([Errno -2] Name or service not known)"))
[2025-10-07T11:36:18.459+0000] {client.py:83} ERROR - API request failed: HTTPSConnectionPool(host='trading.vietcap.com.vn', port=443): Max retries exceeded with url: /api/chart/OHLCChart/gap (Caused by NameResolutionError("<urllib3.connection.HTTPSConnection object at 0x7e61c7b1e090>: Failed to resolve 'trading.vietcap.com.vn' ([Errno -2] Name or service not known)"))
[2025-10-07T11:36:20.468+0000] {client.py:83} ERROR - API request failed: HTTPSConnectionPool(host='trading.vietcap.com.vn', port=443): Max retries exceeded with url: /api/chart/OHLCChart/gap (Caused by NameResolutionError("<urllib3.connection.HTTPSConnection object at 0x7e61c7b1cdd0>: Failed to resolve 'trading.vietcap.com.vn' ([Errno -2] Name or service not known)"))
[2025-10-07T11:36:20.469+0000] {logging_mixin.py:190} INFO - Không tìm thấy dữ liệu cho HPG
[2025-10-07T11:36:20.471+0000] {logging_mixin.py:190} INFO - ℹ️ HPG: Không có dữ liệu mới.
[2025-10-07T11:36:20.472+0000] {logging_mixin.py:190} INFO - 🚦 Giới hạn API đạt mức tối đa, chờ 38.8s...
[2025-10-07T11:36:59.227+0000] {logging_mixin.py:190} INFO - ⬇️ Bắt đầu xử lý symbol = HPD
[2025-10-07T11:36:59.258+0000] {logging_mixin.py:190} INFO - ⚠️ Không đọc được file cũ HPD: 'date'
[2025-10-07T11:36:59.273+0000] {logging_mixin.py:190} INFO - HPD: trích dữ liệu từ 2025-10-04 đến 2025-10-07
[2025-10-07T11:36:59.280+0000] {client.py:83} ERROR - API request failed: HTTPSConnectionPool(host='trading.vietcap.com.vn', port=443): Max retries exceeded with url: /api/chart/OHLCChart/gap (Caused by NameResolutionError("<urllib3.connection.HTTPSConnection object at 0x7e619e7b6e40>: Failed to resolve 'trading.vietcap.com.vn' ([Errno -2] Name or service not known)"))
[2025-10-07T11:37:01.302+0000] {client.py:83} ERROR - API request failed: HTTPSConnectionPool(host='trading.vietcap.com.vn', port=443): Max retries exceeded with url: /api/chart/OHLCChart/gap (Caused by NameResolutionError("<urllib3.connection.HTTPSConnection object at 0x7e619e8048f0>: Failed to resolve 'trading.vietcap.com.vn' ([Errno -2] Name or service not known)"))
[2025-10-07T11:37:03.314+0000] {client.py:83} ERROR - API request failed: HTTPSConnectionPool(host='trading.vietcap.com.vn', port=443): Max retries exceeded with url: /api/chart/OHLCChart/gap (Caused by NameResolutionError("<urllib3.connection.HTTPSConnection object at 0x7e619e806cf0>: Failed to resolve 'trading.vietcap.com.vn' ([Errno -2] Name or service not known)"))
[2025-10-07T11:37:03.316+0000] {logging_mixin.py:190} INFO - Không tìm thấy dữ liệu cho HPD
[2025-10-07T11:37:03.318+0000] {logging_mixin.py:190} INFO - ℹ️ HPD: Không có dữ liệu mới.
[2025-10-07T11:37:03.319+0000] {logging_mixin.py:190} INFO - 🚦 Giới hạn API đạt mức tối đa, chờ 0.2s...
[2025-10-07T11:37:03.529+0000] {logging_mixin.py:190} INFO - ⬇️ Bắt đầu xử lý symbol = HPB
[2025-10-07T11:37:03.606+0000] {logging_mixin.py:190} INFO - ⚠️ Không đọc được file cũ HPB: 'date'
[2025-10-07T11:37:03.639+0000] {logging_mixin.py:190} INFO - HPB: trích dữ liệu từ 2025-10-04 đến 2025-10-07
[2025-10-07T11:37:03.654+0000] {client.py:83} ERROR - API request failed: HTTPSConnectionPool(host='trading.vietcap.com.vn', port=443): Max retries exceeded with url: /api/chart/OHLCChart/gap (Caused by NameResolutionError("<urllib3.connection.HTTPSConnection object at 0x7e619e7820f0>: Failed to resolve 'trading.vietcap.com.vn' ([Errno -2] Name or service not known)"))
[2025-10-07T11:37:05.669+0000] {client.py:83} ERROR - API request failed: HTTPSConnectionPool(host='trading.vietcap.com.vn', port=443): Max retries exceeded with url: /api/chart/OHLCChart/gap (Caused by NameResolutionError("<urllib3.connection.HTTPSConnection object at 0x7e619e807ad0>: Failed to resolve 'trading.vietcap.com.vn' ([Errno -2] Name or service not known)"))
[2025-10-07T11:37:07.682+0000] {client.py:83} ERROR - API request failed: HTTPSConnectionPool(host='trading.vietcap.com.vn', port=443): Max retries exceeded with url: /api/chart/OHLCChart/gap (Caused by NameResolutionError("<urllib3.connection.HTTPSConnection object at 0x7e619e7b6390>: Failed to resolve 'trading.vietcap.com.vn' ([Errno -2] Name or service not known)"))
[2025-10-07T11:37:07.685+0000] {logging_mixin.py:190} INFO - Không tìm thấy dữ liệu cho HPB
[2025-10-07T11:37:07.689+0000] {logging_mixin.py:190} INFO - ℹ️ HPB: Không có dữ liệu mới.
[2025-10-07T11:37:07.690+0000] {logging_mixin.py:190} INFO - 🚦 Giới hạn API đạt mức tối đa, chờ 0.0s...
[2025-10-07T11:37:07.733+0000] {logging_mixin.py:190} INFO - ⬇️ Bắt đầu xử lý symbol = HOT
[2025-10-07T11:37:07.799+0000] {logging_mixin.py:190} INFO - ⚠️ Không đọc được file cũ HOT: 'date'
[2025-10-07T11:37:07.825+0000] {logging_mixin.py:190} INFO - HOT: trích dữ liệu từ 2025-09-26 đến 2025-10-07
[2025-10-07T11:37:07.839+0000] {client.py:83} ERROR - API request failed: HTTPSConnectionPool(host='trading.vietcap.com.vn', port=443): Max retries exceeded with url: /api/chart/OHLCChart/gap (Caused by NameResolutionError("<urllib3.connection.HTTPSConnection object at 0x7e619e780bf0>: Failed to resolve 'trading.vietcap.com.vn' ([Errno -2] Name or service not known)"))
[2025-10-07T11:37:09.857+0000] {client.py:83} ERROR - API request failed: HTTPSConnectionPool(host='trading.vietcap.com.vn', port=443): Max retries exceeded with url: /api/chart/OHLCChart/gap (Caused by NameResolutionError("<urllib3.connection.HTTPSConnection object at 0x7e619e938cb0>: Failed to resolve 'trading.vietcap.com.vn' ([Errno -2] Name or service not known)"))
[2025-10-07T11:37:11.866+0000] {client.py:83} ERROR - API request failed: HTTPSConnectionPool(host='trading.vietcap.com.vn', port=443): Max retries exceeded with url: /api/chart/OHLCChart/gap (Caused by NameResolutionError("<urllib3.connection.HTTPSConnection object at 0x7e619e783e30>: Failed to resolve 'trading.vietcap.com.vn' ([Errno -2] Name or service not known)"))
[2025-10-07T11:37:11.867+0000] {logging_mixin.py:190} INFO - Không tìm thấy dữ liệu cho HOT
[2025-10-07T11:37:11.869+0000] {logging_mixin.py:190} INFO - ℹ️ HOT: Không có dữ liệu mới.
[2025-10-07T11:37:11.870+0000] {logging_mixin.py:190} INFO - 🚦 Giới hạn API đạt mức tối đa, chờ 0.2s...
[2025-10-07T11:37:12.119+0000] {logging_mixin.py:190} INFO - ⬇️ Bắt đầu xử lý symbol = HOM
[2025-10-07T11:37:12.159+0000] {logging_mixin.py:190} INFO - ⚠️ Không đọc được file cũ HOM: 'date'
[2025-10-07T11:37:12.175+0000] {logging_mixin.py:190} INFO - HOM: trích dữ liệu từ 2025-10-04 đến 2025-10-07
[2025-10-07T11:37:12.182+0000] {client.py:83} ERROR - API request failed: HTTPSConnectionPool(host='trading.vietcap.com.vn', port=443): Max retries exceeded with url: /api/chart/OHLCChart/gap (Caused by NameResolutionError("<urllib3.connection.HTTPSConnection object at 0x7e619e9382c0>: Failed to resolve 'trading.vietcap.com.vn' ([Errno -2] Name or service not known)"))
[2025-10-07T11:37:14.189+0000] {client.py:83} ERROR - API request failed: HTTPSConnectionPool(host='trading.vietcap.com.vn', port=443): Max retries exceeded with url: /api/chart/OHLCChart/gap (Caused by NameResolutionError("<urllib3.connection.HTTPSConnection object at 0x7e619e9380e0>: Failed to resolve 'trading.vietcap.com.vn' ([Errno -2] Name or service not known)"))
[2025-10-07T11:37:16.195+0000] {client.py:83} ERROR - API request failed: HTTPSConnectionPool(host='trading.vietcap.com.vn', port=443): Max retries exceeded with url: /api/chart/OHLCChart/gap (Caused by NameResolutionError("<urllib3.connection.HTTPSConnection object at 0x7e619e832ed0>: Failed to resolve 'trading.vietcap.com.vn' ([Errno -2] Name or service not known)"))
[2025-10-07T11:37:16.336+0000] {logging_mixin.py:190} INFO - Không tìm thấy dữ liệu cho HOM
[2025-10-07T11:37:16.346+0000] {logging_mixin.py:190} INFO - ℹ️ HOM: Không có dữ liệu mới.
[2025-10-07T11:37:16.349+0000] {logging_mixin.py:190} INFO - ⬇️ Bắt đầu xử lý symbol = HNT
[2025-10-07T11:37:16.386+0000] {logging_mixin.py:190} INFO - ⚠️ Không đọc được file cũ HNT: 'date'
[2025-10-07T11:37:16.407+0000] {logging_mixin.py:190} INFO - HNT: trích dữ liệu từ 2022-07-08 đến 2025-10-07
[2025-10-07T11:37:16.413+0000] {client.py:83} ERROR - API request failed: HTTPSConnectionPool(host='trading.vietcap.com.vn', port=443): Max retries exceeded with url: /api/chart/OHLCChart/gap (Caused by NameResolutionError("<urllib3.connection.HTTPSConnection object at 0x7e619e7b7bf0>: Failed to resolve 'trading.vietcap.com.vn' ([Errno -2] Name or service not known)"))
[2025-10-07T11:37:18.427+0000] {client.py:83} ERROR - API request failed: HTTPSConnectionPool(host='trading.vietcap.com.vn', port=443): Max retries exceeded with url: /api/chart/OHLCChart/gap (Caused by NameResolutionError("<urllib3.connection.HTTPSConnection object at 0x7e619e917950>: Failed to resolve 'trading.vietcap.com.vn' ([Errno -2] Name or service not known)"))
[2025-10-07T11:37:20.442+0000] {client.py:83} ERROR - API request failed: HTTPSConnectionPool(host='trading.vietcap.com.vn', port=443): Max retries exceeded with url: /api/chart/OHLCChart/gap (Caused by NameResolutionError("<urllib3.connection.HTTPSConnection object at 0x7e619e781be0>: Failed to resolve 'trading.vietcap.com.vn' ([Errno -2] Name or service not known)"))
[2025-10-07T11:37:20.446+0000] {logging_mixin.py:190} INFO - Không tìm thấy dữ liệu cho HNT
[2025-10-07T11:37:20.450+0000] {logging_mixin.py:190} INFO - ℹ️ HNT: Không có dữ liệu mới.
[2025-10-07T11:37:20.452+0000] {logging_mixin.py:190} INFO - 🚦 Giới hạn API đạt mức tối đa, chờ 38.8s...
[2025-10-07T11:37:59.227+0000] {logging_mixin.py:190} INFO - ⬇️ Bắt đầu xử lý symbol = HNR
[2025-10-07T11:37:59.342+0000] {logging_mixin.py:190} INFO - ⚠️ Không đọc được file cũ HNR: 'date'
[2025-10-07T11:37:59.363+0000] {logging_mixin.py:190} INFO - HNR: trích dữ liệu từ 2024-07-26 đến 2025-10-07
[2025-10-07T11:37:59.369+0000] {client.py:83} ERROR - API request failed: HTTPSConnectionPool(host='trading.vietcap.com.vn', port=443): Max retries exceeded with url: /api/chart/OHLCChart/gap (Caused by NameResolutionError("<urllib3.connection.HTTPSConnection object at 0x7e619e830920>: Failed to resolve 'trading.vietcap.com.vn' ([Errno -2] Name or service not known)"))
[2025-10-07T11:38:01.379+0000] {client.py:83} ERROR - API request failed: HTTPSConnectionPool(host='trading.vietcap.com.vn', port=443): Max retries exceeded with url: /api/chart/OHLCChart/gap (Caused by NameResolutionError("<urllib3.connection.HTTPSConnection object at 0x7e619e806c90>: Failed to resolve 'trading.vietcap.com.vn' ([Errno -2] Name or service not known)"))
[2025-10-07T11:38:03.391+0000] {client.py:83} ERROR - API request failed: HTTPSConnectionPool(host='trading.vietcap.com.vn', port=443): Max retries exceeded with url: /api/chart/OHLCChart/gap (Caused by NameResolutionError("<urllib3.connection.HTTPSConnection object at 0x7e619e783110>: Failed to resolve 'trading.vietcap.com.vn' ([Errno -2] Name or service not known)"))
[2025-10-07T11:38:03.395+0000] {logging_mixin.py:190} INFO - Không tìm thấy dữ liệu cho HNR
[2025-10-07T11:38:03.401+0000] {logging_mixin.py:190} INFO - ℹ️ HNR: Không có dữ liệu mới.
[2025-10-07T11:38:03.404+0000] {logging_mixin.py:190} INFO - 🚦 Giới hạn API đạt mức tối đa, chờ 0.1s...
[2025-10-07T11:38:03.533+0000] {logging_mixin.py:190} INFO - ⬇️ Bắt đầu xử lý symbol = HNP
[2025-10-07T11:38:03.620+0000] {logging_mixin.py:190} INFO - ⚠️ Không đọc được file cũ HNP: 'date'
[2025-10-07T11:38:03.664+0000] {logging_mixin.py:190} INFO - HNP: trích dữ liệu từ 2025-09-17 đến 2025-10-07
[2025-10-07T11:38:03.683+0000] {client.py:83} ERROR - API request failed: HTTPSConnectionPool(host='trading.vietcap.com.vn', port=443): Max retries exceeded with url: /api/chart/OHLCChart/gap (Caused by NameResolutionError("<urllib3.connection.HTTPSConnection object at 0x7e619e8044a0>: Failed to resolve 'trading.vietcap.com.vn' ([Errno -2] Name or service not known)"))
[2025-10-07T11:38:05.697+0000] {client.py:83} ERROR - API request failed: HTTPSConnectionPool(host='trading.vietcap.com.vn', port=443): Max retries exceeded with url: /api/chart/OHLCChart/gap (Caused by NameResolutionError("<urllib3.connection.HTTPSConnection object at 0x7e619e93a570>: Failed to resolve 'trading.vietcap.com.vn' ([Errno -2] Name or service not known)"))
[2025-10-07T11:38:07.713+0000] {client.py:83} ERROR - API request failed: HTTPSConnectionPool(host='trading.vietcap.com.vn', port=443): Max retries exceeded with url: /api/chart/OHLCChart/gap (Caused by NameResolutionError("<urllib3.connection.HTTPSConnection object at 0x7e619e938d40>: Failed to resolve 'trading.vietcap.com.vn' ([Errno -2] Name or service not known)"))
[2025-10-07T11:38:07.716+0000] {logging_mixin.py:190} INFO - Không tìm thấy dữ liệu cho HNP
[2025-10-07T11:38:07.722+0000] {logging_mixin.py:190} INFO - ℹ️ HNP: Không có dữ liệu mới.
[2025-10-07T11:38:07.724+0000] {logging_mixin.py:190} INFO - 🚦 Giới hạn API đạt mức tối đa, chờ 0.0s...
[2025-10-07T11:38:07.735+0000] {logging_mixin.py:190} INFO - ⬇️ Bắt đầu xử lý symbol = HNM
[2025-10-07T11:38:07.813+0000] {logging_mixin.py:190} INFO - ⚠️ Không đọc được file cũ HNM: 'date'
[2025-10-07T11:38:07.846+0000] {logging_mixin.py:190} INFO - HNM: trích dữ liệu từ 2025-10-04 đến 2025-10-07
[2025-10-07T11:38:07.863+0000] {client.py:83} ERROR - API request failed: HTTPSConnectionPool(host='trading.vietcap.com.vn', port=443): Max retries exceeded with url: /api/chart/OHLCChart/gap (Caused by NameResolutionError("<urllib3.connection.HTTPSConnection object at 0x7e619e938bf0>: Failed to resolve 'trading.vietcap.com.vn' ([Errno -2] Name or service not known)"))
[2025-10-07T11:38:09.872+0000] {client.py:83} ERROR - API request failed: HTTPSConnectionPool(host='trading.vietcap.com.vn', port=443): Max retries exceeded with url: /api/chart/OHLCChart/gap (Caused by NameResolutionError("<urllib3.connection.HTTPSConnection object at 0x7e61c7b1ec00>: Failed to resolve 'trading.vietcap.com.vn' ([Errno -2] Name or service not known)"))
[2025-10-07T11:38:11.886+0000] {client.py:83} ERROR - API request failed: HTTPSConnectionPool(host='trading.vietcap.com.vn', port=443): Max retries exceeded with url: /api/chart/OHLCChart/gap (Caused by NameResolutionError("<urllib3.connection.HTTPSConnection object at 0x7e61c7b1d430>: Failed to resolve 'trading.vietcap.com.vn' ([Errno -2] Name or service not known)"))
[2025-10-07T11:38:11.889+0000] {logging_mixin.py:190} INFO - Không tìm thấy dữ liệu cho HNM
[2025-10-07T11:38:11.895+0000] {logging_mixin.py:190} INFO - ℹ️ HNM: Không có dữ liệu mới.
[2025-10-07T11:38:11.897+0000] {logging_mixin.py:190} INFO - 🚦 Giới hạn API đạt mức tối đa, chờ 0.2s...
[2025-10-07T11:38:12.121+0000] {logging_mixin.py:190} INFO - ⬇️ Bắt đầu xử lý symbol = HNI
[2025-10-07T11:38:12.204+0000] {logging_mixin.py:190} INFO - ⚠️ Không đọc được file cũ HNI: 'date'
[2025-10-07T11:38:12.280+0000] {logging_mixin.py:190} INFO - HNI: trích dữ liệu từ 2025-10-01 đến 2025-10-07
[2025-10-07T11:38:12.302+0000] {client.py:83} ERROR - API request failed: HTTPSConnectionPool(host='trading.vietcap.com.vn', port=443): Max retries exceeded with url: /api/chart/OHLCChart/gap (Caused by NameResolutionError("<urllib3.connection.HTTPSConnection object at 0x7e61c7b1f3e0>: Failed to resolve 'trading.vietcap.com.vn' ([Errno -2] Name or service not known)"))
[2025-10-07T11:38:14.310+0000] {client.py:83} ERROR - API request failed: HTTPSConnectionPool(host='trading.vietcap.com.vn', port=443): Max retries exceeded with url: /api/chart/OHLCChart/gap (Caused by NameResolutionError("<urllib3.connection.HTTPSConnection object at 0x7e619e93a210>: Failed to resolve 'trading.vietcap.com.vn' ([Errno -2] Name or service not known)"))
[2025-10-07T11:38:16.322+0000] {client.py:83} ERROR - API request failed: HTTPSConnectionPool(host='trading.vietcap.com.vn', port=443): Max retries exceeded with url: /api/chart/OHLCChart/gap (Caused by NameResolutionError("<urllib3.connection.HTTPSConnection object at 0x7e619e805c40>: Failed to resolve 'trading.vietcap.com.vn' ([Errno -2] Name or service not known)"))
[2025-10-07T11:38:16.325+0000] {logging_mixin.py:190} INFO - Không tìm thấy dữ liệu cho HNI
[2025-10-07T11:38:16.329+0000] {logging_mixin.py:190} INFO - ℹ️ HNI: Không có dữ liệu mới.
[2025-10-07T11:38:16.331+0000] {logging_mixin.py:190} INFO - 🚦 Giới hạn API đạt mức tối đa, chờ 0.0s...
[2025-10-07T11:38:16.351+0000] {logging_mixin.py:190} INFO - ⬇️ Bắt đầu xử lý symbol = HNG
[2025-10-07T11:38:16.430+0000] {logging_mixin.py:190} INFO - ⚠️ Không đọc được file cũ HNG: 'date'
[2025-10-07T11:38:16.462+0000] {logging_mixin.py:190} INFO - HNG: trích dữ liệu từ 2025-10-04 đến 2025-10-07
[2025-10-07T11:38:16.478+0000] {client.py:83} ERROR - API request failed: HTTPSConnectionPool(host='trading.vietcap.com.vn', port=443): Max retries exceeded with url: /api/chart/OHLCChart/gap (Caused by NameResolutionError("<urllib3.connection.HTTPSConnection object at 0x7e61c7b1fd10>: Failed to resolve 'trading.vietcap.com.vn' ([Errno -2] Name or service not known)"))
[2025-10-07T11:38:18.495+0000] {client.py:83} ERROR - API request failed: HTTPSConnectionPool(host='trading.vietcap.com.vn', port=443): Max retries exceeded with url: /api/chart/OHLCChart/gap (Caused by NameResolutionError("<urllib3.connection.HTTPSConnection object at 0x7e61c7b1faa0>: Failed to resolve 'trading.vietcap.com.vn' ([Errno -2] Name or service not known)"))
[2025-10-07T11:38:20.513+0000] {client.py:83} ERROR - API request failed: HTTPSConnectionPool(host='trading.vietcap.com.vn', port=443): Max retries exceeded with url: /api/chart/OHLCChart/gap (Caused by NameResolutionError("<urllib3.connection.HTTPSConnection object at 0x7e619e938bf0>: Failed to resolve 'trading.vietcap.com.vn' ([Errno -2] Name or service not known)"))
[2025-10-07T11:38:20.516+0000] {logging_mixin.py:190} INFO - Không tìm thấy dữ liệu cho HNG
[2025-10-07T11:38:20.521+0000] {logging_mixin.py:190} INFO - ℹ️ HNG: Không có dữ liệu mới.
[2025-10-07T11:38:20.523+0000] {logging_mixin.py:190} INFO - 🚦 Giới hạn API đạt mức tối đa, chờ 38.7s...
[2025-10-07T11:38:59.226+0000] {logging_mixin.py:190} INFO - ⬇️ Bắt đầu xử lý symbol = HNF
[2025-10-07T11:38:59.310+0000] {logging_mixin.py:190} INFO - ⚠️ Không đọc được file cũ HNF: 'date'
[2025-10-07T11:38:59.359+0000] {logging_mixin.py:190} INFO - HNF: trích dữ liệu từ 2025-09-26 đến 2025-10-07
[2025-10-07T11:38:59.388+0000] {client.py:83} ERROR - API request failed: HTTPSConnectionPool(host='trading.vietcap.com.vn', port=443): Max retries exceeded with url: /api/chart/OHLCChart/gap (Caused by NameResolutionError("<urllib3.connection.HTTPSConnection object at 0x7e61c7b1e8a0>: Failed to resolve 'trading.vietcap.com.vn' ([Errno -2] Name or service not known)"))
[2025-10-07T11:39:01.406+0000] {client.py:83} ERROR - API request failed: HTTPSConnectionPool(host='trading.vietcap.com.vn', port=443): Max retries exceeded with url: /api/chart/OHLCChart/gap (Caused by NameResolutionError("<urllib3.connection.HTTPSConnection object at 0x7e61c7b1d6d0>: Failed to resolve 'trading.vietcap.com.vn' ([Errno -2] Name or service not known)"))
[2025-10-07T11:39:03.421+0000] {client.py:83} ERROR - API request failed: HTTPSConnectionPool(host='trading.vietcap.com.vn', port=443): Max retries exceeded with url: /api/chart/OHLCChart/gap (Caused by NameResolutionError("<urllib3.connection.HTTPSConnection object at 0x7e61c7b64440>: Failed to resolve 'trading.vietcap.com.vn' ([Errno -2] Name or service not known)"))
[2025-10-07T11:39:03.425+0000] {logging_mixin.py:190} INFO - Không tìm thấy dữ liệu cho HNF
[2025-10-07T11:39:03.430+0000] {logging_mixin.py:190} INFO - ℹ️ HNF: Không có dữ liệu mới.
[2025-10-07T11:39:03.431+0000] {logging_mixin.py:190} INFO - 🚦 Giới hạn API đạt mức tối đa, chờ 0.1s...
[2025-10-07T11:39:03.535+0000] {logging_mixin.py:190} INFO - ⬇️ Bắt đầu xử lý symbol = HNE
[2025-10-07T11:39:03.596+0000] {logging_mixin.py:190} INFO - HNE: trích dữ liệu từ 2020-01-01 đến 2025-10-07
[2025-10-07T11:39:03.612+0000] {client.py:83} ERROR - API request failed: HTTPSConnectionPool(host='trading.vietcap.com.vn', port=443): Max retries exceeded with url: /api/chart/OHLCChart/gap (Caused by NameResolutionError("<urllib3.connection.HTTPSConnection object at 0x7e61c7b1cf50>: Failed to resolve 'trading.vietcap.com.vn' ([Errno -2] Name or service not known)"))
[2025-10-07T11:39:05.620+0000] {client.py:83} ERROR - API request failed: HTTPSConnectionPool(host='trading.vietcap.com.vn', port=443): Max retries exceeded with url: /api/chart/OHLCChart/gap (Caused by NameResolutionError("<urllib3.connection.HTTPSConnection object at 0x7e61c7b1f8f0>: Failed to resolve 'trading.vietcap.com.vn' ([Errno -2] Name or service not known)"))
[2025-10-07T11:39:07.628+0000] {client.py:83} ERROR - API request failed: HTTPSConnectionPool(host='trading.vietcap.com.vn', port=443): Max retries exceeded with url: /api/chart/OHLCChart/gap (Caused by NameResolutionError("<urllib3.connection.HTTPSConnection object at 0x7e61c7b64800>: Failed to resolve 'trading.vietcap.com.vn' ([Errno -2] Name or service not known)"))
[2025-10-07T11:39:07.629+0000] {logging_mixin.py:190} INFO - Không tìm thấy dữ liệu cho HNE
[2025-10-07T11:39:07.631+0000] {logging_mixin.py:190} INFO - ℹ️ HNE: Không có dữ liệu mới.
[2025-10-07T11:39:07.632+0000] {logging_mixin.py:190} INFO - 🚦 Giới hạn API đạt mức tối đa, chờ 0.1s...
[2025-10-07T11:39:07.736+0000] {logging_mixin.py:190} INFO - ⬇️ Bắt đầu xử lý symbol = HND
[2025-10-07T11:39:07.808+0000] {logging_mixin.py:190} INFO - ⚠️ Không đọc được file cũ HND: 'date'
[2025-10-07T11:39:07.822+0000] {logging_mixin.py:190} INFO - HND: trích dữ liệu từ 2025-10-04 đến 2025-10-07
[2025-10-07T11:39:07.829+0000] {client.py:83} ERROR - API request failed: HTTPSConnectionPool(host='trading.vietcap.com.vn', port=443): Max retries exceeded with url: /api/chart/OHLCChart/gap (Caused by NameResolutionError("<urllib3.connection.HTTPSConnection object at 0x7e61c7b65850>: Failed to resolve 'trading.vietcap.com.vn' ([Errno -2] Name or service not known)"))
[2025-10-07T11:39:09.843+0000] {client.py:83} ERROR - API request failed: HTTPSConnectionPool(host='trading.vietcap.com.vn', port=443): Max retries exceeded with url: /api/chart/OHLCChart/gap (Caused by NameResolutionError("<urllib3.connection.HTTPSConnection object at 0x7e61c7b1cc20>: Failed to resolve 'trading.vietcap.com.vn' ([Errno -2] Name or service not known)"))
[2025-10-07T11:39:11.861+0000] {client.py:83} ERROR - API request failed: HTTPSConnectionPool(host='trading.vietcap.com.vn', port=443): Max retries exceeded with url: /api/chart/OHLCChart/gap (Caused by NameResolutionError("<urllib3.connection.HTTPSConnection object at 0x7e61c7b1f620>: Failed to resolve 'trading.vietcap.com.vn' ([Errno -2] Name or service not known)"))
[2025-10-07T11:39:11.864+0000] {logging_mixin.py:190} INFO - Không tìm thấy dữ liệu cho HND
[2025-10-07T11:39:11.871+0000] {logging_mixin.py:190} INFO - ℹ️ HND: Không có dữ liệu mới.
[2025-10-07T11:39:11.873+0000] {logging_mixin.py:190} INFO - 🚦 Giới hạn API đạt mức tối đa, chờ 0.2s...
[2025-10-07T11:39:12.123+0000] {logging_mixin.py:190} INFO - ⬇️ Bắt đầu xử lý symbol = HNB
[2025-10-07T11:39:12.211+0000] {logging_mixin.py:190} INFO - ⚠️ Không đọc được file cũ HNB: 'date'
[2025-10-07T11:39:12.245+0000] {logging_mixin.py:190} INFO - HNB: trích dữ liệu từ 2025-10-03 đến 2025-10-07
[2025-10-07T11:39:12.263+0000] {client.py:83} ERROR - API request failed: HTTPSConnectionPool(host='trading.vietcap.com.vn', port=443): Max retries exceeded with url: /api/chart/OHLCChart/gap (Caused by NameResolutionError("<urllib3.connection.HTTPSConnection object at 0x7e61c7b65d90>: Failed to resolve 'trading.vietcap.com.vn' ([Errno -2] Name or service not known)"))
[2025-10-07T11:39:14.286+0000] {client.py:83} ERROR - API request failed: HTTPSConnectionPool(host='trading.vietcap.com.vn', port=443): Max retries exceeded with url: /api/chart/OHLCChart/gap (Caused by NameResolutionError("<urllib3.connection.HTTPSConnection object at 0x7e61c7b667e0>: Failed to resolve 'trading.vietcap.com.vn' ([Errno -2] Name or service not known)"))
[2025-10-07T11:39:16.307+0000] {client.py:83} ERROR - API request failed: HTTPSConnectionPool(host='trading.vietcap.com.vn', port=443): Max retries exceeded with url: /api/chart/OHLCChart/gap (Caused by NameResolutionError("<urllib3.connection.HTTPSConnection object at 0x7e619e93a990>: Failed to resolve 'trading.vietcap.com.vn' ([Errno -2] Name or service not known)"))
[2025-10-07T11:39:16.310+0000] {logging_mixin.py:190} INFO - Không tìm thấy dữ liệu cho HNB
[2025-10-07T11:39:16.316+0000] {logging_mixin.py:190} INFO - ℹ️ HNB: Không có dữ liệu mới.
[2025-10-07T11:39:16.319+0000] {logging_mixin.py:190} INFO - 🚦 Giới hạn API đạt mức tối đa, chờ 0.0s...
[2025-10-07T11:39:16.353+0000] {logging_mixin.py:190} INFO - ⬇️ Bắt đầu xử lý symbol = HNA
[2025-10-07T11:39:16.428+0000] {logging_mixin.py:190} INFO - ⚠️ Không đọc được file cũ HNA: 'date'
[2025-10-07T11:39:16.460+0000] {logging_mixin.py:190} INFO - HNA: trích dữ liệu từ 2025-10-04 đến 2025-10-07
[2025-10-07T11:39:16.477+0000] {client.py:83} ERROR - API request failed: HTTPSConnectionPool(host='trading.vietcap.com.vn', port=443): Max retries exceeded with url: /api/chart/OHLCChart/gap (Caused by NameResolutionError("<urllib3.connection.HTTPSConnection object at 0x7e61c7b670b0>: Failed to resolve 'trading.vietcap.com.vn' ([Errno -2] Name or service not known)"))
[2025-10-07T11:39:18.488+0000] {client.py:83} ERROR - API request failed: HTTPSConnectionPool(host='trading.vietcap.com.vn', port=443): Max retries exceeded with url: /api/chart/OHLCChart/gap (Caused by NameResolutionError("<urllib3.connection.HTTPSConnection object at 0x7e61c7b67bc0>: Failed to resolve 'trading.vietcap.com.vn' ([Errno -2] Name or service not known)"))
[2025-10-07T11:39:20.504+0000] {client.py:83} ERROR - API request failed: HTTPSConnectionPool(host='trading.vietcap.com.vn', port=443): Max retries exceeded with url: /api/chart/OHLCChart/gap (Caused by NameResolutionError("<urllib3.connection.HTTPSConnection object at 0x7e61c7bc4710>: Failed to resolve 'trading.vietcap.com.vn' ([Errno -2] Name or service not known)"))
[2025-10-07T11:39:20.507+0000] {logging_mixin.py:190} INFO - Không tìm thấy dữ liệu cho HNA
[2025-10-07T11:39:20.513+0000] {logging_mixin.py:190} INFO - ℹ️ HNA: Không có dữ liệu mới.
[2025-10-07T11:39:20.515+0000] {logging_mixin.py:190} INFO - 🚦 Giới hạn API đạt mức tối đa, chờ 38.7s...
[2025-10-07T11:39:59.226+0000] {logging_mixin.py:190} INFO - ⬇️ Bắt đầu xử lý symbol = HMS
[2025-10-07T11:39:59.258+0000] {logging_mixin.py:190} INFO - ⚠️ Không đọc được file cũ HMS: 'date'
[2025-10-07T11:39:59.288+0000] {logging_mixin.py:190} INFO - HMS: trích dữ liệu từ 2025-10-04 đến 2025-10-07
[2025-10-07T11:39:59.296+0000] {client.py:83} ERROR - API request failed: HTTPSConnectionPool(host='trading.vietcap.com.vn', port=443): Max retries exceeded with url: /api/chart/OHLCChart/gap (Caused by NameResolutionError("<urllib3.connection.HTTPSConnection object at 0x7e61c7b64bf0>: Failed to resolve 'trading.vietcap.com.vn' ([Errno -2] Name or service not known)"))
[2025-10-07T11:40:01.444+0000] {client.py:83} ERROR - API request failed: HTTPSConnectionPool(host='trading.vietcap.com.vn', port=443): Max retries exceeded with url: /api/chart/OHLCChart/gap (Caused by NameResolutionError("<urllib3.connection.HTTPSConnection object at 0x7e61c7b666c0>: Failed to resolve 'trading.vietcap.com.vn' ([Errno -2] Name or service not known)"))
[2025-10-07T11:40:03.461+0000] {client.py:83} ERROR - API request failed: HTTPSConnectionPool(host='trading.vietcap.com.vn', port=443): Max retries exceeded with url: /api/chart/OHLCChart/gap (Caused by NameResolutionError("<urllib3.connection.HTTPSConnection object at 0x7e61c7b64fb0>: Failed to resolve 'trading.vietcap.com.vn' ([Errno -2] Name or service not known)"))
[2025-10-07T11:40:03.465+0000] {logging_mixin.py:190} INFO - Không tìm thấy dữ liệu cho HMS
[2025-10-07T11:40:03.470+0000] {logging_mixin.py:190} INFO - ℹ️ HMS: Không có dữ liệu mới.
[2025-10-07T11:40:03.472+0000] {logging_mixin.py:190} INFO - 🚦 Giới hạn API đạt mức tối đa, chờ 0.1s...
[2025-10-07T11:40:03.537+0000] {logging_mixin.py:190} INFO - ⬇️ Bắt đầu xử lý symbol = HMR
[2025-10-07T11:40:03.611+0000] {logging_mixin.py:190} INFO - ⚠️ Không đọc được file cũ HMR: 'date'
[2025-10-07T11:40:03.628+0000] {logging_mixin.py:190} INFO - HMR: trích dữ liệu từ 2025-10-04 đến 2025-10-07
[2025-10-07T11:40:03.638+0000] {client.py:83} ERROR - API request failed: HTTPSConnectionPool(host='trading.vietcap.com.vn', port=443): Max retries exceeded with url: /api/chart/OHLCChart/gap (Caused by NameResolutionError("<urllib3.connection.HTTPSConnection object at 0x7e61c7b1c260>: Failed to resolve 'trading.vietcap.com.vn' ([Errno -2] Name or service not known)"))
[2025-10-07T11:40:05.650+0000] {client.py:83} ERROR - API request failed: HTTPSConnectionPool(host='trading.vietcap.com.vn', port=443): Max retries exceeded with url: /api/chart/OHLCChart/gap (Caused by NameResolutionError("<urllib3.connection.HTTPSConnection object at 0x7e61c7b1e600>: Failed to resolve 'trading.vietcap.com.vn' ([Errno -2] Name or service not known)"))
[2025-10-07T11:40:07.666+0000] {client.py:83} ERROR - API request failed: HTTPSConnectionPool(host='trading.vietcap.com.vn', port=443): Max retries exceeded with url: /api/chart/OHLCChart/gap (Caused by NameResolutionError("<urllib3.connection.HTTPSConnection object at 0x7e619e915100>: Failed to resolve 'trading.vietcap.com.vn' ([Errno -2] Name or service not known)"))
[2025-10-07T11:40:07.669+0000] {logging_mixin.py:190} INFO - Không tìm thấy dữ liệu cho HMR
[2025-10-07T11:40:07.675+0000] {logging_mixin.py:190} INFO - ℹ️ HMR: Không có dữ liệu mới.
[2025-10-07T11:40:07.677+0000] {logging_mixin.py:190} INFO - 🚦 Giới hạn API đạt mức tối đa, chờ 0.1s...
[2025-10-07T11:40:07.739+0000] {logging_mixin.py:190} INFO - ⬇️ Bắt đầu xử lý symbol = HMH
[2025-10-07T11:40:07.817+0000] {logging_mixin.py:190} INFO - ⚠️ Không đọc được file cũ HMH: 'date'
[2025-10-07T11:40:07.851+0000] {logging_mixin.py:190} INFO - HMH: trích dữ liệu từ 2025-10-04 đến 2025-10-07
[2025-10-07T11:40:07.867+0000] {client.py:83} ERROR - API request failed: HTTPSConnectionPool(host='trading.vietcap.com.vn', port=443): Max retries exceeded with url: /api/chart/OHLCChart/gap (Caused by NameResolutionError("<urllib3.connection.HTTPSConnection object at 0x7e619e938a10>: Failed to resolve 'trading.vietcap.com.vn' ([Errno -2] Name or service not known)"))
[2025-10-07T11:40:09.883+0000] {client.py:83} ERROR - API request failed: HTTPSConnectionPool(host='trading.vietcap.com.vn', port=443): Max retries exceeded with url: /api/chart/OHLCChart/gap (Caused by NameResolutionError("<urllib3.connection.HTTPSConnection object at 0x7e619e830bf0>: Failed to resolve 'trading.vietcap.com.vn' ([Errno -2] Name or service not known)"))
[2025-10-07T11:40:11.899+0000] {client.py:83} ERROR - API request failed: HTTPSConnectionPool(host='trading.vietcap.com.vn', port=443): Max retries exceeded with url: /api/chart/OHLCChart/gap (Caused by NameResolutionError("<urllib3.connection.HTTPSConnection object at 0x7e619e832750>: Failed to resolve 'trading.vietcap.com.vn' ([Errno -2] Name or service not known)"))
[2025-10-07T11:40:11.902+0000] {logging_mixin.py:190} INFO - Không tìm thấy dữ liệu cho HMH
[2025-10-07T11:40:11.910+0000] {logging_mixin.py:190} INFO - ℹ️ HMH: Không có dữ liệu mới.
[2025-10-07T11:40:11.911+0000] {logging_mixin.py:190} INFO - 🚦 Giới hạn API đạt mức tối đa, chờ 0.2s...
[2025-10-07T11:40:12.125+0000] {logging_mixin.py:190} INFO - ⬇️ Bắt đầu xử lý symbol = HMG
[2025-10-07T11:40:12.212+0000] {logging_mixin.py:190} INFO - ⚠️ Không đọc được file cũ HMG: 'date'
[2025-10-07T11:40:12.247+0000] {logging_mixin.py:190} INFO - HMG: trích dữ liệu từ 2025-08-19 đến 2025-10-07
[2025-10-07T11:40:12.264+0000] {client.py:83} ERROR - API request failed: HTTPSConnectionPool(host='trading.vietcap.com.vn', port=443): Max retries exceeded with url: /api/chart/OHLCChart/gap (Caused by NameResolutionError("<urllib3.connection.HTTPSConnection object at 0x7e619e832600>: Failed to resolve 'trading.vietcap.com.vn' ([Errno -2] Name or service not known)"))
[2025-10-07T11:40:14.284+0000] {client.py:83} ERROR - API request failed: HTTPSConnectionPool(host='trading.vietcap.com.vn', port=443): Max retries exceeded with url: /api/chart/OHLCChart/gap (Caused by NameResolutionError("<urllib3.connection.HTTPSConnection object at 0x7e619e7b4b30>: Failed to resolve 'trading.vietcap.com.vn' ([Errno -2] Name or service not known)"))
[2025-10-07T11:40:16.303+0000] {client.py:83} ERROR - API request failed: HTTPSConnectionPool(host='trading.vietcap.com.vn', port=443): Max retries exceeded with url: /api/chart/OHLCChart/gap (Caused by NameResolutionError("<urllib3.connection.HTTPSConnection object at 0x7e619e7b7ec0>: Failed to resolve 'trading.vietcap.com.vn' ([Errno -2] Name or service not known)"))
[2025-10-07T11:40:16.307+0000] {logging_mixin.py:190} INFO - Không tìm thấy dữ liệu cho HMG
[2025-10-07T11:40:16.313+0000] {logging_mixin.py:190} INFO - ℹ️ HMG: Không có dữ liệu mới.
[2025-10-07T11:40:16.316+0000] {logging_mixin.py:190} INFO - 🚦 Giới hạn API đạt mức tối đa, chờ 0.0s...
[2025-10-07T11:40:16.355+0000] {logging_mixin.py:190} INFO - ⬇️ Bắt đầu xử lý symbol = HMD
[2025-10-07T11:40:16.405+0000] {logging_mixin.py:190} INFO - ⚠️ Không đọc được file cũ HMD: 'date'
[2025-10-07T11:40:16.416+0000] {logging_mixin.py:190} INFO - HMD: trích dữ liệu từ 2025-09-13 đến 2025-10-07
[2025-10-07T11:40:16.426+0000] {client.py:83} ERROR - API request failed: HTTPSConnectionPool(host='trading.vietcap.com.vn', port=443): Max retries exceeded with url: /api/chart/OHLCChart/gap (Caused by NameResolutionError("<urllib3.connection.HTTPSConnection object at 0x7e619e781730>: Failed to resolve 'trading.vietcap.com.vn' ([Errno -2] Name or service not known)"))
[2025-10-07T11:40:18.440+0000] {client.py:83} ERROR - API request failed: HTTPSConnectionPool(host='trading.vietcap.com.vn', port=443): Max retries exceeded with url: /api/chart/OHLCChart/gap (Caused by NameResolutionError("<urllib3.connection.HTTPSConnection object at 0x7e619e7b52b0>: Failed to resolve 'trading.vietcap.com.vn' ([Errno -2] Name or service not known)"))
[2025-10-07T11:40:20.449+0000] {client.py:83} ERROR - API request failed: HTTPSConnectionPool(host='trading.vietcap.com.vn', port=443): Max retries exceeded with url: /api/chart/OHLCChart/gap (Caused by NameResolutionError("<urllib3.connection.HTTPSConnection object at 0x7e619e833830>: Failed to resolve 'trading.vietcap.com.vn' ([Errno -2] Name or service not known)"))
[2025-10-07T11:40:20.450+0000] {logging_mixin.py:190} INFO - Không tìm thấy dữ liệu cho HMD
[2025-10-07T11:40:20.453+0000] {logging_mixin.py:190} INFO - ℹ️ HMD: Không có dữ liệu mới.
[2025-10-07T11:40:20.454+0000] {python.py:240} INFO - Done. Returned value was: None
[2025-10-07T11:40:20.471+0000] {taskinstance.py:341} INFO - ::group::Post task execution logs
[2025-10-07T11:40:20.472+0000] {taskinstance.py:353} INFO - Marking task as SUCCESS. dag_id=vnstock_weekly_etl_incremental, task_id=process_batch, run_id=manual__2025-10-07T10:41:48.387187+00:00, map_index=21, execution_date=20251007T104148, start_date=20251007T113058, end_date=20251007T114020
[2025-10-07T11:40:20.566+0000] {local_task_job_runner.py:266} INFO - Task exited with return code 0
[2025-10-07T11:40:20.789+0000] {taskinstance.py:3901} INFO - 0 downstream tasks scheduled from follow-on schedule check
[2025-10-07T11:40:20.799+0000] {local_task_job_runner.py:245} INFO - ::endgroup::
