[2025-10-07T11:12:07.730+0000] {local_task_job_runner.py:123} INFO - ::group::Pre task execution logs
[2025-10-07T11:12:07.756+0000] {taskinstance.py:2614} INFO - Dependencies all met for dep_context=non-requeueable deps ti=<TaskInstance: vnstock_weekly_etl_incremental.process_batch manual__2025-10-07T10:41:48.387187+00:00 map_index=12 [queued]>
[2025-10-07T11:12:07.772+0000] {taskinstance.py:2614} INFO - Dependencies all met for dep_context=requeueable deps ti=<TaskInstance: vnstock_weekly_etl_incremental.process_batch manual__2025-10-07T10:41:48.387187+00:00 map_index=12 [queued]>
[2025-10-07T11:12:07.773+0000] {taskinstance.py:2867} INFO - Starting attempt 1 of 3
[2025-10-07T11:12:07.787+0000] {taskinstance.py:2890} INFO - Executing <Mapped(_PythonDecoratedOperator): process_batch> on 2025-10-07 10:41:48.387187+00:00
[2025-10-07T11:12:07.798+0000] {logging_mixin.py:190} WARNING - /home/***/.local/lib/python3.12/site-packages/***/task/task_runner/standard_task_runner.py:70 DeprecationWarning: This process (pid=5515) is multi-threaded, use of fork() may lead to deadlocks in the child.
[2025-10-07T11:12:07.799+0000] {standard_task_runner.py:72} INFO - Started process 5537 to run task
[2025-10-07T11:12:07.799+0000] {standard_task_runner.py:104} INFO - Running: ['***', 'tasks', 'run', 'vnstock_weekly_etl_incremental', 'process_batch', 'manual__2025-10-07T10:41:48.387187+00:00', '--job-id', '136', '--raw', '--subdir', 'DAGS_FOLDER/dag.py', '--cfg-path', '/tmp/tmp1yidnoz4', '--map-index', '12']
[2025-10-07T11:12:07.802+0000] {standard_task_runner.py:105} INFO - Job 136: Subtask process_batch
[2025-10-07T11:12:07.819+0000] {logging_mixin.py:190} WARNING - /home/***/.local/lib/python3.12/site-packages/***/settings.py:209 DeprecationWarning: The sql_alchemy_conn option in [core] has been moved to the sql_alchemy_conn option in [database] - the old setting has been used, but please update your config.
[2025-10-07T11:12:07.867+0000] {task_command.py:467} INFO - Running <TaskInstance: vnstock_weekly_etl_incremental.process_batch manual__2025-10-07T10:41:48.387187+00:00 map_index=12 [running]> on host e3278e0f0bbc
[2025-10-07T11:12:08.118+0000] {taskinstance.py:3134} INFO - Exporting env vars: AIRFLOW_CTX_DAG_OWNER='***' AIRFLOW_CTX_DAG_ID='vnstock_weekly_etl_incremental' AIRFLOW_CTX_TASK_ID='process_batch' AIRFLOW_CTX_EXECUTION_DATE='2025-10-07T10:41:48.387187+00:00' AIRFLOW_CTX_TRY_NUMBER='1' AIRFLOW_CTX_DAG_RUN_ID='manual__2025-10-07T10:41:48.387187+00:00'
[2025-10-07T11:12:08.119+0000] {taskinstance.py:732} INFO - ::endgroup::
[2025-10-07T11:12:08.122+0000] {logging_mixin.py:190} INFO - ⬇️ Bắt đầu xử lý symbol = PVT
[2025-10-07T11:12:08.141+0000] {logging_mixin.py:190} INFO - ⚠️ Không đọc được file cũ PVT: 'date'
[2025-10-07T11:12:08.159+0000] {logging_mixin.py:190} INFO - PVT: trích dữ liệu từ 2025-10-08 đến 2025-10-07
[2025-10-07T11:12:08.173+0000] {client.py:83} ERROR - API request failed: HTTPSConnectionPool(host='trading.vietcap.com.vn', port=443): Max retries exceeded with url: /api/chart/OHLCChart/gap (Caused by NameResolutionError("<urllib3.connection.HTTPSConnection object at 0x7e619e91bc50>: Failed to resolve 'trading.vietcap.com.vn' ([Errno -2] Name or service not known)"))
[2025-10-07T11:12:10.179+0000] {client.py:83} ERROR - API request failed: HTTPSConnectionPool(host='trading.vietcap.com.vn', port=443): Max retries exceeded with url: /api/chart/OHLCChart/gap (Caused by NameResolutionError("<urllib3.connection.HTTPSConnection object at 0x7e619e940620>: Failed to resolve 'trading.vietcap.com.vn' ([Errno -2] Name or service not known)"))
[2025-10-07T11:12:12.186+0000] {client.py:83} ERROR - API request failed: HTTPSConnectionPool(host='trading.vietcap.com.vn', port=443): Max retries exceeded with url: /api/chart/OHLCChart/gap (Caused by NameResolutionError("<urllib3.connection.HTTPSConnection object at 0x7e619e941250>: Failed to resolve 'trading.vietcap.com.vn' ([Errno -2] Name or service not known)"))
[2025-10-07T11:12:12.187+0000] {logging_mixin.py:190} INFO - Không tìm thấy dữ liệu cho PVT
[2025-10-07T11:12:12.190+0000] {logging_mixin.py:190} INFO - ℹ️ PVT: Không có dữ liệu mới.
[2025-10-07T11:12:12.191+0000] {logging_mixin.py:190} INFO - ⬇️ Bắt đầu xử lý symbol = PVS
[2025-10-07T11:12:12.213+0000] {logging_mixin.py:190} INFO - ⚠️ Không đọc được file cũ PVS: 'date'
[2025-10-07T11:12:12.228+0000] {logging_mixin.py:190} INFO - PVS: trích dữ liệu từ 2025-10-08 đến 2025-10-07
[2025-10-07T11:12:12.234+0000] {client.py:83} ERROR - API request failed: HTTPSConnectionPool(host='trading.vietcap.com.vn', port=443): Max retries exceeded with url: /api/chart/OHLCChart/gap (Caused by NameResolutionError("<urllib3.connection.HTTPSConnection object at 0x7e619e9400b0>: Failed to resolve 'trading.vietcap.com.vn' ([Errno -2] Name or service not known)"))
[2025-10-07T11:12:14.242+0000] {client.py:83} ERROR - API request failed: HTTPSConnectionPool(host='trading.vietcap.com.vn', port=443): Max retries exceeded with url: /api/chart/OHLCChart/gap (Caused by NameResolutionError("<urllib3.connection.HTTPSConnection object at 0x7e619e942840>: Failed to resolve 'trading.vietcap.com.vn' ([Errno -2] Name or service not known)"))
[2025-10-07T11:12:16.253+0000] {client.py:83} ERROR - API request failed: HTTPSConnectionPool(host='trading.vietcap.com.vn', port=443): Max retries exceeded with url: /api/chart/OHLCChart/gap (Caused by NameResolutionError("<urllib3.connection.HTTPSConnection object at 0x7e619e943410>: Failed to resolve 'trading.vietcap.com.vn' ([Errno -2] Name or service not known)"))
[2025-10-07T11:12:16.254+0000] {logging_mixin.py:190} INFO - Không tìm thấy dữ liệu cho PVS
[2025-10-07T11:12:16.257+0000] {logging_mixin.py:190} INFO - ℹ️ PVS: Không có dữ liệu mới.
[2025-10-07T11:12:16.258+0000] {logging_mixin.py:190} INFO - ⬇️ Bắt đầu xử lý symbol = PVR
[2025-10-07T11:12:16.273+0000] {logging_mixin.py:190} INFO - ⚠️ Không đọc được file cũ PVR: 'date'
[2025-10-07T11:12:16.291+0000] {logging_mixin.py:190} INFO - PVR: trích dữ liệu từ 2025-10-04 đến 2025-10-07
[2025-10-07T11:12:16.306+0000] {client.py:83} ERROR - API request failed: HTTPSConnectionPool(host='trading.vietcap.com.vn', port=443): Max retries exceeded with url: /api/chart/OHLCChart/gap (Caused by NameResolutionError("<urllib3.connection.HTTPSConnection object at 0x7e619e8529f0>: Failed to resolve 'trading.vietcap.com.vn' ([Errno -2] Name or service not known)"))
[2025-10-07T11:12:18.316+0000] {client.py:83} ERROR - API request failed: HTTPSConnectionPool(host='trading.vietcap.com.vn', port=443): Max retries exceeded with url: /api/chart/OHLCChart/gap (Caused by NameResolutionError("<urllib3.connection.HTTPSConnection object at 0x7e619e942d80>: Failed to resolve 'trading.vietcap.com.vn' ([Errno -2] Name or service not known)"))
[2025-10-07T11:12:20.323+0000] {client.py:83} ERROR - API request failed: HTTPSConnectionPool(host='trading.vietcap.com.vn', port=443): Max retries exceeded with url: /api/chart/OHLCChart/gap (Caused by NameResolutionError("<urllib3.connection.HTTPSConnection object at 0x7e619e940950>: Failed to resolve 'trading.vietcap.com.vn' ([Errno -2] Name or service not known)"))
[2025-10-07T11:12:20.324+0000] {logging_mixin.py:190} INFO - Không tìm thấy dữ liệu cho PVR
[2025-10-07T11:12:20.326+0000] {logging_mixin.py:190} INFO - ℹ️ PVR: Không có dữ liệu mới.
[2025-10-07T11:12:20.327+0000] {logging_mixin.py:190} INFO - ⬇️ Bắt đầu xử lý symbol = PVP
[2025-10-07T11:12:20.350+0000] {logging_mixin.py:190} INFO - ⚠️ Không đọc được file cũ PVP: 'date'
[2025-10-07T11:12:20.367+0000] {logging_mixin.py:190} INFO - PVP: trích dữ liệu từ 2025-10-08 đến 2025-10-07
[2025-10-07T11:12:20.373+0000] {client.py:83} ERROR - API request failed: HTTPSConnectionPool(host='trading.vietcap.com.vn', port=443): Max retries exceeded with url: /api/chart/OHLCChart/gap (Caused by NameResolutionError("<urllib3.connection.HTTPSConnection object at 0x7e619e784380>: Failed to resolve 'trading.vietcap.com.vn' ([Errno -2] Name or service not known)"))
[2025-10-07T11:12:22.382+0000] {client.py:83} ERROR - API request failed: HTTPSConnectionPool(host='trading.vietcap.com.vn', port=443): Max retries exceeded with url: /api/chart/OHLCChart/gap (Caused by NameResolutionError("<urllib3.connection.HTTPSConnection object at 0x7e619e785250>: Failed to resolve 'trading.vietcap.com.vn' ([Errno -2] Name or service not known)"))
[2025-10-07T11:12:24.389+0000] {client.py:83} ERROR - API request failed: HTTPSConnectionPool(host='trading.vietcap.com.vn', port=443): Max retries exceeded with url: /api/chart/OHLCChart/gap (Caused by NameResolutionError("<urllib3.connection.HTTPSConnection object at 0x7e619e940fb0>: Failed to resolve 'trading.vietcap.com.vn' ([Errno -2] Name or service not known)"))
[2025-10-07T11:12:24.391+0000] {logging_mixin.py:190} INFO - Không tìm thấy dữ liệu cho PVP
[2025-10-07T11:12:24.393+0000] {logging_mixin.py:190} INFO - ℹ️ PVP: Không có dữ liệu mới.
[2025-10-07T11:12:24.393+0000] {logging_mixin.py:190} INFO - ⬇️ Bắt đầu xử lý symbol = PVO
[2025-10-07T11:12:24.414+0000] {logging_mixin.py:190} INFO - ⚠️ Không đọc được file cũ PVO: 'date'
[2025-10-07T11:12:24.428+0000] {logging_mixin.py:190} INFO - PVO: trích dữ liệu từ 2025-10-08 đến 2025-10-07
[2025-10-07T11:12:24.434+0000] {client.py:83} ERROR - API request failed: HTTPSConnectionPool(host='trading.vietcap.com.vn', port=443): Max retries exceeded with url: /api/chart/OHLCChart/gap (Caused by NameResolutionError("<urllib3.connection.HTTPSConnection object at 0x7e619e785820>: Failed to resolve 'trading.vietcap.com.vn' ([Errno -2] Name or service not known)"))
[2025-10-07T11:12:26.440+0000] {client.py:83} ERROR - API request failed: HTTPSConnectionPool(host='trading.vietcap.com.vn', port=443): Max retries exceeded with url: /api/chart/OHLCChart/gap (Caused by NameResolutionError("<urllib3.connection.HTTPSConnection object at 0x7e619e786390>: Failed to resolve 'trading.vietcap.com.vn' ([Errno -2] Name or service not known)"))
[2025-10-07T11:12:28.447+0000] {client.py:83} ERROR - API request failed: HTTPSConnectionPool(host='trading.vietcap.com.vn', port=443): Max retries exceeded with url: /api/chart/OHLCChart/gap (Caused by NameResolutionError("<urllib3.connection.HTTPSConnection object at 0x7e619e786e70>: Failed to resolve 'trading.vietcap.com.vn' ([Errno -2] Name or service not known)"))
[2025-10-07T11:12:28.449+0000] {logging_mixin.py:190} INFO - Không tìm thấy dữ liệu cho PVO
[2025-10-07T11:12:28.451+0000] {logging_mixin.py:190} INFO - ℹ️ PVO: Không có dữ liệu mới.
[2025-10-07T11:12:28.452+0000] {logging_mixin.py:190} INFO - 🚦 Giới hạn API đạt mức tối đa, chờ 39.7s...
[2025-10-07T11:13:08.410+0000] {logging_mixin.py:190} INFO - ⬇️ Bắt đầu xử lý symbol = PVM
[2025-10-07T11:13:08.441+0000] {logging_mixin.py:190} INFO - ⚠️ Không đọc được file cũ PVM: 'date'
[2025-10-07T11:13:08.456+0000] {logging_mixin.py:190} INFO - PVM: trích dữ liệu từ 2025-10-04 đến 2025-10-07
[2025-10-07T11:13:08.462+0000] {client.py:83} ERROR - API request failed: HTTPSConnectionPool(host='trading.vietcap.com.vn', port=443): Max retries exceeded with url: /api/chart/OHLCChart/gap (Caused by NameResolutionError("<urllib3.connection.HTTPSConnection object at 0x7e619e7875f0>: Failed to resolve 'trading.vietcap.com.vn' ([Errno -2] Name or service not known)"))
[2025-10-07T11:13:10.471+0000] {client.py:83} ERROR - API request failed: HTTPSConnectionPool(host='trading.vietcap.com.vn', port=443): Max retries exceeded with url: /api/chart/OHLCChart/gap (Caused by NameResolutionError("<urllib3.connection.HTTPSConnection object at 0x7e619e7c4260>: Failed to resolve 'trading.vietcap.com.vn' ([Errno -2] Name or service not known)"))
[2025-10-07T11:13:12.478+0000] {client.py:83} ERROR - API request failed: HTTPSConnectionPool(host='trading.vietcap.com.vn', port=443): Max retries exceeded with url: /api/chart/OHLCChart/gap (Caused by NameResolutionError("<urllib3.connection.HTTPSConnection object at 0x7e619e7c4e90>: Failed to resolve 'trading.vietcap.com.vn' ([Errno -2] Name or service not known)"))
[2025-10-07T11:13:12.479+0000] {logging_mixin.py:190} INFO - Không tìm thấy dữ liệu cho PVM
[2025-10-07T11:13:12.482+0000] {logging_mixin.py:190} INFO - ℹ️ PVM: Không có dữ liệu mới.
[2025-10-07T11:13:12.483+0000] {logging_mixin.py:190} INFO - ⬇️ Bắt đầu xử lý symbol = PVL
[2025-10-07T11:13:12.519+0000] {logging_mixin.py:190} INFO - ⚠️ Không đọc được file cũ PVL: 'date'
[2025-10-07T11:13:12.535+0000] {logging_mixin.py:190} INFO - PVL: trích dữ liệu từ 2025-10-04 đến 2025-10-07
[2025-10-07T11:13:12.547+0000] {client.py:83} ERROR - API request failed: HTTPSConnectionPool(host='trading.vietcap.com.vn', port=443): Max retries exceeded with url: /api/chart/OHLCChart/gap (Caused by NameResolutionError("<urllib3.connection.HTTPSConnection object at 0x7e619e787350>: Failed to resolve 'trading.vietcap.com.vn' ([Errno -2] Name or service not known)"))
[2025-10-07T11:13:14.553+0000] {client.py:83} ERROR - API request failed: HTTPSConnectionPool(host='trading.vietcap.com.vn', port=443): Max retries exceeded with url: /api/chart/OHLCChart/gap (Caused by NameResolutionError("<urllib3.connection.HTTPSConnection object at 0x7e619e7c5c70>: Failed to resolve 'trading.vietcap.com.vn' ([Errno -2] Name or service not known)"))
[2025-10-07T11:13:16.560+0000] {client.py:83} ERROR - API request failed: HTTPSConnectionPool(host='trading.vietcap.com.vn', port=443): Max retries exceeded with url: /api/chart/OHLCChart/gap (Caused by NameResolutionError("<urllib3.connection.HTTPSConnection object at 0x7e619e7c49b0>: Failed to resolve 'trading.vietcap.com.vn' ([Errno -2] Name or service not known)"))
[2025-10-07T11:13:16.561+0000] {logging_mixin.py:190} INFO - Không tìm thấy dữ liệu cho PVL
[2025-10-07T11:13:16.563+0000] {logging_mixin.py:190} INFO - ℹ️ PVL: Không có dữ liệu mới.
[2025-10-07T11:13:16.564+0000] {logging_mixin.py:190} INFO - ⬇️ Bắt đầu xử lý symbol = PVI
[2025-10-07T11:13:16.593+0000] {logging_mixin.py:190} INFO - ⚠️ Không đọc được file cũ PVI: 'date'
[2025-10-07T11:13:16.606+0000] {logging_mixin.py:190} INFO - PVI: trích dữ liệu từ 2025-10-04 đến 2025-10-07
[2025-10-07T11:13:16.613+0000] {client.py:83} ERROR - API request failed: HTTPSConnectionPool(host='trading.vietcap.com.vn', port=443): Max retries exceeded with url: /api/chart/OHLCChart/gap (Caused by NameResolutionError("<urllib3.connection.HTTPSConnection object at 0x7e619e7c6f90>: Failed to resolve 'trading.vietcap.com.vn' ([Errno -2] Name or service not known)"))
[2025-10-07T11:13:18.621+0000] {client.py:83} ERROR - API request failed: HTTPSConnectionPool(host='trading.vietcap.com.vn', port=443): Max retries exceeded with url: /api/chart/OHLCChart/gap (Caused by NameResolutionError("<urllib3.connection.HTTPSConnection object at 0x7e619e785f10>: Failed to resolve 'trading.vietcap.com.vn' ([Errno -2] Name or service not known)"))
[2025-10-07T11:13:20.628+0000] {client.py:83} ERROR - API request failed: HTTPSConnectionPool(host='trading.vietcap.com.vn', port=443): Max retries exceeded with url: /api/chart/OHLCChart/gap (Caused by NameResolutionError("<urllib3.connection.HTTPSConnection object at 0x7e619e7c43b0>: Failed to resolve 'trading.vietcap.com.vn' ([Errno -2] Name or service not known)"))
[2025-10-07T11:13:20.629+0000] {logging_mixin.py:190} INFO - Không tìm thấy dữ liệu cho PVI
[2025-10-07T11:13:20.631+0000] {logging_mixin.py:190} INFO - ℹ️ PVI: Không có dữ liệu mới.
[2025-10-07T11:13:20.632+0000] {logging_mixin.py:190} INFO - ⬇️ Bắt đầu xử lý symbol = PVH
[2025-10-07T11:13:20.662+0000] {logging_mixin.py:190} INFO - ⚠️ Không đọc được file cũ PVH: 'date'
[2025-10-07T11:13:20.675+0000] {logging_mixin.py:190} INFO - PVH: trích dữ liệu từ 2025-10-04 đến 2025-10-07
[2025-10-07T11:13:20.681+0000] {client.py:83} ERROR - API request failed: HTTPSConnectionPool(host='trading.vietcap.com.vn', port=443): Max retries exceeded with url: /api/chart/OHLCChart/gap (Caused by NameResolutionError("<urllib3.connection.HTTPSConnection object at 0x7e619e7c73b0>: Failed to resolve 'trading.vietcap.com.vn' ([Errno -2] Name or service not known)"))
[2025-10-07T11:13:22.689+0000] {client.py:83} ERROR - API request failed: HTTPSConnectionPool(host='trading.vietcap.com.vn', port=443): Max retries exceeded with url: /api/chart/OHLCChart/gap (Caused by NameResolutionError("<urllib3.connection.HTTPSConnection object at 0x7e619e7c7ec0>: Failed to resolve 'trading.vietcap.com.vn' ([Errno -2] Name or service not known)"))
[2025-10-07T11:13:24.713+0000] {client.py:83} ERROR - API request failed: HTTPSConnectionPool(host='trading.vietcap.com.vn', port=443): Max retries exceeded with url: /api/chart/OHLCChart/gap (Caused by NameResolutionError("<urllib3.connection.HTTPSConnection object at 0x7e619e7c6030>: Failed to resolve 'trading.vietcap.com.vn' ([Errno -2] Name or service not known)"))
[2025-10-07T11:13:24.716+0000] {logging_mixin.py:190} INFO - Không tìm thấy dữ liệu cho PVH
[2025-10-07T11:13:24.724+0000] {logging_mixin.py:190} INFO - ℹ️ PVH: Không có dữ liệu mới.
[2025-10-07T11:13:24.727+0000] {logging_mixin.py:190} INFO - ⬇️ Bắt đầu xử lý symbol = PVG
[2025-10-07T11:13:24.810+0000] {logging_mixin.py:190} INFO - ⚠️ Không đọc được file cũ PVG: 'date'
[2025-10-07T11:13:24.836+0000] {logging_mixin.py:190} INFO - PVG: trích dữ liệu từ 2025-10-04 đến 2025-10-07
[2025-10-07T11:13:24.870+0000] {client.py:83} ERROR - API request failed: HTTPSConnectionPool(host='trading.vietcap.com.vn', port=443): Max retries exceeded with url: /api/chart/OHLCChart/gap (Caused by NameResolutionError("<urllib3.connection.HTTPSConnection object at 0x7e619e7ecb90>: Failed to resolve 'trading.vietcap.com.vn' ([Errno -2] Name or service not known)"))
[2025-10-07T11:13:26.887+0000] {client.py:83} ERROR - API request failed: HTTPSConnectionPool(host='trading.vietcap.com.vn', port=443): Max retries exceeded with url: /api/chart/OHLCChart/gap (Caused by NameResolutionError("<urllib3.connection.HTTPSConnection object at 0x7e619e7ed6d0>: Failed to resolve 'trading.vietcap.com.vn' ([Errno -2] Name or service not known)"))
[2025-10-07T11:13:28.907+0000] {client.py:83} ERROR - API request failed: HTTPSConnectionPool(host='trading.vietcap.com.vn', port=443): Max retries exceeded with url: /api/chart/OHLCChart/gap (Caused by NameResolutionError("<urllib3.connection.HTTPSConnection object at 0x7e619e7ee1e0>: Failed to resolve 'trading.vietcap.com.vn' ([Errno -2] Name or service not known)"))
[2025-10-07T11:13:28.910+0000] {logging_mixin.py:190} INFO - Không tìm thấy dữ liệu cho PVG
[2025-10-07T11:13:28.915+0000] {logging_mixin.py:190} INFO - ℹ️ PVG: Không có dữ liệu mới.
[2025-10-07T11:13:28.916+0000] {logging_mixin.py:190} INFO - 🚦 Giới hạn API đạt mức tối đa, chờ 39.5s...
[2025-10-07T11:14:08.798+0000] {logging_mixin.py:190} INFO - ⬇️ Bắt đầu xử lý symbol = PVE
[2025-10-07T11:14:08.878+0000] {logging_mixin.py:190} INFO - ⚠️ Không đọc được file cũ PVE: 'date'
[2025-10-07T11:14:08.912+0000] {logging_mixin.py:190} INFO - PVE: trích dữ liệu từ 2025-10-04 đến 2025-10-07
[2025-10-07T11:14:08.927+0000] {client.py:83} ERROR - API request failed: HTTPSConnectionPool(host='trading.vietcap.com.vn', port=443): Max retries exceeded with url: /api/chart/OHLCChart/gap (Caused by NameResolutionError("<urllib3.connection.HTTPSConnection object at 0x7e619e7ee360>: Failed to resolve 'trading.vietcap.com.vn' ([Errno -2] Name or service not known)"))
[2025-10-07T11:14:10.940+0000] {client.py:83} ERROR - API request failed: HTTPSConnectionPool(host='trading.vietcap.com.vn', port=443): Max retries exceeded with url: /api/chart/OHLCChart/gap (Caused by NameResolutionError("<urllib3.connection.HTTPSConnection object at 0x7e619e7eeed0>: Failed to resolve 'trading.vietcap.com.vn' ([Errno -2] Name or service not known)"))
[2025-10-07T11:14:12.948+0000] {client.py:83} ERROR - API request failed: HTTPSConnectionPool(host='trading.vietcap.com.vn', port=443): Max retries exceeded with url: /api/chart/OHLCChart/gap (Caused by NameResolutionError("<urllib3.connection.HTTPSConnection object at 0x7e619e7ef9e0>: Failed to resolve 'trading.vietcap.com.vn' ([Errno -2] Name or service not known)"))
[2025-10-07T11:14:13.077+0000] {logging_mixin.py:190} INFO - Không tìm thấy dữ liệu cho PVE
[2025-10-07T11:14:13.081+0000] {logging_mixin.py:190} INFO - ℹ️ PVE: Không có dữ liệu mới.
[2025-10-07T11:14:13.083+0000] {logging_mixin.py:190} INFO - ⬇️ Bắt đầu xử lý symbol = PVD
[2025-10-07T11:14:13.122+0000] {logging_mixin.py:190} INFO - ⚠️ Không đọc được file cũ PVD: 'date'
[2025-10-07T11:14:13.133+0000] {logging_mixin.py:190} INFO - PVD: trích dữ liệu từ 2025-10-04 đến 2025-10-07
[2025-10-07T11:14:13.139+0000] {client.py:83} ERROR - API request failed: HTTPSConnectionPool(host='trading.vietcap.com.vn', port=443): Max retries exceeded with url: /api/chart/OHLCChart/gap (Caused by NameResolutionError("<urllib3.connection.HTTPSConnection object at 0x7e619e7c6f30>: Failed to resolve 'trading.vietcap.com.vn' ([Errno -2] Name or service not known)"))
[2025-10-07T11:14:15.154+0000] {client.py:83} ERROR - API request failed: HTTPSConnectionPool(host='trading.vietcap.com.vn', port=443): Max retries exceeded with url: /api/chart/OHLCChart/gap (Caused by NameResolutionError("<urllib3.connection.HTTPSConnection object at 0x7e619e7c7d40>: Failed to resolve 'trading.vietcap.com.vn' ([Errno -2] Name or service not known)"))
[2025-10-07T11:14:17.192+0000] {client.py:83} ERROR - API request failed: HTTPSConnectionPool(host='trading.vietcap.com.vn', port=443): Max retries exceeded with url: /api/chart/OHLCChart/gap (Caused by NameResolutionError("<urllib3.connection.HTTPSConnection object at 0x7e619e7c4b60>: Failed to resolve 'trading.vietcap.com.vn' ([Errno -2] Name or service not known)"))
[2025-10-07T11:14:17.195+0000] {logging_mixin.py:190} INFO - Không tìm thấy dữ liệu cho PVD
[2025-10-07T11:14:17.200+0000] {logging_mixin.py:190} INFO - ℹ️ PVD: Không có dữ liệu mới.
[2025-10-07T11:14:17.201+0000] {logging_mixin.py:190} INFO - ⬇️ Bắt đầu xử lý symbol = PVC
[2025-10-07T11:14:17.281+0000] {logging_mixin.py:190} INFO - ⚠️ Không đọc được file cũ PVC: 'date'
[2025-10-07T11:14:17.319+0000] {logging_mixin.py:190} INFO - PVC: trích dữ liệu từ 2025-10-04 đến 2025-10-07
[2025-10-07T11:14:17.335+0000] {client.py:83} ERROR - API request failed: HTTPSConnectionPool(host='trading.vietcap.com.vn', port=443): Max retries exceeded with url: /api/chart/OHLCChart/gap (Caused by NameResolutionError("<urllib3.connection.HTTPSConnection object at 0x7e619e7c71a0>: Failed to resolve 'trading.vietcap.com.vn' ([Errno -2] Name or service not known)"))
[2025-10-07T11:14:19.344+0000] {client.py:83} ERROR - API request failed: HTTPSConnectionPool(host='trading.vietcap.com.vn', port=443): Max retries exceeded with url: /api/chart/OHLCChart/gap (Caused by NameResolutionError("<urllib3.connection.HTTPSConnection object at 0x7e619e7ed970>: Failed to resolve 'trading.vietcap.com.vn' ([Errno -2] Name or service not known)"))
[2025-10-07T11:14:21.356+0000] {client.py:83} ERROR - API request failed: HTTPSConnectionPool(host='trading.vietcap.com.vn', port=443): Max retries exceeded with url: /api/chart/OHLCChart/gap (Caused by NameResolutionError("<urllib3.connection.HTTPSConnection object at 0x7e619e7efb60>: Failed to resolve 'trading.vietcap.com.vn' ([Errno -2] Name or service not known)"))
[2025-10-07T11:14:21.359+0000] {logging_mixin.py:190} INFO - Không tìm thấy dữ liệu cho PVC
[2025-10-07T11:14:21.362+0000] {logging_mixin.py:190} INFO - ℹ️ PVC: Không có dữ liệu mới.
[2025-10-07T11:14:21.364+0000] {logging_mixin.py:190} INFO - ⬇️ Bắt đầu xử lý symbol = PVB
[2025-10-07T11:14:21.433+0000] {logging_mixin.py:190} INFO - ⚠️ Không đọc được file cũ PVB: 'date'
[2025-10-07T11:14:21.470+0000] {logging_mixin.py:190} INFO - PVB: trích dữ liệu từ 2025-10-04 đến 2025-10-07
[2025-10-07T11:14:21.488+0000] {client.py:83} ERROR - API request failed: HTTPSConnectionPool(host='trading.vietcap.com.vn', port=443): Max retries exceeded with url: /api/chart/OHLCChart/gap (Caused by NameResolutionError("<urllib3.connection.HTTPSConnection object at 0x7e619e7ed7c0>: Failed to resolve 'trading.vietcap.com.vn' ([Errno -2] Name or service not known)"))
[2025-10-07T11:14:23.504+0000] {client.py:83} ERROR - API request failed: HTTPSConnectionPool(host='trading.vietcap.com.vn', port=443): Max retries exceeded with url: /api/chart/OHLCChart/gap (Caused by NameResolutionError("<urllib3.connection.HTTPSConnection object at 0x7e619e7c7380>: Failed to resolve 'trading.vietcap.com.vn' ([Errno -2] Name or service not known)"))
[2025-10-07T11:14:25.512+0000] {client.py:83} ERROR - API request failed: HTTPSConnectionPool(host='trading.vietcap.com.vn', port=443): Max retries exceeded with url: /api/chart/OHLCChart/gap (Caused by NameResolutionError("<urllib3.connection.HTTPSConnection object at 0x7e619e7c6780>: Failed to resolve 'trading.vietcap.com.vn' ([Errno -2] Name or service not known)"))
[2025-10-07T11:14:25.513+0000] {logging_mixin.py:190} INFO - Không tìm thấy dữ liệu cho PVB
[2025-10-07T11:14:25.515+0000] {logging_mixin.py:190} INFO - ℹ️ PVB: Không có dữ liệu mới.
[2025-10-07T11:14:25.516+0000] {logging_mixin.py:190} INFO - ⬇️ Bắt đầu xử lý symbol = PVA
[2025-10-07T11:14:25.544+0000] {logging_mixin.py:190} INFO - ⚠️ Không đọc được file cũ PVA: 'date'
[2025-10-07T11:14:25.556+0000] {logging_mixin.py:190} INFO - PVA: trích dữ liệu từ 2024-07-26 đến 2025-10-07
[2025-10-07T11:14:25.562+0000] {client.py:83} ERROR - API request failed: HTTPSConnectionPool(host='trading.vietcap.com.vn', port=443): Max retries exceeded with url: /api/chart/OHLCChart/gap (Caused by NameResolutionError("<urllib3.connection.HTTPSConnection object at 0x7e619e786390>: Failed to resolve 'trading.vietcap.com.vn' ([Errno -2] Name or service not known)"))
[2025-10-07T11:14:27.577+0000] {client.py:83} ERROR - API request failed: HTTPSConnectionPool(host='trading.vietcap.com.vn', port=443): Max retries exceeded with url: /api/chart/OHLCChart/gap (Caused by NameResolutionError("<urllib3.connection.HTTPSConnection object at 0x7e619e7c7740>: Failed to resolve 'trading.vietcap.com.vn' ([Errno -2] Name or service not known)"))
[2025-10-07T11:14:29.594+0000] {client.py:83} ERROR - API request failed: HTTPSConnectionPool(host='trading.vietcap.com.vn', port=443): Max retries exceeded with url: /api/chart/OHLCChart/gap (Caused by NameResolutionError("<urllib3.connection.HTTPSConnection object at 0x7e619e7c4ef0>: Failed to resolve 'trading.vietcap.com.vn' ([Errno -2] Name or service not known)"))
[2025-10-07T11:14:29.597+0000] {logging_mixin.py:190} INFO - Không tìm thấy dữ liệu cho PVA
[2025-10-07T11:14:29.602+0000] {logging_mixin.py:190} INFO - ℹ️ PVA: Không có dữ liệu mới.
[2025-10-07T11:14:29.604+0000] {logging_mixin.py:190} INFO - 🚦 Giới hạn API đạt mức tối đa, chờ 39.2s...
[2025-10-07T11:15:09.095+0000] {logging_mixin.py:190} INFO - ⬇️ Bắt đầu xử lý symbol = PV2
[2025-10-07T11:15:09.159+0000] {logging_mixin.py:190} INFO - ⚠️ Không đọc được file cũ PV2: 'date'
[2025-10-07T11:15:09.189+0000] {logging_mixin.py:190} INFO - PV2: trích dữ liệu từ 2025-10-04 đến 2025-10-07
[2025-10-07T11:15:09.203+0000] {client.py:83} ERROR - API request failed: HTTPSConnectionPool(host='trading.vietcap.com.vn', port=443): Max retries exceeded with url: /api/chart/OHLCChart/gap (Caused by NameResolutionError("<urllib3.connection.HTTPSConnection object at 0x7e619e786390>: Failed to resolve 'trading.vietcap.com.vn' ([Errno -2] Name or service not known)"))
[2025-10-07T11:15:11.223+0000] {client.py:83} ERROR - API request failed: HTTPSConnectionPool(host='trading.vietcap.com.vn', port=443): Max retries exceeded with url: /api/chart/OHLCChart/gap (Caused by NameResolutionError("<urllib3.connection.HTTPSConnection object at 0x7e619e785400>: Failed to resolve 'trading.vietcap.com.vn' ([Errno -2] Name or service not known)"))
[2025-10-07T11:15:13.233+0000] {client.py:83} ERROR - API request failed: HTTPSConnectionPool(host='trading.vietcap.com.vn', port=443): Max retries exceeded with url: /api/chart/OHLCChart/gap (Caused by NameResolutionError("<urllib3.connection.HTTPSConnection object at 0x7e619e7852b0>: Failed to resolve 'trading.vietcap.com.vn' ([Errno -2] Name or service not known)"))
[2025-10-07T11:15:13.234+0000] {logging_mixin.py:190} INFO - Không tìm thấy dữ liệu cho PV2
[2025-10-07T11:15:13.237+0000] {logging_mixin.py:190} INFO - ℹ️ PV2: Không có dữ liệu mới.
[2025-10-07T11:15:13.238+0000] {logging_mixin.py:190} INFO - ⬇️ Bắt đầu xử lý symbol = PTX
[2025-10-07T11:15:13.277+0000] {logging_mixin.py:190} INFO - ⚠️ Không đọc được file cũ PTX: 'date'
[2025-10-07T11:15:13.291+0000] {logging_mixin.py:190} INFO - PTX: trích dữ liệu từ 2025-10-04 đến 2025-10-07
[2025-10-07T11:15:13.297+0000] {client.py:83} ERROR - API request failed: HTTPSConnectionPool(host='trading.vietcap.com.vn', port=443): Max retries exceeded with url: /api/chart/OHLCChart/gap (Caused by NameResolutionError("<urllib3.connection.HTTPSConnection object at 0x7e619e7873b0>: Failed to resolve 'trading.vietcap.com.vn' ([Errno -2] Name or service not known)"))
[2025-10-07T11:15:15.304+0000] {client.py:83} ERROR - API request failed: HTTPSConnectionPool(host='trading.vietcap.com.vn', port=443): Max retries exceeded with url: /api/chart/OHLCChart/gap (Caused by NameResolutionError("<urllib3.connection.HTTPSConnection object at 0x7e619e786570>: Failed to resolve 'trading.vietcap.com.vn' ([Errno -2] Name or service not known)"))
[2025-10-07T11:15:17.321+0000] {client.py:83} ERROR - API request failed: HTTPSConnectionPool(host='trading.vietcap.com.vn', port=443): Max retries exceeded with url: /api/chart/OHLCChart/gap (Caused by NameResolutionError("<urllib3.connection.HTTPSConnection object at 0x7e619e853a70>: Failed to resolve 'trading.vietcap.com.vn' ([Errno -2] Name or service not known)"))
[2025-10-07T11:15:17.325+0000] {logging_mixin.py:190} INFO - Không tìm thấy dữ liệu cho PTX
[2025-10-07T11:15:17.331+0000] {logging_mixin.py:190} INFO - ℹ️ PTX: Không có dữ liệu mới.
[2025-10-07T11:15:17.332+0000] {logging_mixin.py:190} INFO - ⬇️ Bắt đầu xử lý symbol = PTV
[2025-10-07T11:15:17.419+0000] {logging_mixin.py:190} INFO - ⚠️ Không đọc được file cũ PTV: 'date'
[2025-10-07T11:15:17.459+0000] {logging_mixin.py:190} INFO - PTV: trích dữ liệu từ 2025-10-04 đến 2025-10-07
[2025-10-07T11:15:17.477+0000] {client.py:83} ERROR - API request failed: HTTPSConnectionPool(host='trading.vietcap.com.vn', port=443): Max retries exceeded with url: /api/chart/OHLCChart/gap (Caused by NameResolutionError("<urllib3.connection.HTTPSConnection object at 0x7e619e7efd40>: Failed to resolve 'trading.vietcap.com.vn' ([Errno -2] Name or service not known)"))
[2025-10-07T11:15:19.485+0000] {client.py:83} ERROR - API request failed: HTTPSConnectionPool(host='trading.vietcap.com.vn', port=443): Max retries exceeded with url: /api/chart/OHLCChart/gap (Caused by NameResolutionError("<urllib3.connection.HTTPSConnection object at 0x7e619e786390>: Failed to resolve 'trading.vietcap.com.vn' ([Errno -2] Name or service not known)"))
[2025-10-07T11:15:21.499+0000] {client.py:83} ERROR - API request failed: HTTPSConnectionPool(host='trading.vietcap.com.vn', port=443): Max retries exceeded with url: /api/chart/OHLCChart/gap (Caused by NameResolutionError("<urllib3.connection.HTTPSConnection object at 0x7e619e787ce0>: Failed to resolve 'trading.vietcap.com.vn' ([Errno -2] Name or service not known)"))
[2025-10-07T11:15:21.502+0000] {logging_mixin.py:190} INFO - Không tìm thấy dữ liệu cho PTV
[2025-10-07T11:15:21.507+0000] {logging_mixin.py:190} INFO - ℹ️ PTV: Không có dữ liệu mới.
[2025-10-07T11:15:21.509+0000] {logging_mixin.py:190} INFO - ⬇️ Bắt đầu xử lý symbol = PTT
[2025-10-07T11:15:21.588+0000] {logging_mixin.py:190} INFO - ⚠️ Không đọc được file cũ PTT: 'date'
[2025-10-07T11:15:21.627+0000] {logging_mixin.py:190} INFO - PTT: trích dữ liệu từ 2025-10-04 đến 2025-10-07
[2025-10-07T11:15:21.644+0000] {client.py:83} ERROR - API request failed: HTTPSConnectionPool(host='trading.vietcap.com.vn', port=443): Max retries exceeded with url: /api/chart/OHLCChart/gap (Caused by NameResolutionError("<urllib3.connection.HTTPSConnection object at 0x7e619e83da00>: Failed to resolve 'trading.vietcap.com.vn' ([Errno -2] Name or service not known)"))
[2025-10-07T11:15:23.660+0000] {client.py:83} ERROR - API request failed: HTTPSConnectionPool(host='trading.vietcap.com.vn', port=443): Max retries exceeded with url: /api/chart/OHLCChart/gap (Caused by NameResolutionError("<urllib3.connection.HTTPSConnection object at 0x7e619e83e810>: Failed to resolve 'trading.vietcap.com.vn' ([Errno -2] Name or service not known)"))
[2025-10-07T11:15:25.679+0000] {client.py:83} ERROR - API request failed: HTTPSConnectionPool(host='trading.vietcap.com.vn', port=443): Max retries exceeded with url: /api/chart/OHLCChart/gap (Caused by NameResolutionError("<urllib3.connection.HTTPSConnection object at 0x7e619e7eff20>: Failed to resolve 'trading.vietcap.com.vn' ([Errno -2] Name or service not known)"))
[2025-10-07T11:15:25.683+0000] {logging_mixin.py:190} INFO - Không tìm thấy dữ liệu cho PTT
[2025-10-07T11:15:25.691+0000] {logging_mixin.py:190} INFO - ℹ️ PTT: Không có dữ liệu mới.
[2025-10-07T11:15:25.693+0000] {logging_mixin.py:190} INFO - ⬇️ Bắt đầu xử lý symbol = PTS
[2025-10-07T11:15:25.758+0000] {logging_mixin.py:190} INFO - ⚠️ Không đọc được file cũ PTS: 'date'
[2025-10-07T11:15:25.775+0000] {logging_mixin.py:190} INFO - PTS: trích dữ liệu từ 2025-10-03 đến 2025-10-07
[2025-10-07T11:15:25.784+0000] {client.py:83} ERROR - API request failed: HTTPSConnectionPool(host='trading.vietcap.com.vn', port=443): Max retries exceeded with url: /api/chart/OHLCChart/gap (Caused by NameResolutionError("<urllib3.connection.HTTPSConnection object at 0x7e619e83d910>: Failed to resolve 'trading.vietcap.com.vn' ([Errno -2] Name or service not known)"))
[2025-10-07T11:15:27.797+0000] {client.py:83} ERROR - API request failed: HTTPSConnectionPool(host='trading.vietcap.com.vn', port=443): Max retries exceeded with url: /api/chart/OHLCChart/gap (Caused by NameResolutionError("<urllib3.connection.HTTPSConnection object at 0x7e619e83c170>: Failed to resolve 'trading.vietcap.com.vn' ([Errno -2] Name or service not known)"))
[2025-10-07T11:15:29.808+0000] {client.py:83} ERROR - API request failed: HTTPSConnectionPool(host='trading.vietcap.com.vn', port=443): Max retries exceeded with url: /api/chart/OHLCChart/gap (Caused by NameResolutionError("<urllib3.connection.HTTPSConnection object at 0x7e619e83fd10>: Failed to resolve 'trading.vietcap.com.vn' ([Errno -2] Name or service not known)"))
[2025-10-07T11:15:29.810+0000] {logging_mixin.py:190} INFO - Không tìm thấy dữ liệu cho PTS
[2025-10-07T11:15:29.813+0000] {logging_mixin.py:190} INFO - ℹ️ PTS: Không có dữ liệu mới.
[2025-10-07T11:15:29.814+0000] {logging_mixin.py:190} INFO - 🚦 Giới hạn API đạt mức tối đa, chờ 39.3s...
[2025-10-07T11:16:09.286+0000] {logging_mixin.py:190} INFO - ⬇️ Bắt đầu xử lý symbol = PTP
[2025-10-07T11:16:09.314+0000] {logging_mixin.py:190} INFO - ⚠️ Không đọc được file cũ PTP: 'date'
[2025-10-07T11:16:09.329+0000] {logging_mixin.py:190} INFO - PTP: trích dữ liệu từ 2025-10-04 đến 2025-10-07
[2025-10-07T11:16:09.336+0000] {client.py:83} ERROR - API request failed: HTTPSConnectionPool(host='trading.vietcap.com.vn', port=443): Max retries exceeded with url: /api/chart/OHLCChart/gap (Caused by NameResolutionError("<urllib3.connection.HTTPSConnection object at 0x7e619e83d2b0>: Failed to resolve 'trading.vietcap.com.vn' ([Errno -2] Name or service not known)"))
[2025-10-07T11:16:11.354+0000] {client.py:83} ERROR - API request failed: HTTPSConnectionPool(host='trading.vietcap.com.vn', port=443): Max retries exceeded with url: /api/chart/OHLCChart/gap (Caused by NameResolutionError("<urllib3.connection.HTTPSConnection object at 0x7e619e83e8d0>: Failed to resolve 'trading.vietcap.com.vn' ([Errno -2] Name or service not known)"))
[2025-10-07T11:16:13.402+0000] {client.py:83} ERROR - API request failed: HTTPSConnectionPool(host='trading.vietcap.com.vn', port=443): Max retries exceeded with url: /api/chart/OHLCChart/gap (Caused by NameResolutionError("<urllib3.connection.HTTPSConnection object at 0x7e619e943bc0>: Failed to resolve 'trading.vietcap.com.vn' ([Errno -2] Name or service not known)"))
[2025-10-07T11:16:13.404+0000] {logging_mixin.py:190} INFO - Không tìm thấy dữ liệu cho PTP
[2025-10-07T11:16:13.408+0000] {logging_mixin.py:190} INFO - ℹ️ PTP: Không có dữ liệu mới.
[2025-10-07T11:16:13.409+0000] {logging_mixin.py:190} INFO - ⬇️ Bắt đầu xử lý symbol = PTO
[2025-10-07T11:16:13.449+0000] {logging_mixin.py:190} INFO - ⚠️ Không đọc được file cũ PTO: 'date'
[2025-10-07T11:16:13.461+0000] {logging_mixin.py:190} INFO - PTO: trích dữ liệu từ 2025-10-04 đến 2025-10-07
[2025-10-07T11:16:13.471+0000] {client.py:83} ERROR - API request failed: HTTPSConnectionPool(host='trading.vietcap.com.vn', port=443): Max retries exceeded with url: /api/chart/OHLCChart/gap (Caused by NameResolutionError("<urllib3.connection.HTTPSConnection object at 0x7e619e943f50>: Failed to resolve 'trading.vietcap.com.vn' ([Errno -2] Name or service not known)"))
[2025-10-07T11:16:15.486+0000] {client.py:83} ERROR - API request failed: HTTPSConnectionPool(host='trading.vietcap.com.vn', port=443): Max retries exceeded with url: /api/chart/OHLCChart/gap (Caused by NameResolutionError("<urllib3.connection.HTTPSConnection object at 0x7e619e83cef0>: Failed to resolve 'trading.vietcap.com.vn' ([Errno -2] Name or service not known)"))
[2025-10-07T11:16:17.504+0000] {client.py:83} ERROR - API request failed: HTTPSConnectionPool(host='trading.vietcap.com.vn', port=443): Max retries exceeded with url: /api/chart/OHLCChart/gap (Caused by NameResolutionError("<urllib3.connection.HTTPSConnection object at 0x7e619e83d8e0>: Failed to resolve 'trading.vietcap.com.vn' ([Errno -2] Name or service not known)"))
[2025-10-07T11:16:17.507+0000] {logging_mixin.py:190} INFO - Không tìm thấy dữ liệu cho PTO
[2025-10-07T11:16:17.512+0000] {logging_mixin.py:190} INFO - ℹ️ PTO: Không có dữ liệu mới.
[2025-10-07T11:16:17.514+0000] {logging_mixin.py:190} INFO - ⬇️ Bắt đầu xử lý symbol = PTN
[2025-10-07T11:16:17.591+0000] {logging_mixin.py:190} INFO - ⚠️ Không đọc được file cũ PTN: 'date'
[2025-10-07T11:16:17.624+0000] {logging_mixin.py:190} INFO - PTN: trích dữ liệu từ 2023-12-07 đến 2025-10-07
[2025-10-07T11:16:17.642+0000] {client.py:83} ERROR - API request failed: HTTPSConnectionPool(host='trading.vietcap.com.vn', port=443): Max retries exceeded with url: /api/chart/OHLCChart/gap (Caused by NameResolutionError("<urllib3.connection.HTTPSConnection object at 0x7e619e83cd40>: Failed to resolve 'trading.vietcap.com.vn' ([Errno -2] Name or service not known)"))
[2025-10-07T11:16:19.659+0000] {client.py:83} ERROR - API request failed: HTTPSConnectionPool(host='trading.vietcap.com.vn', port=443): Max retries exceeded with url: /api/chart/OHLCChart/gap (Caused by NameResolutionError("<urllib3.connection.HTTPSConnection object at 0x7e619e8906e0>: Failed to resolve 'trading.vietcap.com.vn' ([Errno -2] Name or service not known)"))
[2025-10-07T11:16:21.931+0000] {client.py:83} ERROR - API request failed: HTTPSConnectionPool(host='trading.vietcap.com.vn', port=443): Max retries exceeded with url: /api/chart/OHLCChart/gap (Caused by NameResolutionError("<urllib3.connection.HTTPSConnection object at 0x7e619e83c620>: Failed to resolve 'trading.vietcap.com.vn' ([Errno -2] Name or service not known)"))
[2025-10-07T11:16:21.932+0000] {logging_mixin.py:190} INFO - Không tìm thấy dữ liệu cho PTN
[2025-10-07T11:16:21.936+0000] {logging_mixin.py:190} INFO - ℹ️ PTN: Không có dữ liệu mới.
[2025-10-07T11:16:21.937+0000] {logging_mixin.py:190} INFO - ⬇️ Bắt đầu xử lý symbol = PTM
[2025-10-07T11:16:21.963+0000] {logging_mixin.py:190} INFO - ⚠️ Không đọc được file cũ PTM: 'date'
[2025-10-07T11:16:21.977+0000] {logging_mixin.py:190} INFO - PTM: trích dữ liệu từ 2025-10-04 đến 2025-10-07
[2025-10-07T11:16:21.984+0000] {client.py:83} ERROR - API request failed: HTTPSConnectionPool(host='trading.vietcap.com.vn', port=443): Max retries exceeded with url: /api/chart/OHLCChart/gap (Caused by NameResolutionError("<urllib3.connection.HTTPSConnection object at 0x7e619e7873b0>: Failed to resolve 'trading.vietcap.com.vn' ([Errno -2] Name or service not known)"))
[2025-10-07T11:16:23.998+0000] {client.py:83} ERROR - API request failed: HTTPSConnectionPool(host='trading.vietcap.com.vn', port=443): Max retries exceeded with url: /api/chart/OHLCChart/gap (Caused by NameResolutionError("<urllib3.connection.HTTPSConnection object at 0x7e619e787b00>: Failed to resolve 'trading.vietcap.com.vn' ([Errno -2] Name or service not known)"))
[2025-10-07T11:16:26.018+0000] {client.py:83} ERROR - API request failed: HTTPSConnectionPool(host='trading.vietcap.com.vn', port=443): Max retries exceeded with url: /api/chart/OHLCChart/gap (Caused by NameResolutionError("<urllib3.connection.HTTPSConnection object at 0x7e619e943380>: Failed to resolve 'trading.vietcap.com.vn' ([Errno -2] Name or service not known)"))
[2025-10-07T11:16:26.021+0000] {logging_mixin.py:190} INFO - Không tìm thấy dữ liệu cho PTM
[2025-10-07T11:16:26.033+0000] {logging_mixin.py:190} INFO - ℹ️ PTM: Không có dữ liệu mới.
[2025-10-07T11:16:26.035+0000] {logging_mixin.py:190} INFO - ⬇️ Bắt đầu xử lý symbol = PTL
[2025-10-07T11:16:26.111+0000] {logging_mixin.py:190} INFO - ⚠️ Không đọc được file cũ PTL: 'date'
[2025-10-07T11:16:26.149+0000] {logging_mixin.py:190} INFO - PTL: trích dữ liệu từ 2025-10-04 đến 2025-10-07
[2025-10-07T11:16:26.166+0000] {client.py:83} ERROR - API request failed: HTTPSConnectionPool(host='trading.vietcap.com.vn', port=443): Max retries exceeded with url: /api/chart/OHLCChart/gap (Caused by NameResolutionError("<urllib3.connection.HTTPSConnection object at 0x7e619e83c560>: Failed to resolve 'trading.vietcap.com.vn' ([Errno -2] Name or service not known)"))
[2025-10-07T11:16:28.177+0000] {client.py:83} ERROR - API request failed: HTTPSConnectionPool(host='trading.vietcap.com.vn', port=443): Max retries exceeded with url: /api/chart/OHLCChart/gap (Caused by NameResolutionError("<urllib3.connection.HTTPSConnection object at 0x7e619e785130>: Failed to resolve 'trading.vietcap.com.vn' ([Errno -2] Name or service not known)"))
[2025-10-07T11:16:30.193+0000] {client.py:83} ERROR - API request failed: HTTPSConnectionPool(host='trading.vietcap.com.vn', port=443): Max retries exceeded with url: /api/chart/OHLCChart/gap (Caused by NameResolutionError("<urllib3.connection.HTTPSConnection object at 0x7e619e7846b0>: Failed to resolve 'trading.vietcap.com.vn' ([Errno -2] Name or service not known)"))
[2025-10-07T11:16:30.197+0000] {logging_mixin.py:190} INFO - Không tìm thấy dữ liệu cho PTL
[2025-10-07T11:16:30.202+0000] {logging_mixin.py:190} INFO - ℹ️ PTL: Không có dữ liệu mới.
[2025-10-07T11:16:30.204+0000] {logging_mixin.py:190} INFO - 🚦 Giới hạn API đạt mức tối đa, chờ 39.1s...
[2025-10-07T11:17:09.389+0000] {logging_mixin.py:190} INFO - ⬇️ Bắt đầu xử lý symbol = PTI
[2025-10-07T11:17:09.461+0000] {logging_mixin.py:190} INFO - ⚠️ Không đọc được file cũ PTI: 'date'
[2025-10-07T11:17:09.500+0000] {logging_mixin.py:190} INFO - PTI: trích dữ liệu từ 2025-10-03 đến 2025-10-07
[2025-10-07T11:17:09.517+0000] {client.py:83} ERROR - API request failed: HTTPSConnectionPool(host='trading.vietcap.com.vn', port=443): Max retries exceeded with url: /api/chart/OHLCChart/gap (Caused by NameResolutionError("<urllib3.connection.HTTPSConnection object at 0x7e619e7c6b10>: Failed to resolve 'trading.vietcap.com.vn' ([Errno -2] Name or service not known)"))
[2025-10-07T11:17:11.525+0000] {client.py:83} ERROR - API request failed: HTTPSConnectionPool(host='trading.vietcap.com.vn', port=443): Max retries exceeded with url: /api/chart/OHLCChart/gap (Caused by NameResolutionError("<urllib3.connection.HTTPSConnection object at 0x7e619e7c5a30>: Failed to resolve 'trading.vietcap.com.vn' ([Errno -2] Name or service not known)"))
[2025-10-07T11:17:13.540+0000] {client.py:83} ERROR - API request failed: HTTPSConnectionPool(host='trading.vietcap.com.vn', port=443): Max retries exceeded with url: /api/chart/OHLCChart/gap (Caused by NameResolutionError("<urllib3.connection.HTTPSConnection object at 0x7e619e9bda00>: Failed to resolve 'trading.vietcap.com.vn' ([Errno -2] Name or service not known)"))
[2025-10-07T11:17:13.544+0000] {logging_mixin.py:190} INFO - Không tìm thấy dữ liệu cho PTI
[2025-10-07T11:17:13.548+0000] {logging_mixin.py:190} INFO - ℹ️ PTI: Không có dữ liệu mới.
[2025-10-07T11:17:13.551+0000] {logging_mixin.py:190} INFO - ⬇️ Bắt đầu xử lý symbol = PTH
[2025-10-07T11:17:13.639+0000] {logging_mixin.py:190} INFO - ⚠️ Không đọc được file cũ PTH: 'date'
[2025-10-07T11:17:13.677+0000] {logging_mixin.py:190} INFO - PTH: trích dữ liệu từ 2025-06-07 đến 2025-10-07
[2025-10-07T11:17:13.694+0000] {client.py:83} ERROR - API request failed: HTTPSConnectionPool(host='trading.vietcap.com.vn', port=443): Max retries exceeded with url: /api/chart/OHLCChart/gap (Caused by NameResolutionError("<urllib3.connection.HTTPSConnection object at 0x7e619e7c55b0>: Failed to resolve 'trading.vietcap.com.vn' ([Errno -2] Name or service not known)"))
[2025-10-07T11:17:15.711+0000] {client.py:83} ERROR - API request failed: HTTPSConnectionPool(host='trading.vietcap.com.vn', port=443): Max retries exceeded with url: /api/chart/OHLCChart/gap (Caused by NameResolutionError("<urllib3.connection.HTTPSConnection object at 0x7e619e7c66c0>: Failed to resolve 'trading.vietcap.com.vn' ([Errno -2] Name or service not known)"))
[2025-10-07T11:17:17.730+0000] {client.py:83} ERROR - API request failed: HTTPSConnectionPool(host='trading.vietcap.com.vn', port=443): Max retries exceeded with url: /api/chart/OHLCChart/gap (Caused by NameResolutionError("<urllib3.connection.HTTPSConnection object at 0x7e619e7efce0>: Failed to resolve 'trading.vietcap.com.vn' ([Errno -2] Name or service not known)"))
[2025-10-07T11:17:17.733+0000] {logging_mixin.py:190} INFO - Không tìm thấy dữ liệu cho PTH
[2025-10-07T11:17:17.739+0000] {logging_mixin.py:190} INFO - ℹ️ PTH: Không có dữ liệu mới.
[2025-10-07T11:17:17.741+0000] {logging_mixin.py:190} INFO - ⬇️ Bắt đầu xử lý symbol = PTG
[2025-10-07T11:17:17.823+0000] {logging_mixin.py:190} INFO - ⚠️ Không đọc được file cũ PTG: 'date'
[2025-10-07T11:17:17.866+0000] {logging_mixin.py:190} INFO - PTG: trích dữ liệu từ 2025-05-28 đến 2025-10-07
[2025-10-07T11:17:17.883+0000] {client.py:83} ERROR - API request failed: HTTPSConnectionPool(host='trading.vietcap.com.vn', port=443): Max retries exceeded with url: /api/chart/OHLCChart/gap (Caused by NameResolutionError("<urllib3.connection.HTTPSConnection object at 0x7e619e7c7bf0>: Failed to resolve 'trading.vietcap.com.vn' ([Errno -2] Name or service not known)"))
[2025-10-07T11:17:19.942+0000] {client.py:83} ERROR - API request failed: HTTPSConnectionPool(host='trading.vietcap.com.vn', port=443): Max retries exceeded with url: /api/chart/OHLCChart/gap (Caused by NameResolutionError("<urllib3.connection.HTTPSConnection object at 0x7e619e7c7bc0>: Failed to resolve 'trading.vietcap.com.vn' ([Errno -2] Name or service not known)"))
[2025-10-07T11:17:21.960+0000] {client.py:83} ERROR - API request failed: HTTPSConnectionPool(host='trading.vietcap.com.vn', port=443): Max retries exceeded with url: /api/chart/OHLCChart/gap (Caused by NameResolutionError("<urllib3.connection.HTTPSConnection object at 0x7e619e7eca10>: Failed to resolve 'trading.vietcap.com.vn' ([Errno -2] Name or service not known)"))
[2025-10-07T11:17:21.963+0000] {logging_mixin.py:190} INFO - Không tìm thấy dữ liệu cho PTG
[2025-10-07T11:17:21.967+0000] {logging_mixin.py:190} INFO - ℹ️ PTG: Không có dữ liệu mới.
[2025-10-07T11:17:21.969+0000] {logging_mixin.py:190} INFO - ⬇️ Bắt đầu xử lý symbol = PTE
[2025-10-07T11:17:22.054+0000] {logging_mixin.py:190} INFO - ⚠️ Không đọc được file cũ PTE: 'date'
[2025-10-07T11:17:22.093+0000] {logging_mixin.py:190} INFO - PTE: trích dữ liệu từ 2025-08-09 đến 2025-10-07
[2025-10-07T11:17:22.111+0000] {client.py:83} ERROR - API request failed: HTTPSConnectionPool(host='trading.vietcap.com.vn', port=443): Max retries exceeded with url: /api/chart/OHLCChart/gap (Caused by NameResolutionError("<urllib3.connection.HTTPSConnection object at 0x7e619e7ec4a0>: Failed to resolve 'trading.vietcap.com.vn' ([Errno -2] Name or service not known)"))
[2025-10-07T11:17:24.121+0000] {client.py:83} ERROR - API request failed: HTTPSConnectionPool(host='trading.vietcap.com.vn', port=443): Max retries exceeded with url: /api/chart/OHLCChart/gap (Caused by NameResolutionError("<urllib3.connection.HTTPSConnection object at 0x7e619e7c69c0>: Failed to resolve 'trading.vietcap.com.vn' ([Errno -2] Name or service not known)"))
[2025-10-07T11:17:26.135+0000] {client.py:83} ERROR - API request failed: HTTPSConnectionPool(host='trading.vietcap.com.vn', port=443): Max retries exceeded with url: /api/chart/OHLCChart/gap (Caused by NameResolutionError("<urllib3.connection.HTTPSConnection object at 0x7e619e7c42f0>: Failed to resolve 'trading.vietcap.com.vn' ([Errno -2] Name or service not known)"))
[2025-10-07T11:17:26.138+0000] {logging_mixin.py:190} INFO - Không tìm thấy dữ liệu cho PTE
[2025-10-07T11:17:26.147+0000] {logging_mixin.py:190} INFO - ℹ️ PTE: Không có dữ liệu mới.
[2025-10-07T11:17:26.149+0000] {logging_mixin.py:190} INFO - ⬇️ Bắt đầu xử lý symbol = PTD
[2025-10-07T11:17:26.198+0000] {logging_mixin.py:190} INFO - ⚠️ Không đọc được file cũ PTD: 'date'
[2025-10-07T11:17:26.214+0000] {logging_mixin.py:190} INFO - PTD: trích dữ liệu từ 2025-09-26 đến 2025-10-07
[2025-10-07T11:17:26.223+0000] {client.py:83} ERROR - API request failed: HTTPSConnectionPool(host='trading.vietcap.com.vn', port=443): Max retries exceeded with url: /api/chart/OHLCChart/gap (Caused by NameResolutionError("<urllib3.connection.HTTPSConnection object at 0x7e619e7ee7e0>: Failed to resolve 'trading.vietcap.com.vn' ([Errno -2] Name or service not known)"))
[2025-10-07T11:17:28.240+0000] {client.py:83} ERROR - API request failed: HTTPSConnectionPool(host='trading.vietcap.com.vn', port=443): Max retries exceeded with url: /api/chart/OHLCChart/gap (Caused by NameResolutionError("<urllib3.connection.HTTPSConnection object at 0x7e619e7ec1a0>: Failed to resolve 'trading.vietcap.com.vn' ([Errno -2] Name or service not known)"))
[2025-10-07T11:17:30.259+0000] {client.py:83} ERROR - API request failed: HTTPSConnectionPool(host='trading.vietcap.com.vn', port=443): Max retries exceeded with url: /api/chart/OHLCChart/gap (Caused by NameResolutionError("<urllib3.connection.HTTPSConnection object at 0x7e619e7efc80>: Failed to resolve 'trading.vietcap.com.vn' ([Errno -2] Name or service not known)"))
[2025-10-07T11:17:30.262+0000] {logging_mixin.py:190} INFO - Không tìm thấy dữ liệu cho PTD
[2025-10-07T11:17:30.266+0000] {logging_mixin.py:190} INFO - ℹ️ PTD: Không có dữ liệu mới.
[2025-10-07T11:17:30.268+0000] {logging_mixin.py:190} INFO - 🚦 Giới hạn API đạt mức tối đa, chờ 39.1s...
[2025-10-07T11:18:09.459+0000] {logging_mixin.py:190} INFO - ⬇️ Bắt đầu xử lý symbol = PTC
[2025-10-07T11:18:09.539+0000] {logging_mixin.py:190} INFO - ⚠️ Không đọc được file cũ PTC: 'date'
[2025-10-07T11:18:09.578+0000] {logging_mixin.py:190} INFO - PTC: trích dữ liệu từ 2025-10-04 đến 2025-10-07
[2025-10-07T11:18:09.594+0000] {client.py:83} ERROR - API request failed: HTTPSConnectionPool(host='trading.vietcap.com.vn', port=443): Max retries exceeded with url: /api/chart/OHLCChart/gap (Caused by NameResolutionError("<urllib3.connection.HTTPSConnection object at 0x7e619e784920>: Failed to resolve 'trading.vietcap.com.vn' ([Errno -2] Name or service not known)"))
[2025-10-07T11:18:11.611+0000] {client.py:83} ERROR - API request failed: HTTPSConnectionPool(host='trading.vietcap.com.vn', port=443): Max retries exceeded with url: /api/chart/OHLCChart/gap (Caused by NameResolutionError("<urllib3.connection.HTTPSConnection object at 0x7e619dea0710>: Failed to resolve 'trading.vietcap.com.vn' ([Errno -2] Name or service not known)"))
[2025-10-07T11:18:13.637+0000] {client.py:83} ERROR - API request failed: HTTPSConnectionPool(host='trading.vietcap.com.vn', port=443): Max retries exceeded with url: /api/chart/OHLCChart/gap (Caused by NameResolutionError("<urllib3.connection.HTTPSConnection object at 0x7e619dea1280>: Failed to resolve 'trading.vietcap.com.vn' ([Errno -2] Name or service not known)"))
[2025-10-07T11:18:13.644+0000] {logging_mixin.py:190} INFO - Không tìm thấy dữ liệu cho PTC
[2025-10-07T11:18:13.651+0000] {logging_mixin.py:190} INFO - ℹ️ PTC: Không có dữ liệu mới.
[2025-10-07T11:18:13.654+0000] {logging_mixin.py:190} INFO - ⬇️ Bắt đầu xử lý symbol = PTB
[2025-10-07T11:18:13.746+0000] {logging_mixin.py:190} INFO - ⚠️ Không đọc được file cũ PTB: 'date'
[2025-10-07T11:18:13.772+0000] {logging_mixin.py:190} INFO - PTB: trích dữ liệu từ 2025-10-04 đến 2025-10-07
[2025-10-07T11:18:13.786+0000] {client.py:83} ERROR - API request failed: HTTPSConnectionPool(host='trading.vietcap.com.vn', port=443): Max retries exceeded with url: /api/chart/OHLCChart/gap (Caused by NameResolutionError("<urllib3.connection.HTTPSConnection object at 0x7e619e7c5a90>: Failed to resolve 'trading.vietcap.com.vn' ([Errno -2] Name or service not known)"))
[2025-10-07T11:18:15.794+0000] {client.py:83} ERROR - API request failed: HTTPSConnectionPool(host='trading.vietcap.com.vn', port=443): Max retries exceeded with url: /api/chart/OHLCChart/gap (Caused by NameResolutionError("<urllib3.connection.HTTPSConnection object at 0x7e619dea1b50>: Failed to resolve 'trading.vietcap.com.vn' ([Errno -2] Name or service not known)"))
[2025-10-07T11:18:17.806+0000] {client.py:83} ERROR - API request failed: HTTPSConnectionPool(host='trading.vietcap.com.vn', port=443): Max retries exceeded with url: /api/chart/OHLCChart/gap (Caused by NameResolutionError("<urllib3.connection.HTTPSConnection object at 0x7e619dea0d70>: Failed to resolve 'trading.vietcap.com.vn' ([Errno -2] Name or service not known)"))
[2025-10-07T11:18:17.808+0000] {logging_mixin.py:190} INFO - Không tìm thấy dữ liệu cho PTB
[2025-10-07T11:18:17.811+0000] {logging_mixin.py:190} INFO - ℹ️ PTB: Không có dữ liệu mới.
[2025-10-07T11:18:17.813+0000] {logging_mixin.py:190} INFO - ⬇️ Bắt đầu xử lý symbol = PSW
[2025-10-07T11:18:17.870+0000] {logging_mixin.py:190} INFO - ⚠️ Không đọc được file cũ PSW: 'date'
[2025-10-07T11:18:17.893+0000] {logging_mixin.py:190} INFO - PSW: trích dữ liệu từ 2025-10-04 đến 2025-10-07
[2025-10-07T11:18:17.907+0000] {client.py:83} ERROR - API request failed: HTTPSConnectionPool(host='trading.vietcap.com.vn', port=443): Max retries exceeded with url: /api/chart/OHLCChart/gap (Caused by NameResolutionError("<urllib3.connection.HTTPSConnection object at 0x7e619dea2990>: Failed to resolve 'trading.vietcap.com.vn' ([Errno -2] Name or service not known)"))
[2025-10-07T11:18:19.920+0000] {client.py:83} ERROR - API request failed: HTTPSConnectionPool(host='trading.vietcap.com.vn', port=443): Max retries exceeded with url: /api/chart/OHLCChart/gap (Caused by NameResolutionError("<urllib3.connection.HTTPSConnection object at 0x7e619e7ed100>: Failed to resolve 'trading.vietcap.com.vn' ([Errno -2] Name or service not known)"))
[2025-10-07T11:18:21.937+0000] {client.py:83} ERROR - API request failed: HTTPSConnectionPool(host='trading.vietcap.com.vn', port=443): Max retries exceeded with url: /api/chart/OHLCChart/gap (Caused by NameResolutionError("<urllib3.connection.HTTPSConnection object at 0x7e619e784f20>: Failed to resolve 'trading.vietcap.com.vn' ([Errno -2] Name or service not known)"))
[2025-10-07T11:18:21.940+0000] {logging_mixin.py:190} INFO - Không tìm thấy dữ liệu cho PSW
[2025-10-07T11:18:21.945+0000] {logging_mixin.py:190} INFO - ℹ️ PSW: Không có dữ liệu mới.
[2025-10-07T11:18:21.947+0000] {logging_mixin.py:190} INFO - 🚦 Giới hạn API đạt mức tối đa, chờ 0.0s...
[2025-10-07T11:18:21.972+0000] {logging_mixin.py:190} INFO - ⬇️ Bắt đầu xử lý symbol = PSP
[2025-10-07T11:18:22.063+0000] {logging_mixin.py:190} INFO - ⚠️ Không đọc được file cũ PSP: 'date'
[2025-10-07T11:18:22.102+0000] {logging_mixin.py:190} INFO - PSP: trích dữ liệu từ 2025-09-30 đến 2025-10-07
[2025-10-07T11:18:22.121+0000] {client.py:83} ERROR - API request failed: HTTPSConnectionPool(host='trading.vietcap.com.vn', port=443): Max retries exceeded with url: /api/chart/OHLCChart/gap (Caused by NameResolutionError("<urllib3.connection.HTTPSConnection object at 0x7e619dea2b70>: Failed to resolve 'trading.vietcap.com.vn' ([Errno -2] Name or service not known)"))
[2025-10-07T11:18:24.138+0000] {client.py:83} ERROR - API request failed: HTTPSConnectionPool(host='trading.vietcap.com.vn', port=443): Max retries exceeded with url: /api/chart/OHLCChart/gap (Caused by NameResolutionError("<urllib3.connection.HTTPSConnection object at 0x7e619dea3650>: Failed to resolve 'trading.vietcap.com.vn' ([Errno -2] Name or service not known)"))
[2025-10-07T11:18:26.153+0000] {client.py:83} ERROR - API request failed: HTTPSConnectionPool(host='trading.vietcap.com.vn', port=443): Max retries exceeded with url: /api/chart/OHLCChart/gap (Caused by NameResolutionError("<urllib3.connection.HTTPSConnection object at 0x7e619e7ec230>: Failed to resolve 'trading.vietcap.com.vn' ([Errno -2] Name or service not known)"))
[2025-10-07T11:18:26.276+0000] {logging_mixin.py:190} INFO - Không tìm thấy dữ liệu cho PSP
[2025-10-07T11:18:26.285+0000] {logging_mixin.py:190} INFO - ℹ️ PSP: Không có dữ liệu mới.
[2025-10-07T11:18:26.286+0000] {logging_mixin.py:190} INFO - ⬇️ Bắt đầu xử lý symbol = PSN
[2025-10-07T11:18:26.322+0000] {logging_mixin.py:190} INFO - ⚠️ Không đọc được file cũ PSN: 'date'
[2025-10-07T11:18:26.338+0000] {logging_mixin.py:190} INFO - PSN: trích dữ liệu từ 2025-10-03 đến 2025-10-07
[2025-10-07T11:18:26.346+0000] {client.py:83} ERROR - API request failed: HTTPSConnectionPool(host='trading.vietcap.com.vn', port=443): Max retries exceeded with url: /api/chart/OHLCChart/gap (Caused by NameResolutionError("<urllib3.connection.HTTPSConnection object at 0x7e619e7ecc80>: Failed to resolve 'trading.vietcap.com.vn' ([Errno -2] Name or service not known)"))
[2025-10-07T11:18:28.360+0000] {client.py:83} ERROR - API request failed: HTTPSConnectionPool(host='trading.vietcap.com.vn', port=443): Max retries exceeded with url: /api/chart/OHLCChart/gap (Caused by NameResolutionError("<urllib3.connection.HTTPSConnection object at 0x7e619e83d2b0>: Failed to resolve 'trading.vietcap.com.vn' ([Errno -2] Name or service not known)"))
[2025-10-07T11:18:30.378+0000] {client.py:83} ERROR - API request failed: HTTPSConnectionPool(host='trading.vietcap.com.vn', port=443): Max retries exceeded with url: /api/chart/OHLCChart/gap (Caused by NameResolutionError("<urllib3.connection.HTTPSConnection object at 0x7e619e83e210>: Failed to resolve 'trading.vietcap.com.vn' ([Errno -2] Name or service not known)"))
[2025-10-07T11:18:30.381+0000] {logging_mixin.py:190} INFO - Không tìm thấy dữ liệu cho PSN
[2025-10-07T11:18:30.386+0000] {logging_mixin.py:190} INFO - ℹ️ PSN: Không có dữ liệu mới.
[2025-10-07T11:18:30.387+0000] {logging_mixin.py:190} INFO - 🚦 Giới hạn API đạt mức tối đa, chờ 39.1s...
[2025-10-07T11:19:09.469+0000] {logging_mixin.py:190} INFO - ⬇️ Bắt đầu xử lý symbol = PSL
[2025-10-07T11:19:09.556+0000] {logging_mixin.py:190} INFO - ⚠️ Không đọc được file cũ PSL: 'date'
[2025-10-07T11:19:09.595+0000] {logging_mixin.py:190} INFO - PSL: trích dữ liệu từ 2025-10-04 đến 2025-10-07
[2025-10-07T11:19:09.610+0000] {client.py:83} ERROR - API request failed: HTTPSConnectionPool(host='trading.vietcap.com.vn', port=443): Max retries exceeded with url: /api/chart/OHLCChart/gap (Caused by NameResolutionError("<urllib3.connection.HTTPSConnection object at 0x7e619e7c4b90>: Failed to resolve 'trading.vietcap.com.vn' ([Errno -2] Name or service not known)"))
[2025-10-07T11:19:11.629+0000] {client.py:83} ERROR - API request failed: HTTPSConnectionPool(host='trading.vietcap.com.vn', port=443): Max retries exceeded with url: /api/chart/OHLCChart/gap (Caused by NameResolutionError("<urllib3.connection.HTTPSConnection object at 0x7e619e7c4590>: Failed to resolve 'trading.vietcap.com.vn' ([Errno -2] Name or service not known)"))
[2025-10-07T11:19:13.637+0000] {client.py:83} ERROR - API request failed: HTTPSConnectionPool(host='trading.vietcap.com.vn', port=443): Max retries exceeded with url: /api/chart/OHLCChart/gap (Caused by NameResolutionError("<urllib3.connection.HTTPSConnection object at 0x7e619e7c6de0>: Failed to resolve 'trading.vietcap.com.vn' ([Errno -2] Name or service not known)"))
[2025-10-07T11:19:13.638+0000] {logging_mixin.py:190} INFO - Không tìm thấy dữ liệu cho PSL
[2025-10-07T11:19:13.639+0000] {logging_mixin.py:190} INFO - ℹ️ PSL: Không có dữ liệu mới.
[2025-10-07T11:19:13.640+0000] {logging_mixin.py:190} INFO - 🚦 Giới hạn API đạt mức tối đa, chờ 0.0s...
[2025-10-07T11:19:13.655+0000] {logging_mixin.py:190} INFO - ⬇️ Bắt đầu xử lý symbol = PSI
[2025-10-07T11:19:13.691+0000] {logging_mixin.py:190} INFO - ⚠️ Không đọc được file cũ PSI: 'date'
[2025-10-07T11:19:13.709+0000] {logging_mixin.py:190} INFO - PSI: trích dữ liệu từ 2025-10-04 đến 2025-10-07
[2025-10-07T11:19:13.719+0000] {client.py:83} ERROR - API request failed: HTTPSConnectionPool(host='trading.vietcap.com.vn', port=443): Max retries exceeded with url: /api/chart/OHLCChart/gap (Caused by NameResolutionError("<urllib3.connection.HTTPSConnection object at 0x7e619e7c4bf0>: Failed to resolve 'trading.vietcap.com.vn' ([Errno -2] Name or service not known)"))
[2025-10-07T11:19:15.734+0000] {client.py:83} ERROR - API request failed: HTTPSConnectionPool(host='trading.vietcap.com.vn', port=443): Max retries exceeded with url: /api/chart/OHLCChart/gap (Caused by NameResolutionError("<urllib3.connection.HTTPSConnection object at 0x7e619e7c7050>: Failed to resolve 'trading.vietcap.com.vn' ([Errno -2] Name or service not known)"))
[2025-10-07T11:19:17.752+0000] {client.py:83} ERROR - API request failed: HTTPSConnectionPool(host='trading.vietcap.com.vn', port=443): Max retries exceeded with url: /api/chart/OHLCChart/gap (Caused by NameResolutionError("<urllib3.connection.HTTPSConnection object at 0x7e619e7efe90>: Failed to resolve 'trading.vietcap.com.vn' ([Errno -2] Name or service not known)"))
[2025-10-07T11:19:17.756+0000] {logging_mixin.py:190} INFO - Không tìm thấy dữ liệu cho PSI
[2025-10-07T11:19:17.764+0000] {logging_mixin.py:190} INFO - ℹ️ PSI: Không có dữ liệu mới.
[2025-10-07T11:19:17.766+0000] {logging_mixin.py:190} INFO - 🚦 Giới hạn API đạt mức tối đa, chờ 0.0s...
[2025-10-07T11:19:17.818+0000] {logging_mixin.py:190} INFO - ⬇️ Bắt đầu xử lý symbol = PSH
[2025-10-07T11:19:17.896+0000] {logging_mixin.py:190} INFO - ⚠️ Không đọc được file cũ PSH: 'date'
[2025-10-07T11:19:17.913+0000] {logging_mixin.py:190} INFO - PSH: trích dữ liệu từ 2025-03-12 đến 2025-10-07
[2025-10-07T11:19:17.946+0000] {client.py:83} ERROR - API request failed: HTTPSConnectionPool(host='trading.vietcap.com.vn', port=443): Max retries exceeded with url: /api/chart/OHLCChart/gap (Caused by NameResolutionError("<urllib3.connection.HTTPSConnection object at 0x7e619dea3230>: Failed to resolve 'trading.vietcap.com.vn' ([Errno -2] Name or service not known)"))
[2025-10-07T11:19:19.953+0000] {client.py:83} ERROR - API request failed: HTTPSConnectionPool(host='trading.vietcap.com.vn', port=443): Max retries exceeded with url: /api/chart/OHLCChart/gap (Caused by NameResolutionError("<urllib3.connection.HTTPSConnection object at 0x7e619dea0500>: Failed to resolve 'trading.vietcap.com.vn' ([Errno -2] Name or service not known)"))
[2025-10-07T11:19:21.962+0000] {client.py:83} ERROR - API request failed: HTTPSConnectionPool(host='trading.vietcap.com.vn', port=443): Max retries exceeded with url: /api/chart/OHLCChart/gap (Caused by NameResolutionError("<urllib3.connection.HTTPSConnection object at 0x7e619e83ce60>: Failed to resolve 'trading.vietcap.com.vn' ([Errno -2] Name or service not known)"))
[2025-10-07T11:19:21.963+0000] {logging_mixin.py:190} INFO - Không tìm thấy dữ liệu cho PSH
[2025-10-07T11:19:21.966+0000] {logging_mixin.py:190} INFO - ℹ️ PSH: Không có dữ liệu mới.
[2025-10-07T11:19:21.967+0000] {logging_mixin.py:190} INFO - 🚦 Giới hạn API đạt mức tối đa, chờ 0.0s...
[2025-10-07T11:19:21.973+0000] {logging_mixin.py:190} INFO - ⬇️ Bắt đầu xử lý symbol = PSG
[2025-10-07T11:19:22.004+0000] {logging_mixin.py:190} INFO - ⚠️ Không đọc được file cũ PSG: 'date'
[2025-10-07T11:19:22.016+0000] {logging_mixin.py:190} INFO - PSG: trích dữ liệu từ 2024-07-26 đến 2025-10-07
[2025-10-07T11:19:22.023+0000] {client.py:83} ERROR - API request failed: HTTPSConnectionPool(host='trading.vietcap.com.vn', port=443): Max retries exceeded with url: /api/chart/OHLCChart/gap (Caused by NameResolutionError("<urllib3.connection.HTTPSConnection object at 0x7e619e7c6360>: Failed to resolve 'trading.vietcap.com.vn' ([Errno -2] Name or service not known)"))
[2025-10-07T11:19:24.032+0000] {client.py:83} ERROR - API request failed: HTTPSConnectionPool(host='trading.vietcap.com.vn', port=443): Max retries exceeded with url: /api/chart/OHLCChart/gap (Caused by NameResolutionError("<urllib3.connection.HTTPSConnection object at 0x7e619e7c78c0>: Failed to resolve 'trading.vietcap.com.vn' ([Errno -2] Name or service not known)"))
[2025-10-07T11:19:26.039+0000] {client.py:83} ERROR - API request failed: HTTPSConnectionPool(host='trading.vietcap.com.vn', port=443): Max retries exceeded with url: /api/chart/OHLCChart/gap (Caused by NameResolutionError("<urllib3.connection.HTTPSConnection object at 0x7e619e7c60f0>: Failed to resolve 'trading.vietcap.com.vn' ([Errno -2] Name or service not known)"))
[2025-10-07T11:19:26.040+0000] {logging_mixin.py:190} INFO - Không tìm thấy dữ liệu cho PSG
[2025-10-07T11:19:26.043+0000] {logging_mixin.py:190} INFO - ℹ️ PSG: Không có dữ liệu mới.
[2025-10-07T11:19:26.044+0000] {logging_mixin.py:190} INFO - 🚦 Giới hạn API đạt mức tối đa, chờ 0.2s...
[2025-10-07T11:19:26.288+0000] {logging_mixin.py:190} INFO - ⬇️ Bắt đầu xử lý symbol = PSE
[2025-10-07T11:19:26.386+0000] {logging_mixin.py:190} INFO - ⚠️ Không đọc được file cũ PSE: 'date'
[2025-10-07T11:19:26.431+0000] {logging_mixin.py:190} INFO - PSE: trích dữ liệu từ 2025-10-04 đến 2025-10-07
[2025-10-07T11:19:26.449+0000] {client.py:83} ERROR - API request failed: HTTPSConnectionPool(host='trading.vietcap.com.vn', port=443): Max retries exceeded with url: /api/chart/OHLCChart/gap (Caused by NameResolutionError("<urllib3.connection.HTTPSConnection object at 0x7e619e7c6270>: Failed to resolve 'trading.vietcap.com.vn' ([Errno -2] Name or service not known)"))
[2025-10-07T11:19:28.509+0000] {client.py:83} ERROR - API request failed: HTTPSConnectionPool(host='trading.vietcap.com.vn', port=443): Max retries exceeded with url: /api/chart/OHLCChart/gap (Caused by NameResolutionError("<urllib3.connection.HTTPSConnection object at 0x7e619e7c6930>: Failed to resolve 'trading.vietcap.com.vn' ([Errno -2] Name or service not known)"))
[2025-10-07T11:19:30.527+0000] {client.py:83} ERROR - API request failed: HTTPSConnectionPool(host='trading.vietcap.com.vn', port=443): Max retries exceeded with url: /api/chart/OHLCChart/gap (Caused by NameResolutionError("<urllib3.connection.HTTPSConnection object at 0x7e619e7875f0>: Failed to resolve 'trading.vietcap.com.vn' ([Errno -2] Name or service not known)"))
[2025-10-07T11:19:30.531+0000] {logging_mixin.py:190} INFO - Không tìm thấy dữ liệu cho PSE
[2025-10-07T11:19:30.538+0000] {logging_mixin.py:190} INFO - ℹ️ PSE: Không có dữ liệu mới.
[2025-10-07T11:19:30.541+0000] {logging_mixin.py:190} INFO - 🚦 Giới hạn API đạt mức tối đa, chờ 38.9s...
[2025-10-07T11:20:09.470+0000] {logging_mixin.py:190} INFO - ⬇️ Bắt đầu xử lý symbol = PSD
[2025-10-07T11:20:09.595+0000] {logging_mixin.py:190} INFO - ⚠️ Không đọc được file cũ PSD: 'date'
[2025-10-07T11:20:09.651+0000] {logging_mixin.py:190} INFO - PSD: trích dữ liệu từ 2025-10-04 đến 2025-10-07
[2025-10-07T11:20:09.662+0000] {client.py:83} ERROR - API request failed: HTTPSConnectionPool(host='trading.vietcap.com.vn', port=443): Max retries exceeded with url: /api/chart/OHLCChart/gap (Caused by NameResolutionError("<urllib3.connection.HTTPSConnection object at 0x7e619e785e20>: Failed to resolve 'trading.vietcap.com.vn' ([Errno -2] Name or service not known)"))
[2025-10-07T11:20:11.676+0000] {client.py:83} ERROR - API request failed: HTTPSConnectionPool(host='trading.vietcap.com.vn', port=443): Max retries exceeded with url: /api/chart/OHLCChart/gap (Caused by NameResolutionError("<urllib3.connection.HTTPSConnection object at 0x7e619e7c46e0>: Failed to resolve 'trading.vietcap.com.vn' ([Errno -2] Name or service not known)"))
[2025-10-07T11:20:13.691+0000] {client.py:83} ERROR - API request failed: HTTPSConnectionPool(host='trading.vietcap.com.vn', port=443): Max retries exceeded with url: /api/chart/OHLCChart/gap (Caused by NameResolutionError("<urllib3.connection.HTTPSConnection object at 0x7e619e7c7ec0>: Failed to resolve 'trading.vietcap.com.vn' ([Errno -2] Name or service not known)"))
[2025-10-07T11:20:13.693+0000] {logging_mixin.py:190} INFO - Không tìm thấy dữ liệu cho PSD
[2025-10-07T11:20:13.697+0000] {logging_mixin.py:190} INFO - ℹ️ PSD: Không có dữ liệu mới.
[2025-10-07T11:20:13.699+0000] {logging_mixin.py:190} INFO - ⬇️ Bắt đầu xử lý symbol = PSC
[2025-10-07T11:20:13.763+0000] {logging_mixin.py:190} INFO - ⚠️ Không đọc được file cũ PSC: 'date'
[2025-10-07T11:20:13.796+0000] {logging_mixin.py:190} INFO - PSC: trích dữ liệu từ 2025-09-30 đến 2025-10-07
[2025-10-07T11:20:13.811+0000] {client.py:83} ERROR - API request failed: HTTPSConnectionPool(host='trading.vietcap.com.vn', port=443): Max retries exceeded with url: /api/chart/OHLCChart/gap (Caused by NameResolutionError("<urllib3.connection.HTTPSConnection object at 0x7e619e787170>: Failed to resolve 'trading.vietcap.com.vn' ([Errno -2] Name or service not known)"))
[2025-10-07T11:20:15.827+0000] {client.py:83} ERROR - API request failed: HTTPSConnectionPool(host='trading.vietcap.com.vn', port=443): Max retries exceeded with url: /api/chart/OHLCChart/gap (Caused by NameResolutionError("<urllib3.connection.HTTPSConnection object at 0x7e619dea0ec0>: Failed to resolve 'trading.vietcap.com.vn' ([Errno -2] Name or service not known)"))
[2025-10-07T11:20:17.843+0000] {client.py:83} ERROR - API request failed: HTTPSConnectionPool(host='trading.vietcap.com.vn', port=443): Max retries exceeded with url: /api/chart/OHLCChart/gap (Caused by NameResolutionError("<urllib3.connection.HTTPSConnection object at 0x7e619e784890>: Failed to resolve 'trading.vietcap.com.vn' ([Errno -2] Name or service not known)"))
[2025-10-07T11:20:17.845+0000] {logging_mixin.py:190} INFO - Không tìm thấy dữ liệu cho PSC
[2025-10-07T11:20:17.849+0000] {logging_mixin.py:190} INFO - ℹ️ PSC: Không có dữ liệu mới.
[2025-10-07T11:20:17.851+0000] {logging_mixin.py:190} INFO - ⬇️ Bắt đầu xử lý symbol = PSB
[2025-10-07T11:20:17.916+0000] {logging_mixin.py:190} INFO - ⚠️ Không đọc được file cũ PSB: 'date'
[2025-10-07T11:20:17.949+0000] {logging_mixin.py:190} INFO - PSB: trích dữ liệu từ 2025-10-04 đến 2025-10-07
[2025-10-07T11:20:17.966+0000] {client.py:83} ERROR - API request failed: HTTPSConnectionPool(host='trading.vietcap.com.vn', port=443): Max retries exceeded with url: /api/chart/OHLCChart/gap (Caused by NameResolutionError("<urllib3.connection.HTTPSConnection object at 0x7e619e83fd10>: Failed to resolve 'trading.vietcap.com.vn' ([Errno -2] Name or service not known)"))
[2025-10-07T11:20:19.975+0000] {client.py:83} ERROR - API request failed: HTTPSConnectionPool(host='trading.vietcap.com.vn', port=443): Max retries exceeded with url: /api/chart/OHLCChart/gap (Caused by NameResolutionError("<urllib3.connection.HTTPSConnection object at 0x7e619dea27e0>: Failed to resolve 'trading.vietcap.com.vn' ([Errno -2] Name or service not known)"))
[2025-10-07T11:20:21.989+0000] {client.py:83} ERROR - API request failed: HTTPSConnectionPool(host='trading.vietcap.com.vn', port=443): Max retries exceeded with url: /api/chart/OHLCChart/gap (Caused by NameResolutionError("<urllib3.connection.HTTPSConnection object at 0x7e619dea3800>: Failed to resolve 'trading.vietcap.com.vn' ([Errno -2] Name or service not known)"))
[2025-10-07T11:20:21.993+0000] {logging_mixin.py:190} INFO - Không tìm thấy dữ liệu cho PSB
[2025-10-07T11:20:21.998+0000] {logging_mixin.py:190} INFO - ℹ️ PSB: Không có dữ liệu mới.
[2025-10-07T11:20:22.001+0000] {logging_mixin.py:190} INFO - ⬇️ Bắt đầu xử lý symbol = PRT
[2025-10-07T11:20:22.085+0000] {logging_mixin.py:190} INFO - ⚠️ Không đọc được file cũ PRT: 'date'
[2025-10-07T11:20:22.125+0000] {logging_mixin.py:190} INFO - PRT: trích dữ liệu từ 2025-10-04 đến 2025-10-07
[2025-10-07T11:20:22.141+0000] {client.py:83} ERROR - API request failed: HTTPSConnectionPool(host='trading.vietcap.com.vn', port=443): Max retries exceeded with url: /api/chart/OHLCChart/gap (Caused by NameResolutionError("<urllib3.connection.HTTPSConnection object at 0x7e619dea28d0>: Failed to resolve 'trading.vietcap.com.vn' ([Errno -2] Name or service not known)"))
[2025-10-07T11:20:24.157+0000] {client.py:83} ERROR - API request failed: HTTPSConnectionPool(host='trading.vietcap.com.vn', port=443): Max retries exceeded with url: /api/chart/OHLCChart/gap (Caused by NameResolutionError("<urllib3.connection.HTTPSConnection object at 0x7e619e7c5640>: Failed to resolve 'trading.vietcap.com.vn' ([Errno -2] Name or service not known)"))
[2025-10-07T11:20:26.165+0000] {client.py:83} ERROR - API request failed: HTTPSConnectionPool(host='trading.vietcap.com.vn', port=443): Max retries exceeded with url: /api/chart/OHLCChart/gap (Caused by NameResolutionError("<urllib3.connection.HTTPSConnection object at 0x7e619e91bdd0>: Failed to resolve 'trading.vietcap.com.vn' ([Errno -2] Name or service not known)"))
[2025-10-07T11:20:26.166+0000] {logging_mixin.py:190} INFO - Không tìm thấy dữ liệu cho PRT
[2025-10-07T11:20:26.168+0000] {logging_mixin.py:190} INFO - ℹ️ PRT: Không có dữ liệu mới.
[2025-10-07T11:20:26.169+0000] {logging_mixin.py:190} INFO - 🚦 Giới hạn API đạt mức tối đa, chờ 0.1s...
[2025-10-07T11:20:26.289+0000] {logging_mixin.py:190} INFO - ⬇️ Bắt đầu xử lý symbol = PRO
[2025-10-07T11:20:26.319+0000] {logging_mixin.py:190} INFO - ⚠️ Không đọc được file cũ PRO: 'date'
[2025-10-07T11:20:26.328+0000] {logging_mixin.py:190} INFO - PRO: trích dữ liệu từ 2025-10-04 đến 2025-10-07
[2025-10-07T11:20:26.347+0000] {client.py:83} ERROR - API request failed: HTTPSConnectionPool(host='trading.vietcap.com.vn', port=443): Max retries exceeded with url: /api/chart/OHLCChart/gap (Caused by NameResolutionError("<urllib3.connection.HTTPSConnection object at 0x7e619de91160>: Failed to resolve 'trading.vietcap.com.vn' ([Errno -2] Name or service not known)"))
[2025-10-07T11:20:28.353+0000] {client.py:83} ERROR - API request failed: HTTPSConnectionPool(host='trading.vietcap.com.vn', port=443): Max retries exceeded with url: /api/chart/OHLCChart/gap (Caused by NameResolutionError("<urllib3.connection.HTTPSConnection object at 0x7e619e7c7500>: Failed to resolve 'trading.vietcap.com.vn' ([Errno -2] Name or service not known)"))
[2025-10-07T11:20:30.363+0000] {client.py:83} ERROR - API request failed: HTTPSConnectionPool(host='trading.vietcap.com.vn', port=443): Max retries exceeded with url: /api/chart/OHLCChart/gap (Caused by NameResolutionError("<urllib3.connection.HTTPSConnection object at 0x7e619dea3bc0>: Failed to resolve 'trading.vietcap.com.vn' ([Errno -2] Name or service not known)"))
[2025-10-07T11:20:30.366+0000] {logging_mixin.py:190} INFO - Không tìm thấy dữ liệu cho PRO
[2025-10-07T11:20:30.369+0000] {logging_mixin.py:190} INFO - ℹ️ PRO: Không có dữ liệu mới.
[2025-10-07T11:20:30.371+0000] {logging_mixin.py:190} INFO - 🚦 Giới hạn API đạt mức tối đa, chờ 39.1s...
[2025-10-07T11:21:09.475+0000] {logging_mixin.py:190} INFO - ⬇️ Bắt đầu xử lý symbol = PRE
[2025-10-07T11:21:09.561+0000] {logging_mixin.py:190} INFO - ⚠️ Không đọc được file cũ PRE: 'date'
[2025-10-07T11:21:09.600+0000] {logging_mixin.py:190} INFO - PRE: trích dữ liệu từ 2025-10-04 đến 2025-10-07
[2025-10-07T11:21:09.661+0000] {client.py:83} ERROR - API request failed: HTTPSConnectionPool(host='trading.vietcap.com.vn', port=443): Max retries exceeded with url: /api/chart/OHLCChart/gap (Caused by NameResolutionError("<urllib3.connection.HTTPSConnection object at 0x7e619de915b0>: Failed to resolve 'trading.vietcap.com.vn' ([Errno -2] Name or service not known)"))
[2025-10-07T11:21:11.838+0000] {client.py:83} ERROR - API request failed: HTTPSConnectionPool(host='trading.vietcap.com.vn', port=443): Max retries exceeded with url: /api/chart/OHLCChart/gap (Caused by NameResolutionError("<urllib3.connection.HTTPSConnection object at 0x7e619de925a0>: Failed to resolve 'trading.vietcap.com.vn' ([Errno -2] Name or service not known)"))
[2025-10-07T11:21:13.853+0000] {client.py:83} ERROR - API request failed: HTTPSConnectionPool(host='trading.vietcap.com.vn', port=443): Max retries exceeded with url: /api/chart/OHLCChart/gap (Caused by NameResolutionError("<urllib3.connection.HTTPSConnection object at 0x7e619de91040>: Failed to resolve 'trading.vietcap.com.vn' ([Errno -2] Name or service not known)"))
[2025-10-07T11:21:13.856+0000] {logging_mixin.py:190} INFO - Không tìm thấy dữ liệu cho PRE
[2025-10-07T11:21:13.860+0000] {logging_mixin.py:190} INFO - ℹ️ PRE: Không có dữ liệu mới.
[2025-10-07T11:21:13.862+0000] {logging_mixin.py:190} INFO - ⬇️ Bắt đầu xử lý symbol = PRC
[2025-10-07T11:21:13.945+0000] {logging_mixin.py:190} INFO - ⚠️ Không đọc được file cũ PRC: 'date'
[2025-10-07T11:21:13.979+0000] {logging_mixin.py:190} INFO - PRC: trích dữ liệu từ 2025-10-04 đến 2025-10-07
[2025-10-07T11:21:13.994+0000] {client.py:83} ERROR - API request failed: HTTPSConnectionPool(host='trading.vietcap.com.vn', port=443): Max retries exceeded with url: /api/chart/OHLCChart/gap (Caused by NameResolutionError("<urllib3.connection.HTTPSConnection object at 0x7e619e785070>: Failed to resolve 'trading.vietcap.com.vn' ([Errno -2] Name or service not known)"))
[2025-10-07T11:21:16.011+0000] {client.py:83} ERROR - API request failed: HTTPSConnectionPool(host='trading.vietcap.com.vn', port=443): Max retries exceeded with url: /api/chart/OHLCChart/gap (Caused by NameResolutionError("<urllib3.connection.HTTPSConnection object at 0x7e619e787ec0>: Failed to resolve 'trading.vietcap.com.vn' ([Errno -2] Name or service not known)"))
[2025-10-07T11:21:18.020+0000] {client.py:83} ERROR - API request failed: HTTPSConnectionPool(host='trading.vietcap.com.vn', port=443): Max retries exceeded with url: /api/chart/OHLCChart/gap (Caused by NameResolutionError("<urllib3.connection.HTTPSConnection object at 0x7e619de92a50>: Failed to resolve 'trading.vietcap.com.vn' ([Errno -2] Name or service not known)"))
[2025-10-07T11:21:18.021+0000] {logging_mixin.py:190} INFO - Không tìm thấy dữ liệu cho PRC
[2025-10-07T11:21:18.022+0000] {logging_mixin.py:190} INFO - ℹ️ PRC: Không có dữ liệu mới.
[2025-10-07T11:21:18.023+0000] {logging_mixin.py:190} INFO - ⬇️ Bắt đầu xử lý symbol = PQN
[2025-10-07T11:21:18.053+0000] {logging_mixin.py:190} INFO - ⚠️ Không đọc được file cũ PQN: 'date'
[2025-10-07T11:21:18.067+0000] {logging_mixin.py:190} INFO - PQN: trích dữ liệu từ 2024-07-26 đến 2025-10-07
[2025-10-07T11:21:18.073+0000] {client.py:83} ERROR - API request failed: HTTPSConnectionPool(host='trading.vietcap.com.vn', port=443): Max retries exceeded with url: /api/chart/OHLCChart/gap (Caused by NameResolutionError("<urllib3.connection.HTTPSConnection object at 0x7e619dea3d40>: Failed to resolve 'trading.vietcap.com.vn' ([Errno -2] Name or service not known)"))
[2025-10-07T11:21:20.127+0000] {client.py:83} ERROR - API request failed: HTTPSConnectionPool(host='trading.vietcap.com.vn', port=443): Max retries exceeded with url: /api/chart/OHLCChart/gap (Caused by NameResolutionError("<urllib3.connection.HTTPSConnection object at 0x7e619e784fb0>: Failed to resolve 'trading.vietcap.com.vn' ([Errno -2] Name or service not known)"))
[2025-10-07T11:21:22.166+0000] {client.py:83} ERROR - API request failed: HTTPSConnectionPool(host='trading.vietcap.com.vn', port=443): Max retries exceeded with url: /api/chart/OHLCChart/gap (Caused by NameResolutionError("<urllib3.connection.HTTPSConnection object at 0x7e619e7c7500>: Failed to resolve 'trading.vietcap.com.vn' ([Errno -2] Name or service not known)"))
[2025-10-07T11:21:22.170+0000] {logging_mixin.py:190} INFO - Không tìm thấy dữ liệu cho PQN
[2025-10-07T11:21:22.176+0000] {logging_mixin.py:190} INFO - ℹ️ PQN: Không có dữ liệu mới.
[2025-10-07T11:21:22.179+0000] {logging_mixin.py:190} INFO - ⬇️ Bắt đầu xử lý symbol = PPY
[2025-10-07T11:21:22.259+0000] {logging_mixin.py:190} INFO - ⚠️ Không đọc được file cũ PPY: 'date'
[2025-10-07T11:21:22.296+0000] {logging_mixin.py:190} INFO - PPY: trích dữ liệu từ 2025-10-01 đến 2025-10-07
[2025-10-07T11:21:22.313+0000] {client.py:83} ERROR - API request failed: HTTPSConnectionPool(host='trading.vietcap.com.vn', port=443): Max retries exceeded with url: /api/chart/OHLCChart/gap (Caused by NameResolutionError("<urllib3.connection.HTTPSConnection object at 0x7e619e7c6870>: Failed to resolve 'trading.vietcap.com.vn' ([Errno -2] Name or service not known)"))
[2025-10-07T11:21:24.329+0000] {client.py:83} ERROR - API request failed: HTTPSConnectionPool(host='trading.vietcap.com.vn', port=443): Max retries exceeded with url: /api/chart/OHLCChart/gap (Caused by NameResolutionError("<urllib3.connection.HTTPSConnection object at 0x7e619e7c5e50>: Failed to resolve 'trading.vietcap.com.vn' ([Errno -2] Name or service not known)"))
[2025-10-07T11:21:26.344+0000] {client.py:83} ERROR - API request failed: HTTPSConnectionPool(host='trading.vietcap.com.vn', port=443): Max retries exceeded with url: /api/chart/OHLCChart/gap (Caused by NameResolutionError("<urllib3.connection.HTTPSConnection object at 0x7e619e7c6de0>: Failed to resolve 'trading.vietcap.com.vn' ([Errno -2] Name or service not known)"))
[2025-10-07T11:21:26.346+0000] {logging_mixin.py:190} INFO - Không tìm thấy dữ liệu cho PPY
[2025-10-07T11:21:26.351+0000] {logging_mixin.py:190} INFO - ℹ️ PPY: Không có dữ liệu mới.
[2025-10-07T11:21:26.353+0000] {logging_mixin.py:190} INFO - ⬇️ Bắt đầu xử lý symbol = PPT
[2025-10-07T11:21:26.420+0000] {logging_mixin.py:190} INFO - ⚠️ Không đọc được file cũ PPT: 'date'
[2025-10-07T11:21:26.450+0000] {logging_mixin.py:190} INFO - PPT: trích dữ liệu từ 2025-10-04 đến 2025-10-07
[2025-10-07T11:21:26.470+0000] {client.py:83} ERROR - API request failed: HTTPSConnectionPool(host='trading.vietcap.com.vn', port=443): Max retries exceeded with url: /api/chart/OHLCChart/gap (Caused by NameResolutionError("<urllib3.connection.HTTPSConnection object at 0x7e619e7ec140>: Failed to resolve 'trading.vietcap.com.vn' ([Errno -2] Name or service not known)"))
[2025-10-07T11:21:28.478+0000] {client.py:83} ERROR - API request failed: HTTPSConnectionPool(host='trading.vietcap.com.vn', port=443): Max retries exceeded with url: /api/chart/OHLCChart/gap (Caused by NameResolutionError("<urllib3.connection.HTTPSConnection object at 0x7e619e7c6c00>: Failed to resolve 'trading.vietcap.com.vn' ([Errno -2] Name or service not known)"))
[2025-10-07T11:21:30.500+0000] {client.py:83} ERROR - API request failed: HTTPSConnectionPool(host='trading.vietcap.com.vn', port=443): Max retries exceeded with url: /api/chart/OHLCChart/gap (Caused by NameResolutionError("<urllib3.connection.HTTPSConnection object at 0x7e619e7c5040>: Failed to resolve 'trading.vietcap.com.vn' ([Errno -2] Name or service not known)"))
[2025-10-07T11:21:30.501+0000] {logging_mixin.py:190} INFO - Không tìm thấy dữ liệu cho PPT
[2025-10-07T11:21:30.504+0000] {logging_mixin.py:190} INFO - ℹ️ PPT: Không có dữ liệu mới.
[2025-10-07T11:21:30.504+0000] {python.py:240} INFO - Done. Returned value was: None
[2025-10-07T11:21:30.520+0000] {taskinstance.py:341} INFO - ::group::Post task execution logs
[2025-10-07T11:21:30.521+0000] {taskinstance.py:353} INFO - Marking task as SUCCESS. dag_id=vnstock_weekly_etl_incremental, task_id=process_batch, run_id=manual__2025-10-07T10:41:48.387187+00:00, map_index=12, execution_date=20251007T104148, start_date=20251007T111207, end_date=20251007T112130
[2025-10-07T11:21:30.595+0000] {local_task_job_runner.py:266} INFO - Task exited with return code 0
[2025-10-07T11:21:30.867+0000] {taskinstance.py:3901} INFO - 0 downstream tasks scheduled from follow-on schedule check
[2025-10-07T11:21:30.877+0000] {local_task_job_runner.py:245} INFO - ::endgroup::
