[2025-10-07T10:17:09.039+0000] {local_task_job_runner.py:123} INFO - ::group::Pre task execution logs
[2025-10-07T10:17:09.119+0000] {taskinstance.py:2614} INFO - Dependencies all met for dep_context=non-requeueable deps ti=<TaskInstance: vnstock_weekly_etl_incremental.process_batch manual__2025-10-07T10:16:29.686945+00:00 map_index=0 [queued]>
[2025-10-07T10:17:09.178+0000] {taskinstance.py:2614} INFO - Dependencies all met for dep_context=requeueable deps ti=<TaskInstance: vnstock_weekly_etl_incremental.process_batch manual__2025-10-07T10:16:29.686945+00:00 map_index=0 [queued]>
[2025-10-07T10:17:09.179+0000] {taskinstance.py:2867} INFO - Starting attempt 1 of 3
[2025-10-07T10:17:09.252+0000] {taskinstance.py:2890} INFO - Executing <Mapped(_PythonDecoratedOperator): process_batch> on 2025-10-07 10:16:29.686945+00:00
[2025-10-07T10:17:09.285+0000] {standard_task_runner.py:104} INFO - Running: ['***', 'tasks', 'run', 'vnstock_weekly_etl_incremental', 'process_batch', 'manual__2025-10-07T10:16:29.686945+00:00', '--job-id', '47', '--raw', '--subdir', 'DAGS_FOLDER/dag.py', '--cfg-path', '/tmp/tmpb5u6933k', '--map-index', '0']
[2025-10-07T10:17:09.284+0000] {logging_mixin.py:190} WARNING - /home/***/.local/lib/python3.12/site-packages/***/task/task_runner/standard_task_runner.py:70 DeprecationWarning: This process (pid=725) is multi-threaded, use of fork() may lead to deadlocks in the child.
[2025-10-07T10:17:09.299+0000] {standard_task_runner.py:72} INFO - Started process 908 to run task
[2025-10-07T10:17:09.293+0000] {standard_task_runner.py:105} INFO - Job 47: Subtask process_batch
[2025-10-07T10:17:09.391+0000] {logging_mixin.py:190} WARNING - /home/***/.local/lib/python3.12/site-packages/***/settings.py:209 DeprecationWarning: The sql_alchemy_conn option in [core] has been moved to the sql_alchemy_conn option in [database] - the old setting has been used, but please update your config.
[2025-10-07T10:17:09.630+0000] {task_command.py:467} INFO - Running <TaskInstance: vnstock_weekly_etl_incremental.process_batch manual__2025-10-07T10:16:29.686945+00:00 map_index=0 [running]> on host e3278e0f0bbc
[2025-10-07T10:17:10.879+0000] {taskinstance.py:3134} INFO - Exporting env vars: AIRFLOW_CTX_DAG_OWNER='***' AIRFLOW_CTX_DAG_ID='vnstock_weekly_etl_incremental' AIRFLOW_CTX_TASK_ID='process_batch' AIRFLOW_CTX_EXECUTION_DATE='2025-10-07T10:16:29.686945+00:00' AIRFLOW_CTX_TRY_NUMBER='1' AIRFLOW_CTX_DAG_RUN_ID='manual__2025-10-07T10:16:29.686945+00:00'
[2025-10-07T10:17:10.880+0000] {taskinstance.py:732} INFO - ::endgroup::
[2025-10-07T10:17:10.883+0000] {logging_mixin.py:190} INFO - ⚠️ Lỗi khi xử lý YTC: 'Limiter' object has no attribute 'ratelimit'
[2025-10-07T10:17:10.886+0000] {logging_mixin.py:190} INFO - ⚠️ Lỗi khi xử lý YEG: 'Limiter' object has no attribute 'ratelimit'
[2025-10-07T10:17:10.887+0000] {logging_mixin.py:190} INFO - ⚠️ Lỗi khi xử lý YBM: 'Limiter' object has no attribute 'ratelimit'
[2025-10-07T10:17:10.893+0000] {logging_mixin.py:190} INFO - ⚠️ Lỗi khi xử lý YBC: 'Limiter' object has no attribute 'ratelimit'
[2025-10-07T10:17:10.894+0000] {logging_mixin.py:190} INFO - ⚠️ Lỗi khi xử lý XPH: 'Limiter' object has no attribute 'ratelimit'
[2025-10-07T10:17:10.894+0000] {logging_mixin.py:190} INFO - ⚠️ Lỗi khi xử lý XMP: 'Limiter' object has no attribute 'ratelimit'
[2025-10-07T10:17:10.895+0000] {logging_mixin.py:190} INFO - ⚠️ Lỗi khi xử lý XMD: 'Limiter' object has no attribute 'ratelimit'
[2025-10-07T10:17:10.896+0000] {logging_mixin.py:190} INFO - ⚠️ Lỗi khi xử lý XMC: 'Limiter' object has no attribute 'ratelimit'
[2025-10-07T10:17:10.896+0000] {logging_mixin.py:190} INFO - ⚠️ Lỗi khi xử lý XLV: 'Limiter' object has no attribute 'ratelimit'
[2025-10-07T10:17:10.897+0000] {logging_mixin.py:190} INFO - ⚠️ Lỗi khi xử lý XHC: 'Limiter' object has no attribute 'ratelimit'
[2025-10-07T10:17:10.897+0000] {logging_mixin.py:190} INFO - ⚠️ Lỗi khi xử lý XDH: 'Limiter' object has no attribute 'ratelimit'
[2025-10-07T10:17:10.898+0000] {logging_mixin.py:190} INFO - ⚠️ Lỗi khi xử lý XDC: 'Limiter' object has no attribute 'ratelimit'
[2025-10-07T10:17:10.901+0000] {logging_mixin.py:190} INFO - ⚠️ Lỗi khi xử lý X77: 'Limiter' object has no attribute 'ratelimit'
[2025-10-07T10:17:10.901+0000] {logging_mixin.py:190} INFO - ⚠️ Lỗi khi xử lý X26: 'Limiter' object has no attribute 'ratelimit'
[2025-10-07T10:17:10.902+0000] {logging_mixin.py:190} INFO - ⚠️ Lỗi khi xử lý X20: 'Limiter' object has no attribute 'ratelimit'
[2025-10-07T10:17:10.909+0000] {logging_mixin.py:190} INFO - ⚠️ Lỗi khi xử lý WTC: 'Limiter' object has no attribute 'ratelimit'
[2025-10-07T10:17:10.909+0000] {logging_mixin.py:190} INFO - ⚠️ Lỗi khi xử lý WSS: 'Limiter' object has no attribute 'ratelimit'
[2025-10-07T10:17:10.910+0000] {logging_mixin.py:190} INFO - ⚠️ Lỗi khi xử lý WSB: 'Limiter' object has no attribute 'ratelimit'
[2025-10-07T10:17:10.910+0000] {logging_mixin.py:190} INFO - ⚠️ Lỗi khi xử lý WCS: 'Limiter' object has no attribute 'ratelimit'
[2025-10-07T10:17:10.911+0000] {logging_mixin.py:190} INFO - ⚠️ Lỗi khi xử lý VXT: 'Limiter' object has no attribute 'ratelimit'
[2025-10-07T10:17:10.912+0000] {logging_mixin.py:190} INFO - ⚠️ Lỗi khi xử lý VXP: 'Limiter' object has no attribute 'ratelimit'
[2025-10-07T10:17:10.914+0000] {logging_mixin.py:190} INFO - ⚠️ Lỗi khi xử lý VXB: 'Limiter' object has no attribute 'ratelimit'
[2025-10-07T10:17:10.915+0000] {logging_mixin.py:190} INFO - ⚠️ Lỗi khi xử lý VWS: 'Limiter' object has no attribute 'ratelimit'
[2025-10-07T10:17:10.915+0000] {logging_mixin.py:190} INFO - ⚠️ Lỗi khi xử lý VW3: 'Limiter' object has no attribute 'ratelimit'
[2025-10-07T10:17:10.916+0000] {logging_mixin.py:190} INFO - ⚠️ Lỗi khi xử lý VVS: 'Limiter' object has no attribute 'ratelimit'
[2025-10-07T10:17:10.916+0000] {logging_mixin.py:190} INFO - ⚠️ Lỗi khi xử lý VVN: 'Limiter' object has no attribute 'ratelimit'
[2025-10-07T10:17:10.917+0000] {logging_mixin.py:190} INFO - ⚠️ Lỗi khi xử lý VUA: 'Limiter' object has no attribute 'ratelimit'
[2025-10-07T10:17:10.917+0000] {logging_mixin.py:190} INFO - ⚠️ Lỗi khi xử lý VTZ: 'Limiter' object has no attribute 'ratelimit'
[2025-10-07T10:17:10.918+0000] {logging_mixin.py:190} INFO - ⚠️ Lỗi khi xử lý VTX: 'Limiter' object has no attribute 'ratelimit'
[2025-10-07T10:17:10.918+0000] {logging_mixin.py:190} INFO - ⚠️ Lỗi khi xử lý VTV: 'Limiter' object has no attribute 'ratelimit'
[2025-10-07T10:17:10.918+0000] {logging_mixin.py:190} INFO - ⚠️ Lỗi khi xử lý VTS: 'Limiter' object has no attribute 'ratelimit'
[2025-10-07T10:17:10.921+0000] {logging_mixin.py:190} INFO - ⚠️ Lỗi khi xử lý VTR: 'Limiter' object has no attribute 'ratelimit'
[2025-10-07T10:17:10.925+0000] {logging_mixin.py:190} INFO - ⚠️ Lỗi khi xử lý VTQ: 'Limiter' object has no attribute 'ratelimit'
[2025-10-07T10:17:10.926+0000] {logging_mixin.py:190} INFO - ⚠️ Lỗi khi xử lý VTP: 'Limiter' object has no attribute 'ratelimit'
[2025-10-07T10:17:10.926+0000] {logging_mixin.py:190} INFO - ⚠️ Lỗi khi xử lý VTO: 'Limiter' object has no attribute 'ratelimit'
[2025-10-07T10:17:10.927+0000] {logging_mixin.py:190} INFO - ⚠️ Lỗi khi xử lý VTM: 'Limiter' object has no attribute 'ratelimit'
[2025-10-07T10:17:10.932+0000] {logging_mixin.py:190} INFO - ⚠️ Lỗi khi xử lý VTL: 'Limiter' object has no attribute 'ratelimit'
[2025-10-07T10:17:10.932+0000] {logging_mixin.py:190} INFO - ⚠️ Lỗi khi xử lý VTK: 'Limiter' object has no attribute 'ratelimit'
[2025-10-07T10:17:10.933+0000] {logging_mixin.py:190} INFO - ⚠️ Lỗi khi xử lý VTJ: 'Limiter' object has no attribute 'ratelimit'
[2025-10-07T10:17:10.933+0000] {logging_mixin.py:190} INFO - ⚠️ Lỗi khi xử lý VTI: 'Limiter' object has no attribute 'ratelimit'
[2025-10-07T10:17:10.937+0000] {logging_mixin.py:190} INFO - ⚠️ Lỗi khi xử lý VTH: 'Limiter' object has no attribute 'ratelimit'
[2025-10-07T10:17:10.938+0000] {logging_mixin.py:190} INFO - ⚠️ Lỗi khi xử lý VTG: 'Limiter' object has no attribute 'ratelimit'
[2025-10-07T10:17:10.939+0000] {logging_mixin.py:190} INFO - ⚠️ Lỗi khi xử lý VTE: 'Limiter' object has no attribute 'ratelimit'
[2025-10-07T10:17:10.939+0000] {logging_mixin.py:190} INFO - ⚠️ Lỗi khi xử lý VTD: 'Limiter' object has no attribute 'ratelimit'
[2025-10-07T10:17:10.939+0000] {logging_mixin.py:190} INFO - ⚠️ Lỗi khi xử lý VTC: 'Limiter' object has no attribute 'ratelimit'
[2025-10-07T10:17:10.940+0000] {logging_mixin.py:190} INFO - ⚠️ Lỗi khi xử lý VTB: 'Limiter' object has no attribute 'ratelimit'
[2025-10-07T10:17:10.940+0000] {logging_mixin.py:190} INFO - ⚠️ Lỗi khi xử lý VTA: 'Limiter' object has no attribute 'ratelimit'
[2025-10-07T10:17:10.941+0000] {logging_mixin.py:190} INFO - ⚠️ Lỗi khi xử lý VST: 'Limiter' object has no attribute 'ratelimit'
[2025-10-07T10:17:10.945+0000] {logging_mixin.py:190} INFO - ⚠️ Lỗi khi xử lý VSP: 'Limiter' object has no attribute 'ratelimit'
[2025-10-07T10:17:10.948+0000] {logging_mixin.py:190} INFO - ⚠️ Lỗi khi xử lý VSN: 'Limiter' object has no attribute 'ratelimit'
[2025-10-07T10:17:10.953+0000] {python.py:240} INFO - Done. Returned value was: None
[2025-10-07T10:17:10.973+0000] {taskinstance.py:341} INFO - ::group::Post task execution logs
[2025-10-07T10:17:10.973+0000] {taskinstance.py:353} INFO - Marking task as SUCCESS. dag_id=vnstock_weekly_etl_incremental, task_id=process_batch, run_id=manual__2025-10-07T10:16:29.686945+00:00, map_index=0, execution_date=20251007T101629, start_date=20251007T101709, end_date=20251007T101710
[2025-10-07T10:17:11.122+0000] {local_task_job_runner.py:266} INFO - Task exited with return code 0
[2025-10-07T10:17:11.137+0000] {local_task_job_runner.py:245} INFO - ::endgroup::
