[2025-10-07T13:26:05.614+0000] {local_task_job_runner.py:123} INFO - ::group::Pre task execution logs
[2025-10-07T13:26:05.634+0000] {taskinstance.py:2614} INFO - Dependencies all met for dep_context=non-requeueable deps ti=<TaskInstance: vnstock_weekly_etl_incremental.process_batch manual__2025-10-07T10:44:44.201464+00:00 map_index=0 [queued]>
[2025-10-07T13:26:05.643+0000] {taskinstance.py:2614} INFO - Dependencies all met for dep_context=requeueable deps ti=<TaskInstance: vnstock_weekly_etl_incremental.process_batch manual__2025-10-07T10:44:44.201464+00:00 map_index=0 [queued]>
[2025-10-07T13:26:05.643+0000] {taskinstance.py:2867} INFO - Starting attempt 1 of 3
[2025-10-07T13:26:05.655+0000] {taskinstance.py:2890} INFO - Executing <Mapped(_PythonDecoratedOperator): process_batch> on 2025-10-07 10:44:44.201464+00:00
[2025-10-07T13:26:05.666+0000] {logging_mixin.py:190} WARNING - /home/***/.local/lib/python3.12/site-packages/***/task/task_runner/standard_task_runner.py:70 DeprecationWarning: This process (pid=17440) is multi-threaded, use of fork() may lead to deadlocks in the child.
[2025-10-07T13:26:05.668+0000] {standard_task_runner.py:72} INFO - Started process 17450 to run task
[2025-10-07T13:26:05.666+0000] {standard_task_runner.py:104} INFO - Running: ['***', 'tasks', 'run', 'vnstock_weekly_etl_incremental', 'process_batch', 'manual__2025-10-07T10:44:44.201464+00:00', '--job-id', '194', '--raw', '--subdir', 'DAGS_FOLDER/dag.py', '--cfg-path', '/tmp/tmpulnyi446', '--map-index', '0']
[2025-10-07T13:26:05.669+0000] {standard_task_runner.py:105} INFO - Job 194: Subtask process_batch
[2025-10-07T13:26:05.681+0000] {logging_mixin.py:190} WARNING - /home/***/.local/lib/python3.12/site-packages/***/settings.py:209 DeprecationWarning: The sql_alchemy_conn option in [core] has been moved to the sql_alchemy_conn option in [database] - the old setting has been used, but please update your config.
[2025-10-07T13:26:05.721+0000] {task_command.py:467} INFO - Running <TaskInstance: vnstock_weekly_etl_incremental.process_batch manual__2025-10-07T10:44:44.201464+00:00 map_index=0 [running]> on host e3278e0f0bbc
[2025-10-07T13:26:05.969+0000] {taskinstance.py:3134} INFO - Exporting env vars: AIRFLOW_CTX_DAG_OWNER='***' AIRFLOW_CTX_DAG_ID='vnstock_weekly_etl_incremental' AIRFLOW_CTX_TASK_ID='process_batch' AIRFLOW_CTX_EXECUTION_DATE='2025-10-07T10:44:44.201464+00:00' AIRFLOW_CTX_TRY_NUMBER='1' AIRFLOW_CTX_DAG_RUN_ID='manual__2025-10-07T10:44:44.201464+00:00'
[2025-10-07T13:26:05.970+0000] {taskinstance.py:732} INFO - ::endgroup::
[2025-10-07T13:26:05.972+0000] {logging_mixin.py:190} INFO - ⬇️ Bắt đầu xử lý symbol = YTC
[2025-10-07T13:26:05.984+0000] {logging_mixin.py:190} INFO - ⚠️ Không đọc được file cũ YTC: 'date'
[2025-10-07T13:26:05.994+0000] {logging_mixin.py:190} INFO - YTC: trích dữ liệu từ 2025-10-02 đến 2025-10-07
[2025-10-07T13:26:10.541+0000] {logging_mixin.py:190} INFO - Không tìm thấy dữ liệu cho YTC
[2025-10-07T13:26:10.544+0000] {logging_mixin.py:190} INFO - ℹ️ YTC: Không có dữ liệu mới.
[2025-10-07T13:26:10.544+0000] {logging_mixin.py:190} INFO - ⬇️ Bắt đầu xử lý symbol = YEG
[2025-10-07T13:26:10.560+0000] {logging_mixin.py:190} INFO - ⚠️ Không đọc được file cũ YEG: 'date'
[2025-10-07T13:26:10.567+0000] {logging_mixin.py:190} INFO - YEG: trích dữ liệu từ 2025-10-08 đến 2025-10-07
[2025-10-07T13:26:15.718+0000] {logging_mixin.py:190} INFO - Không tìm thấy dữ liệu cho YEG
[2025-10-07T13:26:15.720+0000] {logging_mixin.py:190} INFO - ℹ️ YEG: Không có dữ liệu mới.
[2025-10-07T13:26:15.721+0000] {logging_mixin.py:190} INFO - ⬇️ Bắt đầu xử lý symbol = YBM
[2025-10-07T13:26:15.736+0000] {logging_mixin.py:190} INFO - ⚠️ Không đọc được file cũ YBM: 'date'
[2025-10-07T13:26:15.743+0000] {logging_mixin.py:190} INFO - YBM: trích dữ liệu từ 2025-10-08 đến 2025-10-07
[2025-10-07T13:26:20.389+0000] {logging_mixin.py:190} INFO - Không tìm thấy dữ liệu cho YBM
[2025-10-07T13:26:20.390+0000] {logging_mixin.py:190} INFO - ℹ️ YBM: Không có dữ liệu mới.
[2025-10-07T13:26:20.391+0000] {logging_mixin.py:190} INFO - ⬇️ Bắt đầu xử lý symbol = YBC
[2025-10-07T13:26:20.402+0000] {logging_mixin.py:190} INFO - ⚠️ Không đọc được file cũ YBC: 'date'
[2025-10-07T13:26:20.411+0000] {logging_mixin.py:190} INFO - YBC: trích dữ liệu từ 2025-10-08 đến 2025-10-07
[2025-10-07T13:26:24.978+0000] {logging_mixin.py:190} INFO - Không tìm thấy dữ liệu cho YBC
[2025-10-07T13:26:24.980+0000] {logging_mixin.py:190} INFO - ℹ️ YBC: Không có dữ liệu mới.
[2025-10-07T13:26:24.981+0000] {logging_mixin.py:190} INFO - ⬇️ Bắt đầu xử lý symbol = XPH
[2025-10-07T13:26:24.989+0000] {logging_mixin.py:190} INFO - ⚠️ Không đọc được file cũ XPH: 'date'
[2025-10-07T13:26:24.995+0000] {logging_mixin.py:190} INFO - XPH: trích dữ liệu từ 2025-10-08 đến 2025-10-07
[2025-10-07T13:26:29.515+0000] {logging_mixin.py:190} INFO - Không tìm thấy dữ liệu cho XPH
[2025-10-07T13:26:29.516+0000] {logging_mixin.py:190} INFO - ℹ️ XPH: Không có dữ liệu mới.
[2025-10-07T13:26:29.517+0000] {logging_mixin.py:190} INFO - 🚦 Giới hạn API đạt mức tối đa, chờ 36.5s...
[2025-10-07T13:27:05.835+0000] {logging_mixin.py:190} INFO - ⬇️ Bắt đầu xử lý symbol = XMP
[2025-10-07T13:27:05.843+0000] {logging_mixin.py:190} INFO - ⚠️ Không đọc được file cũ XMP: 'date'
[2025-10-07T13:27:05.850+0000] {logging_mixin.py:190} INFO - XMP: trích dữ liệu từ 2025-10-04 đến 2025-10-07
[2025-10-07T13:27:06.352+0000] {logging_mixin.py:190} INFO - Trích xuất 2 dòng mới cho XMP
[2025-10-07T13:27:06.361+0000] {logging_mixin.py:190} INFO - Append 2 dòng mới vào /opt/***/data/lake/XMP.csv
[2025-10-07T13:27:06.361+0000] {logging_mixin.py:190} INFO - ✅ Hoàn tất XMP, thêm 2 dòng mới.
[2025-10-07T13:27:08.363+0000] {logging_mixin.py:190} INFO - 🚦 Giới hạn API đạt mức tối đa, chờ 2.2s...
[2025-10-07T13:27:10.545+0000] {logging_mixin.py:190} INFO - ⬇️ Bắt đầu xử lý symbol = XMD
[2025-10-07T13:27:10.561+0000] {logging_mixin.py:190} INFO - ⚠️ Không đọc được file cũ XMD: 'date'
[2025-10-07T13:27:10.568+0000] {logging_mixin.py:190} INFO - XMD: trích dữ liệu từ 2025-10-04 đến 2025-10-07
[2025-10-07T13:27:10.817+0000] {logging_mixin.py:190} INFO - Trích xuất 2 dòng mới cho XMD
[2025-10-07T13:27:10.823+0000] {logging_mixin.py:190} INFO - Append 2 dòng mới vào /opt/***/data/lake/XMD.csv
[2025-10-07T13:27:10.824+0000] {logging_mixin.py:190} INFO - ✅ Hoàn tất XMD, thêm 2 dòng mới.
[2025-10-07T13:27:12.825+0000] {logging_mixin.py:190} INFO - 🚦 Giới hạn API đạt mức tối đa, chờ 2.9s...
[2025-10-07T13:27:15.722+0000] {logging_mixin.py:190} INFO - ⬇️ Bắt đầu xử lý symbol = XMC
[2025-10-07T13:27:15.730+0000] {logging_mixin.py:190} INFO - ⚠️ Không đọc được file cũ XMC: 'date'
[2025-10-07T13:27:15.737+0000] {logging_mixin.py:190} INFO - XMC: trích dữ liệu từ 2025-10-04 đến 2025-10-07
[2025-10-07T13:27:15.902+0000] {logging_mixin.py:190} INFO - Trích xuất 2 dòng mới cho XMC
[2025-10-07T13:27:15.907+0000] {logging_mixin.py:190} INFO - Append 2 dòng mới vào /opt/***/data/lake/XMC.csv
[2025-10-07T13:27:15.908+0000] {logging_mixin.py:190} INFO - ✅ Hoàn tất XMC, thêm 2 dòng mới.
[2025-10-07T13:27:17.908+0000] {logging_mixin.py:190} INFO - 🚦 Giới hạn API đạt mức tối đa, chờ 2.5s...
[2025-10-07T13:27:20.392+0000] {logging_mixin.py:190} INFO - ⬇️ Bắt đầu xử lý symbol = XLV
[2025-10-07T13:27:20.400+0000] {logging_mixin.py:190} INFO - ⚠️ Không đọc được file cũ XLV: 'date'
[2025-10-07T13:27:20.408+0000] {logging_mixin.py:190} INFO - XLV: trích dữ liệu từ 2025-10-04 đến 2025-10-07
[2025-10-07T13:27:20.628+0000] {logging_mixin.py:190} INFO - Trích xuất 1 dòng mới cho XLV
[2025-10-07T13:27:20.634+0000] {logging_mixin.py:190} INFO - Append 1 dòng mới vào /opt/***/data/lake/XLV.csv
[2025-10-07T13:27:20.635+0000] {logging_mixin.py:190} INFO - ✅ Hoàn tất XLV, thêm 1 dòng mới.
[2025-10-07T13:27:22.636+0000] {logging_mixin.py:190} INFO - 🚦 Giới hạn API đạt mức tối đa, chờ 2.3s...
[2025-10-07T13:27:24.843+0000] {logging_mixin.py:190} INFO - ⬇️ Bắt đầu xử lý symbol = XHC
[2025-10-07T13:27:24.854+0000] {logging_mixin.py:190} INFO - ⚠️ Không đọc được file cũ XHC: 'date'
[2025-10-07T13:27:24.864+0000] {logging_mixin.py:190} INFO - XHC: trích dữ liệu từ 2025-09-17 đến 2025-10-07
[2025-10-07T13:27:26.288+0000] {logging_mixin.py:190} INFO - Trích xuất 1 dòng mới cho XHC
[2025-10-07T13:27:26.295+0000] {logging_mixin.py:190} INFO - Append 1 dòng mới vào /opt/***/data/lake/XHC.csv
[2025-10-07T13:27:26.295+0000] {logging_mixin.py:190} INFO - ✅ Hoàn tất XHC, thêm 1 dòng mới.
[2025-10-07T13:27:28.296+0000] {logging_mixin.py:190} INFO - 🚦 Giới hạn API đạt mức tối đa, chờ 37.5s...
[2025-10-07T13:28:05.698+0000] {logging_mixin.py:190} INFO - ⬇️ Bắt đầu xử lý symbol = XDH
[2025-10-07T13:28:05.706+0000] {logging_mixin.py:190} INFO - ⚠️ Không đọc được file cũ XDH: 'date'
[2025-10-07T13:28:05.713+0000] {logging_mixin.py:190} INFO - XDH: trích dữ liệu từ 2025-08-12 đến 2025-10-07
[2025-10-07T13:28:10.333+0000] {logging_mixin.py:190} INFO - Không tìm thấy dữ liệu cho XDH
[2025-10-07T13:28:10.335+0000] {logging_mixin.py:190} INFO - ℹ️ XDH: Không có dữ liệu mới.
[2025-10-07T13:28:10.335+0000] {logging_mixin.py:190} INFO - 🚦 Giới hạn API đạt mức tối đa, chờ 0.2s...
[2025-10-07T13:28:10.546+0000] {logging_mixin.py:190} INFO - ⬇️ Bắt đầu xử lý symbol = XDC
[2025-10-07T13:28:10.553+0000] {logging_mixin.py:190} INFO - ⚠️ Không đọc được file cũ XDC: 'date'
[2025-10-07T13:28:10.558+0000] {logging_mixin.py:190} INFO - XDC: trích dữ liệu từ 2023-12-29 đến 2025-10-07
[2025-10-07T13:28:15.129+0000] {logging_mixin.py:190} INFO - Không tìm thấy dữ liệu cho XDC
[2025-10-07T13:28:15.130+0000] {logging_mixin.py:190} INFO - ℹ️ XDC: Không có dữ liệu mới.
[2025-10-07T13:28:15.131+0000] {logging_mixin.py:190} INFO - 🚦 Giới hạn API đạt mức tối đa, chờ 0.6s...
[2025-10-07T13:28:15.723+0000] {logging_mixin.py:190} INFO - ⬇️ Bắt đầu xử lý symbol = X77
[2025-10-07T13:28:15.732+0000] {logging_mixin.py:190} INFO - ⚠️ Không đọc được file cũ X77: 'date'
[2025-10-07T13:28:15.738+0000] {logging_mixin.py:190} INFO - X77: trích dữ liệu từ 2024-07-26 đến 2025-10-07
[2025-10-07T13:28:20.285+0000] {logging_mixin.py:190} INFO - Không tìm thấy dữ liệu cho X77
[2025-10-07T13:28:20.286+0000] {logging_mixin.py:190} INFO - ℹ️ X77: Không có dữ liệu mới.
[2025-10-07T13:28:20.287+0000] {logging_mixin.py:190} INFO - 🚦 Giới hạn API đạt mức tối đa, chờ 0.1s...
[2025-10-07T13:28:20.393+0000] {logging_mixin.py:190} INFO - ⬇️ Bắt đầu xử lý symbol = X26
[2025-10-07T13:28:20.400+0000] {logging_mixin.py:190} INFO - ⚠️ Không đọc được file cũ X26: 'date'
[2025-10-07T13:28:20.406+0000] {logging_mixin.py:190} INFO - X26: trích dữ liệu từ 2025-04-11 đến 2025-10-07
[2025-10-07T13:28:24.978+0000] {logging_mixin.py:190} INFO - Không tìm thấy dữ liệu cho X26
[2025-10-07T13:28:24.979+0000] {logging_mixin.py:190} INFO - ℹ️ X26: Không có dữ liệu mới.
[2025-10-07T13:28:24.980+0000] {logging_mixin.py:190} INFO - ⬇️ Bắt đầu xử lý symbol = X20
[2025-10-07T13:28:24.988+0000] {logging_mixin.py:190} INFO - ⚠️ Không đọc được file cũ X20: 'date'
[2025-10-07T13:28:24.997+0000] {logging_mixin.py:190} INFO - X20: trích dữ liệu từ 2025-10-03 đến 2025-10-07
[2025-10-07T13:28:25.295+0000] {logging_mixin.py:190} INFO - Trích xuất 2 dòng mới cho X20
[2025-10-07T13:28:25.301+0000] {logging_mixin.py:190} INFO - Append 2 dòng mới vào /opt/***/data/lake/X20.csv
[2025-10-07T13:28:25.301+0000] {logging_mixin.py:190} INFO - ✅ Hoàn tất X20, thêm 2 dòng mới.
[2025-10-07T13:28:27.302+0000] {logging_mixin.py:190} INFO - 🚦 Giới hạn API đạt mức tối đa, chờ 38.4s...
[2025-10-07T13:29:05.587+0000] {logging_mixin.py:190} INFO - ⬇️ Bắt đầu xử lý symbol = WTC
[2025-10-07T13:29:05.596+0000] {logging_mixin.py:190} INFO - ⚠️ Không đọc được file cũ WTC: 'date'
[2025-10-07T13:29:05.603+0000] {logging_mixin.py:190} INFO - WTC: trích dữ liệu từ 2025-10-04 đến 2025-10-07
[2025-10-07T13:29:05.773+0000] {logging_mixin.py:190} INFO - Trích xuất 2 dòng mới cho WTC
[2025-10-07T13:29:05.779+0000] {logging_mixin.py:190} INFO - Append 2 dòng mới vào /opt/***/data/lake/WTC.csv
[2025-10-07T13:29:05.780+0000] {logging_mixin.py:190} INFO - ✅ Hoàn tất WTC, thêm 2 dòng mới.
[2025-10-07T13:29:07.781+0000] {logging_mixin.py:190} INFO - 🚦 Giới hạn API đạt mức tối đa, chờ 2.8s...
[2025-10-07T13:29:10.548+0000] {logging_mixin.py:190} INFO - ⬇️ Bắt đầu xử lý symbol = WSS
[2025-10-07T13:29:10.565+0000] {logging_mixin.py:190} INFO - ⚠️ Không đọc được file cũ WSS: 'date'
[2025-10-07T13:29:10.574+0000] {logging_mixin.py:190} INFO - WSS: trích dữ liệu từ 2025-10-04 đến 2025-10-07
[2025-10-07T13:29:10.797+0000] {logging_mixin.py:190} INFO - Trích xuất 2 dòng mới cho WSS
[2025-10-07T13:29:10.805+0000] {logging_mixin.py:190} INFO - Append 2 dòng mới vào /opt/***/data/lake/WSS.csv
[2025-10-07T13:29:10.805+0000] {logging_mixin.py:190} INFO - ✅ Hoàn tất WSS, thêm 2 dòng mới.
[2025-10-07T13:29:12.806+0000] {logging_mixin.py:190} INFO - 🚦 Giới hạn API đạt mức tối đa, chờ 2.9s...
[2025-10-07T13:29:15.724+0000] {logging_mixin.py:190} INFO - ⬇️ Bắt đầu xử lý symbol = WSB
[2025-10-07T13:29:15.732+0000] {logging_mixin.py:190} INFO - ⚠️ Không đọc được file cũ WSB: 'date'
[2025-10-07T13:29:15.739+0000] {logging_mixin.py:190} INFO - WSB: trích dữ liệu từ 2025-10-03 đến 2025-10-07
[2025-10-07T13:29:20.483+0000] {logging_mixin.py:190} INFO - Không tìm thấy dữ liệu cho WSB
[2025-10-07T13:29:20.485+0000] {logging_mixin.py:190} INFO - ℹ️ WSB: Không có dữ liệu mới.
[2025-10-07T13:29:20.485+0000] {logging_mixin.py:190} INFO - ⬇️ Bắt đầu xử lý symbol = WCS
[2025-10-07T13:29:20.493+0000] {logging_mixin.py:190} INFO - ⚠️ Không đọc được file cũ WCS: 'date'
[2025-10-07T13:29:20.501+0000] {logging_mixin.py:190} INFO - WCS: trích dữ liệu từ 2025-10-04 đến 2025-10-07
[2025-10-07T13:29:20.668+0000] {logging_mixin.py:190} INFO - Trích xuất 2 dòng mới cho WCS
[2025-10-07T13:29:20.674+0000] {logging_mixin.py:190} INFO - Append 2 dòng mới vào /opt/***/data/lake/WCS.csv
[2025-10-07T13:29:20.674+0000] {logging_mixin.py:190} INFO - ✅ Hoàn tất WCS, thêm 2 dòng mới.
[2025-10-07T13:29:22.675+0000] {logging_mixin.py:190} INFO - 🚦 Giới hạn API đạt mức tối đa, chờ 2.3s...
[2025-10-07T13:29:24.831+0000] {logging_mixin.py:190} INFO - ⬇️ Bắt đầu xử lý symbol = VXT
[2025-10-07T13:29:24.848+0000] {logging_mixin.py:190} INFO - ⚠️ Không đọc được file cũ VXT: 'date'
[2025-10-07T13:29:24.855+0000] {logging_mixin.py:190} INFO - VXT: trích dữ liệu từ 2025-07-10 đến 2025-10-07
[2025-10-07T13:29:29.459+0000] {logging_mixin.py:190} INFO - Không tìm thấy dữ liệu cho VXT
[2025-10-07T13:29:29.460+0000] {logging_mixin.py:190} INFO - ℹ️ VXT: Không có dữ liệu mới.
[2025-10-07T13:29:29.461+0000] {logging_mixin.py:190} INFO - 🚦 Giới hạn API đạt mức tối đa, chờ 36.1s...
[2025-10-07T13:30:05.436+0000] {logging_mixin.py:190} INFO - ⬇️ Bắt đầu xử lý symbol = VXP
[2025-10-07T13:30:05.444+0000] {logging_mixin.py:190} INFO - ⚠️ Không đọc được file cũ VXP: 'date'
[2025-10-07T13:30:05.452+0000] {logging_mixin.py:190} INFO - VXP: trích dữ liệu từ 2024-07-26 đến 2025-10-07
[2025-10-07T13:30:10.087+0000] {logging_mixin.py:190} INFO - Không tìm thấy dữ liệu cho VXP
[2025-10-07T13:30:10.089+0000] {logging_mixin.py:190} INFO - ℹ️ VXP: Không có dữ liệu mới.
[2025-10-07T13:30:10.089+0000] {logging_mixin.py:190} INFO - 🚦 Giới hạn API đạt mức tối đa, chờ 0.5s...
[2025-10-07T13:30:10.549+0000] {logging_mixin.py:190} INFO - ⬇️ Bắt đầu xử lý symbol = VXB
[2025-10-07T13:30:10.565+0000] {logging_mixin.py:190} INFO - ⚠️ Không đọc được file cũ VXB: 'date'
[2025-10-07T13:30:10.572+0000] {logging_mixin.py:190} INFO - VXB: trích dữ liệu từ 2025-09-27 đến 2025-10-07
[2025-10-07T13:30:15.426+0000] {logging_mixin.py:190} INFO - Không tìm thấy dữ liệu cho VXB
[2025-10-07T13:30:15.428+0000] {logging_mixin.py:190} INFO - ℹ️ VXB: Không có dữ liệu mới.
[2025-10-07T13:30:15.428+0000] {logging_mixin.py:190} INFO - 🚦 Giới hạn API đạt mức tối đa, chờ 0.3s...
[2025-10-07T13:30:15.725+0000] {logging_mixin.py:190} INFO - ⬇️ Bắt đầu xử lý symbol = VWS
[2025-10-07T13:30:15.740+0000] {logging_mixin.py:190} INFO - ⚠️ Không đọc được file cũ VWS: 'date'
[2025-10-07T13:30:15.747+0000] {logging_mixin.py:190} INFO - VWS: trích dữ liệu từ 2025-09-18 đến 2025-10-07
[2025-10-07T13:30:16.254+0000] {logging_mixin.py:190} INFO - Trích xuất 1 dòng mới cho VWS
[2025-10-07T13:30:16.261+0000] {logging_mixin.py:190} INFO - Append 1 dòng mới vào /opt/***/data/lake/VWS.csv
[2025-10-07T13:30:16.261+0000] {logging_mixin.py:190} INFO - ✅ Hoàn tất VWS, thêm 1 dòng mới.
[2025-10-07T13:30:18.262+0000] {logging_mixin.py:190} INFO - 🚦 Giới hạn API đạt mức tối đa, chờ 2.2s...
[2025-10-07T13:30:20.487+0000] {logging_mixin.py:190} INFO - ⬇️ Bắt đầu xử lý symbol = VW3
[2025-10-07T13:30:20.502+0000] {logging_mixin.py:190} INFO - ⚠️ Không đọc được file cũ VW3: 'date'
[2025-10-07T13:30:20.508+0000] {logging_mixin.py:190} INFO - VW3: trích dữ liệu từ 2025-10-02 đến 2025-10-07
[2025-10-07T13:30:25.083+0000] {logging_mixin.py:190} INFO - Không tìm thấy dữ liệu cho VW3
[2025-10-07T13:30:25.084+0000] {logging_mixin.py:190} INFO - ℹ️ VW3: Không có dữ liệu mới.
[2025-10-07T13:30:25.085+0000] {logging_mixin.py:190} INFO - ⬇️ Bắt đầu xử lý symbol = VVS
[2025-10-07T13:30:25.092+0000] {logging_mixin.py:190} INFO - ⚠️ Không đọc được file cũ VVS: 'date'
[2025-10-07T13:30:25.101+0000] {logging_mixin.py:190} INFO - VVS: trích dữ liệu từ 2025-10-04 đến 2025-10-07
[2025-10-07T13:30:25.288+0000] {logging_mixin.py:190} INFO - Trích xuất 2 dòng mới cho VVS
[2025-10-07T13:30:25.296+0000] {logging_mixin.py:190} INFO - Append 2 dòng mới vào /opt/***/data/lake/VVS.csv
[2025-10-07T13:30:25.297+0000] {logging_mixin.py:190} INFO - ✅ Hoàn tất VVS, thêm 2 dòng mới.
[2025-10-07T13:30:27.297+0000] {logging_mixin.py:190} INFO - 🚦 Giới hạn API đạt mức tối đa, chờ 38.1s...
[2025-10-07T13:31:05.293+0000] {logging_mixin.py:190} INFO - ⬇️ Bắt đầu xử lý symbol = VVN
[2025-10-07T13:31:05.303+0000] {logging_mixin.py:190} INFO - ⚠️ Không đọc được file cũ VVN: 'date'
[2025-10-07T13:31:05.311+0000] {logging_mixin.py:190} INFO - VVN: trích dữ liệu từ 2025-09-13 đến 2025-10-07
[2025-10-07T13:31:10.025+0000] {logging_mixin.py:190} INFO - Không tìm thấy dữ liệu cho VVN
[2025-10-07T13:31:10.026+0000] {logging_mixin.py:190} INFO - ℹ️ VVN: Không có dữ liệu mới.
[2025-10-07T13:31:10.027+0000] {logging_mixin.py:190} INFO - 🚦 Giới hạn API đạt mức tối đa, chờ 0.5s...
[2025-10-07T13:31:10.551+0000] {logging_mixin.py:190} INFO - ⬇️ Bắt đầu xử lý symbol = VUA
[2025-10-07T13:31:10.565+0000] {logging_mixin.py:190} INFO - ⚠️ Không đọc được file cũ VUA: 'date'
[2025-10-07T13:31:10.572+0000] {logging_mixin.py:190} INFO - VUA: trích dữ liệu từ 2025-10-04 đến 2025-10-07
[2025-10-07T13:31:10.859+0000] {logging_mixin.py:190} INFO - Trích xuất 2 dòng mới cho VUA
[2025-10-07T13:31:10.866+0000] {logging_mixin.py:190} INFO - Append 2 dòng mới vào /opt/***/data/lake/VUA.csv
[2025-10-07T13:31:10.866+0000] {logging_mixin.py:190} INFO - ✅ Hoàn tất VUA, thêm 2 dòng mới.
[2025-10-07T13:31:12.867+0000] {logging_mixin.py:190} INFO - 🚦 Giới hạn API đạt mức tối đa, chờ 2.9s...
[2025-10-07T13:31:15.726+0000] {logging_mixin.py:190} INFO - ⬇️ Bắt đầu xử lý symbol = VTZ
[2025-10-07T13:31:15.732+0000] {logging_mixin.py:190} INFO - ⚠️ Không đọc được file cũ VTZ: 'date'
[2025-10-07T13:31:15.738+0000] {logging_mixin.py:190} INFO - VTZ: trích dữ liệu từ 2025-10-04 đến 2025-10-07
[2025-10-07T13:31:15.997+0000] {logging_mixin.py:190} INFO - Trích xuất 2 dòng mới cho VTZ
[2025-10-07T13:31:16.003+0000] {logging_mixin.py:190} INFO - Append 2 dòng mới vào /opt/***/data/lake/VTZ.csv
[2025-10-07T13:31:16.003+0000] {logging_mixin.py:190} INFO - ✅ Hoàn tất VTZ, thêm 2 dòng mới.
[2025-10-07T13:31:18.006+0000] {logging_mixin.py:190} INFO - 🚦 Giới hạn API đạt mức tối đa, chờ 2.5s...
[2025-10-07T13:31:20.489+0000] {logging_mixin.py:190} INFO - ⬇️ Bắt đầu xử lý symbol = VTX
[2025-10-07T13:31:20.497+0000] {logging_mixin.py:190} INFO - ⚠️ Không đọc được file cũ VTX: 'date'
[2025-10-07T13:31:20.504+0000] {logging_mixin.py:190} INFO - VTX: trích dữ liệu từ 2025-10-01 đến 2025-10-07
[2025-10-07T13:31:25.057+0000] {logging_mixin.py:190} INFO - Không tìm thấy dữ liệu cho VTX
[2025-10-07T13:31:25.059+0000] {logging_mixin.py:190} INFO - ℹ️ VTX: Không có dữ liệu mới.
[2025-10-07T13:31:25.060+0000] {logging_mixin.py:190} INFO - 🚦 Giới hạn API đạt mức tối đa, chờ 0.0s...
[2025-10-07T13:31:25.086+0000] {logging_mixin.py:190} INFO - ⬇️ Bắt đầu xử lý symbol = VTV
[2025-10-07T13:31:25.097+0000] {logging_mixin.py:190} INFO - ⚠️ Không đọc được file cũ VTV: 'date'
[2025-10-07T13:31:25.110+0000] {logging_mixin.py:190} INFO - VTV: trích dữ liệu từ 2025-10-04 đến 2025-10-07
[2025-10-07T13:31:25.421+0000] {logging_mixin.py:190} INFO - Trích xuất 2 dòng mới cho VTV
[2025-10-07T13:31:25.428+0000] {logging_mixin.py:190} INFO - Append 2 dòng mới vào /opt/***/data/lake/VTV.csv
[2025-10-07T13:31:25.428+0000] {logging_mixin.py:190} INFO - ✅ Hoàn tất VTV, thêm 2 dòng mới.
[2025-10-07T13:31:27.429+0000] {logging_mixin.py:190} INFO - 🚦 Giới hạn API đạt mức tối đa, chờ 37.9s...
[2025-10-07T13:32:05.147+0000] {logging_mixin.py:190} INFO - ⬇️ Bắt đầu xử lý symbol = VTS
[2025-10-07T13:32:05.155+0000] {logging_mixin.py:190} INFO - ⚠️ Không đọc được file cũ VTS: 'date'
[2025-10-07T13:32:05.161+0000] {logging_mixin.py:190} INFO - VTS: trích dữ liệu từ 2025-08-23 đến 2025-10-07
[2025-10-07T13:32:10.078+0000] {logging_mixin.py:190} INFO - Không tìm thấy dữ liệu cho VTS
[2025-10-07T13:32:10.079+0000] {logging_mixin.py:190} INFO - ℹ️ VTS: Không có dữ liệu mới.
[2025-10-07T13:32:10.079+0000] {logging_mixin.py:190} INFO - 🚦 Giới hạn API đạt mức tối đa, chờ 0.5s...
[2025-10-07T13:32:10.552+0000] {logging_mixin.py:190} INFO - ⬇️ Bắt đầu xử lý symbol = VTR
[2025-10-07T13:32:10.560+0000] {logging_mixin.py:190} INFO - ⚠️ Không đọc được file cũ VTR: 'date'
[2025-10-07T13:32:10.567+0000] {logging_mixin.py:190} INFO - VTR: trích dữ liệu từ 2025-10-04 đến 2025-10-07
[2025-10-07T13:32:10.737+0000] {logging_mixin.py:190} INFO - Trích xuất 2 dòng mới cho VTR
[2025-10-07T13:32:10.742+0000] {logging_mixin.py:190} INFO - Append 2 dòng mới vào /opt/***/data/lake/VTR.csv
[2025-10-07T13:32:10.743+0000] {logging_mixin.py:190} INFO - ✅ Hoàn tất VTR, thêm 2 dòng mới.
[2025-10-07T13:32:12.744+0000] {logging_mixin.py:190} INFO - 🚦 Giới hạn API đạt mức tối đa, chờ 3.0s...
[2025-10-07T13:32:15.727+0000] {logging_mixin.py:190} INFO - ⬇️ Bắt đầu xử lý symbol = VTQ
[2025-10-07T13:32:15.789+0000] {logging_mixin.py:190} INFO - ⚠️ Không đọc được file cũ VTQ: 'date'
[2025-10-07T13:32:15.803+0000] {logging_mixin.py:190} INFO - VTQ: trích dữ liệu từ 2025-09-25 đến 2025-10-07
[2025-10-07T13:32:20.382+0000] {logging_mixin.py:190} INFO - Không tìm thấy dữ liệu cho VTQ
[2025-10-07T13:32:20.384+0000] {logging_mixin.py:190} INFO - ℹ️ VTQ: Không có dữ liệu mới.
[2025-10-07T13:32:20.385+0000] {logging_mixin.py:190} INFO - 🚦 Giới hạn API đạt mức tối đa, chờ 0.1s...
[2025-10-07T13:32:20.490+0000] {logging_mixin.py:190} INFO - ⬇️ Bắt đầu xử lý symbol = VTP
[2025-10-07T13:32:20.501+0000] {logging_mixin.py:190} INFO - ⚠️ Không đọc được file cũ VTP: 'date'
[2025-10-07T13:32:20.512+0000] {logging_mixin.py:190} INFO - VTP: trích dữ liệu từ 2025-10-04 đến 2025-10-07
[2025-10-07T13:32:20.794+0000] {logging_mixin.py:190} INFO - Trích xuất 2 dòng mới cho VTP
[2025-10-07T13:32:20.809+0000] {logging_mixin.py:190} INFO - Append 2 dòng mới vào /opt/***/data/lake/VTP.csv
[2025-10-07T13:32:20.810+0000] {logging_mixin.py:190} INFO - ✅ Hoàn tất VTP, thêm 2 dòng mới.
[2025-10-07T13:32:22.811+0000] {logging_mixin.py:190} INFO - 🚦 Giới hạn API đạt mức tối đa, chờ 2.3s...
[2025-10-07T13:32:24.936+0000] {logging_mixin.py:190} INFO - ⬇️ Bắt đầu xử lý symbol = VTO
[2025-10-07T13:32:25.050+0000] {logging_mixin.py:190} INFO - ⚠️ Không đọc được file cũ VTO: 'date'
[2025-10-07T13:32:25.092+0000] {logging_mixin.py:190} INFO - VTO: trích dữ liệu từ 2025-10-04 đến 2025-10-07
[2025-10-07T13:32:25.367+0000] {logging_mixin.py:190} INFO - Trích xuất 2 dòng mới cho VTO
[2025-10-07T13:32:25.418+0000] {logging_mixin.py:190} INFO - Append 2 dòng mới vào /opt/***/data/lake/VTO.csv
[2025-10-07T13:32:25.431+0000] {logging_mixin.py:190} INFO - ✅ Hoàn tất VTO, thêm 2 dòng mới.
[2025-10-07T13:32:27.432+0000] {logging_mixin.py:190} INFO - 🚦 Giới hạn API đạt mức tối đa, chờ 37.7s...
[2025-10-07T13:33:05.029+0000] {logging_mixin.py:190} INFO - ⬇️ Bắt đầu xử lý symbol = VTM
[2025-10-07T13:33:05.038+0000] {logging_mixin.py:190} INFO - ⚠️ Không đọc được file cũ VTM: 'date'
[2025-10-07T13:33:05.048+0000] {logging_mixin.py:190} INFO - VTM: trích dữ liệu từ 2024-07-26 đến 2025-10-07
[2025-10-07T13:33:09.729+0000] {logging_mixin.py:190} INFO - Không tìm thấy dữ liệu cho VTM
[2025-10-07T13:33:09.731+0000] {logging_mixin.py:190} INFO - ℹ️ VTM: Không có dữ liệu mới.
[2025-10-07T13:33:09.732+0000] {logging_mixin.py:190} INFO - 🚦 Giới hạn API đạt mức tối đa, chờ 0.8s...
[2025-10-07T13:33:10.556+0000] {logging_mixin.py:190} INFO - ⬇️ Bắt đầu xử lý symbol = VTL
[2025-10-07T13:33:10.571+0000] {logging_mixin.py:190} INFO - ⚠️ Không đọc được file cũ VTL: 'date'
[2025-10-07T13:33:10.577+0000] {logging_mixin.py:190} INFO - VTL: trích dữ liệu từ 2025-09-27 đến 2025-10-07
[2025-10-07T13:33:10.747+0000] {logging_mixin.py:190} INFO - Trích xuất 2 dòng mới cho VTL
[2025-10-07T13:33:10.754+0000] {logging_mixin.py:190} INFO - Append 2 dòng mới vào /opt/***/data/lake/VTL.csv
[2025-10-07T13:33:10.755+0000] {logging_mixin.py:190} INFO - ✅ Hoàn tất VTL, thêm 2 dòng mới.
[2025-10-07T13:33:12.755+0000] {logging_mixin.py:190} INFO - 🚦 Giới hạn API đạt mức tối đa, chờ 3.0s...
[2025-10-07T13:33:15.728+0000] {logging_mixin.py:190} INFO - ⬇️ Bắt đầu xử lý symbol = VTK
[2025-10-07T13:33:15.736+0000] {logging_mixin.py:190} INFO - ⚠️ Không đọc được file cũ VTK: 'date'
[2025-10-07T13:33:15.744+0000] {logging_mixin.py:190} INFO - VTK: trích dữ liệu từ 2025-10-04 đến 2025-10-07
[2025-10-07T13:33:15.986+0000] {logging_mixin.py:190} INFO - Trích xuất 2 dòng mới cho VTK
[2025-10-07T13:33:15.994+0000] {logging_mixin.py:190} INFO - Append 2 dòng mới vào /opt/***/data/lake/VTK.csv
[2025-10-07T13:33:15.994+0000] {logging_mixin.py:190} INFO - ✅ Hoàn tất VTK, thêm 2 dòng mới.
[2025-10-07T13:33:17.996+0000] {logging_mixin.py:190} INFO - 🚦 Giới hạn API đạt mức tối đa, chờ 2.5s...
[2025-10-07T13:33:20.491+0000] {logging_mixin.py:190} INFO - ⬇️ Bắt đầu xử lý symbol = VTJ
[2025-10-07T13:33:20.503+0000] {logging_mixin.py:190} INFO - ⚠️ Không đọc được file cũ VTJ: 'date'
[2025-10-07T13:33:20.511+0000] {logging_mixin.py:190} INFO - VTJ: trích dữ liệu từ 2025-10-04 đến 2025-10-07
[2025-10-07T13:33:20.706+0000] {logging_mixin.py:190} INFO - Trích xuất 1 dòng mới cho VTJ
[2025-10-07T13:33:20.713+0000] {logging_mixin.py:190} INFO - Append 1 dòng mới vào /opt/***/data/lake/VTJ.csv
[2025-10-07T13:33:20.714+0000] {logging_mixin.py:190} INFO - ✅ Hoàn tất VTJ, thêm 1 dòng mới.
[2025-10-07T13:33:22.715+0000] {logging_mixin.py:190} INFO - 🚦 Giới hạn API đạt mức tối đa, chờ 2.2s...
[2025-10-07T13:33:24.786+0000] {logging_mixin.py:190} INFO - ⬇️ Bắt đầu xử lý symbol = VTI
[2025-10-07T13:33:24.794+0000] {logging_mixin.py:190} INFO - ⚠️ Không đọc được file cũ VTI: 'date'
[2025-10-07T13:33:24.801+0000] {logging_mixin.py:190} INFO - VTI: trích dữ liệu từ 2025-08-30 đến 2025-10-07
[2025-10-07T13:33:29.422+0000] {logging_mixin.py:190} INFO - Không tìm thấy dữ liệu cho VTI
[2025-10-07T13:33:29.424+0000] {logging_mixin.py:190} INFO - ℹ️ VTI: Không có dữ liệu mới.
[2025-10-07T13:33:29.425+0000] {logging_mixin.py:190} INFO - 🚦 Giới hạn API đạt mức tối đa, chờ 35.6s...
[2025-10-07T13:34:04.879+0000] {logging_mixin.py:190} INFO - ⬇️ Bắt đầu xử lý symbol = VTH
[2025-10-07T13:34:04.894+0000] {logging_mixin.py:190} INFO - ⚠️ Không đọc được file cũ VTH: 'date'
[2025-10-07T13:34:04.901+0000] {logging_mixin.py:190} INFO - VTH: trích dữ liệu từ 2025-10-04 đến 2025-10-07
[2025-10-07T13:34:05.157+0000] {logging_mixin.py:190} INFO - Trích xuất 1 dòng mới cho VTH
[2025-10-07T13:34:05.165+0000] {logging_mixin.py:190} INFO - Append 1 dòng mới vào /opt/***/data/lake/VTH.csv
[2025-10-07T13:34:05.165+0000] {logging_mixin.py:190} INFO - ✅ Hoàn tất VTH, thêm 1 dòng mới.
[2025-10-07T13:34:07.166+0000] {logging_mixin.py:190} INFO - 🚦 Giới hạn API đạt mức tối đa, chờ 3.4s...
[2025-10-07T13:34:10.557+0000] {logging_mixin.py:190} INFO - ⬇️ Bắt đầu xử lý symbol = VTG
[2025-10-07T13:34:10.573+0000] {logging_mixin.py:190} INFO - ⚠️ Không đọc được file cũ VTG: 'date'
[2025-10-07T13:34:10.580+0000] {logging_mixin.py:190} INFO - VTG: trích dữ liệu từ 2025-09-13 đến 2025-10-07
[2025-10-07T13:34:15.297+0000] {logging_mixin.py:190} INFO - Không tìm thấy dữ liệu cho VTG
[2025-10-07T13:34:15.299+0000] {logging_mixin.py:190} INFO - ℹ️ VTG: Không có dữ liệu mới.
[2025-10-07T13:34:15.299+0000] {logging_mixin.py:190} INFO - 🚦 Giới hạn API đạt mức tối đa, chờ 0.4s...
[2025-10-07T13:34:15.729+0000] {logging_mixin.py:190} INFO - ⬇️ Bắt đầu xử lý symbol = VTE
[2025-10-07T13:34:15.738+0000] {logging_mixin.py:190} INFO - ⚠️ Không đọc được file cũ VTE: 'date'
[2025-10-07T13:34:15.746+0000] {logging_mixin.py:190} INFO - VTE: trích dữ liệu từ 2025-10-01 đến 2025-10-07
[2025-10-07T13:34:15.952+0000] {logging_mixin.py:190} INFO - Trích xuất 1 dòng mới cho VTE
[2025-10-07T13:34:15.960+0000] {logging_mixin.py:190} INFO - Append 1 dòng mới vào /opt/***/data/lake/VTE.csv
[2025-10-07T13:34:15.960+0000] {logging_mixin.py:190} INFO - ✅ Hoàn tất VTE, thêm 1 dòng mới.
[2025-10-07T13:34:17.962+0000] {logging_mixin.py:190} INFO - 🚦 Giới hạn API đạt mức tối đa, chờ 2.5s...
[2025-10-07T13:34:20.493+0000] {logging_mixin.py:190} INFO - ⬇️ Bắt đầu xử lý symbol = VTD
[2025-10-07T13:34:20.509+0000] {logging_mixin.py:190} INFO - ⚠️ Không đọc được file cũ VTD: 'date'
[2025-10-07T13:34:20.518+0000] {logging_mixin.py:190} INFO - VTD: trích dữ liệu từ 2025-10-04 đến 2025-10-07
[2025-10-07T13:34:20.737+0000] {logging_mixin.py:190} INFO - Trích xuất 2 dòng mới cho VTD
[2025-10-07T13:34:20.747+0000] {logging_mixin.py:190} INFO - Append 2 dòng mới vào /opt/***/data/lake/VTD.csv
[2025-10-07T13:34:20.747+0000] {logging_mixin.py:190} INFO - ✅ Hoàn tất VTD, thêm 2 dòng mới.
[2025-10-07T13:34:22.595+0000] {logging_mixin.py:190} INFO - 🚦 Giới hạn API đạt mức tối đa, chờ 2.2s...
[2025-10-07T13:34:24.787+0000] {logging_mixin.py:190} INFO - ⬇️ Bắt đầu xử lý symbol = VTC
[2025-10-07T13:34:24.794+0000] {logging_mixin.py:190} INFO - ⚠️ Không đọc được file cũ VTC: 'date'
[2025-10-07T13:34:24.800+0000] {logging_mixin.py:190} INFO - VTC: trích dữ liệu từ 2025-10-04 đến 2025-10-07
[2025-10-07T13:34:29.614+0000] {logging_mixin.py:190} INFO - Không tìm thấy dữ liệu cho VTC
[2025-10-07T13:34:29.616+0000] {logging_mixin.py:190} INFO - ℹ️ VTC: Không có dữ liệu mới.
[2025-10-07T13:34:29.616+0000] {logging_mixin.py:190} INFO - 🚦 Giới hạn API đạt mức tối đa, chờ 35.3s...
[2025-10-07T13:35:04.727+0000] {logging_mixin.py:190} INFO - ⬇️ Bắt đầu xử lý symbol = VTB
[2025-10-07T13:35:04.745+0000] {logging_mixin.py:190} INFO - ⚠️ Không đọc được file cũ VTB: 'date'
[2025-10-07T13:35:04.753+0000] {logging_mixin.py:190} INFO - VTB: trích dữ liệu từ 2025-10-04 đến 2025-10-07
[2025-10-07T13:35:04.899+0000] {logging_mixin.py:190} INFO - Trích xuất 2 dòng mới cho VTB
[2025-10-07T13:35:04.905+0000] {logging_mixin.py:190} INFO - Append 2 dòng mới vào /opt/***/data/lake/VTB.csv
[2025-10-07T13:35:04.905+0000] {logging_mixin.py:190} INFO - ✅ Hoàn tất VTB, thêm 2 dòng mới.
[2025-10-07T13:35:06.908+0000] {logging_mixin.py:190} INFO - 🚦 Giới hạn API đạt mức tối đa, chờ 3.6s...
[2025-10-07T13:35:10.558+0000] {logging_mixin.py:190} INFO - ⬇️ Bắt đầu xử lý symbol = VTA
[2025-10-07T13:35:10.566+0000] {logging_mixin.py:190} INFO - ⚠️ Không đọc được file cũ VTA: 'date'
[2025-10-07T13:35:10.573+0000] {logging_mixin.py:190} INFO - VTA: trích dữ liệu từ 2025-10-04 đến 2025-10-07
[2025-10-07T13:35:10.786+0000] {logging_mixin.py:190} INFO - Trích xuất 2 dòng mới cho VTA
[2025-10-07T13:35:10.793+0000] {logging_mixin.py:190} INFO - Append 2 dòng mới vào /opt/***/data/lake/VTA.csv
[2025-10-07T13:35:10.793+0000] {logging_mixin.py:190} INFO - ✅ Hoàn tất VTA, thêm 2 dòng mới.
[2025-10-07T13:35:12.796+0000] {logging_mixin.py:190} INFO - 🚦 Giới hạn API đạt mức tối đa, chờ 2.9s...
[2025-10-07T13:35:15.733+0000] {logging_mixin.py:190} INFO - ⬇️ Bắt đầu xử lý symbol = VST
[2025-10-07T13:35:15.750+0000] {logging_mixin.py:190} INFO - ⚠️ Không đọc được file cũ VST: 'date'
[2025-10-07T13:35:15.757+0000] {logging_mixin.py:190} INFO - VST: trích dữ liệu từ 2025-10-04 đến 2025-10-07
[2025-10-07T13:35:20.371+0000] {logging_mixin.py:190} INFO - Không tìm thấy dữ liệu cho VST
[2025-10-07T13:35:20.372+0000] {logging_mixin.py:190} INFO - ℹ️ VST: Không có dữ liệu mới.
[2025-10-07T13:35:20.373+0000] {logging_mixin.py:190} INFO - 🚦 Giới hạn API đạt mức tối đa, chờ 0.1s...
[2025-10-07T13:35:20.493+0000] {logging_mixin.py:190} INFO - ⬇️ Bắt đầu xử lý symbol = VSP
[2025-10-07T13:35:20.499+0000] {logging_mixin.py:190} INFO - ⚠️ Không đọc được file cũ VSP: 'date'
[2025-10-07T13:35:20.504+0000] {logging_mixin.py:190} INFO - VSP: trích dữ liệu từ 2022-07-29 đến 2025-10-07
[2025-10-07T13:35:25.107+0000] {logging_mixin.py:190} INFO - Không tìm thấy dữ liệu cho VSP
[2025-10-07T13:35:25.109+0000] {logging_mixin.py:190} INFO - ℹ️ VSP: Không có dữ liệu mới.
[2025-10-07T13:35:25.109+0000] {logging_mixin.py:190} INFO - ⬇️ Bắt đầu xử lý symbol = VSN
[2025-10-07T13:35:25.117+0000] {logging_mixin.py:190} INFO - ⚠️ Không đọc được file cũ VSN: 'date'
[2025-10-07T13:35:25.123+0000] {logging_mixin.py:190} INFO - VSN: trích dữ liệu từ 2025-10-04 đến 2025-10-07
[2025-10-07T13:35:25.259+0000] {logging_mixin.py:190} INFO - Trích xuất 2 dòng mới cho VSN
[2025-10-07T13:35:25.266+0000] {logging_mixin.py:190} INFO - Append 2 dòng mới vào /opt/***/data/lake/VSN.csv
[2025-10-07T13:35:25.266+0000] {logging_mixin.py:190} INFO - ✅ Hoàn tất VSN, thêm 2 dòng mới.
[2025-10-07T13:35:27.267+0000] {python.py:240} INFO - Done. Returned value was: None
[2025-10-07T13:35:27.278+0000] {taskinstance.py:341} INFO - ::group::Post task execution logs
[2025-10-07T13:35:27.279+0000] {taskinstance.py:353} INFO - Marking task as SUCCESS. dag_id=vnstock_weekly_etl_incremental, task_id=process_batch, run_id=manual__2025-10-07T10:44:44.201464+00:00, map_index=0, execution_date=20251007T104444, start_date=20251007T132605, end_date=20251007T133527
[2025-10-07T13:35:27.344+0000] {local_task_job_runner.py:266} INFO - Task exited with return code 0
[2025-10-07T13:35:27.486+0000] {taskinstance.py:3901} INFO - 0 downstream tasks scheduled from follow-on schedule check
[2025-10-07T13:35:27.489+0000] {local_task_job_runner.py:245} INFO - ::endgroup::
