[2025-10-07T12:38:30.506+0000] {local_task_job_runner.py:123} INFO - ::group::Pre task execution logs
[2025-10-07T12:38:30.525+0000] {taskinstance.py:2614} INFO - Dependencies all met for dep_context=non-requeueable deps ti=<TaskInstance: vnstock_weekly_etl_incremental.process_batch manual__2025-10-07T10:43:54.222487+00:00 map_index=15 [queued]>
[2025-10-07T12:38:30.536+0000] {taskinstance.py:2614} INFO - Dependencies all met for dep_context=requeueable deps ti=<TaskInstance: vnstock_weekly_etl_incremental.process_batch manual__2025-10-07T10:43:54.222487+00:00 map_index=15 [queued]>
[2025-10-07T12:38:30.537+0000] {taskinstance.py:2867} INFO - Starting attempt 1 of 3
[2025-10-07T12:38:30.548+0000] {taskinstance.py:2890} INFO - Executing <Mapped(_PythonDecoratedOperator): process_batch> on 2025-10-07 10:43:54.222487+00:00
[2025-10-07T12:38:30.557+0000] {logging_mixin.py:190} WARNING - /home/***/.local/lib/python3.12/site-packages/***/task/task_runner/standard_task_runner.py:70 DeprecationWarning: This process (pid=13581) is multi-threaded, use of fork() may lead to deadlocks in the child.
[2025-10-07T12:38:30.558+0000] {standard_task_runner.py:72} INFO - Started process 13591 to run task
[2025-10-07T12:38:30.558+0000] {standard_task_runner.py:104} INFO - Running: ['***', 'tasks', 'run', 'vnstock_weekly_etl_incremental', 'process_batch', 'manual__2025-10-07T10:43:54.222487+00:00', '--job-id', '174', '--raw', '--subdir', 'DAGS_FOLDER/dag.py', '--cfg-path', '/tmp/tmpezyczv3y', '--map-index', '15']
[2025-10-07T12:38:30.560+0000] {standard_task_runner.py:105} INFO - Job 174: Subtask process_batch
[2025-10-07T12:38:30.574+0000] {logging_mixin.py:190} WARNING - /home/***/.local/lib/python3.12/site-packages/***/settings.py:209 DeprecationWarning: The sql_alchemy_conn option in [core] has been moved to the sql_alchemy_conn option in [database] - the old setting has been used, but please update your config.
[2025-10-07T12:38:30.615+0000] {task_command.py:467} INFO - Running <TaskInstance: vnstock_weekly_etl_incremental.process_batch manual__2025-10-07T10:43:54.222487+00:00 map_index=15 [running]> on host e3278e0f0bbc
[2025-10-07T12:38:30.853+0000] {taskinstance.py:3134} INFO - Exporting env vars: AIRFLOW_CTX_DAG_OWNER='***' AIRFLOW_CTX_DAG_ID='vnstock_weekly_etl_incremental' AIRFLOW_CTX_TASK_ID='process_batch' AIRFLOW_CTX_EXECUTION_DATE='2025-10-07T10:43:54.222487+00:00' AIRFLOW_CTX_TRY_NUMBER='1' AIRFLOW_CTX_DAG_RUN_ID='manual__2025-10-07T10:43:54.222487+00:00'
[2025-10-07T12:38:30.855+0000] {taskinstance.py:732} INFO - ::endgroup::
[2025-10-07T12:38:30.858+0000] {logging_mixin.py:190} INFO - ⬇️ Bắt đầu xử lý symbol = NUE
[2025-10-07T12:38:30.874+0000] {logging_mixin.py:190} INFO - ⚠️ Không đọc được file cũ NUE: 'date'
[2025-10-07T12:38:30.885+0000] {logging_mixin.py:190} INFO - NUE: trích dữ liệu từ 2025-10-08 đến 2025-10-07
[2025-10-07T12:38:35.934+0000] {logging_mixin.py:190} INFO - Không tìm thấy dữ liệu cho NUE
[2025-10-07T12:38:35.935+0000] {logging_mixin.py:190} INFO - ℹ️ NUE: Không có dữ liệu mới.
[2025-10-07T12:38:35.936+0000] {logging_mixin.py:190} INFO - ⬇️ Bắt đầu xử lý symbol = NTW
[2025-10-07T12:38:35.942+0000] {logging_mixin.py:190} INFO - ⚠️ Không đọc được file cũ NTW: 'date'
[2025-10-07T12:38:35.950+0000] {logging_mixin.py:190} INFO - NTW: trích dữ liệu từ 2025-10-03 đến 2025-10-07
[2025-10-07T12:38:40.681+0000] {logging_mixin.py:190} INFO - Không tìm thấy dữ liệu cho NTW
[2025-10-07T12:38:40.682+0000] {logging_mixin.py:190} INFO - ℹ️ NTW: Không có dữ liệu mới.
[2025-10-07T12:38:40.683+0000] {logging_mixin.py:190} INFO - ⬇️ Bắt đầu xử lý symbol = NTT
[2025-10-07T12:38:40.689+0000] {logging_mixin.py:190} INFO - ⚠️ Không đọc được file cũ NTT: 'date'
[2025-10-07T12:38:40.695+0000] {logging_mixin.py:190} INFO - NTT: trích dữ liệu từ 2025-09-17 đến 2025-10-07
[2025-10-07T12:38:45.213+0000] {logging_mixin.py:190} INFO - Không tìm thấy dữ liệu cho NTT
[2025-10-07T12:38:45.215+0000] {logging_mixin.py:190} INFO - ℹ️ NTT: Không có dữ liệu mới.
[2025-10-07T12:38:45.215+0000] {logging_mixin.py:190} INFO - ⬇️ Bắt đầu xử lý symbol = NTP
[2025-10-07T12:38:45.230+0000] {logging_mixin.py:190} INFO - ⚠️ Không đọc được file cũ NTP: 'date'
[2025-10-07T12:38:45.237+0000] {logging_mixin.py:190} INFO - NTP: trích dữ liệu từ 2025-10-08 đến 2025-10-07
[2025-10-07T12:38:49.906+0000] {logging_mixin.py:190} INFO - Không tìm thấy dữ liệu cho NTP
[2025-10-07T12:38:49.907+0000] {logging_mixin.py:190} INFO - ℹ️ NTP: Không có dữ liệu mới.
[2025-10-07T12:38:49.908+0000] {logging_mixin.py:190} INFO - ⬇️ Bắt đầu xử lý symbol = NTL
[2025-10-07T12:38:49.915+0000] {logging_mixin.py:190} INFO - ⚠️ Không đọc được file cũ NTL: 'date'
[2025-10-07T12:38:49.921+0000] {logging_mixin.py:190} INFO - NTL: trích dữ liệu từ 2025-10-08 đến 2025-10-07
[2025-10-07T12:38:54.777+0000] {logging_mixin.py:190} INFO - Không tìm thấy dữ liệu cho NTL
[2025-10-07T12:38:54.779+0000] {logging_mixin.py:190} INFO - ℹ️ NTL: Không có dữ liệu mới.
[2025-10-07T12:38:54.779+0000] {logging_mixin.py:190} INFO - 🚦 Giới hạn API đạt mức tối đa, chờ 36.1s...
[2025-10-07T12:39:30.884+0000] {logging_mixin.py:190} INFO - ⬇️ Bắt đầu xử lý symbol = NTH
[2025-10-07T12:39:30.895+0000] {logging_mixin.py:190} INFO - ⚠️ Không đọc được file cũ NTH: 'date'
[2025-10-07T12:39:30.903+0000] {logging_mixin.py:190} INFO - NTH: trích dữ liệu từ 2025-10-04 đến 2025-10-07
[2025-10-07T12:39:31.157+0000] {logging_mixin.py:190} INFO - Trích xuất 2 dòng mới cho NTH
[2025-10-07T12:39:31.166+0000] {logging_mixin.py:190} INFO - Append 2 dòng mới vào /opt/***/data/lake/NTH.csv
[2025-10-07T12:39:31.167+0000] {logging_mixin.py:190} INFO - ✅ Hoàn tất NTH, thêm 2 dòng mới.
[2025-10-07T12:39:33.167+0000] {logging_mixin.py:190} INFO - 🚦 Giới hạn API đạt mức tối đa, chờ 2.8s...
[2025-10-07T12:39:35.937+0000] {logging_mixin.py:190} INFO - ⬇️ Bắt đầu xử lý symbol = NTF
[2025-10-07T12:39:35.954+0000] {logging_mixin.py:190} INFO - ⚠️ Không đọc được file cũ NTF: 'date'
[2025-10-07T12:39:35.962+0000] {logging_mixin.py:190} INFO - NTF: trích dữ liệu từ 2025-08-14 đến 2025-10-07
[2025-10-07T12:39:40.746+0000] {logging_mixin.py:190} INFO - Không tìm thấy dữ liệu cho NTF
[2025-10-07T12:39:40.748+0000] {logging_mixin.py:190} INFO - ℹ️ NTF: Không có dữ liệu mới.
[2025-10-07T12:39:40.749+0000] {logging_mixin.py:190} INFO - ⬇️ Bắt đầu xử lý symbol = NTC
[2025-10-07T12:39:40.757+0000] {logging_mixin.py:190} INFO - ⚠️ Không đọc được file cũ NTC: 'date'
[2025-10-07T12:39:40.763+0000] {logging_mixin.py:190} INFO - NTC: trích dữ liệu từ 2025-10-04 đến 2025-10-07
[2025-10-07T12:39:41.090+0000] {logging_mixin.py:190} INFO - Trích xuất 2 dòng mới cho NTC
[2025-10-07T12:39:41.097+0000] {logging_mixin.py:190} INFO - Append 2 dòng mới vào /opt/***/data/lake/NTC.csv
[2025-10-07T12:39:41.097+0000] {logging_mixin.py:190} INFO - ✅ Hoàn tất NTC, thêm 2 dòng mới.
[2025-10-07T12:39:43.098+0000] {logging_mixin.py:190} INFO - 🚦 Giới hạn API đạt mức tối đa, chờ 2.1s...
[2025-10-07T12:39:45.227+0000] {logging_mixin.py:190} INFO - ⬇️ Bắt đầu xử lý symbol = NTB
[2025-10-07T12:39:45.235+0000] {logging_mixin.py:190} INFO - ⚠️ Không đọc được file cũ NTB: 'date'
[2025-10-07T12:39:45.242+0000] {logging_mixin.py:190} INFO - NTB: trích dữ liệu từ 2024-07-26 đến 2025-10-07
[2025-10-07T12:39:50.155+0000] {logging_mixin.py:190} INFO - Không tìm thấy dữ liệu cho NTB
[2025-10-07T12:39:50.157+0000] {logging_mixin.py:190} INFO - ℹ️ NTB: Không có dữ liệu mới.
[2025-10-07T12:39:50.157+0000] {logging_mixin.py:190} INFO - ⬇️ Bắt đầu xử lý symbol = NT2
[2025-10-07T12:39:50.171+0000] {logging_mixin.py:190} INFO - ⚠️ Không đọc được file cũ NT2: 'date'
[2025-10-07T12:39:50.178+0000] {logging_mixin.py:190} INFO - NT2: trích dữ liệu từ 2025-10-04 đến 2025-10-07
[2025-10-07T12:39:50.395+0000] {logging_mixin.py:190} INFO - Trích xuất 2 dòng mới cho NT2
[2025-10-07T12:39:50.401+0000] {logging_mixin.py:190} INFO - Append 2 dòng mới vào /opt/***/data/lake/NT2.csv
[2025-10-07T12:39:50.401+0000] {logging_mixin.py:190} INFO - ✅ Hoàn tất NT2, thêm 2 dòng mới.
[2025-10-07T12:39:52.402+0000] {logging_mixin.py:190} INFO - 🚦 Giới hạn API đạt mức tối đa, chờ 38.5s...
[2025-10-07T12:40:30.895+0000] {logging_mixin.py:190} INFO - ⬇️ Bắt đầu xử lý symbol = NST
[2025-10-07T12:40:30.905+0000] {logging_mixin.py:190} INFO - ⚠️ Không đọc được file cũ NST: 'date'
[2025-10-07T12:40:30.911+0000] {logging_mixin.py:190} INFO - NST: trích dữ liệu từ 2025-10-02 đến 2025-10-07
[2025-10-07T12:40:35.608+0000] {logging_mixin.py:190} INFO - Không tìm thấy dữ liệu cho NST
[2025-10-07T12:40:35.610+0000] {logging_mixin.py:190} INFO - ℹ️ NST: Không có dữ liệu mới.
[2025-10-07T12:40:35.610+0000] {logging_mixin.py:190} INFO - 🚦 Giới hạn API đạt mức tối đa, chờ 0.3s...
[2025-10-07T12:40:35.938+0000] {logging_mixin.py:190} INFO - ⬇️ Bắt đầu xử lý symbol = NSS
[2025-10-07T12:40:35.946+0000] {logging_mixin.py:190} INFO - ⚠️ Không đọc được file cũ NSS: 'date'
[2025-10-07T12:40:35.951+0000] {logging_mixin.py:190} INFO - NSS: trích dữ liệu từ 2024-10-24 đến 2025-10-07
[2025-10-07T12:40:40.623+0000] {logging_mixin.py:190} INFO - Không tìm thấy dữ liệu cho NSS
[2025-10-07T12:40:40.625+0000] {logging_mixin.py:190} INFO - ℹ️ NSS: Không có dữ liệu mới.
[2025-10-07T12:40:40.626+0000] {logging_mixin.py:190} INFO - 🚦 Giới hạn API đạt mức tối đa, chờ 0.1s...
[2025-10-07T12:40:40.750+0000] {logging_mixin.py:190} INFO - ⬇️ Bắt đầu xử lý symbol = NSL
[2025-10-07T12:40:40.768+0000] {logging_mixin.py:190} INFO - ⚠️ Không đọc được file cũ NSL: 'date'
[2025-10-07T12:40:40.775+0000] {logging_mixin.py:190} INFO - NSL: trích dữ liệu từ 2025-09-24 đến 2025-10-07
[2025-10-07T12:40:45.611+0000] {logging_mixin.py:190} INFO - Không tìm thấy dữ liệu cho NSL
[2025-10-07T12:40:45.613+0000] {logging_mixin.py:190} INFO - ℹ️ NSL: Không có dữ liệu mới.
[2025-10-07T12:40:45.613+0000] {logging_mixin.py:190} INFO - ⬇️ Bắt đầu xử lý symbol = NSH
[2025-10-07T12:40:45.621+0000] {logging_mixin.py:190} INFO - ⚠️ Không đọc được file cũ NSH: 'date'
[2025-10-07T12:40:45.627+0000] {logging_mixin.py:190} INFO - NSH: trích dữ liệu từ 2025-10-04 đến 2025-10-07
[2025-10-07T12:40:45.809+0000] {logging_mixin.py:190} INFO - Trích xuất 2 dòng mới cho NSH
[2025-10-07T12:40:45.814+0000] {logging_mixin.py:190} INFO - Append 2 dòng mới vào /opt/***/data/lake/NSH.csv
[2025-10-07T12:40:45.815+0000] {logging_mixin.py:190} INFO - ✅ Hoàn tất NSH, thêm 2 dòng mới.
[2025-10-07T12:40:47.816+0000] {logging_mixin.py:190} INFO - 🚦 Giới hạn API đạt mức tối đa, chờ 2.3s...
[2025-10-07T12:40:50.159+0000] {logging_mixin.py:190} INFO - ⬇️ Bắt đầu xử lý symbol = NSG
[2025-10-07T12:40:50.165+0000] {logging_mixin.py:190} INFO - ⚠️ Không đọc được file cũ NSG: 'date'
[2025-10-07T12:40:50.171+0000] {logging_mixin.py:190} INFO - NSG: trích dữ liệu từ 2025-09-20 đến 2025-10-07
[2025-10-07T12:40:54.793+0000] {logging_mixin.py:190} INFO - Không tìm thấy dữ liệu cho NSG
[2025-10-07T12:40:54.795+0000] {logging_mixin.py:190} INFO - ℹ️ NSG: Không có dữ liệu mới.
[2025-10-07T12:40:54.796+0000] {logging_mixin.py:190} INFO - 🚦 Giới hạn API đạt mức tối đa, chờ 36.1s...
[2025-10-07T12:41:30.912+0000] {logging_mixin.py:190} INFO - ⬇️ Bắt đầu xử lý symbol = NSC
[2025-10-07T12:41:30.920+0000] {logging_mixin.py:190} INFO - ⚠️ Không đọc được file cũ NSC: 'date'
[2025-10-07T12:41:30.927+0000] {logging_mixin.py:190} INFO - NSC: trích dữ liệu từ 2025-10-04 đến 2025-10-07
[2025-10-07T12:41:35.442+0000] {logging_mixin.py:190} INFO - Không tìm thấy dữ liệu cho NSC
[2025-10-07T12:41:35.444+0000] {logging_mixin.py:190} INFO - ℹ️ NSC: Không có dữ liệu mới.
[2025-10-07T12:41:35.444+0000] {logging_mixin.py:190} INFO - 🚦 Giới hạn API đạt mức tối đa, chờ 0.5s...
[2025-10-07T12:41:35.939+0000] {logging_mixin.py:190} INFO - ⬇️ Bắt đầu xử lý symbol = NS3
[2025-10-07T12:41:35.947+0000] {logging_mixin.py:190} INFO - ⚠️ Không đọc được file cũ NS3: 'date'
[2025-10-07T12:41:35.952+0000] {logging_mixin.py:190} INFO - NS3: trích dữ liệu từ 2022-06-29 đến 2025-10-07
[2025-10-07T12:41:40.494+0000] {logging_mixin.py:190} INFO - Không tìm thấy dữ liệu cho NS3
[2025-10-07T12:41:40.495+0000] {logging_mixin.py:190} INFO - ℹ️ NS3: Không có dữ liệu mới.
[2025-10-07T12:41:40.496+0000] {logging_mixin.py:190} INFO - 🚦 Giới hạn API đạt mức tối đa, chờ 0.3s...
[2025-10-07T12:41:40.751+0000] {logging_mixin.py:190} INFO - ⬇️ Bắt đầu xử lý symbol = NS2
[2025-10-07T12:41:40.760+0000] {logging_mixin.py:190} INFO - ⚠️ Không đọc được file cũ NS2: 'date'
[2025-10-07T12:41:40.766+0000] {logging_mixin.py:190} INFO - NS2: trích dữ liệu từ 2025-10-04 đến 2025-10-07
[2025-10-07T12:41:40.953+0000] {logging_mixin.py:190} INFO - Trích xuất 2 dòng mới cho NS2
[2025-10-07T12:41:40.960+0000] {logging_mixin.py:190} INFO - Append 2 dòng mới vào /opt/***/data/lake/NS2.csv
[2025-10-07T12:41:40.960+0000] {logging_mixin.py:190} INFO - ✅ Hoàn tất NS2, thêm 2 dòng mới.
[2025-10-07T12:41:42.961+0000] {logging_mixin.py:190} INFO - 🚦 Giới hạn API đạt mức tối đa, chờ 2.7s...
[2025-10-07T12:41:45.622+0000] {logging_mixin.py:190} INFO - ⬇️ Bắt đầu xử lý symbol = NRC
[2025-10-07T12:41:45.630+0000] {logging_mixin.py:190} INFO - ⚠️ Không đọc được file cũ NRC: 'date'
[2025-10-07T12:41:45.636+0000] {logging_mixin.py:190} INFO - NRC: trích dữ liệu từ 2025-10-04 đến 2025-10-07
[2025-10-07T12:41:45.840+0000] {logging_mixin.py:190} INFO - Trích xuất 2 dòng mới cho NRC
[2025-10-07T12:41:45.846+0000] {logging_mixin.py:190} INFO - Append 2 dòng mới vào /opt/***/data/lake/NRC.csv
[2025-10-07T12:41:45.847+0000] {logging_mixin.py:190} INFO - ✅ Hoàn tất NRC, thêm 2 dòng mới.
[2025-10-07T12:41:47.847+0000] {logging_mixin.py:190} INFO - 🚦 Giới hạn API đạt mức tối đa, chờ 2.3s...
[2025-10-07T12:41:50.160+0000] {logging_mixin.py:190} INFO - ⬇️ Bắt đầu xử lý symbol = NQT
[2025-10-07T12:41:50.174+0000] {logging_mixin.py:190} INFO - ⚠️ Không đọc được file cũ NQT: 'date'
[2025-10-07T12:41:50.181+0000] {logging_mixin.py:190} INFO - NQT: trích dữ liệu từ 2025-05-27 đến 2025-10-07
[2025-10-07T12:52:12.729+0000] {logging_mixin.py:190} INFO - Không tìm thấy dữ liệu cho NQT
[2025-10-07T12:52:12.750+0000] {logging_mixin.py:190} INFO - ℹ️ NQT: Không có dữ liệu mới.
[2025-10-07T12:52:12.841+0000] {logging_mixin.py:190} INFO - ⬇️ Bắt đầu xử lý symbol = NQN
[2025-10-07T12:52:12.947+0000] {logging_mixin.py:190} INFO - ⚠️ Không đọc được file cũ NQN: 'date'
[2025-10-07T12:52:12.981+0000] {logging_mixin.py:190} INFO - NQN: trích dữ liệu từ 2025-09-16 đến 2025-10-07
[2025-10-07T12:52:14.746+0000] {job.py:229} INFO - Heartbeat recovered after 622.46 seconds
[2025-10-07T12:52:17.875+0000] {logging_mixin.py:190} INFO - Không tìm thấy dữ liệu cho NQN
[2025-10-07T12:52:17.877+0000] {logging_mixin.py:190} INFO - ℹ️ NQN: Không có dữ liệu mới.
[2025-10-07T12:52:17.878+0000] {logging_mixin.py:190} INFO - ⬇️ Bắt đầu xử lý symbol = NQB
[2025-10-07T12:52:17.891+0000] {logging_mixin.py:190} INFO - ⚠️ Không đọc được file cũ NQB: 'date'
[2025-10-07T12:52:17.912+0000] {logging_mixin.py:190} INFO - NQB: trích dữ liệu từ 2025-07-30 đến 2025-10-07
[2025-10-07T12:52:22.628+0000] {logging_mixin.py:190} INFO - Không tìm thấy dữ liệu cho NQB
[2025-10-07T12:52:22.630+0000] {logging_mixin.py:190} INFO - ℹ️ NQB: Không có dữ liệu mới.
[2025-10-07T12:52:22.630+0000] {logging_mixin.py:190} INFO - ⬇️ Bắt đầu xử lý symbol = NOS
[2025-10-07T12:52:22.640+0000] {logging_mixin.py:190} INFO - ⚠️ Không đọc được file cũ NOS: 'date'
[2025-10-07T12:52:22.671+0000] {logging_mixin.py:190} INFO - NOS: trích dữ liệu từ 2025-10-04 đến 2025-10-07
[2025-10-07T12:52:30.332+0000] {logging_mixin.py:190} INFO - Không tìm thấy dữ liệu cho NOS
[2025-10-07T12:52:30.334+0000] {logging_mixin.py:190} INFO - ℹ️ NOS: Không có dữ liệu mới.
[2025-10-07T12:52:30.335+0000] {logging_mixin.py:190} INFO - ⬇️ Bắt đầu xử lý symbol = NO1
[2025-10-07T12:52:30.344+0000] {logging_mixin.py:190} INFO - ⚠️ Không đọc được file cũ NO1: 'date'
[2025-10-07T12:52:30.355+0000] {logging_mixin.py:190} INFO - NO1: trích dữ liệu từ 2025-10-04 đến 2025-10-07
[2025-10-07T12:52:30.512+0000] {logging_mixin.py:190} INFO - Trích xuất 2 dòng mới cho NO1
[2025-10-07T12:52:30.523+0000] {logging_mixin.py:190} INFO - Append 2 dòng mới vào /opt/***/data/lake/NO1.csv
[2025-10-07T12:52:30.524+0000] {logging_mixin.py:190} INFO - ✅ Hoàn tất NO1, thêm 2 dòng mới.
[2025-10-07T12:52:32.509+0000] {logging_mixin.py:190} INFO - ⬇️ Bắt đầu xử lý symbol = NNT
[2025-10-07T12:52:32.593+0000] {logging_mixin.py:190} INFO - ⚠️ Không đọc được file cũ NNT: 'date'
[2025-10-07T12:52:32.682+0000] {logging_mixin.py:190} INFO - NNT: trích dữ liệu từ 2025-10-04 đến 2025-10-07
[2025-10-07T12:52:32.923+0000] {logging_mixin.py:190} INFO - Trích xuất 1 dòng mới cho NNT
[2025-10-07T12:52:32.943+0000] {logging_mixin.py:190} INFO - Append 1 dòng mới vào /opt/***/data/lake/NNT.csv
[2025-10-07T12:52:32.948+0000] {logging_mixin.py:190} INFO - ✅ Hoàn tất NNT, thêm 1 dòng mới.
[2025-10-07T12:52:34.966+0000] {logging_mixin.py:190} INFO - 🚦 Giới hạn API đạt mức tối đa, chờ 37.9s...
[2025-10-07T12:53:12.926+0000] {logging_mixin.py:190} INFO - ⬇️ Bắt đầu xử lý symbol = NNQ
[2025-10-07T12:53:12.945+0000] {logging_mixin.py:190} INFO - NNQ: trích dữ liệu từ 2020-01-01 đến 2025-10-07
[2025-10-07T12:53:17.936+0000] {logging_mixin.py:190} INFO - Không tìm thấy dữ liệu cho NNQ
[2025-10-07T12:53:17.938+0000] {logging_mixin.py:190} INFO - ℹ️ NNQ: Không có dữ liệu mới.
[2025-10-07T12:53:17.938+0000] {logging_mixin.py:190} INFO - ⬇️ Bắt đầu xử lý symbol = NNG
[2025-10-07T12:53:17.951+0000] {logging_mixin.py:190} INFO - ⚠️ Không đọc được file cũ NNG: 'date'
[2025-10-07T12:53:17.958+0000] {logging_mixin.py:190} INFO - NNG: trích dữ liệu từ 2023-07-25 đến 2025-10-07
[2025-10-07T12:53:23.606+0000] {logging_mixin.py:190} INFO - Không tìm thấy dữ liệu cho NNG
[2025-10-07T12:53:23.608+0000] {logging_mixin.py:190} INFO - ℹ️ NNG: Không có dữ liệu mới.
[2025-10-07T12:53:23.608+0000] {logging_mixin.py:190} INFO - ⬇️ Bắt đầu xử lý symbol = NNC
[2025-10-07T12:53:23.618+0000] {logging_mixin.py:190} INFO - ⚠️ Không đọc được file cũ NNC: 'date'
[2025-10-07T12:53:23.625+0000] {logging_mixin.py:190} INFO - NNC: trích dữ liệu từ 2025-10-04 đến 2025-10-07
[2025-10-07T12:53:23.819+0000] {logging_mixin.py:190} INFO - Trích xuất 2 dòng mới cho NNC
[2025-10-07T12:53:23.827+0000] {logging_mixin.py:190} INFO - Append 2 dòng mới vào /opt/***/data/lake/NNC.csv
[2025-10-07T12:53:23.828+0000] {logging_mixin.py:190} INFO - ✅ Hoàn tất NNC, thêm 2 dòng mới.
[2025-10-07T12:53:25.828+0000] {logging_mixin.py:190} INFO - 🚦 Giới hạn API đạt mức tối đa, chờ 4.5s...
[2025-10-07T12:53:30.336+0000] {logging_mixin.py:190} INFO - ⬇️ Bắt đầu xử lý symbol = NLS
[2025-10-07T12:53:30.352+0000] {logging_mixin.py:190} INFO - ⚠️ Không đọc được file cũ NLS: 'date'
[2025-10-07T12:53:30.359+0000] {logging_mixin.py:190} INFO - NLS: trích dữ liệu từ 2025-08-22 đến 2025-10-07
[2025-10-07T12:53:34.994+0000] {logging_mixin.py:190} INFO - Không tìm thấy dữ liệu cho NLS
[2025-10-07T12:53:34.996+0000] {logging_mixin.py:190} INFO - ℹ️ NLS: Không có dữ liệu mới.
[2025-10-07T12:53:34.996+0000] {logging_mixin.py:190} INFO - ⬇️ Bắt đầu xử lý symbol = NLG
[2025-10-07T12:53:35.009+0000] {logging_mixin.py:190} INFO - ⚠️ Không đọc được file cũ NLG: 'date'
[2025-10-07T12:53:35.016+0000] {logging_mixin.py:190} INFO - NLG: trích dữ liệu từ 2025-10-04 đến 2025-10-07
[2025-10-07T12:53:36.227+0000] {logging_mixin.py:190} INFO - Trích xuất 2 dòng mới cho NLG
[2025-10-07T12:53:36.233+0000] {logging_mixin.py:190} INFO - Append 2 dòng mới vào /opt/***/data/lake/NLG.csv
[2025-10-07T12:53:36.233+0000] {logging_mixin.py:190} INFO - ✅ Hoàn tất NLG, thêm 2 dòng mới.
[2025-10-07T12:53:38.234+0000] {logging_mixin.py:190} INFO - 🚦 Giới hạn API đạt mức tối đa, chờ 34.7s...
[2025-10-07T12:54:12.916+0000] {logging_mixin.py:190} INFO - ⬇️ Bắt đầu xử lý symbol = NKG
[2025-10-07T12:54:12.924+0000] {logging_mixin.py:190} INFO - ⚠️ Không đọc được file cũ NKG: 'date'
[2025-10-07T12:54:12.931+0000] {logging_mixin.py:190} INFO - NKG: trích dữ liệu từ 2025-10-04 đến 2025-10-07
[2025-10-07T12:54:13.127+0000] {logging_mixin.py:190} INFO - Trích xuất 2 dòng mới cho NKG
[2025-10-07T12:54:13.139+0000] {logging_mixin.py:190} INFO - Append 2 dòng mới vào /opt/***/data/lake/NKG.csv
[2025-10-07T12:54:13.140+0000] {logging_mixin.py:190} INFO - ✅ Hoàn tất NKG, thêm 2 dòng mới.
[2025-10-07T12:54:15.141+0000] {logging_mixin.py:190} INFO - 🚦 Giới hạn API đạt mức tối đa, chờ 2.8s...
[2025-10-07T12:54:17.939+0000] {logging_mixin.py:190} INFO - ⬇️ Bắt đầu xử lý symbol = NJC
[2025-10-07T12:54:17.946+0000] {logging_mixin.py:190} INFO - ⚠️ Không đọc được file cũ NJC: 'date'
[2025-10-07T12:54:17.952+0000] {logging_mixin.py:190} INFO - NJC: trích dữ liệu từ 2025-09-30 đến 2025-10-07
[2025-10-07T12:54:22.478+0000] {logging_mixin.py:190} INFO - Không tìm thấy dữ liệu cho NJC
[2025-10-07T12:54:22.480+0000] {logging_mixin.py:190} INFO - ℹ️ NJC: Không có dữ liệu mới.
[2025-10-07T12:54:22.480+0000] {logging_mixin.py:190} INFO - 🚦 Giới hạn API đạt mức tối đa, chờ 1.1s...
[2025-10-07T12:54:23.609+0000] {logging_mixin.py:190} INFO - ⬇️ Bắt đầu xử lý symbol = NHV
[2025-10-07T12:54:23.617+0000] {logging_mixin.py:190} INFO - ⚠️ Không đọc được file cũ NHV: 'date'
[2025-10-07T12:54:23.623+0000] {logging_mixin.py:190} INFO - NHV: trích dữ liệu từ 2025-05-31 đến 2025-10-07
[2025-10-07T12:54:28.218+0000] {logging_mixin.py:190} INFO - Không tìm thấy dữ liệu cho NHV
[2025-10-07T12:54:28.219+0000] {logging_mixin.py:190} INFO - ℹ️ NHV: Không có dữ liệu mới.
[2025-10-07T12:54:28.219+0000] {logging_mixin.py:190} INFO - 🚦 Giới hạn API đạt mức tối đa, chờ 2.1s...
[2025-10-07T12:54:30.337+0000] {logging_mixin.py:190} INFO - ⬇️ Bắt đầu xử lý symbol = NHT
[2025-10-07T12:54:30.345+0000] {logging_mixin.py:190} INFO - ⚠️ Không đọc được file cũ NHT: 'date'
[2025-10-07T12:54:30.352+0000] {logging_mixin.py:190} INFO - NHT: trích dữ liệu từ 2025-10-03 đến 2025-10-07
[2025-10-07T12:54:30.499+0000] {logging_mixin.py:190} INFO - Trích xuất 2 dòng mới cho NHT
[2025-10-07T12:54:30.505+0000] {logging_mixin.py:190} INFO - Append 2 dòng mới vào /opt/***/data/lake/NHT.csv
[2025-10-07T12:54:30.506+0000] {logging_mixin.py:190} INFO - ✅ Hoàn tất NHT, thêm 2 dòng mới.
[2025-10-07T12:54:32.519+0000] {logging_mixin.py:190} INFO - 🚦 Giới hạn API đạt mức tối đa, chờ 2.5s...
[2025-10-07T12:54:34.997+0000] {logging_mixin.py:190} INFO - ⬇️ Bắt đầu xử lý symbol = NHP
[2025-10-07T12:54:35.005+0000] {logging_mixin.py:190} INFO - ⚠️ Không đọc được file cũ NHP: 'date'
[2025-10-07T12:54:35.010+0000] {logging_mixin.py:190} INFO - NHP: trích dữ liệu từ 2024-07-26 đến 2025-10-07
[2025-10-07T12:54:39.636+0000] {logging_mixin.py:190} INFO - Không tìm thấy dữ liệu cho NHP
[2025-10-07T12:54:39.638+0000] {logging_mixin.py:190} INFO - ℹ️ NHP: Không có dữ liệu mới.
[2025-10-07T12:54:39.638+0000] {logging_mixin.py:190} INFO - 🚦 Giới hạn API đạt mức tối đa, chờ 33.3s...
[2025-10-07T12:55:12.854+0000] {logging_mixin.py:190} INFO - ⬇️ Bắt đầu xử lý symbol = NHH
[2025-10-07T12:55:12.870+0000] {logging_mixin.py:190} INFO - ⚠️ Không đọc được file cũ NHH: 'date'
[2025-10-07T12:55:12.876+0000] {logging_mixin.py:190} INFO - NHH: trích dữ liệu từ 2025-10-04 đến 2025-10-07
[2025-10-07T12:55:13.848+0000] {logging_mixin.py:190} INFO - Trích xuất 2 dòng mới cho NHH
[2025-10-07T12:55:13.854+0000] {logging_mixin.py:190} INFO - Append 2 dòng mới vào /opt/***/data/lake/NHH.csv
[2025-10-07T12:55:13.855+0000] {logging_mixin.py:190} INFO - ✅ Hoàn tất NHH, thêm 2 dòng mới.
[2025-10-07T12:55:15.857+0000] {logging_mixin.py:190} INFO - 🚦 Giới hạn API đạt mức tối đa, chờ 2.1s...
[2025-10-07T12:55:17.940+0000] {logging_mixin.py:190} INFO - ⬇️ Bắt đầu xử lý symbol = NHC
[2025-10-07T12:55:17.949+0000] {logging_mixin.py:190} INFO - ⚠️ Không đọc được file cũ NHC: 'date'
[2025-10-07T12:55:17.956+0000] {logging_mixin.py:190} INFO - NHC: trích dữ liệu từ 2025-10-03 đến 2025-10-07
[2025-10-07T12:55:22.812+0000] {logging_mixin.py:190} INFO - Không tìm thấy dữ liệu cho NHC
[2025-10-07T12:55:22.814+0000] {logging_mixin.py:190} INFO - ℹ️ NHC: Không có dữ liệu mới.
[2025-10-07T12:55:22.814+0000] {logging_mixin.py:190} INFO - 🚦 Giới hạn API đạt mức tối đa, chờ 0.8s...
[2025-10-07T12:55:23.610+0000] {logging_mixin.py:190} INFO - ⬇️ Bắt đầu xử lý symbol = NHA
[2025-10-07T12:55:23.619+0000] {logging_mixin.py:190} INFO - ⚠️ Không đọc được file cũ NHA: 'date'
[2025-10-07T12:55:23.626+0000] {logging_mixin.py:190} INFO - NHA: trích dữ liệu từ 2025-10-04 đến 2025-10-07
[2025-10-07T12:55:23.776+0000] {logging_mixin.py:190} INFO - Trích xuất 2 dòng mới cho NHA
[2025-10-07T12:55:23.782+0000] {logging_mixin.py:190} INFO - Append 2 dòng mới vào /opt/***/data/lake/NHA.csv
[2025-10-07T12:55:23.782+0000] {logging_mixin.py:190} INFO - ✅ Hoàn tất NHA, thêm 2 dòng mới.
[2025-10-07T12:55:25.783+0000] {logging_mixin.py:190} INFO - 🚦 Giới hạn API đạt mức tối đa, chờ 4.6s...
[2025-10-07T12:55:30.338+0000] {logging_mixin.py:190} INFO - ⬇️ Bắt đầu xử lý symbol = NGC
[2025-10-07T12:55:30.347+0000] {logging_mixin.py:190} INFO - ⚠️ Không đọc được file cũ NGC: 'date'
[2025-10-07T12:55:30.356+0000] {logging_mixin.py:190} INFO - NGC: trích dữ liệu từ 2025-08-23 đến 2025-10-07
[2025-10-07T12:55:34.825+0000] {logging_mixin.py:190} INFO - Không tìm thấy dữ liệu cho NGC
[2025-10-07T12:55:34.826+0000] {logging_mixin.py:190} INFO - ℹ️ NGC: Không có dữ liệu mới.
[2025-10-07T12:55:34.827+0000] {logging_mixin.py:190} INFO - 🚦 Giới hạn API đạt mức tối đa, chờ 0.2s...
[2025-10-07T12:55:34.998+0000] {logging_mixin.py:190} INFO - ⬇️ Bắt đầu xử lý symbol = NFC
[2025-10-07T12:55:35.012+0000] {logging_mixin.py:190} INFO - ⚠️ Không đọc được file cũ NFC: 'date'
[2025-10-07T12:55:35.019+0000] {logging_mixin.py:190} INFO - NFC: trích dữ liệu từ 2025-10-04 đến 2025-10-07
[2025-10-07T12:55:35.163+0000] {logging_mixin.py:190} INFO - Trích xuất 1 dòng mới cho NFC
[2025-10-07T12:55:35.168+0000] {logging_mixin.py:190} INFO - Append 1 dòng mới vào /opt/***/data/lake/NFC.csv
[2025-10-07T12:55:35.169+0000] {logging_mixin.py:190} INFO - ✅ Hoàn tất NFC, thêm 1 dòng mới.
[2025-10-07T12:55:37.169+0000] {logging_mixin.py:190} INFO - 🚦 Giới hạn API đạt mức tối đa, chờ 35.7s...
[2025-10-07T12:56:12.866+0000] {logging_mixin.py:190} INFO - ⬇️ Bắt đầu xử lý symbol = NET
[2025-10-07T12:56:12.874+0000] {logging_mixin.py:190} INFO - ⚠️ Không đọc được file cũ NET: 'date'
[2025-10-07T12:56:12.881+0000] {logging_mixin.py:190} INFO - NET: trích dữ liệu từ 2025-10-04 đến 2025-10-07
[2025-10-07T12:56:13.051+0000] {logging_mixin.py:190} INFO - Trích xuất 2 dòng mới cho NET
[2025-10-07T12:56:13.059+0000] {logging_mixin.py:190} INFO - Append 2 dòng mới vào /opt/***/data/lake/NET.csv
[2025-10-07T12:56:13.060+0000] {logging_mixin.py:190} INFO - ✅ Hoàn tất NET, thêm 2 dòng mới.
[2025-10-07T12:56:15.061+0000] {logging_mixin.py:190} INFO - 🚦 Giới hạn API đạt mức tối đa, chờ 2.9s...
[2025-10-07T12:56:17.942+0000] {logging_mixin.py:190} INFO - ⬇️ Bắt đầu xử lý symbol = NEM
[2025-10-07T12:56:17.949+0000] {logging_mixin.py:190} INFO - ⚠️ Không đọc được file cũ NEM: 'date'
[2025-10-07T12:56:17.954+0000] {logging_mixin.py:190} INFO - NEM: trích dữ liệu từ 2025-09-16 đến 2025-10-07
[2025-10-07T12:56:22.466+0000] {logging_mixin.py:190} INFO - Không tìm thấy dữ liệu cho NEM
[2025-10-07T12:56:22.467+0000] {logging_mixin.py:190} INFO - ℹ️ NEM: Không có dữ liệu mới.
[2025-10-07T12:56:22.467+0000] {logging_mixin.py:190} INFO - 🚦 Giới hạn API đạt mức tối đa, chờ 1.1s...
[2025-10-07T12:56:23.611+0000] {logging_mixin.py:190} INFO - ⬇️ Bắt đầu xử lý symbol = NED
[2025-10-07T12:56:23.620+0000] {logging_mixin.py:190} INFO - ⚠️ Không đọc được file cũ NED: 'date'
[2025-10-07T12:56:23.625+0000] {logging_mixin.py:190} INFO - NED: trích dữ liệu từ 2025-10-04 đến 2025-10-07
[2025-10-07T12:56:24.839+0000] {logging_mixin.py:190} INFO - Trích xuất 2 dòng mới cho NED
[2025-10-07T12:56:24.845+0000] {logging_mixin.py:190} INFO - Append 2 dòng mới vào /opt/***/data/lake/NED.csv
[2025-10-07T12:56:24.846+0000] {logging_mixin.py:190} INFO - ✅ Hoàn tất NED, thêm 2 dòng mới.
[2025-10-07T12:56:26.847+0000] {logging_mixin.py:190} INFO - 🚦 Giới hạn API đạt mức tối đa, chờ 3.5s...
[2025-10-07T12:56:30.339+0000] {logging_mixin.py:190} INFO - ⬇️ Bắt đầu xử lý symbol = NDX
[2025-10-07T12:56:30.347+0000] {logging_mixin.py:190} INFO - ⚠️ Không đọc được file cũ NDX: 'date'
[2025-10-07T12:56:30.354+0000] {logging_mixin.py:190} INFO - NDX: trích dữ liệu từ 2025-10-01 đến 2025-10-07
[2025-10-07T12:56:30.523+0000] {logging_mixin.py:190} INFO - Trích xuất 1 dòng mới cho NDX
[2025-10-07T12:56:30.531+0000] {logging_mixin.py:190} INFO - Append 1 dòng mới vào /opt/***/data/lake/NDX.csv
[2025-10-07T12:56:30.531+0000] {logging_mixin.py:190} INFO - ✅ Hoàn tất NDX, thêm 1 dòng mới.
[2025-10-07T12:56:32.509+0000] {logging_mixin.py:190} INFO - 🚦 Giới hạn API đạt mức tối đa, chờ 2.5s...
[2025-10-07T12:56:34.999+0000] {logging_mixin.py:190} INFO - ⬇️ Bắt đầu xử lý symbol = NDW
[2025-10-07T12:56:35.007+0000] {logging_mixin.py:190} INFO - ⚠️ Không đọc được file cũ NDW: 'date'
[2025-10-07T12:56:35.013+0000] {logging_mixin.py:190} INFO - NDW: trích dữ liệu từ 2025-09-26 đến 2025-10-07
[2025-10-07T12:56:39.545+0000] {logging_mixin.py:190} INFO - Không tìm thấy dữ liệu cho NDW
[2025-10-07T12:56:39.547+0000] {logging_mixin.py:190} INFO - ℹ️ NDW: Không có dữ liệu mới.
[2025-10-07T12:56:39.547+0000] {logging_mixin.py:190} INFO - 🚦 Giới hạn API đạt mức tối đa, chờ 33.3s...
[2025-10-07T12:57:12.786+0000] {logging_mixin.py:190} INFO - ⬇️ Bắt đầu xử lý symbol = NDT
[2025-10-07T12:57:12.794+0000] {logging_mixin.py:190} INFO - ⚠️ Không đọc được file cũ NDT: 'date'
[2025-10-07T12:57:12.800+0000] {logging_mixin.py:190} INFO - NDT: trích dữ liệu từ 2025-10-04 đến 2025-10-07
[2025-10-07T12:57:17.349+0000] {logging_mixin.py:190} INFO - Không tìm thấy dữ liệu cho NDT
[2025-10-07T12:57:17.350+0000] {logging_mixin.py:190} INFO - ℹ️ NDT: Không có dữ liệu mới.
[2025-10-07T12:57:17.351+0000] {logging_mixin.py:190} INFO - 🚦 Giới hạn API đạt mức tối đa, chờ 0.6s...
[2025-10-07T12:57:17.942+0000] {logging_mixin.py:190} INFO - ⬇️ Bắt đầu xử lý symbol = NDP
[2025-10-07T12:57:17.958+0000] {logging_mixin.py:190} INFO - ⚠️ Không đọc được file cũ NDP: 'date'
[2025-10-07T12:57:17.968+0000] {logging_mixin.py:190} INFO - NDP: trích dữ liệu từ 2025-10-02 đến 2025-10-07
[2025-10-07T12:57:22.892+0000] {logging_mixin.py:190} INFO - Không tìm thấy dữ liệu cho NDP
[2025-10-07T12:57:22.894+0000] {logging_mixin.py:190} INFO - ℹ️ NDP: Không có dữ liệu mới.
[2025-10-07T12:57:22.894+0000] {logging_mixin.py:190} INFO - 🚦 Giới hạn API đạt mức tối đa, chờ 0.7s...
[2025-10-07T12:57:23.611+0000] {logging_mixin.py:190} INFO - ⬇️ Bắt đầu xử lý symbol = NDN
[2025-10-07T12:57:23.633+0000] {logging_mixin.py:190} INFO - ⚠️ Không đọc được file cũ NDN: 'date'
[2025-10-07T12:57:23.695+0000] {logging_mixin.py:190} INFO - NDN: trích dữ liệu từ 2025-10-04 đến 2025-10-07
[2025-10-07T12:57:23.936+0000] {logging_mixin.py:190} INFO - Trích xuất 2 dòng mới cho NDN
[2025-10-07T12:57:23.951+0000] {logging_mixin.py:190} INFO - Append 2 dòng mới vào /opt/***/data/lake/NDN.csv
[2025-10-07T12:57:23.951+0000] {logging_mixin.py:190} INFO - ✅ Hoàn tất NDN, thêm 2 dòng mới.
[2025-10-07T12:57:25.953+0000] {logging_mixin.py:190} INFO - 🚦 Giới hạn API đạt mức tối đa, chờ 4.4s...
[2025-10-07T12:57:30.340+0000] {logging_mixin.py:190} INFO - ⬇️ Bắt đầu xử lý symbol = NDF
[2025-10-07T12:57:30.350+0000] {logging_mixin.py:190} INFO - ⚠️ Không đọc được file cũ NDF: 'date'
[2025-10-07T12:57:30.359+0000] {logging_mixin.py:190} INFO - NDF: trích dữ liệu từ 2024-07-26 đến 2025-10-07
[2025-10-07T12:57:35.898+0000] {logging_mixin.py:190} INFO - Không tìm thấy dữ liệu cho NDF
[2025-10-07T12:57:35.899+0000] {logging_mixin.py:190} INFO - ℹ️ NDF: Không có dữ liệu mới.
[2025-10-07T12:57:35.900+0000] {logging_mixin.py:190} INFO - ⬇️ Bắt đầu xử lý symbol = NDC
[2025-10-07T12:57:35.907+0000] {logging_mixin.py:190} INFO - ⚠️ Không đọc được file cũ NDC: 'date'
[2025-10-07T12:57:35.914+0000] {logging_mixin.py:190} INFO - NDC: trích dữ liệu từ 2025-10-03 đến 2025-10-07
[2025-10-07T12:57:40.486+0000] {logging_mixin.py:190} INFO - Không tìm thấy dữ liệu cho NDC
[2025-10-07T12:57:40.488+0000] {logging_mixin.py:190} INFO - ℹ️ NDC: Không có dữ liệu mới.
[2025-10-07T12:57:40.488+0000] {python.py:240} INFO - Done. Returned value was: None
[2025-10-07T12:57:40.501+0000] {taskinstance.py:341} INFO - ::group::Post task execution logs
[2025-10-07T12:57:40.501+0000] {taskinstance.py:353} INFO - Marking task as SUCCESS. dag_id=vnstock_weekly_etl_incremental, task_id=process_batch, run_id=manual__2025-10-07T10:43:54.222487+00:00, map_index=15, execution_date=20251007T104354, start_date=20251007T123830, end_date=20251007T125740
[2025-10-07T12:57:40.546+0000] {local_task_job_runner.py:266} INFO - Task exited with return code 0
[2025-10-07T12:57:40.730+0000] {taskinstance.py:3901} INFO - 0 downstream tasks scheduled from follow-on schedule check
[2025-10-07T12:57:40.739+0000] {local_task_job_runner.py:245} INFO - ::endgroup::
