[2025-10-07T10:51:52.985+0000] {local_task_job_runner.py:123} INFO - ::group::Pre task execution logs
[2025-10-07T10:51:53.010+0000] {taskinstance.py:2614} INFO - Dependencies all met for dep_context=non-requeueable deps ti=<TaskInstance: vnstock_weekly_etl_incremental.process_batch manual__2025-10-07T10:41:48.387187+00:00 map_index=9 [queued]>
[2025-10-07T10:51:53.022+0000] {taskinstance.py:2614} INFO - Dependencies all met for dep_context=requeueable deps ti=<TaskInstance: vnstock_weekly_etl_incremental.process_batch manual__2025-10-07T10:41:48.387187+00:00 map_index=9 [queued]>
[2025-10-07T10:51:53.023+0000] {taskinstance.py:2867} INFO - Starting attempt 1 of 3
[2025-10-07T10:51:53.035+0000] {taskinstance.py:2890} INFO - Executing <Mapped(_PythonDecoratedOperator): process_batch> on 2025-10-07 10:41:48.387187+00:00
[2025-10-07T10:51:53.049+0000] {logging_mixin.py:190} WARNING - /home/***/.local/lib/python3.12/site-packages/***/task/task_runner/standard_task_runner.py:70 DeprecationWarning: This process (pid=4365) is multi-threaded, use of fork() may lead to deadlocks in the child.
[2025-10-07T10:51:53.053+0000] {standard_task_runner.py:72} INFO - Started process 4389 to run task
[2025-10-07T10:51:53.050+0000] {standard_task_runner.py:104} INFO - Running: ['***', 'tasks', 'run', 'vnstock_weekly_etl_incremental', 'process_batch', 'manual__2025-10-07T10:41:48.387187+00:00', '--job-id', '133', '--raw', '--subdir', 'DAGS_FOLDER/dag.py', '--cfg-path', '/tmp/tmp3gp5n8tt', '--map-index', '9']
[2025-10-07T10:51:53.054+0000] {standard_task_runner.py:105} INFO - Job 133: Subtask process_batch
[2025-10-07T10:51:53.071+0000] {logging_mixin.py:190} WARNING - /home/***/.local/lib/python3.12/site-packages/***/settings.py:209 DeprecationWarning: The sql_alchemy_conn option in [core] has been moved to the sql_alchemy_conn option in [database] - the old setting has been used, but please update your config.
[2025-10-07T10:51:53.138+0000] {task_command.py:467} INFO - Running <TaskInstance: vnstock_weekly_etl_incremental.process_batch manual__2025-10-07T10:41:48.387187+00:00 map_index=9 [running]> on host e3278e0f0bbc
[2025-10-07T10:51:53.525+0000] {taskinstance.py:3134} INFO - Exporting env vars: AIRFLOW_CTX_DAG_OWNER='***' AIRFLOW_CTX_DAG_ID='vnstock_weekly_etl_incremental' AIRFLOW_CTX_TASK_ID='process_batch' AIRFLOW_CTX_EXECUTION_DATE='2025-10-07T10:41:48.387187+00:00' AIRFLOW_CTX_TRY_NUMBER='1' AIRFLOW_CTX_DAG_RUN_ID='manual__2025-10-07T10:41:48.387187+00:00'
[2025-10-07T10:51:53.526+0000] {taskinstance.py:732} INFO - ::endgroup::
[2025-10-07T10:51:53.528+0000] {logging_mixin.py:190} INFO - ⬇️ Bắt đầu xử lý symbol = SJF
[2025-10-07T10:51:53.538+0000] {logging_mixin.py:190} INFO - ⚠️ Không đọc được file cũ SJF: 'date'
[2025-10-07T10:51:53.549+0000] {logging_mixin.py:190} INFO - SJF: trích dữ liệu từ 2024-07-26 đến 2025-10-07
[2025-10-07T10:51:58.272+0000] {logging_mixin.py:190} INFO - Không tìm thấy dữ liệu cho SJF
[2025-10-07T10:51:58.274+0000] {logging_mixin.py:190} INFO - ℹ️ SJF: Không có dữ liệu mới.
[2025-10-07T10:51:58.274+0000] {logging_mixin.py:190} INFO - ⬇️ Bắt đầu xử lý symbol = SJE
[2025-10-07T10:51:58.281+0000] {logging_mixin.py:190} INFO - ⚠️ Không đọc được file cũ SJE: 'date'
[2025-10-07T10:51:58.288+0000] {logging_mixin.py:190} INFO - SJE: trích dữ liệu từ 2025-10-08 đến 2025-10-07
[2025-10-07T10:52:05.130+0000] {logging_mixin.py:190} INFO - Không tìm thấy dữ liệu cho SJE
[2025-10-07T10:52:05.132+0000] {logging_mixin.py:190} INFO - ℹ️ SJE: Không có dữ liệu mới.
[2025-10-07T10:52:05.132+0000] {logging_mixin.py:190} INFO - ⬇️ Bắt đầu xử lý symbol = SJD
[2025-10-07T10:52:05.138+0000] {logging_mixin.py:190} INFO - ⚠️ Không đọc được file cũ SJD: 'date'
[2025-10-07T10:52:05.144+0000] {logging_mixin.py:190} INFO - SJD: trích dữ liệu từ 2025-10-08 đến 2025-10-07
[2025-10-07T10:52:09.545+0000] {logging_mixin.py:190} INFO - Không tìm thấy dữ liệu cho SJD
[2025-10-07T10:52:09.547+0000] {logging_mixin.py:190} INFO - ℹ️ SJD: Không có dữ liệu mới.
[2025-10-07T10:52:09.548+0000] {logging_mixin.py:190} INFO - ⬇️ Bắt đầu xử lý symbol = SJC
[2025-10-07T10:52:09.556+0000] {logging_mixin.py:190} INFO - ⚠️ Không đọc được file cũ SJC: 'date'
[2025-10-07T10:52:09.563+0000] {logging_mixin.py:190} INFO - SJC: trích dữ liệu từ 2024-07-26 đến 2025-10-07
[2025-10-07T10:52:13.962+0000] {logging_mixin.py:190} INFO - Không tìm thấy dữ liệu cho SJC
[2025-10-07T10:52:13.963+0000] {logging_mixin.py:190} INFO - ℹ️ SJC: Không có dữ liệu mới.
[2025-10-07T10:52:13.963+0000] {logging_mixin.py:190} INFO - ⬇️ Bắt đầu xử lý symbol = SJ1
[2025-10-07T10:52:13.969+0000] {logging_mixin.py:190} INFO - ⚠️ Không đọc được file cũ SJ1: 'date'
[2025-10-07T10:52:13.976+0000] {logging_mixin.py:190} INFO - SJ1: trích dữ liệu từ 2025-10-07 đến 2025-10-07
[2025-10-07T10:52:18.457+0000] {logging_mixin.py:190} INFO - Không tìm thấy dữ liệu cho SJ1
[2025-10-07T10:52:18.459+0000] {logging_mixin.py:190} INFO - ℹ️ SJ1: Không có dữ liệu mới.
[2025-10-07T10:52:18.459+0000] {logging_mixin.py:190} INFO - 🚦 Giới hạn API đạt mức tối đa, chờ 35.1s...
[2025-10-07T10:52:54.518+0000] {logging_mixin.py:190} INFO - ⬇️ Bắt đầu xử lý symbol = SIV
[2025-10-07T10:52:54.590+0000] {logging_mixin.py:190} INFO - ⚠️ Không đọc được file cũ SIV: 'date'
[2025-10-07T10:52:54.623+0000] {logging_mixin.py:190} INFO - SIV: trích dữ liệu từ 2025-09-27 đến 2025-10-07
[2025-10-07T10:52:54.638+0000] {client.py:83} ERROR - API request failed: HTTPSConnectionPool(host='trading.vietcap.com.vn', port=443): Max retries exceeded with url: /api/chart/OHLCChart/gap (Caused by NameResolutionError("<urllib3.connection.HTTPSConnection object at 0x7e619e92be30>: Failed to resolve 'trading.vietcap.com.vn' ([Errno -2] Name or service not known)"))
[2025-10-07T10:52:56.653+0000] {client.py:83} ERROR - API request failed: HTTPSConnectionPool(host='trading.vietcap.com.vn', port=443): Max retries exceeded with url: /api/chart/OHLCChart/gap (Caused by NameResolutionError("<urllib3.connection.HTTPSConnection object at 0x7e619e7988f0>: Failed to resolve 'trading.vietcap.com.vn' ([Errno -2] Name or service not known)"))
[2025-10-07T10:52:58.681+0000] {client.py:83} ERROR - API request failed: HTTPSConnectionPool(host='trading.vietcap.com.vn', port=443): Max retries exceeded with url: /api/chart/OHLCChart/gap (Caused by NameResolutionError("<urllib3.connection.HTTPSConnection object at 0x7e619e799460>: Failed to resolve 'trading.vietcap.com.vn' ([Errno -2] Name or service not known)"))
[2025-10-07T10:52:58.685+0000] {logging_mixin.py:190} INFO - Không tìm thấy dữ liệu cho SIV
[2025-10-07T10:52:58.694+0000] {logging_mixin.py:190} INFO - ℹ️ SIV: Không có dữ liệu mới.
[2025-10-07T10:52:58.696+0000] {logging_mixin.py:190} INFO - ⬇️ Bắt đầu xử lý symbol = SIP
[2025-10-07T10:52:58.768+0000] {logging_mixin.py:190} INFO - ⚠️ Không đọc được file cũ SIP: 'date'
[2025-10-07T10:52:58.784+0000] {logging_mixin.py:190} INFO - SIP: trích dữ liệu từ 2025-10-04 đến 2025-10-07
[2025-10-07T10:52:58.792+0000] {client.py:83} ERROR - API request failed: HTTPSConnectionPool(host='trading.vietcap.com.vn', port=443): Max retries exceeded with url: /api/chart/OHLCChart/gap (Caused by NameResolutionError("<urllib3.connection.HTTPSConnection object at 0x7e619e928920>: Failed to resolve 'trading.vietcap.com.vn' ([Errno -2] Name or service not known)"))
[2025-10-07T10:53:00.807+0000] {client.py:83} ERROR - API request failed: HTTPSConnectionPool(host='trading.vietcap.com.vn', port=443): Max retries exceeded with url: /api/chart/OHLCChart/gap (Caused by NameResolutionError("<urllib3.connection.HTTPSConnection object at 0x7e619e886990>: Failed to resolve 'trading.vietcap.com.vn' ([Errno -2] Name or service not known)"))
[2025-10-07T10:53:05.105+0000] {client.py:83} ERROR - API request failed: HTTPSConnectionPool(host='trading.vietcap.com.vn', port=443): Max retries exceeded with url: /api/chart/OHLCChart/gap (Caused by NameResolutionError("<urllib3.connection.HTTPSConnection object at 0x7e619e798050>: Failed to resolve 'trading.vietcap.com.vn' ([Errno -2] Name or service not known)"))
[2025-10-07T10:53:05.108+0000] {logging_mixin.py:190} INFO - Không tìm thấy dữ liệu cho SIP
[2025-10-07T10:53:05.113+0000] {logging_mixin.py:190} INFO - ℹ️ SIP: Không có dữ liệu mới.
[2025-10-07T10:53:05.115+0000] {logging_mixin.py:190} INFO - 🚦 Giới hạn API đạt mức tối đa, chờ 0.0s...
[2025-10-07T10:53:05.134+0000] {logging_mixin.py:190} INFO - ⬇️ Bắt đầu xử lý symbol = SII
[2025-10-07T10:53:05.208+0000] {logging_mixin.py:190} INFO - ⚠️ Không đọc được file cũ SII: 'date'
[2025-10-07T10:53:05.243+0000] {logging_mixin.py:190} INFO - SII: trích dữ liệu từ 2025-09-20 đến 2025-10-07
[2025-10-07T10:53:05.261+0000] {client.py:83} ERROR - API request failed: HTTPSConnectionPool(host='trading.vietcap.com.vn', port=443): Max retries exceeded with url: /api/chart/OHLCChart/gap (Caused by NameResolutionError("<urllib3.connection.HTTPSConnection object at 0x7e619e886cc0>: Failed to resolve 'trading.vietcap.com.vn' ([Errno -2] Name or service not known)"))
[2025-10-07T10:53:07.273+0000] {client.py:83} ERROR - API request failed: HTTPSConnectionPool(host='trading.vietcap.com.vn', port=443): Max retries exceeded with url: /api/chart/OHLCChart/gap (Caused by NameResolutionError("<urllib3.connection.HTTPSConnection object at 0x7e619e92bd40>: Failed to resolve 'trading.vietcap.com.vn' ([Errno -2] Name or service not known)"))
[2025-10-07T10:53:09.286+0000] {client.py:83} ERROR - API request failed: HTTPSConnectionPool(host='trading.vietcap.com.vn', port=443): Max retries exceeded with url: /api/chart/OHLCChart/gap (Caused by NameResolutionError("<urllib3.connection.HTTPSConnection object at 0x7e619e798170>: Failed to resolve 'trading.vietcap.com.vn' ([Errno -2] Name or service not known)"))
[2025-10-07T10:53:09.289+0000] {logging_mixin.py:190} INFO - Không tìm thấy dữ liệu cho SII
[2025-10-07T10:53:09.294+0000] {logging_mixin.py:190} INFO - ℹ️ SII: Không có dữ liệu mới.
[2025-10-07T10:53:09.296+0000] {logging_mixin.py:190} INFO - 🚦 Giới hạn API đạt mức tối đa, chờ 0.3s...
[2025-10-07T10:53:09.550+0000] {logging_mixin.py:190} INFO - ⬇️ Bắt đầu xử lý symbol = SIG
[2025-10-07T10:53:09.614+0000] {logging_mixin.py:190} INFO - ⚠️ Không đọc được file cũ SIG: 'date'
[2025-10-07T10:53:09.650+0000] {logging_mixin.py:190} INFO - SIG: trích dữ liệu từ 2025-10-02 đến 2025-10-07
[2025-10-07T10:53:09.665+0000] {client.py:83} ERROR - API request failed: HTTPSConnectionPool(host='trading.vietcap.com.vn', port=443): Max retries exceeded with url: /api/chart/OHLCChart/gap (Caused by NameResolutionError("<urllib3.connection.HTTPSConnection object at 0x7e619e79b290>: Failed to resolve 'trading.vietcap.com.vn' ([Errno -2] Name or service not known)"))
[2025-10-07T10:53:11.683+0000] {client.py:83} ERROR - API request failed: HTTPSConnectionPool(host='trading.vietcap.com.vn', port=443): Max retries exceeded with url: /api/chart/OHLCChart/gap (Caused by NameResolutionError("<urllib3.connection.HTTPSConnection object at 0x7e619e886990>: Failed to resolve 'trading.vietcap.com.vn' ([Errno -2] Name or service not known)"))
[2025-10-07T10:53:13.701+0000] {client.py:83} ERROR - API request failed: HTTPSConnectionPool(host='trading.vietcap.com.vn', port=443): Max retries exceeded with url: /api/chart/OHLCChart/gap (Caused by NameResolutionError("<urllib3.connection.HTTPSConnection object at 0x7e619e799f40>: Failed to resolve 'trading.vietcap.com.vn' ([Errno -2] Name or service not known)"))
[2025-10-07T10:53:13.704+0000] {logging_mixin.py:190} INFO - Không tìm thấy dữ liệu cho SIG
[2025-10-07T10:53:13.709+0000] {logging_mixin.py:190} INFO - ℹ️ SIG: Không có dữ liệu mới.
[2025-10-07T10:53:13.711+0000] {logging_mixin.py:190} INFO - 🚦 Giới hạn API đạt mức tối đa, chờ 0.3s...
[2025-10-07T10:53:13.966+0000] {logging_mixin.py:190} INFO - ⬇️ Bắt đầu xử lý symbol = SID
[2025-10-07T10:53:14.056+0000] {logging_mixin.py:190} INFO - ⚠️ Không đọc được file cũ SID: 'date'
[2025-10-07T10:53:14.127+0000] {logging_mixin.py:190} INFO - SID: trích dữ liệu từ 2025-10-02 đến 2025-10-07
[2025-10-07T10:53:14.141+0000] {client.py:83} ERROR - API request failed: HTTPSConnectionPool(host='trading.vietcap.com.vn', port=443): Max retries exceeded with url: /api/chart/OHLCChart/gap (Caused by NameResolutionError("<urllib3.connection.HTTPSConnection object at 0x7e619e79bec0>: Failed to resolve 'trading.vietcap.com.vn' ([Errno -2] Name or service not known)"))
[2025-10-07T10:53:16.208+0000] {client.py:83} ERROR - API request failed: HTTPSConnectionPool(host='trading.vietcap.com.vn', port=443): Max retries exceeded with url: /api/chart/OHLCChart/gap (Caused by NameResolutionError("<urllib3.connection.HTTPSConnection object at 0x7e619e7c0a70>: Failed to resolve 'trading.vietcap.com.vn' ([Errno -2] Name or service not known)"))
[2025-10-07T10:53:18.224+0000] {client.py:83} ERROR - API request failed: HTTPSConnectionPool(host='trading.vietcap.com.vn', port=443): Max retries exceeded with url: /api/chart/OHLCChart/gap (Caused by NameResolutionError("<urllib3.connection.HTTPSConnection object at 0x7e619e79a270>: Failed to resolve 'trading.vietcap.com.vn' ([Errno -2] Name or service not known)"))
[2025-10-07T10:53:18.227+0000] {logging_mixin.py:190} INFO - Không tìm thấy dữ liệu cho SID
[2025-10-07T10:53:18.235+0000] {logging_mixin.py:190} INFO - ℹ️ SID: Không có dữ liệu mới.
[2025-10-07T10:53:18.237+0000] {logging_mixin.py:190} INFO - 🚦 Giới hạn API đạt mức tối đa, chờ 36.3s...
[2025-10-07T10:53:55.564+0000] {logging_mixin.py:190} INFO - ⬇️ Bắt đầu xử lý symbol = SIC
[2025-10-07T10:53:55.625+0000] {logging_mixin.py:190} INFO - ⚠️ Không đọc được file cũ SIC: 'date'
[2025-10-07T10:53:55.640+0000] {logging_mixin.py:190} INFO - SIC: trích dữ liệu từ 2023-07-21 đến 2025-10-07
[2025-10-07T10:53:55.649+0000] {client.py:83} ERROR - API request failed: HTTPSConnectionPool(host='trading.vietcap.com.vn', port=443): Max retries exceeded with url: /api/chart/OHLCChart/gap (Caused by NameResolutionError("<urllib3.connection.HTTPSConnection object at 0x7e619e7c04a0>: Failed to resolve 'trading.vietcap.com.vn' ([Errno -2] Name or service not known)"))
[2025-10-07T10:53:57.655+0000] {client.py:83} ERROR - API request failed: HTTPSConnectionPool(host='trading.vietcap.com.vn', port=443): Max retries exceeded with url: /api/chart/OHLCChart/gap (Caused by NameResolutionError("<urllib3.connection.HTTPSConnection object at 0x7e619e7c1640>: Failed to resolve 'trading.vietcap.com.vn' ([Errno -2] Name or service not known)"))
[2025-10-07T10:53:59.665+0000] {client.py:83} ERROR - API request failed: HTTPSConnectionPool(host='trading.vietcap.com.vn', port=443): Max retries exceeded with url: /api/chart/OHLCChart/gap (Caused by NameResolutionError("<urllib3.connection.HTTPSConnection object at 0x7e619e7c21b0>: Failed to resolve 'trading.vietcap.com.vn' ([Errno -2] Name or service not known)"))
[2025-10-07T10:53:59.817+0000] {logging_mixin.py:190} INFO - Không tìm thấy dữ liệu cho SIC
[2025-10-07T10:53:59.822+0000] {logging_mixin.py:190} INFO - ℹ️ SIC: Không có dữ liệu mới.
[2025-10-07T10:53:59.828+0000] {logging_mixin.py:190} INFO - ⬇️ Bắt đầu xử lý symbol = SHX
[2025-10-07T10:53:59.868+0000] {logging_mixin.py:190} INFO - ⚠️ Không đọc được file cũ SHX: 'date'
[2025-10-07T10:53:59.886+0000] {logging_mixin.py:190} INFO - SHX: trích dữ liệu từ 2023-02-03 đến 2025-10-07
[2025-10-07T10:53:59.893+0000] {client.py:83} ERROR - API request failed: HTTPSConnectionPool(host='trading.vietcap.com.vn', port=443): Max retries exceeded with url: /api/chart/OHLCChart/gap (Caused by NameResolutionError("<urllib3.connection.HTTPSConnection object at 0x7e619e7c1e20>: Failed to resolve 'trading.vietcap.com.vn' ([Errno -2] Name or service not known)"))
[2025-10-07T10:54:01.908+0000] {client.py:83} ERROR - API request failed: HTTPSConnectionPool(host='trading.vietcap.com.vn', port=443): Max retries exceeded with url: /api/chart/OHLCChart/gap (Caused by NameResolutionError("<urllib3.connection.HTTPSConnection object at 0x7e619e885ca0>: Failed to resolve 'trading.vietcap.com.vn' ([Errno -2] Name or service not known)"))
[2025-10-07T10:54:03.929+0000] {client.py:83} ERROR - API request failed: HTTPSConnectionPool(host='trading.vietcap.com.vn', port=443): Max retries exceeded with url: /api/chart/OHLCChart/gap (Caused by NameResolutionError("<urllib3.connection.HTTPSConnection object at 0x7e619e92bad0>: Failed to resolve 'trading.vietcap.com.vn' ([Errno -2] Name or service not known)"))
[2025-10-07T10:54:03.932+0000] {logging_mixin.py:190} INFO - Không tìm thấy dữ liệu cho SHX
[2025-10-07T10:54:03.939+0000] {logging_mixin.py:190} INFO - ℹ️ SHX: Không có dữ liệu mới.
[2025-10-07T10:54:03.941+0000] {logging_mixin.py:190} INFO - 🚦 Giới hạn API đạt mức tối đa, chờ 1.2s...
[2025-10-07T10:54:05.137+0000] {logging_mixin.py:190} INFO - ⬇️ Bắt đầu xử lý symbol = SHS
[2025-10-07T10:54:05.224+0000] {logging_mixin.py:190} INFO - ⚠️ Không đọc được file cũ SHS: 'date'
[2025-10-07T10:54:05.258+0000] {logging_mixin.py:190} INFO - SHS: trích dữ liệu từ 2025-10-04 đến 2025-10-07
[2025-10-07T10:54:06.436+0000] {client.py:83} ERROR - API request failed: HTTPSConnectionPool(host='trading.vietcap.com.vn', port=443): Max retries exceeded with url: /api/chart/OHLCChart/gap (Caused by NameResolutionError("<urllib3.connection.HTTPSConnection object at 0x7e619e7c2a20>: Failed to resolve 'trading.vietcap.com.vn' ([Errno -2] Name or service not known)"))
[2025-10-07T10:54:08.451+0000] {client.py:83} ERROR - API request failed: HTTPSConnectionPool(host='trading.vietcap.com.vn', port=443): Max retries exceeded with url: /api/chart/OHLCChart/gap (Caused by NameResolutionError("<urllib3.connection.HTTPSConnection object at 0x7e619e7c2e40>: Failed to resolve 'trading.vietcap.com.vn' ([Errno -2] Name or service not known)"))
[2025-10-07T10:54:10.475+0000] {client.py:83} ERROR - API request failed: HTTPSConnectionPool(host='trading.vietcap.com.vn', port=443): Max retries exceeded with url: /api/chart/OHLCChart/gap (Caused by NameResolutionError("<urllib3.connection.HTTPSConnection object at 0x7e619e92a660>: Failed to resolve 'trading.vietcap.com.vn' ([Errno -2] Name or service not known)"))
[2025-10-07T10:54:10.478+0000] {logging_mixin.py:190} INFO - Không tìm thấy dữ liệu cho SHS
[2025-10-07T10:54:10.484+0000] {logging_mixin.py:190} INFO - ℹ️ SHS: Không có dữ liệu mới.
[2025-10-07T10:54:10.486+0000] {logging_mixin.py:190} INFO - ⬇️ Bắt đầu xử lý symbol = SHP
[2025-10-07T10:54:10.559+0000] {logging_mixin.py:190} INFO - ⚠️ Không đọc được file cũ SHP: 'date'
[2025-10-07T10:54:10.602+0000] {logging_mixin.py:190} INFO - SHP: trích dữ liệu từ 2025-10-04 đến 2025-10-07
[2025-10-07T10:54:10.621+0000] {client.py:83} ERROR - API request failed: HTTPSConnectionPool(host='trading.vietcap.com.vn', port=443): Max retries exceeded with url: /api/chart/OHLCChart/gap (Caused by NameResolutionError("<urllib3.connection.HTTPSConnection object at 0x7e619e79b830>: Failed to resolve 'trading.vietcap.com.vn' ([Errno -2] Name or service not known)"))
[2025-10-07T10:54:12.639+0000] {client.py:83} ERROR - API request failed: HTTPSConnectionPool(host='trading.vietcap.com.vn', port=443): Max retries exceeded with url: /api/chart/OHLCChart/gap (Caused by NameResolutionError("<urllib3.connection.HTTPSConnection object at 0x7e619e7c1670>: Failed to resolve 'trading.vietcap.com.vn' ([Errno -2] Name or service not known)"))
[2025-10-07T10:54:14.659+0000] {client.py:83} ERROR - API request failed: HTTPSConnectionPool(host='trading.vietcap.com.vn', port=443): Max retries exceeded with url: /api/chart/OHLCChart/gap (Caused by NameResolutionError("<urllib3.connection.HTTPSConnection object at 0x7e619e7c0aa0>: Failed to resolve 'trading.vietcap.com.vn' ([Errno -2] Name or service not known)"))
[2025-10-07T10:54:14.663+0000] {logging_mixin.py:190} INFO - Không tìm thấy dữ liệu cho SHP
[2025-10-07T10:54:14.668+0000] {logging_mixin.py:190} INFO - ℹ️ SHP: Không có dữ liệu mới.
[2025-10-07T10:54:14.670+0000] {logging_mixin.py:190} INFO - ⬇️ Bắt đầu xử lý symbol = SHN
[2025-10-07T10:54:14.743+0000] {logging_mixin.py:190} INFO - ⚠️ Không đọc được file cũ SHN: 'date'
[2025-10-07T10:54:14.787+0000] {logging_mixin.py:190} INFO - SHN: trích dữ liệu từ 2025-10-04 đến 2025-10-07
[2025-10-07T10:54:14.804+0000] {client.py:83} ERROR - API request failed: HTTPSConnectionPool(host='trading.vietcap.com.vn', port=443): Max retries exceeded with url: /api/chart/OHLCChart/gap (Caused by NameResolutionError("<urllib3.connection.HTTPSConnection object at 0x7e619e79ab40>: Failed to resolve 'trading.vietcap.com.vn' ([Errno -2] Name or service not known)"))
[2025-10-07T10:54:16.821+0000] {client.py:83} ERROR - API request failed: HTTPSConnectionPool(host='trading.vietcap.com.vn', port=443): Max retries exceeded with url: /api/chart/OHLCChart/gap (Caused by NameResolutionError("<urllib3.connection.HTTPSConnection object at 0x7e619e79a600>: Failed to resolve 'trading.vietcap.com.vn' ([Errno -2] Name or service not known)"))
[2025-10-07T10:54:18.841+0000] {client.py:83} ERROR - API request failed: HTTPSConnectionPool(host='trading.vietcap.com.vn', port=443): Max retries exceeded with url: /api/chart/OHLCChart/gap (Caused by NameResolutionError("<urllib3.connection.HTTPSConnection object at 0x7e619e7c0f20>: Failed to resolve 'trading.vietcap.com.vn' ([Errno -2] Name or service not known)"))
[2025-10-07T10:54:18.844+0000] {logging_mixin.py:190} INFO - Không tìm thấy dữ liệu cho SHN
[2025-10-07T10:54:18.849+0000] {logging_mixin.py:190} INFO - ℹ️ SHN: Không có dữ liệu mới.
[2025-10-07T10:54:18.852+0000] {logging_mixin.py:190} INFO - 🚦 Giới hạn API đạt mức tối đa, chờ 36.7s...
[2025-10-07T10:54:56.123+0000] {logging_mixin.py:190} INFO - ⬇️ Bắt đầu xử lý symbol = SHI
[2025-10-07T10:54:56.218+0000] {logging_mixin.py:190} INFO - ⚠️ Không đọc được file cũ SHI: 'date'
[2025-10-07T10:54:56.256+0000] {logging_mixin.py:190} INFO - SHI: trích dữ liệu từ 2025-10-04 đến 2025-10-07
[2025-10-07T10:54:56.276+0000] {client.py:83} ERROR - API request failed: HTTPSConnectionPool(host='trading.vietcap.com.vn', port=443): Max retries exceeded with url: /api/chart/OHLCChart/gap (Caused by NameResolutionError("<urllib3.connection.HTTPSConnection object at 0x7e619e79a3c0>: Failed to resolve 'trading.vietcap.com.vn' ([Errno -2] Name or service not known)"))
[2025-10-07T10:54:58.294+0000] {client.py:83} ERROR - API request failed: HTTPSConnectionPool(host='trading.vietcap.com.vn', port=443): Max retries exceeded with url: /api/chart/OHLCChart/gap (Caused by NameResolutionError("<urllib3.connection.HTTPSConnection object at 0x7e619e79ae40>: Failed to resolve 'trading.vietcap.com.vn' ([Errno -2] Name or service not known)"))
[2025-10-07T10:55:00.306+0000] {client.py:83} ERROR - API request failed: HTTPSConnectionPool(host='trading.vietcap.com.vn', port=443): Max retries exceeded with url: /api/chart/OHLCChart/gap (Caused by NameResolutionError("<urllib3.connection.HTTPSConnection object at 0x7e619e893ce0>: Failed to resolve 'trading.vietcap.com.vn' ([Errno -2] Name or service not known)"))
[2025-10-07T10:55:00.308+0000] {logging_mixin.py:190} INFO - Không tìm thấy dữ liệu cho SHI
[2025-10-07T10:55:00.311+0000] {logging_mixin.py:190} INFO - ℹ️ SHI: Không có dữ liệu mới.
[2025-10-07T10:55:00.313+0000] {logging_mixin.py:190} INFO - ⬇️ Bắt đầu xử lý symbol = SHG
[2025-10-07T10:55:00.362+0000] {logging_mixin.py:190} INFO - ⚠️ Không đọc được file cũ SHG: 'date'
[2025-10-07T10:55:00.384+0000] {logging_mixin.py:190} INFO - SHG: trích dữ liệu từ 2025-10-04 đến 2025-10-07
[2025-10-07T10:55:00.395+0000] {client.py:83} ERROR - API request failed: HTTPSConnectionPool(host='trading.vietcap.com.vn', port=443): Max retries exceeded with url: /api/chart/OHLCChart/gap (Caused by NameResolutionError("<urllib3.connection.HTTPSConnection object at 0x7e619e79a8a0>: Failed to resolve 'trading.vietcap.com.vn' ([Errno -2] Name or service not known)"))
[2025-10-07T10:55:02.411+0000] {client.py:83} ERROR - API request failed: HTTPSConnectionPool(host='trading.vietcap.com.vn', port=443): Max retries exceeded with url: /api/chart/OHLCChart/gap (Caused by NameResolutionError("<urllib3.connection.HTTPSConnection object at 0x7e619e7c1700>: Failed to resolve 'trading.vietcap.com.vn' ([Errno -2] Name or service not known)"))
[2025-10-07T10:55:04.430+0000] {client.py:83} ERROR - API request failed: HTTPSConnectionPool(host='trading.vietcap.com.vn', port=443): Max retries exceeded with url: /api/chart/OHLCChart/gap (Caused by NameResolutionError("<urllib3.connection.HTTPSConnection object at 0x7e619e928980>: Failed to resolve 'trading.vietcap.com.vn' ([Errno -2] Name or service not known)"))
[2025-10-07T10:55:04.433+0000] {logging_mixin.py:190} INFO - Không tìm thấy dữ liệu cho SHG
[2025-10-07T10:55:04.440+0000] {logging_mixin.py:190} INFO - ℹ️ SHG: Không có dữ liệu mới.
[2025-10-07T10:55:04.442+0000] {logging_mixin.py:190} INFO - 🚦 Giới hạn API đạt mức tối đa, chờ 0.7s...
[2025-10-07T10:55:05.140+0000] {logging_mixin.py:190} INFO - ⬇️ Bắt đầu xử lý symbol = SHE
[2025-10-07T10:55:05.223+0000] {logging_mixin.py:190} INFO - ⚠️ Không đọc được file cũ SHE: 'date'
[2025-10-07T10:55:05.264+0000] {logging_mixin.py:190} INFO - SHE: trích dữ liệu từ 2025-10-04 đến 2025-10-07
[2025-10-07T10:55:05.283+0000] {client.py:83} ERROR - API request failed: HTTPSConnectionPool(host='trading.vietcap.com.vn', port=443): Max retries exceeded with url: /api/chart/OHLCChart/gap (Caused by NameResolutionError("<urllib3.connection.HTTPSConnection object at 0x7e619e7d4440>: Failed to resolve 'trading.vietcap.com.vn' ([Errno -2] Name or service not known)"))
[2025-10-07T10:55:08.174+0000] {client.py:83} ERROR - API request failed: HTTPSConnectionPool(host='trading.vietcap.com.vn', port=443): Max retries exceeded with url: /api/chart/OHLCChart/gap (Caused by NameResolutionError("<urllib3.connection.HTTPSConnection object at 0x7e619e799e50>: Failed to resolve 'trading.vietcap.com.vn' ([Errno -2] Name or service not known)"))
[2025-10-07T10:55:10.192+0000] {client.py:83} ERROR - API request failed: HTTPSConnectionPool(host='trading.vietcap.com.vn', port=443): Max retries exceeded with url: /api/chart/OHLCChart/gap (Caused by NameResolutionError("<urllib3.connection.HTTPSConnection object at 0x7e619e798200>: Failed to resolve 'trading.vietcap.com.vn' ([Errno -2] Name or service not known)"))
[2025-10-07T10:55:10.195+0000] {logging_mixin.py:190} INFO - Không tìm thấy dữ liệu cho SHE
[2025-10-07T10:55:10.200+0000] {logging_mixin.py:190} INFO - ℹ️ SHE: Không có dữ liệu mới.
[2025-10-07T10:55:10.203+0000] {logging_mixin.py:190} INFO - 🚦 Giới hạn API đạt mức tối đa, chờ 0.3s...
[2025-10-07T10:55:10.488+0000] {logging_mixin.py:190} INFO - ⬇️ Bắt đầu xử lý symbol = SHC
[2025-10-07T10:55:10.558+0000] {logging_mixin.py:190} INFO - ⚠️ Không đọc được file cũ SHC: 'date'
[2025-10-07T10:55:10.596+0000] {logging_mixin.py:190} INFO - SHC: trích dữ liệu từ 2025-10-01 đến 2025-10-07
[2025-10-07T10:55:10.612+0000] {client.py:83} ERROR - API request failed: HTTPSConnectionPool(host='trading.vietcap.com.vn', port=443): Max retries exceeded with url: /api/chart/OHLCChart/gap (Caused by NameResolutionError("<urllib3.connection.HTTPSConnection object at 0x7e619e7d40e0>: Failed to resolve 'trading.vietcap.com.vn' ([Errno -2] Name or service not known)"))
[2025-10-07T10:55:12.621+0000] {client.py:83} ERROR - API request failed: HTTPSConnectionPool(host='trading.vietcap.com.vn', port=443): Max retries exceeded with url: /api/chart/OHLCChart/gap (Caused by NameResolutionError("<urllib3.connection.HTTPSConnection object at 0x7e619e7d5a00>: Failed to resolve 'trading.vietcap.com.vn' ([Errno -2] Name or service not known)"))
[2025-10-07T10:55:14.638+0000] {client.py:83} ERROR - API request failed: HTTPSConnectionPool(host='trading.vietcap.com.vn', port=443): Max retries exceeded with url: /api/chart/OHLCChart/gap (Caused by NameResolutionError("<urllib3.connection.HTTPSConnection object at 0x7e619e893e00>: Failed to resolve 'trading.vietcap.com.vn' ([Errno -2] Name or service not known)"))
[2025-10-07T10:55:14.642+0000] {logging_mixin.py:190} INFO - Không tìm thấy dữ liệu cho SHC
[2025-10-07T10:55:14.647+0000] {logging_mixin.py:190} INFO - ℹ️ SHC: Không có dữ liệu mới.
[2025-10-07T10:55:14.649+0000] {logging_mixin.py:190} INFO - 🚦 Giới hạn API đạt mức tối đa, chờ 0.0s...
[2025-10-07T10:55:14.673+0000] {logging_mixin.py:190} INFO - ⬇️ Bắt đầu xử lý symbol = SHB
[2025-10-07T10:55:14.755+0000] {logging_mixin.py:190} INFO - ⚠️ Không đọc được file cũ SHB: 'date'
[2025-10-07T10:55:14.798+0000] {logging_mixin.py:190} INFO - SHB: trích dữ liệu từ 2025-10-04 đến 2025-10-07
[2025-10-07T10:55:14.813+0000] {client.py:83} ERROR - API request failed: HTTPSConnectionPool(host='trading.vietcap.com.vn', port=443): Max retries exceeded with url: /api/chart/OHLCChart/gap (Caused by NameResolutionError("<urllib3.connection.HTTPSConnection object at 0x7e619e7d50d0>: Failed to resolve 'trading.vietcap.com.vn' ([Errno -2] Name or service not known)"))
[2025-10-07T10:55:16.828+0000] {client.py:83} ERROR - API request failed: HTTPSConnectionPool(host='trading.vietcap.com.vn', port=443): Max retries exceeded with url: /api/chart/OHLCChart/gap (Caused by NameResolutionError("<urllib3.connection.HTTPSConnection object at 0x7e619e7d4980>: Failed to resolve 'trading.vietcap.com.vn' ([Errno -2] Name or service not known)"))
[2025-10-07T10:55:18.838+0000] {client.py:83} ERROR - API request failed: HTTPSConnectionPool(host='trading.vietcap.com.vn', port=443): Max retries exceeded with url: /api/chart/OHLCChart/gap (Caused by NameResolutionError("<urllib3.connection.HTTPSConnection object at 0x7e619e7d7680>: Failed to resolve 'trading.vietcap.com.vn' ([Errno -2] Name or service not known)"))
[2025-10-07T10:55:18.839+0000] {logging_mixin.py:190} INFO - Không tìm thấy dữ liệu cho SHB
[2025-10-07T10:55:18.843+0000] {logging_mixin.py:190} INFO - ℹ️ SHB: Không có dữ liệu mới.
[2025-10-07T10:55:18.843+0000] {logging_mixin.py:190} INFO - 🚦 Giới hạn API đạt mức tối đa, chờ 37.3s...
[2025-10-07T10:55:56.802+0000] {logging_mixin.py:190} INFO - ⬇️ Bắt đầu xử lý symbol = SHA
[2025-10-07T10:55:56.871+0000] {logging_mixin.py:190} INFO - ⚠️ Không đọc được file cũ SHA: 'date'
[2025-10-07T10:55:56.904+0000] {logging_mixin.py:190} INFO - SHA: trích dữ liệu từ 2025-10-04 đến 2025-10-07
[2025-10-07T10:55:56.920+0000] {client.py:83} ERROR - API request failed: HTTPSConnectionPool(host='trading.vietcap.com.vn', port=443): Max retries exceeded with url: /api/chart/OHLCChart/gap (Caused by NameResolutionError("<urllib3.connection.HTTPSConnection object at 0x7e619e7d6b70>: Failed to resolve 'trading.vietcap.com.vn' ([Errno -2] Name or service not known)"))
[2025-10-07T10:55:58.938+0000] {client.py:83} ERROR - API request failed: HTTPSConnectionPool(host='trading.vietcap.com.vn', port=443): Max retries exceeded with url: /api/chart/OHLCChart/gap (Caused by NameResolutionError("<urllib3.connection.HTTPSConnection object at 0x7e61c7b144a0>: Failed to resolve 'trading.vietcap.com.vn' ([Errno -2] Name or service not known)"))
[2025-10-07T10:56:00.997+0000] {client.py:83} ERROR - API request failed: HTTPSConnectionPool(host='trading.vietcap.com.vn', port=443): Max retries exceeded with url: /api/chart/OHLCChart/gap (Caused by NameResolutionError("<urllib3.connection.HTTPSConnection object at 0x7e61c7b151c0>: Failed to resolve 'trading.vietcap.com.vn' ([Errno -2] Name or service not known)"))
[2025-10-07T10:56:01.000+0000] {logging_mixin.py:190} INFO - Không tìm thấy dữ liệu cho SHA
[2025-10-07T10:56:01.007+0000] {logging_mixin.py:190} INFO - ℹ️ SHA: Không có dữ liệu mới.
[2025-10-07T10:56:01.010+0000] {logging_mixin.py:190} INFO - ⬇️ Bắt đầu xử lý symbol = SGT
[2025-10-07T10:56:01.084+0000] {logging_mixin.py:190} INFO - ⚠️ Không đọc được file cũ SGT: 'date'
[2025-10-07T10:56:01.126+0000] {logging_mixin.py:190} INFO - SGT: trích dữ liệu từ 2025-10-04 đến 2025-10-07
[2025-10-07T10:56:01.146+0000] {client.py:83} ERROR - API request failed: HTTPSConnectionPool(host='trading.vietcap.com.vn', port=443): Max retries exceeded with url: /api/chart/OHLCChart/gap (Caused by NameResolutionError("<urllib3.connection.HTTPSConnection object at 0x7e619e7d4950>: Failed to resolve 'trading.vietcap.com.vn' ([Errno -2] Name or service not known)"))
[2025-10-07T10:56:03.158+0000] {client.py:83} ERROR - API request failed: HTTPSConnectionPool(host='trading.vietcap.com.vn', port=443): Max retries exceeded with url: /api/chart/OHLCChart/gap (Caused by NameResolutionError("<urllib3.connection.HTTPSConnection object at 0x7e619e7d7c80>: Failed to resolve 'trading.vietcap.com.vn' ([Errno -2] Name or service not known)"))
[2025-10-07T10:56:05.362+0000] {client.py:83} ERROR - API request failed: HTTPSConnectionPool(host='trading.vietcap.com.vn', port=443): Max retries exceeded with url: /api/chart/OHLCChart/gap (Caused by NameResolutionError("<urllib3.connection.HTTPSConnection object at 0x7e619e79b620>: Failed to resolve 'trading.vietcap.com.vn' ([Errno -2] Name or service not known)"))
[2025-10-07T10:56:05.367+0000] {logging_mixin.py:190} INFO - Không tìm thấy dữ liệu cho SGT
[2025-10-07T10:56:05.381+0000] {logging_mixin.py:190} INFO - ℹ️ SGT: Không có dữ liệu mới.
[2025-10-07T10:56:05.385+0000] {logging_mixin.py:190} INFO - ⬇️ Bắt đầu xử lý symbol = SGS
[2025-10-07T10:56:05.472+0000] {logging_mixin.py:190} INFO - ⚠️ Không đọc được file cũ SGS: 'date'
[2025-10-07T10:56:05.491+0000] {logging_mixin.py:190} INFO - SGS: trích dữ liệu từ 2025-10-04 đến 2025-10-07
[2025-10-07T10:56:05.499+0000] {client.py:83} ERROR - API request failed: HTTPSConnectionPool(host='trading.vietcap.com.vn', port=443): Max retries exceeded with url: /api/chart/OHLCChart/gap (Caused by NameResolutionError("<urllib3.connection.HTTPSConnection object at 0x7e619e893fb0>: Failed to resolve 'trading.vietcap.com.vn' ([Errno -2] Name or service not known)"))
[2025-10-07T10:56:07.515+0000] {client.py:83} ERROR - API request failed: HTTPSConnectionPool(host='trading.vietcap.com.vn', port=443): Max retries exceeded with url: /api/chart/OHLCChart/gap (Caused by NameResolutionError("<urllib3.connection.HTTPSConnection object at 0x7e619e7d5190>: Failed to resolve 'trading.vietcap.com.vn' ([Errno -2] Name or service not known)"))
[2025-10-07T10:56:10.333+0000] {client.py:83} ERROR - API request failed: HTTPSConnectionPool(host='trading.vietcap.com.vn', port=443): Max retries exceeded with url: /api/chart/OHLCChart/gap (Caused by NameResolutionError("<urllib3.connection.HTTPSConnection object at 0x7e619e7d7500>: Failed to resolve 'trading.vietcap.com.vn' ([Errno -2] Name or service not known)"))
[2025-10-07T10:56:10.337+0000] {logging_mixin.py:190} INFO - Không tìm thấy dữ liệu cho SGS
[2025-10-07T10:56:10.343+0000] {logging_mixin.py:190} INFO - ℹ️ SGS: Không có dữ liệu mới.
[2025-10-07T10:56:10.345+0000] {logging_mixin.py:190} INFO - 🚦 Giới hạn API đạt mức tối đa, chờ 0.1s...
[2025-10-07T10:56:10.491+0000] {logging_mixin.py:190} INFO - ⬇️ Bắt đầu xử lý symbol = SGR
[2025-10-07T10:56:10.580+0000] {logging_mixin.py:190} INFO - ⚠️ Không đọc được file cũ SGR: 'date'
[2025-10-07T10:56:10.622+0000] {logging_mixin.py:190} INFO - SGR: trích dữ liệu từ 2025-10-04 đến 2025-10-07
[2025-10-07T10:56:10.637+0000] {client.py:83} ERROR - API request failed: HTTPSConnectionPool(host='trading.vietcap.com.vn', port=443): Max retries exceeded with url: /api/chart/OHLCChart/gap (Caused by NameResolutionError("<urllib3.connection.HTTPSConnection object at 0x7e619e7d54f0>: Failed to resolve 'trading.vietcap.com.vn' ([Errno -2] Name or service not known)"))
[2025-10-07T10:56:12.649+0000] {client.py:83} ERROR - API request failed: HTTPSConnectionPool(host='trading.vietcap.com.vn', port=443): Max retries exceeded with url: /api/chart/OHLCChart/gap (Caused by NameResolutionError("<urllib3.connection.HTTPSConnection object at 0x7e619e7d75f0>: Failed to resolve 'trading.vietcap.com.vn' ([Errno -2] Name or service not known)"))
[2025-10-07T10:56:14.668+0000] {client.py:83} ERROR - API request failed: HTTPSConnectionPool(host='trading.vietcap.com.vn', port=443): Max retries exceeded with url: /api/chart/OHLCChart/gap (Caused by NameResolutionError("<urllib3.connection.HTTPSConnection object at 0x7e61c7b172f0>: Failed to resolve 'trading.vietcap.com.vn' ([Errno -2] Name or service not known)"))
[2025-10-07T10:56:14.671+0000] {logging_mixin.py:190} INFO - Không tìm thấy dữ liệu cho SGR
[2025-10-07T10:56:14.677+0000] {logging_mixin.py:190} INFO - ℹ️ SGR: Không có dữ liệu mới.
[2025-10-07T10:56:14.680+0000] {logging_mixin.py:190} INFO - ⬇️ Bắt đầu xử lý symbol = SGP
[2025-10-07T10:56:14.730+0000] {logging_mixin.py:190} INFO - ⚠️ Không đọc được file cũ SGP: 'date'
[2025-10-07T10:56:14.742+0000] {logging_mixin.py:190} INFO - SGP: trích dữ liệu từ 2025-10-04 đến 2025-10-07
[2025-10-07T10:56:14.749+0000] {client.py:83} ERROR - API request failed: HTTPSConnectionPool(host='trading.vietcap.com.vn', port=443): Max retries exceeded with url: /api/chart/OHLCChart/gap (Caused by NameResolutionError("<urllib3.connection.HTTPSConnection object at 0x7e619e799a60>: Failed to resolve 'trading.vietcap.com.vn' ([Errno -2] Name or service not known)"))
[2025-10-07T10:56:16.754+0000] {client.py:83} ERROR - API request failed: HTTPSConnectionPool(host='trading.vietcap.com.vn', port=443): Max retries exceeded with url: /api/chart/OHLCChart/gap (Caused by NameResolutionError("<urllib3.connection.HTTPSConnection object at 0x7e619e799b50>: Failed to resolve 'trading.vietcap.com.vn' ([Errno -2] Name or service not known)"))
[2025-10-07T10:56:18.770+0000] {client.py:83} ERROR - API request failed: HTTPSConnectionPool(host='trading.vietcap.com.vn', port=443): Max retries exceeded with url: /api/chart/OHLCChart/gap (Caused by NameResolutionError("<urllib3.connection.HTTPSConnection object at 0x7e619e79bb90>: Failed to resolve 'trading.vietcap.com.vn' ([Errno -2] Name or service not known)"))
[2025-10-07T10:56:18.774+0000] {logging_mixin.py:190} INFO - Không tìm thấy dữ liệu cho SGP
[2025-10-07T10:56:18.779+0000] {logging_mixin.py:190} INFO - ℹ️ SGP: Không có dữ liệu mới.
[2025-10-07T10:56:18.781+0000] {logging_mixin.py:190} INFO - 🚦 Giới hạn API đạt mức tối đa, chờ 38.0s...
[2025-10-07T10:56:57.601+0000] {logging_mixin.py:190} INFO - ⬇️ Bắt đầu xử lý symbol = SGO
[2025-10-07T10:56:57.701+0000] {logging_mixin.py:190} INFO - ⚠️ Không đọc được file cũ SGO: 'date'
[2025-10-07T10:56:57.739+0000] {logging_mixin.py:190} INFO - SGO: trích dữ liệu từ 2023-02-25 đến 2025-10-07
[2025-10-07T10:56:57.764+0000] {client.py:83} ERROR - API request failed: HTTPSConnectionPool(host='trading.vietcap.com.vn', port=443): Max retries exceeded with url: /api/chart/OHLCChart/gap (Caused by NameResolutionError("<urllib3.connection.HTTPSConnection object at 0x7e619e7d6ae0>: Failed to resolve 'trading.vietcap.com.vn' ([Errno -2] Name or service not known)"))
[2025-10-07T10:56:59.790+0000] {client.py:83} ERROR - API request failed: HTTPSConnectionPool(host='trading.vietcap.com.vn', port=443): Max retries exceeded with url: /api/chart/OHLCChart/gap (Caused by NameResolutionError("<urllib3.connection.HTTPSConnection object at 0x7e619ea1b950>: Failed to resolve 'trading.vietcap.com.vn' ([Errno -2] Name or service not known)"))
[2025-10-07T10:57:01.807+0000] {client.py:83} ERROR - API request failed: HTTPSConnectionPool(host='trading.vietcap.com.vn', port=443): Max retries exceeded with url: /api/chart/OHLCChart/gap (Caused by NameResolutionError("<urllib3.connection.HTTPSConnection object at 0x7e619e7c2960>: Failed to resolve 'trading.vietcap.com.vn' ([Errno -2] Name or service not known)"))
[2025-10-07T10:57:01.810+0000] {logging_mixin.py:190} INFO - Không tìm thấy dữ liệu cho SGO
[2025-10-07T10:57:01.815+0000] {logging_mixin.py:190} INFO - ℹ️ SGO: Không có dữ liệu mới.
[2025-10-07T10:57:01.817+0000] {logging_mixin.py:190} INFO - ⬇️ Bắt đầu xử lý symbol = SGN
[2025-10-07T10:57:01.890+0000] {logging_mixin.py:190} INFO - ⚠️ Không đọc được file cũ SGN: 'date'
[2025-10-07T10:57:01.922+0000] {logging_mixin.py:190} INFO - SGN: trích dữ liệu từ 2025-10-04 đến 2025-10-07
[2025-10-07T10:57:01.937+0000] {client.py:83} ERROR - API request failed: HTTPSConnectionPool(host='trading.vietcap.com.vn', port=443): Max retries exceeded with url: /api/chart/OHLCChart/gap (Caused by NameResolutionError("<urllib3.connection.HTTPSConnection object at 0x7e619e7d7f80>: Failed to resolve 'trading.vietcap.com.vn' ([Errno -2] Name or service not known)"))
[2025-10-07T10:57:03.955+0000] {client.py:83} ERROR - API request failed: HTTPSConnectionPool(host='trading.vietcap.com.vn', port=443): Max retries exceeded with url: /api/chart/OHLCChart/gap (Caused by NameResolutionError("<urllib3.connection.HTTPSConnection object at 0x7e619e79a600>: Failed to resolve 'trading.vietcap.com.vn' ([Errno -2] Name or service not known)"))
[2025-10-07T10:57:05.972+0000] {client.py:83} ERROR - API request failed: HTTPSConnectionPool(host='trading.vietcap.com.vn', port=443): Max retries exceeded with url: /api/chart/OHLCChart/gap (Caused by NameResolutionError("<urllib3.connection.HTTPSConnection object at 0x7e619e7c1dc0>: Failed to resolve 'trading.vietcap.com.vn' ([Errno -2] Name or service not known)"))
[2025-10-07T10:57:05.975+0000] {logging_mixin.py:190} INFO - Không tìm thấy dữ liệu cho SGN
[2025-10-07T10:57:05.980+0000] {logging_mixin.py:190} INFO - ℹ️ SGN: Không có dữ liệu mới.
[2025-10-07T10:57:05.983+0000] {logging_mixin.py:190} INFO - ⬇️ Bắt đầu xử lý symbol = SGI
[2025-10-07T10:57:06.057+0000] {logging_mixin.py:190} INFO - ⚠️ Không đọc được file cũ SGI: 'date'
[2025-10-07T10:57:06.097+0000] {logging_mixin.py:190} INFO - SGI: trích dữ liệu từ 2025-10-04 đến 2025-10-07
[2025-10-07T10:57:06.118+0000] {client.py:83} ERROR - API request failed: HTTPSConnectionPool(host='trading.vietcap.com.vn', port=443): Max retries exceeded with url: /api/chart/OHLCChart/gap (Caused by NameResolutionError("<urllib3.connection.HTTPSConnection object at 0x7e619e7c29f0>: Failed to resolve 'trading.vietcap.com.vn' ([Errno -2] Name or service not known)"))
[2025-10-07T10:57:08.128+0000] {client.py:83} ERROR - API request failed: HTTPSConnectionPool(host='trading.vietcap.com.vn', port=443): Max retries exceeded with url: /api/chart/OHLCChart/gap (Caused by NameResolutionError("<urllib3.connection.HTTPSConnection object at 0x7e619e9bdbb0>: Failed to resolve 'trading.vietcap.com.vn' ([Errno -2] Name or service not known)"))
[2025-10-07T10:57:10.832+0000] {client.py:83} ERROR - API request failed: HTTPSConnectionPool(host='trading.vietcap.com.vn', port=443): Max retries exceeded with url: /api/chart/OHLCChart/gap (Caused by NameResolutionError("<urllib3.connection.HTTPSConnection object at 0x7e619e79a4e0>: Failed to resolve 'trading.vietcap.com.vn' ([Errno -2] Name or service not known)"))
[2025-10-07T10:57:10.835+0000] {logging_mixin.py:190} INFO - Không tìm thấy dữ liệu cho SGI
[2025-10-07T10:57:10.841+0000] {logging_mixin.py:190} INFO - ℹ️ SGI: Không có dữ liệu mới.
[2025-10-07T10:57:10.843+0000] {logging_mixin.py:190} INFO - ⬇️ Bắt đầu xử lý symbol = SGH
[2025-10-07T10:57:10.915+0000] {logging_mixin.py:190} INFO - ⚠️ Không đọc được file cũ SGH: 'date'
[2025-10-07T10:57:10.935+0000] {logging_mixin.py:190} INFO - SGH: trích dữ liệu từ 2025-09-16 đến 2025-10-07
[2025-10-07T10:57:10.942+0000] {client.py:83} ERROR - API request failed: HTTPSConnectionPool(host='trading.vietcap.com.vn', port=443): Max retries exceeded with url: /api/chart/OHLCChart/gap (Caused by NameResolutionError("<urllib3.connection.HTTPSConnection object at 0x7e61c7b16810>: Failed to resolve 'trading.vietcap.com.vn' ([Errno -2] Name or service not known)"))
[2025-10-07T10:57:12.956+0000] {client.py:83} ERROR - API request failed: HTTPSConnectionPool(host='trading.vietcap.com.vn', port=443): Max retries exceeded with url: /api/chart/OHLCChart/gap (Caused by NameResolutionError("<urllib3.connection.HTTPSConnection object at 0x7e619e7d4dd0>: Failed to resolve 'trading.vietcap.com.vn' ([Errno -2] Name or service not known)"))
[2025-10-07T10:57:14.978+0000] {client.py:83} ERROR - API request failed: HTTPSConnectionPool(host='trading.vietcap.com.vn', port=443): Max retries exceeded with url: /api/chart/OHLCChart/gap (Caused by NameResolutionError("<urllib3.connection.HTTPSConnection object at 0x7e61c7b14aa0>: Failed to resolve 'trading.vietcap.com.vn' ([Errno -2] Name or service not known)"))
[2025-10-07T10:57:14.981+0000] {logging_mixin.py:190} INFO - Không tìm thấy dữ liệu cho SGH
[2025-10-07T10:57:14.991+0000] {logging_mixin.py:190} INFO - ℹ️ SGH: Không có dữ liệu mới.
[2025-10-07T10:57:14.995+0000] {logging_mixin.py:190} INFO - ⬇️ Bắt đầu xử lý symbol = SGD
[2025-10-07T10:57:15.120+0000] {logging_mixin.py:190} INFO - ⚠️ Không đọc được file cũ SGD: 'date'
[2025-10-07T10:57:15.159+0000] {logging_mixin.py:190} INFO - SGD: trích dữ liệu từ 2025-10-02 đến 2025-10-07
[2025-10-07T10:57:15.174+0000] {client.py:83} ERROR - API request failed: HTTPSConnectionPool(host='trading.vietcap.com.vn', port=443): Max retries exceeded with url: /api/chart/OHLCChart/gap (Caused by NameResolutionError("<urllib3.connection.HTTPSConnection object at 0x7e619e7d76b0>: Failed to resolve 'trading.vietcap.com.vn' ([Errno -2] Name or service not known)"))
[2025-10-07T10:57:17.189+0000] {client.py:83} ERROR - API request failed: HTTPSConnectionPool(host='trading.vietcap.com.vn', port=443): Max retries exceeded with url: /api/chart/OHLCChart/gap (Caused by NameResolutionError("<urllib3.connection.HTTPSConnection object at 0x7e619e7d7500>: Failed to resolve 'trading.vietcap.com.vn' ([Errno -2] Name or service not known)"))
[2025-10-07T10:57:19.207+0000] {client.py:83} ERROR - API request failed: HTTPSConnectionPool(host='trading.vietcap.com.vn', port=443): Max retries exceeded with url: /api/chart/OHLCChart/gap (Caused by NameResolutionError("<urllib3.connection.HTTPSConnection object at 0x7e619e7c1df0>: Failed to resolve 'trading.vietcap.com.vn' ([Errno -2] Name or service not known)"))
[2025-10-07T10:57:19.210+0000] {logging_mixin.py:190} INFO - Không tìm thấy dữ liệu cho SGD
[2025-10-07T10:57:19.216+0000] {logging_mixin.py:190} INFO - ℹ️ SGD: Không có dữ liệu mới.
[2025-10-07T10:57:19.218+0000] {logging_mixin.py:190} INFO - 🚦 Giới hạn API đạt mức tối đa, chờ 38.4s...
[2025-10-07T10:57:58.250+0000] {logging_mixin.py:190} INFO - ⬇️ Bắt đầu xử lý symbol = SGC
[2025-10-07T10:57:58.283+0000] {logging_mixin.py:190} INFO - ⚠️ Không đọc được file cũ SGC: 'date'
[2025-10-07T10:57:58.294+0000] {logging_mixin.py:190} INFO - SGC: trích dữ liệu từ 2025-10-03 đến 2025-10-07
[2025-10-07T10:57:58.300+0000] {client.py:83} ERROR - API request failed: HTTPSConnectionPool(host='trading.vietcap.com.vn', port=443): Max retries exceeded with url: /api/chart/OHLCChart/gap (Caused by NameResolutionError("<urllib3.connection.HTTPSConnection object at 0x7e619e7d6cc0>: Failed to resolve 'trading.vietcap.com.vn' ([Errno -2] Name or service not known)"))
[2025-10-07T10:58:00.321+0000] {client.py:83} ERROR - API request failed: HTTPSConnectionPool(host='trading.vietcap.com.vn', port=443): Max retries exceeded with url: /api/chart/OHLCChart/gap (Caused by NameResolutionError("<urllib3.connection.HTTPSConnection object at 0x7e61c7b174a0>: Failed to resolve 'trading.vietcap.com.vn' ([Errno -2] Name or service not known)"))
[2025-10-07T10:58:02.340+0000] {client.py:83} ERROR - API request failed: HTTPSConnectionPool(host='trading.vietcap.com.vn', port=443): Max retries exceeded with url: /api/chart/OHLCChart/gap (Caused by NameResolutionError("<urllib3.connection.HTTPSConnection object at 0x7e619e7c22a0>: Failed to resolve 'trading.vietcap.com.vn' ([Errno -2] Name or service not known)"))
[2025-10-07T10:58:02.343+0000] {logging_mixin.py:190} INFO - Không tìm thấy dữ liệu cho SGC
[2025-10-07T10:58:02.349+0000] {logging_mixin.py:190} INFO - ℹ️ SGC: Không có dữ liệu mới.
[2025-10-07T10:58:02.351+0000] {logging_mixin.py:190} INFO - ⬇️ Bắt đầu xử lý symbol = SGB
[2025-10-07T10:58:02.422+0000] {logging_mixin.py:190} INFO - ⚠️ Không đọc được file cũ SGB: 'date'
[2025-10-07T10:58:02.458+0000] {logging_mixin.py:190} INFO - SGB: trích dữ liệu từ 2025-10-04 đến 2025-10-07
[2025-10-07T10:58:02.554+0000] {client.py:83} ERROR - API request failed: HTTPSConnectionPool(host='trading.vietcap.com.vn', port=443): Max retries exceeded with url: /api/chart/OHLCChart/gap (Caused by NameResolutionError("<urllib3.connection.HTTPSConnection object at 0x7e619e7c12b0>: Failed to resolve 'trading.vietcap.com.vn' ([Errno -2] Name or service not known)"))
[2025-10-07T10:58:04.573+0000] {client.py:83} ERROR - API request failed: HTTPSConnectionPool(host='trading.vietcap.com.vn', port=443): Max retries exceeded with url: /api/chart/OHLCChart/gap (Caused by NameResolutionError("<urllib3.connection.HTTPSConnection object at 0x7e61c7b14140>: Failed to resolve 'trading.vietcap.com.vn' ([Errno -2] Name or service not known)"))
[2025-10-07T10:58:06.590+0000] {client.py:83} ERROR - API request failed: HTTPSConnectionPool(host='trading.vietcap.com.vn', port=443): Max retries exceeded with url: /api/chart/OHLCChart/gap (Caused by NameResolutionError("<urllib3.connection.HTTPSConnection object at 0x7e619e7d5fa0>: Failed to resolve 'trading.vietcap.com.vn' ([Errno -2] Name or service not known)"))
[2025-10-07T10:58:06.593+0000] {logging_mixin.py:190} INFO - Không tìm thấy dữ liệu cho SGB
[2025-10-07T10:58:06.603+0000] {logging_mixin.py:190} INFO - ℹ️ SGB: Không có dữ liệu mới.
[2025-10-07T10:58:06.605+0000] {logging_mixin.py:190} INFO - ⬇️ Bắt đầu xử lý symbol = SFN
[2025-10-07T10:58:06.685+0000] {logging_mixin.py:190} INFO - ⚠️ Không đọc được file cũ SFN: 'date'
[2025-10-07T10:58:06.721+0000] {logging_mixin.py:190} INFO - SFN: trích dữ liệu từ 2025-09-26 đến 2025-10-07
[2025-10-07T10:58:06.736+0000] {client.py:83} ERROR - API request failed: HTTPSConnectionPool(host='trading.vietcap.com.vn', port=443): Max retries exceeded with url: /api/chart/OHLCChart/gap (Caused by NameResolutionError("<urllib3.connection.HTTPSConnection object at 0x7e619e7c1880>: Failed to resolve 'trading.vietcap.com.vn' ([Errno -2] Name or service not known)"))
[2025-10-07T10:58:08.753+0000] {client.py:83} ERROR - API request failed: HTTPSConnectionPool(host='trading.vietcap.com.vn', port=443): Max retries exceeded with url: /api/chart/OHLCChart/gap (Caused by NameResolutionError("<urllib3.connection.HTTPSConnection object at 0x7e619e92aa50>: Failed to resolve 'trading.vietcap.com.vn' ([Errno -2] Name or service not known)"))
[2025-10-07T10:58:10.771+0000] {client.py:83} ERROR - API request failed: HTTPSConnectionPool(host='trading.vietcap.com.vn', port=443): Max retries exceeded with url: /api/chart/OHLCChart/gap (Caused by NameResolutionError("<urllib3.connection.HTTPSConnection object at 0x7e619e7c3890>: Failed to resolve 'trading.vietcap.com.vn' ([Errno -2] Name or service not known)"))
[2025-10-07T10:58:10.903+0000] {logging_mixin.py:190} INFO - Không tìm thấy dữ liệu cho SFN
[2025-10-07T10:58:10.907+0000] {logging_mixin.py:190} INFO - ℹ️ SFN: Không có dữ liệu mới.
[2025-10-07T10:58:10.915+0000] {logging_mixin.py:190} INFO - ⬇️ Bắt đầu xử lý symbol = SFI
[2025-10-07T10:58:10.955+0000] {logging_mixin.py:190} INFO - ⚠️ Không đọc được file cũ SFI: 'date'
[2025-10-07T10:58:10.970+0000] {logging_mixin.py:190} INFO - SFI: trích dữ liệu từ 2025-10-04 đến 2025-10-07
[2025-10-07T10:58:10.975+0000] {client.py:83} ERROR - API request failed: HTTPSConnectionPool(host='trading.vietcap.com.vn', port=443): Max retries exceeded with url: /api/chart/OHLCChart/gap (Caused by NameResolutionError("<urllib3.connection.HTTPSConnection object at 0x7e61c7b39280>: Failed to resolve 'trading.vietcap.com.vn' ([Errno -2] Name or service not known)"))
[2025-10-07T10:58:13.790+0000] {client.py:83} ERROR - API request failed: HTTPSConnectionPool(host='trading.vietcap.com.vn', port=443): Max retries exceeded with url: /api/chart/OHLCChart/gap (Caused by NameResolutionError("<urllib3.connection.HTTPSConnection object at 0x7e619e9292b0>: Failed to resolve 'trading.vietcap.com.vn' ([Errno -2] Name or service not known)"))
[2025-10-07T10:58:15.808+0000] {client.py:83} ERROR - API request failed: HTTPSConnectionPool(host='trading.vietcap.com.vn', port=443): Max retries exceeded with url: /api/chart/OHLCChart/gap (Caused by NameResolutionError("<urllib3.connection.HTTPSConnection object at 0x7e619e928dd0>: Failed to resolve 'trading.vietcap.com.vn' ([Errno -2] Name or service not known)"))
[2025-10-07T10:58:15.811+0000] {logging_mixin.py:190} INFO - Không tìm thấy dữ liệu cho SFI
[2025-10-07T10:58:15.817+0000] {logging_mixin.py:190} INFO - ℹ️ SFI: Không có dữ liệu mới.
[2025-10-07T10:58:15.819+0000] {logging_mixin.py:190} INFO - ⬇️ Bắt đầu xử lý symbol = SFG
[2025-10-07T10:58:15.890+0000] {logging_mixin.py:190} INFO - ⚠️ Không đọc được file cũ SFG: 'date'
[2025-10-07T10:58:15.933+0000] {logging_mixin.py:190} INFO - SFG: trích dữ liệu từ 2025-10-04 đến 2025-10-07
[2025-10-07T10:58:15.957+0000] {client.py:83} ERROR - API request failed: HTTPSConnectionPool(host='trading.vietcap.com.vn', port=443): Max retries exceeded with url: /api/chart/OHLCChart/gap (Caused by NameResolutionError("<urllib3.connection.HTTPSConnection object at 0x7e619e7c0770>: Failed to resolve 'trading.vietcap.com.vn' ([Errno -2] Name or service not known)"))
[2025-10-07T10:58:17.985+0000] {client.py:83} ERROR - API request failed: HTTPSConnectionPool(host='trading.vietcap.com.vn', port=443): Max retries exceeded with url: /api/chart/OHLCChart/gap (Caused by NameResolutionError("<urllib3.connection.HTTPSConnection object at 0x7e619e7c1340>: Failed to resolve 'trading.vietcap.com.vn' ([Errno -2] Name or service not known)"))
[2025-10-07T10:58:20.004+0000] {client.py:83} ERROR - API request failed: HTTPSConnectionPool(host='trading.vietcap.com.vn', port=443): Max retries exceeded with url: /api/chart/OHLCChart/gap (Caused by NameResolutionError("<urllib3.connection.HTTPSConnection object at 0x7e619e7c0d10>: Failed to resolve 'trading.vietcap.com.vn' ([Errno -2] Name or service not known)"))
[2025-10-07T10:58:20.008+0000] {logging_mixin.py:190} INFO - Không tìm thấy dữ liệu cho SFG
[2025-10-07T10:58:20.014+0000] {logging_mixin.py:190} INFO - ℹ️ SFG: Không có dữ liệu mới.
[2025-10-07T10:58:20.016+0000] {logging_mixin.py:190} INFO - 🚦 Giới hạn API đạt mức tối đa, chờ 38.2s...
[2025-10-07T10:58:59.043+0000] {logging_mixin.py:190} INFO - ⬇️ Bắt đầu xử lý symbol = SFC
[2025-10-07T10:58:59.121+0000] {logging_mixin.py:190} INFO - ⚠️ Không đọc được file cũ SFC: 'date'
[2025-10-07T10:58:59.159+0000] {logging_mixin.py:190} INFO - SFC: trích dữ liệu từ 2025-10-04 đến 2025-10-07
[2025-10-07T10:58:59.190+0000] {client.py:83} ERROR - API request failed: HTTPSConnectionPool(host='trading.vietcap.com.vn', port=443): Max retries exceeded with url: /api/chart/OHLCChart/gap (Caused by NameResolutionError("<urllib3.connection.HTTPSConnection object at 0x7e619e929d90>: Failed to resolve 'trading.vietcap.com.vn' ([Errno -2] Name or service not known)"))
[2025-10-07T10:59:01.208+0000] {client.py:83} ERROR - API request failed: HTTPSConnectionPool(host='trading.vietcap.com.vn', port=443): Max retries exceeded with url: /api/chart/OHLCChart/gap (Caused by NameResolutionError("<urllib3.connection.HTTPSConnection object at 0x7e619e7d5e50>: Failed to resolve 'trading.vietcap.com.vn' ([Errno -2] Name or service not known)"))
[2025-10-07T10:59:03.216+0000] {client.py:83} ERROR - API request failed: HTTPSConnectionPool(host='trading.vietcap.com.vn', port=443): Max retries exceeded with url: /api/chart/OHLCChart/gap (Caused by NameResolutionError("<urllib3.connection.HTTPSConnection object at 0x7e619e79b830>: Failed to resolve 'trading.vietcap.com.vn' ([Errno -2] Name or service not known)"))
[2025-10-07T10:59:03.217+0000] {logging_mixin.py:190} INFO - Không tìm thấy dữ liệu cho SFC
[2025-10-07T10:59:03.219+0000] {logging_mixin.py:190} INFO - ℹ️ SFC: Không có dữ liệu mới.
[2025-10-07T10:59:03.220+0000] {logging_mixin.py:190} INFO - ⬇️ Bắt đầu xử lý symbol = SEP
[2025-10-07T10:59:03.245+0000] {logging_mixin.py:190} INFO - ⚠️ Không đọc được file cũ SEP: 'date'
[2025-10-07T10:59:03.256+0000] {logging_mixin.py:190} INFO - SEP: trích dữ liệu từ 2025-10-04 đến 2025-10-07
[2025-10-07T10:59:03.262+0000] {client.py:83} ERROR - API request failed: HTTPSConnectionPool(host='trading.vietcap.com.vn', port=443): Max retries exceeded with url: /api/chart/OHLCChart/gap (Caused by NameResolutionError("<urllib3.connection.HTTPSConnection object at 0x7e619e929310>: Failed to resolve 'trading.vietcap.com.vn' ([Errno -2] Name or service not known)"))
[2025-10-07T10:59:05.275+0000] {client.py:83} ERROR - API request failed: HTTPSConnectionPool(host='trading.vietcap.com.vn', port=443): Max retries exceeded with url: /api/chart/OHLCChart/gap (Caused by NameResolutionError("<urllib3.connection.HTTPSConnection object at 0x7e619e7c28a0>: Failed to resolve 'trading.vietcap.com.vn' ([Errno -2] Name or service not known)"))
[2025-10-07T10:59:07.289+0000] {client.py:83} ERROR - API request failed: HTTPSConnectionPool(host='trading.vietcap.com.vn', port=443): Max retries exceeded with url: /api/chart/OHLCChart/gap (Caused by NameResolutionError("<urllib3.connection.HTTPSConnection object at 0x7e619e79bc20>: Failed to resolve 'trading.vietcap.com.vn' ([Errno -2] Name or service not known)"))
[2025-10-07T10:59:07.293+0000] {logging_mixin.py:190} INFO - Không tìm thấy dữ liệu cho SEP
[2025-10-07T10:59:07.298+0000] {logging_mixin.py:190} INFO - ℹ️ SEP: Không có dữ liệu mới.
[2025-10-07T10:59:07.300+0000] {logging_mixin.py:190} INFO - ⬇️ Bắt đầu xử lý symbol = SED
[2025-10-07T10:59:07.389+0000] {logging_mixin.py:190} INFO - ⚠️ Không đọc được file cũ SED: 'date'
[2025-10-07T10:59:07.431+0000] {logging_mixin.py:190} INFO - SED: trích dữ liệu từ 2025-10-04 đến 2025-10-07
[2025-10-07T10:59:07.455+0000] {client.py:83} ERROR - API request failed: HTTPSConnectionPool(host='trading.vietcap.com.vn', port=443): Max retries exceeded with url: /api/chart/OHLCChart/gap (Caused by NameResolutionError("<urllib3.connection.HTTPSConnection object at 0x7e61c7b16120>: Failed to resolve 'trading.vietcap.com.vn' ([Errno -2] Name or service not known)"))
[2025-10-07T10:59:09.472+0000] {client.py:83} ERROR - API request failed: HTTPSConnectionPool(host='trading.vietcap.com.vn', port=443): Max retries exceeded with url: /api/chart/OHLCChart/gap (Caused by NameResolutionError("<urllib3.connection.HTTPSConnection object at 0x7e619e7d6840>: Failed to resolve 'trading.vietcap.com.vn' ([Errno -2] Name or service not known)"))
[2025-10-07T10:59:11.506+0000] {client.py:83} ERROR - API request failed: HTTPSConnectionPool(host='trading.vietcap.com.vn', port=443): Max retries exceeded with url: /api/chart/OHLCChart/gap (Caused by NameResolutionError("<urllib3.connection.HTTPSConnection object at 0x7e619e7984d0>: Failed to resolve 'trading.vietcap.com.vn' ([Errno -2] Name or service not known)"))
[2025-10-07T10:59:11.509+0000] {logging_mixin.py:190} INFO - Không tìm thấy dữ liệu cho SED
[2025-10-07T10:59:11.514+0000] {logging_mixin.py:190} INFO - ℹ️ SED: Không có dữ liệu mới.
[2025-10-07T10:59:11.515+0000] {logging_mixin.py:190} INFO - ⬇️ Bắt đầu xử lý symbol = SEB
[2025-10-07T10:59:11.595+0000] {logging_mixin.py:190} INFO - ⚠️ Không đọc được file cũ SEB: 'date'
[2025-10-07T10:59:11.635+0000] {logging_mixin.py:190} INFO - SEB: trích dữ liệu từ 2025-10-04 đến 2025-10-07
[2025-10-07T10:59:11.651+0000] {client.py:83} ERROR - API request failed: HTTPSConnectionPool(host='trading.vietcap.com.vn', port=443): Max retries exceeded with url: /api/chart/OHLCChart/gap (Caused by NameResolutionError("<urllib3.connection.HTTPSConnection object at 0x7e61c7b14bc0>: Failed to resolve 'trading.vietcap.com.vn' ([Errno -2] Name or service not known)"))
[2025-10-07T10:59:14.308+0000] {client.py:83} ERROR - API request failed: HTTPSConnectionPool(host='trading.vietcap.com.vn', port=443): Max retries exceeded with url: /api/chart/OHLCChart/gap (Caused by NameResolutionError("<urllib3.connection.HTTPSConnection object at 0x7e61c7b14aa0>: Failed to resolve 'trading.vietcap.com.vn' ([Errno -2] Name or service not known)"))
[2025-10-07T10:59:16.333+0000] {client.py:83} ERROR - API request failed: HTTPSConnectionPool(host='trading.vietcap.com.vn', port=443): Max retries exceeded with url: /api/chart/OHLCChart/gap (Caused by NameResolutionError("<urllib3.connection.HTTPSConnection object at 0x7e61c7b16780>: Failed to resolve 'trading.vietcap.com.vn' ([Errno -2] Name or service not known)"))
[2025-10-07T10:59:16.334+0000] {logging_mixin.py:190} INFO - Không tìm thấy dữ liệu cho SEB
[2025-10-07T10:59:16.336+0000] {logging_mixin.py:190} INFO - ℹ️ SEB: Không có dữ liệu mới.
[2025-10-07T10:59:16.336+0000] {logging_mixin.py:190} INFO - ⬇️ Bắt đầu xử lý symbol = SEA
[2025-10-07T10:59:16.362+0000] {logging_mixin.py:190} INFO - ⚠️ Không đọc được file cũ SEA: 'date'
[2025-10-07T10:59:16.376+0000] {logging_mixin.py:190} INFO - SEA: trích dữ liệu từ 2025-10-03 đến 2025-10-07
[2025-10-07T10:59:16.381+0000] {client.py:83} ERROR - API request failed: HTTPSConnectionPool(host='trading.vietcap.com.vn', port=443): Max retries exceeded with url: /api/chart/OHLCChart/gap (Caused by NameResolutionError("<urllib3.connection.HTTPSConnection object at 0x7e619e7c10d0>: Failed to resolve 'trading.vietcap.com.vn' ([Errno -2] Name or service not known)"))
[2025-10-07T10:59:18.390+0000] {client.py:83} ERROR - API request failed: HTTPSConnectionPool(host='trading.vietcap.com.vn', port=443): Max retries exceeded with url: /api/chart/OHLCChart/gap (Caused by NameResolutionError("<urllib3.connection.HTTPSConnection object at 0x7e61c7b39880>: Failed to resolve 'trading.vietcap.com.vn' ([Errno -2] Name or service not known)"))
[2025-10-07T10:59:20.405+0000] {client.py:83} ERROR - API request failed: HTTPSConnectionPool(host='trading.vietcap.com.vn', port=443): Max retries exceeded with url: /api/chart/OHLCChart/gap (Caused by NameResolutionError("<urllib3.connection.HTTPSConnection object at 0x7e61c7b398e0>: Failed to resolve 'trading.vietcap.com.vn' ([Errno -2] Name or service not known)"))
[2025-10-07T10:59:20.408+0000] {logging_mixin.py:190} INFO - Không tìm thấy dữ liệu cho SEA
[2025-10-07T10:59:20.412+0000] {logging_mixin.py:190} INFO - ℹ️ SEA: Không có dữ liệu mới.
[2025-10-07T10:59:20.414+0000] {logging_mixin.py:190} INFO - 🚦 Giới hạn API đạt mức tối đa, chờ 38.6s...
[2025-10-07T10:59:59.689+0000] {logging_mixin.py:190} INFO - ⬇️ Bắt đầu xử lý symbol = SDY
[2025-10-07T10:59:59.782+0000] {logging_mixin.py:190} INFO - ⚠️ Không đọc được file cũ SDY: 'date'
[2025-10-07T10:59:59.808+0000] {logging_mixin.py:190} INFO - SDY: trích dữ liệu từ 2025-09-27 đến 2025-10-07
[2025-10-07T10:59:59.819+0000] {client.py:83} ERROR - API request failed: HTTPSConnectionPool(host='trading.vietcap.com.vn', port=443): Max retries exceeded with url: /api/chart/OHLCChart/gap (Caused by NameResolutionError("<urllib3.connection.HTTPSConnection object at 0x7e61c7b17bc0>: Failed to resolve 'trading.vietcap.com.vn' ([Errno -2] Name or service not known)"))
[2025-10-07T11:00:01.835+0000] {client.py:83} ERROR - API request failed: HTTPSConnectionPool(host='trading.vietcap.com.vn', port=443): Max retries exceeded with url: /api/chart/OHLCChart/gap (Caused by NameResolutionError("<urllib3.connection.HTTPSConnection object at 0x7e61c7b38680>: Failed to resolve 'trading.vietcap.com.vn' ([Errno -2] Name or service not known)"))
[2025-10-07T11:00:03.855+0000] {client.py:83} ERROR - API request failed: HTTPSConnectionPool(host='trading.vietcap.com.vn', port=443): Max retries exceeded with url: /api/chart/OHLCChart/gap (Caused by NameResolutionError("<urllib3.connection.HTTPSConnection object at 0x7e61c7b3a9f0>: Failed to resolve 'trading.vietcap.com.vn' ([Errno -2] Name or service not known)"))
[2025-10-07T11:00:03.858+0000] {logging_mixin.py:190} INFO - Không tìm thấy dữ liệu cho SDY
[2025-10-07T11:00:03.866+0000] {logging_mixin.py:190} INFO - ℹ️ SDY: Không có dữ liệu mới.
[2025-10-07T11:00:03.868+0000] {logging_mixin.py:190} INFO - ⬇️ Bắt đầu xử lý symbol = SDX
[2025-10-07T11:00:03.944+0000] {logging_mixin.py:190} INFO - ⚠️ Không đọc được file cũ SDX: 'date'
[2025-10-07T11:00:03.979+0000] {logging_mixin.py:190} INFO - SDX: trích dữ liệu từ 2024-07-26 đến 2025-10-07
[2025-10-07T11:00:04.002+0000] {client.py:83} ERROR - API request failed: HTTPSConnectionPool(host='trading.vietcap.com.vn', port=443): Max retries exceeded with url: /api/chart/OHLCChart/gap (Caused by NameResolutionError("<urllib3.connection.HTTPSConnection object at 0x7e61c7b3af90>: Failed to resolve 'trading.vietcap.com.vn' ([Errno -2] Name or service not known)"))
[2025-10-07T11:00:06.018+0000] {client.py:83} ERROR - API request failed: HTTPSConnectionPool(host='trading.vietcap.com.vn', port=443): Max retries exceeded with url: /api/chart/OHLCChart/gap (Caused by NameResolutionError("<urllib3.connection.HTTPSConnection object at 0x7e619e92a7b0>: Failed to resolve 'trading.vietcap.com.vn' ([Errno -2] Name or service not known)"))
[2025-10-07T11:00:08.026+0000] {client.py:83} ERROR - API request failed: HTTPSConnectionPool(host='trading.vietcap.com.vn', port=443): Max retries exceeded with url: /api/chart/OHLCChart/gap (Caused by NameResolutionError("<urllib3.connection.HTTPSConnection object at 0x7e619e79a3c0>: Failed to resolve 'trading.vietcap.com.vn' ([Errno -2] Name or service not known)"))
[2025-10-07T11:00:08.027+0000] {logging_mixin.py:190} INFO - Không tìm thấy dữ liệu cho SDX
[2025-10-07T11:00:08.029+0000] {logging_mixin.py:190} INFO - ℹ️ SDX: Không có dữ liệu mới.
[2025-10-07T11:00:08.029+0000] {logging_mixin.py:190} INFO - ⬇️ Bắt đầu xử lý symbol = SDV
[2025-10-07T11:00:08.054+0000] {logging_mixin.py:190} INFO - ⚠️ Không đọc được file cũ SDV: 'date'
[2025-10-07T11:00:08.067+0000] {logging_mixin.py:190} INFO - SDV: trích dữ liệu từ 2025-09-26 đến 2025-10-07
[2025-10-07T11:00:08.072+0000] {client.py:83} ERROR - API request failed: HTTPSConnectionPool(host='trading.vietcap.com.vn', port=443): Max retries exceeded with url: /api/chart/OHLCChart/gap (Caused by NameResolutionError("<urllib3.connection.HTTPSConnection object at 0x7e61c7b3a360>: Failed to resolve 'trading.vietcap.com.vn' ([Errno -2] Name or service not known)"))
[2025-10-07T11:00:10.079+0000] {client.py:83} ERROR - API request failed: HTTPSConnectionPool(host='trading.vietcap.com.vn', port=443): Max retries exceeded with url: /api/chart/OHLCChart/gap (Caused by NameResolutionError("<urllib3.connection.HTTPSConnection object at 0x7e61c7b3bad0>: Failed to resolve 'trading.vietcap.com.vn' ([Errno -2] Name or service not known)"))
[2025-10-07T11:00:12.093+0000] {client.py:83} ERROR - API request failed: HTTPSConnectionPool(host='trading.vietcap.com.vn', port=443): Max retries exceeded with url: /api/chart/OHLCChart/gap (Caused by NameResolutionError("<urllib3.connection.HTTPSConnection object at 0x7e619e92b9e0>: Failed to resolve 'trading.vietcap.com.vn' ([Errno -2] Name or service not known)"))
[2025-10-07T11:00:12.097+0000] {logging_mixin.py:190} INFO - Không tìm thấy dữ liệu cho SDV
[2025-10-07T11:00:12.103+0000] {logging_mixin.py:190} INFO - ℹ️ SDV: Không có dữ liệu mới.
[2025-10-07T11:00:12.105+0000] {logging_mixin.py:190} INFO - ⬇️ Bắt đầu xử lý symbol = SDU
[2025-10-07T11:00:12.164+0000] {logging_mixin.py:190} INFO - ⚠️ Không đọc được file cũ SDU: 'date'
[2025-10-07T11:00:12.199+0000] {logging_mixin.py:190} INFO - SDU: trích dữ liệu từ 2025-10-03 đến 2025-10-07
[2025-10-07T11:00:12.221+0000] {client.py:83} ERROR - API request failed: HTTPSConnectionPool(host='trading.vietcap.com.vn', port=443): Max retries exceeded with url: /api/chart/OHLCChart/gap (Caused by NameResolutionError("<urllib3.connection.HTTPSConnection object at 0x7e61c7b7c3b0>: Failed to resolve 'trading.vietcap.com.vn' ([Errno -2] Name or service not known)"))
[2025-10-07T11:00:14.238+0000] {client.py:83} ERROR - API request failed: HTTPSConnectionPool(host='trading.vietcap.com.vn', port=443): Max retries exceeded with url: /api/chart/OHLCChart/gap (Caused by NameResolutionError("<urllib3.connection.HTTPSConnection object at 0x7e61c7b7ce30>: Failed to resolve 'trading.vietcap.com.vn' ([Errno -2] Name or service not known)"))
[2025-10-07T11:00:16.771+0000] {client.py:83} ERROR - API request failed: HTTPSConnectionPool(host='trading.vietcap.com.vn', port=443): Max retries exceeded with url: /api/chart/OHLCChart/gap (Caused by NameResolutionError("<urllib3.connection.HTTPSConnection object at 0x7e61c7b7d8b0>: Failed to resolve 'trading.vietcap.com.vn' ([Errno -2] Name or service not known)"))
[2025-10-07T11:00:16.774+0000] {logging_mixin.py:190} INFO - Không tìm thấy dữ liệu cho SDU
[2025-10-07T11:00:16.778+0000] {logging_mixin.py:190} INFO - ℹ️ SDU: Không có dữ liệu mới.
[2025-10-07T11:00:16.780+0000] {logging_mixin.py:190} INFO - ⬇️ Bắt đầu xử lý symbol = SDT
[2025-10-07T11:00:16.870+0000] {logging_mixin.py:190} INFO - ⚠️ Không đọc được file cũ SDT: 'date'
[2025-10-07T11:00:16.906+0000] {logging_mixin.py:190} INFO - SDT: trích dữ liệu từ 2025-10-04 đến 2025-10-07
[2025-10-07T11:00:16.924+0000] {client.py:83} ERROR - API request failed: HTTPSConnectionPool(host='trading.vietcap.com.vn', port=443): Max retries exceeded with url: /api/chart/OHLCChart/gap (Caused by NameResolutionError("<urllib3.connection.HTTPSConnection object at 0x7e61c7b7c0b0>: Failed to resolve 'trading.vietcap.com.vn' ([Errno -2] Name or service not known)"))
[2025-10-07T11:00:18.933+0000] {client.py:83} ERROR - API request failed: HTTPSConnectionPool(host='trading.vietcap.com.vn', port=443): Max retries exceeded with url: /api/chart/OHLCChart/gap (Caused by NameResolutionError("<urllib3.connection.HTTPSConnection object at 0x7e61c7b7e330>: Failed to resolve 'trading.vietcap.com.vn' ([Errno -2] Name or service not known)"))
[2025-10-07T11:00:21.104+0000] {client.py:83} ERROR - API request failed: HTTPSConnectionPool(host='trading.vietcap.com.vn', port=443): Max retries exceeded with url: /api/chart/OHLCChart/gap (Caused by NameResolutionError("<urllib3.connection.HTTPSConnection object at 0x7e61c7b17320>: Failed to resolve 'trading.vietcap.com.vn' ([Errno -2] Name or service not known)"))
[2025-10-07T11:00:21.105+0000] {logging_mixin.py:190} INFO - Không tìm thấy dữ liệu cho SDT
[2025-10-07T11:00:21.111+0000] {logging_mixin.py:190} INFO - ℹ️ SDT: Không có dữ liệu mới.
[2025-10-07T11:00:21.113+0000] {logging_mixin.py:190} INFO - 🚦 Giới hạn API đạt mức tối đa, chờ 38.6s...
[2025-10-07T11:01:00.170+0000] {logging_mixin.py:190} INFO - ⬇️ Bắt đầu xử lý symbol = SDP
[2025-10-07T11:01:00.238+0000] {logging_mixin.py:190} INFO - ⚠️ Không đọc được file cũ SDP: 'date'
[2025-10-07T11:01:00.277+0000] {logging_mixin.py:190} INFO - SDP: trích dữ liệu từ 2025-10-04 đến 2025-10-07
[2025-10-07T11:01:00.297+0000] {client.py:83} ERROR - API request failed: HTTPSConnectionPool(host='trading.vietcap.com.vn', port=443): Max retries exceeded with url: /api/chart/OHLCChart/gap (Caused by NameResolutionError("<urllib3.connection.HTTPSConnection object at 0x7e61c7b7eb10>: Failed to resolve 'trading.vietcap.com.vn' ([Errno -2] Name or service not known)"))
[2025-10-07T11:01:02.317+0000] {client.py:83} ERROR - API request failed: HTTPSConnectionPool(host='trading.vietcap.com.vn', port=443): Max retries exceeded with url: /api/chart/OHLCChart/gap (Caused by NameResolutionError("<urllib3.connection.HTTPSConnection object at 0x7e61c7b3b740>: Failed to resolve 'trading.vietcap.com.vn' ([Errno -2] Name or service not known)"))
[2025-10-07T11:01:04.397+0000] {client.py:83} ERROR - API request failed: HTTPSConnectionPool(host='trading.vietcap.com.vn', port=443): Max retries exceeded with url: /api/chart/OHLCChart/gap (Caused by NameResolutionError("<urllib3.connection.HTTPSConnection object at 0x7e61c7b15cd0>: Failed to resolve 'trading.vietcap.com.vn' ([Errno -2] Name or service not known)"))
[2025-10-07T11:01:04.402+0000] {logging_mixin.py:190} INFO - Không tìm thấy dữ liệu cho SDP
[2025-10-07T11:01:04.406+0000] {logging_mixin.py:190} INFO - ℹ️ SDP: Không có dữ liệu mới.
[2025-10-07T11:01:04.408+0000] {logging_mixin.py:190} INFO - ⬇️ Bắt đầu xử lý symbol = SDN
[2025-10-07T11:01:04.444+0000] {logging_mixin.py:190} INFO - ⚠️ Không đọc được file cũ SDN: 'date'
[2025-10-07T11:01:04.457+0000] {logging_mixin.py:190} INFO - SDN: trích dữ liệu từ 2025-09-25 đến 2025-10-07
[2025-10-07T11:01:04.463+0000] {client.py:83} ERROR - API request failed: HTTPSConnectionPool(host='trading.vietcap.com.vn', port=443): Max retries exceeded with url: /api/chart/OHLCChart/gap (Caused by NameResolutionError("<urllib3.connection.HTTPSConnection object at 0x7e61c7b7ca70>: Failed to resolve 'trading.vietcap.com.vn' ([Errno -2] Name or service not known)"))
[2025-10-07T11:01:06.473+0000] {client.py:83} ERROR - API request failed: HTTPSConnectionPool(host='trading.vietcap.com.vn', port=443): Max retries exceeded with url: /api/chart/OHLCChart/gap (Caused by NameResolutionError("<urllib3.connection.HTTPSConnection object at 0x7e619e798230>: Failed to resolve 'trading.vietcap.com.vn' ([Errno -2] Name or service not known)"))
[2025-10-07T11:11:54.116+0000] {job.py:229} INFO - Heartbeat recovered after 652.14 seconds
[2025-10-07T11:11:55.367+0000] {client.py:83} ERROR - API request failed: HTTPSConnectionPool(host='trading.vietcap.com.vn', port=443): Max retries exceeded with url: /api/chart/OHLCChart/gap (Caused by NameResolutionError("<urllib3.connection.HTTPSConnection object at 0x7e61c7b7fb90>: Failed to resolve 'trading.vietcap.com.vn' ([Errno -2] Name or service not known)"))
[2025-10-07T11:11:55.368+0000] {logging_mixin.py:190} INFO - Không tìm thấy dữ liệu cho SDN
[2025-10-07T11:11:55.371+0000] {logging_mixin.py:190} INFO - ℹ️ SDN: Không có dữ liệu mới.
[2025-10-07T11:11:55.372+0000] {logging_mixin.py:190} INFO - ⬇️ Bắt đầu xử lý symbol = SDK
[2025-10-07T11:11:55.398+0000] {logging_mixin.py:190} INFO - ⚠️ Không đọc được file cũ SDK: 'date'
[2025-10-07T11:11:55.426+0000] {logging_mixin.py:190} INFO - SDK: trích dữ liệu từ 2025-09-27 đến 2025-10-07
[2025-10-07T11:11:55.454+0000] {client.py:83} ERROR - API request failed: HTTPSConnectionPool(host='trading.vietcap.com.vn', port=443): Max retries exceeded with url: /api/chart/OHLCChart/gap (Caused by NameResolutionError("<urllib3.connection.HTTPSConnection object at 0x7e619e799b50>: Failed to resolve 'trading.vietcap.com.vn' ([Errno -2] Name or service not known)"))
[2025-10-07T11:11:57.546+0000] {client.py:83} ERROR - API request failed: HTTPSConnectionPool(host='trading.vietcap.com.vn', port=443): Max retries exceeded with url: /api/chart/OHLCChart/gap (Caused by NameResolutionError("<urllib3.connection.HTTPSConnection object at 0x7e619e7d6f00>: Failed to resolve 'trading.vietcap.com.vn' ([Errno -2] Name or service not known)"))
[2025-10-07T11:11:59.642+0000] {client.py:83} ERROR - API request failed: HTTPSConnectionPool(host='trading.vietcap.com.vn', port=443): Max retries exceeded with url: /api/chart/OHLCChart/gap (Caused by NameResolutionError("<urllib3.connection.HTTPSConnection object at 0x7e619e7d72f0>: Failed to resolve 'trading.vietcap.com.vn' ([Errno -2] Name or service not known)"))
[2025-10-07T11:11:59.681+0000] {logging_mixin.py:190} INFO - Không tìm thấy dữ liệu cho SDK
[2025-10-07T11:11:59.688+0000] {logging_mixin.py:190} INFO - ℹ️ SDK: Không có dữ liệu mới.
[2025-10-07T11:11:59.697+0000] {logging_mixin.py:190} INFO - ⬇️ Bắt đầu xử lý symbol = SDJ
[2025-10-07T11:11:59.839+0000] {logging_mixin.py:190} INFO - ⚠️ Không đọc được file cũ SDJ: 'date'
[2025-10-07T11:11:59.945+0000] {logging_mixin.py:190} INFO - SDJ: trích dữ liệu từ 2024-07-26 đến 2025-10-07
[2025-10-07T11:11:59.979+0000] {client.py:83} ERROR - API request failed: HTTPSConnectionPool(host='trading.vietcap.com.vn', port=443): Max retries exceeded with url: /api/chart/OHLCChart/gap (Caused by NameResolutionError("<urllib3.connection.HTTPSConnection object at 0x7e61c7b7f260>: Failed to resolve 'trading.vietcap.com.vn' ([Errno -2] Name or service not known)"))
[2025-10-07T11:12:01.999+0000] {client.py:83} ERROR - API request failed: HTTPSConnectionPool(host='trading.vietcap.com.vn', port=443): Max retries exceeded with url: /api/chart/OHLCChart/gap (Caused by NameResolutionError("<urllib3.connection.HTTPSConnection object at 0x7e619e7d69f0>: Failed to resolve 'trading.vietcap.com.vn' ([Errno -2] Name or service not known)"))
[2025-10-07T11:12:04.203+0000] {client.py:83} ERROR - API request failed: HTTPSConnectionPool(host='trading.vietcap.com.vn', port=443): Max retries exceeded with url: /api/chart/OHLCChart/gap (Caused by NameResolutionError("<urllib3.connection.HTTPSConnection object at 0x7e619e7d7080>: Failed to resolve 'trading.vietcap.com.vn' ([Errno -2] Name or service not known)"))
[2025-10-07T11:12:04.206+0000] {logging_mixin.py:190} INFO - Không tìm thấy dữ liệu cho SDJ
[2025-10-07T11:12:04.208+0000] {logging_mixin.py:190} INFO - ℹ️ SDJ: Không có dữ liệu mới.
[2025-10-07T11:12:04.209+0000] {logging_mixin.py:190} INFO - ⬇️ Bắt đầu xử lý symbol = SDH
[2025-10-07T11:12:04.248+0000] {logging_mixin.py:190} INFO - ⚠️ Không đọc được file cũ SDH: 'date'
[2025-10-07T11:12:04.266+0000] {logging_mixin.py:190} INFO - SDH: trích dữ liệu từ 2022-07-23 đến 2025-10-07
[2025-10-07T11:12:04.275+0000] {client.py:83} ERROR - API request failed: HTTPSConnectionPool(host='trading.vietcap.com.vn', port=443): Max retries exceeded with url: /api/chart/OHLCChart/gap (Caused by NameResolutionError("<urllib3.connection.HTTPSConnection object at 0x7e619e8913d0>: Failed to resolve 'trading.vietcap.com.vn' ([Errno -2] Name or service not known)"))
[2025-10-07T11:12:06.290+0000] {client.py:83} ERROR - API request failed: HTTPSConnectionPool(host='trading.vietcap.com.vn', port=443): Max retries exceeded with url: /api/chart/OHLCChart/gap (Caused by NameResolutionError("<urllib3.connection.HTTPSConnection object at 0x7e61b5688680>: Failed to resolve 'trading.vietcap.com.vn' ([Errno -2] Name or service not known)"))
[2025-10-07T11:12:08.296+0000] {client.py:83} ERROR - API request failed: HTTPSConnectionPool(host='trading.vietcap.com.vn', port=443): Max retries exceeded with url: /api/chart/OHLCChart/gap (Caused by NameResolutionError("<urllib3.connection.HTTPSConnection object at 0x7e619e79b950>: Failed to resolve 'trading.vietcap.com.vn' ([Errno -2] Name or service not known)"))
[2025-10-07T11:12:08.297+0000] {logging_mixin.py:190} INFO - Không tìm thấy dữ liệu cho SDH
[2025-10-07T11:12:08.299+0000] {logging_mixin.py:190} INFO - ℹ️ SDH: Không có dữ liệu mới.
[2025-10-07T11:12:08.300+0000] {python.py:240} INFO - Done. Returned value was: None
[2025-10-07T11:12:08.311+0000] {taskinstance.py:341} INFO - ::group::Post task execution logs
[2025-10-07T11:12:08.312+0000] {taskinstance.py:353} INFO - Marking task as SUCCESS. dag_id=vnstock_weekly_etl_incremental, task_id=process_batch, run_id=manual__2025-10-07T10:41:48.387187+00:00, map_index=9, execution_date=20251007T104148, start_date=20251007T105153, end_date=20251007T111208
[2025-10-07T11:12:08.382+0000] {local_task_job_runner.py:266} INFO - Task exited with return code 0
[2025-10-07T11:12:08.579+0000] {local_task_job_runner.py:245} INFO - ::endgroup::
