[2025-10-07T13:04:21.271+0000] {local_task_job_runner.py:123} INFO - ::group::Pre task execution logs
[2025-10-07T13:04:21.298+0000] {taskinstance.py:2614} INFO - Dependencies all met for dep_context=non-requeueable deps ti=<TaskInstance: vnstock_weekly_etl_incremental.process_batch manual__2025-10-07T10:43:54.222487+00:00 map_index=23 [queued]>
[2025-10-07T13:04:21.311+0000] {taskinstance.py:2614} INFO - Dependencies all met for dep_context=requeueable deps ti=<TaskInstance: vnstock_weekly_etl_incremental.process_batch manual__2025-10-07T10:43:54.222487+00:00 map_index=23 [queued]>
[2025-10-07T13:04:21.312+0000] {taskinstance.py:2867} INFO - Starting attempt 1 of 3
[2025-10-07T13:04:21.395+0000] {taskinstance.py:2890} INFO - Executing <Mapped(_PythonDecoratedOperator): process_batch> on 2025-10-07 10:43:54.222487+00:00
[2025-10-07T13:04:21.408+0000] {logging_mixin.py:190} WARNING - /home/***/.local/lib/python3.12/site-packages/***/task/task_runner/standard_task_runner.py:70 DeprecationWarning: This process (pid=15214) is multi-threaded, use of fork() may lead to deadlocks in the child.
[2025-10-07T13:04:21.409+0000] {standard_task_runner.py:72} INFO - Started process 15224 to run task
[2025-10-07T13:04:21.408+0000] {standard_task_runner.py:104} INFO - Running: ['***', 'tasks', 'run', 'vnstock_weekly_etl_incremental', 'process_batch', 'manual__2025-10-07T10:43:54.222487+00:00', '--job-id', '182', '--raw', '--subdir', 'DAGS_FOLDER/dag.py', '--cfg-path', '/tmp/tmpdgu7x5y2', '--map-index', '23']
[2025-10-07T13:04:21.411+0000] {standard_task_runner.py:105} INFO - Job 182: Subtask process_batch
[2025-10-07T13:04:21.428+0000] {logging_mixin.py:190} WARNING - /home/***/.local/lib/python3.12/site-packages/***/settings.py:209 DeprecationWarning: The sql_alchemy_conn option in [core] has been moved to the sql_alchemy_conn option in [database] - the old setting has been used, but please update your config.
[2025-10-07T13:04:21.472+0000] {task_command.py:467} INFO - Running <TaskInstance: vnstock_weekly_etl_incremental.process_batch manual__2025-10-07T10:43:54.222487+00:00 map_index=23 [running]> on host e3278e0f0bbc
[2025-10-07T13:04:21.784+0000] {taskinstance.py:3134} INFO - Exporting env vars: AIRFLOW_CTX_DAG_OWNER='***' AIRFLOW_CTX_DAG_ID='vnstock_weekly_etl_incremental' AIRFLOW_CTX_TASK_ID='process_batch' AIRFLOW_CTX_EXECUTION_DATE='2025-10-07T10:43:54.222487+00:00' AIRFLOW_CTX_TRY_NUMBER='1' AIRFLOW_CTX_DAG_RUN_ID='manual__2025-10-07T10:43:54.222487+00:00'
[2025-10-07T13:04:21.785+0000] {taskinstance.py:732} INFO - ::endgroup::
[2025-10-07T13:04:21.788+0000] {logging_mixin.py:190} INFO - ⬇️ Bắt đầu xử lý symbol = HDB
[2025-10-07T13:04:21.801+0000] {logging_mixin.py:190} INFO - ⚠️ Không đọc được file cũ HDB: 'date'
[2025-10-07T13:04:21.813+0000] {logging_mixin.py:190} INFO - HDB: trích dữ liệu từ 2025-10-08 đến 2025-10-07
[2025-10-07T13:04:26.412+0000] {logging_mixin.py:190} INFO - Không tìm thấy dữ liệu cho HDB
[2025-10-07T13:04:26.414+0000] {logging_mixin.py:190} INFO - ℹ️ HDB: Không có dữ liệu mới.
[2025-10-07T13:04:26.414+0000] {logging_mixin.py:190} INFO - ⬇️ Bắt đầu xử lý symbol = HDA
[2025-10-07T13:04:26.422+0000] {logging_mixin.py:190} INFO - ⚠️ Không đọc được file cũ HDA: 'date'
[2025-10-07T13:04:26.430+0000] {logging_mixin.py:190} INFO - HDA: trích dữ liệu từ 2025-10-08 đến 2025-10-07
[2025-10-07T13:04:31.278+0000] {logging_mixin.py:190} INFO - Không tìm thấy dữ liệu cho HDA
[2025-10-07T13:04:31.279+0000] {logging_mixin.py:190} INFO - ℹ️ HDA: Không có dữ liệu mới.
[2025-10-07T13:04:31.279+0000] {logging_mixin.py:190} INFO - ⬇️ Bắt đầu xử lý symbol = HD8
[2025-10-07T13:04:31.295+0000] {logging_mixin.py:190} INFO - ⚠️ Không đọc được file cũ HD8: 'date'
[2025-10-07T13:04:31.302+0000] {logging_mixin.py:190} INFO - HD8: trích dữ liệu từ 2025-10-07 đến 2025-10-07
[2025-10-07T13:04:37.181+0000] {logging_mixin.py:190} INFO - Không tìm thấy dữ liệu cho HD8
[2025-10-07T13:04:37.183+0000] {logging_mixin.py:190} INFO - ℹ️ HD8: Không có dữ liệu mới.
[2025-10-07T13:04:37.184+0000] {logging_mixin.py:190} INFO - ⬇️ Bắt đầu xử lý symbol = HD6
[2025-10-07T13:04:37.191+0000] {logging_mixin.py:190} INFO - ⚠️ Không đọc được file cũ HD6: 'date'
[2025-10-07T13:04:37.198+0000] {logging_mixin.py:190} INFO - HD6: trích dữ liệu từ 2025-10-08 đến 2025-10-07
[2025-10-07T13:04:41.844+0000] {logging_mixin.py:190} INFO - Không tìm thấy dữ liệu cho HD6
[2025-10-07T13:04:41.845+0000] {logging_mixin.py:190} INFO - ℹ️ HD6: Không có dữ liệu mới.
[2025-10-07T13:04:41.845+0000] {logging_mixin.py:190} INFO - ⬇️ Bắt đầu xử lý symbol = HD2
[2025-10-07T13:04:41.859+0000] {logging_mixin.py:190} INFO - ⚠️ Không đọc được file cũ HD2: 'date'
[2025-10-07T13:04:41.866+0000] {logging_mixin.py:190} INFO - HD2: trích dữ liệu từ 2025-10-08 đến 2025-10-07
[2025-10-07T13:04:46.371+0000] {logging_mixin.py:190} INFO - Không tìm thấy dữ liệu cho HD2
[2025-10-07T13:04:46.372+0000] {logging_mixin.py:190} INFO - ℹ️ HD2: Không có dữ liệu mới.
[2025-10-07T13:04:46.373+0000] {logging_mixin.py:190} INFO - 🚦 Giới hạn API đạt mức tối đa, chờ 35.4s...
[2025-10-07T13:05:21.666+0000] {logging_mixin.py:190} INFO - ⬇️ Bắt đầu xử lý symbol = HCT
[2025-10-07T13:05:21.681+0000] {logging_mixin.py:190} INFO - ⚠️ Không đọc được file cũ HCT: 'date'
[2025-10-07T13:05:21.690+0000] {logging_mixin.py:190} INFO - HCT: trích dữ liệu từ 2025-03-22 đến 2025-10-07
[2025-10-07T13:05:26.340+0000] {logging_mixin.py:190} INFO - Không tìm thấy dữ liệu cho HCT
[2025-10-07T13:05:26.341+0000] {logging_mixin.py:190} INFO - ℹ️ HCT: Không có dữ liệu mới.
[2025-10-07T13:05:26.342+0000] {logging_mixin.py:190} INFO - 🚦 Giới hạn API đạt mức tối đa, chờ 0.1s...
[2025-10-07T13:05:26.415+0000] {logging_mixin.py:190} INFO - ⬇️ Bắt đầu xử lý symbol = HCM
[2025-10-07T13:05:26.424+0000] {logging_mixin.py:190} INFO - ⚠️ Không đọc được file cũ HCM: 'date'
[2025-10-07T13:05:26.431+0000] {logging_mixin.py:190} INFO - HCM: trích dữ liệu từ 2025-10-04 đến 2025-10-07
[2025-10-07T13:05:26.650+0000] {logging_mixin.py:190} INFO - Trích xuất 2 dòng mới cho HCM
[2025-10-07T13:05:26.658+0000] {logging_mixin.py:190} INFO - Append 2 dòng mới vào /opt/***/data/lake/HCM.csv
[2025-10-07T13:05:26.659+0000] {logging_mixin.py:190} INFO - ✅ Hoàn tất HCM, thêm 2 dòng mới.
[2025-10-07T13:05:28.659+0000] {logging_mixin.py:190} INFO - 🚦 Giới hạn API đạt mức tối đa, chờ 2.6s...
[2025-10-07T13:05:31.190+0000] {logging_mixin.py:190} INFO - ⬇️ Bắt đầu xử lý symbol = HCI
[2025-10-07T13:05:31.203+0000] {logging_mixin.py:190} INFO - ⚠️ Không đọc được file cũ HCI: 'date'
[2025-10-07T13:05:31.209+0000] {logging_mixin.py:190} INFO - HCI: trích dữ liệu từ 2024-11-16 đến 2025-10-07
[2025-10-07T13:05:35.850+0000] {logging_mixin.py:190} INFO - Không tìm thấy dữ liệu cho HCI
[2025-10-07T13:05:35.851+0000] {logging_mixin.py:190} INFO - ℹ️ HCI: Không có dữ liệu mới.
[2025-10-07T13:05:35.852+0000] {logging_mixin.py:190} INFO - 🚦 Giới hạn API đạt mức tối đa, chờ 1.3s...
[2025-10-07T13:05:37.185+0000] {logging_mixin.py:190} INFO - ⬇️ Bắt đầu xử lý symbol = HCD
[2025-10-07T13:05:37.196+0000] {logging_mixin.py:190} INFO - ⚠️ Không đọc được file cũ HCD: 'date'
[2025-10-07T13:05:37.203+0000] {logging_mixin.py:190} INFO - HCD: trích dữ liệu từ 2025-10-04 đến 2025-10-07
[2025-10-07T13:05:37.561+0000] {logging_mixin.py:190} INFO - Trích xuất 2 dòng mới cho HCD
[2025-10-07T13:05:37.567+0000] {logging_mixin.py:190} INFO - Append 2 dòng mới vào /opt/***/data/lake/HCD.csv
[2025-10-07T13:05:37.568+0000] {logging_mixin.py:190} INFO - ✅ Hoàn tất HCD, thêm 2 dòng mới.
[2025-10-07T13:05:39.569+0000] {logging_mixin.py:190} INFO - 🚦 Giới hạn API đạt mức tối đa, chờ 2.3s...
[2025-10-07T13:05:41.846+0000] {logging_mixin.py:190} INFO - ⬇️ Bắt đầu xử lý symbol = HCC
[2025-10-07T13:05:41.854+0000] {logging_mixin.py:190} INFO - ⚠️ Không đọc được file cũ HCC: 'date'
[2025-10-07T13:05:41.860+0000] {logging_mixin.py:190} INFO - HCC: trích dữ liệu từ 2025-10-04 đến 2025-10-07
[2025-10-07T13:05:42.064+0000] {logging_mixin.py:190} INFO - Trích xuất 2 dòng mới cho HCC
[2025-10-07T13:05:42.070+0000] {logging_mixin.py:190} INFO - Append 2 dòng mới vào /opt/***/data/lake/HCC.csv
[2025-10-07T13:05:42.070+0000] {logging_mixin.py:190} INFO - ✅ Hoàn tất HCC, thêm 2 dòng mới.
[2025-10-07T13:05:44.071+0000] {logging_mixin.py:190} INFO - 🚦 Giới hạn API đạt mức tối đa, chờ 37.6s...
[2025-10-07T13:06:21.547+0000] {logging_mixin.py:190} INFO - ⬇️ Bắt đầu xử lý symbol = HCB
[2025-10-07T13:06:21.564+0000] {logging_mixin.py:190} INFO - ⚠️ Không đọc được file cũ HCB: 'date'
[2025-10-07T13:06:21.572+0000] {logging_mixin.py:190} INFO - HCB: trích dữ liệu từ 2025-06-20 đến 2025-10-07
[2025-10-07T13:06:27.456+0000] {logging_mixin.py:190} INFO - Không tìm thấy dữ liệu cho HCB
[2025-10-07T13:06:27.457+0000] {logging_mixin.py:190} INFO - ℹ️ HCB: Không có dữ liệu mới.
[2025-10-07T13:06:27.458+0000] {logging_mixin.py:190} INFO - ⬇️ Bắt đầu xử lý symbol = HC3
[2025-10-07T13:06:27.465+0000] {logging_mixin.py:190} INFO - ⚠️ Không đọc được file cũ HC3: 'date'
[2025-10-07T13:06:27.477+0000] {logging_mixin.py:190} INFO - HC3: trích dữ liệu từ 2025-10-01 đến 2025-10-07
[2025-10-07T13:06:27.682+0000] {logging_mixin.py:190} INFO - Trích xuất 2 dòng mới cho HC3
[2025-10-07T13:06:27.689+0000] {logging_mixin.py:190} INFO - Append 2 dòng mới vào /opt/***/data/lake/HC3.csv
[2025-10-07T13:06:27.690+0000] {logging_mixin.py:190} INFO - ✅ Hoàn tất HC3, thêm 2 dòng mới.
[2025-10-07T13:06:29.690+0000] {logging_mixin.py:190} INFO - 🚦 Giới hạn API đạt mức tối đa, chờ 1.5s...
[2025-10-07T13:06:31.068+0000] {logging_mixin.py:190} INFO - ⬇️ Bắt đầu xử lý symbol = HC1
[2025-10-07T13:06:31.075+0000] {logging_mixin.py:190} INFO - ⚠️ Không đọc được file cũ HC1: 'date'
[2025-10-07T13:06:31.082+0000] {logging_mixin.py:190} INFO - HC1: trích dữ liệu từ 2025-09-26 đến 2025-10-07
[2025-10-07T13:06:35.751+0000] {logging_mixin.py:190} INFO - Không tìm thấy dữ liệu cho HC1
[2025-10-07T13:06:35.753+0000] {logging_mixin.py:190} INFO - ℹ️ HC1: Không có dữ liệu mới.
[2025-10-07T13:06:35.754+0000] {logging_mixin.py:190} INFO - 🚦 Giới hạn API đạt mức tối đa, chờ 1.4s...
[2025-10-07T13:06:37.185+0000] {logging_mixin.py:190} INFO - ⬇️ Bắt đầu xử lý symbol = HBS
[2025-10-07T13:06:37.201+0000] {logging_mixin.py:190} INFO - ⚠️ Không đọc được file cũ HBS: 'date'
[2025-10-07T13:06:37.208+0000] {logging_mixin.py:190} INFO - HBS: trích dữ liệu từ 2025-10-04 đến 2025-10-07
[2025-10-07T13:06:37.460+0000] {logging_mixin.py:190} INFO - Trích xuất 2 dòng mới cho HBS
[2025-10-07T13:06:37.466+0000] {logging_mixin.py:190} INFO - Append 2 dòng mới vào /opt/***/data/lake/HBS.csv
[2025-10-07T13:06:37.466+0000] {logging_mixin.py:190} INFO - ✅ Hoàn tất HBS, thêm 2 dòng mới.
[2025-10-07T13:06:39.467+0000] {logging_mixin.py:190} INFO - 🚦 Giới hạn API đạt mức tối đa, chờ 2.4s...
[2025-10-07T13:06:41.847+0000] {logging_mixin.py:190} INFO - ⬇️ Bắt đầu xử lý symbol = HBH
[2025-10-07T13:06:41.853+0000] {logging_mixin.py:190} INFO - ⚠️ Không đọc được file cũ HBH: 'date'
[2025-10-07T13:06:41.859+0000] {logging_mixin.py:190} INFO - HBH: trích dữ liệu từ 2025-10-03 đến 2025-10-07
[2025-10-07T13:06:46.499+0000] {logging_mixin.py:190} INFO - Không tìm thấy dữ liệu cho HBH
[2025-10-07T13:06:46.500+0000] {logging_mixin.py:190} INFO - ℹ️ HBH: Không có dữ liệu mới.
[2025-10-07T13:06:46.501+0000] {logging_mixin.py:190} INFO - 🚦 Giới hạn API đạt mức tối đa, chờ 35.0s...
[2025-10-07T13:07:21.455+0000] {logging_mixin.py:190} INFO - ⬇️ Bắt đầu xử lý symbol = HBD
[2025-10-07T13:07:21.463+0000] {logging_mixin.py:190} INFO - ⚠️ Không đọc được file cũ HBD: 'date'
[2025-10-07T13:07:21.471+0000] {logging_mixin.py:190} INFO - HBD: trích dữ liệu từ 2025-09-19 đến 2025-10-07
[2025-10-07T13:07:27.176+0000] {logging_mixin.py:190} INFO - Không tìm thấy dữ liệu cho HBD
[2025-10-07T13:07:27.177+0000] {logging_mixin.py:190} INFO - ℹ️ HBD: Không có dữ liệu mới.
[2025-10-07T13:07:27.178+0000] {logging_mixin.py:190} INFO - 🚦 Giới hạn API đạt mức tối đa, chờ 0.3s...
[2025-10-07T13:07:27.459+0000] {logging_mixin.py:190} INFO - ⬇️ Bắt đầu xử lý symbol = HBC
[2025-10-07T13:07:27.474+0000] {logging_mixin.py:190} INFO - ⚠️ Không đọc được file cũ HBC: 'date'
[2025-10-07T13:07:27.482+0000] {logging_mixin.py:190} INFO - HBC: trích dữ liệu từ 2025-10-04 đến 2025-10-07
[2025-10-07T13:07:27.721+0000] {logging_mixin.py:190} INFO - Trích xuất 2 dòng mới cho HBC
[2025-10-07T13:07:27.728+0000] {logging_mixin.py:190} INFO - Append 2 dòng mới vào /opt/***/data/lake/HBC.csv
[2025-10-07T13:07:27.729+0000] {logging_mixin.py:190} INFO - ✅ Hoàn tất HBC, thêm 2 dòng mới.
[2025-10-07T13:07:29.617+0000] {logging_mixin.py:190} INFO - 🚦 Giới hạn API đạt mức tối đa, chờ 1.5s...
[2025-10-07T13:07:31.069+0000] {logging_mixin.py:190} INFO - ⬇️ Bắt đầu xử lý symbol = HAX
[2025-10-07T13:07:31.077+0000] {logging_mixin.py:190} INFO - ⚠️ Không đọc được file cũ HAX: 'date'
[2025-10-07T13:07:31.084+0000] {logging_mixin.py:190} INFO - HAX: trích dữ liệu từ 2025-10-04 đến 2025-10-07
[2025-10-07T13:07:31.280+0000] {logging_mixin.py:190} INFO - Trích xuất 2 dòng mới cho HAX
[2025-10-07T13:07:31.287+0000] {logging_mixin.py:190} INFO - Append 2 dòng mới vào /opt/***/data/lake/HAX.csv
[2025-10-07T13:07:31.288+0000] {logging_mixin.py:190} INFO - ✅ Hoàn tất HAX, thêm 2 dòng mới.
[2025-10-07T13:07:33.288+0000] {logging_mixin.py:190} INFO - 🚦 Giới hạn API đạt mức tối đa, chờ 3.9s...
[2025-10-07T13:07:37.186+0000] {logging_mixin.py:190} INFO - ⬇️ Bắt đầu xử lý symbol = HAW
[2025-10-07T13:07:37.231+0000] {logging_mixin.py:190} INFO - HAW: trích dữ liệu từ 2020-01-01 đến 2025-10-07
[2025-10-07T13:07:41.738+0000] {logging_mixin.py:190} INFO - Không tìm thấy dữ liệu cho HAW
[2025-10-07T13:07:41.740+0000] {logging_mixin.py:190} INFO - ℹ️ HAW: Không có dữ liệu mới.
[2025-10-07T13:07:41.741+0000] {logging_mixin.py:190} INFO - 🚦 Giới hạn API đạt mức tối đa, chờ 0.1s...
[2025-10-07T13:07:41.848+0000] {logging_mixin.py:190} INFO - ⬇️ Bắt đầu xử lý symbol = HAV
[2025-10-07T13:07:41.856+0000] {logging_mixin.py:190} INFO - ⚠️ Không đọc được file cũ HAV: 'date'
[2025-10-07T13:07:41.865+0000] {logging_mixin.py:190} INFO - HAV: trích dữ liệu từ 2025-10-04 đến 2025-10-07
[2025-10-07T13:07:42.092+0000] {logging_mixin.py:190} INFO - Trích xuất 2 dòng mới cho HAV
[2025-10-07T13:07:42.098+0000] {logging_mixin.py:190} INFO - Append 2 dòng mới vào /opt/***/data/lake/HAV.csv
[2025-10-07T13:07:42.099+0000] {logging_mixin.py:190} INFO - ✅ Hoàn tất HAV, thêm 2 dòng mới.
[2025-10-07T13:07:44.100+0000] {logging_mixin.py:190} INFO - 🚦 Giới hạn API đạt mức tối đa, chờ 37.4s...
[2025-10-07T13:08:21.334+0000] {logging_mixin.py:190} INFO - ⬇️ Bắt đầu xử lý symbol = HAT
[2025-10-07T13:08:21.342+0000] {logging_mixin.py:190} INFO - ⚠️ Không đọc được file cũ HAT: 'date'
[2025-10-07T13:08:21.349+0000] {logging_mixin.py:190} INFO - HAT: trích dữ liệu từ 2025-10-04 đến 2025-10-07
[2025-10-07T13:08:25.960+0000] {logging_mixin.py:190} INFO - Không tìm thấy dữ liệu cho HAT
[2025-10-07T13:08:25.961+0000] {logging_mixin.py:190} INFO - ℹ️ HAT: Không có dữ liệu mới.
[2025-10-07T13:08:25.961+0000] {logging_mixin.py:190} INFO - 🚦 Giới hạn API đạt mức tối đa, chờ 1.5s...
[2025-10-07T13:08:27.460+0000] {logging_mixin.py:190} INFO - ⬇️ Bắt đầu xử lý symbol = HAS
[2025-10-07T13:08:27.468+0000] {logging_mixin.py:190} INFO - ⚠️ Không đọc được file cũ HAS: 'date'
[2025-10-07T13:08:27.475+0000] {logging_mixin.py:190} INFO - HAS: trích dữ liệu từ 2025-10-04 đến 2025-10-07
[2025-10-07T13:08:27.726+0000] {logging_mixin.py:190} INFO - Trích xuất 1 dòng mới cho HAS
[2025-10-07T13:08:27.732+0000] {logging_mixin.py:190} INFO - Append 1 dòng mới vào /opt/***/data/lake/HAS.csv
[2025-10-07T13:08:27.732+0000] {logging_mixin.py:190} INFO - ✅ Hoàn tất HAS, thêm 1 dòng mới.
[2025-10-07T13:08:29.605+0000] {logging_mixin.py:190} INFO - 🚦 Giới hạn API đạt mức tối đa, chờ 1.5s...
[2025-10-07T13:08:31.070+0000] {logging_mixin.py:190} INFO - ⬇️ Bắt đầu xử lý symbol = HAR
[2025-10-07T13:08:31.087+0000] {logging_mixin.py:190} INFO - ⚠️ Không đọc được file cũ HAR: 'date'
[2025-10-07T13:08:31.094+0000] {logging_mixin.py:190} INFO - HAR: trích dữ liệu từ 2025-10-04 đến 2025-10-07
[2025-10-07T13:08:32.849+0000] {logging_mixin.py:190} INFO - Trích xuất 2 dòng mới cho HAR
[2025-10-07T13:08:32.858+0000] {logging_mixin.py:190} INFO - Append 2 dòng mới vào /opt/***/data/lake/HAR.csv
[2025-10-07T13:08:32.858+0000] {logging_mixin.py:190} INFO - ✅ Hoàn tất HAR, thêm 2 dòng mới.
[2025-10-07T13:08:34.859+0000] {logging_mixin.py:190} INFO - 🚦 Giới hạn API đạt mức tối đa, chờ 2.3s...
[2025-10-07T13:08:37.187+0000] {logging_mixin.py:190} INFO - ⬇️ Bắt đầu xử lý symbol = HAP
[2025-10-07T13:08:37.205+0000] {logging_mixin.py:190} INFO - ⚠️ Không đọc được file cũ HAP: 'date'
[2025-10-07T13:08:37.211+0000] {logging_mixin.py:190} INFO - HAP: trích dữ liệu từ 2025-10-04 đến 2025-10-07
[2025-10-07T13:08:37.365+0000] {logging_mixin.py:190} INFO - Trích xuất 2 dòng mới cho HAP
[2025-10-07T13:08:37.370+0000] {logging_mixin.py:190} INFO - Append 2 dòng mới vào /opt/***/data/lake/HAP.csv
[2025-10-07T13:08:37.371+0000] {logging_mixin.py:190} INFO - ✅ Hoàn tất HAP, thêm 2 dòng mới.
[2025-10-07T13:08:39.372+0000] {logging_mixin.py:190} INFO - 🚦 Giới hạn API đạt mức tối đa, chờ 2.5s...
[2025-10-07T13:08:41.849+0000] {logging_mixin.py:190} INFO - ⬇️ Bắt đầu xử lý symbol = HAN
[2025-10-07T13:08:41.858+0000] {logging_mixin.py:190} INFO - ⚠️ Không đọc được file cũ HAN: 'date'
[2025-10-07T13:08:41.867+0000] {logging_mixin.py:190} INFO - HAN: trích dữ liệu từ 2025-10-04 đến 2025-10-07
[2025-10-07T13:08:42.027+0000] {logging_mixin.py:190} INFO - Trích xuất 2 dòng mới cho HAN
[2025-10-07T13:08:42.036+0000] {logging_mixin.py:190} INFO - Append 2 dòng mới vào /opt/***/data/lake/HAN.csv
[2025-10-07T13:08:42.036+0000] {logging_mixin.py:190} INFO - ✅ Hoàn tất HAN, thêm 2 dòng mới.
[2025-10-07T13:08:44.037+0000] {logging_mixin.py:190} INFO - 🚦 Giới hạn API đạt mức tối đa, chờ 37.3s...
[2025-10-07T13:09:21.220+0000] {logging_mixin.py:190} INFO - ⬇️ Bắt đầu xử lý symbol = HAM
[2025-10-07T13:09:21.228+0000] {logging_mixin.py:190} INFO - ⚠️ Không đọc được file cũ HAM: 'date'
[2025-10-07T13:09:21.234+0000] {logging_mixin.py:190} INFO - HAM: trích dữ liệu từ 2025-09-27 đến 2025-10-07
[2025-10-07T13:09:25.838+0000] {logging_mixin.py:190} INFO - Không tìm thấy dữ liệu cho HAM
[2025-10-07T13:09:25.840+0000] {logging_mixin.py:190} INFO - ℹ️ HAM: Không có dữ liệu mới.
[2025-10-07T13:09:25.840+0000] {logging_mixin.py:190} INFO - 🚦 Giới hạn API đạt mức tối đa, chờ 1.6s...
[2025-10-07T13:09:27.463+0000] {logging_mixin.py:190} INFO - ⬇️ Bắt đầu xử lý symbol = HAI
[2025-10-07T13:09:27.491+0000] {logging_mixin.py:190} INFO - ⚠️ Không đọc được file cũ HAI: 'date'
[2025-10-07T13:09:27.501+0000] {logging_mixin.py:190} INFO - HAI: trích dữ liệu từ 2024-07-26 đến 2025-10-07
[2025-10-07T13:09:32.017+0000] {logging_mixin.py:190} INFO - Không tìm thấy dữ liệu cho HAI
[2025-10-07T13:09:32.018+0000] {logging_mixin.py:190} INFO - ℹ️ HAI: Không có dữ liệu mới.
[2025-10-07T13:09:32.019+0000] {logging_mixin.py:190} INFO - ⬇️ Bắt đầu xử lý symbol = HAH
[2025-10-07T13:09:32.027+0000] {logging_mixin.py:190} INFO - ⚠️ Không đọc được file cũ HAH: 'date'
[2025-10-07T13:09:32.035+0000] {logging_mixin.py:190} INFO - HAH: trích dữ liệu từ 2025-10-04 đến 2025-10-07
[2025-10-07T13:09:32.239+0000] {logging_mixin.py:190} INFO - Trích xuất 2 dòng mới cho HAH
[2025-10-07T13:09:32.246+0000] {logging_mixin.py:190} INFO - Append 2 dòng mới vào /opt/***/data/lake/HAH.csv
[2025-10-07T13:09:32.246+0000] {logging_mixin.py:190} INFO - ✅ Hoàn tất HAH, thêm 2 dòng mới.
[2025-10-07T13:09:34.247+0000] {logging_mixin.py:190} INFO - 🚦 Giới hạn API đạt mức tối đa, chờ 2.9s...
[2025-10-07T13:09:37.189+0000] {logging_mixin.py:190} INFO - ⬇️ Bắt đầu xử lý symbol = HAG
[2025-10-07T13:09:37.200+0000] {logging_mixin.py:190} INFO - ⚠️ Không đọc được file cũ HAG: 'date'
[2025-10-07T13:09:37.207+0000] {logging_mixin.py:190} INFO - HAG: trích dữ liệu từ 2025-10-04 đến 2025-10-07
[2025-10-07T13:09:37.363+0000] {logging_mixin.py:190} INFO - Trích xuất 2 dòng mới cho HAG
[2025-10-07T13:09:37.369+0000] {logging_mixin.py:190} INFO - Append 2 dòng mới vào /opt/***/data/lake/HAG.csv
[2025-10-07T13:09:37.369+0000] {logging_mixin.py:190} INFO - ✅ Hoàn tất HAG, thêm 2 dòng mới.
[2025-10-07T13:09:39.370+0000] {logging_mixin.py:190} INFO - 🚦 Giới hạn API đạt mức tối đa, chờ 2.5s...
[2025-10-07T13:09:41.849+0000] {logging_mixin.py:190} INFO - ⬇️ Bắt đầu xử lý symbol = HAF
[2025-10-07T13:09:41.857+0000] {logging_mixin.py:190} INFO - ⚠️ Không đọc được file cũ HAF: 'date'
[2025-10-07T13:09:41.863+0000] {logging_mixin.py:190} INFO - HAF: trích dữ liệu từ 2025-10-01 đến 2025-10-07
[2025-10-07T13:09:43.086+0000] {logging_mixin.py:190} INFO - Trích xuất 1 dòng mới cho HAF
[2025-10-07T13:09:43.093+0000] {logging_mixin.py:190} INFO - Append 1 dòng mới vào /opt/***/data/lake/HAF.csv
[2025-10-07T13:09:43.094+0000] {logging_mixin.py:190} INFO - ✅ Hoàn tất HAF, thêm 1 dòng mới.
[2025-10-07T13:09:45.094+0000] {logging_mixin.py:190} INFO - 🚦 Giới hạn API đạt mức tối đa, chờ 36.1s...
[2025-10-07T13:10:21.094+0000] {logging_mixin.py:190} INFO - ⬇️ Bắt đầu xử lý symbol = HAD
[2025-10-07T13:10:21.101+0000] {logging_mixin.py:190} INFO - ⚠️ Không đọc được file cũ HAD: 'date'
[2025-10-07T13:10:21.108+0000] {logging_mixin.py:190} INFO - HAD: trích dữ liệu từ 2025-10-04 đến 2025-10-07
[2025-10-07T13:10:26.804+0000] {logging_mixin.py:190} INFO - Không tìm thấy dữ liệu cho HAD
[2025-10-07T13:10:26.805+0000] {logging_mixin.py:190} INFO - ℹ️ HAD: Không có dữ liệu mới.
[2025-10-07T13:10:26.806+0000] {logging_mixin.py:190} INFO - 🚦 Giới hạn API đạt mức tối đa, chờ 0.7s...
[2025-10-07T13:10:27.465+0000] {logging_mixin.py:190} INFO - ⬇️ Bắt đầu xử lý symbol = HAC
[2025-10-07T13:10:27.479+0000] {logging_mixin.py:190} INFO - ⚠️ Không đọc được file cũ HAC: 'date'
[2025-10-07T13:10:27.489+0000] {logging_mixin.py:190} INFO - HAC: trích dữ liệu từ 2025-10-04 đến 2025-10-07
[2025-10-07T13:10:27.653+0000] {logging_mixin.py:190} INFO - Trích xuất 2 dòng mới cho HAC
[2025-10-07T13:10:27.659+0000] {logging_mixin.py:190} INFO - Append 2 dòng mới vào /opt/***/data/lake/HAC.csv
[2025-10-07T13:10:27.659+0000] {logging_mixin.py:190} INFO - ✅ Hoàn tất HAC, thêm 2 dòng mới.
[2025-10-07T13:10:29.537+0000] {logging_mixin.py:190} INFO - 🚦 Giới hạn API đạt mức tối đa, chờ 2.5s...
[2025-10-07T13:10:32.019+0000] {logging_mixin.py:190} INFO - ⬇️ Bắt đầu xử lý symbol = HAB
[2025-10-07T13:10:32.032+0000] {logging_mixin.py:190} INFO - HAB: trích dữ liệu từ 2020-01-01 đến 2025-10-07
[2025-10-07T13:10:36.900+0000] {logging_mixin.py:190} INFO - Không tìm thấy dữ liệu cho HAB
[2025-10-07T13:10:36.908+0000] {logging_mixin.py:190} INFO - ℹ️ HAB: Không có dữ liệu mới.
[2025-10-07T13:10:36.908+0000] {logging_mixin.py:190} INFO - 🚦 Giới hạn API đạt mức tối đa, chờ 0.3s...
[2025-10-07T13:10:37.189+0000] {logging_mixin.py:190} INFO - ⬇️ Bắt đầu xử lý symbol = H11
[2025-10-07T13:10:37.197+0000] {logging_mixin.py:190} INFO - ⚠️ Không đọc được file cũ H11: 'date'
[2025-10-07T13:10:37.204+0000] {logging_mixin.py:190} INFO - H11: trích dữ liệu từ 2025-10-01 đến 2025-10-07
[2025-10-07T13:10:42.182+0000] {logging_mixin.py:190} INFO - Không tìm thấy dữ liệu cho H11
[2025-10-07T13:10:42.184+0000] {logging_mixin.py:190} INFO - ℹ️ H11: Không có dữ liệu mới.
[2025-10-07T13:10:42.185+0000] {logging_mixin.py:190} INFO - ⬇️ Bắt đầu xử lý symbol = GVT
[2025-10-07T13:10:42.193+0000] {logging_mixin.py:190} INFO - ⚠️ Không đọc được file cũ GVT: 'date'
[2025-10-07T13:10:42.200+0000] {logging_mixin.py:190} INFO - GVT: trích dữ liệu từ 2025-10-04 đến 2025-10-07
[2025-10-07T13:10:42.691+0000] {logging_mixin.py:190} INFO - Trích xuất 1 dòng mới cho GVT
[2025-10-07T13:10:42.700+0000] {logging_mixin.py:190} INFO - Append 1 dòng mới vào /opt/***/data/lake/GVT.csv
[2025-10-07T13:10:42.701+0000] {logging_mixin.py:190} INFO - ✅ Hoàn tất GVT, thêm 1 dòng mới.
[2025-10-07T13:10:44.701+0000] {logging_mixin.py:190} INFO - 🚦 Giới hạn API đạt mức tối đa, chờ 36.4s...
[2025-10-07T13:11:21.008+0000] {logging_mixin.py:190} INFO - ⬇️ Bắt đầu xử lý symbol = GVR
[2025-10-07T13:11:21.023+0000] {logging_mixin.py:190} INFO - ⚠️ Không đọc được file cũ GVR: 'date'
[2025-10-07T13:11:21.031+0000] {logging_mixin.py:190} INFO - GVR: trích dữ liệu từ 2025-10-04 đến 2025-10-07
[2025-10-07T13:11:21.197+0000] {logging_mixin.py:190} INFO - Trích xuất 2 dòng mới cho GVR
[2025-10-07T13:11:21.202+0000] {logging_mixin.py:190} INFO - Append 2 dòng mới vào /opt/***/data/lake/GVR.csv
[2025-10-07T13:11:21.203+0000] {logging_mixin.py:190} INFO - ✅ Hoàn tất GVR, thêm 2 dòng mới.
[2025-10-07T13:11:23.203+0000] {logging_mixin.py:190} INFO - 🚦 Giới hạn API đạt mức tối đa, chờ 4.3s...
[2025-10-07T13:11:27.469+0000] {logging_mixin.py:190} INFO - ⬇️ Bắt đầu xử lý symbol = GTT
[2025-10-07T13:11:27.485+0000] {logging_mixin.py:190} INFO - ⚠️ Không đọc được file cũ GTT: 'date'
[2025-10-07T13:11:27.491+0000] {logging_mixin.py:190} INFO - GTT: trích dữ liệu từ 2024-07-26 đến 2025-10-07
[2025-10-07T13:11:31.814+0000] {logging_mixin.py:190} INFO - Không tìm thấy dữ liệu cho GTT
[2025-10-07T13:11:31.815+0000] {logging_mixin.py:190} INFO - ℹ️ GTT: Không có dữ liệu mới.
[2025-10-07T13:11:31.816+0000] {logging_mixin.py:190} INFO - 🚦 Giới hạn API đạt mức tối đa, chờ 0.2s...
[2025-10-07T13:11:32.020+0000] {logging_mixin.py:190} INFO - ⬇️ Bắt đầu xử lý symbol = GTS
[2025-10-07T13:11:32.030+0000] {logging_mixin.py:190} INFO - ⚠️ Không đọc được file cũ GTS: 'date'
[2025-10-07T13:11:32.038+0000] {logging_mixin.py:190} INFO - GTS: trích dữ liệu từ 2025-10-03 đến 2025-10-07
[2025-10-07T13:11:36.571+0000] {logging_mixin.py:190} INFO - Không tìm thấy dữ liệu cho GTS
[2025-10-07T13:11:36.572+0000] {logging_mixin.py:190} INFO - ℹ️ GTS: Không có dữ liệu mới.
[2025-10-07T13:11:36.572+0000] {logging_mixin.py:190} INFO - 🚦 Giới hạn API đạt mức tối đa, chờ 0.6s...
[2025-10-07T13:11:37.190+0000] {logging_mixin.py:190} INFO - ⬇️ Bắt đầu xử lý symbol = GTK
[2025-10-07T13:11:37.201+0000] {logging_mixin.py:190} INFO - GTK: trích dữ liệu từ 2020-01-01 đến 2025-10-07
[2025-10-07T13:11:41.795+0000] {logging_mixin.py:190} INFO - Không tìm thấy dữ liệu cho GTK
[2025-10-07T13:11:41.796+0000] {logging_mixin.py:190} INFO - ℹ️ GTK: Không có dữ liệu mới.
[2025-10-07T13:11:41.797+0000] {logging_mixin.py:190} INFO - 🚦 Giới hạn API đạt mức tối đa, chờ 0.4s...
[2025-10-07T13:11:42.186+0000] {logging_mixin.py:190} INFO - ⬇️ Bắt đầu xử lý symbol = GTH
[2025-10-07T13:11:42.201+0000] {logging_mixin.py:190} INFO - ⚠️ Không đọc được file cũ GTH: 'date'
[2025-10-07T13:11:42.210+0000] {logging_mixin.py:190} INFO - GTH: trích dữ liệu từ 2023-04-06 đến 2025-10-07
[2025-10-07T13:11:46.929+0000] {logging_mixin.py:190} INFO - Không tìm thấy dữ liệu cho GTH
[2025-10-07T13:11:46.931+0000] {logging_mixin.py:190} INFO - ℹ️ GTH: Không có dữ liệu mới.
[2025-10-07T13:11:46.931+0000] {logging_mixin.py:190} INFO - 🚦 Giới hạn API đạt mức tối đa, chờ 34.1s...
[2025-10-07T13:12:20.897+0000] {logging_mixin.py:190} INFO - ⬇️ Bắt đầu xử lý symbol = GTD
[2025-10-07T13:12:20.909+0000] {logging_mixin.py:190} INFO - ⚠️ Không đọc được file cũ GTD: 'date'
[2025-10-07T13:12:20.936+0000] {logging_mixin.py:190} INFO - GTD: trích dữ liệu từ 2025-10-04 đến 2025-10-07
[2025-10-07T13:12:26.037+0000] {logging_mixin.py:190} INFO - Không tìm thấy dữ liệu cho GTD
[2025-10-07T13:12:26.050+0000] {logging_mixin.py:190} INFO - ℹ️ GTD: Không có dữ liệu mới.
[2025-10-07T13:12:26.052+0000] {logging_mixin.py:190} INFO - 🚦 Giới hạn API đạt mức tối đa, chờ 1.4s...
[2025-10-07T13:12:27.471+0000] {logging_mixin.py:190} INFO - ⬇️ Bắt đầu xử lý symbol = GTA
[2025-10-07T13:12:27.487+0000] {logging_mixin.py:190} INFO - ⚠️ Không đọc được file cũ GTA: 'date'
[2025-10-07T13:12:27.505+0000] {logging_mixin.py:190} INFO - GTA: trích dữ liệu từ 2025-10-04 đến 2025-10-07
[2025-10-07T13:12:27.726+0000] {logging_mixin.py:190} INFO - Trích xuất 2 dòng mới cho GTA
[2025-10-07T13:12:28.095+0000] {logging_mixin.py:190} INFO - Append 2 dòng mới vào /opt/***/data/lake/GTA.csv
[2025-10-07T13:12:28.219+0000] {logging_mixin.py:190} INFO - ✅ Hoàn tất GTA, thêm 2 dòng mới.
[2025-10-07T13:12:30.149+0000] {logging_mixin.py:190} INFO - 🚦 Giới hạn API đạt mức tối đa, chờ 1.9s...
[2025-10-07T13:12:32.032+0000] {logging_mixin.py:190} INFO - ⬇️ Bắt đầu xử lý symbol = GSP
[2025-10-07T13:12:32.082+0000] {logging_mixin.py:190} INFO - ⚠️ Không đọc được file cũ GSP: 'date'
[2025-10-07T13:12:32.149+0000] {logging_mixin.py:190} INFO - GSP: trích dữ liệu từ 2025-10-04 đến 2025-10-07
[2025-10-07T13:12:32.447+0000] {logging_mixin.py:190} INFO - Trích xuất 2 dòng mới cho GSP
[2025-10-07T13:12:32.522+0000] {logging_mixin.py:190} INFO - Append 2 dòng mới vào /opt/***/data/lake/GSP.csv
[2025-10-07T13:12:32.537+0000] {logging_mixin.py:190} INFO - ✅ Hoàn tất GSP, thêm 2 dòng mới.
[2025-10-07T13:12:34.543+0000] {logging_mixin.py:190} INFO - 🚦 Giới hạn API đạt mức tối đa, chờ 2.6s...
[2025-10-07T13:12:37.194+0000] {logging_mixin.py:190} INFO - ⬇️ Bắt đầu xử lý symbol = GSM
[2025-10-07T13:12:37.204+0000] {logging_mixin.py:190} INFO - ⚠️ Không đọc được file cũ GSM: 'date'
[2025-10-07T13:12:37.212+0000] {logging_mixin.py:190} INFO - GSM: trích dữ liệu từ 2025-10-04 đến 2025-10-07
[2025-10-07T13:12:37.410+0000] {logging_mixin.py:190} INFO - Trích xuất 2 dòng mới cho GSM
[2025-10-07T13:12:37.417+0000] {logging_mixin.py:190} INFO - Append 2 dòng mới vào /opt/***/data/lake/GSM.csv
[2025-10-07T13:12:37.418+0000] {logging_mixin.py:190} INFO - ✅ Hoàn tất GSM, thêm 2 dòng mới.
[2025-10-07T13:12:39.418+0000] {logging_mixin.py:190} INFO - 🚦 Giới hạn API đạt mức tối đa, chờ 2.8s...
[2025-10-07T13:12:42.186+0000] {logging_mixin.py:190} INFO - ⬇️ Bắt đầu xử lý symbol = GQN
[2025-10-07T13:12:42.197+0000] {logging_mixin.py:190} INFO - GQN: trích dữ liệu từ 2020-01-01 đến 2025-10-07
[2025-10-07T13:12:50.821+0000] {logging_mixin.py:190} INFO - Không tìm thấy dữ liệu cho GQN
[2025-10-07T13:12:50.822+0000] {logging_mixin.py:190} INFO - ℹ️ GQN: Không có dữ liệu mới.
[2025-10-07T13:12:50.823+0000] {logging_mixin.py:190} INFO - 🚦 Giới hạn API đạt mức tối đa, chờ 30.1s...
[2025-10-07T13:13:20.791+0000] {logging_mixin.py:190} INFO - ⬇️ Bắt đầu xử lý symbol = GPC
[2025-10-07T13:13:20.799+0000] {logging_mixin.py:190} INFO - ⚠️ Không đọc được file cũ GPC: 'date'
[2025-10-07T13:13:20.807+0000] {logging_mixin.py:190} INFO - GPC: trích dữ liệu từ 2025-10-04 đến 2025-10-07
[2025-10-07T13:13:21.460+0000] {logging_mixin.py:190} INFO - Trích xuất 2 dòng mới cho GPC
[2025-10-07T13:13:21.467+0000] {logging_mixin.py:190} INFO - Append 2 dòng mới vào /opt/***/data/lake/GPC.csv
[2025-10-07T13:13:21.468+0000] {logging_mixin.py:190} INFO - ✅ Hoàn tất GPC, thêm 2 dòng mới.
[2025-10-07T13:13:23.468+0000] {logging_mixin.py:190} INFO - 🚦 Giới hạn API đạt mức tối đa, chờ 4.0s...
[2025-10-07T13:13:27.471+0000] {logging_mixin.py:190} INFO - ⬇️ Bắt đầu xử lý symbol = GND
[2025-10-07T13:13:27.487+0000] {logging_mixin.py:190} INFO - ⚠️ Không đọc được file cũ GND: 'date'
[2025-10-07T13:13:27.494+0000] {logging_mixin.py:190} INFO - GND: trích dữ liệu từ 2025-10-04 đến 2025-10-07
[2025-10-07T13:13:27.769+0000] {logging_mixin.py:190} INFO - Trích xuất 1 dòng mới cho GND
[2025-10-07T13:13:27.776+0000] {logging_mixin.py:190} INFO - Append 1 dòng mới vào /opt/***/data/lake/GND.csv
[2025-10-07T13:13:27.776+0000] {logging_mixin.py:190} INFO - ✅ Hoàn tất GND, thêm 1 dòng mới.
[2025-10-07T13:13:29.650+0000] {logging_mixin.py:190} INFO - 🚦 Giới hạn API đạt mức tối đa, chờ 2.4s...
[2025-10-07T13:13:32.026+0000] {logging_mixin.py:190} INFO - ⬇️ Bắt đầu xử lý symbol = GMX
[2025-10-07T13:13:32.034+0000] {logging_mixin.py:190} INFO - ⚠️ Không đọc được file cũ GMX: 'date'
[2025-10-07T13:13:32.041+0000] {logging_mixin.py:190} INFO - GMX: trích dữ liệu từ 2025-10-03 đến 2025-10-07
[2025-10-07T13:13:36.963+0000] {logging_mixin.py:190} INFO - Không tìm thấy dữ liệu cho GMX
[2025-10-07T13:13:36.964+0000] {logging_mixin.py:190} INFO - ℹ️ GMX: Không có dữ liệu mới.
[2025-10-07T13:13:36.965+0000] {logging_mixin.py:190} INFO - 🚦 Giới hạn API đạt mức tối đa, chờ 0.2s...
[2025-10-07T13:13:37.194+0000] {logging_mixin.py:190} INFO - ⬇️ Bắt đầu xử lý symbol = GMH
[2025-10-07T13:13:37.200+0000] {logging_mixin.py:190} INFO - ⚠️ Không đọc được file cũ GMH: 'date'
[2025-10-07T13:13:37.207+0000] {logging_mixin.py:190} INFO - GMH: trích dữ liệu từ 2025-10-04 đến 2025-10-07
[2025-10-07T13:13:37.455+0000] {logging_mixin.py:190} INFO - Trích xuất 1 dòng mới cho GMH
[2025-10-07T13:13:37.465+0000] {logging_mixin.py:190} INFO - Append 1 dòng mới vào /opt/***/data/lake/GMH.csv
[2025-10-07T13:13:37.466+0000] {logging_mixin.py:190} INFO - ✅ Hoàn tất GMH, thêm 1 dòng mới.
[2025-10-07T13:13:39.466+0000] {logging_mixin.py:190} INFO - 🚦 Giới hạn API đạt mức tối đa, chờ 2.7s...
[2025-10-07T13:13:42.187+0000] {logging_mixin.py:190} INFO - ⬇️ Bắt đầu xử lý symbol = GMD
[2025-10-07T13:13:42.202+0000] {logging_mixin.py:190} INFO - ⚠️ Không đọc được file cũ GMD: 'date'
[2025-10-07T13:13:42.211+0000] {logging_mixin.py:190} INFO - GMD: trích dữ liệu từ 2025-10-04 đến 2025-10-07
[2025-10-07T13:13:42.451+0000] {logging_mixin.py:190} INFO - Trích xuất 2 dòng mới cho GMD
[2025-10-07T13:13:42.459+0000] {logging_mixin.py:190} INFO - Append 2 dòng mới vào /opt/***/data/lake/GMD.csv
[2025-10-07T13:13:42.459+0000] {logging_mixin.py:190} INFO - ✅ Hoàn tất GMD, thêm 2 dòng mới.
[2025-10-07T13:13:44.460+0000] {python.py:240} INFO - Done. Returned value was: None
[2025-10-07T13:13:44.470+0000] {taskinstance.py:341} INFO - ::group::Post task execution logs
[2025-10-07T13:13:44.472+0000] {taskinstance.py:353} INFO - Marking task as SUCCESS. dag_id=vnstock_weekly_etl_incremental, task_id=process_batch, run_id=manual__2025-10-07T10:43:54.222487+00:00, map_index=23, execution_date=20251007T104354, start_date=20251007T130421, end_date=20251007T131344
[2025-10-07T13:13:44.550+0000] {local_task_job_runner.py:266} INFO - Task exited with return code 0
[2025-10-07T13:13:44.722+0000] {taskinstance.py:3901} INFO - 0 downstream tasks scheduled from follow-on schedule check
[2025-10-07T13:13:44.724+0000] {local_task_job_runner.py:245} INFO - ::endgroup::
