[2025-10-07T10:36:22.386+0000] {local_task_job_runner.py:123} INFO - ::group::Pre task execution logs
[2025-10-07T10:36:22.534+0000] {taskinstance.py:2614} INFO - Dependencies all met for dep_context=non-requeueable deps ti=<TaskInstance: vnstock_weekly_etl_incremental.process_batch manual__2025-10-07T10:36:05.597506+00:00 map_index=2 [queued]>
[2025-10-07T10:36:22.657+0000] {taskinstance.py:2614} INFO - Dependencies all met for dep_context=requeueable deps ti=<TaskInstance: vnstock_weekly_etl_incremental.process_batch manual__2025-10-07T10:36:05.597506+00:00 map_index=2 [queued]>
[2025-10-07T10:36:22.701+0000] {taskinstance.py:2867} INFO - Starting attempt 1 of 3
[2025-10-07T10:36:22.779+0000] {taskinstance.py:2890} INFO - Executing <Mapped(_PythonDecoratedOperator): process_batch> on 2025-10-07 10:36:05.597506+00:00
[2025-10-07T10:36:22.825+0000] {logging_mixin.py:190} WARNING - /home/***/.local/lib/python3.12/site-packages/***/task/task_runner/standard_task_runner.py:70 DeprecationWarning: This process (pid=2675) is multi-threaded, use of fork() may lead to deadlocks in the child.
[2025-10-07T10:36:22.829+0000] {standard_task_runner.py:72} INFO - Started process 2881 to run task
[2025-10-07T10:36:22.836+0000] {standard_task_runner.py:104} INFO - Running: ['***', 'tasks', 'run', 'vnstock_weekly_etl_incremental', 'process_batch', 'manual__2025-10-07T10:36:05.597506+00:00', '--job-id', '91', '--raw', '--subdir', 'DAGS_FOLDER/dag.py', '--cfg-path', '/tmp/tmp2egmnu_z', '--map-index', '2']
[2025-10-07T10:36:22.850+0000] {standard_task_runner.py:105} INFO - Job 91: Subtask process_batch
[2025-10-07T10:36:22.964+0000] {logging_mixin.py:190} WARNING - /home/***/.local/lib/python3.12/site-packages/***/settings.py:209 DeprecationWarning: The sql_alchemy_conn option in [core] has been moved to the sql_alchemy_conn option in [database] - the old setting has been used, but please update your config.
[2025-10-07T10:36:24.397+0000] {task_command.py:467} INFO - Running <TaskInstance: vnstock_weekly_etl_incremental.process_batch manual__2025-10-07T10:36:05.597506+00:00 map_index=2 [running]> on host e3278e0f0bbc
[2025-10-07T10:36:25.778+0000] {taskinstance.py:3134} INFO - Exporting env vars: AIRFLOW_CTX_DAG_OWNER='***' AIRFLOW_CTX_DAG_ID='vnstock_weekly_etl_incremental' AIRFLOW_CTX_TASK_ID='process_batch' AIRFLOW_CTX_EXECUTION_DATE='2025-10-07T10:36:05.597506+00:00' AIRFLOW_CTX_TRY_NUMBER='1' AIRFLOW_CTX_DAG_RUN_ID='manual__2025-10-07T10:36:05.597506+00:00'
[2025-10-07T10:36:25.801+0000] {taskinstance.py:732} INFO - ::endgroup::
[2025-10-07T10:36:25.838+0000] {logging_mixin.py:190} INFO - ⬇️ Xử lý symbol = VMA
[2025-10-07T10:36:26.164+0000] {logging_mixin.py:190} INFO - VMA: trích dữ liệu từ 2025-05-28 đến 2025-10-07
[2025-10-07T10:36:31.082+0000] {logging_mixin.py:190} INFO - Không tìm thấy dữ liệu cho VMA
[2025-10-07T10:36:31.084+0000] {logging_mixin.py:190} INFO - Không có dữ liệu mới cho VMA
[2025-10-07T10:36:33.085+0000] {logging_mixin.py:190} INFO - ⬇️ Xử lý symbol = VLW
[2025-10-07T10:36:33.114+0000] {logging_mixin.py:190} INFO - VLW: trích dữ liệu từ 2025-09-23 đến 2025-10-07
[2025-10-07T10:36:33.275+0000] {logging_mixin.py:190} INFO - Trích xuất 1 dòng mới cho VLW
[2025-10-07T10:36:33.286+0000] {logging_mixin.py:190} INFO - Append 1 dòng mới vào /opt/***/data/lake/VLW.csv
[2025-10-07T10:36:35.286+0000] {logging_mixin.py:190} INFO - ⬇️ Xử lý symbol = VLP
[2025-10-07T10:36:35.310+0000] {logging_mixin.py:190} INFO - VLP: trích dữ liệu từ 2024-12-05 đến 2025-10-07
[2025-10-07T10:36:39.909+0000] {logging_mixin.py:190} INFO - Không tìm thấy dữ liệu cho VLP
[2025-10-07T10:36:39.911+0000] {logging_mixin.py:190} INFO - Không có dữ liệu mới cho VLP
[2025-10-07T10:36:41.911+0000] {logging_mixin.py:190} INFO - ⬇️ Xử lý symbol = VLG
[2025-10-07T10:36:41.931+0000] {logging_mixin.py:190} INFO - VLG: trích dữ liệu từ 2025-10-04 đến 2025-10-07
[2025-10-07T10:36:42.151+0000] {logging_mixin.py:190} INFO - Trích xuất 2 dòng mới cho VLG
[2025-10-07T10:36:42.159+0000] {logging_mixin.py:190} INFO - Append 2 dòng mới vào /opt/***/data/lake/VLG.csv
[2025-10-07T10:36:44.160+0000] {logging_mixin.py:190} INFO - ⬇️ Xử lý symbol = VLF
[2025-10-07T10:36:44.182+0000] {logging_mixin.py:190} INFO - VLF: trích dữ liệu từ 2025-10-04 đến 2025-10-07
[2025-10-07T10:36:51.188+0000] {logging_mixin.py:190} INFO - Không tìm thấy dữ liệu cho VLF
[2025-10-07T10:36:51.190+0000] {logging_mixin.py:190} INFO - Không có dữ liệu mới cho VLF
[2025-10-07T10:36:53.191+0000] {logging_mixin.py:190} INFO - ⚠️ Lỗi khi xử lý VLC: Bucket for item=vnstock with Rate limit=5/1.0m is already full
[2025-10-07T10:36:53.192+0000] {logging_mixin.py:190} INFO - ⚠️ Lỗi khi xử lý VLB: Bucket for item=vnstock with Rate limit=5/1.0m is already full
[2025-10-07T10:36:53.192+0000] {logging_mixin.py:190} INFO - ⚠️ Lỗi khi xử lý VLA: Bucket for item=vnstock with Rate limit=5/1.0m is already full
[2025-10-07T10:36:53.193+0000] {logging_mixin.py:190} INFO - ⚠️ Lỗi khi xử lý VKP: Bucket for item=vnstock with Rate limit=5/1.0m is already full
[2025-10-07T10:36:53.193+0000] {logging_mixin.py:190} INFO - ⚠️ Lỗi khi xử lý VKD: Bucket for item=vnstock with Rate limit=5/1.0m is already full
[2025-10-07T10:36:53.194+0000] {logging_mixin.py:190} INFO - ⚠️ Lỗi khi xử lý VKC: Bucket for item=vnstock with Rate limit=5/1.0m is already full
[2025-10-07T10:36:53.194+0000] {logging_mixin.py:190} INFO - ⚠️ Lỗi khi xử lý VJC: Bucket for item=vnstock with Rate limit=5/1.0m is already full
[2025-10-07T10:36:53.195+0000] {logging_mixin.py:190} INFO - ⚠️ Lỗi khi xử lý VIX: Bucket for item=vnstock with Rate limit=5/1.0m is already full
[2025-10-07T10:36:53.196+0000] {logging_mixin.py:190} INFO - ⚠️ Lỗi khi xử lý VIW: Bucket for item=vnstock with Rate limit=5/1.0m is already full
[2025-10-07T10:36:53.196+0000] {logging_mixin.py:190} INFO - ⚠️ Lỗi khi xử lý VIT: Bucket for item=vnstock with Rate limit=5/1.0m is already full
[2025-10-07T10:36:53.197+0000] {logging_mixin.py:190} INFO - ⚠️ Lỗi khi xử lý VIS: Bucket for item=vnstock with Rate limit=5/1.0m is already full
[2025-10-07T10:36:53.197+0000] {logging_mixin.py:190} INFO - ⚠️ Lỗi khi xử lý VIR: Bucket for item=vnstock with Rate limit=5/1.0m is already full
[2025-10-07T10:36:53.198+0000] {logging_mixin.py:190} INFO - ⚠️ Lỗi khi xử lý VIP: Bucket for item=vnstock with Rate limit=5/1.0m is already full
[2025-10-07T10:36:53.198+0000] {logging_mixin.py:190} INFO - ⚠️ Lỗi khi xử lý VIN: Bucket for item=vnstock with Rate limit=5/1.0m is already full
[2025-10-07T10:36:53.199+0000] {logging_mixin.py:190} INFO - ⚠️ Lỗi khi xử lý VIM: Bucket for item=vnstock with Rate limit=5/1.0m is already full
[2025-10-07T10:36:53.199+0000] {logging_mixin.py:190} INFO - ⚠️ Lỗi khi xử lý VIH: Bucket for item=vnstock with Rate limit=5/1.0m is already full
[2025-10-07T10:36:53.200+0000] {logging_mixin.py:190} INFO - ⚠️ Lỗi khi xử lý VIG: Bucket for item=vnstock with Rate limit=5/1.0m is already full
[2025-10-07T10:36:53.201+0000] {logging_mixin.py:190} INFO - ⚠️ Lỗi khi xử lý VIF: Bucket for item=vnstock with Rate limit=5/1.0m is already full
[2025-10-07T10:36:53.201+0000] {logging_mixin.py:190} INFO - ⚠️ Lỗi khi xử lý VIE: Bucket for item=vnstock with Rate limit=5/1.0m is already full
[2025-10-07T10:36:53.202+0000] {logging_mixin.py:190} INFO - ⚠️ Lỗi khi xử lý VID: Bucket for item=vnstock with Rate limit=5/1.0m is already full
[2025-10-07T10:36:53.202+0000] {logging_mixin.py:190} INFO - ⚠️ Lỗi khi xử lý VIC: Bucket for item=vnstock with Rate limit=5/1.0m is already full
[2025-10-07T10:36:53.203+0000] {logging_mixin.py:190} INFO - ⚠️ Lỗi khi xử lý VIB: Bucket for item=vnstock with Rate limit=5/1.0m is already full
[2025-10-07T10:36:53.204+0000] {logging_mixin.py:190} INFO - ⚠️ Lỗi khi xử lý VHM: Bucket for item=vnstock with Rate limit=5/1.0m is already full
[2025-10-07T10:36:53.204+0000] {logging_mixin.py:190} INFO - ⚠️ Lỗi khi xử lý VHL: Bucket for item=vnstock with Rate limit=5/1.0m is already full
[2025-10-07T10:36:53.205+0000] {logging_mixin.py:190} INFO - ⚠️ Lỗi khi xử lý VHI: Bucket for item=vnstock with Rate limit=5/1.0m is already full
[2025-10-07T10:36:53.205+0000] {logging_mixin.py:190} INFO - ⚠️ Lỗi khi xử lý VHH: Bucket for item=vnstock with Rate limit=5/1.0m is already full
[2025-10-07T10:36:53.206+0000] {logging_mixin.py:190} INFO - ⚠️ Lỗi khi xử lý VHG: Bucket for item=vnstock with Rate limit=5/1.0m is already full
[2025-10-07T10:36:53.206+0000] {logging_mixin.py:190} INFO - ⚠️ Lỗi khi xử lý VHF: Bucket for item=vnstock with Rate limit=5/1.0m is already full
[2025-10-07T10:36:53.206+0000] {logging_mixin.py:190} INFO - ⚠️ Lỗi khi xử lý VHE: Bucket for item=vnstock with Rate limit=5/1.0m is already full
[2025-10-07T10:36:53.207+0000] {logging_mixin.py:190} INFO - ⚠️ Lỗi khi xử lý VHD: Bucket for item=vnstock with Rate limit=5/1.0m is already full
[2025-10-07T10:36:53.207+0000] {logging_mixin.py:190} INFO - ⚠️ Lỗi khi xử lý VHC: Bucket for item=vnstock with Rate limit=5/1.0m is already full
[2025-10-07T10:36:53.207+0000] {logging_mixin.py:190} INFO - ⚠️ Lỗi khi xử lý VGV: Bucket for item=vnstock with Rate limit=5/1.0m is already full
[2025-10-07T10:36:53.208+0000] {logging_mixin.py:190} INFO - ⚠️ Lỗi khi xử lý VGT: Bucket for item=vnstock with Rate limit=5/1.0m is already full
[2025-10-07T10:36:53.208+0000] {logging_mixin.py:190} INFO - ⚠️ Lỗi khi xử lý VGS: Bucket for item=vnstock with Rate limit=5/1.0m is already full
[2025-10-07T10:36:53.209+0000] {logging_mixin.py:190} INFO - ⚠️ Lỗi khi xử lý VGR: Bucket for item=vnstock with Rate limit=5/1.0m is already full
[2025-10-07T10:36:53.209+0000] {logging_mixin.py:190} INFO - ⚠️ Lỗi khi xử lý VGP: Bucket for item=vnstock with Rate limit=5/1.0m is already full
[2025-10-07T10:36:53.210+0000] {logging_mixin.py:190} INFO - ⚠️ Lỗi khi xử lý VGL: Bucket for item=vnstock with Rate limit=5/1.0m is already full
[2025-10-07T10:36:53.210+0000] {logging_mixin.py:190} INFO - ⚠️ Lỗi khi xử lý VGI: Bucket for item=vnstock with Rate limit=5/1.0m is already full
[2025-10-07T10:36:53.211+0000] {logging_mixin.py:190} INFO - ⚠️ Lỗi khi xử lý VGG: Bucket for item=vnstock with Rate limit=5/1.0m is already full
[2025-10-07T10:36:53.212+0000] {logging_mixin.py:190} INFO - ⚠️ Lỗi khi xử lý VGC: Bucket for item=vnstock with Rate limit=5/1.0m is already full
[2025-10-07T10:36:53.212+0000] {logging_mixin.py:190} INFO - ⚠️ Lỗi khi xử lý VFS: Bucket for item=vnstock with Rate limit=5/1.0m is already full
[2025-10-07T10:36:53.213+0000] {logging_mixin.py:190} INFO - ⚠️ Lỗi khi xử lý VFR: Bucket for item=vnstock with Rate limit=5/1.0m is already full
[2025-10-07T10:36:53.213+0000] {logging_mixin.py:190} INFO - ⚠️ Lỗi khi xử lý VFG: Bucket for item=vnstock with Rate limit=5/1.0m is already full
[2025-10-07T10:36:53.214+0000] {logging_mixin.py:190} INFO - ⚠️ Lỗi khi xử lý VFC: Bucket for item=vnstock with Rate limit=5/1.0m is already full
[2025-10-07T10:36:53.214+0000] {logging_mixin.py:190} INFO - ⚠️ Lỗi khi xử lý VET: Bucket for item=vnstock with Rate limit=5/1.0m is already full
[2025-10-07T10:36:53.215+0000] {python.py:240} INFO - Done. Returned value was: None
[2025-10-07T10:36:53.230+0000] {taskinstance.py:341} INFO - ::group::Post task execution logs
[2025-10-07T10:36:53.231+0000] {taskinstance.py:353} INFO - Marking task as SUCCESS. dag_id=vnstock_weekly_etl_incremental, task_id=process_batch, run_id=manual__2025-10-07T10:36:05.597506+00:00, map_index=2, execution_date=20251007T103605, start_date=20251007T103622, end_date=20251007T103653
[2025-10-07T10:36:53.308+0000] {local_task_job_runner.py:266} INFO - Task exited with return code 0
[2025-10-07T10:36:53.334+0000] {taskinstance.py:3901} INFO - 0 downstream tasks scheduled from follow-on schedule check
[2025-10-07T10:36:53.338+0000] {local_task_job_runner.py:245} INFO - ::endgroup::
