[2025-10-07T12:29:01.784+0000] {local_task_job_runner.py:123} INFO - ::group::Pre task execution logs
[2025-10-07T12:29:01.804+0000] {taskinstance.py:2614} INFO - Dependencies all met for dep_context=non-requeueable deps ti=<TaskInstance: vnstock_weekly_etl_incremental.process_batch manual__2025-10-07T10:43:54.222487+00:00 map_index=10 [queued]>
[2025-10-07T12:29:01.813+0000] {taskinstance.py:2614} INFO - Dependencies all met for dep_context=requeueable deps ti=<TaskInstance: vnstock_weekly_etl_incremental.process_batch manual__2025-10-07T10:43:54.222487+00:00 map_index=10 [queued]>
[2025-10-07T12:29:01.814+0000] {taskinstance.py:2867} INFO - Starting attempt 1 of 3
[2025-10-07T12:29:01.825+0000] {taskinstance.py:2890} INFO - Executing <Mapped(_PythonDecoratedOperator): process_batch> on 2025-10-07 10:43:54.222487+00:00
[2025-10-07T12:29:01.834+0000] {logging_mixin.py:190} WARNING - /home/***/.local/lib/python3.12/site-packages/***/task/task_runner/standard_task_runner.py:70 DeprecationWarning: This process (pid=12581) is multi-threaded, use of fork() may lead to deadlocks in the child.
[2025-10-07T12:29:01.836+0000] {standard_task_runner.py:72} INFO - Started process 12591 to run task
[2025-10-07T12:29:01.835+0000] {standard_task_runner.py:104} INFO - Running: ['***', 'tasks', 'run', 'vnstock_weekly_etl_incremental', 'process_batch', 'manual__2025-10-07T10:43:54.222487+00:00', '--job-id', '169', '--raw', '--subdir', 'DAGS_FOLDER/dag.py', '--cfg-path', '/tmp/tmpo4145pmi', '--map-index', '10']
[2025-10-07T12:29:01.838+0000] {standard_task_runner.py:105} INFO - Job 169: Subtask process_batch
[2025-10-07T12:29:01.850+0000] {logging_mixin.py:190} WARNING - /home/***/.local/lib/python3.12/site-packages/***/settings.py:209 DeprecationWarning: The sql_alchemy_conn option in [core] has been moved to the sql_alchemy_conn option in [database] - the old setting has been used, but please update your config.
[2025-10-07T12:29:01.901+0000] {task_command.py:467} INFO - Running <TaskInstance: vnstock_weekly_etl_incremental.process_batch manual__2025-10-07T10:43:54.222487+00:00 map_index=10 [running]> on host e3278e0f0bbc
[2025-10-07T12:29:02.156+0000] {taskinstance.py:3134} INFO - Exporting env vars: AIRFLOW_CTX_DAG_OWNER='***' AIRFLOW_CTX_DAG_ID='vnstock_weekly_etl_incremental' AIRFLOW_CTX_TASK_ID='process_batch' AIRFLOW_CTX_EXECUTION_DATE='2025-10-07T10:43:54.222487+00:00' AIRFLOW_CTX_TRY_NUMBER='1' AIRFLOW_CTX_DAG_RUN_ID='manual__2025-10-07T10:43:54.222487+00:00'
[2025-10-07T12:29:02.157+0000] {taskinstance.py:732} INFO - ::endgroup::
[2025-10-07T12:29:02.159+0000] {logging_mixin.py:190} INFO - ⬇️ Bắt đầu xử lý symbol = SDG
[2025-10-07T12:29:02.170+0000] {logging_mixin.py:190} INFO - ⚠️ Không đọc được file cũ SDG: 'date'
[2025-10-07T12:29:02.179+0000] {logging_mixin.py:190} INFO - SDG: trích dữ liệu từ 2025-10-07 đến 2025-10-07
[2025-10-07T12:29:06.757+0000] {logging_mixin.py:190} INFO - Không tìm thấy dữ liệu cho SDG
[2025-10-07T12:29:06.759+0000] {logging_mixin.py:190} INFO - ℹ️ SDG: Không có dữ liệu mới.
[2025-10-07T12:29:06.759+0000] {logging_mixin.py:190} INFO - ⬇️ Bắt đầu xử lý symbol = SDD
[2025-10-07T12:29:06.774+0000] {logging_mixin.py:190} INFO - ⚠️ Không đọc được file cũ SDD: 'date'
[2025-10-07T12:29:06.780+0000] {logging_mixin.py:190} INFO - SDD: trích dữ liệu từ 2025-10-04 đến 2025-10-07
[2025-10-07T12:29:11.374+0000] {logging_mixin.py:190} INFO - Không tìm thấy dữ liệu cho SDD
[2025-10-07T12:29:11.375+0000] {logging_mixin.py:190} INFO - ℹ️ SDD: Không có dữ liệu mới.
[2025-10-07T12:29:11.376+0000] {logging_mixin.py:190} INFO - ⬇️ Bắt đầu xử lý symbol = SDC
[2025-10-07T12:29:11.390+0000] {logging_mixin.py:190} INFO - ⚠️ Không đọc được file cũ SDC: 'date'
[2025-10-07T12:29:11.397+0000] {logging_mixin.py:190} INFO - SDC: trích dữ liệu từ 2025-10-01 đến 2025-10-07
[2025-10-07T12:29:16.036+0000] {logging_mixin.py:190} INFO - Không tìm thấy dữ liệu cho SDC
[2025-10-07T12:29:16.037+0000] {logging_mixin.py:190} INFO - ℹ️ SDC: Không có dữ liệu mới.
[2025-10-07T12:29:16.038+0000] {logging_mixin.py:190} INFO - ⬇️ Bắt đầu xử lý symbol = SDB
[2025-10-07T12:29:16.051+0000] {logging_mixin.py:190} INFO - ⚠️ Không đọc được file cũ SDB: 'date'
[2025-10-07T12:29:16.057+0000] {logging_mixin.py:190} INFO - SDB: trích dữ liệu từ 2024-07-26 đến 2025-10-07
[2025-10-07T12:29:20.600+0000] {logging_mixin.py:190} INFO - Không tìm thấy dữ liệu cho SDB
[2025-10-07T12:29:20.602+0000] {logging_mixin.py:190} INFO - ℹ️ SDB: Không có dữ liệu mới.
[2025-10-07T12:29:20.603+0000] {logging_mixin.py:190} INFO - ⬇️ Bắt đầu xử lý symbol = SDA
[2025-10-07T12:29:20.610+0000] {logging_mixin.py:190} INFO - ⚠️ Không đọc được file cũ SDA: 'date'
[2025-10-07T12:29:20.616+0000] {logging_mixin.py:190} INFO - SDA: trích dữ liệu từ 2025-10-04 đến 2025-10-07
[2025-10-07T12:29:26.378+0000] {logging_mixin.py:190} INFO - Không tìm thấy dữ liệu cho SDA
[2025-10-07T12:29:26.379+0000] {logging_mixin.py:190} INFO - ℹ️ SDA: Không có dữ liệu mới.
[2025-10-07T12:29:26.380+0000] {logging_mixin.py:190} INFO - 🚦 Giới hạn API đạt mức tối đa, chờ 35.8s...
[2025-10-07T12:30:02.157+0000] {logging_mixin.py:190} INFO - ⬇️ Bắt đầu xử lý symbol = SD9
[2025-10-07T12:30:02.165+0000] {logging_mixin.py:190} INFO - ⚠️ Không đọc được file cũ SD9: 'date'
[2025-10-07T12:30:02.172+0000] {logging_mixin.py:190} INFO - SD9: trích dữ liệu từ 2025-10-04 đến 2025-10-07
[2025-10-07T12:30:02.396+0000] {logging_mixin.py:190} INFO - Trích xuất 2 dòng mới cho SD9
[2025-10-07T12:30:02.403+0000] {logging_mixin.py:190} INFO - Append 2 dòng mới vào /opt/***/data/lake/SD9.csv
[2025-10-07T12:30:02.404+0000] {logging_mixin.py:190} INFO - ✅ Hoàn tất SD9, thêm 2 dòng mới.
[2025-10-07T12:30:04.405+0000] {logging_mixin.py:190} INFO - 🚦 Giới hạn API đạt mức tối đa, chờ 2.4s...
[2025-10-07T12:30:06.761+0000] {logging_mixin.py:190} INFO - ⬇️ Bắt đầu xử lý symbol = SD8
[2025-10-07T12:30:06.769+0000] {logging_mixin.py:190} INFO - ⚠️ Không đọc được file cũ SD8: 'date'
[2025-10-07T12:30:06.775+0000] {logging_mixin.py:190} INFO - SD8: trích dữ liệu từ 2024-07-26 đến 2025-10-07
[2025-10-07T12:30:12.464+0000] {logging_mixin.py:190} INFO - Không tìm thấy dữ liệu cho SD8
[2025-10-07T12:30:12.465+0000] {logging_mixin.py:190} INFO - ℹ️ SD8: Không có dữ liệu mới.
[2025-10-07T12:30:12.466+0000] {logging_mixin.py:190} INFO - ⬇️ Bắt đầu xử lý symbol = SD7
[2025-10-07T12:30:12.473+0000] {logging_mixin.py:190} INFO - ⚠️ Không đọc được file cũ SD7: 'date'
[2025-10-07T12:30:12.479+0000] {logging_mixin.py:190} INFO - SD7: trích dữ liệu từ 2025-09-27 đến 2025-10-07
[2025-10-07T12:30:17.012+0000] {logging_mixin.py:190} INFO - Không tìm thấy dữ liệu cho SD7
[2025-10-07T12:30:17.014+0000] {logging_mixin.py:190} INFO - ℹ️ SD7: Không có dữ liệu mới.
[2025-10-07T12:30:17.014+0000] {logging_mixin.py:190} INFO - ⬇️ Bắt đầu xử lý symbol = SD6
[2025-10-07T12:30:17.022+0000] {logging_mixin.py:190} INFO - ⚠️ Không đọc được file cũ SD6: 'date'
[2025-10-07T12:30:17.028+0000] {logging_mixin.py:190} INFO - SD6: trích dữ liệu từ 2025-10-04 đến 2025-10-07
[2025-10-07T12:30:21.652+0000] {logging_mixin.py:190} INFO - Không tìm thấy dữ liệu cho SD6
[2025-10-07T12:30:21.654+0000] {logging_mixin.py:190} INFO - ℹ️ SD6: Không có dữ liệu mới.
[2025-10-07T12:30:21.655+0000] {logging_mixin.py:190} INFO - ⬇️ Bắt đầu xử lý symbol = SD5
[2025-10-07T12:30:21.662+0000] {logging_mixin.py:190} INFO - ⚠️ Không đọc được file cũ SD5: 'date'
[2025-10-07T12:30:21.668+0000] {logging_mixin.py:190} INFO - SD5: trích dữ liệu từ 2025-10-03 đến 2025-10-07
[2025-10-07T12:30:22.023+0000] {logging_mixin.py:190} INFO - Trích xuất 2 dòng mới cho SD5
[2025-10-07T12:30:22.039+0000] {logging_mixin.py:190} INFO - Append 2 dòng mới vào /opt/***/data/lake/SD5.csv
[2025-10-07T12:30:22.040+0000] {logging_mixin.py:190} INFO - ✅ Hoàn tất SD5, thêm 2 dòng mới.
[2025-10-07T12:30:24.041+0000] {logging_mixin.py:190} INFO - 🚦 Giới hạn API đạt mức tối đa, chờ 38.1s...
[2025-10-07T12:31:02.149+0000] {logging_mixin.py:190} INFO - ⬇️ Bắt đầu xử lý symbol = SD4
[2025-10-07T12:31:02.157+0000] {logging_mixin.py:190} INFO - ⚠️ Không đọc được file cũ SD4: 'date'
[2025-10-07T12:31:02.163+0000] {logging_mixin.py:190} INFO - SD4: trích dữ liệu từ 2025-09-13 đến 2025-10-07
[2025-10-07T12:31:06.889+0000] {logging_mixin.py:190} INFO - Không tìm thấy dữ liệu cho SD4
[2025-10-07T12:31:06.891+0000] {logging_mixin.py:190} INFO - ℹ️ SD4: Không có dữ liệu mới.
[2025-10-07T12:31:06.891+0000] {logging_mixin.py:190} INFO - ⬇️ Bắt đầu xử lý symbol = SD3
[2025-10-07T12:31:06.898+0000] {logging_mixin.py:190} INFO - ⚠️ Không đọc được file cũ SD3: 'date'
[2025-10-07T12:31:06.904+0000] {logging_mixin.py:190} INFO - SD3: trích dữ liệu từ 2025-10-04 đến 2025-10-07
[2025-10-07T12:31:07.072+0000] {logging_mixin.py:190} INFO - Trích xuất 2 dòng mới cho SD3
[2025-10-07T12:31:07.078+0000] {logging_mixin.py:190} INFO - Append 2 dòng mới vào /opt/***/data/lake/SD3.csv
[2025-10-07T12:31:07.079+0000] {logging_mixin.py:190} INFO - ✅ Hoàn tất SD3, thêm 2 dòng mới.
[2025-10-07T12:31:09.079+0000] {logging_mixin.py:190} INFO - 🚦 Giới hạn API đạt mức tối đa, chờ 3.4s...
[2025-10-07T12:31:12.467+0000] {logging_mixin.py:190} INFO - ⬇️ Bắt đầu xử lý symbol = SD2
[2025-10-07T12:31:12.483+0000] {logging_mixin.py:190} INFO - ⚠️ Không đọc được file cũ SD2: 'date'
[2025-10-07T12:31:12.490+0000] {logging_mixin.py:190} INFO - SD2: trích dữ liệu từ 2025-10-01 đến 2025-10-07
[2025-10-07T12:31:12.652+0000] {logging_mixin.py:190} INFO - Trích xuất 1 dòng mới cho SD2
[2025-10-07T12:31:12.658+0000] {logging_mixin.py:190} INFO - Append 1 dòng mới vào /opt/***/data/lake/SD2.csv
[2025-10-07T12:31:12.658+0000] {logging_mixin.py:190} INFO - ✅ Hoàn tất SD2, thêm 1 dòng mới.
[2025-10-07T12:31:14.656+0000] {logging_mixin.py:190} INFO - 🚦 Giới hạn API đạt mức tối đa, chờ 2.4s...
[2025-10-07T12:31:17.015+0000] {logging_mixin.py:190} INFO - ⬇️ Bắt đầu xử lý symbol = SD1
[2025-10-07T12:31:17.033+0000] {logging_mixin.py:190} INFO - ⚠️ Không đọc được file cũ SD1: 'date'
[2025-10-07T12:31:17.040+0000] {logging_mixin.py:190} INFO - SD1: trích dữ liệu từ 2024-07-26 đến 2025-10-07
[2025-10-07T12:31:21.682+0000] {logging_mixin.py:190} INFO - Không tìm thấy dữ liệu cho SD1
[2025-10-07T12:31:21.684+0000] {logging_mixin.py:190} INFO - ℹ️ SD1: Không có dữ liệu mới.
[2025-10-07T12:31:21.684+0000] {logging_mixin.py:190} INFO - ⬇️ Bắt đầu xử lý symbol = SCY
[2025-10-07T12:31:21.691+0000] {logging_mixin.py:190} INFO - ⚠️ Không đọc được file cũ SCY: 'date'
[2025-10-07T12:31:21.698+0000] {logging_mixin.py:190} INFO - SCY: trích dữ liệu từ 2025-06-20 đến 2025-10-07
[2025-10-07T12:31:26.195+0000] {logging_mixin.py:190} INFO - Không tìm thấy dữ liệu cho SCY
[2025-10-07T12:31:26.196+0000] {logging_mixin.py:190} INFO - ℹ️ SCY: Không có dữ liệu mới.
[2025-10-07T12:31:26.199+0000] {logging_mixin.py:190} INFO - 🚦 Giới hạn API đạt mức tối đa, chờ 36.0s...
[2025-10-07T12:32:02.134+0000] {logging_mixin.py:190} INFO - ⬇️ Bắt đầu xử lý symbol = SCV
[2025-10-07T12:32:02.143+0000] {logging_mixin.py:190} INFO - ⚠️ Không đọc được file cũ SCV: 'date'
[2025-10-07T12:32:02.148+0000] {logging_mixin.py:190} INFO - SCV: trích dữ liệu từ 2022-07-29 đến 2025-10-07
[2025-10-07T12:32:07.765+0000] {logging_mixin.py:190} INFO - Không tìm thấy dữ liệu cho SCV
[2025-10-07T12:32:07.767+0000] {logging_mixin.py:190} INFO - ℹ️ SCV: Không có dữ liệu mới.
[2025-10-07T12:32:07.767+0000] {logging_mixin.py:190} INFO - ⬇️ Bắt đầu xử lý symbol = SCS
[2025-10-07T12:32:07.784+0000] {logging_mixin.py:190} INFO - ⚠️ Không đọc được file cũ SCS: 'date'
[2025-10-07T12:32:07.793+0000] {logging_mixin.py:190} INFO - SCS: trích dữ liệu từ 2025-10-04 đến 2025-10-07
[2025-10-07T12:32:07.973+0000] {logging_mixin.py:190} INFO - Trích xuất 2 dòng mới cho SCS
[2025-10-07T12:32:07.979+0000] {logging_mixin.py:190} INFO - Append 2 dòng mới vào /opt/***/data/lake/SCS.csv
[2025-10-07T12:32:07.979+0000] {logging_mixin.py:190} INFO - ✅ Hoàn tất SCS, thêm 2 dòng mới.
[2025-10-07T12:32:09.980+0000] {logging_mixin.py:190} INFO - 🚦 Giới hạn API đạt mức tối đa, chờ 2.5s...
[2025-10-07T12:32:12.469+0000] {logging_mixin.py:190} INFO - ⬇️ Bắt đầu xử lý symbol = SCR
[2025-10-07T12:32:12.478+0000] {logging_mixin.py:190} INFO - ⚠️ Không đọc được file cũ SCR: 'date'
[2025-10-07T12:32:12.485+0000] {logging_mixin.py:190} INFO - SCR: trích dữ liệu từ 2025-10-04 đến 2025-10-07
[2025-10-07T12:32:12.736+0000] {logging_mixin.py:190} INFO - Trích xuất 2 dòng mới cho SCR
[2025-10-07T12:32:12.742+0000] {logging_mixin.py:190} INFO - Append 2 dòng mới vào /opt/***/data/lake/SCR.csv
[2025-10-07T12:32:12.742+0000] {logging_mixin.py:190} INFO - ✅ Hoàn tất SCR, thêm 2 dòng mới.
[2025-10-07T12:32:14.712+0000] {logging_mixin.py:190} INFO - 🚦 Giới hạn API đạt mức tối đa, chờ 2.3s...
[2025-10-07T12:32:17.016+0000] {logging_mixin.py:190} INFO - ⬇️ Bắt đầu xử lý symbol = SCO
[2025-10-07T12:32:17.029+0000] {logging_mixin.py:190} INFO - ⚠️ Không đọc được file cũ SCO: 'date'
[2025-10-07T12:32:17.036+0000] {logging_mixin.py:190} INFO - SCO: trích dữ liệu từ 2025-09-13 đến 2025-10-07
[2025-10-07T12:32:21.645+0000] {logging_mixin.py:190} INFO - Không tìm thấy dữ liệu cho SCO
[2025-10-07T12:32:21.646+0000] {logging_mixin.py:190} INFO - ℹ️ SCO: Không có dữ liệu mới.
[2025-10-07T12:32:21.647+0000] {logging_mixin.py:190} INFO - 🚦 Giới hạn API đạt mức tối đa, chờ 0.0s...
[2025-10-07T12:32:21.685+0000] {logging_mixin.py:190} INFO - ⬇️ Bắt đầu xử lý symbol = SCL
[2025-10-07T12:32:21.692+0000] {logging_mixin.py:190} INFO - ⚠️ Không đọc được file cũ SCL: 'date'
[2025-10-07T12:32:21.698+0000] {logging_mixin.py:190} INFO - SCL: trích dữ liệu từ 2025-10-04 đến 2025-10-07
[2025-10-07T12:32:21.943+0000] {logging_mixin.py:190} INFO - Trích xuất 2 dòng mới cho SCL
[2025-10-07T12:32:21.949+0000] {logging_mixin.py:190} INFO - Append 2 dòng mới vào /opt/***/data/lake/SCL.csv
[2025-10-07T12:32:21.950+0000] {logging_mixin.py:190} INFO - ✅ Hoàn tất SCL, thêm 2 dòng mới.
[2025-10-07T12:32:23.950+0000] {logging_mixin.py:190} INFO - 🚦 Giới hạn API đạt mức tối đa, chờ 38.2s...
[2025-10-07T12:33:02.139+0000] {logging_mixin.py:190} INFO - ⬇️ Bắt đầu xử lý symbol = SCJ
[2025-10-07T12:33:02.149+0000] {logging_mixin.py:190} INFO - ⚠️ Không đọc được file cũ SCJ: 'date'
[2025-10-07T12:33:02.154+0000] {logging_mixin.py:190} INFO - SCJ: trích dữ liệu từ 2025-10-02 đến 2025-10-07
[2025-10-07T12:33:03.396+0000] {logging_mixin.py:190} INFO - Trích xuất 2 dòng mới cho SCJ
[2025-10-07T12:33:03.402+0000] {logging_mixin.py:190} INFO - Append 2 dòng mới vào /opt/***/data/lake/SCJ.csv
[2025-10-07T12:33:03.403+0000] {logging_mixin.py:190} INFO - ✅ Hoàn tất SCJ, thêm 2 dòng mới.
[2025-10-07T12:33:05.403+0000] {logging_mixin.py:190} INFO - 🚦 Giới hạn API đạt mức tối đa, chờ 2.4s...
[2025-10-07T12:33:07.768+0000] {logging_mixin.py:190} INFO - ⬇️ Bắt đầu xử lý symbol = SCI
[2025-10-07T12:33:07.786+0000] {logging_mixin.py:190} INFO - ⚠️ Không đọc được file cũ SCI: 'date'
[2025-10-07T12:33:07.794+0000] {logging_mixin.py:190} INFO - SCI: trích dữ liệu từ 2025-10-04 đến 2025-10-07
[2025-10-07T12:33:07.974+0000] {logging_mixin.py:190} INFO - Trích xuất 2 dòng mới cho SCI
[2025-10-07T12:33:07.980+0000] {logging_mixin.py:190} INFO - Append 2 dòng mới vào /opt/***/data/lake/SCI.csv
[2025-10-07T12:33:07.980+0000] {logging_mixin.py:190} INFO - ✅ Hoàn tất SCI, thêm 2 dòng mới.
[2025-10-07T12:33:09.981+0000] {logging_mixin.py:190} INFO - 🚦 Giới hạn API đạt mức tối đa, chờ 2.5s...
[2025-10-07T12:33:12.471+0000] {logging_mixin.py:190} INFO - ⬇️ Bắt đầu xử lý symbol = SCG
[2025-10-07T12:33:12.488+0000] {logging_mixin.py:190} INFO - ⚠️ Không đọc được file cũ SCG: 'date'
[2025-10-07T12:33:12.495+0000] {logging_mixin.py:190} INFO - SCG: trích dữ liệu từ 2025-10-04 đến 2025-10-07
[2025-10-07T12:33:12.657+0000] {logging_mixin.py:190} INFO - Trích xuất 2 dòng mới cho SCG
[2025-10-07T12:33:12.664+0000] {logging_mixin.py:190} INFO - Append 2 dòng mới vào /opt/***/data/lake/SCG.csv
[2025-10-07T12:33:12.665+0000] {logging_mixin.py:190} INFO - ✅ Hoàn tất SCG, thêm 2 dòng mới.
[2025-10-07T12:33:14.670+0000] {logging_mixin.py:190} INFO - 🚦 Giới hạn API đạt mức tối đa, chờ 2.3s...
[2025-10-07T12:33:17.017+0000] {logging_mixin.py:190} INFO - ⬇️ Bắt đầu xử lý symbol = SCD
[2025-10-07T12:33:17.027+0000] {logging_mixin.py:190} INFO - ⚠️ Không đọc được file cũ SCD: 'date'
[2025-10-07T12:33:17.033+0000] {logging_mixin.py:190} INFO - SCD: trích dữ liệu từ 2025-10-04 đến 2025-10-07
[2025-10-07T12:33:21.550+0000] {logging_mixin.py:190} INFO - Không tìm thấy dữ liệu cho SCD
[2025-10-07T12:33:21.552+0000] {logging_mixin.py:190} INFO - ℹ️ SCD: Không có dữ liệu mới.
[2025-10-07T12:33:21.552+0000] {logging_mixin.py:190} INFO - 🚦 Giới hạn API đạt mức tối đa, chờ 0.1s...
[2025-10-07T12:33:21.685+0000] {logging_mixin.py:190} INFO - ⬇️ Bắt đầu xử lý symbol = SCC
[2025-10-07T12:33:21.692+0000] {logging_mixin.py:190} INFO - ⚠️ Không đọc được file cũ SCC: 'date'
[2025-10-07T12:33:21.699+0000] {logging_mixin.py:190} INFO - SCC: trích dữ liệu từ 2025-10-04 đến 2025-10-07
[2025-10-07T12:33:26.340+0000] {logging_mixin.py:190} INFO - Không tìm thấy dữ liệu cho SCC
[2025-10-07T12:33:26.343+0000] {logging_mixin.py:190} INFO - ℹ️ SCC: Không có dữ liệu mới.
[2025-10-07T12:33:26.344+0000] {logging_mixin.py:190} INFO - 🚦 Giới hạn API đạt mức tối đa, chờ 35.8s...
[2025-10-07T12:34:02.152+0000] {logging_mixin.py:190} INFO - ⬇️ Bắt đầu xử lý symbol = SCA
[2025-10-07T12:34:02.159+0000] {logging_mixin.py:190} INFO - ⚠️ Không đọc được file cũ SCA: 'date'
[2025-10-07T12:34:02.165+0000] {logging_mixin.py:190} INFO - SCA: trích dữ liệu từ 2022-07-29 đến 2025-10-07
[2025-10-07T12:34:06.862+0000] {logging_mixin.py:190} INFO - Không tìm thấy dữ liệu cho SCA
[2025-10-07T12:34:06.864+0000] {logging_mixin.py:190} INFO - ℹ️ SCA: Không có dữ liệu mới.
[2025-10-07T12:34:06.865+0000] {logging_mixin.py:190} INFO - 🚦 Giới hạn API đạt mức tối đa, chờ 0.9s...
[2025-10-07T12:34:07.770+0000] {logging_mixin.py:190} INFO - ⬇️ Bắt đầu xử lý symbol = SC5
[2025-10-07T12:34:07.789+0000] {logging_mixin.py:190} INFO - ⚠️ Không đọc được file cũ SC5: 'date'
[2025-10-07T12:34:07.796+0000] {logging_mixin.py:190} INFO - SC5: trích dữ liệu từ 2025-10-02 đến 2025-10-07
[2025-10-07T12:34:08.016+0000] {logging_mixin.py:190} INFO - Trích xuất 1 dòng mới cho SC5
[2025-10-07T12:34:08.022+0000] {logging_mixin.py:190} INFO - Append 1 dòng mới vào /opt/***/data/lake/SC5.csv
[2025-10-07T12:34:08.023+0000] {logging_mixin.py:190} INFO - ✅ Hoàn tất SC5, thêm 1 dòng mới.
[2025-10-07T12:34:10.023+0000] {logging_mixin.py:190} INFO - 🚦 Giới hạn API đạt mức tối đa, chờ 2.4s...
[2025-10-07T12:34:12.472+0000] {logging_mixin.py:190} INFO - ⬇️ Bắt đầu xử lý symbol = SBV
[2025-10-07T12:34:12.489+0000] {logging_mixin.py:190} INFO - ⚠️ Không đọc được file cũ SBV: 'date'
[2025-10-07T12:34:12.495+0000] {logging_mixin.py:190} INFO - SBV: trích dữ liệu từ 2025-10-04 đến 2025-10-07
[2025-10-07T12:34:12.709+0000] {logging_mixin.py:190} INFO - Trích xuất 2 dòng mới cho SBV
[2025-10-07T12:34:12.716+0000] {logging_mixin.py:190} INFO - Append 2 dòng mới vào /opt/***/data/lake/SBV.csv
[2025-10-07T12:34:12.716+0000] {logging_mixin.py:190} INFO - ✅ Hoàn tất SBV, thêm 2 dòng mới.
[2025-10-07T12:34:14.729+0000] {logging_mixin.py:190} INFO - 🚦 Giới hạn API đạt mức tối đa, chờ 2.3s...
[2025-10-07T12:34:17.019+0000] {logging_mixin.py:190} INFO - ⬇️ Bắt đầu xử lý symbol = SBT
[2025-10-07T12:34:17.027+0000] {logging_mixin.py:190} INFO - ⚠️ Không đọc được file cũ SBT: 'date'
[2025-10-07T12:34:17.034+0000] {logging_mixin.py:190} INFO - SBT: trích dữ liệu từ 2025-10-04 đến 2025-10-07
[2025-10-07T12:34:17.253+0000] {logging_mixin.py:190} INFO - Trích xuất 2 dòng mới cho SBT
[2025-10-07T12:34:17.262+0000] {logging_mixin.py:190} INFO - Append 2 dòng mới vào /opt/***/data/lake/SBT.csv
[2025-10-07T12:34:17.262+0000] {logging_mixin.py:190} INFO - ✅ Hoàn tất SBT, thêm 2 dòng mới.
[2025-10-07T12:34:19.263+0000] {logging_mixin.py:190} INFO - 🚦 Giới hạn API đạt mức tối đa, chờ 2.4s...
[2025-10-07T12:34:21.686+0000] {logging_mixin.py:190} INFO - ⬇️ Bắt đầu xử lý symbol = SBS
[2025-10-07T12:34:21.693+0000] {logging_mixin.py:190} INFO - ⚠️ Không đọc được file cũ SBS: 'date'
[2025-10-07T12:34:21.701+0000] {logging_mixin.py:190} INFO - SBS: trích dữ liệu từ 2025-10-04 đến 2025-10-07
[2025-10-07T12:34:22.021+0000] {logging_mixin.py:190} INFO - Trích xuất 2 dòng mới cho SBS
[2025-10-07T12:34:22.028+0000] {logging_mixin.py:190} INFO - Append 2 dòng mới vào /opt/***/data/lake/SBS.csv
[2025-10-07T12:34:22.028+0000] {logging_mixin.py:190} INFO - ✅ Hoàn tất SBS, thêm 2 dòng mới.
[2025-10-07T12:34:24.029+0000] {logging_mixin.py:190} INFO - 🚦 Giới hạn API đạt mức tối đa, chờ 38.1s...
[2025-10-07T12:35:02.172+0000] {logging_mixin.py:190} INFO - ⬇️ Bắt đầu xử lý symbol = SBR
[2025-10-07T12:35:02.181+0000] {logging_mixin.py:190} INFO - ⚠️ Không đọc được file cũ SBR: 'date'
[2025-10-07T12:35:02.187+0000] {logging_mixin.py:190} INFO - SBR: trích dữ liệu từ 2025-10-01 đến 2025-10-07
[2025-10-07T12:35:07.132+0000] {logging_mixin.py:190} INFO - Không tìm thấy dữ liệu cho SBR
[2025-10-07T12:35:07.134+0000] {logging_mixin.py:190} INFO - ℹ️ SBR: Không có dữ liệu mới.
[2025-10-07T12:35:07.134+0000] {logging_mixin.py:190} INFO - 🚦 Giới hạn API đạt mức tối đa, chờ 0.6s...
[2025-10-07T12:35:07.771+0000] {logging_mixin.py:190} INFO - ⬇️ Bắt đầu xử lý symbol = SBM
[2025-10-07T12:35:07.779+0000] {logging_mixin.py:190} INFO - ⚠️ Không đọc được file cũ SBM: 'date'
[2025-10-07T12:35:07.786+0000] {logging_mixin.py:190} INFO - SBM: trích dữ liệu từ 2025-10-01 đến 2025-10-07
[2025-10-07T12:35:12.586+0000] {logging_mixin.py:190} INFO - Không tìm thấy dữ liệu cho SBM
[2025-10-07T12:35:12.588+0000] {logging_mixin.py:190} INFO - ℹ️ SBM: Không có dữ liệu mới.
[2025-10-07T12:35:12.589+0000] {logging_mixin.py:190} INFO - ⬇️ Bắt đầu xử lý symbol = SBL
[2025-10-07T12:35:12.596+0000] {logging_mixin.py:190} INFO - ⚠️ Không đọc được file cũ SBL: 'date'
[2025-10-07T12:35:12.603+0000] {logging_mixin.py:190} INFO - SBL: trích dữ liệu từ 2025-10-03 đến 2025-10-07
[2025-10-07T12:35:12.844+0000] {logging_mixin.py:190} INFO - Trích xuất 2 dòng mới cho SBL
[2025-10-07T12:35:12.849+0000] {logging_mixin.py:190} INFO - Append 2 dòng mới vào /opt/***/data/lake/SBL.csv
[2025-10-07T12:35:12.850+0000] {logging_mixin.py:190} INFO - ✅ Hoàn tất SBL, thêm 2 dòng mới.
[2025-10-07T12:35:14.864+0000] {logging_mixin.py:190} INFO - 🚦 Giới hạn API đạt mức tối đa, chờ 2.2s...
[2025-10-07T12:35:17.019+0000] {logging_mixin.py:190} INFO - ⬇️ Bắt đầu xử lý symbol = SBH
[2025-10-07T12:35:17.035+0000] {logging_mixin.py:190} INFO - ⚠️ Không đọc được file cũ SBH: 'date'
[2025-10-07T12:35:17.043+0000] {logging_mixin.py:190} INFO - SBH: trích dữ liệu từ 2025-10-04 đến 2025-10-07
[2025-10-07T12:35:17.223+0000] {logging_mixin.py:190} INFO - Trích xuất 2 dòng mới cho SBH
[2025-10-07T12:35:17.229+0000] {logging_mixin.py:190} INFO - Append 2 dòng mới vào /opt/***/data/lake/SBH.csv
[2025-10-07T12:35:17.230+0000] {logging_mixin.py:190} INFO - ✅ Hoàn tất SBH, thêm 2 dòng mới.
[2025-10-07T12:35:19.230+0000] {logging_mixin.py:190} INFO - 🚦 Giới hạn API đạt mức tối đa, chờ 2.5s...
[2025-10-07T12:35:21.687+0000] {logging_mixin.py:190} INFO - ⬇️ Bắt đầu xử lý symbol = SBG
[2025-10-07T12:35:21.695+0000] {logging_mixin.py:190} INFO - ⚠️ Không đọc được file cũ SBG: 'date'
[2025-10-07T12:35:21.701+0000] {logging_mixin.py:190} INFO - SBG: trích dữ liệu từ 2025-10-04 đến 2025-10-07
[2025-10-07T12:35:21.879+0000] {logging_mixin.py:190} INFO - Trích xuất 2 dòng mới cho SBG
[2025-10-07T12:35:21.885+0000] {logging_mixin.py:190} INFO - Append 2 dòng mới vào /opt/***/data/lake/SBG.csv
[2025-10-07T12:35:21.886+0000] {logging_mixin.py:190} INFO - ✅ Hoàn tất SBG, thêm 2 dòng mới.
[2025-10-07T12:35:23.886+0000] {logging_mixin.py:190} INFO - 🚦 Giới hạn API đạt mức tối đa, chờ 38.3s...
[2025-10-07T12:36:02.198+0000] {logging_mixin.py:190} INFO - ⬇️ Bắt đầu xử lý symbol = SBD
[2025-10-07T12:36:02.427+0000] {logging_mixin.py:190} INFO - ⚠️ Không đọc được file cũ SBD: 'date'
[2025-10-07T12:36:02.442+0000] {logging_mixin.py:190} INFO - SBD: trích dữ liệu từ 2025-10-03 đến 2025-10-07
[2025-10-07T12:36:02.669+0000] {logging_mixin.py:190} INFO - Trích xuất 2 dòng mới cho SBD
[2025-10-07T12:36:02.683+0000] {logging_mixin.py:190} INFO - Append 2 dòng mới vào /opt/***/data/lake/SBD.csv
[2025-10-07T12:36:02.684+0000] {logging_mixin.py:190} INFO - ✅ Hoàn tất SBD, thêm 2 dòng mới.
[2025-10-07T12:36:04.685+0000] {logging_mixin.py:190} INFO - 🚦 Giới hạn API đạt mức tối đa, chờ 3.1s...
[2025-10-07T12:36:07.773+0000] {logging_mixin.py:190} INFO - ⬇️ Bắt đầu xử lý symbol = SBB
[2025-10-07T12:36:07.782+0000] {logging_mixin.py:190} INFO - ⚠️ Không đọc được file cũ SBB: 'date'
[2025-10-07T12:36:07.790+0000] {logging_mixin.py:190} INFO - SBB: trích dữ liệu từ 2025-10-04 đến 2025-10-07
[2025-10-07T12:36:08.024+0000] {logging_mixin.py:190} INFO - Trích xuất 2 dòng mới cho SBB
[2025-10-07T12:36:08.074+0000] {logging_mixin.py:190} INFO - Append 2 dòng mới vào /opt/***/data/lake/SBB.csv
[2025-10-07T12:36:08.075+0000] {logging_mixin.py:190} INFO - ✅ Hoàn tất SBB, thêm 2 dòng mới.
[2025-10-07T12:36:10.076+0000] {logging_mixin.py:190} INFO - 🚦 Giới hạn API đạt mức tối đa, chờ 2.5s...
[2025-10-07T12:36:12.590+0000] {logging_mixin.py:190} INFO - ⬇️ Bắt đầu xử lý symbol = SBA
[2025-10-07T12:36:12.945+0000] {logging_mixin.py:190} INFO - ⚠️ Không đọc được file cũ SBA: 'date'
[2025-10-07T12:36:13.692+0000] {logging_mixin.py:190} INFO - SBA: trích dữ liệu từ 2025-10-04 đến 2025-10-07
[2025-10-07T12:36:14.059+0000] {logging_mixin.py:190} INFO - Trích xuất 2 dòng mới cho SBA
[2025-10-07T12:36:14.081+0000] {logging_mixin.py:190} INFO - Append 2 dòng mới vào /opt/***/data/lake/SBA.csv
[2025-10-07T12:36:14.085+0000] {logging_mixin.py:190} INFO - ✅ Hoàn tất SBA, thêm 2 dòng mới.
[2025-10-07T12:36:16.094+0000] {logging_mixin.py:190} INFO - 🚦 Giới hạn API đạt mức tối đa, chờ 0.9s...
[2025-10-07T12:36:17.035+0000] {logging_mixin.py:190} INFO - ⬇️ Bắt đầu xử lý symbol = SB1
[2025-10-07T12:36:17.064+0000] {logging_mixin.py:190} INFO - ⚠️ Không đọc được file cũ SB1: 'date'
[2025-10-07T12:36:17.088+0000] {logging_mixin.py:190} INFO - SB1: trích dữ liệu từ 2025-10-04 đến 2025-10-07
[2025-10-07T12:36:17.367+0000] {logging_mixin.py:190} INFO - Trích xuất 2 dòng mới cho SB1
[2025-10-07T12:36:17.395+0000] {logging_mixin.py:190} INFO - Append 2 dòng mới vào /opt/***/data/lake/SB1.csv
[2025-10-07T12:36:17.396+0000] {logging_mixin.py:190} INFO - ✅ Hoàn tất SB1, thêm 2 dòng mới.
[2025-10-07T12:36:19.401+0000] {logging_mixin.py:190} INFO - 🚦 Giới hạn API đạt mức tối đa, chờ 2.3s...
[2025-10-07T12:36:21.705+0000] {logging_mixin.py:190} INFO - ⬇️ Bắt đầu xử lý symbol = SAV
[2025-10-07T12:36:21.715+0000] {logging_mixin.py:190} INFO - ⚠️ Không đọc được file cũ SAV: 'date'
[2025-10-07T12:36:21.721+0000] {logging_mixin.py:190} INFO - SAV: trích dữ liệu từ 2025-10-04 đến 2025-10-07
[2025-10-07T12:36:21.881+0000] {logging_mixin.py:190} INFO - Trích xuất 2 dòng mới cho SAV
[2025-10-07T12:36:21.888+0000] {logging_mixin.py:190} INFO - Append 2 dòng mới vào /opt/***/data/lake/SAV.csv
[2025-10-07T12:36:21.889+0000] {logging_mixin.py:190} INFO - ✅ Hoàn tất SAV, thêm 2 dòng mới.
[2025-10-07T12:36:23.889+0000] {logging_mixin.py:190} INFO - 🚦 Giới hạn API đạt mức tối đa, chờ 38.3s...
[2025-10-07T12:37:02.209+0000] {logging_mixin.py:190} INFO - ⬇️ Bắt đầu xử lý symbol = SAS
[2025-10-07T12:37:02.225+0000] {logging_mixin.py:190} INFO - ⚠️ Không đọc được file cũ SAS: 'date'
[2025-10-07T12:37:02.232+0000] {logging_mixin.py:190} INFO - SAS: trích dữ liệu từ 2025-10-04 đến 2025-10-07
[2025-10-07T12:37:02.471+0000] {logging_mixin.py:190} INFO - Trích xuất 2 dòng mới cho SAS
[2025-10-07T12:37:02.476+0000] {logging_mixin.py:190} INFO - Append 2 dòng mới vào /opt/***/data/lake/SAS.csv
[2025-10-07T12:37:02.477+0000] {logging_mixin.py:190} INFO - ✅ Hoàn tất SAS, thêm 2 dòng mới.
[2025-10-07T12:37:04.478+0000] {logging_mixin.py:190} INFO - 🚦 Giới hạn API đạt mức tối đa, chờ 3.3s...
[2025-10-07T12:37:07.774+0000] {logging_mixin.py:190} INFO - ⬇️ Bắt đầu xử lý symbol = SAP
[2025-10-07T12:37:07.788+0000] {logging_mixin.py:190} INFO - ⚠️ Không đọc được file cũ SAP: 'date'
[2025-10-07T12:37:07.794+0000] {logging_mixin.py:190} INFO - SAP: trích dữ liệu từ 2025-09-26 đến 2025-10-07
[2025-10-07T12:37:12.757+0000] {logging_mixin.py:190} INFO - Không tìm thấy dữ liệu cho SAP
[2025-10-07T12:37:12.759+0000] {logging_mixin.py:190} INFO - ℹ️ SAP: Không có dữ liệu mới.
[2025-10-07T12:37:12.759+0000] {logging_mixin.py:190} INFO - ⬇️ Bắt đầu xử lý symbol = SAM
[2025-10-07T12:37:12.774+0000] {logging_mixin.py:190} INFO - ⚠️ Không đọc được file cũ SAM: 'date'
[2025-10-07T12:37:12.781+0000] {logging_mixin.py:190} INFO - SAM: trích dữ liệu từ 2025-10-04 đến 2025-10-07
[2025-10-07T12:37:12.911+0000] {logging_mixin.py:190} INFO - Trích xuất 2 dòng mới cho SAM
[2025-10-07T12:37:12.918+0000] {logging_mixin.py:190} INFO - Append 2 dòng mới vào /opt/***/data/lake/SAM.csv
[2025-10-07T12:37:12.918+0000] {logging_mixin.py:190} INFO - ✅ Hoàn tất SAM, thêm 2 dòng mới.
[2025-10-07T12:37:14.940+0000] {logging_mixin.py:190} INFO - 🚦 Giới hạn API đạt mức tối đa, chờ 2.1s...
[2025-10-07T12:37:17.036+0000] {logging_mixin.py:190} INFO - ⬇️ Bắt đầu xử lý symbol = SAL
[2025-10-07T12:37:17.042+0000] {logging_mixin.py:190} INFO - ⚠️ Không đọc được file cũ SAL: 'date'
[2025-10-07T12:37:17.049+0000] {logging_mixin.py:190} INFO - SAL: trích dữ liệu từ 2025-09-24 đến 2025-10-07
[2025-10-07T12:37:23.355+0000] {logging_mixin.py:190} INFO - Không tìm thấy dữ liệu cho SAL
[2025-10-07T12:37:23.356+0000] {logging_mixin.py:190} INFO - ℹ️ SAL: Không có dữ liệu mới.
[2025-10-07T12:37:23.357+0000] {logging_mixin.py:190} INFO - ⬇️ Bắt đầu xử lý symbol = SAF
[2025-10-07T12:37:23.362+0000] {logging_mixin.py:190} INFO - ⚠️ Không đọc được file cũ SAF: 'date'
[2025-10-07T12:37:23.368+0000] {logging_mixin.py:190} INFO - SAF: trích dữ liệu từ 2025-10-04 đến 2025-10-07
[2025-10-07T12:37:24.604+0000] {logging_mixin.py:190} INFO - Trích xuất 2 dòng mới cho SAF
[2025-10-07T12:37:24.610+0000] {logging_mixin.py:190} INFO - Append 2 dòng mới vào /opt/***/data/lake/SAF.csv
[2025-10-07T12:37:24.611+0000] {logging_mixin.py:190} INFO - ✅ Hoàn tất SAF, thêm 2 dòng mới.
[2025-10-07T12:37:26.611+0000] {logging_mixin.py:190} INFO - 🚦 Giới hạn API đạt mức tối đa, chờ 35.6s...
[2025-10-07T12:38:02.221+0000] {logging_mixin.py:190} INFO - ⬇️ Bắt đầu xử lý symbol = SAC
[2025-10-07T12:38:02.240+0000] {logging_mixin.py:190} INFO - ⚠️ Không đọc được file cũ SAC: 'date'
[2025-10-07T12:38:02.247+0000] {logging_mixin.py:190} INFO - SAC: trích dữ liệu từ 2025-10-04 đến 2025-10-07
[2025-10-07T12:38:02.396+0000] {logging_mixin.py:190} INFO - Trích xuất 2 dòng mới cho SAC
[2025-10-07T12:38:02.403+0000] {logging_mixin.py:190} INFO - Append 2 dòng mới vào /opt/***/data/lake/SAC.csv
[2025-10-07T12:38:02.403+0000] {logging_mixin.py:190} INFO - ✅ Hoàn tất SAC, thêm 2 dòng mới.
[2025-10-07T12:38:04.404+0000] {logging_mixin.py:190} INFO - 🚦 Giới hạn API đạt mức tối đa, chờ 3.4s...
[2025-10-07T12:38:07.775+0000] {logging_mixin.py:190} INFO - ⬇️ Bắt đầu xử lý symbol = SAB
[2025-10-07T12:38:07.782+0000] {logging_mixin.py:190} INFO - ⚠️ Không đọc được file cũ SAB: 'date'
[2025-10-07T12:38:07.789+0000] {logging_mixin.py:190} INFO - SAB: trích dữ liệu từ 2025-10-04 đến 2025-10-07
[2025-10-07T12:38:07.986+0000] {logging_mixin.py:190} INFO - Trích xuất 2 dòng mới cho SAB
[2025-10-07T12:38:07.992+0000] {logging_mixin.py:190} INFO - Append 2 dòng mới vào /opt/***/data/lake/SAB.csv
[2025-10-07T12:38:07.992+0000] {logging_mixin.py:190} INFO - ✅ Hoàn tất SAB, thêm 2 dòng mới.
[2025-10-07T12:38:09.994+0000] {logging_mixin.py:190} INFO - 🚦 Giới hạn API đạt mức tối đa, chờ 2.8s...
[2025-10-07T12:38:12.760+0000] {logging_mixin.py:190} INFO - ⬇️ Bắt đầu xử lý symbol = S99
[2025-10-07T12:38:12.770+0000] {logging_mixin.py:190} INFO - ⚠️ Không đọc được file cũ S99: 'date'
[2025-10-07T12:38:12.777+0000] {logging_mixin.py:190} INFO - S99: trích dữ liệu từ 2025-10-04 đến 2025-10-07
[2025-10-07T12:38:13.029+0000] {logging_mixin.py:190} INFO - Trích xuất 2 dòng mới cho S99
[2025-10-07T12:38:13.035+0000] {logging_mixin.py:190} INFO - Append 2 dòng mới vào /opt/***/data/lake/S99.csv
[2025-10-07T12:38:13.035+0000] {logging_mixin.py:190} INFO - ✅ Hoàn tất S99, thêm 2 dòng mới.
[2025-10-07T12:38:15.055+0000] {logging_mixin.py:190} INFO - 🚦 Giới hạn API đạt mức tối đa, chờ 2.0s...
[2025-10-07T12:38:17.038+0000] {logging_mixin.py:190} INFO - ⬇️ Bắt đầu xử lý symbol = S96
[2025-10-07T12:38:17.046+0000] {logging_mixin.py:190} INFO - ⚠️ Không đọc được file cũ S96: 'date'
[2025-10-07T12:38:17.051+0000] {logging_mixin.py:190} INFO - S96: trích dữ liệu từ 2024-07-26 đến 2025-10-07
[2025-10-07T12:38:22.549+0000] {logging_mixin.py:190} INFO - Không tìm thấy dữ liệu cho S96
[2025-10-07T12:38:22.551+0000] {logging_mixin.py:190} INFO - ℹ️ S96: Không có dữ liệu mới.
[2025-10-07T12:38:22.552+0000] {logging_mixin.py:190} INFO - 🚦 Giới hạn API đạt mức tối đa, chờ 0.8s...
[2025-10-07T12:38:23.357+0000] {logging_mixin.py:190} INFO - ⬇️ Bắt đầu xử lý symbol = S74
[2025-10-07T12:38:23.365+0000] {logging_mixin.py:190} INFO - ⚠️ Không đọc được file cũ S74: 'date'
[2025-10-07T12:38:23.372+0000] {logging_mixin.py:190} INFO - S74: trích dữ liệu từ 2025-08-28 đến 2025-10-07
[2025-10-07T12:38:27.939+0000] {logging_mixin.py:190} INFO - Không tìm thấy dữ liệu cho S74
[2025-10-07T12:38:27.940+0000] {logging_mixin.py:190} INFO - ℹ️ S74: Không có dữ liệu mới.
[2025-10-07T12:38:27.941+0000] {python.py:240} INFO - Done. Returned value was: None
[2025-10-07T12:38:27.950+0000] {taskinstance.py:341} INFO - ::group::Post task execution logs
[2025-10-07T12:38:27.950+0000] {taskinstance.py:353} INFO - Marking task as SUCCESS. dag_id=vnstock_weekly_etl_incremental, task_id=process_batch, run_id=manual__2025-10-07T10:43:54.222487+00:00, map_index=10, execution_date=20251007T104354, start_date=20251007T122901, end_date=20251007T123827
[2025-10-07T12:38:28.001+0000] {local_task_job_runner.py:266} INFO - Task exited with return code 0
[2025-10-07T12:38:28.137+0000] {taskinstance.py:3901} INFO - 0 downstream tasks scheduled from follow-on schedule check
[2025-10-07T12:38:28.139+0000] {local_task_job_runner.py:245} INFO - ::endgroup::
