[2025-10-07T10:36:22.439+0000] {local_task_job_runner.py:123} INFO - ::group::Pre task execution logs
[2025-10-07T10:36:22.614+0000] {taskinstance.py:2614} INFO - Dependencies all met for dep_context=non-requeueable deps ti=<TaskInstance: vnstock_weekly_etl_incremental.process_batch manual__2025-10-07T10:36:05.597506+00:00 map_index=9 [queued]>
[2025-10-07T10:36:22.748+0000] {taskinstance.py:2614} INFO - Dependencies all met for dep_context=requeueable deps ti=<TaskInstance: vnstock_weekly_etl_incremental.process_batch manual__2025-10-07T10:36:05.597506+00:00 map_index=9 [queued]>
[2025-10-07T10:36:22.755+0000] {taskinstance.py:2867} INFO - Starting attempt 1 of 3
[2025-10-07T10:36:22.813+0000] {taskinstance.py:2890} INFO - Executing <Mapped(_PythonDecoratedOperator): process_batch> on 2025-10-07 10:36:05.597506+00:00
[2025-10-07T10:36:22.897+0000] {logging_mixin.py:190} WARNING - /home/***/.local/lib/python3.12/site-packages/***/task/task_runner/standard_task_runner.py:70 DeprecationWarning: This process (pid=2681) is multi-threaded, use of fork() may lead to deadlocks in the child.
[2025-10-07T10:36:22.910+0000] {standard_task_runner.py:72} INFO - Started process 2884 to run task
[2025-10-07T10:36:22.919+0000] {standard_task_runner.py:104} INFO - Running: ['***', 'tasks', 'run', 'vnstock_weekly_etl_incremental', 'process_batch', 'manual__2025-10-07T10:36:05.597506+00:00', '--job-id', '92', '--raw', '--subdir', 'DAGS_FOLDER/dag.py', '--cfg-path', '/tmp/tmp18li9ccw', '--map-index', '9']
[2025-10-07T10:36:22.930+0000] {standard_task_runner.py:105} INFO - Job 92: Subtask process_batch
[2025-10-07T10:36:23.013+0000] {logging_mixin.py:190} WARNING - /home/***/.local/lib/python3.12/site-packages/***/settings.py:209 DeprecationWarning: The sql_alchemy_conn option in [core] has been moved to the sql_alchemy_conn option in [database] - the old setting has been used, but please update your config.
[2025-10-07T10:36:27.146+0000] {task_command.py:467} INFO - Running <TaskInstance: vnstock_weekly_etl_incremental.process_batch manual__2025-10-07T10:36:05.597506+00:00 map_index=9 [running]> on host e3278e0f0bbc
[2025-10-07T10:36:28.090+0000] {taskinstance.py:3134} INFO - Exporting env vars: AIRFLOW_CTX_DAG_OWNER='***' AIRFLOW_CTX_DAG_ID='vnstock_weekly_etl_incremental' AIRFLOW_CTX_TASK_ID='process_batch' AIRFLOW_CTX_EXECUTION_DATE='2025-10-07T10:36:05.597506+00:00' AIRFLOW_CTX_TRY_NUMBER='1' AIRFLOW_CTX_DAG_RUN_ID='manual__2025-10-07T10:36:05.597506+00:00'
[2025-10-07T10:36:28.110+0000] {taskinstance.py:732} INFO - ::endgroup::
[2025-10-07T10:36:28.148+0000] {logging_mixin.py:190} INFO - ⬇️ Xử lý symbol = SJF
[2025-10-07T10:36:28.696+0000] {logging_mixin.py:190} INFO - SJF: trích dữ liệu từ 2024-07-26 đến 2025-10-07
[2025-10-07T10:36:33.538+0000] {logging_mixin.py:190} INFO - Không tìm thấy dữ liệu cho SJF
[2025-10-07T10:36:33.541+0000] {logging_mixin.py:190} INFO - Không có dữ liệu mới cho SJF
[2025-10-07T10:36:35.541+0000] {logging_mixin.py:190} INFO - ⬇️ Xử lý symbol = SJE
[2025-10-07T10:36:35.575+0000] {logging_mixin.py:190} INFO - SJE: trích dữ liệu từ 2025-10-04 đến 2025-10-07
[2025-10-07T10:36:35.792+0000] {logging_mixin.py:190} INFO - Trích xuất 2 dòng mới cho SJE
[2025-10-07T10:36:35.806+0000] {logging_mixin.py:190} INFO - Append 2 dòng mới vào /opt/***/data/lake/SJE.csv
[2025-10-07T10:36:37.807+0000] {logging_mixin.py:190} INFO - ⬇️ Xử lý symbol = SJD
[2025-10-07T10:36:37.830+0000] {logging_mixin.py:190} INFO - SJD: trích dữ liệu từ 2025-10-04 đến 2025-10-07
[2025-10-07T10:36:38.979+0000] {logging_mixin.py:190} INFO - Trích xuất 2 dòng mới cho SJD
[2025-10-07T10:36:38.988+0000] {logging_mixin.py:190} INFO - Append 2 dòng mới vào /opt/***/data/lake/SJD.csv
[2025-10-07T10:36:40.989+0000] {logging_mixin.py:190} INFO - ⬇️ Xử lý symbol = SJC
[2025-10-07T10:36:41.058+0000] {logging_mixin.py:190} INFO - SJC: trích dữ liệu từ 2024-07-26 đến 2025-10-07
[2025-10-07T10:36:46.053+0000] {logging_mixin.py:190} INFO - Không tìm thấy dữ liệu cho SJC
[2025-10-07T10:36:46.055+0000] {logging_mixin.py:190} INFO - Không có dữ liệu mới cho SJC
[2025-10-07T10:36:48.056+0000] {logging_mixin.py:190} INFO - ⬇️ Xử lý symbol = SJ1
[2025-10-07T10:36:48.087+0000] {logging_mixin.py:190} INFO - SJ1: trích dữ liệu từ 2025-10-04 đến 2025-10-07
[2025-10-07T10:36:49.239+0000] {logging_mixin.py:190} INFO - Trích xuất 1 dòng mới cho SJ1
[2025-10-07T10:36:49.249+0000] {logging_mixin.py:190} INFO - Append 1 dòng mới vào /opt/***/data/lake/SJ1.csv
[2025-10-07T10:36:52.751+0000] {logging_mixin.py:190} INFO - ⚠️ Lỗi khi xử lý SIV: Bucket for item=vnstock with Rate limit=5/1.0m is already full
[2025-10-07T10:36:52.752+0000] {logging_mixin.py:190} INFO - ⚠️ Lỗi khi xử lý SIP: Bucket for item=vnstock with Rate limit=5/1.0m is already full
[2025-10-07T10:36:52.752+0000] {logging_mixin.py:190} INFO - ⚠️ Lỗi khi xử lý SII: Bucket for item=vnstock with Rate limit=5/1.0m is already full
[2025-10-07T10:36:52.753+0000] {logging_mixin.py:190} INFO - ⚠️ Lỗi khi xử lý SIG: Bucket for item=vnstock with Rate limit=5/1.0m is already full
[2025-10-07T10:36:52.754+0000] {logging_mixin.py:190} INFO - ⚠️ Lỗi khi xử lý SID: Bucket for item=vnstock with Rate limit=5/1.0m is already full
[2025-10-07T10:36:52.754+0000] {logging_mixin.py:190} INFO - ⚠️ Lỗi khi xử lý SIC: Bucket for item=vnstock with Rate limit=5/1.0m is already full
[2025-10-07T10:36:52.755+0000] {logging_mixin.py:190} INFO - ⚠️ Lỗi khi xử lý SHX: Bucket for item=vnstock with Rate limit=5/1.0m is already full
[2025-10-07T10:36:52.756+0000] {logging_mixin.py:190} INFO - ⚠️ Lỗi khi xử lý SHS: Bucket for item=vnstock with Rate limit=5/1.0m is already full
[2025-10-07T10:36:52.756+0000] {logging_mixin.py:190} INFO - ⚠️ Lỗi khi xử lý SHP: Bucket for item=vnstock with Rate limit=5/1.0m is already full
[2025-10-07T10:36:52.757+0000] {logging_mixin.py:190} INFO - ⚠️ Lỗi khi xử lý SHN: Bucket for item=vnstock with Rate limit=5/1.0m is already full
[2025-10-07T10:36:52.757+0000] {logging_mixin.py:190} INFO - ⚠️ Lỗi khi xử lý SHI: Bucket for item=vnstock with Rate limit=5/1.0m is already full
[2025-10-07T10:36:52.758+0000] {logging_mixin.py:190} INFO - ⚠️ Lỗi khi xử lý SHG: Bucket for item=vnstock with Rate limit=5/1.0m is already full
[2025-10-07T10:36:52.759+0000] {logging_mixin.py:190} INFO - ⚠️ Lỗi khi xử lý SHE: Bucket for item=vnstock with Rate limit=5/1.0m is already full
[2025-10-07T10:36:52.760+0000] {logging_mixin.py:190} INFO - ⚠️ Lỗi khi xử lý SHC: Bucket for item=vnstock with Rate limit=5/1.0m is already full
[2025-10-07T10:36:52.761+0000] {logging_mixin.py:190} INFO - ⚠️ Lỗi khi xử lý SHB: Bucket for item=vnstock with Rate limit=5/1.0m is already full
[2025-10-07T10:36:52.762+0000] {logging_mixin.py:190} INFO - ⚠️ Lỗi khi xử lý SHA: Bucket for item=vnstock with Rate limit=5/1.0m is already full
[2025-10-07T10:36:52.763+0000] {logging_mixin.py:190} INFO - ⚠️ Lỗi khi xử lý SGT: Bucket for item=vnstock with Rate limit=5/1.0m is already full
[2025-10-07T10:36:52.764+0000] {logging_mixin.py:190} INFO - ⚠️ Lỗi khi xử lý SGS: Bucket for item=vnstock with Rate limit=5/1.0m is already full
[2025-10-07T10:36:52.764+0000] {logging_mixin.py:190} INFO - ⚠️ Lỗi khi xử lý SGR: Bucket for item=vnstock with Rate limit=5/1.0m is already full
[2025-10-07T10:36:52.765+0000] {logging_mixin.py:190} INFO - ⚠️ Lỗi khi xử lý SGP: Bucket for item=vnstock with Rate limit=5/1.0m is already full
[2025-10-07T10:36:52.765+0000] {logging_mixin.py:190} INFO - ⚠️ Lỗi khi xử lý SGO: Bucket for item=vnstock with Rate limit=5/1.0m is already full
[2025-10-07T10:36:52.766+0000] {logging_mixin.py:190} INFO - ⚠️ Lỗi khi xử lý SGN: Bucket for item=vnstock with Rate limit=5/1.0m is already full
[2025-10-07T10:36:52.766+0000] {logging_mixin.py:190} INFO - ⚠️ Lỗi khi xử lý SGI: Bucket for item=vnstock with Rate limit=5/1.0m is already full
[2025-10-07T10:36:52.767+0000] {logging_mixin.py:190} INFO - ⚠️ Lỗi khi xử lý SGH: Bucket for item=vnstock with Rate limit=5/1.0m is already full
[2025-10-07T10:36:52.767+0000] {logging_mixin.py:190} INFO - ⚠️ Lỗi khi xử lý SGD: Bucket for item=vnstock with Rate limit=5/1.0m is already full
[2025-10-07T10:36:52.769+0000] {logging_mixin.py:190} INFO - ⚠️ Lỗi khi xử lý SGC: Bucket for item=vnstock with Rate limit=5/1.0m is already full
[2025-10-07T10:36:52.770+0000] {logging_mixin.py:190} INFO - ⚠️ Lỗi khi xử lý SGB: Bucket for item=vnstock with Rate limit=5/1.0m is already full
[2025-10-07T10:36:52.771+0000] {logging_mixin.py:190} INFO - ⚠️ Lỗi khi xử lý SFN: Bucket for item=vnstock with Rate limit=5/1.0m is already full
[2025-10-07T10:36:52.771+0000] {logging_mixin.py:190} INFO - ⚠️ Lỗi khi xử lý SFI: Bucket for item=vnstock with Rate limit=5/1.0m is already full
[2025-10-07T10:36:52.772+0000] {logging_mixin.py:190} INFO - ⚠️ Lỗi khi xử lý SFG: Bucket for item=vnstock with Rate limit=5/1.0m is already full
[2025-10-07T10:36:52.772+0000] {logging_mixin.py:190} INFO - ⚠️ Lỗi khi xử lý SFC: Bucket for item=vnstock with Rate limit=5/1.0m is already full
[2025-10-07T10:36:52.773+0000] {logging_mixin.py:190} INFO - ⚠️ Lỗi khi xử lý SEP: Bucket for item=vnstock with Rate limit=5/1.0m is already full
[2025-10-07T10:36:52.773+0000] {logging_mixin.py:190} INFO - ⚠️ Lỗi khi xử lý SED: Bucket for item=vnstock with Rate limit=5/1.0m is already full
[2025-10-07T10:36:52.774+0000] {logging_mixin.py:190} INFO - ⚠️ Lỗi khi xử lý SEB: Bucket for item=vnstock with Rate limit=5/1.0m is already full
[2025-10-07T10:36:52.774+0000] {logging_mixin.py:190} INFO - ⚠️ Lỗi khi xử lý SEA: Bucket for item=vnstock with Rate limit=5/1.0m is already full
[2025-10-07T10:36:52.775+0000] {logging_mixin.py:190} INFO - ⚠️ Lỗi khi xử lý SDY: Bucket for item=vnstock with Rate limit=5/1.0m is already full
[2025-10-07T10:36:52.775+0000] {logging_mixin.py:190} INFO - ⚠️ Lỗi khi xử lý SDX: Bucket for item=vnstock with Rate limit=5/1.0m is already full
[2025-10-07T10:36:52.776+0000] {logging_mixin.py:190} INFO - ⚠️ Lỗi khi xử lý SDV: Bucket for item=vnstock with Rate limit=5/1.0m is already full
[2025-10-07T10:36:52.777+0000] {logging_mixin.py:190} INFO - ⚠️ Lỗi khi xử lý SDU: Bucket for item=vnstock with Rate limit=5/1.0m is already full
[2025-10-07T10:36:52.777+0000] {logging_mixin.py:190} INFO - ⚠️ Lỗi khi xử lý SDT: Bucket for item=vnstock with Rate limit=5/1.0m is already full
[2025-10-07T10:36:52.778+0000] {logging_mixin.py:190} INFO - ⚠️ Lỗi khi xử lý SDP: Bucket for item=vnstock with Rate limit=5/1.0m is already full
[2025-10-07T10:36:52.779+0000] {logging_mixin.py:190} INFO - ⚠️ Lỗi khi xử lý SDN: Bucket for item=vnstock with Rate limit=5/1.0m is already full
[2025-10-07T10:36:52.779+0000] {logging_mixin.py:190} INFO - ⚠️ Lỗi khi xử lý SDK: Bucket for item=vnstock with Rate limit=5/1.0m is already full
[2025-10-07T10:36:52.780+0000] {logging_mixin.py:190} INFO - ⚠️ Lỗi khi xử lý SDJ: Bucket for item=vnstock with Rate limit=5/1.0m is already full
[2025-10-07T10:36:52.780+0000] {logging_mixin.py:190} INFO - ⚠️ Lỗi khi xử lý SDH: Bucket for item=vnstock with Rate limit=5/1.0m is already full
[2025-10-07T10:36:52.781+0000] {python.py:240} INFO - Done. Returned value was: None
[2025-10-07T10:36:52.795+0000] {taskinstance.py:341} INFO - ::group::Post task execution logs
[2025-10-07T10:36:52.796+0000] {taskinstance.py:353} INFO - Marking task as SUCCESS. dag_id=vnstock_weekly_etl_incremental, task_id=process_batch, run_id=manual__2025-10-07T10:36:05.597506+00:00, map_index=9, execution_date=20251007T103605, start_date=20251007T103622, end_date=20251007T103652
[2025-10-07T10:36:52.867+0000] {local_task_job_runner.py:266} INFO - Task exited with return code 0
[2025-10-07T10:36:52.892+0000] {taskinstance.py:3901} INFO - 0 downstream tasks scheduled from follow-on schedule check
[2025-10-07T10:36:52.894+0000] {local_task_job_runner.py:245} INFO - ::endgroup::
