[2025-10-07T13:07:11.107+0000] {local_task_job_runner.py:123} INFO - ::group::Pre task execution logs
[2025-10-07T13:07:11.128+0000] {taskinstance.py:2614} INFO - Dependencies all met for dep_context=non-requeueable deps ti=<TaskInstance: vnstock_weekly_etl_incremental.process_batch manual__2025-10-07T10:43:54.222487+00:00 map_index=25 [queued]>
[2025-10-07T13:07:11.143+0000] {taskinstance.py:2614} INFO - Dependencies all met for dep_context=requeueable deps ti=<TaskInstance: vnstock_weekly_etl_incremental.process_batch manual__2025-10-07T10:43:54.222487+00:00 map_index=25 [queued]>
[2025-10-07T13:07:11.144+0000] {taskinstance.py:2867} INFO - Starting attempt 1 of 3
[2025-10-07T13:07:11.155+0000] {taskinstance.py:2890} INFO - Executing <Mapped(_PythonDecoratedOperator): process_batch> on 2025-10-07 10:43:54.222487+00:00
[2025-10-07T13:07:11.165+0000] {logging_mixin.py:190} WARNING - /home/***/.local/lib/python3.12/site-packages/***/task/task_runner/standard_task_runner.py:70 DeprecationWarning: This process (pid=15518) is multi-threaded, use of fork() may lead to deadlocks in the child.
[2025-10-07T13:07:11.166+0000] {standard_task_runner.py:72} INFO - Started process 15542 to run task
[2025-10-07T13:07:11.166+0000] {standard_task_runner.py:104} INFO - Running: ['***', 'tasks', 'run', 'vnstock_weekly_etl_incremental', 'process_batch', 'manual__2025-10-07T10:43:54.222487+00:00', '--job-id', '184', '--raw', '--subdir', 'DAGS_FOLDER/dag.py', '--cfg-path', '/tmp/tmpekd1v5n_', '--map-index', '25']
[2025-10-07T13:07:11.168+0000] {standard_task_runner.py:105} INFO - Job 184: Subtask process_batch
[2025-10-07T13:07:11.196+0000] {logging_mixin.py:190} WARNING - /home/***/.local/lib/python3.12/site-packages/***/settings.py:209 DeprecationWarning: The sql_alchemy_conn option in [core] has been moved to the sql_alchemy_conn option in [database] - the old setting has been used, but please update your config.
[2025-10-07T13:07:11.238+0000] {task_command.py:467} INFO - Running <TaskInstance: vnstock_weekly_etl_incremental.process_batch manual__2025-10-07T10:43:54.222487+00:00 map_index=25 [running]> on host e3278e0f0bbc
[2025-10-07T13:07:11.500+0000] {taskinstance.py:3134} INFO - Exporting env vars: AIRFLOW_CTX_DAG_OWNER='***' AIRFLOW_CTX_DAG_ID='vnstock_weekly_etl_incremental' AIRFLOW_CTX_TASK_ID='process_batch' AIRFLOW_CTX_EXECUTION_DATE='2025-10-07T10:43:54.222487+00:00' AIRFLOW_CTX_TRY_NUMBER='1' AIRFLOW_CTX_DAG_RUN_ID='manual__2025-10-07T10:43:54.222487+00:00'
[2025-10-07T13:07:11.501+0000] {taskinstance.py:732} INFO - ::endgroup::
[2025-10-07T13:07:11.503+0000] {logging_mixin.py:190} INFO - ⬇️ Bắt đầu xử lý symbol = FCC
[2025-10-07T13:07:11.514+0000] {logging_mixin.py:190} INFO - ⚠️ Không đọc được file cũ FCC: 'date'
[2025-10-07T13:07:11.524+0000] {logging_mixin.py:190} INFO - FCC: trích dữ liệu từ 2025-07-05 đến 2025-10-07
[2025-10-07T13:07:16.153+0000] {logging_mixin.py:190} INFO - Không tìm thấy dữ liệu cho FCC
[2025-10-07T13:07:16.154+0000] {logging_mixin.py:190} INFO - ℹ️ FCC: Không có dữ liệu mới.
[2025-10-07T13:07:16.155+0000] {logging_mixin.py:190} INFO - ⬇️ Bắt đầu xử lý symbol = FBC
[2025-10-07T13:07:16.162+0000] {logging_mixin.py:190} INFO - ⚠️ Không đọc được file cũ FBC: 'date'
[2025-10-07T13:07:16.169+0000] {logging_mixin.py:190} INFO - FBC: trích dữ liệu từ 2024-07-26 đến 2025-10-07
[2025-10-07T13:07:20.804+0000] {logging_mixin.py:190} INFO - Không tìm thấy dữ liệu cho FBC
[2025-10-07T13:07:20.806+0000] {logging_mixin.py:190} INFO - ℹ️ FBC: Không có dữ liệu mới.
[2025-10-07T13:07:20.806+0000] {logging_mixin.py:190} INFO - ⬇️ Bắt đầu xử lý symbol = FBA
[2025-10-07T13:07:20.813+0000] {logging_mixin.py:190} INFO - ⚠️ Không đọc được file cũ FBA: 'date'
[2025-10-07T13:07:20.822+0000] {logging_mixin.py:190} INFO - FBA: trích dữ liệu từ 2024-07-26 đến 2025-10-07
[2025-10-07T13:07:25.474+0000] {logging_mixin.py:190} INFO - Không tìm thấy dữ liệu cho FBA
[2025-10-07T13:07:25.475+0000] {logging_mixin.py:190} INFO - ℹ️ FBA: Không có dữ liệu mới.
[2025-10-07T13:07:25.476+0000] {logging_mixin.py:190} INFO - ⬇️ Bắt đầu xử lý symbol = F88
[2025-10-07T13:07:25.482+0000] {logging_mixin.py:190} INFO - ⚠️ Không đọc được file cũ F88: 'date'
[2025-10-07T13:07:25.487+0000] {logging_mixin.py:190} INFO - F88: trích dữ liệu từ 2025-10-08 đến 2025-10-07
[2025-10-07T13:07:30.039+0000] {logging_mixin.py:190} INFO - Không tìm thấy dữ liệu cho F88
[2025-10-07T13:07:30.040+0000] {logging_mixin.py:190} INFO - ℹ️ F88: Không có dữ liệu mới.
[2025-10-07T13:07:30.041+0000] {logging_mixin.py:190} INFO - ⬇️ Bắt đầu xử lý symbol = EVS
[2025-10-07T13:07:30.050+0000] {logging_mixin.py:190} INFO - ⚠️ Không đọc được file cũ EVS: 'date'
[2025-10-07T13:07:30.059+0000] {logging_mixin.py:190} INFO - EVS: trích dữ liệu từ 2025-10-08 đến 2025-10-07
[2025-10-07T13:07:34.902+0000] {logging_mixin.py:190} INFO - Không tìm thấy dữ liệu cho EVS
[2025-10-07T13:07:34.904+0000] {logging_mixin.py:190} INFO - ℹ️ EVS: Không có dữ liệu mới.
[2025-10-07T13:07:34.904+0000] {logging_mixin.py:190} INFO - 🚦 Giới hạn API đạt mức tối đa, chờ 36.6s...
[2025-10-07T13:08:11.379+0000] {logging_mixin.py:190} INFO - ⬇️ Bắt đầu xử lý symbol = EVG
[2025-10-07T13:08:11.389+0000] {logging_mixin.py:190} INFO - ⚠️ Không đọc được file cũ EVG: 'date'
[2025-10-07T13:08:11.396+0000] {logging_mixin.py:190} INFO - EVG: trích dữ liệu từ 2025-10-04 đến 2025-10-07
[2025-10-07T13:08:11.540+0000] {logging_mixin.py:190} INFO - Trích xuất 2 dòng mới cho EVG
[2025-10-07T13:08:11.548+0000] {logging_mixin.py:190} INFO - Append 2 dòng mới vào /opt/***/data/lake/EVG.csv
[2025-10-07T13:08:11.549+0000] {logging_mixin.py:190} INFO - ✅ Hoàn tất EVG, thêm 2 dòng mới.
[2025-10-07T13:08:13.550+0000] {logging_mixin.py:190} INFO - 🚦 Giới hạn API đạt mức tối đa, chờ 2.6s...
[2025-10-07T13:08:16.157+0000] {logging_mixin.py:190} INFO - ⬇️ Bắt đầu xử lý symbol = EVF
[2025-10-07T13:08:16.175+0000] {logging_mixin.py:190} INFO - ⚠️ Không đọc được file cũ EVF: 'date'
[2025-10-07T13:08:16.183+0000] {logging_mixin.py:190} INFO - EVF: trích dữ liệu từ 2025-10-04 đến 2025-10-07
[2025-10-07T13:08:16.389+0000] {logging_mixin.py:190} INFO - Trích xuất 2 dòng mới cho EVF
[2025-10-07T13:08:16.396+0000] {logging_mixin.py:190} INFO - Append 2 dòng mới vào /opt/***/data/lake/EVF.csv
[2025-10-07T13:08:16.397+0000] {logging_mixin.py:190} INFO - ✅ Hoàn tất EVF, thêm 2 dòng mới.
[2025-10-07T13:08:18.398+0000] {logging_mixin.py:190} INFO - 🚦 Giới hạn API đạt mức tối đa, chờ 2.4s...
[2025-10-07T13:08:20.807+0000] {logging_mixin.py:190} INFO - ⬇️ Bắt đầu xử lý symbol = EVE
[2025-10-07T13:08:20.814+0000] {logging_mixin.py:190} INFO - ⚠️ Không đọc được file cũ EVE: 'date'
[2025-10-07T13:08:20.822+0000] {logging_mixin.py:190} INFO - EVE: trích dữ liệu từ 2025-10-04 đến 2025-10-07
[2025-10-07T13:08:21.419+0000] {logging_mixin.py:190} INFO - Trích xuất 2 dòng mới cho EVE
[2025-10-07T13:08:21.426+0000] {logging_mixin.py:190} INFO - Append 2 dòng mới vào /opt/***/data/lake/EVE.csv
[2025-10-07T13:08:21.426+0000] {logging_mixin.py:190} INFO - ✅ Hoàn tất EVE, thêm 2 dòng mới.
[2025-10-07T13:08:23.427+0000] {logging_mixin.py:190} INFO - 🚦 Giới hạn API đạt mức tối đa, chờ 2.0s...
[2025-10-07T13:08:25.477+0000] {logging_mixin.py:190} INFO - ⬇️ Bắt đầu xử lý symbol = EPH
[2025-10-07T13:08:25.493+0000] {logging_mixin.py:190} INFO - ⚠️ Không đọc được file cũ EPH: 'date'
[2025-10-07T13:08:25.502+0000] {logging_mixin.py:190} INFO - EPH: trích dữ liệu từ 2025-05-27 đến 2025-10-07
[2025-10-07T13:08:30.011+0000] {logging_mixin.py:190} INFO - Không tìm thấy dữ liệu cho EPH
[2025-10-07T13:08:30.012+0000] {logging_mixin.py:190} INFO - ℹ️ EPH: Không có dữ liệu mới.
[2025-10-07T13:08:30.012+0000] {logging_mixin.py:190} INFO - 🚦 Giới hạn API đạt mức tối đa, chờ 0.0s...
[2025-10-07T13:08:30.041+0000] {logging_mixin.py:190} INFO - ⬇️ Bắt đầu xử lý symbol = EPC
[2025-10-07T13:08:30.050+0000] {logging_mixin.py:190} INFO - ⚠️ Không đọc được file cũ EPC: 'date'
[2025-10-07T13:08:30.057+0000] {logging_mixin.py:190} INFO - EPC: trích dữ liệu từ 2025-10-02 đến 2025-10-07
[2025-10-07T13:08:34.535+0000] {logging_mixin.py:190} INFO - Không tìm thấy dữ liệu cho EPC
[2025-10-07T13:08:34.536+0000] {logging_mixin.py:190} INFO - ℹ️ EPC: Không có dữ liệu mới.
[2025-10-07T13:08:34.537+0000] {logging_mixin.py:190} INFO - 🚦 Giới hạn API đạt mức tối đa, chờ 36.8s...
[2025-10-07T13:09:11.264+0000] {logging_mixin.py:190} INFO - ⬇️ Bắt đầu xử lý symbol = EMS
[2025-10-07T13:09:11.273+0000] {logging_mixin.py:190} INFO - ⚠️ Không đọc được file cũ EMS: 'date'
[2025-10-07T13:09:11.285+0000] {logging_mixin.py:190} INFO - EMS: trích dữ liệu từ 2025-10-03 đến 2025-10-07
[2025-10-07T13:09:11.465+0000] {logging_mixin.py:190} INFO - Trích xuất 2 dòng mới cho EMS
[2025-10-07T13:09:11.472+0000] {logging_mixin.py:190} INFO - Append 2 dòng mới vào /opt/***/data/lake/EMS.csv
[2025-10-07T13:09:11.473+0000] {logging_mixin.py:190} INFO - ✅ Hoàn tất EMS, thêm 2 dòng mới.
[2025-10-07T13:09:13.474+0000] {logging_mixin.py:190} INFO - 🚦 Giới hạn API đạt mức tối đa, chờ 2.7s...
[2025-10-07T13:09:16.158+0000] {logging_mixin.py:190} INFO - ⬇️ Bắt đầu xử lý symbol = EMG
[2025-10-07T13:09:16.166+0000] {logging_mixin.py:190} INFO - ⚠️ Không đọc được file cũ EMG: 'date'
[2025-10-07T13:09:16.172+0000] {logging_mixin.py:190} INFO - EMG: trích dữ liệu từ 2025-10-04 đến 2025-10-07
[2025-10-07T13:09:20.893+0000] {logging_mixin.py:190} INFO - Không tìm thấy dữ liệu cho EMG
[2025-10-07T13:09:20.895+0000] {logging_mixin.py:190} INFO - ℹ️ EMG: Không có dữ liệu mới.
[2025-10-07T13:09:20.895+0000] {logging_mixin.py:190} INFO - ⬇️ Bắt đầu xử lý symbol = EME
[2025-10-07T13:09:20.905+0000] {logging_mixin.py:190} INFO - ⚠️ Không đọc được file cũ EME: 'date'
[2025-10-07T13:09:20.912+0000] {logging_mixin.py:190} INFO - EME: trích dữ liệu từ 2025-10-01 đến 2025-10-07
[2025-10-07T13:09:25.421+0000] {logging_mixin.py:190} INFO - Không tìm thấy dữ liệu cho EME
[2025-10-07T13:09:25.423+0000] {logging_mixin.py:190} INFO - ℹ️ EME: Không có dữ liệu mới.
[2025-10-07T13:09:25.424+0000] {logging_mixin.py:190} INFO - 🚦 Giới hạn API đạt mức tối đa, chờ 0.1s...
[2025-10-07T13:09:25.478+0000] {logging_mixin.py:190} INFO - ⬇️ Bắt đầu xử lý symbol = EMC
[2025-10-07T13:09:25.487+0000] {logging_mixin.py:190} INFO - ⚠️ Không đọc được file cũ EMC: 'date'
[2025-10-07T13:09:25.527+0000] {logging_mixin.py:190} INFO - EMC: trích dữ liệu từ 2023-07-14 đến 2025-10-07
[2025-10-07T13:09:30.003+0000] {logging_mixin.py:190} INFO - Không tìm thấy dữ liệu cho EMC
[2025-10-07T13:09:30.004+0000] {logging_mixin.py:190} INFO - ℹ️ EMC: Không có dữ liệu mới.
[2025-10-07T13:09:30.005+0000] {logging_mixin.py:190} INFO - 🚦 Giới hạn API đạt mức tối đa, chờ 0.0s...
[2025-10-07T13:09:30.042+0000] {logging_mixin.py:190} INFO - ⬇️ Bắt đầu xử lý symbol = ELC
[2025-10-07T13:09:30.057+0000] {logging_mixin.py:190} INFO - ⚠️ Không đọc được file cũ ELC: 'date'
[2025-10-07T13:09:30.065+0000] {logging_mixin.py:190} INFO - ELC: trích dữ liệu từ 2025-10-04 đến 2025-10-07
[2025-10-07T13:09:30.405+0000] {logging_mixin.py:190} INFO - Trích xuất 2 dòng mới cho ELC
[2025-10-07T13:09:30.411+0000] {logging_mixin.py:190} INFO - Append 2 dòng mới vào /opt/***/data/lake/ELC.csv
[2025-10-07T13:09:30.411+0000] {logging_mixin.py:190} INFO - ✅ Hoàn tất ELC, thêm 2 dòng mới.
[2025-10-07T13:09:32.412+0000] {logging_mixin.py:190} INFO - 🚦 Giới hạn API đạt mức tối đa, chờ 38.9s...
[2025-10-07T13:10:11.137+0000] {logging_mixin.py:190} INFO - ⬇️ Bắt đầu xử lý symbol = EIN
[2025-10-07T13:10:11.152+0000] {logging_mixin.py:190} INFO - ⚠️ Không đọc được file cũ EIN: 'date'
[2025-10-07T13:10:11.160+0000] {logging_mixin.py:190} INFO - EIN: trích dữ liệu từ 2025-10-04 đến 2025-10-07
[2025-10-07T13:10:11.344+0000] {logging_mixin.py:190} INFO - Trích xuất 1 dòng mới cho EIN
[2025-10-07T13:10:11.351+0000] {logging_mixin.py:190} INFO - Append 1 dòng mới vào /opt/***/data/lake/EIN.csv
[2025-10-07T13:10:11.352+0000] {logging_mixin.py:190} INFO - ✅ Hoàn tất EIN, thêm 1 dòng mới.
[2025-10-07T13:10:13.353+0000] {logging_mixin.py:190} INFO - 🚦 Giới hạn API đạt mức tối đa, chờ 2.8s...
[2025-10-07T13:10:16.159+0000] {logging_mixin.py:190} INFO - ⬇️ Bắt đầu xử lý symbol = EID
[2025-10-07T13:10:16.168+0000] {logging_mixin.py:190} INFO - ⚠️ Không đọc được file cũ EID: 'date'
[2025-10-07T13:10:16.175+0000] {logging_mixin.py:190} INFO - EID: trích dữ liệu từ 2025-10-04 đến 2025-10-07
[2025-10-07T13:10:16.437+0000] {logging_mixin.py:190} INFO - Trích xuất 2 dòng mới cho EID
[2025-10-07T13:10:16.444+0000] {logging_mixin.py:190} INFO - Append 2 dòng mới vào /opt/***/data/lake/EID.csv
[2025-10-07T13:10:16.444+0000] {logging_mixin.py:190} INFO - ✅ Hoàn tất EID, thêm 2 dòng mới.
[2025-10-07T13:10:18.445+0000] {logging_mixin.py:190} INFO - 🚦 Giới hạn API đạt mức tối đa, chờ 2.4s...
[2025-10-07T13:10:20.897+0000] {logging_mixin.py:190} INFO - ⬇️ Bắt đầu xử lý symbol = EIC
[2025-10-07T13:10:20.904+0000] {logging_mixin.py:190} INFO - ⚠️ Không đọc được file cũ EIC: 'date'
[2025-10-07T13:10:20.910+0000] {logging_mixin.py:190} INFO - EIC: trích dữ liệu từ 2025-10-04 đến 2025-10-07
[2025-10-07T13:10:21.127+0000] {logging_mixin.py:190} INFO - Trích xuất 1 dòng mới cho EIC
[2025-10-07T13:10:21.133+0000] {logging_mixin.py:190} INFO - Append 1 dòng mới vào /opt/***/data/lake/EIC.csv
[2025-10-07T13:10:21.134+0000] {logging_mixin.py:190} INFO - ✅ Hoàn tất EIC, thêm 1 dòng mới.
[2025-10-07T13:10:23.134+0000] {logging_mixin.py:190} INFO - 🚦 Giới hạn API đạt mức tối đa, chờ 2.3s...
[2025-10-07T13:10:25.480+0000] {logging_mixin.py:190} INFO - ⬇️ Bắt đầu xử lý symbol = EIB
[2025-10-07T13:10:25.488+0000] {logging_mixin.py:190} INFO - ⚠️ Không đọc được file cũ EIB: 'date'
[2025-10-07T13:10:25.496+0000] {logging_mixin.py:190} INFO - EIB: trích dữ liệu từ 2025-10-04 đến 2025-10-07
[2025-10-07T13:10:25.711+0000] {logging_mixin.py:190} INFO - Trích xuất 2 dòng mới cho EIB
[2025-10-07T13:10:25.717+0000] {logging_mixin.py:190} INFO - Append 2 dòng mới vào /opt/***/data/lake/EIB.csv
[2025-10-07T13:10:25.718+0000] {logging_mixin.py:190} INFO - ✅ Hoàn tất EIB, thêm 2 dòng mới.
[2025-10-07T13:10:27.719+0000] {logging_mixin.py:190} INFO - 🚦 Giới hạn API đạt mức tối đa, chờ 2.3s...
[2025-10-07T13:10:29.920+0000] {logging_mixin.py:190} INFO - ⬇️ Bắt đầu xử lý symbol = EFI
[2025-10-07T13:10:29.935+0000] {logging_mixin.py:190} INFO - ⚠️ Không đọc được file cũ EFI: 'date'
[2025-10-07T13:10:29.942+0000] {logging_mixin.py:190} INFO - EFI: trích dữ liệu từ 2025-10-04 đến 2025-10-07
[2025-10-07T13:10:30.134+0000] {logging_mixin.py:190} INFO - Trích xuất 2 dòng mới cho EFI
[2025-10-07T13:10:30.139+0000] {logging_mixin.py:190} INFO - Append 2 dòng mới vào /opt/***/data/lake/EFI.csv
[2025-10-07T13:10:30.139+0000] {logging_mixin.py:190} INFO - ✅ Hoàn tất EFI, thêm 2 dòng mới.
[2025-10-07T13:10:32.140+0000] {logging_mixin.py:190} INFO - 🚦 Giới hạn API đạt mức tối đa, chờ 39.0s...
[2025-10-07T13:11:11.050+0000] {logging_mixin.py:190} INFO - ⬇️ Bắt đầu xử lý symbol = ECO
[2025-10-07T13:11:11.057+0000] {logging_mixin.py:190} INFO - ⚠️ Không đọc được file cũ ECO: 'date'
[2025-10-07T13:11:11.062+0000] {logging_mixin.py:190} INFO - ECO: trích dữ liệu từ 2025-10-04 đến 2025-10-07
[2025-10-07T13:11:11.357+0000] {logging_mixin.py:190} INFO - Trích xuất 2 dòng mới cho ECO
[2025-10-07T13:11:11.375+0000] {logging_mixin.py:190} INFO - Append 2 dòng mới vào /opt/***/data/lake/ECO.csv
[2025-10-07T13:11:11.375+0000] {logging_mixin.py:190} INFO - ✅ Hoàn tất ECO, thêm 2 dòng mới.
[2025-10-07T13:11:13.376+0000] {logging_mixin.py:190} INFO - 🚦 Giới hạn API đạt mức tối đa, chờ 2.8s...
[2025-10-07T13:11:16.161+0000] {logging_mixin.py:190} INFO - ⬇️ Bắt đầu xử lý symbol = ECI
[2025-10-07T13:11:16.172+0000] {logging_mixin.py:190} INFO - ⚠️ Không đọc được file cũ ECI: 'date'
[2025-10-07T13:11:16.191+0000] {logging_mixin.py:190} INFO - ECI: trích dữ liệu từ 2025-10-01 đến 2025-10-07
[2025-10-07T13:11:16.792+0000] {logging_mixin.py:190} INFO - Trích xuất 2 dòng mới cho ECI
[2025-10-07T13:11:16.799+0000] {logging_mixin.py:190} INFO - Append 2 dòng mới vào /opt/***/data/lake/ECI.csv
[2025-10-07T13:11:16.799+0000] {logging_mixin.py:190} INFO - ✅ Hoàn tất ECI, thêm 2 dòng mới.
[2025-10-07T13:11:18.800+0000] {logging_mixin.py:190} INFO - 🚦 Giới hạn API đạt mức tối đa, chờ 2.1s...
[2025-10-07T13:11:20.897+0000] {logging_mixin.py:190} INFO - ⬇️ Bắt đầu xử lý symbol = EBS
[2025-10-07T13:11:20.905+0000] {logging_mixin.py:190} INFO - ⚠️ Không đọc được file cũ EBS: 'date'
[2025-10-07T13:11:20.912+0000] {logging_mixin.py:190} INFO - EBS: trích dữ liệu từ 2025-10-04 đến 2025-10-07
[2025-10-07T13:11:21.151+0000] {logging_mixin.py:190} INFO - Trích xuất 1 dòng mới cho EBS
[2025-10-07T13:11:21.163+0000] {logging_mixin.py:190} INFO - Append 1 dòng mới vào /opt/***/data/lake/EBS.csv
[2025-10-07T13:11:21.164+0000] {logging_mixin.py:190} INFO - ✅ Hoàn tất EBS, thêm 1 dòng mới.
[2025-10-07T13:11:23.165+0000] {logging_mixin.py:190} INFO - 🚦 Giới hạn API đạt mức tối đa, chờ 2.3s...
[2025-10-07T13:11:25.481+0000] {logging_mixin.py:190} INFO - ⬇️ Bắt đầu xử lý symbol = EAD
[2025-10-07T13:11:25.489+0000] {logging_mixin.py:190} INFO - ⚠️ Không đọc được file cũ EAD: 'date'
[2025-10-07T13:11:25.495+0000] {logging_mixin.py:190} INFO - EAD: trích dữ liệu từ 2022-06-21 đến 2025-10-07
[2025-10-07T13:11:29.905+0000] {logging_mixin.py:190} INFO - Không tìm thấy dữ liệu cho EAD
[2025-10-07T13:11:29.906+0000] {logging_mixin.py:190} INFO - ℹ️ EAD: Không có dữ liệu mới.
[2025-10-07T13:11:29.906+0000] {logging_mixin.py:190} INFO - 🚦 Giới hạn API đạt mức tối đa, chờ 0.0s...
[2025-10-07T13:11:29.920+0000] {logging_mixin.py:190} INFO - ⬇️ Bắt đầu xử lý symbol = E29
[2025-10-07T13:11:29.937+0000] {logging_mixin.py:190} INFO - ⚠️ Không đọc được file cũ E29: 'date'
[2025-10-07T13:11:29.945+0000] {logging_mixin.py:190} INFO - E29: trích dữ liệu từ 2025-10-01 đến 2025-10-07
[2025-10-07T13:11:34.845+0000] {logging_mixin.py:190} INFO - Không tìm thấy dữ liệu cho E29
[2025-10-07T13:11:34.847+0000] {logging_mixin.py:190} INFO - ℹ️ E29: Không có dữ liệu mới.
[2025-10-07T13:11:34.847+0000] {logging_mixin.py:190} INFO - 🚦 Giới hạn API đạt mức tối đa, chờ 36.2s...
[2025-10-07T13:12:10.935+0000] {logging_mixin.py:190} INFO - ⬇️ Bắt đầu xử lý symbol = E12
[2025-10-07T13:12:10.943+0000] {logging_mixin.py:190} INFO - ⚠️ Không đọc được file cũ E12: 'date'
[2025-10-07T13:12:10.950+0000] {logging_mixin.py:190} INFO - E12: trích dữ liệu từ 2025-10-04 đến 2025-10-07
[2025-10-07T13:12:11.235+0000] {logging_mixin.py:190} INFO - Trích xuất 1 dòng mới cho E12
[2025-10-07T13:12:11.243+0000] {logging_mixin.py:190} INFO - Append 1 dòng mới vào /opt/***/data/lake/E12.csv
[2025-10-07T13:12:11.244+0000] {logging_mixin.py:190} INFO - ✅ Hoàn tất E12, thêm 1 dòng mới.
[2025-10-07T13:12:13.245+0000] {logging_mixin.py:190} INFO - 🚦 Giới hạn API đạt mức tối đa, chờ 2.9s...
[2025-10-07T13:12:16.162+0000] {logging_mixin.py:190} INFO - ⬇️ Bắt đầu xử lý symbol = DZM
[2025-10-07T13:12:16.185+0000] {logging_mixin.py:190} INFO - ⚠️ Không đọc được file cũ DZM: 'date'
[2025-10-07T13:12:16.200+0000] {logging_mixin.py:190} INFO - DZM: trích dữ liệu từ 2024-07-26 đến 2025-10-07
[2025-10-07T13:12:20.762+0000] {logging_mixin.py:190} INFO - Không tìm thấy dữ liệu cho DZM
[2025-10-07T13:12:20.770+0000] {logging_mixin.py:190} INFO - ℹ️ DZM: Không có dữ liệu mới.
[2025-10-07T13:12:20.771+0000] {logging_mixin.py:190} INFO - 🚦 Giới hạn API đạt mức tối đa, chờ 0.1s...
[2025-10-07T13:12:20.900+0000] {logging_mixin.py:190} INFO - ⬇️ Bắt đầu xử lý symbol = DXV
[2025-10-07T13:12:20.912+0000] {logging_mixin.py:190} INFO - ⚠️ Không đọc được file cũ DXV: 'date'
[2025-10-07T13:12:20.945+0000] {logging_mixin.py:190} INFO - DXV: trích dữ liệu từ 2025-10-04 đến 2025-10-07
[2025-10-07T13:12:21.184+0000] {logging_mixin.py:190} INFO - Trích xuất 2 dòng mới cho DXV
[2025-10-07T13:12:21.202+0000] {logging_mixin.py:190} INFO - Append 2 dòng mới vào /opt/***/data/lake/DXV.csv
[2025-10-07T13:12:21.204+0000] {logging_mixin.py:190} INFO - ✅ Hoàn tất DXV, thêm 2 dòng mới.
[2025-10-07T13:12:23.205+0000] {logging_mixin.py:190} INFO - 🚦 Giới hạn API đạt mức tối đa, chờ 2.3s...
[2025-10-07T13:12:25.482+0000] {logging_mixin.py:190} INFO - ⬇️ Bắt đầu xử lý symbol = DXS
[2025-10-07T13:12:25.504+0000] {logging_mixin.py:190} INFO - ⚠️ Không đọc được file cũ DXS: 'date'
[2025-10-07T13:12:25.543+0000] {logging_mixin.py:190} INFO - DXS: trích dữ liệu từ 2025-10-04 đến 2025-10-07
[2025-10-07T13:12:25.752+0000] {logging_mixin.py:190} INFO - Trích xuất 2 dòng mới cho DXS
[2025-10-07T13:12:25.818+0000] {logging_mixin.py:190} INFO - Append 2 dòng mới vào /opt/***/data/lake/DXS.csv
[2025-10-07T13:12:25.819+0000] {logging_mixin.py:190} INFO - ✅ Hoàn tất DXS, thêm 2 dòng mới.
[2025-10-07T13:12:27.921+0000] {logging_mixin.py:190} INFO - 🚦 Giới hạn API đạt mức tối đa, chờ 2.0s...
[2025-10-07T13:12:29.806+0000] {logging_mixin.py:190} INFO - ⬇️ Bắt đầu xử lý symbol = DXP
[2025-10-07T13:12:29.845+0000] {logging_mixin.py:190} INFO - ⚠️ Không đọc được file cũ DXP: 'date'
[2025-10-07T13:12:29.874+0000] {logging_mixin.py:190} INFO - DXP: trích dữ liệu từ 2025-10-04 đến 2025-10-07
[2025-10-07T13:12:30.131+0000] {logging_mixin.py:190} INFO - Trích xuất 2 dòng mới cho DXP
[2025-10-07T13:12:30.169+0000] {logging_mixin.py:190} INFO - Append 2 dòng mới vào /opt/***/data/lake/DXP.csv
[2025-10-07T13:12:30.175+0000] {logging_mixin.py:190} INFO - ✅ Hoàn tất DXP, thêm 2 dòng mới.
[2025-10-07T13:12:32.189+0000] {logging_mixin.py:190} INFO - 🚦 Giới hạn API đạt mức tối đa, chờ 38.8s...
[2025-10-07T13:13:10.835+0000] {logging_mixin.py:190} INFO - ⬇️ Bắt đầu xử lý symbol = DXL
[2025-10-07T13:13:10.854+0000] {logging_mixin.py:190} INFO - ⚠️ Không đọc được file cũ DXL: 'date'
[2025-10-07T13:13:10.867+0000] {logging_mixin.py:190} INFO - DXL: trích dữ liệu từ 2025-04-19 đến 2025-10-07
[2025-10-07T13:13:15.451+0000] {logging_mixin.py:190} INFO - Không tìm thấy dữ liệu cho DXL
[2025-10-07T13:13:15.453+0000] {logging_mixin.py:190} INFO - ℹ️ DXL: Không có dữ liệu mới.
[2025-10-07T13:13:15.454+0000] {logging_mixin.py:190} INFO - 🚦 Giới hạn API đạt mức tối đa, chờ 0.7s...
[2025-10-07T13:13:16.163+0000] {logging_mixin.py:190} INFO - ⬇️ Bắt đầu xử lý symbol = DXG
[2025-10-07T13:13:16.172+0000] {logging_mixin.py:190} INFO - ⚠️ Không đọc được file cũ DXG: 'date'
[2025-10-07T13:13:16.178+0000] {logging_mixin.py:190} INFO - DXG: trích dữ liệu từ 2025-10-04 đến 2025-10-07
[2025-10-07T13:13:16.492+0000] {logging_mixin.py:190} INFO - Trích xuất 2 dòng mới cho DXG
[2025-10-07T13:13:16.508+0000] {logging_mixin.py:190} INFO - Append 2 dòng mới vào /opt/***/data/lake/DXG.csv
[2025-10-07T13:13:16.508+0000] {logging_mixin.py:190} INFO - ✅ Hoàn tất DXG, thêm 2 dòng mới.
[2025-10-07T13:13:18.510+0000] {logging_mixin.py:190} INFO - 🚦 Giới hạn API đạt mức tối đa, chờ 2.4s...
[2025-10-07T13:13:20.901+0000] {logging_mixin.py:190} INFO - ⬇️ Bắt đầu xử lý symbol = DX2
[2025-10-07T13:13:20.911+0000] {logging_mixin.py:190} INFO - DX2: trích dữ liệu từ 2020-01-01 đến 2025-10-07
[2025-10-07T13:13:26.090+0000] {logging_mixin.py:190} INFO - Không tìm thấy dữ liệu cho DX2
[2025-10-07T13:13:26.092+0000] {logging_mixin.py:190} INFO - ℹ️ DX2: Không có dữ liệu mới.
[2025-10-07T13:13:26.092+0000] {logging_mixin.py:190} INFO - ⬇️ Bắt đầu xử lý symbol = DWS
[2025-10-07T13:13:26.101+0000] {logging_mixin.py:190} INFO - ⚠️ Không đọc được file cũ DWS: 'date'
[2025-10-07T13:13:26.110+0000] {logging_mixin.py:190} INFO - DWS: trích dữ liệu từ 2025-10-03 đến 2025-10-07
[2025-10-07T13:13:26.305+0000] {logging_mixin.py:190} INFO - Trích xuất 2 dòng mới cho DWS
[2025-10-07T13:13:26.311+0000] {logging_mixin.py:190} INFO - Append 2 dòng mới vào /opt/***/data/lake/DWS.csv
[2025-10-07T13:13:26.311+0000] {logging_mixin.py:190} INFO - ✅ Hoàn tất DWS, thêm 2 dòng mới.
[2025-10-07T13:13:28.185+0000] {logging_mixin.py:190} INFO - 🚦 Giới hạn API đạt mức tối đa, chờ 1.6s...
[2025-10-07T13:13:29.807+0000] {logging_mixin.py:190} INFO - ⬇️ Bắt đầu xử lý symbol = DWC
[2025-10-07T13:13:29.815+0000] {logging_mixin.py:190} INFO - ⚠️ Không đọc được file cũ DWC: 'date'
[2025-10-07T13:13:29.821+0000] {logging_mixin.py:190} INFO - DWC: trích dữ liệu từ 2025-09-26 đến 2025-10-07
[2025-10-07T13:13:34.387+0000] {logging_mixin.py:190} INFO - Không tìm thấy dữ liệu cho DWC
[2025-10-07T13:13:34.388+0000] {logging_mixin.py:190} INFO - ℹ️ DWC: Không có dữ liệu mới.
[2025-10-07T13:13:34.388+0000] {logging_mixin.py:190} INFO - 🚦 Giới hạn API đạt mức tối đa, chờ 36.4s...
[2025-10-07T13:14:10.698+0000] {logging_mixin.py:190} INFO - ⬇️ Bắt đầu xử lý symbol = DVW
[2025-10-07T13:14:10.714+0000] {logging_mixin.py:190} INFO - ⚠️ Không đọc được file cũ DVW: 'date'
[2025-10-07T13:14:10.720+0000] {logging_mixin.py:190} INFO - DVW: trích dữ liệu từ 2025-09-26 đến 2025-10-07
[2025-10-07T13:14:15.300+0000] {logging_mixin.py:190} INFO - Không tìm thấy dữ liệu cho DVW
[2025-10-07T13:14:15.302+0000] {logging_mixin.py:190} INFO - ℹ️ DVW: Không có dữ liệu mới.
[2025-10-07T13:14:15.302+0000] {logging_mixin.py:190} INFO - 🚦 Giới hạn API đạt mức tối đa, chờ 0.9s...
[2025-10-07T13:14:16.164+0000] {logging_mixin.py:190} INFO - ⬇️ Bắt đầu xử lý symbol = DVT
[2025-10-07T13:14:16.180+0000] {logging_mixin.py:190} INFO - ⚠️ Không đọc được file cũ DVT: 'date'
[2025-10-07T13:14:16.186+0000] {logging_mixin.py:190} INFO - DVT: trích dữ liệu từ 2025-10-03 đến 2025-10-07
[2025-10-07T13:14:20.917+0000] {logging_mixin.py:190} INFO - Không tìm thấy dữ liệu cho DVT
[2025-10-07T13:14:20.919+0000] {logging_mixin.py:190} INFO - ℹ️ DVT: Không có dữ liệu mới.
[2025-10-07T13:14:20.919+0000] {logging_mixin.py:190} INFO - ⬇️ Bắt đầu xử lý symbol = DVP
[2025-10-07T13:14:20.926+0000] {logging_mixin.py:190} INFO - ⚠️ Không đọc được file cũ DVP: 'date'
[2025-10-07T13:14:20.934+0000] {logging_mixin.py:190} INFO - DVP: trích dữ liệu từ 2025-10-04 đến 2025-10-07
[2025-10-07T13:14:21.247+0000] {logging_mixin.py:190} INFO - Trích xuất 2 dòng mới cho DVP
[2025-10-07T13:14:21.254+0000] {logging_mixin.py:190} INFO - Append 2 dòng mới vào /opt/***/data/lake/DVP.csv
[2025-10-07T13:14:21.255+0000] {logging_mixin.py:190} INFO - ✅ Hoàn tất DVP, thêm 2 dòng mới.
[2025-10-07T13:14:23.255+0000] {logging_mixin.py:190} INFO - 🚦 Giới hạn API đạt mức tối đa, chờ 2.8s...
[2025-10-07T13:14:26.094+0000] {logging_mixin.py:190} INFO - ⬇️ Bắt đầu xử lý symbol = DVN
[2025-10-07T13:14:26.110+0000] {logging_mixin.py:190} INFO - ⚠️ Không đọc được file cũ DVN: 'date'
[2025-10-07T13:14:26.119+0000] {logging_mixin.py:190} INFO - DVN: trích dữ liệu từ 2025-10-04 đến 2025-10-07
[2025-10-07T13:14:26.316+0000] {logging_mixin.py:190} INFO - Trích xuất 2 dòng mới cho DVN
[2025-10-07T13:14:26.324+0000] {logging_mixin.py:190} INFO - Append 2 dòng mới vào /opt/***/data/lake/DVN.csv
[2025-10-07T13:14:26.325+0000] {logging_mixin.py:190} INFO - ✅ Hoàn tất DVN, thêm 2 dòng mới.
[2025-10-07T13:14:28.203+0000] {logging_mixin.py:190} INFO - 🚦 Giới hạn API đạt mức tối đa, chờ 1.6s...
[2025-10-07T13:14:29.808+0000] {logging_mixin.py:190} INFO - ⬇️ Bắt đầu xử lý symbol = DVM
[2025-10-07T13:14:29.816+0000] {logging_mixin.py:190} INFO - ⚠️ Không đọc được file cũ DVM: 'date'
[2025-10-07T13:14:29.823+0000] {logging_mixin.py:190} INFO - DVM: trích dữ liệu từ 2025-10-04 đến 2025-10-07
[2025-10-07T13:14:30.021+0000] {logging_mixin.py:190} INFO - Trích xuất 2 dòng mới cho DVM
[2025-10-07T13:14:30.028+0000] {logging_mixin.py:190} INFO - Append 2 dòng mới vào /opt/***/data/lake/DVM.csv
[2025-10-07T13:14:30.029+0000] {logging_mixin.py:190} INFO - ✅ Hoàn tất DVM, thêm 2 dòng mới.
[2025-10-07T13:14:32.029+0000] {logging_mixin.py:190} INFO - 🚦 Giới hạn API đạt mức tối đa, chờ 38.7s...
[2025-10-07T13:15:10.576+0000] {logging_mixin.py:190} INFO - ⬇️ Bắt đầu xử lý symbol = DVG
[2025-10-07T13:15:10.593+0000] {logging_mixin.py:190} INFO - ⚠️ Không đọc được file cũ DVG: 'date'
[2025-10-07T13:15:10.601+0000] {logging_mixin.py:190} INFO - DVG: trích dữ liệu từ 2025-10-04 đến 2025-10-07
[2025-10-07T13:15:15.174+0000] {logging_mixin.py:190} INFO - Không tìm thấy dữ liệu cho DVG
[2025-10-07T13:15:15.175+0000] {logging_mixin.py:190} INFO - ℹ️ DVG: Không có dữ liệu mới.
[2025-10-07T13:15:15.176+0000] {logging_mixin.py:190} INFO - 🚦 Giới hạn API đạt mức tối đa, chờ 1.0s...
[2025-10-07T13:15:16.165+0000] {logging_mixin.py:190} INFO - ⬇️ Bắt đầu xử lý symbol = DVC
[2025-10-07T13:15:16.185+0000] {logging_mixin.py:190} INFO - ⚠️ Không đọc được file cũ DVC: 'date'
[2025-10-07T13:15:16.191+0000] {logging_mixin.py:190} INFO - DVC: trích dữ liệu từ 2025-10-01 đến 2025-10-07
[2025-10-07T13:15:16.435+0000] {logging_mixin.py:190} INFO - Trích xuất 1 dòng mới cho DVC
[2025-10-07T13:15:16.442+0000] {logging_mixin.py:190} INFO - Append 1 dòng mới vào /opt/***/data/lake/DVC.csv
[2025-10-07T13:15:16.443+0000] {logging_mixin.py:190} INFO - ✅ Hoàn tất DVC, thêm 1 dòng mới.
[2025-10-07T13:15:18.444+0000] {logging_mixin.py:190} INFO - 🚦 Giới hạn API đạt mức tối đa, chờ 2.5s...
[2025-10-07T13:15:20.921+0000] {logging_mixin.py:190} INFO - ⬇️ Bắt đầu xử lý symbol = DUS
[2025-10-07T13:15:20.937+0000] {logging_mixin.py:190} INFO - ⚠️ Không đọc được file cũ DUS: 'date'
[2025-10-07T13:15:20.943+0000] {logging_mixin.py:190} INFO - DUS: trích dữ liệu từ 2025-08-01 đến 2025-10-07
[2025-10-07T13:15:25.579+0000] {logging_mixin.py:190} INFO - Không tìm thấy dữ liệu cho DUS
[2025-10-07T13:15:25.581+0000] {logging_mixin.py:190} INFO - ℹ️ DUS: Không có dữ liệu mới.
[2025-10-07T13:15:25.581+0000] {logging_mixin.py:190} INFO - 🚦 Giới hạn API đạt mức tối đa, chờ 0.5s...
[2025-10-07T13:15:26.098+0000] {logging_mixin.py:190} INFO - ⬇️ Bắt đầu xử lý symbol = DTV
[2025-10-07T13:15:26.113+0000] {logging_mixin.py:190} INFO - ⚠️ Không đọc được file cũ DTV: 'date'
[2025-10-07T13:15:26.120+0000] {logging_mixin.py:190} INFO - DTV: trích dữ liệu từ 2024-07-06 đến 2025-10-07
[2025-10-07T13:15:30.576+0000] {logging_mixin.py:190} INFO - Không tìm thấy dữ liệu cho DTV
[2025-10-07T13:15:30.577+0000] {logging_mixin.py:190} INFO - ℹ️ DTV: Không có dữ liệu mới.
[2025-10-07T13:15:30.578+0000] {logging_mixin.py:190} INFO - ⬇️ Bắt đầu xử lý symbol = DTT
[2025-10-07T13:15:30.585+0000] {logging_mixin.py:190} INFO - ⚠️ Không đọc được file cũ DTT: 'date'
[2025-10-07T13:15:30.591+0000] {logging_mixin.py:190} INFO - DTT: trích dữ liệu từ 2025-10-04 đến 2025-10-07
[2025-10-07T13:15:30.750+0000] {logging_mixin.py:190} INFO - Trích xuất 2 dòng mới cho DTT
[2025-10-07T13:15:30.756+0000] {logging_mixin.py:190} INFO - Append 2 dòng mới vào /opt/***/data/lake/DTT.csv
[2025-10-07T13:15:30.757+0000] {logging_mixin.py:190} INFO - ✅ Hoàn tất DTT, thêm 2 dòng mới.
[2025-10-07T13:15:32.757+0000] {logging_mixin.py:190} INFO - 🚦 Giới hạn API đạt mức tối đa, chờ 37.8s...
[2025-10-07T13:16:10.456+0000] {logging_mixin.py:190} INFO - ⬇️ Bắt đầu xử lý symbol = DTP
[2025-10-07T13:16:10.465+0000] {logging_mixin.py:190} INFO - ⚠️ Không đọc được file cũ DTP: 'date'
[2025-10-07T13:16:10.471+0000] {logging_mixin.py:190} INFO - DTP: trích dữ liệu từ 2025-10-03 đến 2025-10-07
[2025-10-07T13:16:10.756+0000] {logging_mixin.py:190} INFO - Trích xuất 2 dòng mới cho DTP
[2025-10-07T13:16:10.764+0000] {logging_mixin.py:190} INFO - Append 2 dòng mới vào /opt/***/data/lake/DTP.csv
[2025-10-07T13:16:10.765+0000] {logging_mixin.py:190} INFO - ✅ Hoàn tất DTP, thêm 2 dòng mới.
[2025-10-07T13:16:12.765+0000] {logging_mixin.py:190} INFO - 🚦 Giới hạn API đạt mức tối đa, chờ 3.4s...
[2025-10-07T13:16:16.168+0000] {logging_mixin.py:190} INFO - ⬇️ Bắt đầu xử lý symbol = DTL
[2025-10-07T13:16:16.176+0000] {logging_mixin.py:190} INFO - ⚠️ Không đọc được file cũ DTL: 'date'
[2025-10-07T13:16:16.183+0000] {logging_mixin.py:190} INFO - DTL: trích dữ liệu từ 2025-10-04 đến 2025-10-07
[2025-10-07T13:16:16.369+0000] {logging_mixin.py:190} INFO - Trích xuất 2 dòng mới cho DTL
[2025-10-07T13:16:16.376+0000] {logging_mixin.py:190} INFO - Append 2 dòng mới vào /opt/***/data/lake/DTL.csv
[2025-10-07T13:16:16.376+0000] {logging_mixin.py:190} INFO - ✅ Hoàn tất DTL, thêm 2 dòng mới.
[2025-10-07T13:16:18.377+0000] {logging_mixin.py:190} INFO - 🚦 Giới hạn API đạt mức tối đa, chờ 2.5s...
[2025-10-07T13:16:20.922+0000] {logging_mixin.py:190} INFO - ⬇️ Bắt đầu xử lý symbol = DTK
[2025-10-07T13:16:20.938+0000] {logging_mixin.py:190} INFO - ⚠️ Không đọc được file cũ DTK: 'date'
[2025-10-07T13:16:20.945+0000] {logging_mixin.py:190} INFO - DTK: trích dữ liệu từ 2025-10-04 đến 2025-10-07
[2025-10-07T13:16:21.129+0000] {logging_mixin.py:190} INFO - Trích xuất 2 dòng mới cho DTK
[2025-10-07T13:16:21.135+0000] {logging_mixin.py:190} INFO - Append 2 dòng mới vào /opt/***/data/lake/DTK.csv
[2025-10-07T13:16:21.136+0000] {logging_mixin.py:190} INFO - ✅ Hoàn tất DTK, thêm 2 dòng mới.
[2025-10-07T13:16:23.136+0000] {logging_mixin.py:190} INFO - 🚦 Giới hạn API đạt mức tối đa, chờ 3.0s...
[2025-10-07T13:16:26.099+0000] {logging_mixin.py:190} INFO - ⬇️ Bắt đầu xử lý symbol = DTI
[2025-10-07T13:16:26.116+0000] {logging_mixin.py:190} INFO - ⚠️ Không đọc được file cũ DTI: 'date'
[2025-10-07T13:16:26.124+0000] {logging_mixin.py:190} INFO - DTI: trích dữ liệu từ 2025-10-04 đến 2025-10-07
[2025-10-07T13:16:26.309+0000] {logging_mixin.py:190} INFO - Trích xuất 2 dòng mới cho DTI
[2025-10-07T13:16:26.316+0000] {logging_mixin.py:190} INFO - Append 2 dòng mới vào /opt/***/data/lake/DTI.csv
[2025-10-07T13:16:26.317+0000] {logging_mixin.py:190} INFO - ✅ Hoàn tất DTI, thêm 2 dòng mới.
[2025-10-07T13:16:28.187+0000] {logging_mixin.py:190} INFO - 🚦 Giới hạn API đạt mức tối đa, chờ 2.4s...
[2025-10-07T13:16:30.579+0000] {logging_mixin.py:190} INFO - ⬇️ Bắt đầu xử lý symbol = DTH
[2025-10-07T13:16:30.587+0000] {logging_mixin.py:190} INFO - ⚠️ Không đọc được file cũ DTH: 'date'
[2025-10-07T13:16:30.596+0000] {logging_mixin.py:190} INFO - DTH: trích dữ liệu từ 2025-09-18 đến 2025-10-07
[2025-10-07T13:16:35.185+0000] {logging_mixin.py:190} INFO - Không tìm thấy dữ liệu cho DTH
[2025-10-07T13:16:35.186+0000] {logging_mixin.py:190} INFO - ℹ️ DTH: Không có dữ liệu mới.
[2025-10-07T13:16:35.187+0000] {python.py:240} INFO - Done. Returned value was: None
[2025-10-07T13:16:35.198+0000] {taskinstance.py:341} INFO - ::group::Post task execution logs
[2025-10-07T13:16:35.198+0000] {taskinstance.py:353} INFO - Marking task as SUCCESS. dag_id=vnstock_weekly_etl_incremental, task_id=process_batch, run_id=manual__2025-10-07T10:43:54.222487+00:00, map_index=25, execution_date=20251007T104354, start_date=20251007T130711, end_date=20251007T131635
[2025-10-07T13:16:35.259+0000] {local_task_job_runner.py:266} INFO - Task exited with return code 0
[2025-10-07T13:16:35.413+0000] {taskinstance.py:3901} INFO - 0 downstream tasks scheduled from follow-on schedule check
[2025-10-07T13:16:35.415+0000] {local_task_job_runner.py:245} INFO - ::endgroup::
