[2025-10-07T11:12:11.098+0000] {local_task_job_runner.py:123} INFO - ::group::Pre task execution logs
[2025-10-07T11:12:11.150+0000] {taskinstance.py:2614} INFO - Dependencies all met for dep_context=non-requeueable deps ti=<TaskInstance: vnstock_weekly_etl_incremental.process_batch manual__2025-10-07T10:41:48.387187+00:00 map_index=13 [queued]>
[2025-10-07T11:12:11.172+0000] {taskinstance.py:2614} INFO - Dependencies all met for dep_context=requeueable deps ti=<TaskInstance: vnstock_weekly_etl_incremental.process_batch manual__2025-10-07T10:41:48.387187+00:00 map_index=13 [queued]>
[2025-10-07T11:12:11.175+0000] {taskinstance.py:2867} INFO - Starting attempt 1 of 3
[2025-10-07T11:12:11.199+0000] {taskinstance.py:2890} INFO - Executing <Mapped(_PythonDecoratedOperator): process_batch> on 2025-10-07 10:41:48.387187+00:00
[2025-10-07T11:12:11.219+0000] {logging_mixin.py:190} WARNING - /home/***/.local/lib/python3.12/site-packages/***/task/task_runner/standard_task_runner.py:70 DeprecationWarning: This process (pid=5539) is multi-threaded, use of fork() may lead to deadlocks in the child.
[2025-10-07T11:12:11.222+0000] {standard_task_runner.py:72} INFO - Started process 5560 to run task
[2025-10-07T11:12:11.220+0000] {standard_task_runner.py:104} INFO - Running: ['***', 'tasks', 'run', 'vnstock_weekly_etl_incremental', 'process_batch', 'manual__2025-10-07T10:41:48.387187+00:00', '--job-id', '138', '--raw', '--subdir', 'DAGS_FOLDER/dag.py', '--cfg-path', '/tmp/tmpu0ntgkrq', '--map-index', '13']
[2025-10-07T11:12:11.226+0000] {standard_task_runner.py:105} INFO - Job 138: Subtask process_batch
[2025-10-07T11:12:11.249+0000] {logging_mixin.py:190} WARNING - /home/***/.local/lib/python3.12/site-packages/***/settings.py:209 DeprecationWarning: The sql_alchemy_conn option in [core] has been moved to the sql_alchemy_conn option in [database] - the old setting has been used, but please update your config.
[2025-10-07T11:12:11.313+0000] {task_command.py:467} INFO - Running <TaskInstance: vnstock_weekly_etl_incremental.process_batch manual__2025-10-07T10:41:48.387187+00:00 map_index=13 [running]> on host e3278e0f0bbc
[2025-10-07T11:12:11.820+0000] {taskinstance.py:3134} INFO - Exporting env vars: AIRFLOW_CTX_DAG_OWNER='***' AIRFLOW_CTX_DAG_ID='vnstock_weekly_etl_incremental' AIRFLOW_CTX_TASK_ID='process_batch' AIRFLOW_CTX_EXECUTION_DATE='2025-10-07T10:41:48.387187+00:00' AIRFLOW_CTX_TRY_NUMBER='1' AIRFLOW_CTX_DAG_RUN_ID='manual__2025-10-07T10:41:48.387187+00:00'
[2025-10-07T11:12:11.821+0000] {taskinstance.py:732} INFO - ::endgroup::
[2025-10-07T11:12:11.824+0000] {logging_mixin.py:190} INFO - ⬇️ Bắt đầu xử lý symbol = PPS
[2025-10-07T11:12:11.844+0000] {logging_mixin.py:190} INFO - ⚠️ Không đọc được file cũ PPS: 'date'
[2025-10-07T11:12:11.870+0000] {logging_mixin.py:190} INFO - PPS: trích dữ liệu từ 2025-10-08 đến 2025-10-07
[2025-10-07T11:12:11.893+0000] {client.py:83} ERROR - API request failed: HTTPSConnectionPool(host='trading.vietcap.com.vn', port=443): Max retries exceeded with url: /api/chart/OHLCChart/gap (Caused by NameResolutionError("<urllib3.connection.HTTPSConnection object at 0x7e619e934a10>: Failed to resolve 'trading.vietcap.com.vn' ([Errno -2] Name or service not known)"))
[2025-10-07T11:12:13.900+0000] {client.py:83} ERROR - API request failed: HTTPSConnectionPool(host='trading.vietcap.com.vn', port=443): Max retries exceeded with url: /api/chart/OHLCChart/gap (Caused by NameResolutionError("<urllib3.connection.HTTPSConnection object at 0x7e619e935370>: Failed to resolve 'trading.vietcap.com.vn' ([Errno -2] Name or service not known)"))
[2025-10-07T11:12:15.907+0000] {client.py:83} ERROR - API request failed: HTTPSConnectionPool(host='trading.vietcap.com.vn', port=443): Max retries exceeded with url: /api/chart/OHLCChart/gap (Caused by NameResolutionError("<urllib3.connection.HTTPSConnection object at 0x7e619e935eb0>: Failed to resolve 'trading.vietcap.com.vn' ([Errno -2] Name or service not known)"))
[2025-10-07T11:12:15.909+0000] {logging_mixin.py:190} INFO - Không tìm thấy dữ liệu cho PPS
[2025-10-07T11:12:15.911+0000] {logging_mixin.py:190} INFO - ℹ️ PPS: Không có dữ liệu mới.
[2025-10-07T11:12:15.912+0000] {logging_mixin.py:190} INFO - ⬇️ Bắt đầu xử lý symbol = PPP
[2025-10-07T11:12:15.926+0000] {logging_mixin.py:190} INFO - ⚠️ Không đọc được file cũ PPP: 'date'
[2025-10-07T11:12:15.942+0000] {logging_mixin.py:190} INFO - PPP: trích dữ liệu từ 2025-10-08 đến 2025-10-07
[2025-10-07T11:12:15.948+0000] {client.py:83} ERROR - API request failed: HTTPSConnectionPool(host='trading.vietcap.com.vn', port=443): Max retries exceeded with url: /api/chart/OHLCChart/gap (Caused by NameResolutionError("<urllib3.connection.HTTPSConnection object at 0x7e619e9365a0>: Failed to resolve 'trading.vietcap.com.vn' ([Errno -2] Name or service not known)"))
[2025-10-07T11:12:17.956+0000] {client.py:83} ERROR - API request failed: HTTPSConnectionPool(host='trading.vietcap.com.vn', port=443): Max retries exceeded with url: /api/chart/OHLCChart/gap (Caused by NameResolutionError("<urllib3.connection.HTTPSConnection object at 0x7e619e937320>: Failed to resolve 'trading.vietcap.com.vn' ([Errno -2] Name or service not known)"))
[2025-10-07T11:12:19.962+0000] {client.py:83} ERROR - API request failed: HTTPSConnectionPool(host='trading.vietcap.com.vn', port=443): Max retries exceeded with url: /api/chart/OHLCChart/gap (Caused by NameResolutionError("<urllib3.connection.HTTPSConnection object at 0x7e619e937ec0>: Failed to resolve 'trading.vietcap.com.vn' ([Errno -2] Name or service not known)"))
[2025-10-07T11:12:19.963+0000] {logging_mixin.py:190} INFO - Không tìm thấy dữ liệu cho PPP
[2025-10-07T11:12:19.965+0000] {logging_mixin.py:190} INFO - ℹ️ PPP: Không có dữ liệu mới.
[2025-10-07T11:12:19.966+0000] {logging_mixin.py:190} INFO - ⬇️ Bắt đầu xử lý symbol = PPI
[2025-10-07T11:12:19.981+0000] {logging_mixin.py:190} INFO - ⚠️ Không đọc được file cũ PPI: 'date'
[2025-10-07T11:12:19.995+0000] {logging_mixin.py:190} INFO - PPI: trích dữ liệu từ 2024-07-26 đến 2025-10-07
[2025-10-07T11:12:20.002+0000] {client.py:83} ERROR - API request failed: HTTPSConnectionPool(host='trading.vietcap.com.vn', port=443): Max retries exceeded with url: /api/chart/OHLCChart/gap (Caused by NameResolutionError("<urllib3.connection.HTTPSConnection object at 0x7e619e936750>: Failed to resolve 'trading.vietcap.com.vn' ([Errno -2] Name or service not known)"))
[2025-10-07T11:12:22.009+0000] {client.py:83} ERROR - API request failed: HTTPSConnectionPool(host='trading.vietcap.com.vn', port=443): Max retries exceeded with url: /api/chart/OHLCChart/gap (Caused by NameResolutionError("<urllib3.connection.HTTPSConnection object at 0x7e619e9363c0>: Failed to resolve 'trading.vietcap.com.vn' ([Errno -2] Name or service not known)"))
[2025-10-07T11:12:24.016+0000] {client.py:83} ERROR - API request failed: HTTPSConnectionPool(host='trading.vietcap.com.vn', port=443): Max retries exceeded with url: /api/chart/OHLCChart/gap (Caused by NameResolutionError("<urllib3.connection.HTTPSConnection object at 0x7e619e9359a0>: Failed to resolve 'trading.vietcap.com.vn' ([Errno -2] Name or service not known)"))
[2025-10-07T11:12:24.018+0000] {logging_mixin.py:190} INFO - Không tìm thấy dữ liệu cho PPI
[2025-10-07T11:12:24.020+0000] {logging_mixin.py:190} INFO - ℹ️ PPI: Không có dữ liệu mới.
[2025-10-07T11:12:24.020+0000] {logging_mixin.py:190} INFO - ⬇️ Bắt đầu xử lý symbol = PPH
[2025-10-07T11:12:24.032+0000] {logging_mixin.py:190} INFO - ⚠️ Không đọc được file cũ PPH: 'date'
[2025-10-07T11:12:24.049+0000] {logging_mixin.py:190} INFO - PPH: trích dữ liệu từ 2025-10-08 đến 2025-10-07
[2025-10-07T11:12:24.056+0000] {client.py:83} ERROR - API request failed: HTTPSConnectionPool(host='trading.vietcap.com.vn', port=443): Max retries exceeded with url: /api/chart/OHLCChart/gap (Caused by NameResolutionError("<urllib3.connection.HTTPSConnection object at 0x7e619e7810d0>: Failed to resolve 'trading.vietcap.com.vn' ([Errno -2] Name or service not known)"))
[2025-10-07T11:12:26.063+0000] {client.py:83} ERROR - API request failed: HTTPSConnectionPool(host='trading.vietcap.com.vn', port=443): Max retries exceeded with url: /api/chart/OHLCChart/gap (Caused by NameResolutionError("<urllib3.connection.HTTPSConnection object at 0x7e619e934ef0>: Failed to resolve 'trading.vietcap.com.vn' ([Errno -2] Name or service not known)"))
[2025-10-07T11:12:28.070+0000] {client.py:83} ERROR - API request failed: HTTPSConnectionPool(host='trading.vietcap.com.vn', port=443): Max retries exceeded with url: /api/chart/OHLCChart/gap (Caused by NameResolutionError("<urllib3.connection.HTTPSConnection object at 0x7e619e936d20>: Failed to resolve 'trading.vietcap.com.vn' ([Errno -2] Name or service not known)"))
[2025-10-07T11:12:28.072+0000] {logging_mixin.py:190} INFO - Không tìm thấy dữ liệu cho PPH
[2025-10-07T11:12:28.074+0000] {logging_mixin.py:190} INFO - ℹ️ PPH: Không có dữ liệu mới.
[2025-10-07T11:12:28.075+0000] {logging_mixin.py:190} INFO - ⬇️ Bắt đầu xử lý symbol = PPE
[2025-10-07T11:12:28.086+0000] {logging_mixin.py:190} INFO - ⚠️ Không đọc được file cũ PPE: 'date'
[2025-10-07T11:12:28.099+0000] {logging_mixin.py:190} INFO - PPE: trích dữ liệu từ 2025-09-06 đến 2025-10-07
[2025-10-07T11:12:28.108+0000] {client.py:83} ERROR - API request failed: HTTPSConnectionPool(host='trading.vietcap.com.vn', port=443): Max retries exceeded with url: /api/chart/OHLCChart/gap (Caused by NameResolutionError("<urllib3.connection.HTTPSConnection object at 0x7e619e781a00>: Failed to resolve 'trading.vietcap.com.vn' ([Errno -2] Name or service not known)"))
[2025-10-07T11:12:30.116+0000] {client.py:83} ERROR - API request failed: HTTPSConnectionPool(host='trading.vietcap.com.vn', port=443): Max retries exceeded with url: /api/chart/OHLCChart/gap (Caused by NameResolutionError("<urllib3.connection.HTTPSConnection object at 0x7e619e782690>: Failed to resolve 'trading.vietcap.com.vn' ([Errno -2] Name or service not known)"))
[2025-10-07T11:12:32.125+0000] {client.py:83} ERROR - API request failed: HTTPSConnectionPool(host='trading.vietcap.com.vn', port=443): Max retries exceeded with url: /api/chart/OHLCChart/gap (Caused by NameResolutionError("<urllib3.connection.HTTPSConnection object at 0x7e619e9357f0>: Failed to resolve 'trading.vietcap.com.vn' ([Errno -2] Name or service not known)"))
[2025-10-07T11:12:32.126+0000] {logging_mixin.py:190} INFO - Không tìm thấy dữ liệu cho PPE
[2025-10-07T11:12:32.128+0000] {logging_mixin.py:190} INFO - ℹ️ PPE: Không có dữ liệu mới.
[2025-10-07T11:12:32.129+0000] {logging_mixin.py:190} INFO - 🚦 Giới hạn API đạt mức tối đa, chờ 39.7s...
[2025-10-07T11:13:12.114+0000] {logging_mixin.py:190} INFO - ⬇️ Bắt đầu xử lý symbol = PPC
[2025-10-07T11:13:12.142+0000] {logging_mixin.py:190} INFO - ⚠️ Không đọc được file cũ PPC: 'date'
[2025-10-07T11:13:12.158+0000] {logging_mixin.py:190} INFO - PPC: trích dữ liệu từ 2025-10-04 đến 2025-10-07
[2025-10-07T11:13:12.165+0000] {client.py:83} ERROR - API request failed: HTTPSConnectionPool(host='trading.vietcap.com.vn', port=443): Max retries exceeded with url: /api/chart/OHLCChart/gap (Caused by NameResolutionError("<urllib3.connection.HTTPSConnection object at 0x7e619e7816d0>: Failed to resolve 'trading.vietcap.com.vn' ([Errno -2] Name or service not known)"))
[2025-10-07T11:13:14.171+0000] {client.py:83} ERROR - API request failed: HTTPSConnectionPool(host='trading.vietcap.com.vn', port=443): Max retries exceeded with url: /api/chart/OHLCChart/gap (Caused by NameResolutionError("<urllib3.connection.HTTPSConnection object at 0x7e619e7836e0>: Failed to resolve 'trading.vietcap.com.vn' ([Errno -2] Name or service not known)"))
[2025-10-07T11:13:16.177+0000] {client.py:83} ERROR - API request failed: HTTPSConnectionPool(host='trading.vietcap.com.vn', port=443): Max retries exceeded with url: /api/chart/OHLCChart/gap (Caused by NameResolutionError("<urllib3.connection.HTTPSConnection object at 0x7e619e7ac470>: Failed to resolve 'trading.vietcap.com.vn' ([Errno -2] Name or service not known)"))
[2025-10-07T11:13:16.179+0000] {logging_mixin.py:190} INFO - Không tìm thấy dữ liệu cho PPC
[2025-10-07T11:13:16.181+0000] {logging_mixin.py:190} INFO - ℹ️ PPC: Không có dữ liệu mới.
[2025-10-07T11:13:16.182+0000] {logging_mixin.py:190} INFO - ⬇️ Bắt đầu xử lý symbol = POW
[2025-10-07T11:13:16.208+0000] {logging_mixin.py:190} INFO - ⚠️ Không đọc được file cũ POW: 'date'
[2025-10-07T11:13:16.225+0000] {logging_mixin.py:190} INFO - POW: trích dữ liệu từ 2025-10-04 đến 2025-10-07
[2025-10-07T11:13:16.233+0000] {client.py:83} ERROR - API request failed: HTTPSConnectionPool(host='trading.vietcap.com.vn', port=443): Max retries exceeded with url: /api/chart/OHLCChart/gap (Caused by NameResolutionError("<urllib3.connection.HTTPSConnection object at 0x7e619e7821b0>: Failed to resolve 'trading.vietcap.com.vn' ([Errno -2] Name or service not known)"))
[2025-10-07T11:13:18.241+0000] {client.py:83} ERROR - API request failed: HTTPSConnectionPool(host='trading.vietcap.com.vn', port=443): Max retries exceeded with url: /api/chart/OHLCChart/gap (Caused by NameResolutionError("<urllib3.connection.HTTPSConnection object at 0x7e619e7ad2e0>: Failed to resolve 'trading.vietcap.com.vn' ([Errno -2] Name or service not known)"))
[2025-10-07T11:13:20.248+0000] {client.py:83} ERROR - API request failed: HTTPSConnectionPool(host='trading.vietcap.com.vn', port=443): Max retries exceeded with url: /api/chart/OHLCChart/gap (Caused by NameResolutionError("<urllib3.connection.HTTPSConnection object at 0x7e619e7ade20>: Failed to resolve 'trading.vietcap.com.vn' ([Errno -2] Name or service not known)"))
[2025-10-07T11:13:20.250+0000] {logging_mixin.py:190} INFO - Không tìm thấy dữ liệu cho POW
[2025-10-07T11:13:20.253+0000] {logging_mixin.py:190} INFO - ℹ️ POW: Không có dữ liệu mới.
[2025-10-07T11:13:20.253+0000] {logging_mixin.py:190} INFO - ⬇️ Bắt đầu xử lý symbol = POV
[2025-10-07T11:13:20.286+0000] {logging_mixin.py:190} INFO - ⚠️ Không đọc được file cũ POV: 'date'
[2025-10-07T11:13:20.300+0000] {logging_mixin.py:190} INFO - POV: trích dữ liệu từ 2025-10-03 đến 2025-10-07
[2025-10-07T11:13:20.308+0000] {client.py:83} ERROR - API request failed: HTTPSConnectionPool(host='trading.vietcap.com.vn', port=443): Max retries exceeded with url: /api/chart/OHLCChart/gap (Caused by NameResolutionError("<urllib3.connection.HTTPSConnection object at 0x7e619e781b20>: Failed to resolve 'trading.vietcap.com.vn' ([Errno -2] Name or service not known)"))
[2025-10-07T11:13:22.314+0000] {client.py:83} ERROR - API request failed: HTTPSConnectionPool(host='trading.vietcap.com.vn', port=443): Max retries exceeded with url: /api/chart/OHLCChart/gap (Caused by NameResolutionError("<urllib3.connection.HTTPSConnection object at 0x7e619e7af260>: Failed to resolve 'trading.vietcap.com.vn' ([Errno -2] Name or service not known)"))
[2025-10-07T11:13:24.336+0000] {client.py:83} ERROR - API request failed: HTTPSConnectionPool(host='trading.vietcap.com.vn', port=443): Max retries exceeded with url: /api/chart/OHLCChart/gap (Caused by NameResolutionError("<urllib3.connection.HTTPSConnection object at 0x7e619e7ad730>: Failed to resolve 'trading.vietcap.com.vn' ([Errno -2] Name or service not known)"))
[2025-10-07T11:13:24.339+0000] {logging_mixin.py:190} INFO - Không tìm thấy dữ liệu cho POV
[2025-10-07T11:13:24.344+0000] {logging_mixin.py:190} INFO - ℹ️ POV: Không có dữ liệu mới.
[2025-10-07T11:13:24.346+0000] {logging_mixin.py:190} INFO - ⬇️ Bắt đầu xử lý symbol = POT
[2025-10-07T11:13:24.418+0000] {logging_mixin.py:190} INFO - ⚠️ Không đọc được file cũ POT: 'date'
[2025-10-07T11:13:24.459+0000] {logging_mixin.py:190} INFO - POT: trích dữ liệu từ 2025-10-04 đến 2025-10-07
[2025-10-07T11:13:24.479+0000] {client.py:83} ERROR - API request failed: HTTPSConnectionPool(host='trading.vietcap.com.vn', port=443): Max retries exceeded with url: /api/chart/OHLCChart/gap (Caused by NameResolutionError("<urllib3.connection.HTTPSConnection object at 0x7e619e7afb60>: Failed to resolve 'trading.vietcap.com.vn' ([Errno -2] Name or service not known)"))
[2025-10-07T11:13:26.496+0000] {client.py:83} ERROR - API request failed: HTTPSConnectionPool(host='trading.vietcap.com.vn', port=443): Max retries exceeded with url: /api/chart/OHLCChart/gap (Caused by NameResolutionError("<urllib3.connection.HTTPSConnection object at 0x7e619e7afbc0>: Failed to resolve 'trading.vietcap.com.vn' ([Errno -2] Name or service not known)"))
[2025-10-07T11:13:28.513+0000] {client.py:83} ERROR - API request failed: HTTPSConnectionPool(host='trading.vietcap.com.vn', port=443): Max retries exceeded with url: /api/chart/OHLCChart/gap (Caused by NameResolutionError("<urllib3.connection.HTTPSConnection object at 0x7e619e7ae060>: Failed to resolve 'trading.vietcap.com.vn' ([Errno -2] Name or service not known)"))
[2025-10-07T11:13:28.516+0000] {logging_mixin.py:190} INFO - Không tìm thấy dữ liệu cho POT
[2025-10-07T11:13:28.522+0000] {logging_mixin.py:190} INFO - ℹ️ POT: Không có dữ liệu mới.
[2025-10-07T11:13:28.524+0000] {logging_mixin.py:190} INFO - ⬇️ Bắt đầu xử lý symbol = POS
[2025-10-07T11:13:28.606+0000] {logging_mixin.py:190} INFO - ⚠️ Không đọc được file cũ POS: 'date'
[2025-10-07T11:13:28.646+0000] {logging_mixin.py:190} INFO - POS: trích dữ liệu từ 2025-10-04 đến 2025-10-07
[2025-10-07T11:13:28.665+0000] {client.py:83} ERROR - API request failed: HTTPSConnectionPool(host='trading.vietcap.com.vn', port=443): Max retries exceeded with url: /api/chart/OHLCChart/gap (Caused by NameResolutionError("<urllib3.connection.HTTPSConnection object at 0x7e619e7f48c0>: Failed to resolve 'trading.vietcap.com.vn' ([Errno -2] Name or service not known)"))
[2025-10-07T11:13:30.680+0000] {client.py:83} ERROR - API request failed: HTTPSConnectionPool(host='trading.vietcap.com.vn', port=443): Max retries exceeded with url: /api/chart/OHLCChart/gap (Caused by NameResolutionError("<urllib3.connection.HTTPSConnection object at 0x7e619e7f54c0>: Failed to resolve 'trading.vietcap.com.vn' ([Errno -2] Name or service not known)"))
[2025-10-07T11:13:32.691+0000] {client.py:83} ERROR - API request failed: HTTPSConnectionPool(host='trading.vietcap.com.vn', port=443): Max retries exceeded with url: /api/chart/OHLCChart/gap (Caused by NameResolutionError("<urllib3.connection.HTTPSConnection object at 0x7e619e7833b0>: Failed to resolve 'trading.vietcap.com.vn' ([Errno -2] Name or service not known)"))
[2025-10-07T11:13:32.692+0000] {logging_mixin.py:190} INFO - Không tìm thấy dữ liệu cho POS
[2025-10-07T11:13:32.697+0000] {logging_mixin.py:190} INFO - ℹ️ POS: Không có dữ liệu mới.
[2025-10-07T11:13:32.698+0000] {logging_mixin.py:190} INFO - 🚦 Giới hạn API đạt mức tối đa, chờ 39.4s...
[2025-10-07T11:14:12.501+0000] {logging_mixin.py:190} INFO - ⬇️ Bắt đầu xử lý symbol = POM
[2025-10-07T11:14:12.552+0000] {logging_mixin.py:190} INFO - ⚠️ Không đọc được file cũ POM: 'date'
[2025-10-07T11:14:12.571+0000] {logging_mixin.py:190} INFO - POM: trích dữ liệu từ 2025-10-04 đến 2025-10-07
[2025-10-07T11:14:12.581+0000] {client.py:83} ERROR - API request failed: HTTPSConnectionPool(host='trading.vietcap.com.vn', port=443): Max retries exceeded with url: /api/chart/OHLCChart/gap (Caused by NameResolutionError("<urllib3.connection.HTTPSConnection object at 0x7e619e7f48c0>: Failed to resolve 'trading.vietcap.com.vn' ([Errno -2] Name or service not known)"))
[2025-10-07T11:14:14.587+0000] {client.py:83} ERROR - API request failed: HTTPSConnectionPool(host='trading.vietcap.com.vn', port=443): Max retries exceeded with url: /api/chart/OHLCChart/gap (Caused by NameResolutionError("<urllib3.connection.HTTPSConnection object at 0x7e619e7f6390>: Failed to resolve 'trading.vietcap.com.vn' ([Errno -2] Name or service not known)"))
[2025-10-07T11:14:16.691+0000] {client.py:83} ERROR - API request failed: HTTPSConnectionPool(host='trading.vietcap.com.vn', port=443): Max retries exceeded with url: /api/chart/OHLCChart/gap (Caused by NameResolutionError("<urllib3.connection.HTTPSConnection object at 0x7e619e7f6f60>: Failed to resolve 'trading.vietcap.com.vn' ([Errno -2] Name or service not known)"))
[2025-10-07T11:14:16.872+0000] {logging_mixin.py:190} INFO - Không tìm thấy dữ liệu cho POM
[2025-10-07T11:14:16.879+0000] {logging_mixin.py:190} INFO - ℹ️ POM: Không có dữ liệu mới.
[2025-10-07T11:14:16.883+0000] {logging_mixin.py:190} INFO - ⬇️ Bắt đầu xử lý symbol = POB
[2025-10-07T11:14:16.908+0000] {logging_mixin.py:190} INFO - ⚠️ Không đọc được file cũ POB: 'date'
[2025-10-07T11:14:16.918+0000] {logging_mixin.py:190} INFO - POB: trích dữ liệu từ 2025-03-29 đến 2025-10-07
[2025-10-07T11:14:16.923+0000] {client.py:83} ERROR - API request failed: HTTPSConnectionPool(host='trading.vietcap.com.vn', port=443): Max retries exceeded with url: /api/chart/OHLCChart/gap (Caused by NameResolutionError("<urllib3.connection.HTTPSConnection object at 0x7e619e7ac440>: Failed to resolve 'trading.vietcap.com.vn' ([Errno -2] Name or service not known)"))
[2025-10-07T11:14:18.946+0000] {client.py:83} ERROR - API request failed: HTTPSConnectionPool(host='trading.vietcap.com.vn', port=443): Max retries exceeded with url: /api/chart/OHLCChart/gap (Caused by NameResolutionError("<urllib3.connection.HTTPSConnection object at 0x7e619e7af6e0>: Failed to resolve 'trading.vietcap.com.vn' ([Errno -2] Name or service not known)"))
[2025-10-07T11:14:20.964+0000] {client.py:83} ERROR - API request failed: HTTPSConnectionPool(host='trading.vietcap.com.vn', port=443): Max retries exceeded with url: /api/chart/OHLCChart/gap (Caused by NameResolutionError("<urllib3.connection.HTTPSConnection object at 0x7e619e7af620>: Failed to resolve 'trading.vietcap.com.vn' ([Errno -2] Name or service not known)"))
[2025-10-07T11:14:20.966+0000] {logging_mixin.py:190} INFO - Không tìm thấy dữ liệu cho POB
[2025-10-07T11:14:20.970+0000] {logging_mixin.py:190} INFO - ℹ️ POB: Không có dữ liệu mới.
[2025-10-07T11:14:20.972+0000] {logging_mixin.py:190} INFO - ⬇️ Bắt đầu xử lý symbol = PNT
[2025-10-07T11:14:21.040+0000] {logging_mixin.py:190} INFO - ⚠️ Không đọc được file cũ PNT: 'date'
[2025-10-07T11:14:21.075+0000] {logging_mixin.py:190} INFO - PNT: trích dữ liệu từ 2025-10-01 đến 2025-10-07
[2025-10-07T11:14:21.090+0000] {client.py:83} ERROR - API request failed: HTTPSConnectionPool(host='trading.vietcap.com.vn', port=443): Max retries exceeded with url: /api/chart/OHLCChart/gap (Caused by NameResolutionError("<urllib3.connection.HTTPSConnection object at 0x7e619e8380e0>: Failed to resolve 'trading.vietcap.com.vn' ([Errno -2] Name or service not known)"))
[2025-10-07T11:14:23.099+0000] {client.py:83} ERROR - API request failed: HTTPSConnectionPool(host='trading.vietcap.com.vn', port=443): Max retries exceeded with url: /api/chart/OHLCChart/gap (Caused by NameResolutionError("<urllib3.connection.HTTPSConnection object at 0x7e619e83b020>: Failed to resolve 'trading.vietcap.com.vn' ([Errno -2] Name or service not known)"))
[2025-10-07T11:14:25.105+0000] {client.py:83} ERROR - API request failed: HTTPSConnectionPool(host='trading.vietcap.com.vn', port=443): Max retries exceeded with url: /api/chart/OHLCChart/gap (Caused by NameResolutionError("<urllib3.connection.HTTPSConnection object at 0x7e619e894650>: Failed to resolve 'trading.vietcap.com.vn' ([Errno -2] Name or service not known)"))
[2025-10-07T11:14:25.106+0000] {logging_mixin.py:190} INFO - Không tìm thấy dữ liệu cho PNT
[2025-10-07T11:14:25.107+0000] {logging_mixin.py:190} INFO - ℹ️ PNT: Không có dữ liệu mới.
[2025-10-07T11:14:25.108+0000] {logging_mixin.py:190} INFO - ⬇️ Bắt đầu xử lý symbol = PNP
[2025-10-07T11:14:25.129+0000] {logging_mixin.py:190} INFO - ⚠️ Không đọc được file cũ PNP: 'date'
[2025-10-07T11:14:25.139+0000] {logging_mixin.py:190} INFO - PNP: trích dữ liệu từ 2025-10-03 đến 2025-10-07
[2025-10-07T11:14:25.144+0000] {client.py:83} ERROR - API request failed: HTTPSConnectionPool(host='trading.vietcap.com.vn', port=443): Max retries exceeded with url: /api/chart/OHLCChart/gap (Caused by NameResolutionError("<urllib3.connection.HTTPSConnection object at 0x7e619e7ae900>: Failed to resolve 'trading.vietcap.com.vn' ([Errno -2] Name or service not known)"))
[2025-10-07T11:14:27.150+0000] {client.py:83} ERROR - API request failed: HTTPSConnectionPool(host='trading.vietcap.com.vn', port=443): Max retries exceeded with url: /api/chart/OHLCChart/gap (Caused by NameResolutionError("<urllib3.connection.HTTPSConnection object at 0x7e619e934e90>: Failed to resolve 'trading.vietcap.com.vn' ([Errno -2] Name or service not known)"))
[2025-10-07T11:14:29.163+0000] {client.py:83} ERROR - API request failed: HTTPSConnectionPool(host='trading.vietcap.com.vn', port=443): Max retries exceeded with url: /api/chart/OHLCChart/gap (Caused by NameResolutionError("<urllib3.connection.HTTPSConnection object at 0x7e619e937bc0>: Failed to resolve 'trading.vietcap.com.vn' ([Errno -2] Name or service not known)"))
[2025-10-07T11:14:29.166+0000] {logging_mixin.py:190} INFO - Không tìm thấy dữ liệu cho PNP
[2025-10-07T11:14:29.171+0000] {logging_mixin.py:190} INFO - ℹ️ PNP: Không có dữ liệu mới.
[2025-10-07T11:14:29.174+0000] {logging_mixin.py:190} INFO - ⬇️ Bắt đầu xử lý symbol = PNJ
[2025-10-07T11:14:29.239+0000] {logging_mixin.py:190} INFO - ⚠️ Không đọc được file cũ PNJ: 'date'
[2025-10-07T11:14:29.290+0000] {logging_mixin.py:190} INFO - PNJ: trích dữ liệu từ 2025-10-04 đến 2025-10-07
[2025-10-07T11:14:29.306+0000] {client.py:83} ERROR - API request failed: HTTPSConnectionPool(host='trading.vietcap.com.vn', port=443): Max retries exceeded with url: /api/chart/OHLCChart/gap (Caused by NameResolutionError("<urllib3.connection.HTTPSConnection object at 0x7e619e7ac0b0>: Failed to resolve 'trading.vietcap.com.vn' ([Errno -2] Name or service not known)"))
[2025-10-07T11:14:31.322+0000] {client.py:83} ERROR - API request failed: HTTPSConnectionPool(host='trading.vietcap.com.vn', port=443): Max retries exceeded with url: /api/chart/OHLCChart/gap (Caused by NameResolutionError("<urllib3.connection.HTTPSConnection object at 0x7e619e83ac60>: Failed to resolve 'trading.vietcap.com.vn' ([Errno -2] Name or service not known)"))
[2025-10-07T11:14:33.473+0000] {client.py:83} ERROR - API request failed: HTTPSConnectionPool(host='trading.vietcap.com.vn', port=443): Max retries exceeded with url: /api/chart/OHLCChart/gap (Caused by NameResolutionError("<urllib3.connection.HTTPSConnection object at 0x7e619e937c50>: Failed to resolve 'trading.vietcap.com.vn' ([Errno -2] Name or service not known)"))
[2025-10-07T11:14:33.476+0000] {logging_mixin.py:190} INFO - Không tìm thấy dữ liệu cho PNJ
[2025-10-07T11:14:33.482+0000] {logging_mixin.py:190} INFO - ℹ️ PNJ: Không có dữ liệu mới.
[2025-10-07T11:14:33.485+0000] {logging_mixin.py:190} INFO - 🚦 Giới hạn API đạt mức tối đa, chờ 39.0s...
[2025-10-07T11:15:12.663+0000] {logging_mixin.py:190} INFO - ⬇️ Bắt đầu xử lý symbol = PNG
[2025-10-07T11:15:12.692+0000] {logging_mixin.py:190} INFO - ⚠️ Không đọc được file cũ PNG: 'date'
[2025-10-07T11:15:12.705+0000] {logging_mixin.py:190} INFO - PNG: trích dữ liệu từ 2025-09-23 đến 2025-10-07
[2025-10-07T11:15:12.712+0000] {client.py:83} ERROR - API request failed: HTTPSConnectionPool(host='trading.vietcap.com.vn', port=443): Max retries exceeded with url: /api/chart/OHLCChart/gap (Caused by NameResolutionError("<urllib3.connection.HTTPSConnection object at 0x7e619e7f4080>: Failed to resolve 'trading.vietcap.com.vn' ([Errno -2] Name or service not known)"))
[2025-10-07T11:15:14.726+0000] {client.py:83} ERROR - API request failed: HTTPSConnectionPool(host='trading.vietcap.com.vn', port=443): Max retries exceeded with url: /api/chart/OHLCChart/gap (Caused by NameResolutionError("<urllib3.connection.HTTPSConnection object at 0x7e619e7f78c0>: Failed to resolve 'trading.vietcap.com.vn' ([Errno -2] Name or service not known)"))
[2025-10-07T11:15:16.789+0000] {client.py:83} ERROR - API request failed: HTTPSConnectionPool(host='trading.vietcap.com.vn', port=443): Max retries exceeded with url: /api/chart/OHLCChart/gap (Caused by NameResolutionError("<urllib3.connection.HTTPSConnection object at 0x7e619e935310>: Failed to resolve 'trading.vietcap.com.vn' ([Errno -2] Name or service not known)"))
[2025-10-07T11:15:16.797+0000] {logging_mixin.py:190} INFO - Không tìm thấy dữ liệu cho PNG
[2025-10-07T11:15:16.808+0000] {logging_mixin.py:190} INFO - ℹ️ PNG: Không có dữ liệu mới.
[2025-10-07T11:15:16.820+0000] {logging_mixin.py:190} INFO - 🚦 Giới hạn API đạt mức tối đa, chờ 0.1s...
[2025-10-07T11:15:16.893+0000] {logging_mixin.py:190} INFO - ⬇️ Bắt đầu xử lý symbol = PND
[2025-10-07T11:15:16.915+0000] {logging_mixin.py:190} INFO - ⚠️ Không đọc được file cũ PND: 'date'
[2025-10-07T11:15:16.926+0000] {logging_mixin.py:190} INFO - PND: trích dữ liệu từ 2025-09-20 đến 2025-10-07
[2025-10-07T11:15:16.931+0000] {client.py:83} ERROR - API request failed: HTTPSConnectionPool(host='trading.vietcap.com.vn', port=443): Max retries exceeded with url: /api/chart/OHLCChart/gap (Caused by NameResolutionError("<urllib3.connection.HTTPSConnection object at 0x7e619e7f7a10>: Failed to resolve 'trading.vietcap.com.vn' ([Errno -2] Name or service not known)"))
[2025-10-07T11:15:18.937+0000] {client.py:83} ERROR - API request failed: HTTPSConnectionPool(host='trading.vietcap.com.vn', port=443): Max retries exceeded with url: /api/chart/OHLCChart/gap (Caused by NameResolutionError("<urllib3.connection.HTTPSConnection object at 0x7e619e7f5580>: Failed to resolve 'trading.vietcap.com.vn' ([Errno -2] Name or service not known)"))
[2025-10-07T11:15:20.954+0000] {client.py:83} ERROR - API request failed: HTTPSConnectionPool(host='trading.vietcap.com.vn', port=443): Max retries exceeded with url: /api/chart/OHLCChart/gap (Caused by NameResolutionError("<urllib3.connection.HTTPSConnection object at 0x7e619e7f4d40>: Failed to resolve 'trading.vietcap.com.vn' ([Errno -2] Name or service not known)"))
[2025-10-07T11:15:20.957+0000] {logging_mixin.py:190} INFO - Không tìm thấy dữ liệu cho PND
[2025-10-07T11:15:20.965+0000] {logging_mixin.py:190} INFO - ℹ️ PND: Không có dữ liệu mới.
[2025-10-07T11:15:20.966+0000] {logging_mixin.py:190} INFO - 🚦 Giới hạn API đạt mức tối đa, chờ 0.0s...
[2025-10-07T11:15:20.974+0000] {logging_mixin.py:190} INFO - ⬇️ Bắt đầu xử lý symbol = PNC
[2025-10-07T11:15:21.049+0000] {logging_mixin.py:190} INFO - ⚠️ Không đọc được file cũ PNC: 'date'
[2025-10-07T11:15:21.094+0000] {logging_mixin.py:190} INFO - PNC: trích dữ liệu từ 2025-10-03 đến 2025-10-07
[2025-10-07T11:15:21.104+0000] {client.py:83} ERROR - API request failed: HTTPSConnectionPool(host='trading.vietcap.com.vn', port=443): Max retries exceeded with url: /api/chart/OHLCChart/gap (Caused by NameResolutionError("<urllib3.connection.HTTPSConnection object at 0x7e619e7f7b00>: Failed to resolve 'trading.vietcap.com.vn' ([Errno -2] Name or service not known)"))
[2025-10-07T11:15:23.122+0000] {client.py:83} ERROR - API request failed: HTTPSConnectionPool(host='trading.vietcap.com.vn', port=443): Max retries exceeded with url: /api/chart/OHLCChart/gap (Caused by NameResolutionError("<urllib3.connection.HTTPSConnection object at 0x7e619e781d90>: Failed to resolve 'trading.vietcap.com.vn' ([Errno -2] Name or service not known)"))
[2025-10-07T11:15:25.140+0000] {client.py:83} ERROR - API request failed: HTTPSConnectionPool(host='trading.vietcap.com.vn', port=443): Max retries exceeded with url: /api/chart/OHLCChart/gap (Caused by NameResolutionError("<urllib3.connection.HTTPSConnection object at 0x7e619e781a00>: Failed to resolve 'trading.vietcap.com.vn' ([Errno -2] Name or service not known)"))
[2025-10-07T11:15:25.143+0000] {logging_mixin.py:190} INFO - Không tìm thấy dữ liệu cho PNC
[2025-10-07T11:15:25.152+0000] {logging_mixin.py:190} INFO - ℹ️ PNC: Không có dữ liệu mới.
[2025-10-07T11:15:25.154+0000] {logging_mixin.py:190} INFO - ⬇️ Bắt đầu xử lý symbol = PMW
[2025-10-07T11:15:25.243+0000] {logging_mixin.py:190} INFO - ⚠️ Không đọc được file cũ PMW: 'date'
[2025-10-07T11:15:25.286+0000] {logging_mixin.py:190} INFO - PMW: trích dữ liệu từ 2025-10-01 đến 2025-10-07
[2025-10-07T11:15:25.301+0000] {client.py:83} ERROR - API request failed: HTTPSConnectionPool(host='trading.vietcap.com.vn', port=443): Max retries exceeded with url: /api/chart/OHLCChart/gap (Caused by NameResolutionError("<urllib3.connection.HTTPSConnection object at 0x7e619e781220>: Failed to resolve 'trading.vietcap.com.vn' ([Errno -2] Name or service not known)"))
[2025-10-07T11:15:27.307+0000] {client.py:83} ERROR - API request failed: HTTPSConnectionPool(host='trading.vietcap.com.vn', port=443): Max retries exceeded with url: /api/chart/OHLCChart/gap (Caused by NameResolutionError("<urllib3.connection.HTTPSConnection object at 0x7e619e7f7aa0>: Failed to resolve 'trading.vietcap.com.vn' ([Errno -2] Name or service not known)"))
[2025-10-07T11:15:29.324+0000] {client.py:83} ERROR - API request failed: HTTPSConnectionPool(host='trading.vietcap.com.vn', port=443): Max retries exceeded with url: /api/chart/OHLCChart/gap (Caused by NameResolutionError("<urllib3.connection.HTTPSConnection object at 0x7e619e7f7290>: Failed to resolve 'trading.vietcap.com.vn' ([Errno -2] Name or service not known)"))
[2025-10-07T11:15:29.327+0000] {logging_mixin.py:190} INFO - Không tìm thấy dữ liệu cho PMW
[2025-10-07T11:15:29.334+0000] {logging_mixin.py:190} INFO - ℹ️ PMW: Không có dữ liệu mới.
[2025-10-07T11:15:29.338+0000] {logging_mixin.py:190} INFO - ⬇️ Bắt đầu xử lý symbol = PMT
[2025-10-07T11:15:29.408+0000] {logging_mixin.py:190} INFO - ⚠️ Không đọc được file cũ PMT: 'date'
[2025-10-07T11:15:29.422+0000] {logging_mixin.py:190} INFO - PMT: trích dữ liệu từ 2025-10-04 đến 2025-10-07
[2025-10-07T11:15:29.430+0000] {client.py:83} ERROR - API request failed: HTTPSConnectionPool(host='trading.vietcap.com.vn', port=443): Max retries exceeded with url: /api/chart/OHLCChart/gap (Caused by NameResolutionError("<urllib3.connection.HTTPSConnection object at 0x7e619e935ca0>: Failed to resolve 'trading.vietcap.com.vn' ([Errno -2] Name or service not known)"))
[2025-10-07T11:15:31.437+0000] {client.py:83} ERROR - API request failed: HTTPSConnectionPool(host='trading.vietcap.com.vn', port=443): Max retries exceeded with url: /api/chart/OHLCChart/gap (Caused by NameResolutionError("<urllib3.connection.HTTPSConnection object at 0x7e619e937a70>: Failed to resolve 'trading.vietcap.com.vn' ([Errno -2] Name or service not known)"))
[2025-10-07T11:15:33.444+0000] {client.py:83} ERROR - API request failed: HTTPSConnectionPool(host='trading.vietcap.com.vn', port=443): Max retries exceeded with url: /api/chart/OHLCChart/gap (Caused by NameResolutionError("<urllib3.connection.HTTPSConnection object at 0x7e619e895610>: Failed to resolve 'trading.vietcap.com.vn' ([Errno -2] Name or service not known)"))
[2025-10-07T11:15:33.446+0000] {logging_mixin.py:190} INFO - Không tìm thấy dữ liệu cho PMT
[2025-10-07T11:15:33.448+0000] {logging_mixin.py:190} INFO - ℹ️ PMT: Không có dữ liệu mới.
[2025-10-07T11:15:33.448+0000] {logging_mixin.py:190} INFO - 🚦 Giới hạn API đạt mức tối đa, chờ 39.2s...
[2025-10-07T11:16:12.855+0000] {logging_mixin.py:190} INFO - ⬇️ Bắt đầu xử lý symbol = PMS
[2025-10-07T11:16:12.888+0000] {logging_mixin.py:190} INFO - ⚠️ Không đọc được file cũ PMS: 'date'
[2025-10-07T11:16:12.903+0000] {logging_mixin.py:190} INFO - PMS: trích dữ liệu từ 2025-10-04 đến 2025-10-07
[2025-10-07T11:16:12.910+0000] {client.py:83} ERROR - API request failed: HTTPSConnectionPool(host='trading.vietcap.com.vn', port=443): Max retries exceeded with url: /api/chart/OHLCChart/gap (Caused by NameResolutionError("<urllib3.connection.HTTPSConnection object at 0x7e619e936db0>: Failed to resolve 'trading.vietcap.com.vn' ([Errno -2] Name or service not known)"))
[2025-10-07T11:16:14.924+0000] {client.py:83} ERROR - API request failed: HTTPSConnectionPool(host='trading.vietcap.com.vn', port=443): Max retries exceeded with url: /api/chart/OHLCChart/gap (Caused by NameResolutionError("<urllib3.connection.HTTPSConnection object at 0x7e619e937ef0>: Failed to resolve 'trading.vietcap.com.vn' ([Errno -2] Name or service not known)"))
[2025-10-07T11:16:16.943+0000] {client.py:83} ERROR - API request failed: HTTPSConnectionPool(host='trading.vietcap.com.vn', port=443): Max retries exceeded with url: /api/chart/OHLCChart/gap (Caused by NameResolutionError("<urllib3.connection.HTTPSConnection object at 0x7e619e7aff20>: Failed to resolve 'trading.vietcap.com.vn' ([Errno -2] Name or service not known)"))
[2025-10-07T11:16:16.946+0000] {logging_mixin.py:190} INFO - Không tìm thấy dữ liệu cho PMS
[2025-10-07T11:16:16.950+0000] {logging_mixin.py:190} INFO - ℹ️ PMS: Không có dữ liệu mới.
[2025-10-07T11:16:16.952+0000] {logging_mixin.py:190} INFO - ⬇️ Bắt đầu xử lý symbol = PMP
[2025-10-07T11:16:17.037+0000] {logging_mixin.py:190} INFO - ⚠️ Không đọc được file cũ PMP: 'date'
[2025-10-07T11:16:17.059+0000] {logging_mixin.py:190} INFO - PMP: trích dữ liệu từ 2025-10-02 đến 2025-10-07
[2025-10-07T11:16:17.068+0000] {client.py:83} ERROR - API request failed: HTTPSConnectionPool(host='trading.vietcap.com.vn', port=443): Max retries exceeded with url: /api/chart/OHLCChart/gap (Caused by NameResolutionError("<urllib3.connection.HTTPSConnection object at 0x7e619e9352e0>: Failed to resolve 'trading.vietcap.com.vn' ([Errno -2] Name or service not known)"))
[2025-10-07T11:16:19.095+0000] {client.py:83} ERROR - API request failed: HTTPSConnectionPool(host='trading.vietcap.com.vn', port=443): Max retries exceeded with url: /api/chart/OHLCChart/gap (Caused by NameResolutionError("<urllib3.connection.HTTPSConnection object at 0x7e619e934950>: Failed to resolve 'trading.vietcap.com.vn' ([Errno -2] Name or service not known)"))
[2025-10-07T11:16:21.112+0000] {client.py:83} ERROR - API request failed: HTTPSConnectionPool(host='trading.vietcap.com.vn', port=443): Max retries exceeded with url: /api/chart/OHLCChart/gap (Caused by NameResolutionError("<urllib3.connection.HTTPSConnection object at 0x7e619e7afda0>: Failed to resolve 'trading.vietcap.com.vn' ([Errno -2] Name or service not known)"))
[2025-10-07T11:16:21.114+0000] {logging_mixin.py:190} INFO - Không tìm thấy dữ liệu cho PMP
[2025-10-07T11:16:21.118+0000] {logging_mixin.py:190} INFO - ℹ️ PMP: Không có dữ liệu mới.
[2025-10-07T11:16:21.121+0000] {logging_mixin.py:190} INFO - ⬇️ Bắt đầu xử lý symbol = PMJ
[2025-10-07T11:16:21.174+0000] {logging_mixin.py:190} INFO - ⚠️ Không đọc được file cũ PMJ: 'date'
[2025-10-07T11:16:21.197+0000] {logging_mixin.py:190} INFO - PMJ: trích dữ liệu từ 2025-10-02 đến 2025-10-07
[2025-10-07T11:16:21.212+0000] {client.py:83} ERROR - API request failed: HTTPSConnectionPool(host='trading.vietcap.com.vn', port=443): Max retries exceeded with url: /api/chart/OHLCChart/gap (Caused by NameResolutionError("<urllib3.connection.HTTPSConnection object at 0x7e619e7ae060>: Failed to resolve 'trading.vietcap.com.vn' ([Errno -2] Name or service not known)"))
[2025-10-07T11:16:23.237+0000] {client.py:83} ERROR - API request failed: HTTPSConnectionPool(host='trading.vietcap.com.vn', port=443): Max retries exceeded with url: /api/chart/OHLCChart/gap (Caused by NameResolutionError("<urllib3.connection.HTTPSConnection object at 0x7e619e935cd0>: Failed to resolve 'trading.vietcap.com.vn' ([Errno -2] Name or service not known)"))
[2025-10-07T11:16:25.454+0000] {client.py:83} ERROR - API request failed: HTTPSConnectionPool(host='trading.vietcap.com.vn', port=443): Max retries exceeded with url: /api/chart/OHLCChart/gap (Caused by NameResolutionError("<urllib3.connection.HTTPSConnection object at 0x7e619e83bec0>: Failed to resolve 'trading.vietcap.com.vn' ([Errno -2] Name or service not known)"))
[2025-10-07T11:16:25.459+0000] {logging_mixin.py:190} INFO - Không tìm thấy dữ liệu cho PMJ
[2025-10-07T11:16:25.471+0000] {logging_mixin.py:190} INFO - ℹ️ PMJ: Không có dữ liệu mới.
[2025-10-07T11:16:25.473+0000] {logging_mixin.py:190} INFO - ⬇️ Bắt đầu xử lý symbol = PMG
[2025-10-07T11:16:25.568+0000] {logging_mixin.py:190} INFO - ⚠️ Không đọc được file cũ PMG: 'date'
[2025-10-07T11:16:25.587+0000] {logging_mixin.py:190} INFO - PMG: trích dữ liệu từ 2025-10-04 đến 2025-10-07
[2025-10-07T11:16:25.594+0000] {client.py:83} ERROR - API request failed: HTTPSConnectionPool(host='trading.vietcap.com.vn', port=443): Max retries exceeded with url: /api/chart/OHLCChart/gap (Caused by NameResolutionError("<urllib3.connection.HTTPSConnection object at 0x7e619e7812b0>: Failed to resolve 'trading.vietcap.com.vn' ([Errno -2] Name or service not known)"))
[2025-10-07T11:16:27.616+0000] {client.py:83} ERROR - API request failed: HTTPSConnectionPool(host='trading.vietcap.com.vn', port=443): Max retries exceeded with url: /api/chart/OHLCChart/gap (Caused by NameResolutionError("<urllib3.connection.HTTPSConnection object at 0x7e619e7f4e60>: Failed to resolve 'trading.vietcap.com.vn' ([Errno -2] Name or service not known)"))
[2025-10-07T11:16:29.633+0000] {client.py:83} ERROR - API request failed: HTTPSConnectionPool(host='trading.vietcap.com.vn', port=443): Max retries exceeded with url: /api/chart/OHLCChart/gap (Caused by NameResolutionError("<urllib3.connection.HTTPSConnection object at 0x7e619e7ad700>: Failed to resolve 'trading.vietcap.com.vn' ([Errno -2] Name or service not known)"))
[2025-10-07T11:16:29.636+0000] {logging_mixin.py:190} INFO - Không tìm thấy dữ liệu cho PMG
[2025-10-07T11:16:29.642+0000] {logging_mixin.py:190} INFO - ℹ️ PMG: Không có dữ liệu mới.
[2025-10-07T11:16:29.645+0000] {logging_mixin.py:190} INFO - ⬇️ Bắt đầu xử lý symbol = PMC
[2025-10-07T11:16:29.725+0000] {logging_mixin.py:190} INFO - ⚠️ Không đọc được file cũ PMC: 'date'
[2025-10-07T11:16:29.760+0000] {logging_mixin.py:190} INFO - PMC: trích dữ liệu từ 2025-10-04 đến 2025-10-07
[2025-10-07T11:16:29.779+0000] {client.py:83} ERROR - API request failed: HTTPSConnectionPool(host='trading.vietcap.com.vn', port=443): Max retries exceeded with url: /api/chart/OHLCChart/gap (Caused by NameResolutionError("<urllib3.connection.HTTPSConnection object at 0x7e619e83b590>: Failed to resolve 'trading.vietcap.com.vn' ([Errno -2] Name or service not known)"))
[2025-10-07T11:16:31.797+0000] {client.py:83} ERROR - API request failed: HTTPSConnectionPool(host='trading.vietcap.com.vn', port=443): Max retries exceeded with url: /api/chart/OHLCChart/gap (Caused by NameResolutionError("<urllib3.connection.HTTPSConnection object at 0x7e619e780500>: Failed to resolve 'trading.vietcap.com.vn' ([Errno -2] Name or service not known)"))
[2025-10-07T11:16:33.868+0000] {client.py:83} ERROR - API request failed: HTTPSConnectionPool(host='trading.vietcap.com.vn', port=443): Max retries exceeded with url: /api/chart/OHLCChart/gap (Caused by NameResolutionError("<urllib3.connection.HTTPSConnection object at 0x7e619e783f20>: Failed to resolve 'trading.vietcap.com.vn' ([Errno -2] Name or service not known)"))
[2025-10-07T11:16:33.871+0000] {logging_mixin.py:190} INFO - Không tìm thấy dữ liệu cho PMC
[2025-10-07T11:16:33.875+0000] {logging_mixin.py:190} INFO - ℹ️ PMC: Không có dữ liệu mới.
[2025-10-07T11:16:33.878+0000] {logging_mixin.py:190} INFO - 🚦 Giới hạn API đạt mức tối đa, chờ 39.0s...
[2025-10-07T11:17:12.904+0000] {logging_mixin.py:190} INFO - ⬇️ Bắt đầu xử lý symbol = PMB
[2025-10-07T11:17:12.944+0000] {logging_mixin.py:190} INFO - ⚠️ Không đọc được file cũ PMB: 'date'
[2025-10-07T11:17:12.964+0000] {logging_mixin.py:190} INFO - PMB: trích dữ liệu từ 2025-10-03 đến 2025-10-07
[2025-10-07T11:17:12.976+0000] {client.py:83} ERROR - API request failed: HTTPSConnectionPool(host='trading.vietcap.com.vn', port=443): Max retries exceeded with url: /api/chart/OHLCChart/gap (Caused by NameResolutionError("<urllib3.connection.HTTPSConnection object at 0x7e619e7ae990>: Failed to resolve 'trading.vietcap.com.vn' ([Errno -2] Name or service not known)"))
[2025-10-07T11:17:14.989+0000] {client.py:83} ERROR - API request failed: HTTPSConnectionPool(host='trading.vietcap.com.vn', port=443): Max retries exceeded with url: /api/chart/OHLCChart/gap (Caused by NameResolutionError("<urllib3.connection.HTTPSConnection object at 0x7e619e935280>: Failed to resolve 'trading.vietcap.com.vn' ([Errno -2] Name or service not known)"))
[2025-10-07T11:17:16.996+0000] {client.py:83} ERROR - API request failed: HTTPSConnectionPool(host='trading.vietcap.com.vn', port=443): Max retries exceeded with url: /api/chart/OHLCChart/gap (Caused by NameResolutionError("<urllib3.connection.HTTPSConnection object at 0x7e619e7aef60>: Failed to resolve 'trading.vietcap.com.vn' ([Errno -2] Name or service not known)"))
[2025-10-07T11:17:16.997+0000] {logging_mixin.py:190} INFO - Không tìm thấy dữ liệu cho PMB
[2025-10-07T11:17:16.999+0000] {logging_mixin.py:190} INFO - ℹ️ PMB: Không có dữ liệu mới.
[2025-10-07T11:17:17.000+0000] {logging_mixin.py:190} INFO - ⬇️ Bắt đầu xử lý symbol = PLX
[2025-10-07T11:17:17.021+0000] {logging_mixin.py:190} INFO - ⚠️ Không đọc được file cũ PLX: 'date'
[2025-10-07T11:17:17.035+0000] {logging_mixin.py:190} INFO - PLX: trích dữ liệu từ 2025-10-04 đến 2025-10-07
[2025-10-07T11:17:17.040+0000] {client.py:83} ERROR - API request failed: HTTPSConnectionPool(host='trading.vietcap.com.vn', port=443): Max retries exceeded with url: /api/chart/OHLCChart/gap (Caused by NameResolutionError("<urllib3.connection.HTTPSConnection object at 0x7e619e936cc0>: Failed to resolve 'trading.vietcap.com.vn' ([Errno -2] Name or service not known)"))
[2025-10-07T11:17:19.057+0000] {client.py:83} ERROR - API request failed: HTTPSConnectionPool(host='trading.vietcap.com.vn', port=443): Max retries exceeded with url: /api/chart/OHLCChart/gap (Caused by NameResolutionError("<urllib3.connection.HTTPSConnection object at 0x7e619e935400>: Failed to resolve 'trading.vietcap.com.vn' ([Errno -2] Name or service not known)"))
[2025-10-07T11:17:21.075+0000] {client.py:83} ERROR - API request failed: HTTPSConnectionPool(host='trading.vietcap.com.vn', port=443): Max retries exceeded with url: /api/chart/OHLCChart/gap (Caused by NameResolutionError("<urllib3.connection.HTTPSConnection object at 0x7e619e7f50a0>: Failed to resolve 'trading.vietcap.com.vn' ([Errno -2] Name or service not known)"))
[2025-10-07T11:17:21.078+0000] {logging_mixin.py:190} INFO - Không tìm thấy dữ liệu cho PLX
[2025-10-07T11:17:21.084+0000] {logging_mixin.py:190} INFO - ℹ️ PLX: Không có dữ liệu mới.
[2025-10-07T11:17:21.086+0000] {logging_mixin.py:190} INFO - 🚦 Giới hạn API đạt mức tối đa, chờ 0.0s...
[2025-10-07T11:17:21.123+0000] {logging_mixin.py:190} INFO - ⬇️ Bắt đầu xử lý symbol = PLP
[2025-10-07T11:17:21.218+0000] {logging_mixin.py:190} INFO - ⚠️ Không đọc được file cũ PLP: 'date'
[2025-10-07T11:17:21.262+0000] {logging_mixin.py:190} INFO - PLP: trích dữ liệu từ 2025-10-04 đến 2025-10-07
[2025-10-07T11:17:21.285+0000] {client.py:83} ERROR - API request failed: HTTPSConnectionPool(host='trading.vietcap.com.vn', port=443): Max retries exceeded with url: /api/chart/OHLCChart/gap (Caused by NameResolutionError("<urllib3.connection.HTTPSConnection object at 0x7e619e937e00>: Failed to resolve 'trading.vietcap.com.vn' ([Errno -2] Name or service not known)"))
[2025-10-07T11:17:23.309+0000] {client.py:83} ERROR - API request failed: HTTPSConnectionPool(host='trading.vietcap.com.vn', port=443): Max retries exceeded with url: /api/chart/OHLCChart/gap (Caused by NameResolutionError("<urllib3.connection.HTTPSConnection object at 0x7e619e782f00>: Failed to resolve 'trading.vietcap.com.vn' ([Errno -2] Name or service not known)"))
[2025-10-07T11:17:25.318+0000] {client.py:83} ERROR - API request failed: HTTPSConnectionPool(host='trading.vietcap.com.vn', port=443): Max retries exceeded with url: /api/chart/OHLCChart/gap (Caused by NameResolutionError("<urllib3.connection.HTTPSConnection object at 0x7e619e7f4380>: Failed to resolve 'trading.vietcap.com.vn' ([Errno -2] Name or service not known)"))
[2025-10-07T11:17:25.320+0000] {logging_mixin.py:190} INFO - Không tìm thấy dữ liệu cho PLP
[2025-10-07T11:17:25.322+0000] {logging_mixin.py:190} INFO - ℹ️ PLP: Không có dữ liệu mới.
[2025-10-07T11:17:25.322+0000] {logging_mixin.py:190} INFO - 🚦 Giới hạn API đạt mức tối đa, chờ 0.2s...
[2025-10-07T11:17:25.474+0000] {logging_mixin.py:190} INFO - ⬇️ Bắt đầu xử lý symbol = PLO
[2025-10-07T11:17:25.505+0000] {logging_mixin.py:190} INFO - ⚠️ Không đọc được file cũ PLO: 'date'
[2025-10-07T11:17:25.518+0000] {logging_mixin.py:190} INFO - PLO: trích dữ liệu từ 2025-10-01 đến 2025-10-07
[2025-10-07T11:17:25.526+0000] {client.py:83} ERROR - API request failed: HTTPSConnectionPool(host='trading.vietcap.com.vn', port=443): Max retries exceeded with url: /api/chart/OHLCChart/gap (Caused by NameResolutionError("<urllib3.connection.HTTPSConnection object at 0x7e619e8393a0>: Failed to resolve 'trading.vietcap.com.vn' ([Errno -2] Name or service not known)"))
[2025-10-07T11:17:27.545+0000] {client.py:83} ERROR - API request failed: HTTPSConnectionPool(host='trading.vietcap.com.vn', port=443): Max retries exceeded with url: /api/chart/OHLCChart/gap (Caused by NameResolutionError("<urllib3.connection.HTTPSConnection object at 0x7e619e9365d0>: Failed to resolve 'trading.vietcap.com.vn' ([Errno -2] Name or service not known)"))
[2025-10-07T11:17:29.577+0000] {client.py:83} ERROR - API request failed: HTTPSConnectionPool(host='trading.vietcap.com.vn', port=443): Max retries exceeded with url: /api/chart/OHLCChart/gap (Caused by NameResolutionError("<urllib3.connection.HTTPSConnection object at 0x7e619e936cc0>: Failed to resolve 'trading.vietcap.com.vn' ([Errno -2] Name or service not known)"))
[2025-10-07T11:17:29.581+0000] {logging_mixin.py:190} INFO - Không tìm thấy dữ liệu cho PLO
[2025-10-07T11:17:29.594+0000] {logging_mixin.py:190} INFO - ℹ️ PLO: Không có dữ liệu mới.
[2025-10-07T11:17:29.596+0000] {logging_mixin.py:190} INFO - 🚦 Giới hạn API đạt mức tối đa, chờ 0.0s...
[2025-10-07T11:17:29.648+0000] {logging_mixin.py:190} INFO - ⬇️ Bắt đầu xử lý symbol = PLE
[2025-10-07T11:17:29.725+0000] {logging_mixin.py:190} INFO - ⚠️ Không đọc được file cũ PLE: 'date'
[2025-10-07T11:17:29.759+0000] {logging_mixin.py:190} INFO - PLE: trích dữ liệu từ 2025-09-06 đến 2025-10-07
[2025-10-07T11:17:29.778+0000] {client.py:83} ERROR - API request failed: HTTPSConnectionPool(host='trading.vietcap.com.vn', port=443): Max retries exceeded with url: /api/chart/OHLCChart/gap (Caused by NameResolutionError("<urllib3.connection.HTTPSConnection object at 0x7e619e782180>: Failed to resolve 'trading.vietcap.com.vn' ([Errno -2] Name or service not known)"))
[2025-10-07T11:17:31.792+0000] {client.py:83} ERROR - API request failed: HTTPSConnectionPool(host='trading.vietcap.com.vn', port=443): Max retries exceeded with url: /api/chart/OHLCChart/gap (Caused by NameResolutionError("<urllib3.connection.HTTPSConnection object at 0x7e619e839850>: Failed to resolve 'trading.vietcap.com.vn' ([Errno -2] Name or service not known)"))
[2025-10-07T11:17:33.852+0000] {client.py:83} ERROR - API request failed: HTTPSConnectionPool(host='trading.vietcap.com.vn', port=443): Max retries exceeded with url: /api/chart/OHLCChart/gap (Caused by NameResolutionError("<urllib3.connection.HTTPSConnection object at 0x7e619e781e50>: Failed to resolve 'trading.vietcap.com.vn' ([Errno -2] Name or service not known)"))
[2025-10-07T11:17:33.853+0000] {logging_mixin.py:190} INFO - Không tìm thấy dữ liệu cho PLE
[2025-10-07T11:17:33.856+0000] {logging_mixin.py:190} INFO - ℹ️ PLE: Không có dữ liệu mới.
[2025-10-07T11:17:33.857+0000] {logging_mixin.py:190} INFO - 🚦 Giới hạn API đạt mức tối đa, chờ 39.0s...
[2025-10-07T11:18:12.923+0000] {logging_mixin.py:190} INFO - ⬇️ Bắt đầu xử lý symbol = PLC
[2025-10-07T11:18:12.956+0000] {logging_mixin.py:190} INFO - ⚠️ Không đọc được file cũ PLC: 'date'
[2025-10-07T11:18:12.972+0000] {logging_mixin.py:190} INFO - PLC: trích dữ liệu từ 2025-10-04 đến 2025-10-07
[2025-10-07T11:18:12.979+0000] {client.py:83} ERROR - API request failed: HTTPSConnectionPool(host='trading.vietcap.com.vn', port=443): Max retries exceeded with url: /api/chart/OHLCChart/gap (Caused by NameResolutionError("<urllib3.connection.HTTPSConnection object at 0x7e619e83bec0>: Failed to resolve 'trading.vietcap.com.vn' ([Errno -2] Name or service not known)"))
[2025-10-07T11:18:15.000+0000] {client.py:83} ERROR - API request failed: HTTPSConnectionPool(host='trading.vietcap.com.vn', port=443): Max retries exceeded with url: /api/chart/OHLCChart/gap (Caused by NameResolutionError("<urllib3.connection.HTTPSConnection object at 0x7e619e83be00>: Failed to resolve 'trading.vietcap.com.vn' ([Errno -2] Name or service not known)"))
[2025-10-07T11:18:17.021+0000] {client.py:83} ERROR - API request failed: HTTPSConnectionPool(host='trading.vietcap.com.vn', port=443): Max retries exceeded with url: /api/chart/OHLCChart/gap (Caused by NameResolutionError("<urllib3.connection.HTTPSConnection object at 0x7e619e83b680>: Failed to resolve 'trading.vietcap.com.vn' ([Errno -2] Name or service not known)"))
[2025-10-07T11:18:17.024+0000] {logging_mixin.py:190} INFO - Không tìm thấy dữ liệu cho PLC
[2025-10-07T11:18:17.029+0000] {logging_mixin.py:190} INFO - ℹ️ PLC: Không có dữ liệu mới.
[2025-10-07T11:18:17.031+0000] {logging_mixin.py:190} INFO - ⬇️ Bắt đầu xử lý symbol = PLA
[2025-10-07T11:18:17.122+0000] {logging_mixin.py:190} INFO - ⚠️ Không đọc được file cũ PLA: 'date'
[2025-10-07T11:18:17.143+0000] {logging_mixin.py:190} INFO - PLA: trích dữ liệu từ 2025-10-04 đến 2025-10-07
[2025-10-07T11:18:17.158+0000] {client.py:83} ERROR - API request failed: HTTPSConnectionPool(host='trading.vietcap.com.vn', port=443): Max retries exceeded with url: /api/chart/OHLCChart/gap (Caused by NameResolutionError("<urllib3.connection.HTTPSConnection object at 0x7e619e838fe0>: Failed to resolve 'trading.vietcap.com.vn' ([Errno -2] Name or service not known)"))
[2025-10-07T11:18:19.190+0000] {client.py:83} ERROR - API request failed: HTTPSConnectionPool(host='trading.vietcap.com.vn', port=443): Max retries exceeded with url: /api/chart/OHLCChart/gap (Caused by NameResolutionError("<urllib3.connection.HTTPSConnection object at 0x7e619e9355b0>: Failed to resolve 'trading.vietcap.com.vn' ([Errno -2] Name or service not known)"))
[2025-10-07T11:18:21.222+0000] {client.py:83} ERROR - API request failed: HTTPSConnectionPool(host='trading.vietcap.com.vn', port=443): Max retries exceeded with url: /api/chart/OHLCChart/gap (Caused by NameResolutionError("<urllib3.connection.HTTPSConnection object at 0x7e619e7ad700>: Failed to resolve 'trading.vietcap.com.vn' ([Errno -2] Name or service not known)"))
[2025-10-07T11:18:21.226+0000] {logging_mixin.py:190} INFO - Không tìm thấy dữ liệu cho PLA
[2025-10-07T11:18:21.234+0000] {logging_mixin.py:190} INFO - ℹ️ PLA: Không có dữ liệu mới.
[2025-10-07T11:18:21.238+0000] {logging_mixin.py:190} INFO - ⬇️ Bắt đầu xử lý symbol = PJT
[2025-10-07T11:18:21.332+0000] {logging_mixin.py:190} INFO - ⚠️ Không đọc được file cũ PJT: 'date'
[2025-10-07T11:18:21.367+0000] {logging_mixin.py:190} INFO - PJT: trích dữ liệu từ 2025-10-04 đến 2025-10-07
[2025-10-07T11:18:21.376+0000] {client.py:83} ERROR - API request failed: HTTPSConnectionPool(host='trading.vietcap.com.vn', port=443): Max retries exceeded with url: /api/chart/OHLCChart/gap (Caused by NameResolutionError("<urllib3.connection.HTTPSConnection object at 0x7e619e81d2b0>: Failed to resolve 'trading.vietcap.com.vn' ([Errno -2] Name or service not known)"))
[2025-10-07T11:18:23.383+0000] {client.py:83} ERROR - API request failed: HTTPSConnectionPool(host='trading.vietcap.com.vn', port=443): Max retries exceeded with url: /api/chart/OHLCChart/gap (Caused by NameResolutionError("<urllib3.connection.HTTPSConnection object at 0x7e619e9365d0>: Failed to resolve 'trading.vietcap.com.vn' ([Errno -2] Name or service not known)"))
[2025-10-07T11:18:25.396+0000] {client.py:83} ERROR - API request failed: HTTPSConnectionPool(host='trading.vietcap.com.vn', port=443): Max retries exceeded with url: /api/chart/OHLCChart/gap (Caused by NameResolutionError("<urllib3.connection.HTTPSConnection object at 0x7e619e838440>: Failed to resolve 'trading.vietcap.com.vn' ([Errno -2] Name or service not known)"))
[2025-10-07T11:18:25.398+0000] {logging_mixin.py:190} INFO - Không tìm thấy dữ liệu cho PJT
[2025-10-07T11:18:25.400+0000] {logging_mixin.py:190} INFO - ℹ️ PJT: Không có dữ liệu mới.
[2025-10-07T11:18:25.401+0000] {logging_mixin.py:190} INFO - 🚦 Giới hạn API đạt mức tối đa, chờ 0.1s...
[2025-10-07T11:18:25.477+0000] {logging_mixin.py:190} INFO - ⬇️ Bắt đầu xử lý symbol = PJS
[2025-10-07T11:18:25.619+0000] {logging_mixin.py:190} INFO - ⚠️ Không đọc được file cũ PJS: 'date'
[2025-10-07T11:18:25.646+0000] {logging_mixin.py:190} INFO - PJS: trích dữ liệu từ 2025-09-25 đến 2025-10-07
[2025-10-07T11:18:25.655+0000] {client.py:83} ERROR - API request failed: HTTPSConnectionPool(host='trading.vietcap.com.vn', port=443): Max retries exceeded with url: /api/chart/OHLCChart/gap (Caused by NameResolutionError("<urllib3.connection.HTTPSConnection object at 0x7e619e81d460>: Failed to resolve 'trading.vietcap.com.vn' ([Errno -2] Name or service not known)"))
[2025-10-07T11:18:27.662+0000] {client.py:83} ERROR - API request failed: HTTPSConnectionPool(host='trading.vietcap.com.vn', port=443): Max retries exceeded with url: /api/chart/OHLCChart/gap (Caused by NameResolutionError("<urllib3.connection.HTTPSConnection object at 0x7e619e81de80>: Failed to resolve 'trading.vietcap.com.vn' ([Errno -2] Name or service not known)"))
[2025-10-07T11:18:29.680+0000] {client.py:83} ERROR - API request failed: HTTPSConnectionPool(host='trading.vietcap.com.vn', port=443): Max retries exceeded with url: /api/chart/OHLCChart/gap (Caused by NameResolutionError("<urllib3.connection.HTTPSConnection object at 0x7e619e9365d0>: Failed to resolve 'trading.vietcap.com.vn' ([Errno -2] Name or service not known)"))
[2025-10-07T11:18:29.880+0000] {logging_mixin.py:190} INFO - Không tìm thấy dữ liệu cho PJS
[2025-10-07T11:18:29.889+0000] {logging_mixin.py:190} INFO - ℹ️ PJS: Không có dữ liệu mới.
[2025-10-07T11:18:29.903+0000] {logging_mixin.py:190} INFO - ⬇️ Bắt đầu xử lý symbol = PJC
[2025-10-07T11:18:29.949+0000] {logging_mixin.py:190} INFO - ⚠️ Không đọc được file cũ PJC: 'date'
[2025-10-07T11:18:29.967+0000] {logging_mixin.py:190} INFO - PJC: trích dữ liệu từ 2025-10-03 đến 2025-10-07
[2025-10-07T11:18:29.975+0000] {client.py:83} ERROR - API request failed: HTTPSConnectionPool(host='trading.vietcap.com.vn', port=443): Max retries exceeded with url: /api/chart/OHLCChart/gap (Caused by NameResolutionError("<urllib3.connection.HTTPSConnection object at 0x7e619e81deb0>: Failed to resolve 'trading.vietcap.com.vn' ([Errno -2] Name or service not known)"))
[2025-10-07T11:18:31.992+0000] {client.py:83} ERROR - API request failed: HTTPSConnectionPool(host='trading.vietcap.com.vn', port=443): Max retries exceeded with url: /api/chart/OHLCChart/gap (Caused by NameResolutionError("<urllib3.connection.HTTPSConnection object at 0x7e619e81e750>: Failed to resolve 'trading.vietcap.com.vn' ([Errno -2] Name or service not known)"))
[2025-10-07T11:18:34.062+0000] {client.py:83} ERROR - API request failed: HTTPSConnectionPool(host='trading.vietcap.com.vn', port=443): Max retries exceeded with url: /api/chart/OHLCChart/gap (Caused by NameResolutionError("<urllib3.connection.HTTPSConnection object at 0x7e619e7f77d0>: Failed to resolve 'trading.vietcap.com.vn' ([Errno -2] Name or service not known)"))
[2025-10-07T11:18:34.070+0000] {logging_mixin.py:190} INFO - Không tìm thấy dữ liệu cho PJC
[2025-10-07T11:18:34.076+0000] {logging_mixin.py:190} INFO - ℹ️ PJC: Không có dữ liệu mới.
[2025-10-07T11:18:34.079+0000] {logging_mixin.py:190} INFO - 🚦 Giới hạn API đạt mức tối đa, chờ 38.8s...
[2025-10-07T11:19:12.927+0000] {logging_mixin.py:190} INFO - ⬇️ Bắt đầu xử lý symbol = PIV
[2025-10-07T11:19:12.976+0000] {logging_mixin.py:190} INFO - ⚠️ Không đọc được file cũ PIV: 'date'
[2025-10-07T11:19:12.996+0000] {logging_mixin.py:190} INFO - PIV: trích dữ liệu từ 2025-10-04 đến 2025-10-07
[2025-10-07T11:19:13.005+0000] {client.py:83} ERROR - API request failed: HTTPSConnectionPool(host='trading.vietcap.com.vn', port=443): Max retries exceeded with url: /api/chart/OHLCChart/gap (Caused by NameResolutionError("<urllib3.connection.HTTPSConnection object at 0x7e619e81e6f0>: Failed to resolve 'trading.vietcap.com.vn' ([Errno -2] Name or service not known)"))
[2025-10-07T11:19:15.023+0000] {client.py:83} ERROR - API request failed: HTTPSConnectionPool(host='trading.vietcap.com.vn', port=443): Max retries exceeded with url: /api/chart/OHLCChart/gap (Caused by NameResolutionError("<urllib3.connection.HTTPSConnection object at 0x7e619e83a540>: Failed to resolve 'trading.vietcap.com.vn' ([Errno -2] Name or service not known)"))
[2025-10-07T11:19:17.051+0000] {client.py:83} ERROR - API request failed: HTTPSConnectionPool(host='trading.vietcap.com.vn', port=443): Max retries exceeded with url: /api/chart/OHLCChart/gap (Caused by NameResolutionError("<urllib3.connection.HTTPSConnection object at 0x7e619e839cd0>: Failed to resolve 'trading.vietcap.com.vn' ([Errno -2] Name or service not known)"))
[2025-10-07T11:19:17.052+0000] {logging_mixin.py:190} INFO - Không tìm thấy dữ liệu cho PIV
[2025-10-07T11:19:17.055+0000] {logging_mixin.py:190} INFO - ℹ️ PIV: Không có dữ liệu mới.
[2025-10-07T11:19:17.055+0000] {logging_mixin.py:190} INFO - ⬇️ Bắt đầu xử lý symbol = PIT
[2025-10-07T11:19:17.090+0000] {logging_mixin.py:190} INFO - ⚠️ Không đọc được file cũ PIT: 'date'
[2025-10-07T11:19:17.103+0000] {logging_mixin.py:190} INFO - PIT: trích dữ liệu từ 2025-10-04 đến 2025-10-07
[2025-10-07T11:19:17.111+0000] {client.py:83} ERROR - API request failed: HTTPSConnectionPool(host='trading.vietcap.com.vn', port=443): Max retries exceeded with url: /api/chart/OHLCChart/gap (Caused by NameResolutionError("<urllib3.connection.HTTPSConnection object at 0x7e619e935e50>: Failed to resolve 'trading.vietcap.com.vn' ([Errno -2] Name or service not known)"))
[2025-10-07T11:19:19.132+0000] {client.py:83} ERROR - API request failed: HTTPSConnectionPool(host='trading.vietcap.com.vn', port=443): Max retries exceeded with url: /api/chart/OHLCChart/gap (Caused by NameResolutionError("<urllib3.connection.HTTPSConnection object at 0x7e619e839be0>: Failed to resolve 'trading.vietcap.com.vn' ([Errno -2] Name or service not known)"))
[2025-10-07T11:19:21.142+0000] {client.py:83} ERROR - API request failed: HTTPSConnectionPool(host='trading.vietcap.com.vn', port=443): Max retries exceeded with url: /api/chart/OHLCChart/gap (Caused by NameResolutionError("<urllib3.connection.HTTPSConnection object at 0x7e619e81c6e0>: Failed to resolve 'trading.vietcap.com.vn' ([Errno -2] Name or service not known)"))
[2025-10-07T11:19:21.144+0000] {logging_mixin.py:190} INFO - Không tìm thấy dữ liệu cho PIT
[2025-10-07T11:19:21.145+0000] {logging_mixin.py:190} INFO - ℹ️ PIT: Không có dữ liệu mới.
[2025-10-07T11:19:21.146+0000] {logging_mixin.py:190} INFO - 🚦 Giới hạn API đạt mức tối đa, chờ 0.1s...
[2025-10-07T11:19:21.239+0000] {logging_mixin.py:190} INFO - ⬇️ Bắt đầu xử lý symbol = PIS
[2025-10-07T11:19:21.278+0000] {logging_mixin.py:190} INFO - ⚠️ Không đọc được file cũ PIS: 'date'
[2025-10-07T11:19:21.294+0000] {logging_mixin.py:190} INFO - PIS: trích dữ liệu từ 2025-09-18 đến 2025-10-07
[2025-10-07T11:19:21.301+0000] {client.py:83} ERROR - API request failed: HTTPSConnectionPool(host='trading.vietcap.com.vn', port=443): Max retries exceeded with url: /api/chart/OHLCChart/gap (Caused by NameResolutionError("<urllib3.connection.HTTPSConnection object at 0x7e619e935820>: Failed to resolve 'trading.vietcap.com.vn' ([Errno -2] Name or service not known)"))
[2025-10-07T11:19:23.324+0000] {client.py:83} ERROR - API request failed: HTTPSConnectionPool(host='trading.vietcap.com.vn', port=443): Max retries exceeded with url: /api/chart/OHLCChart/gap (Caused by NameResolutionError("<urllib3.connection.HTTPSConnection object at 0x7e619e934ec0>: Failed to resolve 'trading.vietcap.com.vn' ([Errno -2] Name or service not known)"))
[2025-10-07T11:19:25.352+0000] {client.py:83} ERROR - API request failed: HTTPSConnectionPool(host='trading.vietcap.com.vn', port=443): Max retries exceeded with url: /api/chart/OHLCChart/gap (Caused by NameResolutionError("<urllib3.connection.HTTPSConnection object at 0x7e619e936ea0>: Failed to resolve 'trading.vietcap.com.vn' ([Errno -2] Name or service not known)"))
[2025-10-07T11:19:25.356+0000] {logging_mixin.py:190} INFO - Không tìm thấy dữ liệu cho PIS
[2025-10-07T11:19:25.364+0000] {logging_mixin.py:190} INFO - ℹ️ PIS: Không có dữ liệu mới.
[2025-10-07T11:19:25.368+0000] {logging_mixin.py:190} INFO - 🚦 Giới hạn API đạt mức tối đa, chờ 0.1s...
[2025-10-07T11:19:25.479+0000] {logging_mixin.py:190} INFO - ⬇️ Bắt đầu xử lý symbol = PID
[2025-10-07T11:19:25.555+0000] {logging_mixin.py:190} INFO - ⚠️ Không đọc được file cũ PID: 'date'
[2025-10-07T11:19:25.571+0000] {logging_mixin.py:190} INFO - PID: trích dữ liệu từ 2024-07-26 đến 2025-10-07
[2025-10-07T11:19:25.577+0000] {client.py:83} ERROR - API request failed: HTTPSConnectionPool(host='trading.vietcap.com.vn', port=443): Max retries exceeded with url: /api/chart/OHLCChart/gap (Caused by NameResolutionError("<urllib3.connection.HTTPSConnection object at 0x7e619e83b050>: Failed to resolve 'trading.vietcap.com.vn' ([Errno -2] Name or service not known)"))
[2025-10-07T11:19:27.597+0000] {client.py:83} ERROR - API request failed: HTTPSConnectionPool(host='trading.vietcap.com.vn', port=443): Max retries exceeded with url: /api/chart/OHLCChart/gap (Caused by NameResolutionError("<urllib3.connection.HTTPSConnection object at 0x7e619e781670>: Failed to resolve 'trading.vietcap.com.vn' ([Errno -2] Name or service not known)"))
[2025-10-07T11:19:29.617+0000] {client.py:83} ERROR - API request failed: HTTPSConnectionPool(host='trading.vietcap.com.vn', port=443): Max retries exceeded with url: /api/chart/OHLCChart/gap (Caused by NameResolutionError("<urllib3.connection.HTTPSConnection object at 0x7e619e783a70>: Failed to resolve 'trading.vietcap.com.vn' ([Errno -2] Name or service not known)"))
[2025-10-07T11:19:29.624+0000] {logging_mixin.py:190} INFO - Không tìm thấy dữ liệu cho PID
[2025-10-07T11:19:29.632+0000] {logging_mixin.py:190} INFO - ℹ️ PID: Không có dữ liệu mới.
[2025-10-07T11:19:29.634+0000] {logging_mixin.py:190} INFO - 🚦 Giới hạn API đạt mức tối đa, chờ 0.3s...
[2025-10-07T11:19:29.907+0000] {logging_mixin.py:190} INFO - ⬇️ Bắt đầu xử lý symbol = PIC
[2025-10-07T11:19:30.007+0000] {logging_mixin.py:190} INFO - ⚠️ Không đọc được file cũ PIC: 'date'
[2025-10-07T11:19:30.049+0000] {logging_mixin.py:190} INFO - PIC: trích dữ liệu từ 2025-10-03 đến 2025-10-07
[2025-10-07T11:19:30.065+0000] {client.py:83} ERROR - API request failed: HTTPSConnectionPool(host='trading.vietcap.com.vn', port=443): Max retries exceeded with url: /api/chart/OHLCChart/gap (Caused by NameResolutionError("<urllib3.connection.HTTPSConnection object at 0x7e619e937230>: Failed to resolve 'trading.vietcap.com.vn' ([Errno -2] Name or service not known)"))
[2025-10-07T11:19:32.083+0000] {client.py:83} ERROR - API request failed: HTTPSConnectionPool(host='trading.vietcap.com.vn', port=443): Max retries exceeded with url: /api/chart/OHLCChart/gap (Caused by NameResolutionError("<urllib3.connection.HTTPSConnection object at 0x7e619e9368d0>: Failed to resolve 'trading.vietcap.com.vn' ([Errno -2] Name or service not known)"))
[2025-10-07T11:19:34.094+0000] {client.py:83} ERROR - API request failed: HTTPSConnectionPool(host='trading.vietcap.com.vn', port=443): Max retries exceeded with url: /api/chart/OHLCChart/gap (Caused by NameResolutionError("<urllib3.connection.HTTPSConnection object at 0x7e619e83a240>: Failed to resolve 'trading.vietcap.com.vn' ([Errno -2] Name or service not known)"))
[2025-10-07T11:19:34.099+0000] {logging_mixin.py:190} INFO - Không tìm thấy dữ liệu cho PIC
[2025-10-07T11:19:34.101+0000] {logging_mixin.py:190} INFO - ℹ️ PIC: Không có dữ liệu mới.
[2025-10-07T11:19:34.102+0000] {logging_mixin.py:190} INFO - 🚦 Giới hạn API đạt mức tối đa, chờ 38.8s...
[2025-10-07T11:20:12.927+0000] {logging_mixin.py:190} INFO - ⬇️ Bắt đầu xử lý symbol = PIA
[2025-10-07T11:20:12.967+0000] {logging_mixin.py:190} INFO - ⚠️ Không đọc được file cũ PIA: 'date'
[2025-10-07T11:20:12.990+0000] {logging_mixin.py:190} INFO - PIA: trích dữ liệu từ 2025-09-26 đến 2025-10-07
[2025-10-07T11:20:13.004+0000] {client.py:83} ERROR - API request failed: HTTPSConnectionPool(host='trading.vietcap.com.vn', port=443): Max retries exceeded with url: /api/chart/OHLCChart/gap (Caused by NameResolutionError("<urllib3.connection.HTTPSConnection object at 0x7e619e7ae750>: Failed to resolve 'trading.vietcap.com.vn' ([Errno -2] Name or service not known)"))
[2025-10-07T11:20:15.030+0000] {client.py:83} ERROR - API request failed: HTTPSConnectionPool(host='trading.vietcap.com.vn', port=443): Max retries exceeded with url: /api/chart/OHLCChart/gap (Caused by NameResolutionError("<urllib3.connection.HTTPSConnection object at 0x7e619e936f90>: Failed to resolve 'trading.vietcap.com.vn' ([Errno -2] Name or service not known)"))
[2025-10-07T11:20:17.049+0000] {client.py:83} ERROR - API request failed: HTTPSConnectionPool(host='trading.vietcap.com.vn', port=443): Max retries exceeded with url: /api/chart/OHLCChart/gap (Caused by NameResolutionError("<urllib3.connection.HTTPSConnection object at 0x7e619e935a30>: Failed to resolve 'trading.vietcap.com.vn' ([Errno -2] Name or service not known)"))
[2025-10-07T11:20:17.053+0000] {logging_mixin.py:190} INFO - Không tìm thấy dữ liệu cho PIA
[2025-10-07T11:20:17.060+0000] {logging_mixin.py:190} INFO - ℹ️ PIA: Không có dữ liệu mới.
[2025-10-07T11:20:17.062+0000] {logging_mixin.py:190} INFO - ⬇️ Bắt đầu xử lý symbol = PHS
[2025-10-07T11:20:17.150+0000] {logging_mixin.py:190} INFO - ⚠️ Không đọc được file cũ PHS: 'date'
[2025-10-07T11:20:17.186+0000] {logging_mixin.py:190} INFO - PHS: trích dữ liệu từ 2025-09-17 đến 2025-10-07
[2025-10-07T11:20:17.204+0000] {client.py:83} ERROR - API request failed: HTTPSConnectionPool(host='trading.vietcap.com.vn', port=443): Max retries exceeded with url: /api/chart/OHLCChart/gap (Caused by NameResolutionError("<urllib3.connection.HTTPSConnection object at 0x7e619e7ac6b0>: Failed to resolve 'trading.vietcap.com.vn' ([Errno -2] Name or service not known)"))
[2025-10-07T11:20:19.213+0000] {client.py:83} ERROR - API request failed: HTTPSConnectionPool(host='trading.vietcap.com.vn', port=443): Max retries exceeded with url: /api/chart/OHLCChart/gap (Caused by NameResolutionError("<urllib3.connection.HTTPSConnection object at 0x7e619e7acef0>: Failed to resolve 'trading.vietcap.com.vn' ([Errno -2] Name or service not known)"))
[2025-10-07T11:20:21.279+0000] {client.py:83} ERROR - API request failed: HTTPSConnectionPool(host='trading.vietcap.com.vn', port=443): Max retries exceeded with url: /api/chart/OHLCChart/gap (Caused by NameResolutionError("<urllib3.connection.HTTPSConnection object at 0x7e619e7acf20>: Failed to resolve 'trading.vietcap.com.vn' ([Errno -2] Name or service not known)"))
[2025-10-07T11:20:21.281+0000] {logging_mixin.py:190} INFO - Không tìm thấy dữ liệu cho PHS
[2025-10-07T11:20:21.288+0000] {logging_mixin.py:190} INFO - ℹ️ PHS: Không có dữ liệu mới.
[2025-10-07T11:20:21.291+0000] {logging_mixin.py:190} INFO - ⬇️ Bắt đầu xử lý symbol = PHR
[2025-10-07T11:20:21.358+0000] {logging_mixin.py:190} INFO - ⚠️ Không đọc được file cũ PHR: 'date'
[2025-10-07T11:20:21.396+0000] {logging_mixin.py:190} INFO - PHR: trích dữ liệu từ 2025-10-04 đến 2025-10-07
[2025-10-07T11:20:21.420+0000] {client.py:83} ERROR - API request failed: HTTPSConnectionPool(host='trading.vietcap.com.vn', port=443): Max retries exceeded with url: /api/chart/OHLCChart/gap (Caused by NameResolutionError("<urllib3.connection.HTTPSConnection object at 0x7e619e83aa80>: Failed to resolve 'trading.vietcap.com.vn' ([Errno -2] Name or service not known)"))
[2025-10-07T11:20:23.429+0000] {client.py:83} ERROR - API request failed: HTTPSConnectionPool(host='trading.vietcap.com.vn', port=443): Max retries exceeded with url: /api/chart/OHLCChart/gap (Caused by NameResolutionError("<urllib3.connection.HTTPSConnection object at 0x7e61b4d106b0>: Failed to resolve 'trading.vietcap.com.vn' ([Errno -2] Name or service not known)"))
[2025-10-07T11:20:25.438+0000] {client.py:83} ERROR - API request failed: HTTPSConnectionPool(host='trading.vietcap.com.vn', port=443): Max retries exceeded with url: /api/chart/OHLCChart/gap (Caused by NameResolutionError("<urllib3.connection.HTTPSConnection object at 0x7e61b4d124b0>: Failed to resolve 'trading.vietcap.com.vn' ([Errno -2] Name or service not known)"))
[2025-10-07T11:20:25.439+0000] {logging_mixin.py:190} INFO - Không tìm thấy dữ liệu cho PHR
[2025-10-07T11:20:25.443+0000] {logging_mixin.py:190} INFO - ℹ️ PHR: Không có dữ liệu mới.
[2025-10-07T11:20:25.444+0000] {logging_mixin.py:190} INFO - 🚦 Giới hạn API đạt mức tối đa, chờ 0.0s...
[2025-10-07T11:20:25.481+0000] {logging_mixin.py:190} INFO - ⬇️ Bắt đầu xử lý symbol = PHP
[2025-10-07T11:20:25.529+0000] {logging_mixin.py:190} INFO - ⚠️ Không đọc được file cũ PHP: 'date'
[2025-10-07T11:20:25.550+0000] {logging_mixin.py:190} INFO - PHP: trích dữ liệu từ 2025-10-04 đến 2025-10-07
[2025-10-07T11:20:25.565+0000] {client.py:83} ERROR - API request failed: HTTPSConnectionPool(host='trading.vietcap.com.vn', port=443): Max retries exceeded with url: /api/chart/OHLCChart/gap (Caused by NameResolutionError("<urllib3.connection.HTTPSConnection object at 0x7e619e783e90>: Failed to resolve 'trading.vietcap.com.vn' ([Errno -2] Name or service not known)"))
[2025-10-07T11:20:27.571+0000] {client.py:83} ERROR - API request failed: HTTPSConnectionPool(host='trading.vietcap.com.vn', port=443): Max retries exceeded with url: /api/chart/OHLCChart/gap (Caused by NameResolutionError("<urllib3.connection.HTTPSConnection object at 0x7e61b4d11040>: Failed to resolve 'trading.vietcap.com.vn' ([Errno -2] Name or service not known)"))
[2025-10-07T11:20:29.586+0000] {client.py:83} ERROR - API request failed: HTTPSConnectionPool(host='trading.vietcap.com.vn', port=443): Max retries exceeded with url: /api/chart/OHLCChart/gap (Caused by NameResolutionError("<urllib3.connection.HTTPSConnection object at 0x7e61b4d10620>: Failed to resolve 'trading.vietcap.com.vn' ([Errno -2] Name or service not known)"))
[2025-10-07T11:20:29.589+0000] {logging_mixin.py:190} INFO - Không tìm thấy dữ liệu cho PHP
[2025-10-07T11:20:29.594+0000] {logging_mixin.py:190} INFO - ℹ️ PHP: Không có dữ liệu mới.
[2025-10-07T11:20:29.596+0000] {logging_mixin.py:190} INFO - 🚦 Giới hạn API đạt mức tối đa, chờ 0.3s...
[2025-10-07T11:20:29.909+0000] {logging_mixin.py:190} INFO - ⬇️ Bắt đầu xử lý symbol = PHN
[2025-10-07T11:20:29.995+0000] {logging_mixin.py:190} INFO - ⚠️ Không đọc được file cũ PHN: 'date'
[2025-10-07T11:20:30.033+0000] {logging_mixin.py:190} INFO - PHN: trích dữ liệu từ 2025-10-04 đến 2025-10-07
[2025-10-07T11:20:30.058+0000] {client.py:83} ERROR - API request failed: HTTPSConnectionPool(host='trading.vietcap.com.vn', port=443): Max retries exceeded with url: /api/chart/OHLCChart/gap (Caused by NameResolutionError("<urllib3.connection.HTTPSConnection object at 0x7e61b4d12a50>: Failed to resolve 'trading.vietcap.com.vn' ([Errno -2] Name or service not known)"))
[2025-10-07T11:20:32.087+0000] {client.py:83} ERROR - API request failed: HTTPSConnectionPool(host='trading.vietcap.com.vn', port=443): Max retries exceeded with url: /api/chart/OHLCChart/gap (Caused by NameResolutionError("<urllib3.connection.HTTPSConnection object at 0x7e619e783b00>: Failed to resolve 'trading.vietcap.com.vn' ([Errno -2] Name or service not known)"))
[2025-10-07T11:20:34.098+0000] {client.py:83} ERROR - API request failed: HTTPSConnectionPool(host='trading.vietcap.com.vn', port=443): Max retries exceeded with url: /api/chart/OHLCChart/gap (Caused by NameResolutionError("<urllib3.connection.HTTPSConnection object at 0x7e619e83b0b0>: Failed to resolve 'trading.vietcap.com.vn' ([Errno -2] Name or service not known)"))
[2025-10-07T11:20:34.102+0000] {logging_mixin.py:190} INFO - Không tìm thấy dữ liệu cho PHN
[2025-10-07T11:20:34.108+0000] {logging_mixin.py:190} INFO - ℹ️ PHN: Không có dữ liệu mới.
[2025-10-07T11:20:34.110+0000] {logging_mixin.py:190} INFO - 🚦 Giới hạn API đạt mức tối đa, chờ 38.8s...
[2025-10-07T11:21:12.929+0000] {logging_mixin.py:190} INFO - ⬇️ Bắt đầu xử lý symbol = PHH
[2025-10-07T11:21:13.012+0000] {logging_mixin.py:190} INFO - ⚠️ Không đọc được file cũ PHH: 'date'
[2025-10-07T11:21:13.025+0000] {logging_mixin.py:190} INFO - PHH: trích dữ liệu từ 2025-10-04 đến 2025-10-07
[2025-10-07T11:21:13.040+0000] {client.py:83} ERROR - API request failed: HTTPSConnectionPool(host='trading.vietcap.com.vn', port=443): Max retries exceeded with url: /api/chart/OHLCChart/gap (Caused by NameResolutionError("<urllib3.connection.HTTPSConnection object at 0x7e61b4d12c60>: Failed to resolve 'trading.vietcap.com.vn' ([Errno -2] Name or service not known)"))
[2025-10-07T11:21:15.193+0000] {client.py:83} ERROR - API request failed: HTTPSConnectionPool(host='trading.vietcap.com.vn', port=443): Max retries exceeded with url: /api/chart/OHLCChart/gap (Caused by NameResolutionError("<urllib3.connection.HTTPSConnection object at 0x7e619e83ba40>: Failed to resolve 'trading.vietcap.com.vn' ([Errno -2] Name or service not known)"))
[2025-10-07T11:21:17.203+0000] {client.py:83} ERROR - API request failed: HTTPSConnectionPool(host='trading.vietcap.com.vn', port=443): Max retries exceeded with url: /api/chart/OHLCChart/gap (Caused by NameResolutionError("<urllib3.connection.HTTPSConnection object at 0x7e619e894fe0>: Failed to resolve 'trading.vietcap.com.vn' ([Errno -2] Name or service not known)"))
[2025-10-07T11:21:17.205+0000] {logging_mixin.py:190} INFO - Không tìm thấy dữ liệu cho PHH
[2025-10-07T11:21:17.207+0000] {logging_mixin.py:190} INFO - ℹ️ PHH: Không có dữ liệu mới.
[2025-10-07T11:21:17.208+0000] {logging_mixin.py:190} INFO - ⬇️ Bắt đầu xử lý symbol = PHC
[2025-10-07T11:21:17.237+0000] {logging_mixin.py:190} INFO - ⚠️ Không đọc được file cũ PHC: 'date'
[2025-10-07T11:21:17.250+0000] {logging_mixin.py:190} INFO - PHC: trích dữ liệu từ 2025-10-04 đến 2025-10-07
[2025-10-07T11:21:17.257+0000] {client.py:83} ERROR - API request failed: HTTPSConnectionPool(host='trading.vietcap.com.vn', port=443): Max retries exceeded with url: /api/chart/OHLCChart/gap (Caused by NameResolutionError("<urllib3.connection.HTTPSConnection object at 0x7e619e7af800>: Failed to resolve 'trading.vietcap.com.vn' ([Errno -2] Name or service not known)"))
[2025-10-07T11:21:19.276+0000] {client.py:83} ERROR - API request failed: HTTPSConnectionPool(host='trading.vietcap.com.vn', port=443): Max retries exceeded with url: /api/chart/OHLCChart/gap (Caused by NameResolutionError("<urllib3.connection.HTTPSConnection object at 0x7e619e783b00>: Failed to resolve 'trading.vietcap.com.vn' ([Errno -2] Name or service not known)"))
[2025-10-07T11:21:21.293+0000] {client.py:83} ERROR - API request failed: HTTPSConnectionPool(host='trading.vietcap.com.vn', port=443): Max retries exceeded with url: /api/chart/OHLCChart/gap (Caused by NameResolutionError("<urllib3.connection.HTTPSConnection object at 0x7e619e9348c0>: Failed to resolve 'trading.vietcap.com.vn' ([Errno -2] Name or service not known)"))
[2025-10-07T11:21:21.296+0000] {logging_mixin.py:190} INFO - Không tìm thấy dữ liệu cho PHC
[2025-10-07T11:21:21.301+0000] {logging_mixin.py:190} INFO - ℹ️ PHC: Không có dữ liệu mới.
[2025-10-07T11:21:21.304+0000] {logging_mixin.py:190} INFO - ⬇️ Bắt đầu xử lý symbol = PGV
[2025-10-07T11:21:21.408+0000] {logging_mixin.py:190} INFO - ⚠️ Không đọc được file cũ PGV: 'date'
[2025-10-07T11:21:21.424+0000] {logging_mixin.py:190} INFO - PGV: trích dữ liệu từ 2025-10-04 đến 2025-10-07
[2025-10-07T11:21:21.433+0000] {client.py:83} ERROR - API request failed: HTTPSConnectionPool(host='trading.vietcap.com.vn', port=443): Max retries exceeded with url: /api/chart/OHLCChart/gap (Caused by NameResolutionError("<urllib3.connection.HTTPSConnection object at 0x7e619e81d580>: Failed to resolve 'trading.vietcap.com.vn' ([Errno -2] Name or service not known)"))
[2025-10-07T11:21:23.444+0000] {client.py:83} ERROR - API request failed: HTTPSConnectionPool(host='trading.vietcap.com.vn', port=443): Max retries exceeded with url: /api/chart/OHLCChart/gap (Caused by NameResolutionError("<urllib3.connection.HTTPSConnection object at 0x7e619e782990>: Failed to resolve 'trading.vietcap.com.vn' ([Errno -2] Name or service not known)"))
[2025-10-07T11:21:25.521+0000] {client.py:83} ERROR - API request failed: HTTPSConnectionPool(host='trading.vietcap.com.vn', port=443): Max retries exceeded with url: /api/chart/OHLCChart/gap (Caused by NameResolutionError("<urllib3.connection.HTTPSConnection object at 0x7e619e7ad6a0>: Failed to resolve 'trading.vietcap.com.vn' ([Errno -2] Name or service not known)"))
[2025-10-07T11:21:25.524+0000] {logging_mixin.py:190} INFO - Không tìm thấy dữ liệu cho PGV
[2025-10-07T11:21:25.527+0000] {logging_mixin.py:190} INFO - ℹ️ PGV: Không có dữ liệu mới.
[2025-10-07T11:21:25.528+0000] {logging_mixin.py:190} INFO - ⬇️ Bắt đầu xử lý symbol = PGT
[2025-10-07T11:21:25.564+0000] {logging_mixin.py:190} INFO - ⚠️ Không đọc được file cũ PGT: 'date'
[2025-10-07T11:21:25.582+0000] {logging_mixin.py:190} INFO - PGT: trích dữ liệu từ 2025-10-02 đến 2025-10-07
[2025-10-07T11:21:25.590+0000] {client.py:83} ERROR - API request failed: HTTPSConnectionPool(host='trading.vietcap.com.vn', port=443): Max retries exceeded with url: /api/chart/OHLCChart/gap (Caused by NameResolutionError("<urllib3.connection.HTTPSConnection object at 0x7e619e81e5d0>: Failed to resolve 'trading.vietcap.com.vn' ([Errno -2] Name or service not known)"))
[2025-10-07T11:21:27.612+0000] {client.py:83} ERROR - API request failed: HTTPSConnectionPool(host='trading.vietcap.com.vn', port=443): Max retries exceeded with url: /api/chart/OHLCChart/gap (Caused by NameResolutionError("<urllib3.connection.HTTPSConnection object at 0x7e619e81f2f0>: Failed to resolve 'trading.vietcap.com.vn' ([Errno -2] Name or service not known)"))
[2025-10-07T11:21:29.622+0000] {client.py:83} ERROR - API request failed: HTTPSConnectionPool(host='trading.vietcap.com.vn', port=443): Max retries exceeded with url: /api/chart/OHLCChart/gap (Caused by NameResolutionError("<urllib3.connection.HTTPSConnection object at 0x7e619e936ea0>: Failed to resolve 'trading.vietcap.com.vn' ([Errno -2] Name or service not known)"))
[2025-10-07T11:21:29.623+0000] {logging_mixin.py:190} INFO - Không tìm thấy dữ liệu cho PGT
[2025-10-07T11:21:29.625+0000] {logging_mixin.py:190} INFO - ℹ️ PGT: Không có dữ liệu mới.
[2025-10-07T11:21:29.625+0000] {logging_mixin.py:190} INFO - 🚦 Giới hạn API đạt mức tối đa, chờ 0.3s...
[2025-10-07T11:21:29.910+0000] {logging_mixin.py:190} INFO - ⬇️ Bắt đầu xử lý symbol = PGS
[2025-10-07T11:21:29.942+0000] {logging_mixin.py:190} INFO - ⚠️ Không đọc được file cũ PGS: 'date'
[2025-10-07T11:21:29.956+0000] {logging_mixin.py:190} INFO - PGS: trích dữ liệu từ 2025-10-04 đến 2025-10-07
[2025-10-07T11:21:29.964+0000] {client.py:83} ERROR - API request failed: HTTPSConnectionPool(host='trading.vietcap.com.vn', port=443): Max retries exceeded with url: /api/chart/OHLCChart/gap (Caused by NameResolutionError("<urllib3.connection.HTTPSConnection object at 0x7e619e81caa0>: Failed to resolve 'trading.vietcap.com.vn' ([Errno -2] Name or service not known)"))
[2025-10-07T11:21:31.970+0000] {client.py:83} ERROR - API request failed: HTTPSConnectionPool(host='trading.vietcap.com.vn', port=443): Max retries exceeded with url: /api/chart/OHLCChart/gap (Caused by NameResolutionError("<urllib3.connection.HTTPSConnection object at 0x7e619e81da00>: Failed to resolve 'trading.vietcap.com.vn' ([Errno -2] Name or service not known)"))
[2025-10-07T11:21:33.975+0000] {client.py:83} ERROR - API request failed: HTTPSConnectionPool(host='trading.vietcap.com.vn', port=443): Max retries exceeded with url: /api/chart/OHLCChart/gap (Caused by NameResolutionError("<urllib3.connection.HTTPSConnection object at 0x7e619e81ef00>: Failed to resolve 'trading.vietcap.com.vn' ([Errno -2] Name or service not known)"))
[2025-10-07T11:21:33.976+0000] {logging_mixin.py:190} INFO - Không tìm thấy dữ liệu cho PGS
[2025-10-07T11:21:33.979+0000] {logging_mixin.py:190} INFO - ℹ️ PGS: Không có dữ liệu mới.
[2025-10-07T11:21:33.980+0000] {python.py:240} INFO - Done. Returned value was: None
[2025-10-07T11:21:34.003+0000] {taskinstance.py:341} INFO - ::group::Post task execution logs
[2025-10-07T11:21:34.005+0000] {taskinstance.py:353} INFO - Marking task as SUCCESS. dag_id=vnstock_weekly_etl_incremental, task_id=process_batch, run_id=manual__2025-10-07T10:41:48.387187+00:00, map_index=13, execution_date=20251007T104148, start_date=20251007T111211, end_date=20251007T112134
[2025-10-07T11:21:34.175+0000] {local_task_job_runner.py:266} INFO - Task exited with return code 0
[2025-10-07T11:21:34.410+0000] {taskinstance.py:3901} INFO - 0 downstream tasks scheduled from follow-on schedule check
[2025-10-07T11:21:34.413+0000] {local_task_job_runner.py:245} INFO - ::endgroup::
