[2025-10-07T08:54:26.199+0000] {manager.py:483} INFO - Processing files using up to 2 processes at a time 
[2025-10-07T08:54:26.200+0000] {manager.py:484} INFO - Process each file at most once every 10 seconds
[2025-10-07T08:54:26.200+0000] {manager.py:485} INFO - Checking for new files in /opt/airflow/dags every 300 seconds
[2025-10-07T08:54:26.201+0000] {manager.py:821} INFO - Searching for files in /opt/airflow/dags
[2025-10-07T08:54:26.247+0000] {manager.py:824} INFO - There are 1 files in /opt/airflow/dags
[2025-10-07T08:54:26.368+0000] {manager.py:997} INFO - 
================================================================================
DAG File Processing Stats

File Path                   PID  Runtime      # DAGs    # Errors  Last Runtime    Last Run      Last # of DB Queries
------------------------  -----  ---------  --------  ----------  --------------  ----------  ----------------------
/opt/airflow/dags/dag.py    170  0.03s             0           0                                                   0
================================================================================
[2025-10-07T08:54:58.934+0000] {manager.py:997} INFO - 
================================================================================
DAG File Processing Stats

File Path                 PID    Runtime      # DAGs    # Errors  Last Runtime    Last Run               Last # of DB Queries
------------------------  -----  ---------  --------  ----------  --------------  -------------------  ----------------------
/opt/airflow/dags/dag.py                           0           1  0.10s           2025-10-07T08:54:57                       5
================================================================================
[2025-10-07T08:55:31.126+0000] {manager.py:997} INFO - 
================================================================================
DAG File Processing Stats

File Path                 PID    Runtime      # DAGs    # Errors  Last Runtime    Last Run               Last # of DB Queries
------------------------  -----  ---------  --------  ----------  --------------  -------------------  ----------------------
/opt/airflow/dags/dag.py                           0           1  0.10s           2025-10-07T08:55:28                       5
================================================================================
[2025-10-07T08:56:03.543+0000] {manager.py:997} INFO - 
================================================================================
DAG File Processing Stats

File Path                 PID    Runtime      # DAGs    # Errors  Last Runtime    Last Run               Last # of DB Queries
------------------------  -----  ---------  --------  ----------  --------------  -------------------  ----------------------
/opt/airflow/dags/dag.py                           0           1  0.18s           2025-10-07T08:55:58                       5
================================================================================
[2025-10-07T08:56:35.875+0000] {manager.py:997} INFO - 
================================================================================
DAG File Processing Stats

File Path                 PID    Runtime      # DAGs    # Errors  Last Runtime    Last Run               Last # of DB Queries
------------------------  -----  ---------  --------  ----------  --------------  -------------------  ----------------------
/opt/airflow/dags/dag.py                           0           1  0.07s           2025-10-07T08:56:29                       5
================================================================================
[2025-10-07T08:57:08.129+0000] {manager.py:997} INFO - 
================================================================================
DAG File Processing Stats

File Path                 PID    Runtime      # DAGs    # Errors  Last Runtime    Last Run               Last # of DB Queries
------------------------  -----  ---------  --------  ----------  --------------  -------------------  ----------------------
/opt/airflow/dags/dag.py                           0           1  0.07s           2025-10-07T08:57:01                       5
================================================================================
[2025-10-07T08:57:40.387+0000] {manager.py:997} INFO - 
================================================================================
DAG File Processing Stats

File Path                 PID    Runtime      # DAGs    # Errors  Last Runtime    Last Run               Last # of DB Queries
------------------------  -----  ---------  --------  ----------  --------------  -------------------  ----------------------
/opt/airflow/dags/dag.py                           0           1  0.10s           2025-10-07T08:57:33                       5
================================================================================
[2025-10-07T08:58:12.652+0000] {manager.py:997} INFO - 
================================================================================
DAG File Processing Stats

File Path                 PID    Runtime      # DAGs    # Errors  Last Runtime    Last Run               Last # of DB Queries
------------------------  -----  ---------  --------  ----------  --------------  -------------------  ----------------------
/opt/airflow/dags/dag.py                           0           1  0.08s           2025-10-07T08:58:05                       5
================================================================================
[2025-10-07T08:58:45.811+0000] {manager.py:997} INFO - 
================================================================================
DAG File Processing Stats

File Path                 PID    Runtime      # DAGs    # Errors  Last Runtime    Last Run               Last # of DB Queries
------------------------  -----  ---------  --------  ----------  --------------  -------------------  ----------------------
/opt/airflow/dags/dag.py                           0           1  0.06s           2025-10-07T08:58:36                       5
================================================================================
[2025-10-07T08:58:53.883+0000] {manager.py:465} INFO - Exiting gracefully upon receiving signal 15
[2025-10-07T08:59:57.686+0000] {manager.py:483} INFO - Processing files using up to 2 processes at a time 
[2025-10-07T08:59:57.687+0000] {manager.py:484} INFO - Process each file at most once every 10 seconds
[2025-10-07T08:59:57.687+0000] {manager.py:485} INFO - Checking for new files in /opt/airflow/dags every 300 seconds
[2025-10-07T08:59:57.688+0000] {manager.py:821} INFO - Searching for files in /opt/airflow/dags
[2025-10-07T08:59:57.706+0000] {manager.py:824} INFO - There are 1 files in /opt/airflow/dags
[2025-10-07T08:59:57.796+0000] {manager.py:997} INFO - 
================================================================================
DAG File Processing Stats

File Path                   PID  Runtime      # DAGs    # Errors  Last Runtime    Last Run      Last # of DB Queries
------------------------  -----  ---------  --------  ----------  --------------  ----------  ----------------------
/opt/airflow/dags/dag.py    170  0.03s             0           0                                                   0
================================================================================
[2025-10-07T09:00:30.098+0000] {manager.py:997} INFO - 
================================================================================
DAG File Processing Stats

File Path                 PID    Runtime      # DAGs    # Errors  Last Runtime    Last Run               Last # of DB Queries
------------------------  -----  ---------  --------  ----------  --------------  -------------------  ----------------------
/opt/airflow/dags/dag.py                           0           1  0.07s           2025-10-07T09:00:28                       5
================================================================================
[2025-10-07T09:01:02.489+0000] {manager.py:997} INFO - 
================================================================================
DAG File Processing Stats

File Path                 PID    Runtime      # DAGs    # Errors  Last Runtime    Last Run               Last # of DB Queries
------------------------  -----  ---------  --------  ----------  --------------  -------------------  ----------------------
/opt/airflow/dags/dag.py                           0           1  0.07s           2025-10-07T09:00:58                       5
================================================================================
[2025-10-07T09:01:33.429+0000] {manager.py:997} INFO - 
================================================================================
DAG File Processing Stats

File Path                 PID    Runtime      # DAGs    # Errors  Last Runtime    Last Run               Last # of DB Queries
------------------------  -----  ---------  --------  ----------  --------------  -------------------  ----------------------
/opt/airflow/dags/dag.py                           0           1  0.07s           2025-10-07T09:01:29                       5
================================================================================
[2025-10-07T09:02:06.838+0000] {manager.py:997} INFO - 
================================================================================
DAG File Processing Stats

File Path                 PID    Runtime      # DAGs    # Errors  Last Runtime    Last Run               Last # of DB Queries
------------------------  -----  ---------  --------  ----------  --------------  -------------------  ----------------------
/opt/airflow/dags/dag.py                           0           1  0.07s           2025-10-07T09:02:00                       5
================================================================================
[2025-10-07T09:02:39.315+0000] {manager.py:997} INFO - 
================================================================================
DAG File Processing Stats

File Path                 PID    Runtime      # DAGs    # Errors  Last Runtime    Last Run               Last # of DB Queries
------------------------  -----  ---------  --------  ----------  --------------  -------------------  ----------------------
/opt/airflow/dags/dag.py                           0           1  0.08s           2025-10-07T09:02:32                       5
================================================================================
[2025-10-07T09:03:11.783+0000] {manager.py:997} INFO - 
================================================================================
DAG File Processing Stats

File Path                 PID    Runtime      # DAGs    # Errors  Last Runtime    Last Run               Last # of DB Queries
------------------------  -----  ---------  --------  ----------  --------------  -------------------  ----------------------
/opt/airflow/dags/dag.py                           0           1  0.10s           2025-10-07T09:03:04                       5
================================================================================
[2025-10-07T09:03:44.167+0000] {manager.py:997} INFO - 
================================================================================
DAG File Processing Stats

File Path                 PID    Runtime      # DAGs    # Errors  Last Runtime    Last Run               Last # of DB Queries
------------------------  -----  ---------  --------  ----------  --------------  -------------------  ----------------------
/opt/airflow/dags/dag.py                           0           1  0.14s           2025-10-07T09:03:36                       5
================================================================================
[2025-10-07T09:04:16.662+0000] {manager.py:997} INFO - 
================================================================================
DAG File Processing Stats

File Path                 PID    Runtime      # DAGs    # Errors  Last Runtime    Last Run               Last # of DB Queries
------------------------  -----  ---------  --------  ----------  --------------  -------------------  ----------------------
/opt/airflow/dags/dag.py                           0           1  0.08s           2025-10-07T09:04:08                       5
================================================================================
[2025-10-07T09:04:49.410+0000] {manager.py:997} INFO - 
================================================================================
DAG File Processing Stats

File Path                 PID    Runtime      # DAGs    # Errors  Last Runtime    Last Run               Last # of DB Queries
------------------------  -----  ---------  --------  ----------  --------------  -------------------  ----------------------
/opt/airflow/dags/dag.py                           0           1  0.12s           2025-10-07T09:04:41                       5
================================================================================
[2025-10-07T09:04:57.911+0000] {manager.py:821} INFO - Searching for files in /opt/airflow/dags
[2025-10-07T09:04:57.926+0000] {manager.py:824} INFO - There are 1 files in /opt/airflow/dags
[2025-10-07T09:05:22.203+0000] {manager.py:997} INFO - 
================================================================================
DAG File Processing Stats

File Path                 PID    Runtime      # DAGs    # Errors  Last Runtime    Last Run               Last # of DB Queries
------------------------  -----  ---------  --------  ----------  --------------  -------------------  ----------------------
/opt/airflow/dags/dag.py                           0           1  0.09s           2025-10-07T09:05:13                       5
================================================================================
[2025-10-07T09:05:54.559+0000] {manager.py:997} INFO - 
================================================================================
DAG File Processing Stats

File Path                   PID  Runtime      # DAGs    # Errors  Last Runtime    Last Run               Last # of DB Queries
------------------------  -----  ---------  --------  ----------  --------------  -------------------  ----------------------
/opt/airflow/dags/dag.py    340  0.00s             0           1  0.07s           2025-10-07T09:05:44                       5
================================================================================
[2025-10-07T09:06:08.898+0000] {manager.py:465} INFO - Exiting gracefully upon receiving signal 15
[2025-10-07T09:06:41.721+0000] {manager.py:483} INFO - Processing files using up to 2 processes at a time 
[2025-10-07T09:06:41.722+0000] {manager.py:484} INFO - Process each file at most once every 10 seconds
[2025-10-07T09:06:41.723+0000] {manager.py:485} INFO - Checking for new files in /opt/airflow/dags every 300 seconds
[2025-10-07T09:06:41.723+0000] {manager.py:821} INFO - Searching for files in /opt/airflow/dags
[2025-10-07T09:06:41.746+0000] {manager.py:824} INFO - There are 1 files in /opt/airflow/dags
[2025-10-07T09:06:41.834+0000] {manager.py:997} INFO - 
================================================================================
DAG File Processing Stats

File Path                   PID  Runtime      # DAGs    # Errors  Last Runtime    Last Run      Last # of DB Queries
------------------------  -----  ---------  --------  ----------  --------------  ----------  ----------------------
/opt/airflow/dags/dag.py    170  0.03s             0           0                                                   0
================================================================================
[2025-10-07T09:07:14.242+0000] {manager.py:997} INFO - 
================================================================================
DAG File Processing Stats

File Path                 PID    Runtime      # DAGs    # Errors  Last Runtime    Last Run               Last # of DB Queries
------------------------  -----  ---------  --------  ----------  --------------  -------------------  ----------------------
/opt/airflow/dags/dag.py                           1           0  1.76s           2025-10-07T09:07:08                      11
================================================================================
[2025-10-07T09:07:46.572+0000] {manager.py:997} INFO - 
================================================================================
DAG File Processing Stats

File Path                   PID  Runtime      # DAGs    # Errors  Last Runtime    Last Run               Last # of DB Queries
------------------------  -----  ---------  --------  ----------  --------------  -------------------  ----------------------
/opt/airflow/dags/dag.py    242  1.86s             1           0  1.57s           2025-10-07T09:07:34                      12
================================================================================
[2025-10-07T09:08:19.078+0000] {manager.py:997} INFO - 
================================================================================
DAG File Processing Stats

File Path                 PID    Runtime      # DAGs    # Errors  Last Runtime    Last Run               Last # of DB Queries
------------------------  -----  ---------  --------  ----------  --------------  -------------------  ----------------------
/opt/airflow/dags/dag.py                           1           0  2.81s           2025-10-07T09:08:19                      12
================================================================================
[2025-10-07T09:08:51.612+0000] {manager.py:997} INFO - 
================================================================================
DAG File Processing Stats

File Path                 PID    Runtime      # DAGs    # Errors  Last Runtime    Last Run               Last # of DB Queries
------------------------  -----  ---------  --------  ----------  --------------  -------------------  ----------------------
/opt/airflow/dags/dag.py                           1           0  1.69s           2025-10-07T09:08:42                      12
================================================================================
[2025-10-07T09:09:24.284+0000] {manager.py:997} INFO - 
================================================================================
DAG File Processing Stats

File Path                 PID    Runtime      # DAGs    # Errors  Last Runtime    Last Run               Last # of DB Queries
------------------------  -----  ---------  --------  ----------  --------------  -------------------  ----------------------
/opt/airflow/dags/dag.py                           1           0  1.86s           2025-10-07T09:09:20                      12
================================================================================
[2025-10-07T09:09:57.017+0000] {manager.py:997} INFO - 
================================================================================
DAG File Processing Stats

File Path                   PID  Runtime      # DAGs    # Errors  Last Runtime    Last Run               Last # of DB Queries
------------------------  -----  ---------  --------  ----------  --------------  -------------------  ----------------------
/opt/airflow/dags/dag.py    382  1.01s             1           0  1.75s           2025-10-07T09:09:45                      12
================================================================================
[2025-10-07T09:10:29.255+0000] {manager.py:997} INFO - 
================================================================================
DAG File Processing Stats

File Path                 PID    Runtime      # DAGs    # Errors  Last Runtime    Last Run               Last # of DB Queries
------------------------  -----  ---------  --------  ----------  --------------  -------------------  ----------------------
/opt/airflow/dags/dag.py                           1           0  1.78s           2025-10-07T09:10:21                      12
================================================================================
[2025-10-07T09:11:02.066+0000] {manager.py:997} INFO - 
================================================================================
DAG File Processing Stats

File Path                 PID    Runtime      # DAGs    # Errors  Last Runtime    Last Run               Last # of DB Queries
------------------------  -----  ---------  --------  ----------  --------------  -------------------  ----------------------
/opt/airflow/dags/dag.py                           1           0  1.92s           2025-10-07T09:10:59                      12
================================================================================
[2025-10-07T09:11:34.440+0000] {manager.py:997} INFO - 
================================================================================
DAG File Processing Stats

File Path                   PID  Runtime      # DAGs    # Errors  Last Runtime    Last Run               Last # of DB Queries
------------------------  -----  ---------  --------  ----------  --------------  -------------------  ----------------------
/opt/airflow/dags/dag.py    494  1.01s             1           0  1.94s           2025-10-07T09:11:23                      12
================================================================================
[2025-10-07T09:11:41.768+0000] {manager.py:821} INFO - Searching for files in /opt/airflow/dags
[2025-10-07T09:11:41.843+0000] {manager.py:824} INFO - There are 1 files in /opt/airflow/dags
[2025-10-07T09:12:06.694+0000] {manager.py:997} INFO - 
================================================================================
DAG File Processing Stats

File Path                 PID    Runtime      # DAGs    # Errors  Last Runtime    Last Run               Last # of DB Queries
------------------------  -----  ---------  --------  ----------  --------------  -------------------  ----------------------
/opt/airflow/dags/dag.py                           1           0  1.75s           2025-10-07T09:12:01                      12
================================================================================
[2025-10-07T09:12:38.858+0000] {manager.py:997} INFO - 
================================================================================
DAG File Processing Stats

File Path                 PID    Runtime      # DAGs    # Errors  Last Runtime    Last Run               Last # of DB Queries
------------------------  -----  ---------  --------  ----------  --------------  -------------------  ----------------------
/opt/airflow/dags/dag.py                           1           0  1.83s           2025-10-07T09:12:37                      12
================================================================================
[2025-10-07T09:13:11.223+0000] {manager.py:997} INFO - 
================================================================================
DAG File Processing Stats

File Path                 PID    Runtime      # DAGs    # Errors  Last Runtime    Last Run               Last # of DB Queries
------------------------  -----  ---------  --------  ----------  --------------  -------------------  ----------------------
/opt/airflow/dags/dag.py                           1           0  1.61s           2025-10-07T09:13:01                      12
================================================================================
[2025-10-07T09:13:44.328+0000] {manager.py:997} INFO - 
================================================================================
DAG File Processing Stats

File Path                 PID    Runtime      # DAGs    # Errors  Last Runtime    Last Run               Last # of DB Queries
------------------------  -----  ---------  --------  ----------  --------------  -------------------  ----------------------
/opt/airflow/dags/dag.py                           1           0  1.86s           2025-10-07T09:13:39                      12
================================================================================
[2025-10-07T09:14:16.657+0000] {manager.py:997} INFO - 
================================================================================
DAG File Processing Stats

File Path                 PID    Runtime      # DAGs    # Errors  Last Runtime    Last Run               Last # of DB Queries
------------------------  -----  ---------  --------  ----------  --------------  -------------------  ----------------------
/opt/airflow/dags/dag.py                           1           0  1.80s           2025-10-07T09:14:15                      12
================================================================================
[2025-10-07T09:14:50.225+0000] {manager.py:997} INFO - 
================================================================================
DAG File Processing Stats

File Path                   PID  Runtime      # DAGs    # Errors  Last Runtime    Last Run               Last # of DB Queries
------------------------  -----  ---------  --------  ----------  --------------  -------------------  ----------------------
/opt/airflow/dags/dag.py    718  0.00s             1           0  1.76s           2025-10-07T09:14:39                      12
================================================================================
[2025-10-07T09:15:22.971+0000] {manager.py:997} INFO - 
================================================================================
DAG File Processing Stats

File Path                 PID    Runtime      # DAGs    # Errors  Last Runtime    Last Run               Last # of DB Queries
------------------------  -----  ---------  --------  ----------  --------------  -------------------  ----------------------
/opt/airflow/dags/dag.py                           1           0  1.83s           2025-10-07T09:15:15                      12
================================================================================
[2025-10-07T09:15:55.272+0000] {manager.py:997} INFO - 
================================================================================
DAG File Processing Stats

File Path                 PID    Runtime      # DAGs    # Errors  Last Runtime    Last Run               Last # of DB Queries
------------------------  -----  ---------  --------  ----------  --------------  -------------------  ----------------------
/opt/airflow/dags/dag.py                           1           0  1.77s           2025-10-07T09:15:51                      12
================================================================================
[2025-10-07T09:16:27.423+0000] {manager.py:997} INFO - 
================================================================================
DAG File Processing Stats

File Path                   PID  Runtime      # DAGs    # Errors  Last Runtime    Last Run               Last # of DB Queries
------------------------  -----  ---------  --------  ----------  --------------  -------------------  ----------------------
/opt/airflow/dags/dag.py    830  1.01s             1           0  2.42s           2025-10-07T09:16:15                      12
================================================================================
[2025-10-07T09:16:42.073+0000] {manager.py:821} INFO - Searching for files in /opt/airflow/dags
[2025-10-07T09:16:42.089+0000] {manager.py:824} INFO - There are 1 files in /opt/airflow/dags
[2025-10-07T09:17:00.266+0000] {manager.py:997} INFO - 
================================================================================
DAG File Processing Stats

File Path                 PID    Runtime      # DAGs    # Errors  Last Runtime    Last Run               Last # of DB Queries
------------------------  -----  ---------  --------  ----------  --------------  -------------------  ----------------------
/opt/airflow/dags/dag.py                           1           0  1.62s           2025-10-07T09:16:51                      12
================================================================================
[2025-10-07T09:17:32.650+0000] {manager.py:997} INFO - 
================================================================================
DAG File Processing Stats

File Path                 PID    Runtime      # DAGs    # Errors  Last Runtime    Last Run               Last # of DB Queries
------------------------  -----  ---------  --------  ----------  --------------  -------------------  ----------------------
/opt/airflow/dags/dag.py                           1           0  1.59s           2025-10-07T09:17:26                      12
================================================================================
[2025-10-07T09:18:04.694+0000] {manager.py:997} INFO - 
================================================================================
DAG File Processing Stats

File Path                   PID  Runtime      # DAGs    # Errors  Last Runtime    Last Run               Last # of DB Queries
------------------------  -----  ---------  --------  ----------  --------------  -------------------  ----------------------
/opt/airflow/dags/dag.py    942  2.02s             1           0  3.24s           2025-10-07T09:17:51                      12
================================================================================
[2025-10-07T09:18:36.751+0000] {manager.py:997} INFO - 
================================================================================
DAG File Processing Stats

File Path                 PID    Runtime      # DAGs    # Errors  Last Runtime    Last Run               Last # of DB Queries
------------------------  -----  ---------  --------  ----------  --------------  -------------------  ----------------------
/opt/airflow/dags/dag.py                           1           0  1.58s           2025-10-07T09:18:28                      12
================================================================================
[2025-10-07T09:19:09.328+0000] {manager.py:997} INFO - 
================================================================================
DAG File Processing Stats

File Path                 PID    Runtime      # DAGs    # Errors  Last Runtime    Last Run               Last # of DB Queries
------------------------  -----  ---------  --------  ----------  --------------  -------------------  ----------------------
/opt/airflow/dags/dag.py                           1           0  1.61s           2025-10-07T09:19:04                      12
================================================================================
[2025-10-07T09:19:41.781+0000] {manager.py:997} INFO - 
================================================================================
DAG File Processing Stats

File Path                 PID    Runtime      # DAGs    # Errors  Last Runtime    Last Run               Last # of DB Queries
------------------------  -----  ---------  --------  ----------  --------------  -------------------  ----------------------
/opt/airflow/dags/dag.py                           1           0  1.79s           2025-10-07T09:19:41                      12
================================================================================
[2025-10-07T09:20:14.166+0000] {manager.py:997} INFO - 
================================================================================
DAG File Processing Stats

File Path                 PID    Runtime      # DAGs    # Errors  Last Runtime    Last Run               Last # of DB Queries
------------------------  -----  ---------  --------  ----------  --------------  -------------------  ----------------------
/opt/airflow/dags/dag.py                           1           0  1.59s           2025-10-07T09:20:04                      12
================================================================================
[2025-10-07T09:20:46.252+0000] {manager.py:997} INFO - 
================================================================================
DAG File Processing Stats

File Path                 PID    Runtime      # DAGs    # Errors  Last Runtime    Last Run               Last # of DB Queries
------------------------  -----  ---------  --------  ----------  --------------  -------------------  ----------------------
/opt/airflow/dags/dag.py                           1           0  1.70s           2025-10-07T09:20:40                      12
================================================================================
[2025-10-07T09:21:18.530+0000] {manager.py:997} INFO - 
================================================================================
DAG File Processing Stats

File Path                 PID    Runtime      # DAGs    # Errors  Last Runtime    Last Run               Last # of DB Queries
------------------------  -----  ---------  --------  ----------  --------------  -------------------  ----------------------
/opt/airflow/dags/dag.py                           1           0  1.88s           2025-10-07T09:21:17                      12
================================================================================
[2025-10-07T09:21:42.275+0000] {manager.py:821} INFO - Searching for files in /opt/airflow/dags
[2025-10-07T09:21:42.290+0000] {manager.py:824} INFO - There are 1 files in /opt/airflow/dags
[2025-10-07T09:21:51.144+0000] {manager.py:997} INFO - 
================================================================================
DAG File Processing Stats

File Path                   PID  Runtime      # DAGs    # Errors  Last Runtime    Last Run               Last # of DB Queries
------------------------  -----  ---------  --------  ----------  --------------  -------------------  ----------------------
/opt/airflow/dags/dag.py   1208  0.00s             1           0  1.65s           2025-10-07T09:21:40                      12
================================================================================
[2025-10-07T09:22:21.887+0000] {manager.py:997} INFO - 
================================================================================
DAG File Processing Stats

File Path                 PID    Runtime      # DAGs    # Errors  Last Runtime    Last Run               Last # of DB Queries
------------------------  -----  ---------  --------  ----------  --------------  -------------------  ----------------------
/opt/airflow/dags/dag.py                           1           0  1.69s           2025-10-07T09:22:16                      12
================================================================================
[2025-10-07T09:22:54.267+0000] {manager.py:997} INFO - 
================================================================================
DAG File Processing Stats

File Path                 PID    Runtime      # DAGs    # Errors  Last Runtime    Last Run               Last # of DB Queries
------------------------  -----  ---------  --------  ----------  --------------  -------------------  ----------------------
/opt/airflow/dags/dag.py                           1           0  1.39s           2025-10-07T09:22:51                      12
================================================================================
[2025-10-07T09:23:28.428+0000] {manager.py:997} INFO - 
================================================================================
DAG File Processing Stats

File Path                 PID    Runtime      # DAGs    # Errors  Last Runtime    Last Run               Last # of DB Queries
------------------------  -----  ---------  --------  ----------  --------------  -------------------  ----------------------
/opt/airflow/dags/dag.py                           1           0  1.71s           2025-10-07T09:23:27                      12
================================================================================
[2025-10-07T09:24:00.636+0000] {manager.py:997} INFO - 
================================================================================
DAG File Processing Stats

File Path                 PID    Runtime      # DAGs    # Errors  Last Runtime    Last Run               Last # of DB Queries
------------------------  -----  ---------  --------  ----------  --------------  -------------------  ----------------------
/opt/airflow/dags/dag.py                           1           0  2.78s           2025-10-07T09:23:51                      12
================================================================================
[2025-10-07T09:24:32.733+0000] {manager.py:997} INFO - 
================================================================================
DAG File Processing Stats

File Path                 PID    Runtime      # DAGs    # Errors  Last Runtime    Last Run               Last # of DB Queries
------------------------  -----  ---------  --------  ----------  --------------  -------------------  ----------------------
/opt/airflow/dags/dag.py                           1           0  3.66s           2025-10-07T09:24:28                      12
================================================================================
[2025-10-07T09:25:05.270+0000] {manager.py:997} INFO - 
================================================================================
DAG File Processing Stats

File Path                   PID  Runtime      # DAGs    # Errors  Last Runtime    Last Run               Last # of DB Queries
------------------------  -----  ---------  --------  ----------  --------------  -------------------  ----------------------
/opt/airflow/dags/dag.py   1432  1.01s             1           0  1.57s           2025-10-07T09:24:54                      12
================================================================================
[2025-10-07T09:25:37.774+0000] {manager.py:997} INFO - 
================================================================================
DAG File Processing Stats

File Path                 PID    Runtime      # DAGs    # Errors  Last Runtime    Last Run               Last # of DB Queries
------------------------  -----  ---------  --------  ----------  --------------  -------------------  ----------------------
/opt/airflow/dags/dag.py                           1           0  1.61s           2025-10-07T09:25:29                      12
================================================================================
[2025-10-07T09:26:10.850+0000] {manager.py:997} INFO - 
================================================================================
DAG File Processing Stats

File Path                 PID    Runtime      # DAGs    # Errors  Last Runtime    Last Run               Last # of DB Queries
------------------------  -----  ---------  --------  ----------  --------------  -------------------  ----------------------
/opt/airflow/dags/dag.py                           1           0  1.64s           2025-10-07T09:26:06                      12
================================================================================
[2025-10-07T09:26:42.559+0000] {manager.py:821} INFO - Searching for files in /opt/airflow/dags
[2025-10-07T09:26:42.573+0000] {manager.py:824} INFO - There are 1 files in /opt/airflow/dags
[2025-10-07T09:26:43.169+0000] {manager.py:997} INFO - 
================================================================================
DAG File Processing Stats

File Path                 PID    Runtime      # DAGs    # Errors  Last Runtime    Last Run               Last # of DB Queries
------------------------  -----  ---------  --------  ----------  --------------  -------------------  ----------------------
/opt/airflow/dags/dag.py                           1           0  1.61s           2025-10-07T09:26:42                      12
================================================================================
[2025-10-07T09:27:14.305+0000] {manager.py:997} INFO - 
================================================================================
DAG File Processing Stats

File Path                 PID    Runtime      # DAGs    # Errors  Last Runtime    Last Run               Last # of DB Queries
------------------------  -----  ---------  --------  ----------  --------------  -------------------  ----------------------
/opt/airflow/dags/dag.py                           1           0  1.63s           2025-10-07T09:27:05                      12
================================================================================
[2025-10-07T09:27:48.134+0000] {manager.py:997} INFO - 
================================================================================
DAG File Processing Stats

File Path                 PID    Runtime      # DAGs    # Errors  Last Runtime    Last Run               Last # of DB Queries
------------------------  -----  ---------  --------  ----------  --------------  -------------------  ----------------------
/opt/airflow/dags/dag.py                           1           0  2.65s           2025-10-07T09:27:42                      12
================================================================================
[2025-10-07T09:28:20.571+0000] {manager.py:997} INFO - 
================================================================================
DAG File Processing Stats

File Path                   PID  Runtime      # DAGs    # Errors  Last Runtime    Last Run               Last # of DB Queries
------------------------  -----  ---------  --------  ----------  --------------  -------------------  ----------------------
/opt/airflow/dags/dag.py   1656  0.00s             1           0  1.79s           2025-10-07T09:28:10                      12
================================================================================
[2025-10-07T09:28:51.217+0000] {manager.py:997} INFO - 
================================================================================
DAG File Processing Stats

File Path                 PID    Runtime      # DAGs    # Errors  Last Runtime    Last Run               Last # of DB Queries
------------------------  -----  ---------  --------  ----------  --------------  -------------------  ----------------------
/opt/airflow/dags/dag.py                           1           0  1.64s           2025-10-07T09:28:46                      12
================================================================================
[2025-10-07T09:29:25.569+0000] {manager.py:997} INFO - 
================================================================================
DAG File Processing Stats

File Path                 PID    Runtime      # DAGs    # Errors  Last Runtime    Last Run               Last # of DB Queries
------------------------  -----  ---------  --------  ----------  --------------  -------------------  ----------------------
/opt/airflow/dags/dag.py                           1           0  2.64s           2025-10-07T09:29:22                      12
================================================================================
[2025-10-07T09:29:58.043+0000] {manager.py:997} INFO - 
================================================================================
DAG File Processing Stats

File Path                   PID  Runtime      # DAGs    # Errors  Last Runtime    Last Run               Last # of DB Queries
------------------------  -----  ---------  --------  ----------  --------------  -------------------  ----------------------
/opt/airflow/dags/dag.py   1768  1.54s             1           0  1.73s           2025-10-07T09:29:46                      12
================================================================================
[2025-10-07T09:30:30.539+0000] {manager.py:997} INFO - 
================================================================================
DAG File Processing Stats

File Path                 PID    Runtime      # DAGs    # Errors  Last Runtime    Last Run               Last # of DB Queries
------------------------  -----  ---------  --------  ----------  --------------  -------------------  ----------------------
/opt/airflow/dags/dag.py                           1           0  1.90s           2025-10-07T09:30:24                      12
================================================================================
[2025-10-07T09:31:02.838+0000] {manager.py:997} INFO - 
================================================================================
DAG File Processing Stats

File Path                 PID    Runtime      # DAGs    # Errors  Last Runtime    Last Run               Last # of DB Queries
------------------------  -----  ---------  --------  ----------  --------------  -------------------  ----------------------
/opt/airflow/dags/dag.py                           1           0  1.80s           2025-10-07T09:31:00                      12
================================================================================
[2025-10-07T09:31:35.462+0000] {manager.py:997} INFO - 
================================================================================
DAG File Processing Stats

File Path                 PID    Runtime      # DAGs    # Errors  Last Runtime    Last Run               Last # of DB Queries
------------------------  -----  ---------  --------  ----------  --------------  -------------------  ----------------------
/opt/airflow/dags/dag.py                           1           0  4.17s           2025-10-07T09:31:26                      12
================================================================================
[2025-10-07T09:31:42.913+0000] {manager.py:821} INFO - Searching for files in /opt/airflow/dags
[2025-10-07T09:31:42.929+0000] {manager.py:824} INFO - There are 1 files in /opt/airflow/dags
[2025-10-07T09:32:08.215+0000] {manager.py:997} INFO - 
================================================================================
DAG File Processing Stats

File Path                 PID    Runtime      # DAGs    # Errors  Last Runtime    Last Run               Last # of DB Queries
------------------------  -----  ---------  --------  ----------  --------------  -------------------  ----------------------
/opt/airflow/dags/dag.py                           1           0  3.02s           2025-10-07T09:32:07                      12
================================================================================
[2025-10-07T09:32:40.508+0000] {manager.py:997} INFO - 
================================================================================
DAG File Processing Stats

File Path                 PID    Runtime      # DAGs    # Errors  Last Runtime    Last Run               Last # of DB Queries
------------------------  -----  ---------  --------  ----------  --------------  -------------------  ----------------------
/opt/airflow/dags/dag.py                           1           0  2.93s           2025-10-07T09:32:34                      12
================================================================================
[2025-10-07T09:33:13.040+0000] {manager.py:997} INFO - 
================================================================================
DAG File Processing Stats

File Path                 PID    Runtime      # DAGs    # Errors  Last Runtime    Last Run               Last # of DB Queries
------------------------  -----  ---------  --------  ----------  --------------  -------------------  ----------------------
/opt/airflow/dags/dag.py                           1           0  1.57s           2025-10-07T09:33:10                      12
================================================================================
[2025-10-07T09:33:45.981+0000] {manager.py:997} INFO - 
================================================================================
DAG File Processing Stats

File Path                 PID    Runtime      # DAGs    # Errors  Last Runtime    Last Run               Last # of DB Queries
------------------------  -----  ---------  --------  ----------  --------------  -------------------  ----------------------
/opt/airflow/dags/dag.py                           1           0  4.21s           2025-10-07T09:33:36                      12
================================================================================
[2025-10-07T09:34:18.368+0000] {manager.py:997} INFO - 
================================================================================
DAG File Processing Stats

File Path                 PID    Runtime      # DAGs    # Errors  Last Runtime    Last Run               Last # of DB Queries
------------------------  -----  ---------  --------  ----------  --------------  -------------------  ----------------------
/opt/airflow/dags/dag.py                           1           0  2.72s           2025-10-07T09:34:14                      12
================================================================================
[2025-10-07T09:34:50.696+0000] {manager.py:997} INFO - 
================================================================================
DAG File Processing Stats

File Path                   PID  Runtime      # DAGs    # Errors  Last Runtime    Last Run               Last # of DB Queries
------------------------  -----  ---------  --------  ----------  --------------  -------------------  ----------------------
/opt/airflow/dags/dag.py   2090  0.00s             1           0  3.85s           2025-10-07T09:34:40                      12
================================================================================
[2025-10-07T09:35:23.043+0000] {manager.py:997} INFO - 
================================================================================
DAG File Processing Stats

File Path                 PID    Runtime      # DAGs    # Errors  Last Runtime    Last Run               Last # of DB Queries
------------------------  -----  ---------  --------  ----------  --------------  -------------------  ----------------------
/opt/airflow/dags/dag.py                           1           0  1.61s           2025-10-07T09:35:15                      12
================================================================================
[2025-10-07T09:35:56.055+0000] {manager.py:997} INFO - 
================================================================================
DAG File Processing Stats

File Path                 PID    Runtime      # DAGs    # Errors  Last Runtime    Last Run               Last # of DB Queries
------------------------  -----  ---------  --------  ----------  --------------  -------------------  ----------------------
/opt/airflow/dags/dag.py                           1           0  1.66s           2025-10-07T09:35:51                      12
================================================================================
[2025-10-07T09:36:28.511+0000] {manager.py:997} INFO - 
================================================================================
DAG File Processing Stats

File Path                 PID    Runtime      # DAGs    # Errors  Last Runtime    Last Run               Last # of DB Queries
------------------------  -----  ---------  --------  ----------  --------------  -------------------  ----------------------
/opt/airflow/dags/dag.py                           1           0  1.58s           2025-10-07T09:36:27                      12
================================================================================
[2025-10-07T09:36:43.612+0000] {manager.py:821} INFO - Searching for files in /opt/airflow/dags
[2025-10-07T09:36:43.628+0000] {manager.py:824} INFO - There are 1 files in /opt/airflow/dags
[2025-10-07T09:37:01.008+0000] {manager.py:997} INFO - 
================================================================================
DAG File Processing Stats

File Path                 PID    Runtime      # DAGs    # Errors  Last Runtime    Last Run               Last # of DB Queries
------------------------  -----  ---------  --------  ----------  --------------  -------------------  ----------------------
/opt/airflow/dags/dag.py                           1           0  1.58s           2025-10-07T09:36:52                      12
================================================================================
[2025-10-07T09:37:33.722+0000] {manager.py:997} INFO - 
================================================================================
DAG File Processing Stats

File Path                 PID    Runtime      # DAGs    # Errors  Last Runtime    Last Run               Last # of DB Queries
------------------------  -----  ---------  --------  ----------  --------------  -------------------  ----------------------
/opt/airflow/dags/dag.py                           1           0  1.63s           2025-10-07T09:37:27                      12
================================================================================
[2025-10-07T09:38:06.179+0000] {manager.py:997} INFO - 
================================================================================
DAG File Processing Stats

File Path                 PID    Runtime      # DAGs    # Errors  Last Runtime    Last Run               Last # of DB Queries
------------------------  -----  ---------  --------  ----------  --------------  -------------------  ----------------------
/opt/airflow/dags/dag.py                           1           0  7.33s           2025-10-07T09:37:57                      12
================================================================================
[2025-10-07T09:38:38.599+0000] {manager.py:997} INFO - 
================================================================================
DAG File Processing Stats

File Path                 PID    Runtime      # DAGs    # Errors  Last Runtime    Last Run               Last # of DB Queries
------------------------  -----  ---------  --------  ----------  --------------  -------------------  ----------------------
/opt/airflow/dags/dag.py                           1           0  2.04s           2025-10-07T09:38:32                      12
================================================================================
[2025-10-07T09:39:09.826+0000] {manager.py:997} INFO - 
================================================================================
DAG File Processing Stats

File Path                 PID    Runtime      # DAGs    # Errors  Last Runtime    Last Run               Last # of DB Queries
------------------------  -----  ---------  --------  ----------  --------------  -------------------  ----------------------
/opt/airflow/dags/dag.py                           1           0  1.69s           2025-10-07T09:39:08                      12
================================================================================
[2025-10-07T09:39:44.112+0000] {manager.py:997} INFO - 
================================================================================
DAG File Processing Stats

File Path                   PID  Runtime      # DAGs    # Errors  Last Runtime    Last Run               Last # of DB Queries
------------------------  -----  ---------  --------  ----------  --------------  -------------------  ----------------------
/opt/airflow/dags/dag.py   2426  1.01s             1           0  1.64s           2025-10-07T09:39:33                      12
================================================================================
[2025-10-07T09:40:16.918+0000] {manager.py:997} INFO - 
================================================================================
DAG File Processing Stats

File Path                 PID    Runtime      # DAGs    # Errors  Last Runtime    Last Run               Last # of DB Queries
------------------------  -----  ---------  --------  ----------  --------------  -------------------  ----------------------
/opt/airflow/dags/dag.py                           1           0  1.64s           2025-10-07T09:40:09                      12
================================================================================
[2025-10-07T09:40:49.319+0000] {manager.py:997} INFO - 
================================================================================
DAG File Processing Stats

File Path                 PID    Runtime      # DAGs    # Errors  Last Runtime    Last Run               Last # of DB Queries
------------------------  -----  ---------  --------  ----------  --------------  -------------------  ----------------------
/opt/airflow/dags/dag.py                           1           0  1.61s           2025-10-07T09:40:44                      12
================================================================================
[2025-10-07T09:41:21.937+0000] {manager.py:997} INFO - 
================================================================================
DAG File Processing Stats

File Path                 PID    Runtime      # DAGs    # Errors  Last Runtime    Last Run               Last # of DB Queries
------------------------  -----  ---------  --------  ----------  --------------  -------------------  ----------------------
/opt/airflow/dags/dag.py                           1           0  1.61s           2025-10-07T09:41:21                      12
================================================================================
[2025-10-07T09:41:43.947+0000] {manager.py:821} INFO - Searching for files in /opt/airflow/dags
[2025-10-07T09:41:43.962+0000] {manager.py:824} INFO - There are 1 files in /opt/airflow/dags
[2025-10-07T09:41:54.772+0000] {manager.py:997} INFO - 
================================================================================
DAG File Processing Stats

File Path                 PID    Runtime      # DAGs    # Errors  Last Runtime    Last Run               Last # of DB Queries
------------------------  -----  ---------  --------  ----------  --------------  -------------------  ----------------------
/opt/airflow/dags/dag.py                           1           0  1.74s           2025-10-07T09:41:45                      12
================================================================================
[2025-10-07T09:42:27.480+0000] {manager.py:997} INFO - 
================================================================================
DAG File Processing Stats

File Path                 PID    Runtime      # DAGs    # Errors  Last Runtime    Last Run               Last # of DB Queries
------------------------  -----  ---------  --------  ----------  --------------  -------------------  ----------------------
/opt/airflow/dags/dag.py                           1           0  1.80s           2025-10-07T09:42:21                      12
================================================================================
[2025-10-07T09:42:59.848+0000] {manager.py:997} INFO - 
================================================================================
DAG File Processing Stats

File Path                 PID    Runtime      # DAGs    # Errors  Last Runtime    Last Run               Last # of DB Queries
------------------------  -----  ---------  --------  ----------  --------------  -------------------  ----------------------
/opt/airflow/dags/dag.py                           1           0  1.62s           2025-10-07T09:42:58                      12
================================================================================
[2025-10-07T09:43:32.347+0000] {manager.py:997} INFO - 
================================================================================
DAG File Processing Stats

File Path                 PID    Runtime      # DAGs    # Errors  Last Runtime    Last Run               Last # of DB Queries
------------------------  -----  ---------  --------  ----------  --------------  -------------------  ----------------------
/opt/airflow/dags/dag.py                           1           0  1.68s           2025-10-07T09:43:22                      12
================================================================================
[2025-10-07T09:44:04.962+0000] {manager.py:997} INFO - 
================================================================================
DAG File Processing Stats

File Path                 PID    Runtime      # DAGs    # Errors  Last Runtime    Last Run               Last # of DB Queries
------------------------  -----  ---------  --------  ----------  --------------  -------------------  ----------------------
/opt/airflow/dags/dag.py                           1           0  1.68s           2025-10-07T09:43:58                      12
================================================================================
[2025-10-07T09:44:37.521+0000] {manager.py:997} INFO - 
================================================================================
DAG File Processing Stats

File Path                 PID    Runtime      # DAGs    # Errors  Last Runtime    Last Run               Last # of DB Queries
------------------------  -----  ---------  --------  ----------  --------------  -------------------  ----------------------
/opt/airflow/dags/dag.py                           0           1  1.63s           2025-10-07T09:44:36                       5
================================================================================
[2025-10-07T09:45:10.000+0000] {manager.py:997} INFO - 
================================================================================
DAG File Processing Stats

File Path                   PID  Runtime      # DAGs    # Errors  Last Runtime    Last Run               Last # of DB Queries
------------------------  -----  ---------  --------  ----------  --------------  -------------------  ----------------------
/opt/airflow/dags/dag.py   2804  0.00s             0           1  1.62s           2025-10-07T09:44:59                       5
================================================================================
[2025-10-07T09:45:42.427+0000] {manager.py:997} INFO - 
================================================================================
DAG File Processing Stats

File Path                 PID    Runtime      # DAGs    # Errors  Last Runtime    Last Run               Last # of DB Queries
------------------------  -----  ---------  --------  ----------  --------------  -------------------  ----------------------
/opt/airflow/dags/dag.py                           0           1  0.47s           2025-10-07T09:45:38                       5
================================================================================
[2025-10-07T09:46:14.984+0000] {manager.py:997} INFO - 
================================================================================
DAG File Processing Stats

File Path                 PID    Runtime      # DAGs    # Errors  Last Runtime    Last Run               Last # of DB Queries
------------------------  -----  ---------  --------  ----------  --------------  -------------------  ----------------------
/opt/airflow/dags/dag.py                           0           1  2.55s           2025-10-07T09:46:12                       5
================================================================================
[2025-10-07T09:46:44.128+0000] {manager.py:821} INFO - Searching for files in /opt/airflow/dags
[2025-10-07T09:46:44.140+0000] {manager.py:824} INFO - There are 1 files in /opt/airflow/dags
[2025-10-07T09:46:47.730+0000] {manager.py:997} INFO - 
================================================================================
DAG File Processing Stats

File Path                   PID  Runtime      # DAGs    # Errors  Last Runtime    Last Run               Last # of DB Queries
------------------------  -----  ---------  --------  ----------  --------------  -------------------  ----------------------
/opt/airflow/dags/dag.py   2890  1.01s             0           1  1.69s           2025-10-07T09:46:36                       5
================================================================================
[2025-10-07T09:47:20.440+0000] {manager.py:997} INFO - 
================================================================================
DAG File Processing Stats

File Path                 PID    Runtime      # DAGs    # Errors  Last Runtime    Last Run               Last # of DB Queries
------------------------  -----  ---------  --------  ----------  --------------  -------------------  ----------------------
/opt/airflow/dags/dag.py                           0           1  1.70s           2025-10-07T09:47:12                       5
================================================================================
[2025-10-07T09:47:53.082+0000] {manager.py:997} INFO - 
================================================================================
DAG File Processing Stats

File Path                 PID    Runtime      # DAGs    # Errors  Last Runtime    Last Run               Last # of DB Queries
------------------------  -----  ---------  --------  ----------  --------------  -------------------  ----------------------
/opt/airflow/dags/dag.py                           0           1  4.47s           2025-10-07T09:47:53                       5
================================================================================
[2025-10-07T09:48:26.048+0000] {manager.py:997} INFO - 
================================================================================
DAG File Processing Stats

File Path                 PID    Runtime      # DAGs    # Errors  Last Runtime    Last Run               Last # of DB Queries
------------------------  -----  ---------  --------  ----------  --------------  -------------------  ----------------------
/opt/airflow/dags/dag.py                           0           1  1.86s           2025-10-07T09:48:24                       5
================================================================================
[2025-10-07T09:48:58.889+0000] {manager.py:997} INFO - 
================================================================================
DAG File Processing Stats

File Path                   PID  Runtime      # DAGs    # Errors  Last Runtime    Last Run               Last # of DB Queries
------------------------  -----  ---------  --------  ----------  --------------  -------------------  ----------------------
/opt/airflow/dags/dag.py   3030  0.65s             0           1  1.64s           2025-10-07T09:48:48                       5
================================================================================
[2025-10-07T09:49:31.402+0000] {manager.py:997} INFO - 
================================================================================
DAG File Processing Stats

File Path                 PID    Runtime      # DAGs    # Errors  Last Runtime    Last Run               Last # of DB Queries
------------------------  -----  ---------  --------  ----------  --------------  -------------------  ----------------------
/opt/airflow/dags/dag.py                           0           1  1.73s           2025-10-07T09:49:27                       5
================================================================================
[2025-10-07T09:50:04.546+0000] {manager.py:997} INFO - 
================================================================================
DAG File Processing Stats

File Path                 PID    Runtime      # DAGs    # Errors  Last Runtime    Last Run               Last # of DB Queries
------------------------  -----  ---------  --------  ----------  --------------  -------------------  ----------------------
/opt/airflow/dags/dag.py                           0           1  1.67s           2025-10-07T09:50:02                       5
================================================================================
[2025-10-07T09:50:37.275+0000] {manager.py:997} INFO - 
================================================================================
DAG File Processing Stats

File Path                   PID  Runtime      # DAGs    # Errors  Last Runtime    Last Run               Last # of DB Queries
------------------------  -----  ---------  --------  ----------  --------------  -------------------  ----------------------
/opt/airflow/dags/dag.py   3142  0.49s             0           1  1.83s           2025-10-07T09:50:26                       5
================================================================================
[2025-10-07T09:51:11.142+0000] {manager.py:997} INFO - 
================================================================================
DAG File Processing Stats

File Path                 PID    Runtime      # DAGs    # Errors  Last Runtime    Last Run               Last # of DB Queries
------------------------  -----  ---------  --------  ----------  --------------  -------------------  ----------------------
/opt/airflow/dags/dag.py                           0           1  1.65s           2025-10-07T09:51:02                       5
================================================================================
[2025-10-07T09:51:42.704+0000] {manager.py:997} INFO - 
================================================================================
DAG File Processing Stats

File Path                 PID    Runtime      # DAGs    # Errors  Last Runtime    Last Run               Last # of DB Queries
------------------------  -----  ---------  --------  ----------  --------------  -------------------  ----------------------
/opt/airflow/dags/dag.py                           0           1  1.76s           2025-10-07T09:51:39                       5
================================================================================
[2025-10-07T09:51:44.159+0000] {manager.py:821} INFO - Searching for files in /opt/airflow/dags
[2025-10-07T09:51:44.172+0000] {manager.py:824} INFO - There are 1 files in /opt/airflow/dags
[2025-10-07T09:52:15.488+0000] {manager.py:997} INFO - 
================================================================================
DAG File Processing Stats

File Path                 PID    Runtime      # DAGs    # Errors  Last Runtime    Last Run               Last # of DB Queries
------------------------  -----  ---------  --------  ----------  --------------  -------------------  ----------------------
/opt/airflow/dags/dag.py                           0           1  1.55s           2025-10-07T09:52:14                       5
================================================================================
[2025-10-07T09:52:48.268+0000] {manager.py:997} INFO - 
================================================================================
DAG File Processing Stats

File Path                 PID    Runtime      # DAGs    # Errors  Last Runtime    Last Run               Last # of DB Queries
------------------------  -----  ---------  --------  ----------  --------------  -------------------  ----------------------
/opt/airflow/dags/dag.py                           0           1  1.64s           2025-10-07T09:52:40                       5
================================================================================
[2025-10-07T09:53:21.116+0000] {manager.py:997} INFO - 
================================================================================
DAG File Processing Stats

File Path                 PID    Runtime      # DAGs    # Errors  Last Runtime    Last Run               Last # of DB Queries
------------------------  -----  ---------  --------  ----------  --------------  -------------------  ----------------------
/opt/airflow/dags/dag.py                           0           1  1.70s           2025-10-07T09:53:16                       5
================================================================================
[2025-10-07T09:53:21.940+0000] {manager.py:465} INFO - Exiting gracefully upon receiving signal 15
[2025-10-07T09:53:57.093+0000] {manager.py:483} INFO - Processing files using up to 2 processes at a time 
[2025-10-07T09:53:57.094+0000] {manager.py:484} INFO - Process each file at most once every 10 seconds
[2025-10-07T09:53:57.095+0000] {manager.py:485} INFO - Checking for new files in /opt/airflow/dags every 300 seconds
[2025-10-07T09:53:57.095+0000] {manager.py:821} INFO - Searching for files in /opt/airflow/dags
[2025-10-07T09:53:57.112+0000] {manager.py:824} INFO - There are 1 files in /opt/airflow/dags
[2025-10-07T09:53:57.238+0000] {manager.py:997} INFO - 
================================================================================
DAG File Processing Stats

File Path                   PID  Runtime      # DAGs    # Errors  Last Runtime    Last Run      Last # of DB Queries
------------------------  -----  ---------  --------  ----------  --------------  ----------  ----------------------
/opt/airflow/dags/dag.py    170  0.03s             0           0                                                   0
================================================================================
[2025-10-07T09:54:29.902+0000] {manager.py:997} INFO - 
================================================================================
DAG File Processing Stats

File Path                 PID    Runtime      # DAGs    # Errors  Last Runtime    Last Run               Last # of DB Queries
------------------------  -----  ---------  --------  ----------  --------------  -------------------  ----------------------
/opt/airflow/dags/dag.py                           0           1  2.01s           2025-10-07T09:54:24                       5
================================================================================
[2025-10-07T09:55:03.570+0000] {manager.py:997} INFO - 
================================================================================
DAG File Processing Stats

File Path                 PID    Runtime      # DAGs    # Errors  Last Runtime    Last Run               Last # of DB Queries
------------------------  -----  ---------  --------  ----------  --------------  -------------------  ----------------------
/opt/airflow/dags/dag.py                           0           1  5.08s           2025-10-07T09:54:54                       5
================================================================================
[2025-10-07T09:55:35.208+0000] {manager.py:997} INFO - 
================================================================================
DAG File Processing Stats

File Path                 PID    Runtime      # DAGs    # Errors  Last Runtime    Last Run               Last # of DB Queries
------------------------  -----  ---------  --------  ----------  --------------  -------------------  ----------------------
/opt/airflow/dags/dag.py                           0           1  1.74s           2025-10-07T09:55:30                       5
================================================================================
[2025-10-07T09:56:08.374+0000] {manager.py:997} INFO - 
================================================================================
DAG File Processing Stats

File Path                 PID    Runtime      # DAGs    # Errors  Last Runtime    Last Run               Last # of DB Queries
------------------------  -----  ---------  --------  ----------  --------------  -------------------  ----------------------
/opt/airflow/dags/dag.py                           0           1  1.52s           2025-10-07T09:56:07                       5
================================================================================
[2025-10-07T09:56:41.068+0000] {manager.py:997} INFO - 
================================================================================
DAG File Processing Stats

File Path                 PID    Runtime      # DAGs    # Errors  Last Runtime    Last Run               Last # of DB Queries
------------------------  -----  ---------  --------  ----------  --------------  -------------------  ----------------------
/opt/airflow/dags/dag.py                           0           1  1.80s           2025-10-07T09:56:31                       5
================================================================================
[2025-10-07T09:57:13.890+0000] {manager.py:997} INFO - 
================================================================================
DAG File Processing Stats

File Path                 PID    Runtime      # DAGs    # Errors  Last Runtime    Last Run               Last # of DB Queries
------------------------  -----  ---------  --------  ----------  --------------  -------------------  ----------------------
/opt/airflow/dags/dag.py                           0           1  1.68s           2025-10-07T09:57:06                       5
================================================================================
[2025-10-07T09:57:46.653+0000] {manager.py:997} INFO - 
================================================================================
DAG File Processing Stats

File Path                   PID  Runtime      # DAGs    # Errors  Last Runtime    Last Run               Last # of DB Queries
------------------------  -----  ---------  --------  ----------  --------------  -------------------  ----------------------
/opt/airflow/dags/dag.py    424  3.89s             0           1  1.58s           2025-10-07T09:57:32                       5
================================================================================
[2025-10-07T09:58:20.768+0000] {manager.py:997} INFO - 
================================================================================
DAG File Processing Stats

File Path                 PID    Runtime      # DAGs    # Errors  Last Runtime    Last Run               Last # of DB Queries
------------------------  -----  ---------  --------  ----------  --------------  -------------------  ----------------------
/opt/airflow/dags/dag.py                           0           1  2.11s           2025-10-07T09:58:15                       5
================================================================================
[2025-10-07T09:58:52.060+0000] {manager.py:997} INFO - 
================================================================================
DAG File Processing Stats

File Path                 PID    Runtime      # DAGs    # Errors  Last Runtime    Last Run               Last # of DB Queries
------------------------  -----  ---------  --------  ----------  --------------  -------------------  ----------------------
/opt/airflow/dags/dag.py                           0           1  1.61s           2025-10-07T09:58:51                       5
================================================================================
[2025-10-07T09:58:57.790+0000] {manager.py:821} INFO - Searching for files in /opt/airflow/dags
[2025-10-07T09:58:57.804+0000] {manager.py:824} INFO - There are 1 files in /opt/airflow/dags
[2025-10-07T09:59:24.899+0000] {manager.py:997} INFO - 
================================================================================
DAG File Processing Stats

File Path                   PID  Runtime      # DAGs    # Errors  Last Runtime    Last Run               Last # of DB Queries
------------------------  -----  ---------  --------  ----------  --------------  -------------------  ----------------------
/opt/airflow/dags/dag.py    536  0.00s             0           1  1.75s           2025-10-07T09:59:14                       5
================================================================================
[2025-10-07T09:59:57.228+0000] {manager.py:997} INFO - 
================================================================================
DAG File Processing Stats

File Path                 PID    Runtime      # DAGs    # Errors  Last Runtime    Last Run               Last # of DB Queries
------------------------  -----  ---------  --------  ----------  --------------  -------------------  ----------------------
/opt/airflow/dags/dag.py                           0           1  1.64s           2025-10-07T09:59:50                       5
================================================================================
[2025-10-07T10:00:29.911+0000] {manager.py:997} INFO - 
================================================================================
DAG File Processing Stats

File Path                 PID    Runtime      # DAGs    # Errors  Last Runtime    Last Run               Last # of DB Queries
------------------------  -----  ---------  --------  ----------  --------------  -------------------  ----------------------
/opt/airflow/dags/dag.py                           0           1  1.68s           2025-10-07T10:00:27                       5
================================================================================
[2025-10-07T10:01:02.417+0000] {manager.py:997} INFO - 
================================================================================
DAG File Processing Stats

File Path                 PID    Runtime      # DAGs    # Errors  Last Runtime    Last Run               Last # of DB Queries
------------------------  -----  ---------  --------  ----------  --------------  -------------------  ----------------------
/opt/airflow/dags/dag.py                           1           0  1.61s           2025-10-07T10:00:55                      11
================================================================================
[2025-10-07T10:01:35.283+0000] {manager.py:997} INFO - 
================================================================================
DAG File Processing Stats

File Path                 PID    Runtime      # DAGs    # Errors  Last Runtime    Last Run               Last # of DB Queries
------------------------  -----  ---------  --------  ----------  --------------  -------------------  ----------------------
/opt/airflow/dags/dag.py                           1           0  1.71s           2025-10-07T10:01:32                      12
================================================================================
[2025-10-07T10:02:07.989+0000] {manager.py:997} INFO - 
================================================================================
DAG File Processing Stats

File Path                 PID    Runtime      # DAGs    # Errors  Last Runtime    Last Run               Last # of DB Queries
------------------------  -----  ---------  --------  ----------  --------------  -------------------  ----------------------
/opt/airflow/dags/dag.py                           1           0  1.71s           2025-10-07T10:02:07                      12
================================================================================
[2025-10-07T10:02:40.879+0000] {manager.py:997} INFO - 
================================================================================
DAG File Processing Stats

File Path                 PID    Runtime      # DAGs    # Errors  Last Runtime    Last Run               Last # of DB Queries
------------------------  -----  ---------  --------  ----------  --------------  -------------------  ----------------------
/opt/airflow/dags/dag.py                           1           0  1.75s           2025-10-07T10:02:32                      12
================================================================================
[2025-10-07T10:03:13.753+0000] {manager.py:997} INFO - 
================================================================================
DAG File Processing Stats

File Path                 PID    Runtime      # DAGs    # Errors  Last Runtime    Last Run               Last # of DB Queries
------------------------  -----  ---------  --------  ----------  --------------  -------------------  ----------------------
/opt/airflow/dags/dag.py                           1           0  1.71s           2025-10-07T10:03:10                      12
================================================================================
[2025-10-07T10:03:46.608+0000] {manager.py:997} INFO - 
================================================================================
DAG File Processing Stats

File Path                 PID    Runtime      # DAGs    # Errors  Last Runtime    Last Run               Last # of DB Queries
------------------------  -----  ---------  --------  ----------  --------------  -------------------  ----------------------
/opt/airflow/dags/dag.py                           1           0  1.77s           2025-10-07T10:03:45                      12
================================================================================
[2025-10-07T10:03:58.307+0000] {manager.py:821} INFO - Searching for files in /opt/airflow/dags
[2025-10-07T10:03:58.322+0000] {manager.py:824} INFO - There are 1 files in /opt/airflow/dags
[2025-10-07T10:04:20.409+0000] {manager.py:997} INFO - 
================================================================================
DAG File Processing Stats

File Path                   PID  Runtime      # DAGs    # Errors  Last Runtime    Last Run               Last # of DB Queries
------------------------  -----  ---------  --------  ----------  --------------  -------------------  ----------------------
/opt/airflow/dags/dag.py    917  0.00s             1           0  1.66s           2025-10-07T10:04:09                      12
================================================================================
[2025-10-07T10:04:54.581+0000] {manager.py:997} INFO - 
================================================================================
DAG File Processing Stats

File Path                 PID    Runtime      # DAGs    # Errors  Last Runtime    Last Run               Last # of DB Queries
------------------------  -----  ---------  --------  ----------  --------------  -------------------  ----------------------
/opt/airflow/dags/dag.py                           1           0  1.69s           2025-10-07T10:04:47                      12
================================================================================
[2025-10-07T10:05:27.389+0000] {manager.py:997} INFO - 
================================================================================
DAG File Processing Stats

File Path                 PID    Runtime      # DAGs    # Errors  Last Runtime    Last Run               Last # of DB Queries
------------------------  -----  ---------  --------  ----------  --------------  -------------------  ----------------------
/opt/airflow/dags/dag.py                           1           0  1.80s           2025-10-07T10:05:22                      12
================================================================================
[2025-10-07T10:06:00.337+0000] {manager.py:997} INFO - 
================================================================================
DAG File Processing Stats

File Path                   PID  Runtime      # DAGs    # Errors  Last Runtime    Last Run               Last # of DB Queries
------------------------  -----  ---------  --------  ----------  --------------  -------------------  ----------------------
/opt/airflow/dags/dag.py   1050  2.50s             1           0  2.07s           2025-10-07T10:05:46                      12
================================================================================
[2025-10-07T10:06:32.943+0000] {manager.py:997} INFO - 
================================================================================
DAG File Processing Stats

File Path                 PID    Runtime      # DAGs    # Errors  Last Runtime    Last Run               Last # of DB Queries
------------------------  -----  ---------  --------  ----------  --------------  -------------------  ----------------------
/opt/airflow/dags/dag.py                           1           0  1.70s           2025-10-07T10:06:24                      12
================================================================================
[2025-10-07T10:07:05.828+0000] {manager.py:997} INFO - 
================================================================================
DAG File Processing Stats

File Path                 PID    Runtime      # DAGs    # Errors  Last Runtime    Last Run               Last # of DB Queries
------------------------  -----  ---------  --------  ----------  --------------  -------------------  ----------------------
/opt/airflow/dags/dag.py                           1           0  1.76s           2025-10-07T10:07:00                      12
================================================================================
[2025-10-07T10:07:36.943+0000] {manager.py:997} INFO - 
================================================================================
DAG File Processing Stats

File Path                 PID    Runtime      # DAGs    # Errors  Last Runtime    Last Run               Last # of DB Queries
------------------------  -----  ---------  --------  ----------  --------------  -------------------  ----------------------
/opt/airflow/dags/dag.py                           1           0  1.77s           2025-10-07T10:07:36                      12
================================================================================
[2025-10-07T10:08:11.393+0000] {manager.py:997} INFO - 
================================================================================
DAG File Processing Stats

File Path                 PID    Runtime      # DAGs    # Errors  Last Runtime    Last Run               Last # of DB Queries
------------------------  -----  ---------  --------  ----------  --------------  -------------------  ----------------------
/opt/airflow/dags/dag.py                           1           0  1.62s           2025-10-07T10:08:05                      12
================================================================================
[2025-10-07T10:08:44.152+0000] {manager.py:997} INFO - 
================================================================================
DAG File Processing Stats

File Path                 PID    Runtime      # DAGs    # Errors  Last Runtime    Last Run               Last # of DB Queries
------------------------  -----  ---------  --------  ----------  --------------  -------------------  ----------------------
/opt/airflow/dags/dag.py                           1           0  1.65s           2025-10-07T10:08:43                      12
================================================================================
[2025-10-07T10:08:58.511+0000] {manager.py:821} INFO - Searching for files in /opt/airflow/dags
[2025-10-07T10:08:58.525+0000] {manager.py:824} INFO - There are 1 files in /opt/airflow/dags
[2025-10-07T10:09:17.106+0000] {manager.py:997} INFO - 
================================================================================
DAG File Processing Stats

File Path                   PID  Runtime      # DAGs    # Errors  Last Runtime    Last Run               Last # of DB Queries
------------------------  -----  ---------  --------  ----------  --------------  -------------------  ----------------------
/opt/airflow/dags/dag.py   1290  0.00s             1           0  1.63s           2025-10-07T10:09:06                      12
================================================================================
[2025-10-07T10:09:50.337+0000] {manager.py:997} INFO - 
================================================================================
DAG File Processing Stats

File Path                 PID    Runtime      # DAGs    # Errors  Last Runtime    Last Run               Last # of DB Queries
------------------------  -----  ---------  --------  ----------  --------------  -------------------  ----------------------
/opt/airflow/dags/dag.py                           1           0  1.64s           2025-10-07T10:09:42                      12
================================================================================
[2025-10-07T10:10:22.928+0000] {manager.py:997} INFO - 
================================================================================
DAG File Processing Stats

File Path                 PID    Runtime      # DAGs    # Errors  Last Runtime    Last Run               Last # of DB Queries
------------------------  -----  ---------  --------  ----------  --------------  -------------------  ----------------------
/opt/airflow/dags/dag.py                           1           0  4.22s           2025-10-07T10:10:19                      12
================================================================================
[2025-10-07T10:10:54.022+0000] {manager.py:997} INFO - 
================================================================================
DAG File Processing Stats

File Path                   PID  Runtime      # DAGs    # Errors  Last Runtime    Last Run               Last # of DB Queries
------------------------  -----  ---------  --------  ----------  --------------  -------------------  ----------------------
/opt/airflow/dags/dag.py   1410  0.00s             1           0  1.64s           2025-10-07T10:10:43                      12
================================================================================
[2025-10-07T10:11:27.943+0000] {manager.py:997} INFO - 
================================================================================
DAG File Processing Stats

File Path                 PID    Runtime      # DAGs    # Errors  Last Runtime    Last Run               Last # of DB Queries
------------------------  -----  ---------  --------  ----------  --------------  -------------------  ----------------------
/opt/airflow/dags/dag.py                           1           0  1.70s           2025-10-07T10:11:21                      12
================================================================================
[2025-10-07T10:12:00.839+0000] {manager.py:997} INFO - 
================================================================================
DAG File Processing Stats

File Path                 PID    Runtime      # DAGs    # Errors  Last Runtime    Last Run               Last # of DB Queries
------------------------  -----  ---------  --------  ----------  --------------  -------------------  ----------------------
/opt/airflow/dags/dag.py                           1           0  1.81s           2025-10-07T10:11:58                      12
================================================================================
[2025-10-07T10:12:33.587+0000] {manager.py:997} INFO - 
================================================================================
DAG File Processing Stats

File Path                   PID  Runtime      # DAGs    # Errors  Last Runtime    Last Run               Last # of DB Queries
------------------------  -----  ---------  --------  ----------  --------------  -------------------  ----------------------
/opt/airflow/dags/dag.py   1530  1.41s             1           0  1.66s           2025-10-07T10:12:21                      12
================================================================================
[2025-10-07T10:13:06.153+0000] {manager.py:997} INFO - 
================================================================================
DAG File Processing Stats

File Path                 PID    Runtime      # DAGs    # Errors  Last Runtime    Last Run               Last # of DB Queries
------------------------  -----  ---------  --------  ----------  --------------  -------------------  ----------------------
/opt/airflow/dags/dag.py                           1           0  2.46s           2025-10-07T10:12:59                      12
================================================================================
[2025-10-07T10:13:39.417+0000] {manager.py:997} INFO - 
================================================================================
DAG File Processing Stats

File Path                 PID    Runtime      # DAGs    # Errors  Last Runtime    Last Run               Last # of DB Queries
------------------------  -----  ---------  --------  ----------  --------------  -------------------  ----------------------
/opt/airflow/dags/dag.py                           1           0  1.52s           2025-10-07T10:13:35                      12
================================================================================
[2025-10-07T10:13:58.613+0000] {manager.py:821} INFO - Searching for files in /opt/airflow/dags
[2025-10-07T10:13:58.627+0000] {manager.py:824} INFO - There are 1 files in /opt/airflow/dags
[2025-10-07T10:14:12.588+0000] {manager.py:997} INFO - 
================================================================================
DAG File Processing Stats

File Path                 PID    Runtime      # DAGs    # Errors  Last Runtime    Last Run               Last # of DB Queries
------------------------  -----  ---------  --------  ----------  --------------  -------------------  ----------------------
/opt/airflow/dags/dag.py                           1           0  2.54s           2025-10-07T10:14:11                      12
================================================================================
[2025-10-07T10:14:45.395+0000] {manager.py:997} INFO - 
================================================================================
DAG File Processing Stats

File Path                   PID  Runtime      # DAGs    # Errors  Last Runtime    Last Run               Last # of DB Queries
------------------------  -----  ---------  --------  ----------  --------------  -------------------  ----------------------
/opt/airflow/dags/dag.py   1695  0.00s             1           0  1.69s           2025-10-07T10:14:35                      12
================================================================================
[2025-10-07T10:15:04.912+0000] {manager.py:465} INFO - Exiting gracefully upon receiving signal 15
