[2025-10-07T10:36:21.487+0000] {local_task_job_runner.py:123} INFO - ::group::Pre task execution logs
[2025-10-07T10:36:21.576+0000] {taskinstance.py:2614} INFO - Dependencies all met for dep_context=non-requeueable deps ti=<TaskInstance: vnstock_weekly_etl_incremental.process_batch manual__2025-10-07T10:36:05.597506+00:00 map_index=0 [queued]>
[2025-10-07T10:36:21.612+0000] {taskinstance.py:2614} INFO - Dependencies all met for dep_context=requeueable deps ti=<TaskInstance: vnstock_weekly_etl_incremental.process_batch manual__2025-10-07T10:36:05.597506+00:00 map_index=0 [queued]>
[2025-10-07T10:36:21.615+0000] {taskinstance.py:2867} INFO - Starting attempt 1 of 3
[2025-10-07T10:36:21.663+0000] {taskinstance.py:2890} INFO - Executing <Mapped(_PythonDecoratedOperator): process_batch> on 2025-10-07 10:36:05.597506+00:00
[2025-10-07T10:36:21.705+0000] {logging_mixin.py:190} WARNING - /home/***/.local/lib/python3.12/site-packages/***/task/task_runner/standard_task_runner.py:70 DeprecationWarning: This process (pid=2678) is multi-threaded, use of fork() may lead to deadlocks in the child.
[2025-10-07T10:36:21.724+0000] {standard_task_runner.py:72} INFO - Started process 2856 to run task
[2025-10-07T10:36:21.701+0000] {standard_task_runner.py:104} INFO - Running: ['***', 'tasks', 'run', 'vnstock_weekly_etl_incremental', 'process_batch', 'manual__2025-10-07T10:36:05.597506+00:00', '--job-id', '83', '--raw', '--subdir', 'DAGS_FOLDER/dag.py', '--cfg-path', '/tmp/tmpcpyfp__3', '--map-index', '0']
[2025-10-07T10:36:21.734+0000] {standard_task_runner.py:105} INFO - Job 83: Subtask process_batch
[2025-10-07T10:36:21.840+0000] {logging_mixin.py:190} WARNING - /home/***/.local/lib/python3.12/site-packages/***/settings.py:209 DeprecationWarning: The sql_alchemy_conn option in [core] has been moved to the sql_alchemy_conn option in [database] - the old setting has been used, but please update your config.
[2025-10-07T10:36:23.117+0000] {task_command.py:467} INFO - Running <TaskInstance: vnstock_weekly_etl_incremental.process_batch manual__2025-10-07T10:36:05.597506+00:00 map_index=0 [running]> on host e3278e0f0bbc
[2025-10-07T10:36:23.368+0000] {taskinstance.py:3134} INFO - Exporting env vars: AIRFLOW_CTX_DAG_OWNER='***' AIRFLOW_CTX_DAG_ID='vnstock_weekly_etl_incremental' AIRFLOW_CTX_TASK_ID='process_batch' AIRFLOW_CTX_EXECUTION_DATE='2025-10-07T10:36:05.597506+00:00' AIRFLOW_CTX_TRY_NUMBER='1' AIRFLOW_CTX_DAG_RUN_ID='manual__2025-10-07T10:36:05.597506+00:00'
[2025-10-07T10:36:23.382+0000] {taskinstance.py:732} INFO - ::endgroup::
[2025-10-07T10:36:23.387+0000] {logging_mixin.py:190} INFO - ⬇️ Xử lý symbol = YTC
[2025-10-07T10:36:23.626+0000] {logging_mixin.py:190} INFO - YTC: trích dữ liệu từ 2025-10-02 đến 2025-10-07
[2025-10-07T10:36:28.814+0000] {logging_mixin.py:190} INFO - Không tìm thấy dữ liệu cho YTC
[2025-10-07T10:36:28.820+0000] {logging_mixin.py:190} INFO - Không có dữ liệu mới cho YTC
[2025-10-07T10:36:30.838+0000] {logging_mixin.py:190} INFO - ⬇️ Xử lý symbol = YEG
[2025-10-07T10:36:30.863+0000] {logging_mixin.py:190} INFO - YEG: trích dữ liệu từ 2025-10-04 đến 2025-10-07
[2025-10-07T10:36:31.035+0000] {logging_mixin.py:190} INFO - Trích xuất 2 dòng mới cho YEG
[2025-10-07T10:36:31.050+0000] {logging_mixin.py:190} INFO - Append 2 dòng mới vào /opt/***/data/lake/YEG.csv
[2025-10-07T10:36:33.051+0000] {logging_mixin.py:190} INFO - ⬇️ Xử lý symbol = YBM
[2025-10-07T10:36:33.075+0000] {logging_mixin.py:190} INFO - YBM: trích dữ liệu từ 2025-10-04 đến 2025-10-07
[2025-10-07T10:36:33.236+0000] {logging_mixin.py:190} INFO - Trích xuất 1 dòng mới cho YBM
[2025-10-07T10:36:33.243+0000] {logging_mixin.py:190} INFO - Append 1 dòng mới vào /opt/***/data/lake/YBM.csv
[2025-10-07T10:36:35.244+0000] {logging_mixin.py:190} INFO - ⬇️ Xử lý symbol = YBC
[2025-10-07T10:36:35.267+0000] {logging_mixin.py:190} INFO - YBC: trích dữ liệu từ 2025-10-01 đến 2025-10-07
[2025-10-07T10:36:35.435+0000] {logging_mixin.py:190} INFO - Trích xuất 2 dòng mới cho YBC
[2025-10-07T10:36:35.444+0000] {logging_mixin.py:190} INFO - Append 2 dòng mới vào /opt/***/data/lake/YBC.csv
[2025-10-07T10:36:37.446+0000] {logging_mixin.py:190} INFO - ⬇️ Xử lý symbol = XPH
[2025-10-07T10:36:37.465+0000] {logging_mixin.py:190} INFO - XPH: trích dữ liệu từ 2025-10-04 đến 2025-10-07
[2025-10-07T10:36:37.644+0000] {logging_mixin.py:190} INFO - Trích xuất 2 dòng mới cho XPH
[2025-10-07T10:36:37.653+0000] {logging_mixin.py:190} INFO - Append 2 dòng mới vào /opt/***/data/lake/XPH.csv
[2025-10-07T10:36:39.654+0000] {logging_mixin.py:190} INFO - ⚠️ Lỗi khi xử lý XMP: Bucket for item=vnstock with Rate limit=5/1.0m is already full
[2025-10-07T10:36:39.655+0000] {logging_mixin.py:190} INFO - ⚠️ Lỗi khi xử lý XMD: Bucket for item=vnstock with Rate limit=5/1.0m is already full
[2025-10-07T10:36:39.655+0000] {logging_mixin.py:190} INFO - ⚠️ Lỗi khi xử lý XMC: Bucket for item=vnstock with Rate limit=5/1.0m is already full
[2025-10-07T10:36:39.656+0000] {logging_mixin.py:190} INFO - ⚠️ Lỗi khi xử lý XLV: Bucket for item=vnstock with Rate limit=5/1.0m is already full
[2025-10-07T10:36:39.656+0000] {logging_mixin.py:190} INFO - ⚠️ Lỗi khi xử lý XHC: Bucket for item=vnstock with Rate limit=5/1.0m is already full
[2025-10-07T10:36:39.657+0000] {logging_mixin.py:190} INFO - ⚠️ Lỗi khi xử lý XDH: Bucket for item=vnstock with Rate limit=5/1.0m is already full
[2025-10-07T10:36:39.658+0000] {logging_mixin.py:190} INFO - ⚠️ Lỗi khi xử lý XDC: Bucket for item=vnstock with Rate limit=5/1.0m is already full
[2025-10-07T10:36:39.659+0000] {logging_mixin.py:190} INFO - ⚠️ Lỗi khi xử lý X77: Bucket for item=vnstock with Rate limit=5/1.0m is already full
[2025-10-07T10:36:39.659+0000] {logging_mixin.py:190} INFO - ⚠️ Lỗi khi xử lý X26: Bucket for item=vnstock with Rate limit=5/1.0m is already full
[2025-10-07T10:36:39.660+0000] {logging_mixin.py:190} INFO - ⚠️ Lỗi khi xử lý X20: Bucket for item=vnstock with Rate limit=5/1.0m is already full
[2025-10-07T10:36:39.660+0000] {logging_mixin.py:190} INFO - ⚠️ Lỗi khi xử lý WTC: Bucket for item=vnstock with Rate limit=5/1.0m is already full
[2025-10-07T10:36:39.661+0000] {logging_mixin.py:190} INFO - ⚠️ Lỗi khi xử lý WSS: Bucket for item=vnstock with Rate limit=5/1.0m is already full
[2025-10-07T10:36:39.662+0000] {logging_mixin.py:190} INFO - ⚠️ Lỗi khi xử lý WSB: Bucket for item=vnstock with Rate limit=5/1.0m is already full
[2025-10-07T10:36:39.662+0000] {logging_mixin.py:190} INFO - ⚠️ Lỗi khi xử lý WCS: Bucket for item=vnstock with Rate limit=5/1.0m is already full
[2025-10-07T10:36:39.663+0000] {logging_mixin.py:190} INFO - ⚠️ Lỗi khi xử lý VXT: Bucket for item=vnstock with Rate limit=5/1.0m is already full
[2025-10-07T10:36:39.663+0000] {logging_mixin.py:190} INFO - ⚠️ Lỗi khi xử lý VXP: Bucket for item=vnstock with Rate limit=5/1.0m is already full
[2025-10-07T10:36:39.664+0000] {logging_mixin.py:190} INFO - ⚠️ Lỗi khi xử lý VXB: Bucket for item=vnstock with Rate limit=5/1.0m is already full
[2025-10-07T10:36:39.664+0000] {logging_mixin.py:190} INFO - ⚠️ Lỗi khi xử lý VWS: Bucket for item=vnstock with Rate limit=5/1.0m is already full
[2025-10-07T10:36:39.665+0000] {logging_mixin.py:190} INFO - ⚠️ Lỗi khi xử lý VW3: Bucket for item=vnstock with Rate limit=5/1.0m is already full
[2025-10-07T10:36:39.665+0000] {logging_mixin.py:190} INFO - ⚠️ Lỗi khi xử lý VVS: Bucket for item=vnstock with Rate limit=5/1.0m is already full
[2025-10-07T10:36:39.665+0000] {logging_mixin.py:190} INFO - ⚠️ Lỗi khi xử lý VVN: Bucket for item=vnstock with Rate limit=5/1.0m is already full
[2025-10-07T10:36:39.666+0000] {logging_mixin.py:190} INFO - ⚠️ Lỗi khi xử lý VUA: Bucket for item=vnstock with Rate limit=5/1.0m is already full
[2025-10-07T10:36:39.666+0000] {logging_mixin.py:190} INFO - ⚠️ Lỗi khi xử lý VTZ: Bucket for item=vnstock with Rate limit=5/1.0m is already full
[2025-10-07T10:36:39.667+0000] {logging_mixin.py:190} INFO - ⚠️ Lỗi khi xử lý VTX: Bucket for item=vnstock with Rate limit=5/1.0m is already full
[2025-10-07T10:36:39.667+0000] {logging_mixin.py:190} INFO - ⚠️ Lỗi khi xử lý VTV: Bucket for item=vnstock with Rate limit=5/1.0m is already full
[2025-10-07T10:36:39.668+0000] {logging_mixin.py:190} INFO - ⚠️ Lỗi khi xử lý VTS: Bucket for item=vnstock with Rate limit=5/1.0m is already full
[2025-10-07T10:36:39.669+0000] {logging_mixin.py:190} INFO - ⚠️ Lỗi khi xử lý VTR: Bucket for item=vnstock with Rate limit=5/1.0m is already full
[2025-10-07T10:36:39.669+0000] {logging_mixin.py:190} INFO - ⚠️ Lỗi khi xử lý VTQ: Bucket for item=vnstock with Rate limit=5/1.0m is already full
[2025-10-07T10:36:39.669+0000] {logging_mixin.py:190} INFO - ⚠️ Lỗi khi xử lý VTP: Bucket for item=vnstock with Rate limit=5/1.0m is already full
[2025-10-07T10:36:39.670+0000] {logging_mixin.py:190} INFO - ⚠️ Lỗi khi xử lý VTO: Bucket for item=vnstock with Rate limit=5/1.0m is already full
[2025-10-07T10:36:39.670+0000] {logging_mixin.py:190} INFO - ⚠️ Lỗi khi xử lý VTM: Bucket for item=vnstock with Rate limit=5/1.0m is already full
[2025-10-07T10:36:39.671+0000] {logging_mixin.py:190} INFO - ⚠️ Lỗi khi xử lý VTL: Bucket for item=vnstock with Rate limit=5/1.0m is already full
[2025-10-07T10:36:39.671+0000] {logging_mixin.py:190} INFO - ⚠️ Lỗi khi xử lý VTK: Bucket for item=vnstock with Rate limit=5/1.0m is already full
[2025-10-07T10:36:39.672+0000] {logging_mixin.py:190} INFO - ⚠️ Lỗi khi xử lý VTJ: Bucket for item=vnstock with Rate limit=5/1.0m is already full
[2025-10-07T10:36:39.672+0000] {logging_mixin.py:190} INFO - ⚠️ Lỗi khi xử lý VTI: Bucket for item=vnstock with Rate limit=5/1.0m is already full
[2025-10-07T10:36:39.673+0000] {logging_mixin.py:190} INFO - ⚠️ Lỗi khi xử lý VTH: Bucket for item=vnstock with Rate limit=5/1.0m is already full
[2025-10-07T10:36:39.674+0000] {logging_mixin.py:190} INFO - ⚠️ Lỗi khi xử lý VTG: Bucket for item=vnstock with Rate limit=5/1.0m is already full
[2025-10-07T10:36:39.674+0000] {logging_mixin.py:190} INFO - ⚠️ Lỗi khi xử lý VTE: Bucket for item=vnstock with Rate limit=5/1.0m is already full
[2025-10-07T10:36:39.675+0000] {logging_mixin.py:190} INFO - ⚠️ Lỗi khi xử lý VTD: Bucket for item=vnstock with Rate limit=5/1.0m is already full
[2025-10-07T10:36:39.675+0000] {logging_mixin.py:190} INFO - ⚠️ Lỗi khi xử lý VTC: Bucket for item=vnstock with Rate limit=5/1.0m is already full
[2025-10-07T10:36:39.676+0000] {logging_mixin.py:190} INFO - ⚠️ Lỗi khi xử lý VTB: Bucket for item=vnstock with Rate limit=5/1.0m is already full
[2025-10-07T10:36:39.676+0000] {logging_mixin.py:190} INFO - ⚠️ Lỗi khi xử lý VTA: Bucket for item=vnstock with Rate limit=5/1.0m is already full
[2025-10-07T10:36:39.676+0000] {logging_mixin.py:190} INFO - ⚠️ Lỗi khi xử lý VST: Bucket for item=vnstock with Rate limit=5/1.0m is already full
[2025-10-07T10:36:39.676+0000] {logging_mixin.py:190} INFO - ⚠️ Lỗi khi xử lý VSP: Bucket for item=vnstock with Rate limit=5/1.0m is already full
[2025-10-07T10:36:39.677+0000] {logging_mixin.py:190} INFO - ⚠️ Lỗi khi xử lý VSN: Bucket for item=vnstock with Rate limit=5/1.0m is already full
[2025-10-07T10:36:39.677+0000] {python.py:240} INFO - Done. Returned value was: None
[2025-10-07T10:36:39.691+0000] {taskinstance.py:341} INFO - ::group::Post task execution logs
[2025-10-07T10:36:39.691+0000] {taskinstance.py:353} INFO - Marking task as SUCCESS. dag_id=vnstock_weekly_etl_incremental, task_id=process_batch, run_id=manual__2025-10-07T10:36:05.597506+00:00, map_index=0, execution_date=20251007T103605, start_date=20251007T103621, end_date=20251007T103639
[2025-10-07T10:36:39.748+0000] {local_task_job_runner.py:266} INFO - Task exited with return code 0
[2025-10-07T10:36:39.767+0000] {taskinstance.py:3901} INFO - 0 downstream tasks scheduled from follow-on schedule check
[2025-10-07T10:36:39.770+0000] {local_task_job_runner.py:245} INFO - ::endgroup::
