[2025-10-07T13:44:55.728+0000] {local_task_job_runner.py:123} INFO - ::group::Pre task execution logs
[2025-10-07T13:44:55.749+0000] {taskinstance.py:2614} INFO - Dependencies all met for dep_context=non-requeueable deps ti=<TaskInstance: vnstock_weekly_etl_incremental.process_batch manual__2025-10-07T10:44:44.201464+00:00 map_index=10 [queued]>
[2025-10-07T13:44:55.758+0000] {taskinstance.py:2614} INFO - Dependencies all met for dep_context=requeueable deps ti=<TaskInstance: vnstock_weekly_etl_incremental.process_batch manual__2025-10-07T10:44:44.201464+00:00 map_index=10 [queued]>
[2025-10-07T13:44:55.759+0000] {taskinstance.py:2867} INFO - Starting attempt 1 of 3
[2025-10-07T13:44:55.770+0000] {taskinstance.py:2890} INFO - Executing <Mapped(_PythonDecoratedOperator): process_batch> on 2025-10-07 10:44:44.201464+00:00
[2025-10-07T13:44:55.779+0000] {logging_mixin.py:190} WARNING - /home/***/.local/lib/python3.12/site-packages/***/task/task_runner/standard_task_runner.py:70 DeprecationWarning: This process (pid=19420) is multi-threaded, use of fork() may lead to deadlocks in the child.
[2025-10-07T13:44:55.780+0000] {standard_task_runner.py:72} INFO - Started process 19430 to run task
[2025-10-07T13:44:55.780+0000] {standard_task_runner.py:104} INFO - Running: ['***', 'tasks', 'run', 'vnstock_weekly_etl_incremental', 'process_batch', 'manual__2025-10-07T10:44:44.201464+00:00', '--job-id', '204', '--raw', '--subdir', 'DAGS_FOLDER/dag.py', '--cfg-path', '/tmp/tmp1yvsd35d', '--map-index', '10']
[2025-10-07T13:44:55.782+0000] {standard_task_runner.py:105} INFO - Job 204: Subtask process_batch
[2025-10-07T13:44:55.795+0000] {logging_mixin.py:190} WARNING - /home/***/.local/lib/python3.12/site-packages/***/settings.py:209 DeprecationWarning: The sql_alchemy_conn option in [core] has been moved to the sql_alchemy_conn option in [database] - the old setting has been used, but please update your config.
[2025-10-07T13:44:55.837+0000] {task_command.py:467} INFO - Running <TaskInstance: vnstock_weekly_etl_incremental.process_batch manual__2025-10-07T10:44:44.201464+00:00 map_index=10 [running]> on host e3278e0f0bbc
[2025-10-07T13:44:56.090+0000] {taskinstance.py:3134} INFO - Exporting env vars: AIRFLOW_CTX_DAG_OWNER='***' AIRFLOW_CTX_DAG_ID='vnstock_weekly_etl_incremental' AIRFLOW_CTX_TASK_ID='process_batch' AIRFLOW_CTX_EXECUTION_DATE='2025-10-07T10:44:44.201464+00:00' AIRFLOW_CTX_TRY_NUMBER='1' AIRFLOW_CTX_DAG_RUN_ID='manual__2025-10-07T10:44:44.201464+00:00'
[2025-10-07T13:44:56.092+0000] {taskinstance.py:732} INFO - ::endgroup::
[2025-10-07T13:44:56.094+0000] {logging_mixin.py:190} INFO - ⬇️ Bắt đầu xử lý symbol = SDG
[2025-10-07T13:44:56.125+0000] {logging_mixin.py:190} INFO - ⚠️ Không đọc được file cũ SDG: 'date'
[2025-10-07T13:44:56.138+0000] {logging_mixin.py:190} INFO - SDG: trích dữ liệu từ 2025-10-07 đến 2025-10-07
[2025-10-07T13:45:00.756+0000] {logging_mixin.py:190} INFO - Không tìm thấy dữ liệu cho SDG
[2025-10-07T13:45:00.758+0000] {logging_mixin.py:190} INFO - ℹ️ SDG: Không có dữ liệu mới.
[2025-10-07T13:45:00.758+0000] {logging_mixin.py:190} INFO - ⬇️ Bắt đầu xử lý symbol = SDD
[2025-10-07T13:45:00.774+0000] {logging_mixin.py:190} INFO - ⚠️ Không đọc được file cũ SDD: 'date'
[2025-10-07T13:45:00.781+0000] {logging_mixin.py:190} INFO - SDD: trích dữ liệu từ 2025-10-04 đến 2025-10-07
[2025-10-07T13:45:05.363+0000] {logging_mixin.py:190} INFO - Không tìm thấy dữ liệu cho SDD
[2025-10-07T13:45:05.365+0000] {logging_mixin.py:190} INFO - ℹ️ SDD: Không có dữ liệu mới.
[2025-10-07T13:45:05.365+0000] {logging_mixin.py:190} INFO - ⬇️ Bắt đầu xử lý symbol = SDC
[2025-10-07T13:45:05.393+0000] {logging_mixin.py:190} INFO - ⚠️ Không đọc được file cũ SDC: 'date'
[2025-10-07T13:45:05.400+0000] {logging_mixin.py:190} INFO - SDC: trích dữ liệu từ 2025-10-01 đến 2025-10-07
[2025-10-07T13:45:10.080+0000] {logging_mixin.py:190} INFO - Không tìm thấy dữ liệu cho SDC
[2025-10-07T13:45:10.081+0000] {logging_mixin.py:190} INFO - ℹ️ SDC: Không có dữ liệu mới.
[2025-10-07T13:45:10.082+0000] {logging_mixin.py:190} INFO - ⬇️ Bắt đầu xử lý symbol = SDB
[2025-10-07T13:45:10.107+0000] {logging_mixin.py:190} INFO - ⚠️ Không đọc được file cũ SDB: 'date'
[2025-10-07T13:45:10.114+0000] {logging_mixin.py:190} INFO - SDB: trích dữ liệu từ 2024-07-26 đến 2025-10-07
[2025-10-07T13:45:15.425+0000] {logging_mixin.py:190} INFO - Không tìm thấy dữ liệu cho SDB
[2025-10-07T13:45:15.427+0000] {logging_mixin.py:190} INFO - ℹ️ SDB: Không có dữ liệu mới.
[2025-10-07T13:45:15.427+0000] {logging_mixin.py:190} INFO - ⬇️ Bắt đầu xử lý symbol = SDA
[2025-10-07T13:45:15.452+0000] {logging_mixin.py:190} INFO - ⚠️ Không đọc được file cũ SDA: 'date'
[2025-10-07T13:45:15.459+0000] {logging_mixin.py:190} INFO - SDA: trích dữ liệu từ 2025-10-04 đến 2025-10-07
[2025-10-07T13:45:20.154+0000] {logging_mixin.py:190} INFO - Không tìm thấy dữ liệu cho SDA
[2025-10-07T13:45:20.155+0000] {logging_mixin.py:190} INFO - ℹ️ SDA: Không có dữ liệu mới.
[2025-10-07T13:45:20.156+0000] {logging_mixin.py:190} INFO - 🚦 Giới hạn API đạt mức tối đa, chờ 35.9s...
[2025-10-07T13:45:55.945+0000] {logging_mixin.py:190} INFO - ⬇️ Bắt đầu xử lý symbol = SD9
[2025-10-07T13:45:55.964+0000] {logging_mixin.py:190} INFO - ⚠️ Không đọc được file cũ SD9: 'date'
[2025-10-07T13:45:55.971+0000] {logging_mixin.py:190} INFO - SD9: trích dữ liệu từ 2025-10-08 đến 2025-10-07
[2025-10-07T13:46:00.460+0000] {logging_mixin.py:190} INFO - Không tìm thấy dữ liệu cho SD9
[2025-10-07T13:46:00.461+0000] {logging_mixin.py:190} INFO - ℹ️ SD9: Không có dữ liệu mới.
[2025-10-07T13:46:00.462+0000] {logging_mixin.py:190} INFO - 🚦 Giới hạn API đạt mức tối đa, chờ 0.3s...
[2025-10-07T13:46:00.760+0000] {logging_mixin.py:190} INFO - ⬇️ Bắt đầu xử lý symbol = SD8
[2025-10-07T13:46:00.777+0000] {logging_mixin.py:190} INFO - ⚠️ Không đọc được file cũ SD8: 'date'
[2025-10-07T13:46:00.783+0000] {logging_mixin.py:190} INFO - SD8: trích dữ liệu từ 2024-07-26 đến 2025-10-07
[2025-10-07T13:46:05.404+0000] {logging_mixin.py:190} INFO - Không tìm thấy dữ liệu cho SD8
[2025-10-07T13:46:05.405+0000] {logging_mixin.py:190} INFO - ℹ️ SD8: Không có dữ liệu mới.
[2025-10-07T13:46:05.406+0000] {logging_mixin.py:190} INFO - ⬇️ Bắt đầu xử lý symbol = SD7
[2025-10-07T13:46:05.422+0000] {logging_mixin.py:190} INFO - ⚠️ Không đọc được file cũ SD7: 'date'
[2025-10-07T13:46:05.428+0000] {logging_mixin.py:190} INFO - SD7: trích dữ liệu từ 2025-09-27 đến 2025-10-07
[2025-10-07T13:46:10.216+0000] {logging_mixin.py:190} INFO - Không tìm thấy dữ liệu cho SD7
[2025-10-07T13:46:10.218+0000] {logging_mixin.py:190} INFO - ℹ️ SD7: Không có dữ liệu mới.
[2025-10-07T13:46:10.218+0000] {logging_mixin.py:190} INFO - ⬇️ Bắt đầu xử lý symbol = SD6
[2025-10-07T13:46:10.239+0000] {logging_mixin.py:190} INFO - ⚠️ Không đọc được file cũ SD6: 'date'
[2025-10-07T13:46:10.246+0000] {logging_mixin.py:190} INFO - SD6: trích dữ liệu từ 2025-10-04 đến 2025-10-07
[2025-10-07T13:46:14.683+0000] {logging_mixin.py:190} INFO - Không tìm thấy dữ liệu cho SD6
[2025-10-07T13:46:14.685+0000] {logging_mixin.py:190} INFO - ℹ️ SD6: Không có dữ liệu mới.
[2025-10-07T13:46:14.685+0000] {logging_mixin.py:190} INFO - 🚦 Giới hạn API đạt mức tối đa, chờ 0.7s...
[2025-10-07T13:46:15.428+0000] {logging_mixin.py:190} INFO - ⬇️ Bắt đầu xử lý symbol = SD5
[2025-10-07T13:46:15.446+0000] {logging_mixin.py:190} INFO - ⚠️ Không đọc được file cũ SD5: 'date'
[2025-10-07T13:46:15.454+0000] {logging_mixin.py:190} INFO - SD5: trích dữ liệu từ 2025-10-08 đến 2025-10-07
[2025-10-07T13:46:20.624+0000] {logging_mixin.py:190} INFO - Không tìm thấy dữ liệu cho SD5
[2025-10-07T13:46:20.626+0000] {logging_mixin.py:190} INFO - ℹ️ SD5: Không có dữ liệu mới.
[2025-10-07T13:46:20.626+0000] {logging_mixin.py:190} INFO - 🚦 Giới hạn API đạt mức tối đa, chờ 35.3s...
[2025-10-07T13:46:55.797+0000] {logging_mixin.py:190} INFO - ⬇️ Bắt đầu xử lý symbol = SD4
[2025-10-07T13:46:55.816+0000] {logging_mixin.py:190} INFO - ⚠️ Không đọc được file cũ SD4: 'date'
[2025-10-07T13:46:55.824+0000] {logging_mixin.py:190} INFO - SD4: trích dữ liệu từ 2025-09-13 đến 2025-10-07
[2025-10-07T13:47:01.834+0000] {logging_mixin.py:190} INFO - Không tìm thấy dữ liệu cho SD4
[2025-10-07T13:47:01.835+0000] {logging_mixin.py:190} INFO - ℹ️ SD4: Không có dữ liệu mới.
[2025-10-07T13:47:01.836+0000] {logging_mixin.py:190} INFO - ⬇️ Bắt đầu xử lý symbol = SD3
[2025-10-07T13:47:01.855+0000] {logging_mixin.py:190} INFO - ⚠️ Không đọc được file cũ SD3: 'date'
[2025-10-07T13:47:01.863+0000] {logging_mixin.py:190} INFO - SD3: trích dữ liệu từ 2025-10-08 đến 2025-10-07
[2025-10-07T13:47:06.510+0000] {logging_mixin.py:190} INFO - Không tìm thấy dữ liệu cho SD3
[2025-10-07T13:47:06.511+0000] {logging_mixin.py:190} INFO - ℹ️ SD3: Không có dữ liệu mới.
[2025-10-07T13:47:06.512+0000] {logging_mixin.py:190} INFO - ⬇️ Bắt đầu xử lý symbol = SD2
[2025-10-07T13:47:06.528+0000] {logging_mixin.py:190} INFO - ⚠️ Không đọc được file cũ SD2: 'date'
[2025-10-07T13:47:06.535+0000] {logging_mixin.py:190} INFO - SD2: trích dữ liệu từ 2025-10-07 đến 2025-10-07
[2025-10-07T13:47:11.089+0000] {logging_mixin.py:190} INFO - Không tìm thấy dữ liệu cho SD2
[2025-10-07T13:47:11.091+0000] {logging_mixin.py:190} INFO - ℹ️ SD2: Không có dữ liệu mới.
[2025-10-07T13:47:11.092+0000] {logging_mixin.py:190} INFO - ⬇️ Bắt đầu xử lý symbol = SD1
[2025-10-07T13:47:11.109+0000] {logging_mixin.py:190} INFO - ⚠️ Không đọc được file cũ SD1: 'date'
[2025-10-07T13:47:11.116+0000] {logging_mixin.py:190} INFO - SD1: trích dữ liệu từ 2024-07-26 đến 2025-10-07
[2025-10-07T13:47:15.666+0000] {logging_mixin.py:190} INFO - Không tìm thấy dữ liệu cho SD1
[2025-10-07T13:47:15.668+0000] {logging_mixin.py:190} INFO - ℹ️ SD1: Không có dữ liệu mới.
[2025-10-07T13:47:15.669+0000] {logging_mixin.py:190} INFO - ⬇️ Bắt đầu xử lý symbol = SCY
[2025-10-07T13:47:15.697+0000] {logging_mixin.py:190} INFO - ⚠️ Không đọc được file cũ SCY: 'date'
[2025-10-07T13:47:15.706+0000] {logging_mixin.py:190} INFO - SCY: trích dữ liệu từ 2025-06-20 đến 2025-10-07
[2025-10-07T13:47:20.502+0000] {logging_mixin.py:190} INFO - Không tìm thấy dữ liệu cho SCY
[2025-10-07T13:47:20.504+0000] {logging_mixin.py:190} INFO - ℹ️ SCY: Không có dữ liệu mới.
[2025-10-07T13:47:20.504+0000] {logging_mixin.py:190} INFO - 🚦 Giới hạn API đạt mức tối đa, chờ 35.3s...
[2025-10-07T13:47:55.634+0000] {logging_mixin.py:190} INFO - ⬇️ Bắt đầu xử lý symbol = SCV
[2025-10-07T13:47:55.660+0000] {logging_mixin.py:190} INFO - ⚠️ Không đọc được file cũ SCV: 'date'
[2025-10-07T13:47:55.667+0000] {logging_mixin.py:190} INFO - SCV: trích dữ liệu từ 2022-07-29 đến 2025-10-07
[2025-10-07T13:48:01.282+0000] {logging_mixin.py:190} INFO - Không tìm thấy dữ liệu cho SCV
[2025-10-07T13:48:01.283+0000] {logging_mixin.py:190} INFO - ℹ️ SCV: Không có dữ liệu mới.
[2025-10-07T13:48:01.284+0000] {logging_mixin.py:190} INFO - 🚦 Giới hạn API đạt mức tối đa, chờ 0.6s...
[2025-10-07T13:48:01.838+0000] {logging_mixin.py:190} INFO - ⬇️ Bắt đầu xử lý symbol = SCS
[2025-10-07T13:48:01.864+0000] {logging_mixin.py:190} INFO - ⚠️ Không đọc được file cũ SCS: 'date'
[2025-10-07T13:48:01.871+0000] {logging_mixin.py:190} INFO - SCS: trích dữ liệu từ 2025-10-08 đến 2025-10-07
[2025-10-07T13:48:06.569+0000] {logging_mixin.py:190} INFO - Không tìm thấy dữ liệu cho SCS
[2025-10-07T13:48:06.571+0000] {logging_mixin.py:190} INFO - ℹ️ SCS: Không có dữ liệu mới.
[2025-10-07T13:48:06.572+0000] {logging_mixin.py:190} INFO - ⬇️ Bắt đầu xử lý symbol = SCR
[2025-10-07T13:48:06.588+0000] {logging_mixin.py:190} INFO - ⚠️ Không đọc được file cũ SCR: 'date'
[2025-10-07T13:48:06.595+0000] {logging_mixin.py:190} INFO - SCR: trích dữ liệu từ 2025-10-08 đến 2025-10-07
[2025-10-07T13:48:11.429+0000] {logging_mixin.py:190} INFO - Không tìm thấy dữ liệu cho SCR
[2025-10-07T13:48:11.431+0000] {logging_mixin.py:190} INFO - ℹ️ SCR: Không có dữ liệu mới.
[2025-10-07T13:48:11.431+0000] {logging_mixin.py:190} INFO - ⬇️ Bắt đầu xử lý symbol = SCO
[2025-10-07T13:48:11.448+0000] {logging_mixin.py:190} INFO - ⚠️ Không đọc được file cũ SCO: 'date'
[2025-10-07T13:48:11.456+0000] {logging_mixin.py:190} INFO - SCO: trích dữ liệu từ 2025-09-13 đến 2025-10-07
[2025-10-07T13:48:16.904+0000] {logging_mixin.py:190} INFO - Không tìm thấy dữ liệu cho SCO
[2025-10-07T13:48:16.905+0000] {logging_mixin.py:190} INFO - ℹ️ SCO: Không có dữ liệu mới.
[2025-10-07T13:48:16.906+0000] {logging_mixin.py:190} INFO - ⬇️ Bắt đầu xử lý symbol = SCL
[2025-10-07T13:48:16.922+0000] {logging_mixin.py:190} INFO - ⚠️ Không đọc được file cũ SCL: 'date'
[2025-10-07T13:48:16.929+0000] {logging_mixin.py:190} INFO - SCL: trích dữ liệu từ 2025-10-08 đến 2025-10-07
[2025-10-07T13:48:21.459+0000] {logging_mixin.py:190} INFO - Không tìm thấy dữ liệu cho SCL
[2025-10-07T13:48:21.461+0000] {logging_mixin.py:190} INFO - ℹ️ SCL: Không có dữ liệu mới.
[2025-10-07T13:48:21.461+0000] {logging_mixin.py:190} INFO - 🚦 Giới hạn API đạt mức tối đa, chờ 34.2s...
[2025-10-07T13:48:55.468+0000] {logging_mixin.py:190} INFO - ⬇️ Bắt đầu xử lý symbol = SCJ
[2025-10-07T13:48:55.487+0000] {logging_mixin.py:190} INFO - ⚠️ Không đọc được file cũ SCJ: 'date'
[2025-10-07T13:48:55.494+0000] {logging_mixin.py:190} INFO - SCJ: trích dữ liệu từ 2025-10-08 đến 2025-10-07
[2025-10-07T13:49:01.083+0000] {logging_mixin.py:190} INFO - Không tìm thấy dữ liệu cho SCJ
[2025-10-07T13:49:01.085+0000] {logging_mixin.py:190} INFO - ℹ️ SCJ: Không có dữ liệu mới.
[2025-10-07T13:49:01.086+0000] {logging_mixin.py:190} INFO - 🚦 Giới hạn API đạt mức tối đa, chờ 0.8s...
[2025-10-07T13:49:01.839+0000] {logging_mixin.py:190} INFO - ⬇️ Bắt đầu xử lý symbol = SCI
[2025-10-07T13:49:01.858+0000] {logging_mixin.py:190} INFO - ⚠️ Không đọc được file cũ SCI: 'date'
[2025-10-07T13:49:01.865+0000] {logging_mixin.py:190} INFO - SCI: trích dữ liệu từ 2025-10-08 đến 2025-10-07
[2025-10-07T13:49:06.360+0000] {logging_mixin.py:190} INFO - Không tìm thấy dữ liệu cho SCI
[2025-10-07T13:49:06.361+0000] {logging_mixin.py:190} INFO - ℹ️ SCI: Không có dữ liệu mới.
[2025-10-07T13:49:06.362+0000] {logging_mixin.py:190} INFO - 🚦 Giới hạn API đạt mức tối đa, chờ 0.2s...
[2025-10-07T13:49:06.574+0000] {logging_mixin.py:190} INFO - ⬇️ Bắt đầu xử lý symbol = SCG
[2025-10-07T13:49:06.606+0000] {logging_mixin.py:190} INFO - ⚠️ Không đọc được file cũ SCG: 'date'
[2025-10-07T13:49:06.614+0000] {logging_mixin.py:190} INFO - SCG: trích dữ liệu từ 2025-10-08 đến 2025-10-07
[2025-10-07T13:49:11.216+0000] {logging_mixin.py:190} INFO - Không tìm thấy dữ liệu cho SCG
[2025-10-07T13:49:11.217+0000] {logging_mixin.py:190} INFO - ℹ️ SCG: Không có dữ liệu mới.
[2025-10-07T13:49:11.218+0000] {logging_mixin.py:190} INFO - 🚦 Giới hạn API đạt mức tối đa, chờ 0.2s...
[2025-10-07T13:49:11.432+0000] {logging_mixin.py:190} INFO - ⬇️ Bắt đầu xử lý symbol = SCD
[2025-10-07T13:49:11.458+0000] {logging_mixin.py:190} INFO - ⚠️ Không đọc được file cũ SCD: 'date'
[2025-10-07T13:49:11.465+0000] {logging_mixin.py:190} INFO - SCD: trích dữ liệu từ 2025-10-04 đến 2025-10-07
[2025-10-07T13:49:16.078+0000] {logging_mixin.py:190} INFO - Không tìm thấy dữ liệu cho SCD
[2025-10-07T13:49:16.080+0000] {logging_mixin.py:190} INFO - ℹ️ SCD: Không có dữ liệu mới.
[2025-10-07T13:49:16.081+0000] {logging_mixin.py:190} INFO - 🚦 Giới hạn API đạt mức tối đa, chờ 0.8s...
[2025-10-07T13:49:16.908+0000] {logging_mixin.py:190} INFO - ⬇️ Bắt đầu xử lý symbol = SCC
[2025-10-07T13:49:16.926+0000] {logging_mixin.py:190} INFO - ⚠️ Không đọc được file cũ SCC: 'date'
[2025-10-07T13:49:16.933+0000] {logging_mixin.py:190} INFO - SCC: trích dữ liệu từ 2025-10-04 đến 2025-10-07
[2025-10-07T13:49:21.307+0000] {logging_mixin.py:190} INFO - Không tìm thấy dữ liệu cho SCC
[2025-10-07T13:49:21.309+0000] {logging_mixin.py:190} INFO - ℹ️ SCC: Không có dữ liệu mới.
[2025-10-07T13:49:21.309+0000] {logging_mixin.py:190} INFO - 🚦 Giới hạn API đạt mức tối đa, chờ 34.2s...
[2025-10-07T14:59:31.941+0000] {job.py:229} INFO - Heartbeat recovered after 4194.30 seconds
[2025-10-07T14:59:44.549+0000] {logging_mixin.py:190} INFO - ⬇️ Bắt đầu xử lý symbol = SCA
[2025-10-07T14:59:44.720+0000] {logging_mixin.py:190} INFO - ⚠️ Không đọc được file cũ SCA: 'date'
[2025-10-07T14:59:44.855+0000] {logging_mixin.py:190} INFO - SCA: trích dữ liệu từ 2022-07-29 đến 2025-10-07
[2025-10-07T14:59:49.498+0000] {logging_mixin.py:190} INFO - Không tìm thấy dữ liệu cho SCA
[2025-10-07T14:59:49.510+0000] {logging_mixin.py:190} INFO - ℹ️ SCA: Không có dữ liệu mới.
[2025-10-07T14:59:49.519+0000] {logging_mixin.py:190} INFO - ⬇️ Bắt đầu xử lý symbol = SC5
[2025-10-07T14:59:49.656+0000] {logging_mixin.py:190} INFO - ⚠️ Không đọc được file cũ SC5: 'date'
[2025-10-07T14:59:49.687+0000] {logging_mixin.py:190} INFO - SC5: trích dữ liệu từ 2025-10-07 đến 2025-10-07
[2025-10-07T14:59:54.624+0000] {logging_mixin.py:190} INFO - Không tìm thấy dữ liệu cho SC5
[2025-10-07T14:59:54.628+0000] {logging_mixin.py:190} INFO - ℹ️ SC5: Không có dữ liệu mới.
[2025-10-07T14:59:54.629+0000] {logging_mixin.py:190} INFO - ⬇️ Bắt đầu xử lý symbol = SBV
[2025-10-07T14:59:54.687+0000] {logging_mixin.py:190} INFO - ⚠️ Không đọc được file cũ SBV: 'date'
[2025-10-07T14:59:54.721+0000] {logging_mixin.py:190} INFO - SBV: trích dữ liệu từ 2025-10-08 đến 2025-10-07
[2025-10-07T15:00:00.062+0000] {logging_mixin.py:190} INFO - Không tìm thấy dữ liệu cho SBV
[2025-10-07T15:00:00.084+0000] {logging_mixin.py:190} INFO - ℹ️ SBV: Không có dữ liệu mới.
[2025-10-07T15:00:00.087+0000] {logging_mixin.py:190} INFO - ⬇️ Bắt đầu xử lý symbol = SBT
[2025-10-07T15:00:00.171+0000] {logging_mixin.py:190} INFO - ⚠️ Không đọc được file cũ SBT: 'date'
[2025-10-07T15:00:00.221+0000] {logging_mixin.py:190} INFO - SBT: trích dữ liệu từ 2025-10-08 đến 2025-10-07
[2025-10-07T15:00:02.698+0000] {local_task_job_runner.py:346} WARNING - State of this instance has been externally set to up_for_retry. Terminating instance.
[2025-10-07T15:00:02.704+0000] {local_task_job_runner.py:245} INFO - ::endgroup::
[2025-10-07T15:00:02.712+0000] {process_utils.py:132} INFO - Sending 15 to group 19430. PIDs of all processes in the group: [19430]
[2025-10-07T15:00:02.734+0000] {process_utils.py:87} INFO - Sending the signal 15 to group 19430
[2025-10-07T15:00:02.745+0000] {taskinstance.py:3094} ERROR - Received SIGTERM. Terminating subprocesses.
[2025-10-07T15:00:03.451+0000] {taskinstance.py:3095} ERROR - Stacktrace: 
  File "/home/***/.local/bin/***", line 8, in <module>
    sys.exit(main())
  File "/home/***/.local/lib/python3.12/site-packages/***/__main__.py", line 62, in main
    args.func(args)
  File "/home/***/.local/lib/python3.12/site-packages/***/cli/cli_config.py", line 49, in command
    return func(*args, **kwargs)
  File "/home/***/.local/lib/python3.12/site-packages/***/utils/cli.py", line 116, in wrapper
    return f(*args, **kwargs)
  File "/home/***/.local/lib/python3.12/site-packages/***/utils/providers_configuration_loader.py", line 55, in wrapped_function
    return func(*args, **kwargs)
  File "/home/***/.local/lib/python3.12/site-packages/***/cli/commands/scheduler_command.py", line 56, in scheduler
    run_command_with_daemon_option(
  File "/home/***/.local/lib/python3.12/site-packages/***/cli/commands/daemon_utils.py", line 86, in run_command_with_daemon_option
    callback()
  File "/home/***/.local/lib/python3.12/site-packages/***/cli/commands/scheduler_command.py", line 59, in <lambda>
    callback=lambda: _run_scheduler_job(args),
  File "/home/***/.local/lib/python3.12/site-packages/***/cli/commands/scheduler_command.py", line 47, in _run_scheduler_job
    run_job(job=job_runner.job, execute_callable=job_runner._execute)
  File "/home/***/.local/lib/python3.12/site-packages/***/utils/session.py", line 97, in wrapper
    return func(*args, session=session, **kwargs)
  File "/home/***/.local/lib/python3.12/site-packages/***/jobs/job.py", line 421, in run_job
    return execute_job(job, execute_callable=execute_callable)
  File "/home/***/.local/lib/python3.12/site-packages/***/jobs/job.py", line 450, in execute_job
    ret = execute_callable()
  File "/home/***/.local/lib/python3.12/site-packages/***/jobs/scheduler_job_runner.py", line 990, in _execute
    executor.start()
  File "/home/***/.local/lib/python3.12/site-packages/***/executors/local_executor.py", line 392, in start
    self.impl.start()
  File "/home/***/.local/lib/python3.12/site-packages/***/executors/local_executor.py", line 330, in start
    worker.start()
  File "/usr/local/lib/python3.12/multiprocessing/process.py", line 121, in start
    self._popen = self._Popen(self)
  File "/usr/local/lib/python3.12/multiprocessing/context.py", line 224, in _Popen
    return _default_context.get_context().Process._Popen(process_obj)
  File "/usr/local/lib/python3.12/multiprocessing/context.py", line 282, in _Popen
    return Popen(process_obj)
  File "/usr/local/lib/python3.12/multiprocessing/popen_fork.py", line 19, in __init__
    self._launch(process_obj)
  File "/usr/local/lib/python3.12/multiprocessing/popen_fork.py", line 71, in _launch
    code = process_obj._bootstrap(parent_sentinel=child_r)
  File "/usr/local/lib/python3.12/multiprocessing/process.py", line 314, in _bootstrap
    self.run()
  File "/home/***/.local/lib/python3.12/site-packages/***/executors/local_executor.py", line 80, in run
    return super().run()
  File "/usr/local/lib/python3.12/multiprocessing/process.py", line 108, in run
    self._target(*self._args, **self._kwargs)
  File "/home/***/.local/lib/python3.12/site-packages/***/traces/tracer.py", line 58, in wrapper
    return func(*args, **kwargs)
  File "/home/***/.local/lib/python3.12/site-packages/***/executors/local_executor.py", line 211, in do_work
    self.execute_work(key=key, command=command)
  File "/home/***/.local/lib/python3.12/site-packages/***/traces/tracer.py", line 58, in wrapper
    return func(*args, **kwargs)
  File "/home/***/.local/lib/python3.12/site-packages/***/executors/local_executor.py", line 100, in execute_work
    state = self._execute_work_in_fork(command)
  File "/home/***/.local/lib/python3.12/site-packages/***/traces/tracer.py", line 58, in wrapper
    return func(*args, **kwargs)
  File "/home/***/.local/lib/python3.12/site-packages/***/executors/local_executor.py", line 142, in _execute_work_in_fork
    args.func(args)
  File "/home/***/.local/lib/python3.12/site-packages/***/cli/cli_config.py", line 49, in command
    return func(*args, **kwargs)
  File "/home/***/.local/lib/python3.12/site-packages/***/utils/cli.py", line 116, in wrapper
    return f(*args, **kwargs)
  File "/home/***/.local/lib/python3.12/site-packages/***/cli/commands/task_command.py", line 483, in task_run
    task_return_code = _run_task_by_selected_method(args, _dag, ti)
  File "/home/***/.local/lib/python3.12/site-packages/***/cli/commands/task_command.py", line 254, in _run_task_by_selected_method
    return _run_task_by_local_task_job(args, ti)
  File "/home/***/.local/lib/python3.12/site-packages/***/cli/commands/task_command.py", line 322, in _run_task_by_local_task_job
    ret = run_job(job=job_runner.job, execute_callable=job_runner._execute)
  File "/home/***/.local/lib/python3.12/site-packages/***/utils/session.py", line 97, in wrapper
    return func(*args, session=session, **kwargs)
  File "/home/***/.local/lib/python3.12/site-packages/***/jobs/job.py", line 421, in run_job
    return execute_job(job, execute_callable=execute_callable)
  File "/home/***/.local/lib/python3.12/site-packages/***/jobs/job.py", line 450, in execute_job
    ret = execute_callable()
  File "/home/***/.local/lib/python3.12/site-packages/***/jobs/local_task_job_runner.py", line 171, in _execute
    self.task_runner.start()
  File "/home/***/.local/lib/python3.12/site-packages/***/task/task_runner/standard_task_runner.py", line 55, in start
    self.process = self._start_by_fork()
  File "/home/***/.local/lib/python3.12/site-packages/***/task/task_runner/standard_task_runner.py", line 117, in _start_by_fork
    ret = args.func(args, dag=self.dag)
  File "/home/***/.local/lib/python3.12/site-packages/***/cli/cli_config.py", line 49, in command
    return func(*args, **kwargs)
  File "/home/***/.local/lib/python3.12/site-packages/***/utils/cli.py", line 116, in wrapper
    return f(*args, **kwargs)
  File "/home/***/.local/lib/python3.12/site-packages/***/cli/commands/task_command.py", line 483, in task_run
    task_return_code = _run_task_by_selected_method(args, _dag, ti)
  File "/home/***/.local/lib/python3.12/site-packages/***/cli/commands/task_command.py", line 256, in _run_task_by_selected_method
    return _run_raw_task(args, ti)
  File "/home/***/.local/lib/python3.12/site-packages/***/cli/commands/task_command.py", line 341, in _run_raw_task
    return ti._run_raw_task(
  File "/home/***/.local/lib/python3.12/site-packages/***/utils/session.py", line 97, in wrapper
    return func(*args, session=session, **kwargs)
  File "/home/***/.local/lib/python3.12/site-packages/***/models/taskinstance.py", line 3006, in _run_raw_task
    return _run_raw_task(
  File "/home/***/.local/lib/python3.12/site-packages/***/models/taskinstance.py", line 274, in _run_raw_task
    TaskInstance._execute_task_with_callbacks(
  File "/home/***/.local/lib/python3.12/site-packages/***/models/taskinstance.py", line 3161, in _execute_task_with_callbacks
    result = self._execute_task(context, task_orig)
  File "/home/***/.local/lib/python3.12/site-packages/***/models/taskinstance.py", line 3185, in _execute_task
    return _execute_task(self, context, task_orig)
  File "/home/***/.local/lib/python3.12/site-packages/***/models/taskinstance.py", line 768, in _execute_task
    result = _execute_callable(context=context, **execute_callable_kwargs)
  File "/home/***/.local/lib/python3.12/site-packages/***/models/taskinstance.py", line 734, in _execute_callable
    return ExecutionCallableRunner(
  File "/home/***/.local/lib/python3.12/site-packages/***/utils/operator_helpers.py", line 252, in run
    return self.func(*args, **kwargs)
  File "/home/***/.local/lib/python3.12/site-packages/***/models/baseoperator.py", line 424, in wrapper
    return func(self, *args, **kwargs)
  File "/home/***/.local/lib/python3.12/site-packages/***/decorators/base.py", line 266, in execute
    return_value = super().execute(context)
  File "/home/***/.local/lib/python3.12/site-packages/***/models/baseoperator.py", line 424, in wrapper
    return func(self, *args, **kwargs)
  File "/home/***/.local/lib/python3.12/site-packages/***/operators/python.py", line 238, in execute
    return_value = self.execute_callable()
  File "/home/***/.local/lib/python3.12/site-packages/***/operators/python.py", line 256, in execute_callable
    return runner.run(*self.op_args, **self.op_kwargs)
  File "/home/***/.local/lib/python3.12/site-packages/***/utils/operator_helpers.py", line 252, in run
    return self.func(*args, **kwargs)
  File "/opt/***/dags/dag.py", line 99, in process_batch
    df_new = extract_data(symbol, OUTPUT_DIR, start_date=last_date)
  File "/opt/***/src/batch/etl_vnstock.py", line 29, in extract_data
    df = quote.history(start=start_date, end=today.strftime("%Y-%m-%d"))
  File "/home/***/.local/lib/python3.12/site-packages/tenacity/__init__.py", line 338, in wrapped_f
    return copy(f, *args, **kw)
  File "/home/***/.local/lib/python3.12/site-packages/tenacity/__init__.py", line 480, in __call__
    result = fn(*args, **kwargs)
  File "/home/***/.local/lib/python3.12/site-packages/vnstock/base.py", line 27, in wrapper
    return provider_method(*args, **filtered)
  File "/home/***/.local/lib/python3.12/site-packages/vnai/beam/quota.py", line 291, in wrapper
    result = func(*args, **kwargs)
  File "/home/***/.local/lib/python3.12/site-packages/vnstock/explorer/vci/quote.py", line 105, in history
    json_data = send_request(
  File "/home/***/.local/lib/python3.12/site-packages/vnstock/core/utils/client.py", line 66, in send_request
    response = requests.post(url, headers=headers, data=data_arg, timeout=timeout)
  File "/home/***/.local/lib/python3.12/site-packages/requests/api.py", line 115, in post
    return request("post", url, data=data, json=json, **kwargs)
  File "/home/***/.local/lib/python3.12/site-packages/requests/api.py", line 59, in request
    return session.request(method=method, url=url, **kwargs)
  File "/home/***/.local/lib/python3.12/site-packages/requests/sessions.py", line 589, in request
    resp = self.send(prep, **send_kwargs)
  File "/home/***/.local/lib/python3.12/site-packages/requests/sessions.py", line 703, in send
    r = adapter.send(request, **kwargs)
  File "/home/***/.local/lib/python3.12/site-packages/requests/adapters.py", line 667, in send
    resp = conn.urlopen(
  File "/home/***/.local/lib/python3.12/site-packages/urllib3/connectionpool.py", line 787, in urlopen
    response = self._make_request(
  File "/home/***/.local/lib/python3.12/site-packages/urllib3/connectionpool.py", line 534, in _make_request
    response = conn.getresponse()
  File "/home/***/.local/lib/python3.12/site-packages/urllib3/connection.py", line 516, in getresponse
    httplib_response = super().getresponse()
  File "/usr/local/lib/python3.12/http/client.py", line 1430, in getresponse
    response.begin()
  File "/usr/local/lib/python3.12/http/client.py", line 331, in begin
    version, status, reason = self._read_status()
  File "/usr/local/lib/python3.12/http/client.py", line 292, in _read_status
    line = str(self.fp.readline(_MAXLINE + 1), "iso-8859-1")
  File "/usr/local/lib/python3.12/socket.py", line 720, in readinto
    return self._sock.recv_into(b)
  File "/usr/local/lib/python3.12/ssl.py", line 1251, in recv_into
    return self.read(nbytes, buffer)
  File "/usr/local/lib/python3.12/ssl.py", line 1103, in read
    return self._sslobj.read(len, buffer)
  File "/home/***/.local/lib/python3.12/site-packages/***/models/taskinstance.py", line 3095, in signal_handler
    self.log.error("Stacktrace: \n%s", "".join(traceback.format_stack()))

[2025-10-07T15:00:03.491+0000] {taskinstance.py:3313} ERROR - Task failed with exception
Traceback (most recent call last):
  File "/home/airflow/.local/lib/python3.12/site-packages/airflow/models/taskinstance.py", line 768, in _execute_task
    result = _execute_callable(context=context, **execute_callable_kwargs)
             ^^^^^^^^^^^^^^^^^^^^^^^^^^^^^^^^^^^^^^^^^^^^^^^^^^^^^^^^^^^^^
  File "/home/airflow/.local/lib/python3.12/site-packages/airflow/models/taskinstance.py", line 734, in _execute_callable
    return ExecutionCallableRunner(
           ^^^^^^^^^^^^^^^^^^^^^^^^
  File "/home/airflow/.local/lib/python3.12/site-packages/airflow/utils/operator_helpers.py", line 252, in run
    return self.func(*args, **kwargs)
           ^^^^^^^^^^^^^^^^^^^^^^^^^^
  File "/home/airflow/.local/lib/python3.12/site-packages/airflow/models/baseoperator.py", line 424, in wrapper
    return func(self, *args, **kwargs)
           ^^^^^^^^^^^^^^^^^^^^^^^^^^^
  File "/home/airflow/.local/lib/python3.12/site-packages/airflow/decorators/base.py", line 266, in execute
    return_value = super().execute(context)
                   ^^^^^^^^^^^^^^^^^^^^^^^^
  File "/home/airflow/.local/lib/python3.12/site-packages/airflow/models/baseoperator.py", line 424, in wrapper
    return func(self, *args, **kwargs)
           ^^^^^^^^^^^^^^^^^^^^^^^^^^^
  File "/home/airflow/.local/lib/python3.12/site-packages/airflow/operators/python.py", line 238, in execute
    return_value = self.execute_callable()
                   ^^^^^^^^^^^^^^^^^^^^^^^
  File "/home/airflow/.local/lib/python3.12/site-packages/airflow/operators/python.py", line 256, in execute_callable
    return runner.run(*self.op_args, **self.op_kwargs)
           ^^^^^^^^^^^^^^^^^^^^^^^^^^^^^^^^^^^^^^^^^^^
  File "/home/airflow/.local/lib/python3.12/site-packages/airflow/utils/operator_helpers.py", line 252, in run
    return self.func(*args, **kwargs)
           ^^^^^^^^^^^^^^^^^^^^^^^^^^
  File "/opt/airflow/dags/dag.py", line 99, in process_batch
    df_new = extract_data(symbol, OUTPUT_DIR, start_date=last_date)
             ^^^^^^^^^^^^^^^^^^^^^^^^^^^^^^^^^^^^^^^^^^^^^^^^^^^^^^
  File "/opt/airflow/src/batch/etl_vnstock.py", line 29, in extract_data
    df = quote.history(start=start_date, end=today.strftime("%Y-%m-%d"))
         ^^^^^^^^^^^^^^^^^^^^^^^^^^^^^^^^^^^^^^^^^^^^^^^^^^^^^^^^^^^^^^^
  File "/home/airflow/.local/lib/python3.12/site-packages/tenacity/__init__.py", line 338, in wrapped_f
    return copy(f, *args, **kw)
           ^^^^^^^^^^^^^^^^^^^^
  File "/home/airflow/.local/lib/python3.12/site-packages/tenacity/__init__.py", line 477, in __call__
    do = self.iter(retry_state=retry_state)
         ^^^^^^^^^^^^^^^^^^^^^^^^^^^^^^^^^^
  File "/home/airflow/.local/lib/python3.12/site-packages/tenacity/__init__.py", line 378, in iter
    result = action(retry_state)
             ^^^^^^^^^^^^^^^^^^^
  File "/home/airflow/.local/lib/python3.12/site-packages/tenacity/__init__.py", line 400, in <lambda>
    self._add_action_func(lambda rs: rs.outcome.result())
                                     ^^^^^^^^^^^^^^^^^^^
  File "/usr/local/lib/python3.12/concurrent/futures/_base.py", line 449, in result
    return self.__get_result()
           ^^^^^^^^^^^^^^^^^^^
  File "/usr/local/lib/python3.12/concurrent/futures/_base.py", line 401, in __get_result
    raise self._exception
  File "/home/airflow/.local/lib/python3.12/site-packages/tenacity/__init__.py", line 480, in __call__
    result = fn(*args, **kwargs)
             ^^^^^^^^^^^^^^^^^^^
  File "/home/airflow/.local/lib/python3.12/site-packages/vnstock/base.py", line 27, in wrapper
    return provider_method(*args, **filtered)
           ^^^^^^^^^^^^^^^^^^^^^^^^^^^^^^^^^^
  File "/home/airflow/.local/lib/python3.12/site-packages/vnai/beam/quota.py", line 291, in wrapper
    result = func(*args, **kwargs)
             ^^^^^^^^^^^^^^^^^^^^^
  File "/home/airflow/.local/lib/python3.12/site-packages/vnstock/explorer/vci/quote.py", line 105, in history
    json_data = send_request(
                ^^^^^^^^^^^^^
  File "/home/airflow/.local/lib/python3.12/site-packages/vnstock/core/utils/client.py", line 66, in send_request
    response = requests.post(url, headers=headers, data=data_arg, timeout=timeout)
               ^^^^^^^^^^^^^^^^^^^^^^^^^^^^^^^^^^^^^^^^^^^^^^^^^^^^^^^^^^^^^^^^^^^
  File "/home/airflow/.local/lib/python3.12/site-packages/requests/api.py", line 115, in post
    return request("post", url, data=data, json=json, **kwargs)
           ^^^^^^^^^^^^^^^^^^^^^^^^^^^^^^^^^^^^^^^^^^^^^^^^^^^^
  File "/home/airflow/.local/lib/python3.12/site-packages/requests/api.py", line 59, in request
    return session.request(method=method, url=url, **kwargs)
           ^^^^^^^^^^^^^^^^^^^^^^^^^^^^^^^^^^^^^^^^^^^^^^^^^
  File "/home/airflow/.local/lib/python3.12/site-packages/requests/sessions.py", line 589, in request
    resp = self.send(prep, **send_kwargs)
           ^^^^^^^^^^^^^^^^^^^^^^^^^^^^^^
  File "/home/airflow/.local/lib/python3.12/site-packages/requests/sessions.py", line 703, in send
    r = adapter.send(request, **kwargs)
        ^^^^^^^^^^^^^^^^^^^^^^^^^^^^^^^
  File "/home/airflow/.local/lib/python3.12/site-packages/requests/adapters.py", line 667, in send
    resp = conn.urlopen(
           ^^^^^^^^^^^^^
  File "/home/airflow/.local/lib/python3.12/site-packages/urllib3/connectionpool.py", line 787, in urlopen
    response = self._make_request(
               ^^^^^^^^^^^^^^^^^^^
  File "/home/airflow/.local/lib/python3.12/site-packages/urllib3/connectionpool.py", line 534, in _make_request
    response = conn.getresponse()
               ^^^^^^^^^^^^^^^^^^
  File "/home/airflow/.local/lib/python3.12/site-packages/urllib3/connection.py", line 516, in getresponse
    httplib_response = super().getresponse()
                       ^^^^^^^^^^^^^^^^^^^^^
  File "/usr/local/lib/python3.12/http/client.py", line 1430, in getresponse
    response.begin()
  File "/usr/local/lib/python3.12/http/client.py", line 331, in begin
    version, status, reason = self._read_status()
                              ^^^^^^^^^^^^^^^^^^^
  File "/usr/local/lib/python3.12/http/client.py", line 292, in _read_status
    line = str(self.fp.readline(_MAXLINE + 1), "iso-8859-1")
               ^^^^^^^^^^^^^^^^^^^^^^^^^^^^^^
  File "/usr/local/lib/python3.12/socket.py", line 720, in readinto
    return self._sock.recv_into(b)
           ^^^^^^^^^^^^^^^^^^^^^^^
  File "/usr/local/lib/python3.12/ssl.py", line 1251, in recv_into
    return self.read(nbytes, buffer)
           ^^^^^^^^^^^^^^^^^^^^^^^^^
  File "/usr/local/lib/python3.12/ssl.py", line 1103, in read
    return self._sslobj.read(len, buffer)
           ^^^^^^^^^^^^^^^^^^^^^^^^^^^^^^
  File "/home/airflow/.local/lib/python3.12/site-packages/airflow/models/taskinstance.py", line 3097, in signal_handler
    raise AirflowTaskTerminated("Task received SIGTERM signal")
airflow.exceptions.AirflowTaskTerminated: Task received SIGTERM signal
[2025-10-07T15:00:03.585+0000] {taskinstance.py:1226} INFO - Marking task as UP_FOR_RETRY. dag_id=vnstock_weekly_etl_incremental, task_id=process_batch, run_id=manual__2025-10-07T10:44:44.201464+00:00, map_index=10, execution_date=20251007T104444, start_date=20251007T134455, end_date=20251007T150003
[2025-10-07T15:00:03.688+0000] {taskinstance.py:341} INFO - ::group::Post task execution logs
[2025-10-07T15:00:03.778+0000] {process_utils.py:80} INFO - Process psutil.Process(pid=19430, status='terminated', exitcode=2, started='13:44:55') (19430) terminated with exit code 2
