[2025-10-07T11:12:11.090+0000] {local_task_job_runner.py:123} INFO - ::group::Pre task execution logs
[2025-10-07T11:12:11.142+0000] {taskinstance.py:2614} INFO - Dependencies all met for dep_context=non-requeueable deps ti=<TaskInstance: vnstock_weekly_etl_incremental.process_batch manual__2025-10-07T10:41:48.387187+00:00 map_index=14 [queued]>
[2025-10-07T11:12:11.167+0000] {taskinstance.py:2614} INFO - Dependencies all met for dep_context=requeueable deps ti=<TaskInstance: vnstock_weekly_etl_incremental.process_batch manual__2025-10-07T10:41:48.387187+00:00 map_index=14 [queued]>
[2025-10-07T11:12:11.175+0000] {taskinstance.py:2867} INFO - Starting attempt 1 of 3
[2025-10-07T11:12:11.198+0000] {taskinstance.py:2890} INFO - Executing <Mapped(_PythonDecoratedOperator): process_batch> on 2025-10-07 10:41:48.387187+00:00
[2025-10-07T11:12:11.218+0000] {logging_mixin.py:190} WARNING - /home/***/.local/lib/python3.12/site-packages/***/task/task_runner/standard_task_runner.py:70 DeprecationWarning: This process (pid=5540) is multi-threaded, use of fork() may lead to deadlocks in the child.
[2025-10-07T11:12:11.221+0000] {standard_task_runner.py:72} INFO - Started process 5559 to run task
[2025-10-07T11:12:11.218+0000] {standard_task_runner.py:104} INFO - Running: ['***', 'tasks', 'run', 'vnstock_weekly_etl_incremental', 'process_batch', 'manual__2025-10-07T10:41:48.387187+00:00', '--job-id', '137', '--raw', '--subdir', 'DAGS_FOLDER/dag.py', '--cfg-path', '/tmp/tmp3e73bx9m', '--map-index', '14']
[2025-10-07T11:12:11.226+0000] {standard_task_runner.py:105} INFO - Job 137: Subtask process_batch
[2025-10-07T11:12:11.250+0000] {logging_mixin.py:190} WARNING - /home/***/.local/lib/python3.12/site-packages/***/settings.py:209 DeprecationWarning: The sql_alchemy_conn option in [core] has been moved to the sql_alchemy_conn option in [database] - the old setting has been used, but please update your config.
[2025-10-07T11:12:11.313+0000] {task_command.py:467} INFO - Running <TaskInstance: vnstock_weekly_etl_incremental.process_batch manual__2025-10-07T10:41:48.387187+00:00 map_index=14 [running]> on host e3278e0f0bbc
[2025-10-07T11:12:11.801+0000] {taskinstance.py:3134} INFO - Exporting env vars: AIRFLOW_CTX_DAG_OWNER='***' AIRFLOW_CTX_DAG_ID='vnstock_weekly_etl_incremental' AIRFLOW_CTX_TASK_ID='process_batch' AIRFLOW_CTX_EXECUTION_DATE='2025-10-07T10:41:48.387187+00:00' AIRFLOW_CTX_TRY_NUMBER='1' AIRFLOW_CTX_DAG_RUN_ID='manual__2025-10-07T10:41:48.387187+00:00'
[2025-10-07T11:12:11.802+0000] {taskinstance.py:732} INFO - ::endgroup::
[2025-10-07T11:12:11.808+0000] {logging_mixin.py:190} INFO - ⬇️ Bắt đầu xử lý symbol = PGN
[2025-10-07T11:12:11.825+0000] {logging_mixin.py:190} INFO - ⚠️ Không đọc được file cũ PGN: 'date'
[2025-10-07T11:12:11.845+0000] {logging_mixin.py:190} INFO - PGN: trích dữ liệu từ 2025-10-08 đến 2025-10-07
[2025-10-07T11:12:11.872+0000] {client.py:83} ERROR - API request failed: HTTPSConnectionPool(host='trading.vietcap.com.vn', port=443): Max retries exceeded with url: /api/chart/OHLCChart/gap (Caused by NameResolutionError("<urllib3.connection.HTTPSConnection object at 0x7e619e894b30>: Failed to resolve 'trading.vietcap.com.vn' ([Errno -2] Name or service not known)"))
[2025-10-07T11:12:13.881+0000] {client.py:83} ERROR - API request failed: HTTPSConnectionPool(host='trading.vietcap.com.vn', port=443): Max retries exceeded with url: /api/chart/OHLCChart/gap (Caused by NameResolutionError("<urllib3.connection.HTTPSConnection object at 0x7e619e934b00>: Failed to resolve 'trading.vietcap.com.vn' ([Errno -2] Name or service not known)"))
[2025-10-07T11:12:15.888+0000] {client.py:83} ERROR - API request failed: HTTPSConnectionPool(host='trading.vietcap.com.vn', port=443): Max retries exceeded with url: /api/chart/OHLCChart/gap (Caused by NameResolutionError("<urllib3.connection.HTTPSConnection object at 0x7e619e9356a0>: Failed to resolve 'trading.vietcap.com.vn' ([Errno -2] Name or service not known)"))
[2025-10-07T11:12:15.890+0000] {logging_mixin.py:190} INFO - Không tìm thấy dữ liệu cho PGN
[2025-10-07T11:12:15.892+0000] {logging_mixin.py:190} INFO - ℹ️ PGN: Không có dữ liệu mới.
[2025-10-07T11:12:15.892+0000] {logging_mixin.py:190} INFO - ⬇️ Bắt đầu xử lý symbol = PGI
[2025-10-07T11:12:15.910+0000] {logging_mixin.py:190} INFO - ⚠️ Không đọc được file cũ PGI: 'date'
[2025-10-07T11:12:15.925+0000] {logging_mixin.py:190} INFO - PGI: trích dữ liệu từ 2025-10-08 đến 2025-10-07
[2025-10-07T11:12:15.933+0000] {client.py:83} ERROR - API request failed: HTTPSConnectionPool(host='trading.vietcap.com.vn', port=443): Max retries exceeded with url: /api/chart/OHLCChart/gap (Caused by NameResolutionError("<urllib3.connection.HTTPSConnection object at 0x7e619e935f70>: Failed to resolve 'trading.vietcap.com.vn' ([Errno -2] Name or service not known)"))
[2025-10-07T11:12:17.940+0000] {client.py:83} ERROR - API request failed: HTTPSConnectionPool(host='trading.vietcap.com.vn', port=443): Max retries exceeded with url: /api/chart/OHLCChart/gap (Caused by NameResolutionError("<urllib3.connection.HTTPSConnection object at 0x7e619e936c30>: Failed to resolve 'trading.vietcap.com.vn' ([Errno -2] Name or service not known)"))
[2025-10-07T11:12:19.946+0000] {client.py:83} ERROR - API request failed: HTTPSConnectionPool(host='trading.vietcap.com.vn', port=443): Max retries exceeded with url: /api/chart/OHLCChart/gap (Caused by NameResolutionError("<urllib3.connection.HTTPSConnection object at 0x7e619e9377a0>: Failed to resolve 'trading.vietcap.com.vn' ([Errno -2] Name or service not known)"))
[2025-10-07T11:12:19.948+0000] {logging_mixin.py:190} INFO - Không tìm thấy dữ liệu cho PGI
[2025-10-07T11:12:19.950+0000] {logging_mixin.py:190} INFO - ℹ️ PGI: Không có dữ liệu mới.
[2025-10-07T11:12:19.951+0000] {logging_mixin.py:190} INFO - ⬇️ Bắt đầu xử lý symbol = PGD
[2025-10-07T11:12:19.970+0000] {logging_mixin.py:190} INFO - ⚠️ Không đọc được file cũ PGD: 'date'
[2025-10-07T11:12:19.985+0000] {logging_mixin.py:190} INFO - PGD: trích dữ liệu từ 2025-10-07 đến 2025-10-07
[2025-10-07T11:12:19.992+0000] {client.py:83} ERROR - API request failed: HTTPSConnectionPool(host='trading.vietcap.com.vn', port=443): Max retries exceeded with url: /api/chart/OHLCChart/gap (Caused by NameResolutionError("<urllib3.connection.HTTPSConnection object at 0x7e619e936f60>: Failed to resolve 'trading.vietcap.com.vn' ([Errno -2] Name or service not known)"))
[2025-10-07T11:12:21.999+0000] {client.py:83} ERROR - API request failed: HTTPSConnectionPool(host='trading.vietcap.com.vn', port=443): Max retries exceeded with url: /api/chart/OHLCChart/gap (Caused by NameResolutionError("<urllib3.connection.HTTPSConnection object at 0x7e619e934350>: Failed to resolve 'trading.vietcap.com.vn' ([Errno -2] Name or service not known)"))
[2025-10-07T11:12:24.006+0000] {client.py:83} ERROR - API request failed: HTTPSConnectionPool(host='trading.vietcap.com.vn', port=443): Max retries exceeded with url: /api/chart/OHLCChart/gap (Caused by NameResolutionError("<urllib3.connection.HTTPSConnection object at 0x7e619e934fb0>: Failed to resolve 'trading.vietcap.com.vn' ([Errno -2] Name or service not known)"))
[2025-10-07T11:12:24.008+0000] {logging_mixin.py:190} INFO - Không tìm thấy dữ liệu cho PGD
[2025-10-07T11:12:24.010+0000] {logging_mixin.py:190} INFO - ℹ️ PGD: Không có dữ liệu mới.
[2025-10-07T11:12:24.011+0000] {logging_mixin.py:190} INFO - ⬇️ Bắt đầu xử lý symbol = PGC
[2025-10-07T11:12:24.024+0000] {logging_mixin.py:190} INFO - ⚠️ Không đọc được file cũ PGC: 'date'
[2025-10-07T11:12:24.037+0000] {logging_mixin.py:190} INFO - PGC: trích dữ liệu từ 2025-10-08 đến 2025-10-07
[2025-10-07T11:12:24.045+0000] {client.py:83} ERROR - API request failed: HTTPSConnectionPool(host='trading.vietcap.com.vn', port=443): Max retries exceeded with url: /api/chart/OHLCChart/gap (Caused by NameResolutionError("<urllib3.connection.HTTPSConnection object at 0x7e619e7848c0>: Failed to resolve 'trading.vietcap.com.vn' ([Errno -2] Name or service not known)"))
[2025-10-07T11:12:26.053+0000] {client.py:83} ERROR - API request failed: HTTPSConnectionPool(host='trading.vietcap.com.vn', port=443): Max retries exceeded with url: /api/chart/OHLCChart/gap (Caused by NameResolutionError("<urllib3.connection.HTTPSConnection object at 0x7e619e935e20>: Failed to resolve 'trading.vietcap.com.vn' ([Errno -2] Name or service not known)"))
[2025-10-07T11:12:28.062+0000] {client.py:83} ERROR - API request failed: HTTPSConnectionPool(host='trading.vietcap.com.vn', port=443): Max retries exceeded with url: /api/chart/OHLCChart/gap (Caused by NameResolutionError("<urllib3.connection.HTTPSConnection object at 0x7e619e936a80>: Failed to resolve 'trading.vietcap.com.vn' ([Errno -2] Name or service not known)"))
[2025-10-07T11:12:28.063+0000] {logging_mixin.py:190} INFO - Không tìm thấy dữ liệu cho PGC
[2025-10-07T11:12:28.065+0000] {logging_mixin.py:190} INFO - ℹ️ PGC: Không có dữ liệu mới.
[2025-10-07T11:12:28.065+0000] {logging_mixin.py:190} INFO - ⬇️ Bắt đầu xử lý symbol = PGB
[2025-10-07T11:12:28.081+0000] {logging_mixin.py:190} INFO - ⚠️ Không đọc được file cũ PGB: 'date'
[2025-10-07T11:12:28.096+0000] {logging_mixin.py:190} INFO - PGB: trích dữ liệu từ 2025-10-08 đến 2025-10-07
[2025-10-07T11:12:28.103+0000] {client.py:83} ERROR - API request failed: HTTPSConnectionPool(host='trading.vietcap.com.vn', port=443): Max retries exceeded with url: /api/chart/OHLCChart/gap (Caused by NameResolutionError("<urllib3.connection.HTTPSConnection object at 0x7e619e785520>: Failed to resolve 'trading.vietcap.com.vn' ([Errno -2] Name or service not known)"))
[2025-10-07T11:12:30.111+0000] {client.py:83} ERROR - API request failed: HTTPSConnectionPool(host='trading.vietcap.com.vn', port=443): Max retries exceeded with url: /api/chart/OHLCChart/gap (Caused by NameResolutionError("<urllib3.connection.HTTPSConnection object at 0x7e619e785fd0>: Failed to resolve 'trading.vietcap.com.vn' ([Errno -2] Name or service not known)"))
[2025-10-07T11:12:32.119+0000] {client.py:83} ERROR - API request failed: HTTPSConnectionPool(host='trading.vietcap.com.vn', port=443): Max retries exceeded with url: /api/chart/OHLCChart/gap (Caused by NameResolutionError("<urllib3.connection.HTTPSConnection object at 0x7e619e934620>: Failed to resolve 'trading.vietcap.com.vn' ([Errno -2] Name or service not known)"))
[2025-10-07T11:12:32.122+0000] {logging_mixin.py:190} INFO - Không tìm thấy dữ liệu cho PGB
[2025-10-07T11:12:32.125+0000] {logging_mixin.py:190} INFO - ℹ️ PGB: Không có dữ liệu mới.
[2025-10-07T11:12:32.126+0000] {logging_mixin.py:190} INFO - 🚦 Giới hạn API đạt mức tối đa, chờ 39.7s...
[2025-10-07T11:13:12.096+0000] {logging_mixin.py:190} INFO - ⬇️ Bắt đầu xử lý symbol = PFL
[2025-10-07T11:13:12.125+0000] {logging_mixin.py:190} INFO - ⚠️ Không đọc được file cũ PFL: 'date'
[2025-10-07T11:13:12.138+0000] {logging_mixin.py:190} INFO - PFL: trích dữ liệu từ 2025-10-04 đến 2025-10-07
[2025-10-07T11:13:12.145+0000] {client.py:83} ERROR - API request failed: HTTPSConnectionPool(host='trading.vietcap.com.vn', port=443): Max retries exceeded with url: /api/chart/OHLCChart/gap (Caused by NameResolutionError("<urllib3.connection.HTTPSConnection object at 0x7e619e784f80>: Failed to resolve 'trading.vietcap.com.vn' ([Errno -2] Name or service not known)"))
[2025-10-07T11:13:14.152+0000] {client.py:83} ERROR - API request failed: HTTPSConnectionPool(host='trading.vietcap.com.vn', port=443): Max retries exceeded with url: /api/chart/OHLCChart/gap (Caused by NameResolutionError("<urllib3.connection.HTTPSConnection object at 0x7e619e786f60>: Failed to resolve 'trading.vietcap.com.vn' ([Errno -2] Name or service not known)"))
[2025-10-07T11:13:16.159+0000] {client.py:83} ERROR - API request failed: HTTPSConnectionPool(host='trading.vietcap.com.vn', port=443): Max retries exceeded with url: /api/chart/OHLCChart/gap (Caused by NameResolutionError("<urllib3.connection.HTTPSConnection object at 0x7e619e787a70>: Failed to resolve 'trading.vietcap.com.vn' ([Errno -2] Name or service not known)"))
[2025-10-07T11:13:16.160+0000] {logging_mixin.py:190} INFO - Không tìm thấy dữ liệu cho PFL
[2025-10-07T11:13:16.162+0000] {logging_mixin.py:190} INFO - ℹ️ PFL: Không có dữ liệu mới.
[2025-10-07T11:13:16.163+0000] {logging_mixin.py:190} INFO - ⬇️ Bắt đầu xử lý symbol = PET
[2025-10-07T11:13:16.195+0000] {logging_mixin.py:190} INFO - ⚠️ Không đọc được file cũ PET: 'date'
[2025-10-07T11:13:16.210+0000] {logging_mixin.py:190} INFO - PET: trích dữ liệu từ 2025-10-04 đến 2025-10-07
[2025-10-07T11:13:16.217+0000] {client.py:83} ERROR - API request failed: HTTPSConnectionPool(host='trading.vietcap.com.vn', port=443): Max retries exceeded with url: /api/chart/OHLCChart/gap (Caused by NameResolutionError("<urllib3.connection.HTTPSConnection object at 0x7e619e7853d0>: Failed to resolve 'trading.vietcap.com.vn' ([Errno -2] Name or service not known)"))
[2025-10-07T11:13:18.227+0000] {client.py:83} ERROR - API request failed: HTTPSConnectionPool(host='trading.vietcap.com.vn', port=443): Max retries exceeded with url: /api/chart/OHLCChart/gap (Caused by NameResolutionError("<urllib3.connection.HTTPSConnection object at 0x7e619e7ac470>: Failed to resolve 'trading.vietcap.com.vn' ([Errno -2] Name or service not known)"))
[2025-10-07T11:13:20.234+0000] {client.py:83} ERROR - API request failed: HTTPSConnectionPool(host='trading.vietcap.com.vn', port=443): Max retries exceeded with url: /api/chart/OHLCChart/gap (Caused by NameResolutionError("<urllib3.connection.HTTPSConnection object at 0x7e619e7ad040>: Failed to resolve 'trading.vietcap.com.vn' ([Errno -2] Name or service not known)"))
[2025-10-07T11:13:20.235+0000] {logging_mixin.py:190} INFO - Không tìm thấy dữ liệu cho PET
[2025-10-07T11:13:20.237+0000] {logging_mixin.py:190} INFO - ℹ️ PET: Không có dữ liệu mới.
[2025-10-07T11:13:20.238+0000] {logging_mixin.py:190} INFO - ⬇️ Bắt đầu xử lý symbol = PEQ
[2025-10-07T11:13:20.282+0000] {logging_mixin.py:190} INFO - ⚠️ Không đọc được file cũ PEQ: 'date'
[2025-10-07T11:13:20.297+0000] {logging_mixin.py:190} INFO - PEQ: trích dữ liệu từ 2025-10-04 đến 2025-10-07
[2025-10-07T11:13:20.304+0000] {client.py:83} ERROR - API request failed: HTTPSConnectionPool(host='trading.vietcap.com.vn', port=443): Max retries exceeded with url: /api/chart/OHLCChart/gap (Caused by NameResolutionError("<urllib3.connection.HTTPSConnection object at 0x7e619e7854c0>: Failed to resolve 'trading.vietcap.com.vn' ([Errno -2] Name or service not known)"))
[2025-10-07T11:13:22.311+0000] {client.py:83} ERROR - API request failed: HTTPSConnectionPool(host='trading.vietcap.com.vn', port=443): Max retries exceeded with url: /api/chart/OHLCChart/gap (Caused by NameResolutionError("<urllib3.connection.HTTPSConnection object at 0x7e619e785f40>: Failed to resolve 'trading.vietcap.com.vn' ([Errno -2] Name or service not known)"))
[2025-10-07T11:13:24.329+0000] {client.py:83} ERROR - API request failed: HTTPSConnectionPool(host='trading.vietcap.com.vn', port=443): Max retries exceeded with url: /api/chart/OHLCChart/gap (Caused by NameResolutionError("<urllib3.connection.HTTPSConnection object at 0x7e619e7ad100>: Failed to resolve 'trading.vietcap.com.vn' ([Errno -2] Name or service not known)"))
[2025-10-07T11:13:24.335+0000] {logging_mixin.py:190} INFO - Không tìm thấy dữ liệu cho PEQ
[2025-10-07T11:13:24.342+0000] {logging_mixin.py:190} INFO - ℹ️ PEQ: Không có dữ liệu mới.
[2025-10-07T11:13:24.345+0000] {logging_mixin.py:190} INFO - ⬇️ Bắt đầu xử lý symbol = PEN
[2025-10-07T11:13:24.424+0000] {logging_mixin.py:190} INFO - ⚠️ Không đọc được file cũ PEN: 'date'
[2025-10-07T11:13:24.460+0000] {logging_mixin.py:190} INFO - PEN: trích dữ liệu từ 2025-10-01 đến 2025-10-07
[2025-10-07T11:13:24.479+0000] {client.py:83} ERROR - API request failed: HTTPSConnectionPool(host='trading.vietcap.com.vn', port=443): Max retries exceeded with url: /api/chart/OHLCChart/gap (Caused by NameResolutionError("<urllib3.connection.HTTPSConnection object at 0x7e619e7ae900>: Failed to resolve 'trading.vietcap.com.vn' ([Errno -2] Name or service not known)"))
[2025-10-07T11:13:26.493+0000] {client.py:83} ERROR - API request failed: HTTPSConnectionPool(host='trading.vietcap.com.vn', port=443): Max retries exceeded with url: /api/chart/OHLCChart/gap (Caused by NameResolutionError("<urllib3.connection.HTTPSConnection object at 0x7e619e785100>: Failed to resolve 'trading.vietcap.com.vn' ([Errno -2] Name or service not known)"))
[2025-10-07T11:13:28.510+0000] {client.py:83} ERROR - API request failed: HTTPSConnectionPool(host='trading.vietcap.com.vn', port=443): Max retries exceeded with url: /api/chart/OHLCChart/gap (Caused by NameResolutionError("<urllib3.connection.HTTPSConnection object at 0x7e619e785850>: Failed to resolve 'trading.vietcap.com.vn' ([Errno -2] Name or service not known)"))
[2025-10-07T11:13:28.514+0000] {logging_mixin.py:190} INFO - Không tìm thấy dữ liệu cho PEN
[2025-10-07T11:13:28.519+0000] {logging_mixin.py:190} INFO - ℹ️ PEN: Không có dữ liệu mới.
[2025-10-07T11:13:28.521+0000] {logging_mixin.py:190} INFO - ⬇️ Bắt đầu xử lý symbol = PEG
[2025-10-07T11:13:28.611+0000] {logging_mixin.py:190} INFO - ⚠️ Không đọc được file cũ PEG: 'date'
[2025-10-07T11:13:28.648+0000] {logging_mixin.py:190} INFO - PEG: trích dữ liệu từ 2025-10-03 đến 2025-10-07
[2025-10-07T11:13:28.666+0000] {client.py:83} ERROR - API request failed: HTTPSConnectionPool(host='trading.vietcap.com.vn', port=443): Max retries exceeded with url: /api/chart/OHLCChart/gap (Caused by NameResolutionError("<urllib3.connection.HTTPSConnection object at 0x7e619e7af680>: Failed to resolve 'trading.vietcap.com.vn' ([Errno -2] Name or service not known)"))
[2025-10-07T11:13:30.719+0000] {client.py:83} ERROR - API request failed: HTTPSConnectionPool(host='trading.vietcap.com.vn', port=443): Max retries exceeded with url: /api/chart/OHLCChart/gap (Caused by NameResolutionError("<urllib3.connection.HTTPSConnection object at 0x7e619e80c260>: Failed to resolve 'trading.vietcap.com.vn' ([Errno -2] Name or service not known)"))
[2025-10-07T11:13:32.729+0000] {client.py:83} ERROR - API request failed: HTTPSConnectionPool(host='trading.vietcap.com.vn', port=443): Max retries exceeded with url: /api/chart/OHLCChart/gap (Caused by NameResolutionError("<urllib3.connection.HTTPSConnection object at 0x7e619e7afa40>: Failed to resolve 'trading.vietcap.com.vn' ([Errno -2] Name or service not known)"))
[2025-10-07T11:13:32.730+0000] {logging_mixin.py:190} INFO - Không tìm thấy dữ liệu cho PEG
[2025-10-07T11:13:32.732+0000] {logging_mixin.py:190} INFO - ℹ️ PEG: Không có dữ liệu mới.
[2025-10-07T11:13:32.732+0000] {logging_mixin.py:190} INFO - 🚦 Giới hạn API đạt mức tối đa, chờ 39.4s...
[2025-10-07T11:14:12.485+0000] {logging_mixin.py:190} INFO - ⬇️ Bắt đầu xử lý symbol = PEC
[2025-10-07T11:14:12.522+0000] {logging_mixin.py:190} INFO - ⚠️ Không đọc được file cũ PEC: 'date'
[2025-10-07T11:14:12.536+0000] {logging_mixin.py:190} INFO - PEC: trích dữ liệu từ 2025-08-02 đến 2025-10-07
[2025-10-07T11:14:12.554+0000] {client.py:83} ERROR - API request failed: HTTPSConnectionPool(host='trading.vietcap.com.vn', port=443): Max retries exceeded with url: /api/chart/OHLCChart/gap (Caused by NameResolutionError("<urllib3.connection.HTTPSConnection object at 0x7e619e7aee70>: Failed to resolve 'trading.vietcap.com.vn' ([Errno -2] Name or service not known)"))
[2025-10-07T11:14:14.562+0000] {client.py:83} ERROR - API request failed: HTTPSConnectionPool(host='trading.vietcap.com.vn', port=443): Max retries exceeded with url: /api/chart/OHLCChart/gap (Caused by NameResolutionError("<urllib3.connection.HTTPSConnection object at 0x7e619e80ce60>: Failed to resolve 'trading.vietcap.com.vn' ([Errno -2] Name or service not known)"))
[2025-10-07T11:14:16.568+0000] {client.py:83} ERROR - API request failed: HTTPSConnectionPool(host='trading.vietcap.com.vn', port=443): Max retries exceeded with url: /api/chart/OHLCChart/gap (Caused by NameResolutionError("<urllib3.connection.HTTPSConnection object at 0x7e619e80d9a0>: Failed to resolve 'trading.vietcap.com.vn' ([Errno -2] Name or service not known)"))
[2025-10-07T11:14:16.680+0000] {logging_mixin.py:190} INFO - Không tìm thấy dữ liệu cho PEC
[2025-10-07T11:14:16.687+0000] {logging_mixin.py:190} INFO - ℹ️ PEC: Không có dữ liệu mới.
[2025-10-07T11:14:16.712+0000] {logging_mixin.py:190} INFO - ⬇️ Bắt đầu xử lý symbol = PDV
[2025-10-07T11:14:16.785+0000] {logging_mixin.py:190} INFO - ⚠️ Không đọc được file cũ PDV: 'date'
[2025-10-07T11:14:16.808+0000] {logging_mixin.py:190} INFO - PDV: trích dữ liệu từ 2025-10-04 đến 2025-10-07
[2025-10-07T11:14:16.814+0000] {client.py:83} ERROR - API request failed: HTTPSConnectionPool(host='trading.vietcap.com.vn', port=443): Max retries exceeded with url: /api/chart/OHLCChart/gap (Caused by NameResolutionError("<urllib3.connection.HTTPSConnection object at 0x7e619e83c890>: Failed to resolve 'trading.vietcap.com.vn' ([Errno -2] Name or service not known)"))
[2025-10-07T11:14:18.827+0000] {client.py:83} ERROR - API request failed: HTTPSConnectionPool(host='trading.vietcap.com.vn', port=443): Max retries exceeded with url: /api/chart/OHLCChart/gap (Caused by NameResolutionError("<urllib3.connection.HTTPSConnection object at 0x7e619e83cfb0>: Failed to resolve 'trading.vietcap.com.vn' ([Errno -2] Name or service not known)"))
[2025-10-07T11:14:20.843+0000] {client.py:83} ERROR - API request failed: HTTPSConnectionPool(host='trading.vietcap.com.vn', port=443): Max retries exceeded with url: /api/chart/OHLCChart/gap (Caused by NameResolutionError("<urllib3.connection.HTTPSConnection object at 0x7e619e80c170>: Failed to resolve 'trading.vietcap.com.vn' ([Errno -2] Name or service not known)"))
[2025-10-07T11:14:20.845+0000] {logging_mixin.py:190} INFO - Không tìm thấy dữ liệu cho PDV
[2025-10-07T11:14:20.849+0000] {logging_mixin.py:190} INFO - ℹ️ PDV: Không có dữ liệu mới.
[2025-10-07T11:14:20.851+0000] {logging_mixin.py:190} INFO - ⬇️ Bắt đầu xử lý symbol = PDT
[2025-10-07T11:14:20.916+0000] {logging_mixin.py:190} INFO - PDT: trích dữ liệu từ 2020-01-01 đến 2025-10-07
[2025-10-07T11:14:20.930+0000] {client.py:83} ERROR - API request failed: HTTPSConnectionPool(host='trading.vietcap.com.vn', port=443): Max retries exceeded with url: /api/chart/OHLCChart/gap (Caused by NameResolutionError("<urllib3.connection.HTTPSConnection object at 0x7e619e80f9b0>: Failed to resolve 'trading.vietcap.com.vn' ([Errno -2] Name or service not known)"))
[2025-10-07T11:14:22.940+0000] {client.py:83} ERROR - API request failed: HTTPSConnectionPool(host='trading.vietcap.com.vn', port=443): Max retries exceeded with url: /api/chart/OHLCChart/gap (Caused by NameResolutionError("<urllib3.connection.HTTPSConnection object at 0x7e619e83e1e0>: Failed to resolve 'trading.vietcap.com.vn' ([Errno -2] Name or service not known)"))
[2025-10-07T11:14:24.997+0000] {client.py:83} ERROR - API request failed: HTTPSConnectionPool(host='trading.vietcap.com.vn', port=443): Max retries exceeded with url: /api/chart/OHLCChart/gap (Caused by NameResolutionError("<urllib3.connection.HTTPSConnection object at 0x7e619e83c770>: Failed to resolve 'trading.vietcap.com.vn' ([Errno -2] Name or service not known)"))
[2025-10-07T11:14:25.002+0000] {logging_mixin.py:190} INFO - Không tìm thấy dữ liệu cho PDT
[2025-10-07T11:14:25.008+0000] {logging_mixin.py:190} INFO - ℹ️ PDT: Không có dữ liệu mới.
[2025-10-07T11:14:25.010+0000] {logging_mixin.py:190} INFO - ⬇️ Bắt đầu xử lý symbol = PDR
[2025-10-07T11:14:25.056+0000] {logging_mixin.py:190} INFO - ⚠️ Không đọc được file cũ PDR: 'date'
[2025-10-07T11:14:25.069+0000] {logging_mixin.py:190} INFO - PDR: trích dữ liệu từ 2025-10-04 đến 2025-10-07
[2025-10-07T11:14:25.074+0000] {client.py:83} ERROR - API request failed: HTTPSConnectionPool(host='trading.vietcap.com.vn', port=443): Max retries exceeded with url: /api/chart/OHLCChart/gap (Caused by NameResolutionError("<urllib3.connection.HTTPSConnection object at 0x7e619e80c080>: Failed to resolve 'trading.vietcap.com.vn' ([Errno -2] Name or service not known)"))
[2025-10-07T11:14:27.082+0000] {client.py:83} ERROR - API request failed: HTTPSConnectionPool(host='trading.vietcap.com.vn', port=443): Max retries exceeded with url: /api/chart/OHLCChart/gap (Caused by NameResolutionError("<urllib3.connection.HTTPSConnection object at 0x7e619e80f050>: Failed to resolve 'trading.vietcap.com.vn' ([Errno -2] Name or service not known)"))
[2025-10-07T11:14:29.097+0000] {client.py:83} ERROR - API request failed: HTTPSConnectionPool(host='trading.vietcap.com.vn', port=443): Max retries exceeded with url: /api/chart/OHLCChart/gap (Caused by NameResolutionError("<urllib3.connection.HTTPSConnection object at 0x7e61b4cd4770>: Failed to resolve 'trading.vietcap.com.vn' ([Errno -2] Name or service not known)"))
[2025-10-07T11:14:29.102+0000] {logging_mixin.py:190} INFO - Không tìm thấy dữ liệu cho PDR
[2025-10-07T11:14:29.108+0000] {logging_mixin.py:190} INFO - ℹ️ PDR: Không có dữ liệu mới.
[2025-10-07T11:14:29.110+0000] {logging_mixin.py:190} INFO - ⬇️ Bắt đầu xử lý symbol = PDN
[2025-10-07T11:14:29.190+0000] {logging_mixin.py:190} INFO - ⚠️ Không đọc được file cũ PDN: 'date'
[2025-10-07T11:14:29.227+0000] {logging_mixin.py:190} INFO - PDN: trích dữ liệu từ 2025-10-04 đến 2025-10-07
[2025-10-07T11:14:29.243+0000] {client.py:83} ERROR - API request failed: HTTPSConnectionPool(host='trading.vietcap.com.vn', port=443): Max retries exceeded with url: /api/chart/OHLCChart/gap (Caused by NameResolutionError("<urllib3.connection.HTTPSConnection object at 0x7e619e83e390>: Failed to resolve 'trading.vietcap.com.vn' ([Errno -2] Name or service not known)"))
[2025-10-07T11:14:31.312+0000] {client.py:83} ERROR - API request failed: HTTPSConnectionPool(host='trading.vietcap.com.vn', port=443): Max retries exceeded with url: /api/chart/OHLCChart/gap (Caused by NameResolutionError("<urllib3.connection.HTTPSConnection object at 0x7e61b4cd7320>: Failed to resolve 'trading.vietcap.com.vn' ([Errno -2] Name or service not known)"))
[2025-10-07T11:14:33.461+0000] {client.py:83} ERROR - API request failed: HTTPSConnectionPool(host='trading.vietcap.com.vn', port=443): Max retries exceeded with url: /api/chart/OHLCChart/gap (Caused by NameResolutionError("<urllib3.connection.HTTPSConnection object at 0x7e61b4cd6060>: Failed to resolve 'trading.vietcap.com.vn' ([Errno -2] Name or service not known)"))
[2025-10-07T11:14:33.464+0000] {logging_mixin.py:190} INFO - Không tìm thấy dữ liệu cho PDN
[2025-10-07T11:14:33.471+0000] {logging_mixin.py:190} INFO - ℹ️ PDN: Không có dữ liệu mới.
[2025-10-07T11:14:33.473+0000] {logging_mixin.py:190} INFO - 🚦 Giới hạn API đạt mức tối đa, chờ 39.0s...
[2025-10-07T11:15:12.649+0000] {logging_mixin.py:190} INFO - ⬇️ Bắt đầu xử lý symbol = PDC
[2025-10-07T11:15:12.686+0000] {logging_mixin.py:190} INFO - ⚠️ Không đọc được file cũ PDC: 'date'
[2025-10-07T11:15:12.697+0000] {logging_mixin.py:190} INFO - PDC: trích dữ liệu từ 2025-10-01 đến 2025-10-07
[2025-10-07T11:15:12.704+0000] {client.py:83} ERROR - API request failed: HTTPSConnectionPool(host='trading.vietcap.com.vn', port=443): Max retries exceeded with url: /api/chart/OHLCChart/gap (Caused by NameResolutionError("<urllib3.connection.HTTPSConnection object at 0x7e619e83e990>: Failed to resolve 'trading.vietcap.com.vn' ([Errno -2] Name or service not known)"))
[2025-10-07T11:15:14.720+0000] {client.py:83} ERROR - API request failed: HTTPSConnectionPool(host='trading.vietcap.com.vn', port=443): Max retries exceeded with url: /api/chart/OHLCChart/gap (Caused by NameResolutionError("<urllib3.connection.HTTPSConnection object at 0x7e619e80d8b0>: Failed to resolve 'trading.vietcap.com.vn' ([Errno -2] Name or service not known)"))
[2025-10-07T11:15:16.799+0000] {client.py:83} ERROR - API request failed: HTTPSConnectionPool(host='trading.vietcap.com.vn', port=443): Max retries exceeded with url: /api/chart/OHLCChart/gap (Caused by NameResolutionError("<urllib3.connection.HTTPSConnection object at 0x7e61b4cd6060>: Failed to resolve 'trading.vietcap.com.vn' ([Errno -2] Name or service not known)"))
[2025-10-07T11:15:16.807+0000] {logging_mixin.py:190} INFO - Không tìm thấy dữ liệu cho PDC
[2025-10-07T11:15:16.819+0000] {logging_mixin.py:190} INFO - ℹ️ PDC: Không có dữ liệu mới.
[2025-10-07T11:15:16.823+0000] {logging_mixin.py:190} INFO - ⬇️ Bắt đầu xử lý symbol = PDB
[2025-10-07T11:15:16.858+0000] {logging_mixin.py:190} INFO - ⚠️ Không đọc được file cũ PDB: 'date'
[2025-10-07T11:15:16.871+0000] {logging_mixin.py:190} INFO - PDB: trích dữ liệu từ 2025-10-04 đến 2025-10-07
[2025-10-07T11:15:16.887+0000] {client.py:83} ERROR - API request failed: HTTPSConnectionPool(host='trading.vietcap.com.vn', port=443): Max retries exceeded with url: /api/chart/OHLCChart/gap (Caused by NameResolutionError("<urllib3.connection.HTTPSConnection object at 0x7e61b4cd42c0>: Failed to resolve 'trading.vietcap.com.vn' ([Errno -2] Name or service not known)"))
[2025-10-07T11:15:18.894+0000] {client.py:83} ERROR - API request failed: HTTPSConnectionPool(host='trading.vietcap.com.vn', port=443): Max retries exceeded with url: /api/chart/OHLCChart/gap (Caused by NameResolutionError("<urllib3.connection.HTTPSConnection object at 0x7e61b4cd6de0>: Failed to resolve 'trading.vietcap.com.vn' ([Errno -2] Name or service not known)"))
[2025-10-07T11:15:20.910+0000] {client.py:83} ERROR - API request failed: HTTPSConnectionPool(host='trading.vietcap.com.vn', port=443): Max retries exceeded with url: /api/chart/OHLCChart/gap (Caused by NameResolutionError("<urllib3.connection.HTTPSConnection object at 0x7e619e83f260>: Failed to resolve 'trading.vietcap.com.vn' ([Errno -2] Name or service not known)"))
[2025-10-07T11:15:20.914+0000] {logging_mixin.py:190} INFO - Không tìm thấy dữ liệu cho PDB
[2025-10-07T11:15:20.921+0000] {logging_mixin.py:190} INFO - ℹ️ PDB: Không có dữ liệu mới.
[2025-10-07T11:15:20.924+0000] {logging_mixin.py:190} INFO - ⬇️ Bắt đầu xử lý symbol = PCT
[2025-10-07T11:15:21.012+0000] {logging_mixin.py:190} INFO - ⚠️ Không đọc được file cũ PCT: 'date'
[2025-10-07T11:15:21.053+0000] {logging_mixin.py:190} INFO - PCT: trích dữ liệu từ 2025-10-04 đến 2025-10-07
[2025-10-07T11:15:21.072+0000] {client.py:83} ERROR - API request failed: HTTPSConnectionPool(host='trading.vietcap.com.vn', port=443): Max retries exceeded with url: /api/chart/OHLCChart/gap (Caused by NameResolutionError("<urllib3.connection.HTTPSConnection object at 0x7e61b4cd43b0>: Failed to resolve 'trading.vietcap.com.vn' ([Errno -2] Name or service not known)"))
[2025-10-07T11:15:23.095+0000] {client.py:83} ERROR - API request failed: HTTPSConnectionPool(host='trading.vietcap.com.vn', port=443): Max retries exceeded with url: /api/chart/OHLCChart/gap (Caused by NameResolutionError("<urllib3.connection.HTTPSConnection object at 0x7e61b4cd4e90>: Failed to resolve 'trading.vietcap.com.vn' ([Errno -2] Name or service not known)"))
[2025-10-07T11:15:25.113+0000] {client.py:83} ERROR - API request failed: HTTPSConnectionPool(host='trading.vietcap.com.vn', port=443): Max retries exceeded with url: /api/chart/OHLCChart/gap (Caused by NameResolutionError("<urllib3.connection.HTTPSConnection object at 0x7e619e7ae060>: Failed to resolve 'trading.vietcap.com.vn' ([Errno -2] Name or service not known)"))
[2025-10-07T11:15:25.117+0000] {logging_mixin.py:190} INFO - Không tìm thấy dữ liệu cho PCT
[2025-10-07T11:15:25.125+0000] {logging_mixin.py:190} INFO - ℹ️ PCT: Không có dữ liệu mới.
[2025-10-07T11:15:25.127+0000] {logging_mixin.py:190} INFO - ⬇️ Bắt đầu xử lý symbol = PCN
[2025-10-07T11:15:25.227+0000] {logging_mixin.py:190} INFO - ⚠️ Không đọc được file cũ PCN: 'date'
[2025-10-07T11:15:25.260+0000] {logging_mixin.py:190} INFO - PCN: trích dữ liệu từ 2024-12-14 đến 2025-10-07
[2025-10-07T11:15:25.278+0000] {client.py:83} ERROR - API request failed: HTTPSConnectionPool(host='trading.vietcap.com.vn', port=443): Max retries exceeded with url: /api/chart/OHLCChart/gap (Caused by NameResolutionError("<urllib3.connection.HTTPSConnection object at 0x7e61b4cd5010>: Failed to resolve 'trading.vietcap.com.vn' ([Errno -2] Name or service not known)"))
[2025-10-07T11:15:27.286+0000] {client.py:83} ERROR - API request failed: HTTPSConnectionPool(host='trading.vietcap.com.vn', port=443): Max retries exceeded with url: /api/chart/OHLCChart/gap (Caused by NameResolutionError("<urllib3.connection.HTTPSConnection object at 0x7e619e83c4d0>: Failed to resolve 'trading.vietcap.com.vn' ([Errno -2] Name or service not known)"))
[2025-10-07T11:15:29.349+0000] {client.py:83} ERROR - API request failed: HTTPSConnectionPool(host='trading.vietcap.com.vn', port=443): Max retries exceeded with url: /api/chart/OHLCChart/gap (Caused by NameResolutionError("<urllib3.connection.HTTPSConnection object at 0x7e619e7ac350>: Failed to resolve 'trading.vietcap.com.vn' ([Errno -2] Name or service not known)"))
[2025-10-07T11:15:29.353+0000] {logging_mixin.py:190} INFO - Không tìm thấy dữ liệu cho PCN
[2025-10-07T11:15:29.357+0000] {logging_mixin.py:190} INFO - ℹ️ PCN: Không có dữ liệu mới.
[2025-10-07T11:15:29.359+0000] {logging_mixin.py:190} INFO - ⬇️ Bắt đầu xử lý symbol = PCM
[2025-10-07T11:15:29.416+0000] {logging_mixin.py:190} INFO - ⚠️ Không đọc được file cũ PCM: 'date'
[2025-10-07T11:15:29.430+0000] {logging_mixin.py:190} INFO - PCM: trích dữ liệu từ 2025-09-05 đến 2025-10-07
[2025-10-07T11:15:29.437+0000] {client.py:83} ERROR - API request failed: HTTPSConnectionPool(host='trading.vietcap.com.vn', port=443): Max retries exceeded with url: /api/chart/OHLCChart/gap (Caused by NameResolutionError("<urllib3.connection.HTTPSConnection object at 0x7e619e7ac530>: Failed to resolve 'trading.vietcap.com.vn' ([Errno -2] Name or service not known)"))
[2025-10-07T11:15:31.445+0000] {client.py:83} ERROR - API request failed: HTTPSConnectionPool(host='trading.vietcap.com.vn', port=443): Max retries exceeded with url: /api/chart/OHLCChart/gap (Caused by NameResolutionError("<urllib3.connection.HTTPSConnection object at 0x7e61b4cd62a0>: Failed to resolve 'trading.vietcap.com.vn' ([Errno -2] Name or service not known)"))
[2025-10-07T11:15:33.451+0000] {client.py:83} ERROR - API request failed: HTTPSConnectionPool(host='trading.vietcap.com.vn', port=443): Max retries exceeded with url: /api/chart/OHLCChart/gap (Caused by NameResolutionError("<urllib3.connection.HTTPSConnection object at 0x7e61b4cd6cc0>: Failed to resolve 'trading.vietcap.com.vn' ([Errno -2] Name or service not known)"))
[2025-10-07T11:15:33.452+0000] {logging_mixin.py:190} INFO - Không tìm thấy dữ liệu cho PCM
[2025-10-07T11:15:33.454+0000] {logging_mixin.py:190} INFO - ℹ️ PCM: Không có dữ liệu mới.
[2025-10-07T11:15:33.454+0000] {logging_mixin.py:190} INFO - 🚦 Giới hạn API đạt mức tối đa, chờ 39.2s...
[2025-10-07T11:16:12.840+0000] {logging_mixin.py:190} INFO - ⬇️ Bắt đầu xử lý symbol = PCH
[2025-10-07T11:16:12.881+0000] {logging_mixin.py:190} INFO - ⚠️ Không đọc được file cũ PCH: 'date'
[2025-10-07T11:16:12.892+0000] {logging_mixin.py:190} INFO - PCH: trích dữ liệu từ 2025-10-04 đến 2025-10-07
[2025-10-07T11:16:12.900+0000] {client.py:83} ERROR - API request failed: HTTPSConnectionPool(host='trading.vietcap.com.vn', port=443): Max retries exceeded with url: /api/chart/OHLCChart/gap (Caused by NameResolutionError("<urllib3.connection.HTTPSConnection object at 0x7e619e7ac3b0>: Failed to resolve 'trading.vietcap.com.vn' ([Errno -2] Name or service not known)"))
[2025-10-07T11:16:14.913+0000] {client.py:83} ERROR - API request failed: HTTPSConnectionPool(host='trading.vietcap.com.vn', port=443): Max retries exceeded with url: /api/chart/OHLCChart/gap (Caused by NameResolutionError("<urllib3.connection.HTTPSConnection object at 0x7e619e7ad550>: Failed to resolve 'trading.vietcap.com.vn' ([Errno -2] Name or service not known)"))
[2025-10-07T11:16:16.938+0000] {client.py:83} ERROR - API request failed: HTTPSConnectionPool(host='trading.vietcap.com.vn', port=443): Max retries exceeded with url: /api/chart/OHLCChart/gap (Caused by NameResolutionError("<urllib3.connection.HTTPSConnection object at 0x7e619e7ac200>: Failed to resolve 'trading.vietcap.com.vn' ([Errno -2] Name or service not known)"))
[2025-10-07T11:16:16.942+0000] {logging_mixin.py:190} INFO - Không tìm thấy dữ liệu cho PCH
[2025-10-07T11:16:16.947+0000] {logging_mixin.py:190} INFO - ℹ️ PCH: Không có dữ liệu mới.
[2025-10-07T11:16:16.950+0000] {logging_mixin.py:190} INFO - ⬇️ Bắt đầu xử lý symbol = PCG
[2025-10-07T11:16:17.025+0000] {logging_mixin.py:190} INFO - ⚠️ Không đọc được file cũ PCG: 'date'
[2025-10-07T11:16:17.046+0000] {logging_mixin.py:190} INFO - PCG: trích dữ liệu từ 2025-10-04 đến 2025-10-07
[2025-10-07T11:16:17.056+0000] {client.py:83} ERROR - API request failed: HTTPSConnectionPool(host='trading.vietcap.com.vn', port=443): Max retries exceeded with url: /api/chart/OHLCChart/gap (Caused by NameResolutionError("<urllib3.connection.HTTPSConnection object at 0x7e619e7af8c0>: Failed to resolve 'trading.vietcap.com.vn' ([Errno -2] Name or service not known)"))
[2025-10-07T11:16:19.095+0000] {client.py:83} ERROR - API request failed: HTTPSConnectionPool(host='trading.vietcap.com.vn', port=443): Max retries exceeded with url: /api/chart/OHLCChart/gap (Caused by NameResolutionError("<urllib3.connection.HTTPSConnection object at 0x7e619e80e5a0>: Failed to resolve 'trading.vietcap.com.vn' ([Errno -2] Name or service not known)"))
[2025-10-07T11:16:21.112+0000] {client.py:83} ERROR - API request failed: HTTPSConnectionPool(host='trading.vietcap.com.vn', port=443): Max retries exceeded with url: /api/chart/OHLCChart/gap (Caused by NameResolutionError("<urllib3.connection.HTTPSConnection object at 0x7e619e80f980>: Failed to resolve 'trading.vietcap.com.vn' ([Errno -2] Name or service not known)"))
[2025-10-07T11:16:21.114+0000] {logging_mixin.py:190} INFO - Không tìm thấy dữ liệu cho PCG
[2025-10-07T11:16:21.117+0000] {logging_mixin.py:190} INFO - ℹ️ PCG: Không có dữ liệu mới.
[2025-10-07T11:16:21.119+0000] {logging_mixin.py:190} INFO - ⬇️ Bắt đầu xử lý symbol = PCF
[2025-10-07T11:16:21.180+0000] {logging_mixin.py:190} INFO - ⚠️ Không đọc được file cũ PCF: 'date'
[2025-10-07T11:16:21.203+0000] {logging_mixin.py:190} INFO - PCF: trích dữ liệu từ 2025-10-04 đến 2025-10-07
[2025-10-07T11:16:21.216+0000] {client.py:83} ERROR - API request failed: HTTPSConnectionPool(host='trading.vietcap.com.vn', port=443): Max retries exceeded with url: /api/chart/OHLCChart/gap (Caused by NameResolutionError("<urllib3.connection.HTTPSConnection object at 0x7e619e7acfe0>: Failed to resolve 'trading.vietcap.com.vn' ([Errno -2] Name or service not known)"))
[2025-10-07T11:16:23.237+0000] {client.py:83} ERROR - API request failed: HTTPSConnectionPool(host='trading.vietcap.com.vn', port=443): Max retries exceeded with url: /api/chart/OHLCChart/gap (Caused by NameResolutionError("<urllib3.connection.HTTPSConnection object at 0x7e619e80e0f0>: Failed to resolve 'trading.vietcap.com.vn' ([Errno -2] Name or service not known)"))
[2025-10-07T11:16:25.443+0000] {client.py:83} ERROR - API request failed: HTTPSConnectionPool(host='trading.vietcap.com.vn', port=443): Max retries exceeded with url: /api/chart/OHLCChart/gap (Caused by NameResolutionError("<urllib3.connection.HTTPSConnection object at 0x7e619e83cb00>: Failed to resolve 'trading.vietcap.com.vn' ([Errno -2] Name or service not known)"))
[2025-10-07T11:16:25.446+0000] {logging_mixin.py:190} INFO - Không tìm thấy dữ liệu cho PCF
[2025-10-07T11:16:25.452+0000] {logging_mixin.py:190} INFO - ℹ️ PCF: Không có dữ liệu mới.
[2025-10-07T11:16:25.457+0000] {logging_mixin.py:190} INFO - ⬇️ Bắt đầu xử lý symbol = PCE
[2025-10-07T11:16:25.565+0000] {logging_mixin.py:190} INFO - ⚠️ Không đọc được file cũ PCE: 'date'
[2025-10-07T11:16:25.586+0000] {logging_mixin.py:190} INFO - PCE: trích dữ liệu từ 2025-10-04 đến 2025-10-07
[2025-10-07T11:16:25.594+0000] {client.py:83} ERROR - API request failed: HTTPSConnectionPool(host='trading.vietcap.com.vn', port=443): Max retries exceeded with url: /api/chart/OHLCChart/gap (Caused by NameResolutionError("<urllib3.connection.HTTPSConnection object at 0x7e619e83fa70>: Failed to resolve 'trading.vietcap.com.vn' ([Errno -2] Name or service not known)"))
[2025-10-07T11:16:27.617+0000] {client.py:83} ERROR - API request failed: HTTPSConnectionPool(host='trading.vietcap.com.vn', port=443): Max retries exceeded with url: /api/chart/OHLCChart/gap (Caused by NameResolutionError("<urllib3.connection.HTTPSConnection object at 0x7e61b567f830>: Failed to resolve 'trading.vietcap.com.vn' ([Errno -2] Name or service not known)"))
[2025-10-07T11:16:29.632+0000] {client.py:83} ERROR - API request failed: HTTPSConnectionPool(host='trading.vietcap.com.vn', port=443): Max retries exceeded with url: /api/chart/OHLCChart/gap (Caused by NameResolutionError("<urllib3.connection.HTTPSConnection object at 0x7e619e80c4a0>: Failed to resolve 'trading.vietcap.com.vn' ([Errno -2] Name or service not known)"))
[2025-10-07T11:16:29.636+0000] {logging_mixin.py:190} INFO - Không tìm thấy dữ liệu cho PCE
[2025-10-07T11:16:29.641+0000] {logging_mixin.py:190} INFO - ℹ️ PCE: Không có dữ liệu mới.
[2025-10-07T11:16:29.643+0000] {logging_mixin.py:190} INFO - ⬇️ Bắt đầu xử lý symbol = PCC
[2025-10-07T11:16:29.723+0000] {logging_mixin.py:190} INFO - ⚠️ Không đọc được file cũ PCC: 'date'
[2025-10-07T11:16:29.758+0000] {logging_mixin.py:190} INFO - PCC: trích dữ liệu từ 2025-10-03 đến 2025-10-07
[2025-10-07T11:16:29.775+0000] {client.py:83} ERROR - API request failed: HTTPSConnectionPool(host='trading.vietcap.com.vn', port=443): Max retries exceeded with url: /api/chart/OHLCChart/gap (Caused by NameResolutionError("<urllib3.connection.HTTPSConnection object at 0x7e619e83ef90>: Failed to resolve 'trading.vietcap.com.vn' ([Errno -2] Name or service not known)"))
[2025-10-07T11:16:31.847+0000] {client.py:83} ERROR - API request failed: HTTPSConnectionPool(host='trading.vietcap.com.vn', port=443): Max retries exceeded with url: /api/chart/OHLCChart/gap (Caused by NameResolutionError("<urllib3.connection.HTTPSConnection object at 0x7e619e83d700>: Failed to resolve 'trading.vietcap.com.vn' ([Errno -2] Name or service not known)"))
[2025-10-07T11:16:33.918+0000] {client.py:83} ERROR - API request failed: HTTPSConnectionPool(host='trading.vietcap.com.vn', port=443): Max retries exceeded with url: /api/chart/OHLCChart/gap (Caused by NameResolutionError("<urllib3.connection.HTTPSConnection object at 0x7e619e7ad490>: Failed to resolve 'trading.vietcap.com.vn' ([Errno -2] Name or service not known)"))
[2025-10-07T11:16:33.923+0000] {logging_mixin.py:190} INFO - Không tìm thấy dữ liệu cho PCC
[2025-10-07T11:16:33.928+0000] {logging_mixin.py:190} INFO - ℹ️ PCC: Không có dữ liệu mới.
[2025-10-07T11:16:33.930+0000] {logging_mixin.py:190} INFO - 🚦 Giới hạn API đạt mức tối đa, chờ 38.9s...
[2025-10-07T11:17:12.888+0000] {logging_mixin.py:190} INFO - ⬇️ Bắt đầu xử lý symbol = PC1
[2025-10-07T11:17:12.926+0000] {logging_mixin.py:190} INFO - ⚠️ Không đọc được file cũ PC1: 'date'
[2025-10-07T11:17:12.946+0000] {logging_mixin.py:190} INFO - PC1: trích dữ liệu từ 2025-10-04 đến 2025-10-07
[2025-10-07T11:17:12.954+0000] {client.py:83} ERROR - API request failed: HTTPSConnectionPool(host='trading.vietcap.com.vn', port=443): Max retries exceeded with url: /api/chart/OHLCChart/gap (Caused by NameResolutionError("<urllib3.connection.HTTPSConnection object at 0x7e619e83e810>: Failed to resolve 'trading.vietcap.com.vn' ([Errno -2] Name or service not known)"))
[2025-10-07T11:17:14.970+0000] {client.py:83} ERROR - API request failed: HTTPSConnectionPool(host='trading.vietcap.com.vn', port=443): Max retries exceeded with url: /api/chart/OHLCChart/gap (Caused by NameResolutionError("<urllib3.connection.HTTPSConnection object at 0x7e619e7add90>: Failed to resolve 'trading.vietcap.com.vn' ([Errno -2] Name or service not known)"))
[2025-10-07T11:17:16.978+0000] {client.py:83} ERROR - API request failed: HTTPSConnectionPool(host='trading.vietcap.com.vn', port=443): Max retries exceeded with url: /api/chart/OHLCChart/gap (Caused by NameResolutionError("<urllib3.connection.HTTPSConnection object at 0x7e619e7adcd0>: Failed to resolve 'trading.vietcap.com.vn' ([Errno -2] Name or service not known)"))
[2025-10-07T11:17:16.979+0000] {logging_mixin.py:190} INFO - Không tìm thấy dữ liệu cho PC1
[2025-10-07T11:17:16.980+0000] {logging_mixin.py:190} INFO - ℹ️ PC1: Không có dữ liệu mới.
[2025-10-07T11:17:16.982+0000] {logging_mixin.py:190} INFO - ⬇️ Bắt đầu xử lý symbol = PBT
[2025-10-07T11:17:17.012+0000] {logging_mixin.py:190} INFO - ⚠️ Không đọc được file cũ PBT: 'date'
[2025-10-07T11:17:17.022+0000] {logging_mixin.py:190} INFO - PBT: trích dữ liệu từ 2025-10-03 đến 2025-10-07
[2025-10-07T11:17:17.029+0000] {client.py:83} ERROR - API request failed: HTTPSConnectionPool(host='trading.vietcap.com.vn', port=443): Max retries exceeded with url: /api/chart/OHLCChart/gap (Caused by NameResolutionError("<urllib3.connection.HTTPSConnection object at 0x7e61b4cd6000>: Failed to resolve 'trading.vietcap.com.vn' ([Errno -2] Name or service not known)"))
[2025-10-07T11:17:19.044+0000] {client.py:83} ERROR - API request failed: HTTPSConnectionPool(host='trading.vietcap.com.vn', port=443): Max retries exceeded with url: /api/chart/OHLCChart/gap (Caused by NameResolutionError("<urllib3.connection.HTTPSConnection object at 0x7e61b567e3f0>: Failed to resolve 'trading.vietcap.com.vn' ([Errno -2] Name or service not known)"))
[2025-10-07T11:17:21.062+0000] {client.py:83} ERROR - API request failed: HTTPSConnectionPool(host='trading.vietcap.com.vn', port=443): Max retries exceeded with url: /api/chart/OHLCChart/gap (Caused by NameResolutionError("<urllib3.connection.HTTPSConnection object at 0x7e619e83c140>: Failed to resolve 'trading.vietcap.com.vn' ([Errno -2] Name or service not known)"))
[2025-10-07T11:17:21.065+0000] {logging_mixin.py:190} INFO - Không tìm thấy dữ liệu cho PBT
[2025-10-07T11:17:21.075+0000] {logging_mixin.py:190} INFO - ℹ️ PBT: Không có dữ liệu mới.
[2025-10-07T11:17:21.078+0000] {logging_mixin.py:190} INFO - 🚦 Giới hạn API đạt mức tối đa, chờ 0.0s...
[2025-10-07T11:17:21.123+0000] {logging_mixin.py:190} INFO - ⬇️ Bắt đầu xử lý symbol = PBP
[2025-10-07T11:17:21.222+0000] {logging_mixin.py:190} INFO - ⚠️ Không đọc được file cũ PBP: 'date'
[2025-10-07T11:17:21.262+0000] {logging_mixin.py:190} INFO - PBP: trích dữ liệu từ 2025-10-04 đến 2025-10-07
[2025-10-07T11:17:21.285+0000] {client.py:83} ERROR - API request failed: HTTPSConnectionPool(host='trading.vietcap.com.vn', port=443): Max retries exceeded with url: /api/chart/OHLCChart/gap (Caused by NameResolutionError("<urllib3.connection.HTTPSConnection object at 0x7e61b4cd46b0>: Failed to resolve 'trading.vietcap.com.vn' ([Errno -2] Name or service not known)"))
[2025-10-07T11:17:23.302+0000] {client.py:83} ERROR - API request failed: HTTPSConnectionPool(host='trading.vietcap.com.vn', port=443): Max retries exceeded with url: /api/chart/OHLCChart/gap (Caused by NameResolutionError("<urllib3.connection.HTTPSConnection object at 0x7e61b4cd6660>: Failed to resolve 'trading.vietcap.com.vn' ([Errno -2] Name or service not known)"))
[2025-10-07T11:17:25.328+0000] {client.py:83} ERROR - API request failed: HTTPSConnectionPool(host='trading.vietcap.com.vn', port=443): Max retries exceeded with url: /api/chart/OHLCChart/gap (Caused by NameResolutionError("<urllib3.connection.HTTPSConnection object at 0x7e619e83eb40>: Failed to resolve 'trading.vietcap.com.vn' ([Errno -2] Name or service not known)"))
[2025-10-07T11:17:25.329+0000] {logging_mixin.py:190} INFO - Không tìm thấy dữ liệu cho PBP
[2025-10-07T11:17:25.331+0000] {logging_mixin.py:190} INFO - ℹ️ PBP: Không có dữ liệu mới.
[2025-10-07T11:17:25.332+0000] {logging_mixin.py:190} INFO - 🚦 Giới hạn API đạt mức tối đa, chờ 0.1s...
[2025-10-07T11:17:25.458+0000] {logging_mixin.py:190} INFO - ⬇️ Bắt đầu xử lý symbol = PBC
[2025-10-07T11:17:25.498+0000] {logging_mixin.py:190} INFO - ⚠️ Không đọc được file cũ PBC: 'date'
[2025-10-07T11:17:25.511+0000] {logging_mixin.py:190} INFO - PBC: trích dữ liệu từ 2025-10-04 đến 2025-10-07
[2025-10-07T11:17:25.518+0000] {client.py:83} ERROR - API request failed: HTTPSConnectionPool(host='trading.vietcap.com.vn', port=443): Max retries exceeded with url: /api/chart/OHLCChart/gap (Caused by NameResolutionError("<urllib3.connection.HTTPSConnection object at 0x7e61b4cd5ca0>: Failed to resolve 'trading.vietcap.com.vn' ([Errno -2] Name or service not known)"))
[2025-10-07T11:17:27.544+0000] {client.py:83} ERROR - API request failed: HTTPSConnectionPool(host='trading.vietcap.com.vn', port=443): Max retries exceeded with url: /api/chart/OHLCChart/gap (Caused by NameResolutionError("<urllib3.connection.HTTPSConnection object at 0x7e61b4cd59a0>: Failed to resolve 'trading.vietcap.com.vn' ([Errno -2] Name or service not known)"))
[2025-10-07T11:17:29.574+0000] {client.py:83} ERROR - API request failed: HTTPSConnectionPool(host='trading.vietcap.com.vn', port=443): Max retries exceeded with url: /api/chart/OHLCChart/gap (Caused by NameResolutionError("<urllib3.connection.HTTPSConnection object at 0x7e61b4cd61e0>: Failed to resolve 'trading.vietcap.com.vn' ([Errno -2] Name or service not known)"))
[2025-10-07T11:17:29.577+0000] {logging_mixin.py:190} INFO - Không tìm thấy dữ liệu cho PBC
[2025-10-07T11:17:29.585+0000] {logging_mixin.py:190} INFO - ℹ️ PBC: Không có dữ liệu mới.
[2025-10-07T11:17:29.592+0000] {logging_mixin.py:190} INFO - 🚦 Giới hạn API đạt mức tối đa, chờ 0.1s...
[2025-10-07T11:17:29.653+0000] {logging_mixin.py:190} INFO - ⬇️ Bắt đầu xử lý symbol = PAT
[2025-10-07T11:17:29.728+0000] {logging_mixin.py:190} INFO - ⚠️ Không đọc được file cũ PAT: 'date'
[2025-10-07T11:17:29.757+0000] {logging_mixin.py:190} INFO - PAT: trích dữ liệu từ 2025-10-04 đến 2025-10-07
[2025-10-07T11:17:29.774+0000] {client.py:83} ERROR - API request failed: HTTPSConnectionPool(host='trading.vietcap.com.vn', port=443): Max retries exceeded with url: /api/chart/OHLCChart/gap (Caused by NameResolutionError("<urllib3.connection.HTTPSConnection object at 0x7e61b4cd6d20>: Failed to resolve 'trading.vietcap.com.vn' ([Errno -2] Name or service not known)"))
[2025-10-07T11:17:31.828+0000] {client.py:83} ERROR - API request failed: HTTPSConnectionPool(host='trading.vietcap.com.vn', port=443): Max retries exceeded with url: /api/chart/OHLCChart/gap (Caused by NameResolutionError("<urllib3.connection.HTTPSConnection object at 0x7e61b4cd7800>: Failed to resolve 'trading.vietcap.com.vn' ([Errno -2] Name or service not known)"))
[2025-10-07T11:17:33.886+0000] {client.py:83} ERROR - API request failed: HTTPSConnectionPool(host='trading.vietcap.com.vn', port=443): Max retries exceeded with url: /api/chart/OHLCChart/gap (Caused by NameResolutionError("<urllib3.connection.HTTPSConnection object at 0x7e61b4cd5610>: Failed to resolve 'trading.vietcap.com.vn' ([Errno -2] Name or service not known)"))
[2025-10-07T11:17:33.888+0000] {logging_mixin.py:190} INFO - Không tìm thấy dữ liệu cho PAT
[2025-10-07T11:17:33.890+0000] {logging_mixin.py:190} INFO - ℹ️ PAT: Không có dữ liệu mới.
[2025-10-07T11:17:33.891+0000] {logging_mixin.py:190} INFO - 🚦 Giới hạn API đạt mức tối đa, chờ 39.0s...
[2025-10-07T11:18:12.908+0000] {logging_mixin.py:190} INFO - ⬇️ Bắt đầu xử lý symbol = PAS
[2025-10-07T11:18:12.949+0000] {logging_mixin.py:190} INFO - ⚠️ Không đọc được file cũ PAS: 'date'
[2025-10-07T11:18:12.964+0000] {logging_mixin.py:190} INFO - PAS: trích dữ liệu từ 2025-10-04 đến 2025-10-07
[2025-10-07T11:18:12.975+0000] {client.py:83} ERROR - API request failed: HTTPSConnectionPool(host='trading.vietcap.com.vn', port=443): Max retries exceeded with url: /api/chart/OHLCChart/gap (Caused by NameResolutionError("<urllib3.connection.HTTPSConnection object at 0x7e619e937890>: Failed to resolve 'trading.vietcap.com.vn' ([Errno -2] Name or service not known)"))
[2025-10-07T11:18:15.037+0000] {client.py:83} ERROR - API request failed: HTTPSConnectionPool(host='trading.vietcap.com.vn', port=443): Max retries exceeded with url: /api/chart/OHLCChart/gap (Caused by NameResolutionError("<urllib3.connection.HTTPSConnection object at 0x7e61b4cd4bc0>: Failed to resolve 'trading.vietcap.com.vn' ([Errno -2] Name or service not known)"))
[2025-10-07T11:18:17.060+0000] {client.py:83} ERROR - API request failed: HTTPSConnectionPool(host='trading.vietcap.com.vn', port=443): Max retries exceeded with url: /api/chart/OHLCChart/gap (Caused by NameResolutionError("<urllib3.connection.HTTPSConnection object at 0x7e619e83e240>: Failed to resolve 'trading.vietcap.com.vn' ([Errno -2] Name or service not known)"))
[2025-10-07T11:18:17.065+0000] {logging_mixin.py:190} INFO - Không tìm thấy dữ liệu cho PAS
[2025-10-07T11:18:17.078+0000] {logging_mixin.py:190} INFO - ℹ️ PAS: Không có dữ liệu mới.
[2025-10-07T11:18:17.086+0000] {logging_mixin.py:190} INFO - ⬇️ Bắt đầu xử lý symbol = PAP
[2025-10-07T11:18:17.138+0000] {logging_mixin.py:190} INFO - ⚠️ Không đọc được file cũ PAP: 'date'
[2025-10-07T11:18:17.161+0000] {logging_mixin.py:190} INFO - PAP: trích dữ liệu từ 2025-10-04 đến 2025-10-07
[2025-10-07T11:18:17.170+0000] {client.py:83} ERROR - API request failed: HTTPSConnectionPool(host='trading.vietcap.com.vn', port=443): Max retries exceeded with url: /api/chart/OHLCChart/gap (Caused by NameResolutionError("<urllib3.connection.HTTPSConnection object at 0x7e619e937200>: Failed to resolve 'trading.vietcap.com.vn' ([Errno -2] Name or service not known)"))
[2025-10-07T11:18:19.190+0000] {client.py:83} ERROR - API request failed: HTTPSConnectionPool(host='trading.vietcap.com.vn', port=443): Max retries exceeded with url: /api/chart/OHLCChart/gap (Caused by NameResolutionError("<urllib3.connection.HTTPSConnection object at 0x7e619e934230>: Failed to resolve 'trading.vietcap.com.vn' ([Errno -2] Name or service not known)"))
[2025-10-07T11:18:21.232+0000] {client.py:83} ERROR - API request failed: HTTPSConnectionPool(host='trading.vietcap.com.vn', port=443): Max retries exceeded with url: /api/chart/OHLCChart/gap (Caused by NameResolutionError("<urllib3.connection.HTTPSConnection object at 0x7e619e7ad850>: Failed to resolve 'trading.vietcap.com.vn' ([Errno -2] Name or service not known)"))
[2025-10-07T11:18:21.239+0000] {logging_mixin.py:190} INFO - Không tìm thấy dữ liệu cho PAP
[2025-10-07T11:18:21.246+0000] {logging_mixin.py:190} INFO - ℹ️ PAP: Không có dữ liệu mới.
[2025-10-07T11:18:21.249+0000] {logging_mixin.py:190} INFO - ⬇️ Bắt đầu xử lý symbol = PAN
[2025-10-07T11:18:21.332+0000] {logging_mixin.py:190} INFO - ⚠️ Không đọc được file cũ PAN: 'date'
[2025-10-07T11:18:21.368+0000] {logging_mixin.py:190} INFO - PAN: trích dữ liệu từ 2025-10-04 đến 2025-10-07
[2025-10-07T11:18:21.376+0000] {client.py:83} ERROR - API request failed: HTTPSConnectionPool(host='trading.vietcap.com.vn', port=443): Max retries exceeded with url: /api/chart/OHLCChart/gap (Caused by NameResolutionError("<urllib3.connection.HTTPSConnection object at 0x7e619e935b20>: Failed to resolve 'trading.vietcap.com.vn' ([Errno -2] Name or service not known)"))
[2025-10-07T11:18:23.383+0000] {client.py:83} ERROR - API request failed: HTTPSConnectionPool(host='trading.vietcap.com.vn', port=443): Max retries exceeded with url: /api/chart/OHLCChart/gap (Caused by NameResolutionError("<urllib3.connection.HTTPSConnection object at 0x7e619e9374a0>: Failed to resolve 'trading.vietcap.com.vn' ([Errno -2] Name or service not known)"))
[2025-10-07T11:18:25.395+0000] {client.py:83} ERROR - API request failed: HTTPSConnectionPool(host='trading.vietcap.com.vn', port=443): Max retries exceeded with url: /api/chart/OHLCChart/gap (Caused by NameResolutionError("<urllib3.connection.HTTPSConnection object at 0x7e619e935d30>: Failed to resolve 'trading.vietcap.com.vn' ([Errno -2] Name or service not known)"))
[2025-10-07T11:18:25.397+0000] {logging_mixin.py:190} INFO - Không tìm thấy dữ liệu cho PAN
[2025-10-07T11:18:25.400+0000] {logging_mixin.py:190} INFO - ℹ️ PAN: Không có dữ liệu mới.
[2025-10-07T11:18:25.401+0000] {logging_mixin.py:190} INFO - 🚦 Giới hạn API đạt mức tối đa, chờ 0.1s...
[2025-10-07T11:18:25.459+0000] {logging_mixin.py:190} INFO - ⬇️ Bắt đầu xử lý symbol = PAI
[2025-10-07T11:18:25.620+0000] {logging_mixin.py:190} INFO - ⚠️ Không đọc được file cũ PAI: 'date'
[2025-10-07T11:18:25.644+0000] {logging_mixin.py:190} INFO - PAI: trích dữ liệu từ 2025-09-06 đến 2025-10-07
[2025-10-07T11:18:25.651+0000] {client.py:83} ERROR - API request failed: HTTPSConnectionPool(host='trading.vietcap.com.vn', port=443): Max retries exceeded with url: /api/chart/OHLCChart/gap (Caused by NameResolutionError("<urllib3.connection.HTTPSConnection object at 0x7e619e934b90>: Failed to resolve 'trading.vietcap.com.vn' ([Errno -2] Name or service not known)"))
[2025-10-07T11:18:27.660+0000] {client.py:83} ERROR - API request failed: HTTPSConnectionPool(host='trading.vietcap.com.vn', port=443): Max retries exceeded with url: /api/chart/OHLCChart/gap (Caused by NameResolutionError("<urllib3.connection.HTTPSConnection object at 0x7e619e937260>: Failed to resolve 'trading.vietcap.com.vn' ([Errno -2] Name or service not known)"))
[2025-10-07T11:18:29.676+0000] {client.py:83} ERROR - API request failed: HTTPSConnectionPool(host='trading.vietcap.com.vn', port=443): Max retries exceeded with url: /api/chart/OHLCChart/gap (Caused by NameResolutionError("<urllib3.connection.HTTPSConnection object at 0x7e619e937aa0>: Failed to resolve 'trading.vietcap.com.vn' ([Errno -2] Name or service not known)"))
[2025-10-07T11:18:29.942+0000] {logging_mixin.py:190} INFO - Không tìm thấy dữ liệu cho PAI
[2025-10-07T11:18:29.945+0000] {logging_mixin.py:190} INFO - ℹ️ PAI: Không có dữ liệu mới.
[2025-10-07T11:18:29.954+0000] {logging_mixin.py:190} INFO - ⬇️ Bắt đầu xử lý symbol = PAC
[2025-10-07T11:18:29.990+0000] {logging_mixin.py:190} INFO - ⚠️ Không đọc được file cũ PAC: 'date'
[2025-10-07T11:18:29.998+0000] {logging_mixin.py:190} INFO - PAC: trích dữ liệu từ 2025-10-04 đến 2025-10-07
[2025-10-07T11:18:30.004+0000] {client.py:83} ERROR - API request failed: HTTPSConnectionPool(host='trading.vietcap.com.vn', port=443): Max retries exceeded with url: /api/chart/OHLCChart/gap (Caused by NameResolutionError("<urllib3.connection.HTTPSConnection object at 0x7e619e83c650>: Failed to resolve 'trading.vietcap.com.vn' ([Errno -2] Name or service not known)"))
[2025-10-07T11:18:32.010+0000] {client.py:83} ERROR - API request failed: HTTPSConnectionPool(host='trading.vietcap.com.vn', port=443): Max retries exceeded with url: /api/chart/OHLCChart/gap (Caused by NameResolutionError("<urllib3.connection.HTTPSConnection object at 0x7e619e9367b0>: Failed to resolve 'trading.vietcap.com.vn' ([Errno -2] Name or service not known)"))
[2025-10-07T11:18:34.063+0000] {client.py:83} ERROR - API request failed: HTTPSConnectionPool(host='trading.vietcap.com.vn', port=443): Max retries exceeded with url: /api/chart/OHLCChart/gap (Caused by NameResolutionError("<urllib3.connection.HTTPSConnection object at 0x7e619e936930>: Failed to resolve 'trading.vietcap.com.vn' ([Errno -2] Name or service not known)"))
[2025-10-07T11:18:34.067+0000] {logging_mixin.py:190} INFO - Không tìm thấy dữ liệu cho PAC
[2025-10-07T11:18:34.073+0000] {logging_mixin.py:190} INFO - ℹ️ PAC: Không có dữ liệu mới.
[2025-10-07T11:18:34.076+0000] {logging_mixin.py:190} INFO - 🚦 Giới hạn API đạt mức tối đa, chờ 38.8s...
[2025-10-07T11:19:12.912+0000] {logging_mixin.py:190} INFO - ⬇️ Bắt đầu xử lý symbol = ORS
[2025-10-07T11:19:12.955+0000] {logging_mixin.py:190} INFO - ⚠️ Không đọc được file cũ ORS: 'date'
[2025-10-07T11:19:12.976+0000] {logging_mixin.py:190} INFO - ORS: trích dữ liệu từ 2025-10-04 đến 2025-10-07
[2025-10-07T11:19:12.986+0000] {client.py:83} ERROR - API request failed: HTTPSConnectionPool(host='trading.vietcap.com.vn', port=443): Max retries exceeded with url: /api/chart/OHLCChart/gap (Caused by NameResolutionError("<urllib3.connection.HTTPSConnection object at 0x7e619e80e840>: Failed to resolve 'trading.vietcap.com.vn' ([Errno -2] Name or service not known)"))
[2025-10-07T11:19:15.001+0000] {client.py:83} ERROR - API request failed: HTTPSConnectionPool(host='trading.vietcap.com.vn', port=443): Max retries exceeded with url: /api/chart/OHLCChart/gap (Caused by NameResolutionError("<urllib3.connection.HTTPSConnection object at 0x7e619e80f650>: Failed to resolve 'trading.vietcap.com.vn' ([Errno -2] Name or service not known)"))
[2025-10-07T11:19:17.011+0000] {client.py:83} ERROR - API request failed: HTTPSConnectionPool(host='trading.vietcap.com.vn', port=443): Max retries exceeded with url: /api/chart/OHLCChart/gap (Caused by NameResolutionError("<urllib3.connection.HTTPSConnection object at 0x7e61b4cd5220>: Failed to resolve 'trading.vietcap.com.vn' ([Errno -2] Name or service not known)"))
[2025-10-07T11:19:17.012+0000] {logging_mixin.py:190} INFO - Không tìm thấy dữ liệu cho ORS
[2025-10-07T11:19:17.014+0000] {logging_mixin.py:190} INFO - ℹ️ ORS: Không có dữ liệu mới.
[2025-10-07T11:19:17.016+0000] {logging_mixin.py:190} INFO - 🚦 Giới hạn API đạt mức tối đa, chờ 0.1s...
[2025-10-07T11:19:17.088+0000] {logging_mixin.py:190} INFO - ⬇️ Bắt đầu xử lý symbol = OPC
[2025-10-07T11:19:17.121+0000] {logging_mixin.py:190} INFO - ⚠️ Không đọc được file cũ OPC: 'date'
[2025-10-07T11:19:17.137+0000] {logging_mixin.py:190} INFO - OPC: trích dữ liệu từ 2025-10-04 đến 2025-10-07
[2025-10-07T11:19:17.145+0000] {client.py:83} ERROR - API request failed: HTTPSConnectionPool(host='trading.vietcap.com.vn', port=443): Max retries exceeded with url: /api/chart/OHLCChart/gap (Caused by NameResolutionError("<urllib3.connection.HTTPSConnection object at 0x7e619e80edb0>: Failed to resolve 'trading.vietcap.com.vn' ([Errno -2] Name or service not known)"))
[2025-10-07T11:19:19.164+0000] {client.py:83} ERROR - API request failed: HTTPSConnectionPool(host='trading.vietcap.com.vn', port=443): Max retries exceeded with url: /api/chart/OHLCChart/gap (Caused by NameResolutionError("<urllib3.connection.HTTPSConnection object at 0x7e619e894ce0>: Failed to resolve 'trading.vietcap.com.vn' ([Errno -2] Name or service not known)"))
[2025-10-07T11:19:21.172+0000] {client.py:83} ERROR - API request failed: HTTPSConnectionPool(host='trading.vietcap.com.vn', port=443): Max retries exceeded with url: /api/chart/OHLCChart/gap (Caused by NameResolutionError("<urllib3.connection.HTTPSConnection object at 0x7e619e83dd90>: Failed to resolve 'trading.vietcap.com.vn' ([Errno -2] Name or service not known)"))
[2025-10-07T11:19:21.173+0000] {logging_mixin.py:190} INFO - Không tìm thấy dữ liệu cho OPC
[2025-10-07T11:19:21.176+0000] {logging_mixin.py:190} INFO - ℹ️ OPC: Không có dữ liệu mới.
[2025-10-07T11:19:21.177+0000] {logging_mixin.py:190} INFO - 🚦 Giới hạn API đạt mức tối đa, chờ 0.1s...
[2025-10-07T11:19:21.250+0000] {logging_mixin.py:190} INFO - ⬇️ Bắt đầu xử lý symbol = ONW
[2025-10-07T11:19:21.285+0000] {logging_mixin.py:190} INFO - ⚠️ Không đọc được file cũ ONW: 'date'
[2025-10-07T11:19:21.300+0000] {logging_mixin.py:190} INFO - ONW: trích dữ liệu từ 2025-09-11 đến 2025-10-07
[2025-10-07T11:19:21.307+0000] {client.py:83} ERROR - API request failed: HTTPSConnectionPool(host='trading.vietcap.com.vn', port=443): Max retries exceeded with url: /api/chart/OHLCChart/gap (Caused by NameResolutionError("<urllib3.connection.HTTPSConnection object at 0x7e619e80f6e0>: Failed to resolve 'trading.vietcap.com.vn' ([Errno -2] Name or service not known)"))
[2025-10-07T11:19:23.314+0000] {client.py:83} ERROR - API request failed: HTTPSConnectionPool(host='trading.vietcap.com.vn', port=443): Max retries exceeded with url: /api/chart/OHLCChart/gap (Caused by NameResolutionError("<urllib3.connection.HTTPSConnection object at 0x7e61b4cd6d20>: Failed to resolve 'trading.vietcap.com.vn' ([Errno -2] Name or service not known)"))
[2025-10-07T11:19:25.332+0000] {client.py:83} ERROR - API request failed: HTTPSConnectionPool(host='trading.vietcap.com.vn', port=443): Max retries exceeded with url: /api/chart/OHLCChart/gap (Caused by NameResolutionError("<urllib3.connection.HTTPSConnection object at 0x7e619e83eb70>: Failed to resolve 'trading.vietcap.com.vn' ([Errno -2] Name or service not known)"))
[2025-10-07T11:19:25.335+0000] {logging_mixin.py:190} INFO - Không tìm thấy dữ liệu cho ONW
[2025-10-07T11:19:25.354+0000] {logging_mixin.py:190} INFO - ℹ️ ONW: Không có dữ liệu mới.
[2025-10-07T11:19:25.356+0000] {logging_mixin.py:190} INFO - 🚦 Giới hạn API đạt mức tối đa, chờ 0.1s...
[2025-10-07T11:19:25.462+0000] {logging_mixin.py:190} INFO - ⬇️ Bắt đầu xử lý symbol = ONE
[2025-10-07T11:19:25.553+0000] {logging_mixin.py:190} INFO - ⚠️ Không đọc được file cũ ONE: 'date'
[2025-10-07T11:19:25.572+0000] {logging_mixin.py:190} INFO - ONE: trích dữ liệu từ 2025-10-04 đến 2025-10-07
[2025-10-07T11:19:25.578+0000] {client.py:83} ERROR - API request failed: HTTPSConnectionPool(host='trading.vietcap.com.vn', port=443): Max retries exceeded with url: /api/chart/OHLCChart/gap (Caused by NameResolutionError("<urllib3.connection.HTTPSConnection object at 0x7e619e83dac0>: Failed to resolve 'trading.vietcap.com.vn' ([Errno -2] Name or service not known)"))
[2025-10-07T11:19:27.596+0000] {client.py:83} ERROR - API request failed: HTTPSConnectionPool(host='trading.vietcap.com.vn', port=443): Max retries exceeded with url: /api/chart/OHLCChart/gap (Caused by NameResolutionError("<urllib3.connection.HTTPSConnection object at 0x7e619e80f320>: Failed to resolve 'trading.vietcap.com.vn' ([Errno -2] Name or service not known)"))
[2025-10-07T11:19:29.616+0000] {client.py:83} ERROR - API request failed: HTTPSConnectionPool(host='trading.vietcap.com.vn', port=443): Max retries exceeded with url: /api/chart/OHLCChart/gap (Caused by NameResolutionError("<urllib3.connection.HTTPSConnection object at 0x7e619e80d670>: Failed to resolve 'trading.vietcap.com.vn' ([Errno -2] Name or service not known)"))
[2025-10-07T11:19:29.624+0000] {logging_mixin.py:190} INFO - Không tìm thấy dữ liệu cho ONE
[2025-10-07T11:19:29.632+0000] {logging_mixin.py:190} INFO - ℹ️ ONE: Không có dữ liệu mới.
[2025-10-07T11:19:29.634+0000] {logging_mixin.py:190} INFO - 🚦 Giới hạn API đạt mức tối đa, chờ 0.3s...
[2025-10-07T11:19:29.955+0000] {logging_mixin.py:190} INFO - ⬇️ Bắt đầu xử lý symbol = OIL
[2025-10-07T11:19:30.047+0000] {logging_mixin.py:190} INFO - ⚠️ Không đọc được file cũ OIL: 'date'
[2025-10-07T11:19:30.077+0000] {logging_mixin.py:190} INFO - OIL: trích dữ liệu từ 2025-10-04 đến 2025-10-07
[2025-10-07T11:19:30.085+0000] {client.py:83} ERROR - API request failed: HTTPSConnectionPool(host='trading.vietcap.com.vn', port=443): Max retries exceeded with url: /api/chart/OHLCChart/gap (Caused by NameResolutionError("<urllib3.connection.HTTPSConnection object at 0x7e619e83d4f0>: Failed to resolve 'trading.vietcap.com.vn' ([Errno -2] Name or service not known)"))
[2025-10-07T11:19:32.103+0000] {client.py:83} ERROR - API request failed: HTTPSConnectionPool(host='trading.vietcap.com.vn', port=443): Max retries exceeded with url: /api/chart/OHLCChart/gap (Caused by NameResolutionError("<urllib3.connection.HTTPSConnection object at 0x7e619e7ade50>: Failed to resolve 'trading.vietcap.com.vn' ([Errno -2] Name or service not known)"))
[2025-10-07T11:19:34.113+0000] {client.py:83} ERROR - API request failed: HTTPSConnectionPool(host='trading.vietcap.com.vn', port=443): Max retries exceeded with url: /api/chart/OHLCChart/gap (Caused by NameResolutionError("<urllib3.connection.HTTPSConnection object at 0x7e619e83d0d0>: Failed to resolve 'trading.vietcap.com.vn' ([Errno -2] Name or service not known)"))
[2025-10-07T11:19:34.114+0000] {logging_mixin.py:190} INFO - Không tìm thấy dữ liệu cho OIL
[2025-10-07T11:19:34.116+0000] {logging_mixin.py:190} INFO - ℹ️ OIL: Không có dữ liệu mới.
[2025-10-07T11:19:34.117+0000] {logging_mixin.py:190} INFO - 🚦 Giới hạn API đạt mức tối đa, chờ 38.8s...
[2025-10-07T11:20:12.911+0000] {logging_mixin.py:190} INFO - ⬇️ Bắt đầu xử lý symbol = OGC
[2025-10-07T11:20:12.968+0000] {logging_mixin.py:190} INFO - ⚠️ Không đọc được file cũ OGC: 'date'
[2025-10-07T11:20:12.990+0000] {logging_mixin.py:190} INFO - OGC: trích dữ liệu từ 2025-10-04 đến 2025-10-07
[2025-10-07T11:20:13.008+0000] {client.py:83} ERROR - API request failed: HTTPSConnectionPool(host='trading.vietcap.com.vn', port=443): Max retries exceeded with url: /api/chart/OHLCChart/gap (Caused by NameResolutionError("<urllib3.connection.HTTPSConnection object at 0x7e619e7ac860>: Failed to resolve 'trading.vietcap.com.vn' ([Errno -2] Name or service not known)"))
[2025-10-07T11:20:15.038+0000] {client.py:83} ERROR - API request failed: HTTPSConnectionPool(host='trading.vietcap.com.vn', port=443): Max retries exceeded with url: /api/chart/OHLCChart/gap (Caused by NameResolutionError("<urllib3.connection.HTTPSConnection object at 0x7e619e7acbf0>: Failed to resolve 'trading.vietcap.com.vn' ([Errno -2] Name or service not known)"))
[2025-10-07T11:20:17.057+0000] {client.py:83} ERROR - API request failed: HTTPSConnectionPool(host='trading.vietcap.com.vn', port=443): Max retries exceeded with url: /api/chart/OHLCChart/gap (Caused by NameResolutionError("<urllib3.connection.HTTPSConnection object at 0x7e619e7aef90>: Failed to resolve 'trading.vietcap.com.vn' ([Errno -2] Name or service not known)"))
[2025-10-07T11:20:17.060+0000] {logging_mixin.py:190} INFO - Không tìm thấy dữ liệu cho OGC
[2025-10-07T11:20:17.066+0000] {logging_mixin.py:190} INFO - ℹ️ OGC: Không có dữ liệu mới.
[2025-10-07T11:20:17.067+0000] {logging_mixin.py:190} INFO - 🚦 Giới hạn API đạt mức tối đa, chờ 0.0s...
[2025-10-07T11:20:17.091+0000] {logging_mixin.py:190} INFO - ⬇️ Bắt đầu xử lý symbol = ODE
[2025-10-07T11:20:17.157+0000] {logging_mixin.py:190} INFO - ⚠️ Không đọc được file cũ ODE: 'date'
[2025-10-07T11:20:17.189+0000] {logging_mixin.py:190} INFO - ODE: trích dữ liệu từ 2025-10-04 đến 2025-10-07
[2025-10-07T11:20:17.210+0000] {client.py:83} ERROR - API request failed: HTTPSConnectionPool(host='trading.vietcap.com.vn', port=443): Max retries exceeded with url: /api/chart/OHLCChart/gap (Caused by NameResolutionError("<urllib3.connection.HTTPSConnection object at 0x7e619e7aec00>: Failed to resolve 'trading.vietcap.com.vn' ([Errno -2] Name or service not known)"))
[2025-10-07T11:20:19.218+0000] {client.py:83} ERROR - API request failed: HTTPSConnectionPool(host='trading.vietcap.com.vn', port=443): Max retries exceeded with url: /api/chart/OHLCChart/gap (Caused by NameResolutionError("<urllib3.connection.HTTPSConnection object at 0x7e619e80e0c0>: Failed to resolve 'trading.vietcap.com.vn' ([Errno -2] Name or service not known)"))
[2025-10-07T11:20:21.235+0000] {client.py:83} ERROR - API request failed: HTTPSConnectionPool(host='trading.vietcap.com.vn', port=443): Max retries exceeded with url: /api/chart/OHLCChart/gap (Caused by NameResolutionError("<urllib3.connection.HTTPSConnection object at 0x7e619e83f920>: Failed to resolve 'trading.vietcap.com.vn' ([Errno -2] Name or service not known)"))
[2025-10-07T11:20:21.238+0000] {logging_mixin.py:190} INFO - Không tìm thấy dữ liệu cho ODE
[2025-10-07T11:20:21.244+0000] {logging_mixin.py:190} INFO - ℹ️ ODE: Không có dữ liệu mới.
[2025-10-07T11:20:21.247+0000] {logging_mixin.py:190} INFO - 🚦 Giới hạn API đạt mức tối đa, chờ 0.0s...
[2025-10-07T11:20:21.253+0000] {logging_mixin.py:190} INFO - ⬇️ Bắt đầu xử lý symbol = OCH
[2025-10-07T11:20:21.337+0000] {logging_mixin.py:190} INFO - ⚠️ Không đọc được file cũ OCH: 'date'
[2025-10-07T11:20:21.371+0000] {logging_mixin.py:190} INFO - OCH: trích dữ liệu từ 2025-10-04 đến 2025-10-07
[2025-10-07T11:20:21.409+0000] {client.py:83} ERROR - API request failed: HTTPSConnectionPool(host='trading.vietcap.com.vn', port=443): Max retries exceeded with url: /api/chart/OHLCChart/gap (Caused by NameResolutionError("<urllib3.connection.HTTPSConnection object at 0x7e619e786cf0>: Failed to resolve 'trading.vietcap.com.vn' ([Errno -2] Name or service not known)"))
[2025-10-07T11:20:23.419+0000] {client.py:83} ERROR - API request failed: HTTPSConnectionPool(host='trading.vietcap.com.vn', port=443): Max retries exceeded with url: /api/chart/OHLCChart/gap (Caused by NameResolutionError("<urllib3.connection.HTTPSConnection object at 0x7e619e7ae210>: Failed to resolve 'trading.vietcap.com.vn' ([Errno -2] Name or service not known)"))
[2025-10-07T11:20:25.430+0000] {client.py:83} ERROR - API request failed: HTTPSConnectionPool(host='trading.vietcap.com.vn', port=443): Max retries exceeded with url: /api/chart/OHLCChart/gap (Caused by NameResolutionError("<urllib3.connection.HTTPSConnection object at 0x7e619ead6870>: Failed to resolve 'trading.vietcap.com.vn' ([Errno -2] Name or service not known)"))
[2025-10-07T11:20:25.432+0000] {logging_mixin.py:190} INFO - Không tìm thấy dữ liệu cho OCH
[2025-10-07T11:20:25.435+0000] {logging_mixin.py:190} INFO - ℹ️ OCH: Không có dữ liệu mới.
[2025-10-07T11:20:25.436+0000] {logging_mixin.py:190} INFO - 🚦 Giới hạn API đạt mức tối đa, chờ 0.0s...
[2025-10-07T11:20:25.463+0000] {logging_mixin.py:190} INFO - ⬇️ Bắt đầu xử lý symbol = OCB
[2025-10-07T11:20:25.529+0000] {logging_mixin.py:190} INFO - ⚠️ Không đọc được file cũ OCB: 'date'
[2025-10-07T11:20:25.549+0000] {logging_mixin.py:190} INFO - OCB: trích dữ liệu từ 2025-10-04 đến 2025-10-07
[2025-10-07T11:20:25.565+0000] {client.py:83} ERROR - API request failed: HTTPSConnectionPool(host='trading.vietcap.com.vn', port=443): Max retries exceeded with url: /api/chart/OHLCChart/gap (Caused by NameResolutionError("<urllib3.connection.HTTPSConnection object at 0x7e619e83ec30>: Failed to resolve 'trading.vietcap.com.vn' ([Errno -2] Name or service not known)"))
[2025-10-07T11:20:27.571+0000] {client.py:83} ERROR - API request failed: HTTPSConnectionPool(host='trading.vietcap.com.vn', port=443): Max retries exceeded with url: /api/chart/OHLCChart/gap (Caused by NameResolutionError("<urllib3.connection.HTTPSConnection object at 0x7e619ea1bda0>: Failed to resolve 'trading.vietcap.com.vn' ([Errno -2] Name or service not known)"))
[2025-10-07T11:20:29.586+0000] {client.py:83} ERROR - API request failed: HTTPSConnectionPool(host='trading.vietcap.com.vn', port=443): Max retries exceeded with url: /api/chart/OHLCChart/gap (Caused by NameResolutionError("<urllib3.connection.HTTPSConnection object at 0x7e61b5688590>: Failed to resolve 'trading.vietcap.com.vn' ([Errno -2] Name or service not known)"))
[2025-10-07T11:20:29.589+0000] {logging_mixin.py:190} INFO - Không tìm thấy dữ liệu cho OCB
[2025-10-07T11:20:29.593+0000] {logging_mixin.py:190} INFO - ℹ️ OCB: Không có dữ liệu mới.
[2025-10-07T11:20:29.595+0000] {logging_mixin.py:190} INFO - 🚦 Giới hạn API đạt mức tối đa, chờ 0.4s...
[2025-10-07T11:20:29.957+0000] {logging_mixin.py:190} INFO - ⬇️ Bắt đầu xử lý symbol = NXT
[2025-10-07T11:20:30.037+0000] {logging_mixin.py:190} INFO - ⚠️ Không đọc được file cũ NXT: 'date'
[2025-10-07T11:20:30.071+0000] {logging_mixin.py:190} INFO - NXT: trích dữ liệu từ 2025-10-04 đến 2025-10-07
[2025-10-07T11:20:30.084+0000] {client.py:83} ERROR - API request failed: HTTPSConnectionPool(host='trading.vietcap.com.vn', port=443): Max retries exceeded with url: /api/chart/OHLCChart/gap (Caused by NameResolutionError("<urllib3.connection.HTTPSConnection object at 0x7e619e7acf50>: Failed to resolve 'trading.vietcap.com.vn' ([Errno -2] Name or service not known)"))
[2025-10-07T11:20:32.093+0000] {client.py:83} ERROR - API request failed: HTTPSConnectionPool(host='trading.vietcap.com.vn', port=443): Max retries exceeded with url: /api/chart/OHLCChart/gap (Caused by NameResolutionError("<urllib3.connection.HTTPSConnection object at 0x7e619e80f290>: Failed to resolve 'trading.vietcap.com.vn' ([Errno -2] Name or service not known)"))
[2025-10-07T11:20:34.105+0000] {client.py:83} ERROR - API request failed: HTTPSConnectionPool(host='trading.vietcap.com.vn', port=443): Max retries exceeded with url: /api/chart/OHLCChart/gap (Caused by NameResolutionError("<urllib3.connection.HTTPSConnection object at 0x7e619e80d9d0>: Failed to resolve 'trading.vietcap.com.vn' ([Errno -2] Name or service not known)"))
[2025-10-07T11:20:34.108+0000] {logging_mixin.py:190} INFO - Không tìm thấy dữ liệu cho NXT
[2025-10-07T11:20:34.113+0000] {logging_mixin.py:190} INFO - ℹ️ NXT: Không có dữ liệu mới.
[2025-10-07T11:20:34.115+0000] {logging_mixin.py:190} INFO - 🚦 Giới hạn API đạt mức tối đa, chờ 38.8s...
[2025-10-07T11:21:12.911+0000] {logging_mixin.py:190} INFO - ⬇️ Bắt đầu xử lý symbol = NWT
[2025-10-07T11:21:13.006+0000] {logging_mixin.py:190} INFO - ⚠️ Không đọc được file cũ NWT: 'date'
[2025-10-07T11:21:13.024+0000] {logging_mixin.py:190} INFO - NWT: trích dữ liệu từ 2025-09-20 đến 2025-10-07
[2025-10-07T11:21:13.190+0000] {client.py:83} ERROR - API request failed: HTTPSConnectionPool(host='trading.vietcap.com.vn', port=443): Max retries exceeded with url: /api/chart/OHLCChart/gap (Caused by NameResolutionError("<urllib3.connection.HTTPSConnection object at 0x7e619e784d10>: Failed to resolve 'trading.vietcap.com.vn' ([Errno -2] Name or service not known)"))
[2025-10-07T11:21:15.217+0000] {client.py:83} ERROR - API request failed: HTTPSConnectionPool(host='trading.vietcap.com.vn', port=443): Max retries exceeded with url: /api/chart/OHLCChart/gap (Caused by NameResolutionError("<urllib3.connection.HTTPSConnection object at 0x7e61b4cd7a10>: Failed to resolve 'trading.vietcap.com.vn' ([Errno -2] Name or service not known)"))
[2025-10-07T11:21:17.227+0000] {client.py:83} ERROR - API request failed: HTTPSConnectionPool(host='trading.vietcap.com.vn', port=443): Max retries exceeded with url: /api/chart/OHLCChart/gap (Caused by NameResolutionError("<urllib3.connection.HTTPSConnection object at 0x7e61b4cd4050>: Failed to resolve 'trading.vietcap.com.vn' ([Errno -2] Name or service not known)"))
[2025-10-07T11:21:17.228+0000] {logging_mixin.py:190} INFO - Không tìm thấy dữ liệu cho NWT
[2025-10-07T11:21:17.230+0000] {logging_mixin.py:190} INFO - ℹ️ NWT: Không có dữ liệu mới.
[2025-10-07T11:21:17.231+0000] {logging_mixin.py:190} INFO - ⬇️ Bắt đầu xử lý symbol = NVT
[2025-10-07T11:21:17.261+0000] {logging_mixin.py:190} INFO - ⚠️ Không đọc được file cũ NVT: 'date'
[2025-10-07T11:21:17.277+0000] {logging_mixin.py:190} INFO - NVT: trích dữ liệu từ 2025-10-04 đến 2025-10-07
[2025-10-07T11:21:17.284+0000] {client.py:83} ERROR - API request failed: HTTPSConnectionPool(host='trading.vietcap.com.vn', port=443): Max retries exceeded with url: /api/chart/OHLCChart/gap (Caused by NameResolutionError("<urllib3.connection.HTTPSConnection object at 0x7e619e934050>: Failed to resolve 'trading.vietcap.com.vn' ([Errno -2] Name or service not known)"))
[2025-10-07T11:21:19.298+0000] {client.py:83} ERROR - API request failed: HTTPSConnectionPool(host='trading.vietcap.com.vn', port=443): Max retries exceeded with url: /api/chart/OHLCChart/gap (Caused by NameResolutionError("<urllib3.connection.HTTPSConnection object at 0x7e619e80dee0>: Failed to resolve 'trading.vietcap.com.vn' ([Errno -2] Name or service not known)"))
[2025-10-07T11:21:21.318+0000] {client.py:83} ERROR - API request failed: HTTPSConnectionPool(host='trading.vietcap.com.vn', port=443): Max retries exceeded with url: /api/chart/OHLCChart/gap (Caused by NameResolutionError("<urllib3.connection.HTTPSConnection object at 0x7e619e936a20>: Failed to resolve 'trading.vietcap.com.vn' ([Errno -2] Name or service not known)"))
[2025-10-07T11:21:21.322+0000] {logging_mixin.py:190} INFO - Không tìm thấy dữ liệu cho NVT
[2025-10-07T11:21:21.331+0000] {logging_mixin.py:190} INFO - ℹ️ NVT: Không có dữ liệu mới.
[2025-10-07T11:21:21.334+0000] {logging_mixin.py:190} INFO - ⬇️ Bắt đầu xử lý symbol = NVP
[2025-10-07T11:21:21.410+0000] {logging_mixin.py:190} INFO - ⚠️ Không đọc được file cũ NVP: 'date'
[2025-10-07T11:21:21.426+0000] {logging_mixin.py:190} INFO - NVP: trích dữ liệu từ 2025-09-09 đến 2025-10-07
[2025-10-07T11:21:21.433+0000] {client.py:83} ERROR - API request failed: HTTPSConnectionPool(host='trading.vietcap.com.vn', port=443): Max retries exceeded with url: /api/chart/OHLCChart/gap (Caused by NameResolutionError("<urllib3.connection.HTTPSConnection object at 0x7e619e80f050>: Failed to resolve 'trading.vietcap.com.vn' ([Errno -2] Name or service not known)"))
[2025-10-07T11:21:23.443+0000] {client.py:83} ERROR - API request failed: HTTPSConnectionPool(host='trading.vietcap.com.vn', port=443): Max retries exceeded with url: /api/chart/OHLCChart/gap (Caused by NameResolutionError("<urllib3.connection.HTTPSConnection object at 0x7e619e7ae9f0>: Failed to resolve 'trading.vietcap.com.vn' ([Errno -2] Name or service not known)"))
[2025-10-07T11:21:25.469+0000] {client.py:83} ERROR - API request failed: HTTPSConnectionPool(host='trading.vietcap.com.vn', port=443): Max retries exceeded with url: /api/chart/OHLCChart/gap (Caused by NameResolutionError("<urllib3.connection.HTTPSConnection object at 0x7e619e7acce0>: Failed to resolve 'trading.vietcap.com.vn' ([Errno -2] Name or service not known)"))
[2025-10-07T11:21:25.476+0000] {logging_mixin.py:190} INFO - Không tìm thấy dữ liệu cho NVP
[2025-10-07T11:21:25.500+0000] {logging_mixin.py:190} INFO - ℹ️ NVP: Không có dữ liệu mới.
[2025-10-07T11:21:25.502+0000] {logging_mixin.py:190} INFO - ⬇️ Bắt đầu xử lý symbol = NVL
[2025-10-07T11:21:25.554+0000] {logging_mixin.py:190} INFO - ⚠️ Không đọc được file cũ NVL: 'date'
[2025-10-07T11:21:25.571+0000] {logging_mixin.py:190} INFO - NVL: trích dữ liệu từ 2025-10-04 đến 2025-10-07
[2025-10-07T11:21:25.579+0000] {client.py:83} ERROR - API request failed: HTTPSConnectionPool(host='trading.vietcap.com.vn', port=443): Max retries exceeded with url: /api/chart/OHLCChart/gap (Caused by NameResolutionError("<urllib3.connection.HTTPSConnection object at 0x7e619e80ea50>: Failed to resolve 'trading.vietcap.com.vn' ([Errno -2] Name or service not known)"))
[2025-10-07T11:21:27.599+0000] {client.py:83} ERROR - API request failed: HTTPSConnectionPool(host='trading.vietcap.com.vn', port=443): Max retries exceeded with url: /api/chart/OHLCChart/gap (Caused by NameResolutionError("<urllib3.connection.HTTPSConnection object at 0x7e619e936510>: Failed to resolve 'trading.vietcap.com.vn' ([Errno -2] Name or service not known)"))
[2025-10-07T11:21:29.610+0000] {client.py:83} ERROR - API request failed: HTTPSConnectionPool(host='trading.vietcap.com.vn', port=443): Max retries exceeded with url: /api/chart/OHLCChart/gap (Caused by NameResolutionError("<urllib3.connection.HTTPSConnection object at 0x7e61b4cd65d0>: Failed to resolve 'trading.vietcap.com.vn' ([Errno -2] Name or service not known)"))
[2025-10-07T11:21:29.611+0000] {logging_mixin.py:190} INFO - Không tìm thấy dữ liệu cho NVL
[2025-10-07T11:21:29.613+0000] {logging_mixin.py:190} INFO - ℹ️ NVL: Không có dữ liệu mới.
[2025-10-07T11:21:29.615+0000] {logging_mixin.py:190} INFO - 🚦 Giới hạn API đạt mức tối đa, chờ 0.3s...
[2025-10-07T11:21:29.958+0000] {logging_mixin.py:190} INFO - ⬇️ Bắt đầu xử lý symbol = NVB
[2025-10-07T11:21:29.985+0000] {logging_mixin.py:190} INFO - ⚠️ Không đọc được file cũ NVB: 'date'
[2025-10-07T11:21:30.001+0000] {logging_mixin.py:190} INFO - NVB: trích dữ liệu từ 2025-10-04 đến 2025-10-07
[2025-10-07T11:21:30.008+0000] {client.py:83} ERROR - API request failed: HTTPSConnectionPool(host='trading.vietcap.com.vn', port=443): Max retries exceeded with url: /api/chart/OHLCChart/gap (Caused by NameResolutionError("<urllib3.connection.HTTPSConnection object at 0x7e619e83c0e0>: Failed to resolve 'trading.vietcap.com.vn' ([Errno -2] Name or service not known)"))
[2025-10-07T11:21:32.016+0000] {client.py:83} ERROR - API request failed: HTTPSConnectionPool(host='trading.vietcap.com.vn', port=443): Max retries exceeded with url: /api/chart/OHLCChart/gap (Caused by NameResolutionError("<urllib3.connection.HTTPSConnection object at 0x7e619e936b40>: Failed to resolve 'trading.vietcap.com.vn' ([Errno -2] Name or service not known)"))
[2025-10-07T11:21:34.028+0000] {client.py:83} ERROR - API request failed: HTTPSConnectionPool(host='trading.vietcap.com.vn', port=443): Max retries exceeded with url: /api/chart/OHLCChart/gap (Caused by NameResolutionError("<urllib3.connection.HTTPSConnection object at 0x7e619e80cc20>: Failed to resolve 'trading.vietcap.com.vn' ([Errno -2] Name or service not known)"))
[2025-10-07T11:21:34.031+0000] {logging_mixin.py:190} INFO - Không tìm thấy dữ liệu cho NVB
[2025-10-07T11:21:34.036+0000] {logging_mixin.py:190} INFO - ℹ️ NVB: Không có dữ liệu mới.
[2025-10-07T11:21:34.038+0000] {python.py:240} INFO - Done. Returned value was: None
[2025-10-07T11:21:34.073+0000] {taskinstance.py:341} INFO - ::group::Post task execution logs
[2025-10-07T11:21:34.075+0000] {taskinstance.py:353} INFO - Marking task as SUCCESS. dag_id=vnstock_weekly_etl_incremental, task_id=process_batch, run_id=manual__2025-10-07T10:41:48.387187+00:00, map_index=14, execution_date=20251007T104148, start_date=20251007T111211, end_date=20251007T112134
[2025-10-07T11:21:34.201+0000] {local_task_job_runner.py:266} INFO - Task exited with return code 0
[2025-10-07T11:21:34.215+0000] {local_task_job_runner.py:245} INFO - ::endgroup::
