[2025-10-07T15:38:21.025+0000] {local_task_job_runner.py:123} INFO - ::group::Pre task execution logs
[2025-10-07T15:38:21.049+0000] {taskinstance.py:2614} INFO - Dependencies all met for dep_context=non-requeueable deps ti=<TaskInstance: vnstock_weekly_etl_incremental.process_batch manual__2025-10-07T10:44:44.201464+00:00 map_index=31 [queued]>
[2025-10-07T15:38:21.060+0000] {taskinstance.py:2614} INFO - Dependencies all met for dep_context=requeueable deps ti=<TaskInstance: vnstock_weekly_etl_incremental.process_batch manual__2025-10-07T10:44:44.201464+00:00 map_index=31 [queued]>
[2025-10-07T15:38:21.061+0000] {taskinstance.py:2867} INFO - Starting attempt 1 of 3
[2025-10-07T15:38:21.072+0000] {taskinstance.py:2890} INFO - Executing <Mapped(_PythonDecoratedOperator): process_batch> on 2025-10-07 10:44:44.201464+00:00
[2025-10-07T15:38:21.083+0000] {logging_mixin.py:190} WARNING - /home/***/.local/lib/python3.12/site-packages/***/task/task_runner/standard_task_runner.py:70 DeprecationWarning: This process (pid=25550) is multi-threaded, use of fork() may lead to deadlocks in the child.
[2025-10-07T15:38:21.084+0000] {standard_task_runner.py:72} INFO - Started process 25560 to run task
[2025-10-07T15:38:21.083+0000] {standard_task_runner.py:104} INFO - Running: ['***', 'tasks', 'run', 'vnstock_weekly_etl_incremental', 'process_batch', 'manual__2025-10-07T10:44:44.201464+00:00', '--job-id', '228', '--raw', '--subdir', 'DAGS_FOLDER/dag.py', '--cfg-path', '/tmp/tmpc_2ghlir', '--map-index', '31']
[2025-10-07T15:38:21.086+0000] {standard_task_runner.py:105} INFO - Job 228: Subtask process_batch
[2025-10-07T15:38:21.100+0000] {logging_mixin.py:190} WARNING - /home/***/.local/lib/python3.12/site-packages/***/settings.py:209 DeprecationWarning: The sql_alchemy_conn option in [core] has been moved to the sql_alchemy_conn option in [database] - the old setting has been used, but please update your config.
[2025-10-07T15:38:21.145+0000] {task_command.py:467} INFO - Running <TaskInstance: vnstock_weekly_etl_incremental.process_batch manual__2025-10-07T10:44:44.201464+00:00 map_index=31 [running]> on host e3278e0f0bbc
[2025-10-07T15:38:21.454+0000] {taskinstance.py:3134} INFO - Exporting env vars: AIRFLOW_CTX_DAG_OWNER='***' AIRFLOW_CTX_DAG_ID='vnstock_weekly_etl_incremental' AIRFLOW_CTX_TASK_ID='process_batch' AIRFLOW_CTX_EXECUTION_DATE='2025-10-07T10:44:44.201464+00:00' AIRFLOW_CTX_TRY_NUMBER='1' AIRFLOW_CTX_DAG_RUN_ID='manual__2025-10-07T10:44:44.201464+00:00'
[2025-10-07T15:38:21.455+0000] {taskinstance.py:732} INFO - ::endgroup::
[2025-10-07T15:38:21.458+0000] {logging_mixin.py:190} INFO - ⬇️ Bắt đầu xử lý symbol = BUD
[2025-10-07T15:38:21.485+0000] {logging_mixin.py:190} INFO - BUD: trích dữ liệu từ 2020-01-01 đến 2025-10-07
[2025-10-07T15:38:26.040+0000] {logging_mixin.py:190} INFO - Không tìm thấy dữ liệu cho BUD
[2025-10-07T15:38:26.043+0000] {logging_mixin.py:190} INFO - BUD: Không có dữ liệu mới.
[2025-10-07T15:38:26.044+0000] {logging_mixin.py:190} INFO - ⬇️ Bắt đầu xử lý symbol = BTW
[2025-10-07T15:38:26.065+0000] {logging_mixin.py:190} INFO - ⚠️ Không đọc được file cũ BTW: 'date'
[2025-10-07T15:38:26.080+0000] {logging_mixin.py:190} INFO - BTW: trích dữ liệu từ 2025-10-02 đến 2025-10-07
[2025-10-07T15:38:30.760+0000] {logging_mixin.py:190} INFO - Không tìm thấy dữ liệu cho BTW
[2025-10-07T15:38:30.761+0000] {logging_mixin.py:190} INFO - BTW: Không có dữ liệu mới.
[2025-10-07T15:38:30.762+0000] {logging_mixin.py:190} INFO - ⬇️ Bắt đầu xử lý symbol = BTV
[2025-10-07T15:38:30.781+0000] {logging_mixin.py:190} INFO - ⚠️ Không đọc được file cũ BTV: 'date'
[2025-10-07T15:38:30.788+0000] {logging_mixin.py:190} INFO - BTV: trích dữ liệu từ 2025-10-08 đến 2025-10-07
[2025-10-07T15:38:35.607+0000] {logging_mixin.py:190} INFO - Không tìm thấy dữ liệu cho BTV
[2025-10-07T15:38:35.610+0000] {logging_mixin.py:190} INFO - BTV: Không có dữ liệu mới.
[2025-10-07T15:38:35.611+0000] {logging_mixin.py:190} INFO - ⬇️ Bắt đầu xử lý symbol = BTU
[2025-10-07T15:38:35.631+0000] {logging_mixin.py:190} INFO - ⚠️ Không đọc được file cũ BTU: 'date'
[2025-10-07T15:38:35.638+0000] {logging_mixin.py:190} INFO - BTU: trích dữ liệu từ 2025-10-07 đến 2025-10-07
[2025-10-07T15:38:40.448+0000] {logging_mixin.py:190} INFO - Không tìm thấy dữ liệu cho BTU
[2025-10-07T15:38:40.450+0000] {logging_mixin.py:190} INFO - BTU: Không có dữ liệu mới.
[2025-10-07T15:38:40.451+0000] {logging_mixin.py:190} INFO - ⬇️ Bắt đầu xử lý symbol = BTT
[2025-10-07T15:38:40.471+0000] {logging_mixin.py:190} INFO - ⚠️ Không đọc được file cũ BTT: 'date'
[2025-10-07T15:38:40.478+0000] {logging_mixin.py:190} INFO - BTT: trích dữ liệu từ 2025-10-04 đến 2025-10-07
[2025-10-07T15:38:45.807+0000] {logging_mixin.py:190} INFO - Không tìm thấy dữ liệu cho BTT
[2025-10-07T15:38:45.808+0000] {logging_mixin.py:190} INFO - BTT: Không có dữ liệu mới.
[2025-10-07T15:38:45.808+0000] {logging_mixin.py:190} INFO - 🚦 Giới hạn API đạt mức tối đa, chờ 35.6s...
[2025-10-07T15:39:21.450+0000] {logging_mixin.py:190} INFO - ⬇️ Bắt đầu xử lý symbol = BTS
[2025-10-07T15:39:21.483+0000] {logging_mixin.py:190} INFO - ⚠️ Không đọc được file cũ BTS: 'date'
[2025-10-07T15:39:21.495+0000] {logging_mixin.py:190} INFO - BTS: trích dữ liệu từ 2025-10-08 đến 2025-10-07
[2025-10-07T15:39:26.003+0000] {logging_mixin.py:190} INFO - Không tìm thấy dữ liệu cho BTS
[2025-10-07T15:39:26.005+0000] {logging_mixin.py:190} INFO - BTS: Không có dữ liệu mới.
[2025-10-07T15:39:26.005+0000] {logging_mixin.py:190} INFO - 🚦 Giới hạn API đạt mức tối đa, chờ 0.0s...
[2025-10-07T15:39:26.044+0000] {logging_mixin.py:190} INFO - ⬇️ Bắt đầu xử lý symbol = BTP
[2025-10-07T15:39:26.064+0000] {logging_mixin.py:190} INFO - ⚠️ Không đọc được file cũ BTP: 'date'
[2025-10-07T15:39:26.072+0000] {logging_mixin.py:190} INFO - BTP: trích dữ liệu từ 2025-10-08 đến 2025-10-07
[2025-10-07T15:39:30.827+0000] {logging_mixin.py:190} INFO - Không tìm thấy dữ liệu cho BTP
[2025-10-07T15:39:30.829+0000] {logging_mixin.py:190} INFO - BTP: Không có dữ liệu mới.
[2025-10-07T15:39:30.830+0000] {logging_mixin.py:190} INFO - ⬇️ Bắt đầu xử lý symbol = BTN
[2025-10-07T15:39:30.848+0000] {logging_mixin.py:190} INFO - ⚠️ Không đọc được file cũ BTN: 'date'
[2025-10-07T15:39:30.855+0000] {logging_mixin.py:190} INFO - BTN: trích dữ liệu từ 2025-10-04 đến 2025-10-07
[2025-10-07T15:39:35.437+0000] {logging_mixin.py:190} INFO - Không tìm thấy dữ liệu cho BTN
[2025-10-07T15:39:35.438+0000] {logging_mixin.py:190} INFO - BTN: Không có dữ liệu mới.
[2025-10-07T15:39:35.438+0000] {logging_mixin.py:190} INFO - 🚦 Giới hạn API đạt mức tối đa, chờ 0.2s...
[2025-10-07T15:39:35.611+0000] {logging_mixin.py:190} INFO - ⬇️ Bắt đầu xử lý symbol = BTH
[2025-10-07T15:39:35.630+0000] {logging_mixin.py:190} INFO - ⚠️ Không đọc được file cũ BTH: 'date'
[2025-10-07T15:39:35.637+0000] {logging_mixin.py:190} INFO - BTH: trích dữ liệu từ 2025-10-08 đến 2025-10-07
[2025-10-07T15:39:40.170+0000] {logging_mixin.py:190} INFO - Không tìm thấy dữ liệu cho BTH
[2025-10-07T15:39:40.172+0000] {logging_mixin.py:190} INFO - BTH: Không có dữ liệu mới.
[2025-10-07T15:39:40.173+0000] {logging_mixin.py:190} INFO - 🚦 Giới hạn API đạt mức tối đa, chờ 0.3s...
[2025-10-07T15:39:40.452+0000] {logging_mixin.py:190} INFO - ⬇️ Bắt đầu xử lý symbol = BTG
[2025-10-07T15:39:40.475+0000] {logging_mixin.py:190} INFO - ⚠️ Không đọc được file cũ BTG: 'date'
[2025-10-07T15:39:40.485+0000] {logging_mixin.py:190} INFO - BTG: trích dữ liệu từ 2025-10-08 đến 2025-10-07
[2025-10-07T15:39:46.659+0000] {logging_mixin.py:190} INFO - Không tìm thấy dữ liệu cho BTG
[2025-10-07T15:39:46.660+0000] {logging_mixin.py:190} INFO - BTG: Không có dữ liệu mới.
[2025-10-07T15:39:46.660+0000] {logging_mixin.py:190} INFO - 🚦 Giới hạn API đạt mức tối đa, chờ 34.8s...
[2025-10-07T15:40:21.440+0000] {logging_mixin.py:190} INFO - ⬇️ Bắt đầu xử lý symbol = BTD
[2025-10-07T15:40:21.463+0000] {logging_mixin.py:190} INFO - ⚠️ Không đọc được file cũ BTD: 'date'
[2025-10-07T15:40:21.472+0000] {logging_mixin.py:190} INFO - BTD: trích dữ liệu từ 2025-10-07 đến 2025-10-07
[2025-10-07T15:40:26.655+0000] {logging_mixin.py:190} INFO - Không tìm thấy dữ liệu cho BTD
[2025-10-07T15:40:26.656+0000] {logging_mixin.py:190} INFO - BTD: Không có dữ liệu mới.
[2025-10-07T15:40:26.657+0000] {logging_mixin.py:190} INFO - ⬇️ Bắt đầu xử lý symbol = BTB
[2025-10-07T15:40:26.680+0000] {logging_mixin.py:190} INFO - ⚠️ Không đọc được file cũ BTB: 'date'
[2025-10-07T15:40:26.686+0000] {logging_mixin.py:190} INFO - BTB: trích dữ liệu từ 2025-10-08 đến 2025-10-07
[2025-10-07T15:40:31.494+0000] {logging_mixin.py:190} INFO - Không tìm thấy dữ liệu cho BTB
[2025-10-07T15:40:31.495+0000] {logging_mixin.py:190} INFO - BTB: Không có dữ liệu mới.
[2025-10-07T15:40:31.496+0000] {logging_mixin.py:190} INFO - ⬇️ Bắt đầu xử lý symbol = BT6
[2025-10-07T15:40:31.514+0000] {logging_mixin.py:190} INFO - ⚠️ Không đọc được file cũ BT6: 'date'
[2025-10-07T15:40:31.521+0000] {logging_mixin.py:190} INFO - BT6: trích dữ liệu từ 2024-07-26 đến 2025-10-07
[2025-10-07T15:40:36.370+0000] {logging_mixin.py:190} INFO - Không tìm thấy dữ liệu cho BT6
[2025-10-07T15:40:36.372+0000] {logging_mixin.py:190} INFO - BT6: Không có dữ liệu mới.
[2025-10-07T15:40:36.372+0000] {logging_mixin.py:190} INFO - ⬇️ Bắt đầu xử lý symbol = BT1
[2025-10-07T15:40:36.391+0000] {logging_mixin.py:190} INFO - ⚠️ Không đọc được file cũ BT1: 'date'
[2025-10-07T15:40:36.401+0000] {logging_mixin.py:190} INFO - BT1: trích dữ liệu từ 2025-10-07 đến 2025-10-07
[2025-10-07T15:40:40.811+0000] {logging_mixin.py:190} INFO - Không tìm thấy dữ liệu cho BT1
[2025-10-07T15:40:40.813+0000] {logging_mixin.py:190} INFO - BT1: Không có dữ liệu mới.
[2025-10-07T15:40:40.813+0000] {logging_mixin.py:190} INFO - ⬇️ Bắt đầu xử lý symbol = BST
[2025-10-07T15:40:40.840+0000] {logging_mixin.py:190} INFO - ⚠️ Không đọc được file cũ BST: 'date'
[2025-10-07T15:40:40.847+0000] {logging_mixin.py:190} INFO - BST: trích dữ liệu từ 2025-08-29 đến 2025-10-07
[2025-10-07T15:40:45.920+0000] {logging_mixin.py:190} INFO - Không tìm thấy dữ liệu cho BST
[2025-10-07T15:40:45.921+0000] {logging_mixin.py:190} INFO - BST: Không có dữ liệu mới.
[2025-10-07T15:40:45.922+0000] {logging_mixin.py:190} INFO - 🚦 Giới hạn API đạt mức tối đa, chờ 35.5s...
[2025-10-07T15:41:21.424+0000] {logging_mixin.py:190} INFO - ⬇️ Bắt đầu xử lý symbol = BSR
[2025-10-07T15:41:21.444+0000] {logging_mixin.py:190} INFO - ⚠️ Không đọc được file cũ BSR: 'date'
[2025-10-07T15:41:21.453+0000] {logging_mixin.py:190} INFO - BSR: trích dữ liệu từ 2025-10-08 đến 2025-10-07
[2025-10-07T15:41:26.074+0000] {logging_mixin.py:190} INFO - Không tìm thấy dữ liệu cho BSR
[2025-10-07T15:41:26.075+0000] {logging_mixin.py:190} INFO - BSR: Không có dữ liệu mới.
[2025-10-07T15:41:26.076+0000] {logging_mixin.py:190} INFO - 🚦 Giới hạn API đạt mức tối đa, chờ 0.6s...
[2025-10-07T15:41:26.657+0000] {logging_mixin.py:190} INFO - ⬇️ Bắt đầu xử lý symbol = BSQ
[2025-10-07T15:41:26.689+0000] {logging_mixin.py:190} INFO - ⚠️ Không đọc được file cũ BSQ: 'date'
[2025-10-07T15:41:26.700+0000] {logging_mixin.py:190} INFO - BSQ: trích dữ liệu từ 2025-09-10 đến 2025-10-07
[2025-10-07T15:41:31.557+0000] {logging_mixin.py:190} INFO - Không tìm thấy dữ liệu cho BSQ
[2025-10-07T15:41:31.559+0000] {logging_mixin.py:190} INFO - BSQ: Không có dữ liệu mới.
[2025-10-07T15:41:31.559+0000] {logging_mixin.py:190} INFO - ⬇️ Bắt đầu xử lý symbol = BSP
[2025-10-07T15:41:31.584+0000] {logging_mixin.py:190} INFO - ⚠️ Không đọc được file cũ BSP: 'date'
[2025-10-07T15:41:31.592+0000] {logging_mixin.py:190} INFO - BSP: trích dữ liệu từ 2025-10-01 đến 2025-10-07
[2025-10-07T15:41:36.322+0000] {logging_mixin.py:190} INFO - Không tìm thấy dữ liệu cho BSP
[2025-10-07T15:41:36.324+0000] {logging_mixin.py:190} INFO - BSP: Không có dữ liệu mới.
[2025-10-07T15:41:36.325+0000] {logging_mixin.py:190} INFO - 🚦 Giới hạn API đạt mức tối đa, chờ 0.0s...
[2025-10-07T15:41:36.373+0000] {logging_mixin.py:190} INFO - ⬇️ Bắt đầu xử lý symbol = BSL
[2025-10-07T15:41:36.392+0000] {logging_mixin.py:190} INFO - ⚠️ Không đọc được file cũ BSL: 'date'
[2025-10-07T15:41:36.401+0000] {logging_mixin.py:190} INFO - BSL: trích dữ liệu từ 2025-10-08 đến 2025-10-07
[2025-10-07T15:41:41.897+0000] {logging_mixin.py:190} INFO - Không tìm thấy dữ liệu cho BSL
[2025-10-07T15:41:41.898+0000] {logging_mixin.py:190} INFO - BSL: Không có dữ liệu mới.
[2025-10-07T15:41:41.898+0000] {logging_mixin.py:190} INFO - ⬇️ Bắt đầu xử lý symbol = BSI
[2025-10-07T15:41:41.916+0000] {logging_mixin.py:190} INFO - ⚠️ Không đọc được file cũ BSI: 'date'
[2025-10-07T15:41:41.925+0000] {logging_mixin.py:190} INFO - BSI: trích dữ liệu từ 2025-10-08 đến 2025-10-07
[2025-10-07T15:41:46.707+0000] {logging_mixin.py:190} INFO - Không tìm thấy dữ liệu cho BSI
[2025-10-07T15:41:46.709+0000] {logging_mixin.py:190} INFO - BSI: Không có dữ liệu mới.
[2025-10-07T15:41:46.709+0000] {logging_mixin.py:190} INFO - 🚦 Giới hạn API đạt mức tối đa, chờ 34.7s...
[2025-10-07T15:42:21.401+0000] {logging_mixin.py:190} INFO - ⬇️ Bắt đầu xử lý symbol = BSH
[2025-10-07T15:42:21.418+0000] {logging_mixin.py:190} INFO - ⚠️ Không đọc được file cũ BSH: 'date'
[2025-10-07T15:42:21.426+0000] {logging_mixin.py:190} INFO - BSH: trích dữ liệu từ 2025-10-08 đến 2025-10-07
[2025-10-07T15:42:26.054+0000] {logging_mixin.py:190} INFO - Không tìm thấy dữ liệu cho BSH
[2025-10-07T15:42:26.056+0000] {logging_mixin.py:190} INFO - BSH: Không có dữ liệu mới.
[2025-10-07T15:42:26.057+0000] {logging_mixin.py:190} INFO - 🚦 Giới hạn API đạt mức tối đa, chờ 0.6s...
[2025-10-07T15:42:26.658+0000] {logging_mixin.py:190} INFO - ⬇️ Bắt đầu xử lý symbol = BSG
[2025-10-07T15:42:26.683+0000] {logging_mixin.py:190} INFO - ⚠️ Không đọc được file cũ BSG: 'date'
[2025-10-07T15:42:26.690+0000] {logging_mixin.py:190} INFO - BSG: trích dữ liệu từ 2025-09-17 đến 2025-10-07
[2025-10-07T15:42:31.244+0000] {logging_mixin.py:190} INFO - Không tìm thấy dữ liệu cho BSG
[2025-10-07T15:42:31.246+0000] {logging_mixin.py:190} INFO - BSG: Không có dữ liệu mới.
[2025-10-07T15:42:31.246+0000] {logging_mixin.py:190} INFO - 🚦 Giới hạn API đạt mức tối đa, chờ 0.3s...
[2025-10-07T15:42:31.560+0000] {logging_mixin.py:190} INFO - ⬇️ Bắt đầu xử lý symbol = BSD
[2025-10-07T15:42:31.577+0000] {logging_mixin.py:190} INFO - ⚠️ Không đọc được file cũ BSD: 'date'
[2025-10-07T15:42:31.583+0000] {logging_mixin.py:190} INFO - BSD: trích dữ liệu từ 2025-10-03 đến 2025-10-07
[2025-10-07T15:42:36.105+0000] {logging_mixin.py:190} INFO - Không tìm thấy dữ liệu cho BSD
[2025-10-07T15:42:36.106+0000] {logging_mixin.py:190} INFO - BSD: Không có dữ liệu mới.
[2025-10-07T15:42:36.107+0000] {logging_mixin.py:190} INFO - 🚦 Giới hạn API đạt mức tối đa, chờ 0.3s...
[2025-10-07T15:42:36.373+0000] {logging_mixin.py:190} INFO - ⬇️ Bắt đầu xử lý symbol = BSC
[2025-10-07T15:42:36.399+0000] {logging_mixin.py:190} INFO - ⚠️ Không đọc được file cũ BSC: 'date'
[2025-10-07T15:42:36.412+0000] {logging_mixin.py:190} INFO - BSC: trích dữ liệu từ 2025-09-17 đến 2025-10-07
[2025-10-07T15:42:41.973+0000] {logging_mixin.py:190} INFO - Không tìm thấy dữ liệu cho BSC
[2025-10-07T15:42:41.975+0000] {logging_mixin.py:190} INFO - BSC: Không có dữ liệu mới.
[2025-10-07T15:42:41.975+0000] {logging_mixin.py:190} INFO - ⬇️ Bắt đầu xử lý symbol = BSA
[2025-10-07T15:42:41.996+0000] {logging_mixin.py:190} INFO - ⚠️ Không đọc được file cũ BSA: 'date'
[2025-10-07T15:42:42.002+0000] {logging_mixin.py:190} INFO - BSA: trích dữ liệu từ 2025-10-08 đến 2025-10-07
[2025-10-07T15:42:46.514+0000] {logging_mixin.py:190} INFO - Không tìm thấy dữ liệu cho BSA
[2025-10-07T15:42:46.515+0000] {logging_mixin.py:190} INFO - BSA: Không có dữ liệu mới.
[2025-10-07T15:42:46.516+0000] {logging_mixin.py:190} INFO - 🚦 Giới hạn API đạt mức tối đa, chờ 34.9s...
[2025-10-07T15:43:21.388+0000] {logging_mixin.py:190} INFO - ⬇️ Bắt đầu xử lý symbol = BRS
[2025-10-07T15:43:21.405+0000] {logging_mixin.py:190} INFO - ⚠️ Không đọc được file cũ BRS: 'date'
[2025-10-07T15:43:21.411+0000] {logging_mixin.py:190} INFO - BRS: trích dữ liệu từ 2025-10-08 đến 2025-10-07
[2025-10-07T15:43:26.140+0000] {logging_mixin.py:190} INFO - Không tìm thấy dữ liệu cho BRS
[2025-10-07T15:43:26.142+0000] {logging_mixin.py:190} INFO - BRS: Không có dữ liệu mới.
[2025-10-07T15:43:26.142+0000] {logging_mixin.py:190} INFO - 🚦 Giới hạn API đạt mức tối đa, chờ 0.5s...
[2025-10-07T15:43:26.660+0000] {logging_mixin.py:190} INFO - ⬇️ Bắt đầu xử lý symbol = BRR
[2025-10-07T15:43:26.677+0000] {logging_mixin.py:190} INFO - ⚠️ Không đọc được file cũ BRR: 'date'
[2025-10-07T15:43:26.686+0000] {logging_mixin.py:190} INFO - BRR: trích dữ liệu từ 2025-10-07 đến 2025-10-07
[2025-10-07T15:43:31.161+0000] {logging_mixin.py:190} INFO - Không tìm thấy dữ liệu cho BRR
[2025-10-07T15:43:31.163+0000] {logging_mixin.py:190} INFO - BRR: Không có dữ liệu mới.
[2025-10-07T15:43:31.163+0000] {logging_mixin.py:190} INFO - 🚦 Giới hạn API đạt mức tối đa, chờ 0.4s...
[2025-10-07T15:43:31.561+0000] {logging_mixin.py:190} INFO - ⬇️ Bắt đầu xử lý symbol = BRC
[2025-10-07T15:43:31.586+0000] {logging_mixin.py:190} INFO - ⚠️ Không đọc được file cũ BRC: 'date'
[2025-10-07T15:43:31.593+0000] {logging_mixin.py:190} INFO - BRC: trích dữ liệu từ 2025-10-08 đến 2025-10-07
[2025-10-07T15:43:36.001+0000] {logging_mixin.py:190} INFO - Không tìm thấy dữ liệu cho BRC
[2025-10-07T15:43:36.008+0000] {logging_mixin.py:190} INFO - BRC: Không có dữ liệu mới.
[2025-10-07T15:43:36.009+0000] {logging_mixin.py:190} INFO - 🚦 Giới hạn API đạt mức tối đa, chờ 0.4s...
[2025-10-07T15:43:36.374+0000] {logging_mixin.py:190} INFO - ⬇️ Bắt đầu xử lý symbol = BQB
[2025-10-07T15:43:36.403+0000] {logging_mixin.py:190} INFO - ⚠️ Không đọc được file cũ BQB: 'date'
[2025-10-07T15:43:36.410+0000] {logging_mixin.py:190} INFO - BQB: trích dữ liệu từ 2025-10-08 đến 2025-10-07
[2025-10-07T15:43:41.032+0000] {logging_mixin.py:190} INFO - Không tìm thấy dữ liệu cho BQB
[2025-10-07T15:43:41.033+0000] {logging_mixin.py:190} INFO - BQB: Không có dữ liệu mới.
[2025-10-07T15:43:41.034+0000] {logging_mixin.py:190} INFO - 🚦 Giới hạn API đạt mức tối đa, chờ 0.9s...
[2025-10-07T15:43:41.976+0000] {logging_mixin.py:190} INFO - ⬇️ Bắt đầu xử lý symbol = BPW
[2025-10-07T15:43:41.989+0000] {logging_mixin.py:190} INFO - BPW: trích dữ liệu từ 2020-01-01 đến 2025-10-07
[2025-10-07T15:43:46.591+0000] {logging_mixin.py:190} INFO - Không tìm thấy dữ liệu cho BPW
[2025-10-07T15:43:46.593+0000] {logging_mixin.py:190} INFO - BPW: Không có dữ liệu mới.
[2025-10-07T15:43:46.594+0000] {logging_mixin.py:190} INFO - 🚦 Giới hạn API đạt mức tối đa, chờ 34.8s...
[2025-10-07T15:44:21.376+0000] {logging_mixin.py:190} INFO - ⬇️ Bắt đầu xử lý symbol = BPC
[2025-10-07T15:44:21.394+0000] {logging_mixin.py:190} INFO - ⚠️ Không đọc được file cũ BPC: 'date'
[2025-10-07T15:44:21.402+0000] {logging_mixin.py:190} INFO - BPC: trích dữ liệu từ 2025-10-04 đến 2025-10-07
[2025-10-07T15:44:26.225+0000] {logging_mixin.py:190} INFO - Không tìm thấy dữ liệu cho BPC
[2025-10-07T15:44:26.227+0000] {logging_mixin.py:190} INFO - BPC: Không có dữ liệu mới.
[2025-10-07T15:44:26.227+0000] {logging_mixin.py:190} INFO - 🚦 Giới hạn API đạt mức tối đa, chờ 0.4s...
[2025-10-07T15:44:26.660+0000] {logging_mixin.py:190} INFO - ⬇️ Bắt đầu xử lý symbol = BOT
[2025-10-07T15:44:26.675+0000] {logging_mixin.py:190} INFO - ⚠️ Không đọc được file cũ BOT: 'date'
[2025-10-07T15:44:26.682+0000] {logging_mixin.py:190} INFO - BOT: trích dữ liệu từ 2025-10-04 đến 2025-10-07
[2025-10-07T15:44:31.302+0000] {logging_mixin.py:190} INFO - Không tìm thấy dữ liệu cho BOT
[2025-10-07T15:44:31.303+0000] {logging_mixin.py:190} INFO - BOT: Không có dữ liệu mới.
[2025-10-07T15:44:31.303+0000] {logging_mixin.py:190} INFO - 🚦 Giới hạn API đạt mức tối đa, chờ 0.3s...
[2025-10-07T15:44:31.561+0000] {logging_mixin.py:190} INFO - ⬇️ Bắt đầu xử lý symbol = BNW
[2025-10-07T15:44:31.586+0000] {logging_mixin.py:190} INFO - ⚠️ Không đọc được file cũ BNW: 'date'
[2025-10-07T15:44:31.593+0000] {logging_mixin.py:190} INFO - BNW: trích dữ liệu từ 2025-05-17 đến 2025-10-07
[2025-10-07T15:44:36.218+0000] {logging_mixin.py:190} INFO - Không tìm thấy dữ liệu cho BNW
[2025-10-07T15:44:36.220+0000] {logging_mixin.py:190} INFO - BNW: Không có dữ liệu mới.
[2025-10-07T15:44:36.220+0000] {logging_mixin.py:190} INFO - 🚦 Giới hạn API đạt mức tối đa, chờ 0.2s...
[2025-10-07T15:44:36.375+0000] {logging_mixin.py:190} INFO - ⬇️ Bắt đầu xử lý symbol = BNA
[2025-10-07T15:44:36.393+0000] {logging_mixin.py:190} INFO - ⚠️ Không đọc được file cũ BNA: 'date'
[2025-10-07T15:44:36.402+0000] {logging_mixin.py:190} INFO - BNA: trích dữ liệu từ 2025-10-08 đến 2025-10-07
[2025-10-07T15:44:40.874+0000] {logging_mixin.py:190} INFO - Không tìm thấy dữ liệu cho BNA
[2025-10-07T15:44:40.875+0000] {logging_mixin.py:190} INFO - BNA: Không có dữ liệu mới.
[2025-10-07T15:44:40.878+0000] {logging_mixin.py:190} INFO - 🚦 Giới hạn API đạt mức tối đa, chờ 1.1s...
[2025-10-07T15:44:41.978+0000] {logging_mixin.py:190} INFO - ⬇️ Bắt đầu xử lý symbol = BMV
[2025-10-07T15:44:41.995+0000] {logging_mixin.py:190} INFO - ⚠️ Không đọc được file cũ BMV: 'date'
[2025-10-07T15:44:42.007+0000] {logging_mixin.py:190} INFO - BMV: trích dữ liệu từ 2025-10-07 đến 2025-10-07
[2025-10-07T15:44:46.745+0000] {logging_mixin.py:190} INFO - Không tìm thấy dữ liệu cho BMV
[2025-10-07T15:44:46.746+0000] {logging_mixin.py:190} INFO - BMV: Không có dữ liệu mới.
[2025-10-07T15:44:46.747+0000] {logging_mixin.py:190} INFO - 🚦 Giới hạn API đạt mức tối đa, chờ 34.6s...
[2025-10-07T15:45:21.351+0000] {logging_mixin.py:190} INFO - ⬇️ Bắt đầu xử lý symbol = BMS
[2025-10-07T15:45:21.373+0000] {logging_mixin.py:190} INFO - ⚠️ Không đọc được file cũ BMS: 'date'
[2025-10-07T15:45:21.385+0000] {logging_mixin.py:190} INFO - BMS: trích dữ liệu từ 2025-10-08 đến 2025-10-07
[2025-10-07T15:45:26.012+0000] {logging_mixin.py:190} INFO - Không tìm thấy dữ liệu cho BMS
[2025-10-07T15:45:26.014+0000] {logging_mixin.py:190} INFO - BMS: Không có dữ liệu mới.
[2025-10-07T15:45:26.014+0000] {logging_mixin.py:190} INFO - 🚦 Giới hạn API đạt mức tối đa, chờ 0.6s...
[2025-10-07T15:45:26.661+0000] {logging_mixin.py:190} INFO - ⬇️ Bắt đầu xử lý symbol = BMP
[2025-10-07T15:45:26.680+0000] {logging_mixin.py:190} INFO - ⚠️ Không đọc được file cũ BMP: 'date'
[2025-10-07T15:45:26.688+0000] {logging_mixin.py:190} INFO - BMP: trích dữ liệu từ 2025-10-08 đến 2025-10-07
[2025-10-07T15:45:31.357+0000] {logging_mixin.py:190} INFO - Không tìm thấy dữ liệu cho BMP
[2025-10-07T15:45:31.359+0000] {logging_mixin.py:190} INFO - BMP: Không có dữ liệu mới.
[2025-10-07T15:45:31.359+0000] {logging_mixin.py:190} INFO - 🚦 Giới hạn API đạt mức tối đa, chờ 0.2s...
[2025-10-07T15:45:31.562+0000] {logging_mixin.py:190} INFO - ⬇️ Bắt đầu xử lý symbol = BMN
[2025-10-07T15:45:31.583+0000] {logging_mixin.py:190} INFO - ⚠️ Không đọc được file cũ BMN: 'date'
[2025-10-07T15:45:31.592+0000] {logging_mixin.py:190} INFO - BMN: trích dữ liệu từ 2025-06-20 đến 2025-10-07
[2025-10-07T15:45:36.130+0000] {logging_mixin.py:190} INFO - Không tìm thấy dữ liệu cho BMN
[2025-10-07T15:45:36.132+0000] {logging_mixin.py:190} INFO - BMN: Không có dữ liệu mới.
[2025-10-07T15:45:36.132+0000] {logging_mixin.py:190} INFO - 🚦 Giới hạn API đạt mức tối đa, chờ 0.2s...
[2025-10-07T15:45:36.375+0000] {logging_mixin.py:190} INFO - ⬇️ Bắt đầu xử lý symbol = BMK
[2025-10-07T15:45:36.390+0000] {logging_mixin.py:190} INFO - ⚠️ Không đọc được file cũ BMK: 'date'
[2025-10-07T15:45:36.396+0000] {logging_mixin.py:190} INFO - BMK: trích dữ liệu từ 2025-10-07 đến 2025-10-07
[2025-10-07T15:45:41.011+0000] {logging_mixin.py:190} INFO - Không tìm thấy dữ liệu cho BMK
[2025-10-07T15:45:41.012+0000] {logging_mixin.py:190} INFO - BMK: Không có dữ liệu mới.
[2025-10-07T15:45:41.014+0000] {logging_mixin.py:190} INFO - 🚦 Giới hạn API đạt mức tối đa, chờ 1.0s...
[2025-10-07T15:45:41.979+0000] {logging_mixin.py:190} INFO - ⬇️ Bắt đầu xử lý symbol = BMJ
[2025-10-07T15:45:41.998+0000] {logging_mixin.py:190} INFO - ⚠️ Không đọc được file cũ BMJ: 'date'
[2025-10-07T15:45:42.004+0000] {logging_mixin.py:190} INFO - BMJ: trích dữ liệu từ 2025-10-03 đến 2025-10-07
[2025-10-07T15:45:46.548+0000] {logging_mixin.py:190} INFO - Không tìm thấy dữ liệu cho BMJ
[2025-10-07T15:45:46.550+0000] {logging_mixin.py:190} INFO - BMJ: Không có dữ liệu mới.
[2025-10-07T15:45:46.550+0000] {logging_mixin.py:190} INFO - 🚦 Giới hạn API đạt mức tối đa, chờ 34.8s...
[2025-10-07T15:46:21.333+0000] {logging_mixin.py:190} INFO - ⬇️ Bắt đầu xử lý symbol = BMI
[2025-10-07T15:46:21.363+0000] {logging_mixin.py:190} INFO - ⚠️ Không đọc được file cũ BMI: 'date'
[2025-10-07T15:46:21.371+0000] {logging_mixin.py:190} INFO - BMI: trích dữ liệu từ 2025-10-08 đến 2025-10-07
[2025-10-07T15:46:25.999+0000] {logging_mixin.py:190} INFO - Không tìm thấy dữ liệu cho BMI
[2025-10-07T15:46:26.000+0000] {logging_mixin.py:190} INFO - BMI: Không có dữ liệu mới.
[2025-10-07T15:46:26.001+0000] {logging_mixin.py:190} INFO - 🚦 Giới hạn API đạt mức tối đa, chờ 0.7s...
[2025-10-07T15:46:26.661+0000] {logging_mixin.py:190} INFO - ⬇️ Bắt đầu xử lý symbol = BMG
[2025-10-07T15:46:26.683+0000] {logging_mixin.py:190} INFO - ⚠️ Không đọc được file cũ BMG: 'date'
[2025-10-07T15:46:26.691+0000] {logging_mixin.py:190} INFO - BMG: trích dữ liệu từ 2025-10-07 đến 2025-10-07
[2025-10-07T15:46:31.266+0000] {logging_mixin.py:190} INFO - Không tìm thấy dữ liệu cho BMG
[2025-10-07T15:46:31.268+0000] {logging_mixin.py:190} INFO - BMG: Không có dữ liệu mới.
[2025-10-07T15:46:31.269+0000] {logging_mixin.py:190} INFO - 🚦 Giới hạn API đạt mức tối đa, chờ 0.3s...
[2025-10-07T15:46:31.562+0000] {logging_mixin.py:190} INFO - ⬇️ Bắt đầu xử lý symbol = BMF
[2025-10-07T15:46:31.590+0000] {logging_mixin.py:190} INFO - ⚠️ Không đọc được file cũ BMF: 'date'
[2025-10-07T15:46:31.598+0000] {logging_mixin.py:190} INFO - BMF: trích dữ liệu từ 2025-10-07 đến 2025-10-07
[2025-10-07T15:46:36.622+0000] {logging_mixin.py:190} INFO - Không tìm thấy dữ liệu cho BMF
[2025-10-07T15:46:36.624+0000] {logging_mixin.py:190} INFO - BMF: Không có dữ liệu mới.
[2025-10-07T15:46:36.625+0000] {logging_mixin.py:190} INFO - ⬇️ Bắt đầu xử lý symbol = BMD
[2025-10-07T15:46:36.660+0000] {logging_mixin.py:190} INFO - ⚠️ Không đọc được file cũ BMD: 'date'
[2025-10-07T15:46:36.669+0000] {logging_mixin.py:190} INFO - BMD: trích dữ liệu từ 2025-09-19 đến 2025-10-07
[2025-10-07T15:46:41.255+0000] {logging_mixin.py:190} INFO - Không tìm thấy dữ liệu cho BMD
[2025-10-07T15:46:41.256+0000] {logging_mixin.py:190} INFO - BMD: Không có dữ liệu mới.
[2025-10-07T15:46:41.257+0000] {logging_mixin.py:190} INFO - 🚦 Giới hạn API đạt mức tối đa, chờ 0.7s...
[2025-10-07T15:46:41.980+0000] {logging_mixin.py:190} INFO - ⬇️ Bắt đầu xử lý symbol = BMC
[2025-10-07T15:46:41.997+0000] {logging_mixin.py:190} INFO - ⚠️ Không đọc được file cũ BMC: 'date'
[2025-10-07T15:46:42.004+0000] {logging_mixin.py:190} INFO - BMC: trích dữ liệu từ 2025-10-08 đến 2025-10-07
[2025-10-07T15:46:46.599+0000] {logging_mixin.py:190} INFO - Không tìm thấy dữ liệu cho BMC
[2025-10-07T15:46:46.601+0000] {logging_mixin.py:190} INFO - BMC: Không có dữ liệu mới.
[2025-10-07T15:46:46.601+0000] {logging_mixin.py:190} INFO - 🚦 Giới hạn API đạt mức tối đa, chờ 34.7s...
[2025-10-07T15:47:21.319+0000] {logging_mixin.py:190} INFO - ⬇️ Bắt đầu xử lý symbol = BLW
[2025-10-07T15:47:21.355+0000] {logging_mixin.py:190} INFO - ⚠️ Không đọc được file cũ BLW: 'date'
[2025-10-07T15:47:21.363+0000] {logging_mixin.py:190} INFO - BLW: trích dữ liệu từ 2024-02-07 đến 2025-10-07
[2025-10-07T15:47:25.924+0000] {logging_mixin.py:190} INFO - Không tìm thấy dữ liệu cho BLW
[2025-10-07T15:47:25.926+0000] {logging_mixin.py:190} INFO - BLW: Không có dữ liệu mới.
[2025-10-07T15:47:25.926+0000] {logging_mixin.py:190} INFO - 🚦 Giới hạn API đạt mức tối đa, chờ 0.7s...
[2025-10-07T15:47:26.662+0000] {logging_mixin.py:190} INFO - ⬇️ Bắt đầu xử lý symbol = BLU
[2025-10-07T15:47:26.674+0000] {logging_mixin.py:190} INFO - BLU: trích dữ liệu từ 2020-01-01 đến 2025-10-07
[2025-10-07T15:47:31.225+0000] {logging_mixin.py:190} INFO - Không tìm thấy dữ liệu cho BLU
[2025-10-07T15:47:31.226+0000] {logging_mixin.py:190} INFO - BLU: Không có dữ liệu mới.
[2025-10-07T15:47:31.227+0000] {logging_mixin.py:190} INFO - 🚦 Giới hạn API đạt mức tối đa, chờ 0.3s...
[2025-10-07T15:47:31.563+0000] {logging_mixin.py:190} INFO - ⬇️ Bắt đầu xử lý symbol = BLT
[2025-10-07T15:47:31.583+0000] {logging_mixin.py:190} INFO - ⚠️ Không đọc được file cũ BLT: 'date'
[2025-10-07T15:47:31.591+0000] {logging_mixin.py:190} INFO - BLT: trích dữ liệu từ 2025-10-08 đến 2025-10-07
[2025-10-07T15:47:36.168+0000] {logging_mixin.py:190} INFO - Không tìm thấy dữ liệu cho BLT
[2025-10-07T15:47:36.170+0000] {logging_mixin.py:190} INFO - BLT: Không có dữ liệu mới.
[2025-10-07T15:47:36.170+0000] {logging_mixin.py:190} INFO - 🚦 Giới hạn API đạt mức tối đa, chờ 0.5s...
[2025-10-07T15:47:36.625+0000] {logging_mixin.py:190} INFO - ⬇️ Bắt đầu xử lý symbol = BLN
[2025-10-07T15:47:36.646+0000] {logging_mixin.py:190} INFO - ⚠️ Không đọc được file cũ BLN: 'date'
[2025-10-07T15:47:36.654+0000] {logging_mixin.py:190} INFO - BLN: trích dữ liệu từ 2025-09-25 đến 2025-10-07
[2025-10-07T15:47:41.318+0000] {logging_mixin.py:190} INFO - Không tìm thấy dữ liệu cho BLN
[2025-10-07T15:47:41.319+0000] {logging_mixin.py:190} INFO - BLN: Không có dữ liệu mới.
[2025-10-07T15:47:41.320+0000] {logging_mixin.py:190} INFO - 🚦 Giới hạn API đạt mức tối đa, chờ 0.7s...
[2025-10-07T15:47:41.981+0000] {logging_mixin.py:190} INFO - ⬇️ Bắt đầu xử lý symbol = BLI
[2025-10-07T15:47:42.001+0000] {logging_mixin.py:190} INFO - ⚠️ Không đọc được file cũ BLI: 'date'
[2025-10-07T15:47:42.009+0000] {logging_mixin.py:190} INFO - BLI: trích dữ liệu từ 2025-10-08 đến 2025-10-07
[2025-10-07T15:47:46.513+0000] {logging_mixin.py:190} INFO - Không tìm thấy dữ liệu cho BLI
[2025-10-07T15:47:46.514+0000] {logging_mixin.py:190} INFO - BLI: Không có dữ liệu mới.
[2025-10-07T15:47:46.515+0000] {python.py:240} INFO - Done. Returned value was: None
[2025-10-07T15:47:46.523+0000] {taskinstance.py:341} INFO - ::group::Post task execution logs
[2025-10-07T15:47:46.523+0000] {taskinstance.py:353} INFO - Marking task as SUCCESS. dag_id=vnstock_weekly_etl_incremental, task_id=process_batch, run_id=manual__2025-10-07T10:44:44.201464+00:00, map_index=31, execution_date=20251007T104444, start_date=20251007T153821, end_date=20251007T154746
[2025-10-07T15:47:46.594+0000] {local_task_job_runner.py:266} INFO - Task exited with return code 0
[2025-10-07T15:47:46.760+0000] {taskinstance.py:3901} INFO - 0 downstream tasks scheduled from follow-on schedule check
[2025-10-07T15:47:46.764+0000] {local_task_job_runner.py:245} INFO - ::endgroup::
