[2025-10-07T10:36:22.022+0000] {local_task_job_runner.py:123} INFO - ::group::Pre task execution logs
[2025-10-07T10:36:22.090+0000] {taskinstance.py:2614} INFO - Dependencies all met for dep_context=non-requeueable deps ti=<TaskInstance: vnstock_weekly_etl_incremental.process_batch manual__2025-10-07T10:36:05.597506+00:00 map_index=7 [queued]>
[2025-10-07T10:36:22.128+0000] {taskinstance.py:2614} INFO - Dependencies all met for dep_context=requeueable deps ti=<TaskInstance: vnstock_weekly_etl_incremental.process_batch manual__2025-10-07T10:36:05.597506+00:00 map_index=7 [queued]>
[2025-10-07T10:36:22.134+0000] {taskinstance.py:2867} INFO - Starting attempt 1 of 3
[2025-10-07T10:36:22.192+0000] {taskinstance.py:2890} INFO - Executing <Mapped(_PythonDecoratedOperator): process_batch> on 2025-10-07 10:36:05.597506+00:00
[2025-10-07T10:36:22.247+0000] {logging_mixin.py:190} WARNING - /home/***/.local/lib/python3.12/site-packages/***/task/task_runner/standard_task_runner.py:70 DeprecationWarning: This process (pid=2682) is multi-threaded, use of fork() may lead to deadlocks in the child.
[2025-10-07T10:36:22.252+0000] {standard_task_runner.py:72} INFO - Started process 2869 to run task
[2025-10-07T10:36:22.270+0000] {standard_task_runner.py:104} INFO - Running: ['***', 'tasks', 'run', 'vnstock_weekly_etl_incremental', 'process_batch', 'manual__2025-10-07T10:36:05.597506+00:00', '--job-id', '88', '--raw', '--subdir', 'DAGS_FOLDER/dag.py', '--cfg-path', '/tmp/tmpf7tn6i6n', '--map-index', '7']
[2025-10-07T10:36:22.277+0000] {standard_task_runner.py:105} INFO - Job 88: Subtask process_batch
[2025-10-07T10:36:22.346+0000] {logging_mixin.py:190} WARNING - /home/***/.local/lib/python3.12/site-packages/***/settings.py:209 DeprecationWarning: The sql_alchemy_conn option in [core] has been moved to the sql_alchemy_conn option in [database] - the old setting has been used, but please update your config.
[2025-10-07T10:36:23.280+0000] {task_command.py:467} INFO - Running <TaskInstance: vnstock_weekly_etl_incremental.process_batch manual__2025-10-07T10:36:05.597506+00:00 map_index=7 [running]> on host e3278e0f0bbc
[2025-10-07T10:36:23.577+0000] {taskinstance.py:3134} INFO - Exporting env vars: AIRFLOW_CTX_DAG_OWNER='***' AIRFLOW_CTX_DAG_ID='vnstock_weekly_etl_incremental' AIRFLOW_CTX_TASK_ID='process_batch' AIRFLOW_CTX_EXECUTION_DATE='2025-10-07T10:36:05.597506+00:00' AIRFLOW_CTX_TRY_NUMBER='1' AIRFLOW_CTX_DAG_RUN_ID='manual__2025-10-07T10:36:05.597506+00:00'
[2025-10-07T10:36:23.585+0000] {taskinstance.py:732} INFO - ::endgroup::
[2025-10-07T10:36:23.593+0000] {logging_mixin.py:190} INFO - ⬇️ Xử lý symbol = TCW
[2025-10-07T10:36:24.065+0000] {logging_mixin.py:190} INFO - TCW: trích dữ liệu từ 2025-10-04 đến 2025-10-07
[2025-10-07T10:36:25.473+0000] {logging_mixin.py:190} INFO - Trích xuất 2 dòng mới cho TCW
[2025-10-07T10:36:25.926+0000] {logging_mixin.py:190} INFO - Append 2 dòng mới vào /opt/***/data/lake/TCW.csv
[2025-10-07T10:36:27.932+0000] {logging_mixin.py:190} INFO - ⬇️ Xử lý symbol = TCT
[2025-10-07T10:36:28.116+0000] {logging_mixin.py:190} INFO - TCT: trích dữ liệu từ 2025-10-04 đến 2025-10-07
[2025-10-07T10:36:28.493+0000] {logging_mixin.py:190} INFO - Trích xuất 2 dòng mới cho TCT
[2025-10-07T10:36:28.597+0000] {logging_mixin.py:190} INFO - Append 2 dòng mới vào /opt/***/data/lake/TCT.csv
[2025-10-07T10:36:30.599+0000] {logging_mixin.py:190} INFO - ⬇️ Xử lý symbol = TCR
[2025-10-07T10:36:30.620+0000] {logging_mixin.py:190} INFO - TCR: trích dữ liệu từ 2025-10-04 đến 2025-10-07
[2025-10-07T10:36:30.775+0000] {logging_mixin.py:190} INFO - Trích xuất 2 dòng mới cho TCR
[2025-10-07T10:36:30.781+0000] {logging_mixin.py:190} INFO - Append 2 dòng mới vào /opt/***/data/lake/TCR.csv
[2025-10-07T10:36:32.782+0000] {logging_mixin.py:190} INFO - ⬇️ Xử lý symbol = TCO
[2025-10-07T10:36:32.805+0000] {logging_mixin.py:190} INFO - TCO: trích dữ liệu từ 2025-10-04 đến 2025-10-07
[2025-10-07T10:36:33.042+0000] {logging_mixin.py:190} INFO - Trích xuất 2 dòng mới cho TCO
[2025-10-07T10:36:33.051+0000] {logging_mixin.py:190} INFO - Append 2 dòng mới vào /opt/***/data/lake/TCO.csv
[2025-10-07T10:36:35.052+0000] {logging_mixin.py:190} INFO - ⬇️ Xử lý symbol = TCM
[2025-10-07T10:36:35.079+0000] {logging_mixin.py:190} INFO - TCM: trích dữ liệu từ 2025-10-04 đến 2025-10-07
[2025-10-07T10:36:35.255+0000] {logging_mixin.py:190} INFO - Trích xuất 2 dòng mới cho TCM
[2025-10-07T10:36:35.264+0000] {logging_mixin.py:190} INFO - Append 2 dòng mới vào /opt/***/data/lake/TCM.csv
[2025-10-07T10:36:37.265+0000] {logging_mixin.py:190} INFO - ⚠️ Lỗi khi xử lý TCL: Bucket for item=vnstock with Rate limit=5/1.0m is already full
[2025-10-07T10:36:37.265+0000] {logging_mixin.py:190} INFO - ⚠️ Lỗi khi xử lý TCK: Bucket for item=vnstock with Rate limit=5/1.0m is already full
[2025-10-07T10:36:37.266+0000] {logging_mixin.py:190} INFO - ⚠️ Lỗi khi xử lý TCJ: Bucket for item=vnstock with Rate limit=5/1.0m is already full
[2025-10-07T10:36:37.266+0000] {logging_mixin.py:190} INFO - ⚠️ Lỗi khi xử lý TCI: Bucket for item=vnstock with Rate limit=5/1.0m is already full
[2025-10-07T10:36:37.267+0000] {logging_mixin.py:190} INFO - ⚠️ Lỗi khi xử lý TCH: Bucket for item=vnstock with Rate limit=5/1.0m is already full
[2025-10-07T10:36:37.267+0000] {logging_mixin.py:190} INFO - ⚠️ Lỗi khi xử lý TCD: Bucket for item=vnstock with Rate limit=5/1.0m is already full
[2025-10-07T10:36:37.268+0000] {logging_mixin.py:190} INFO - ⚠️ Lỗi khi xử lý TCB: Bucket for item=vnstock with Rate limit=5/1.0m is already full
[2025-10-07T10:36:37.268+0000] {logging_mixin.py:190} INFO - ⚠️ Lỗi khi xử lý TC6: Bucket for item=vnstock with Rate limit=5/1.0m is already full
[2025-10-07T10:36:37.268+0000] {logging_mixin.py:190} INFO - ⚠️ Lỗi khi xử lý TBX: Bucket for item=vnstock with Rate limit=5/1.0m is already full
[2025-10-07T10:36:37.269+0000] {logging_mixin.py:190} INFO - ⚠️ Lỗi khi xử lý TBW: Bucket for item=vnstock with Rate limit=5/1.0m is already full
[2025-10-07T10:36:37.269+0000] {logging_mixin.py:190} INFO - ⚠️ Lỗi khi xử lý TBT: Bucket for item=vnstock with Rate limit=5/1.0m is already full
[2025-10-07T10:36:37.269+0000] {logging_mixin.py:190} INFO - ⚠️ Lỗi khi xử lý TBR: Bucket for item=vnstock with Rate limit=5/1.0m is already full
[2025-10-07T10:36:37.270+0000] {logging_mixin.py:190} INFO - ⚠️ Lỗi khi xử lý TBH: Bucket for item=vnstock with Rate limit=5/1.0m is already full
[2025-10-07T10:36:37.270+0000] {logging_mixin.py:190} INFO - ⚠️ Lỗi khi xử lý TBD: Bucket for item=vnstock with Rate limit=5/1.0m is already full
[2025-10-07T10:36:37.270+0000] {logging_mixin.py:190} INFO - ⚠️ Lỗi khi xử lý TBC: Bucket for item=vnstock with Rate limit=5/1.0m is already full
[2025-10-07T10:36:37.271+0000] {logging_mixin.py:190} INFO - ⚠️ Lỗi khi xử lý TB8: Bucket for item=vnstock with Rate limit=5/1.0m is already full
[2025-10-07T10:36:37.271+0000] {logging_mixin.py:190} INFO - ⚠️ Lỗi khi xử lý TAW: Bucket for item=vnstock with Rate limit=5/1.0m is already full
[2025-10-07T10:36:37.271+0000] {logging_mixin.py:190} INFO - ⚠️ Lỗi khi xử lý TAR: Bucket for item=vnstock with Rate limit=5/1.0m is already full
[2025-10-07T10:36:37.272+0000] {logging_mixin.py:190} INFO - ⚠️ Lỗi khi xử lý TAP: Bucket for item=vnstock with Rate limit=5/1.0m is already full
[2025-10-07T10:36:37.272+0000] {logging_mixin.py:190} INFO - ⚠️ Lỗi khi xử lý TAN: Bucket for item=vnstock with Rate limit=5/1.0m is already full
[2025-10-07T10:36:37.272+0000] {logging_mixin.py:190} INFO - ⚠️ Lỗi khi xử lý TAL: Bucket for item=vnstock with Rate limit=5/1.0m is already full
[2025-10-07T10:36:37.273+0000] {logging_mixin.py:190} INFO - ⚠️ Lỗi khi xử lý TAG: Bucket for item=vnstock with Rate limit=5/1.0m is already full
[2025-10-07T10:36:37.273+0000] {logging_mixin.py:190} INFO - ⚠️ Lỗi khi xử lý TAC: Bucket for item=vnstock with Rate limit=5/1.0m is already full
[2025-10-07T10:36:37.273+0000] {logging_mixin.py:190} INFO - ⚠️ Lỗi khi xử lý TAB: Bucket for item=vnstock with Rate limit=5/1.0m is already full
[2025-10-07T10:36:37.273+0000] {logging_mixin.py:190} INFO - ⚠️ Lỗi khi xử lý TA9: Bucket for item=vnstock with Rate limit=5/1.0m is already full
[2025-10-07T10:36:37.274+0000] {logging_mixin.py:190} INFO - ⚠️ Lỗi khi xử lý TA6: Bucket for item=vnstock with Rate limit=5/1.0m is already full
[2025-10-07T10:36:37.274+0000] {logging_mixin.py:190} INFO - ⚠️ Lỗi khi xử lý TA3: Bucket for item=vnstock with Rate limit=5/1.0m is already full
[2025-10-07T10:36:37.275+0000] {logging_mixin.py:190} INFO - ⚠️ Lỗi khi xử lý T12: Bucket for item=vnstock with Rate limit=5/1.0m is already full
[2025-10-07T10:36:37.275+0000] {logging_mixin.py:190} INFO - ⚠️ Lỗi khi xử lý SZL: Bucket for item=vnstock with Rate limit=5/1.0m is already full
[2025-10-07T10:36:37.275+0000] {logging_mixin.py:190} INFO - ⚠️ Lỗi khi xử lý SZG: Bucket for item=vnstock with Rate limit=5/1.0m is already full
[2025-10-07T10:36:37.276+0000] {logging_mixin.py:190} INFO - ⚠️ Lỗi khi xử lý SZE: Bucket for item=vnstock with Rate limit=5/1.0m is already full
[2025-10-07T10:36:37.276+0000] {logging_mixin.py:190} INFO - ⚠️ Lỗi khi xử lý SZC: Bucket for item=vnstock with Rate limit=5/1.0m is already full
[2025-10-07T10:36:37.276+0000] {logging_mixin.py:190} INFO - ⚠️ Lỗi khi xử lý SZB: Bucket for item=vnstock with Rate limit=5/1.0m is already full
[2025-10-07T10:36:37.277+0000] {logging_mixin.py:190} INFO - ⚠️ Lỗi khi xử lý SWC: Bucket for item=vnstock with Rate limit=5/1.0m is already full
[2025-10-07T10:36:37.277+0000] {logging_mixin.py:190} INFO - ⚠️ Lỗi khi xử lý SVT: Bucket for item=vnstock with Rate limit=5/1.0m is already full
[2025-10-07T10:36:37.277+0000] {logging_mixin.py:190} INFO - ⚠️ Lỗi khi xử lý SVN: Bucket for item=vnstock with Rate limit=5/1.0m is already full
[2025-10-07T10:36:37.277+0000] {logging_mixin.py:190} INFO - ⚠️ Lỗi khi xử lý SVL: Bucket for item=vnstock with Rate limit=5/1.0m is already full
[2025-10-07T10:36:37.278+0000] {logging_mixin.py:190} INFO - ⚠️ Lỗi khi xử lý SVI: Bucket for item=vnstock with Rate limit=5/1.0m is already full
[2025-10-07T10:36:37.278+0000] {logging_mixin.py:190} INFO - ⚠️ Lỗi khi xử lý SVH: Bucket for item=vnstock with Rate limit=5/1.0m is already full
[2025-10-07T10:36:37.278+0000] {logging_mixin.py:190} INFO - ⚠️ Lỗi khi xử lý SVG: Bucket for item=vnstock with Rate limit=5/1.0m is already full
[2025-10-07T10:36:37.279+0000] {logging_mixin.py:190} INFO - ⚠️ Lỗi khi xử lý SVD: Bucket for item=vnstock with Rate limit=5/1.0m is already full
[2025-10-07T10:36:37.279+0000] {logging_mixin.py:190} INFO - ⚠️ Lỗi khi xử lý SVC: Bucket for item=vnstock with Rate limit=5/1.0m is already full
[2025-10-07T10:36:37.279+0000] {logging_mixin.py:190} INFO - ⚠️ Lỗi khi xử lý STW: Bucket for item=vnstock with Rate limit=5/1.0m is already full
[2025-10-07T10:36:37.279+0000] {logging_mixin.py:190} INFO - ⚠️ Lỗi khi xử lý STT: Bucket for item=vnstock with Rate limit=5/1.0m is already full
[2025-10-07T10:36:37.280+0000] {logging_mixin.py:190} INFO - ⚠️ Lỗi khi xử lý STS: Bucket for item=vnstock with Rate limit=5/1.0m is already full
[2025-10-07T10:36:37.280+0000] {python.py:240} INFO - Done. Returned value was: None
[2025-10-07T10:36:37.289+0000] {taskinstance.py:341} INFO - ::group::Post task execution logs
[2025-10-07T10:36:37.290+0000] {taskinstance.py:353} INFO - Marking task as SUCCESS. dag_id=vnstock_weekly_etl_incremental, task_id=process_batch, run_id=manual__2025-10-07T10:36:05.597506+00:00, map_index=7, execution_date=20251007T103605, start_date=20251007T103622, end_date=20251007T103637
[2025-10-07T10:36:37.355+0000] {local_task_job_runner.py:266} INFO - Task exited with return code 0
[2025-10-07T10:36:37.371+0000] {taskinstance.py:3901} INFO - 0 downstream tasks scheduled from follow-on schedule check
[2025-10-07T10:36:37.372+0000] {local_task_job_runner.py:245} INFO - ::endgroup::
