[2025-10-07T11:12:06.720+0000] {local_task_job_runner.py:123} INFO - ::group::Pre task execution logs
[2025-10-07T11:12:06.760+0000] {taskinstance.py:2614} INFO - Dependencies all met for dep_context=non-requeueable deps ti=<TaskInstance: vnstock_weekly_etl_incremental.process_batch manual__2025-10-07T10:41:48.387187+00:00 map_index=10 [queued]>
[2025-10-07T11:12:06.778+0000] {taskinstance.py:2614} INFO - Dependencies all met for dep_context=requeueable deps ti=<TaskInstance: vnstock_weekly_etl_incremental.process_batch manual__2025-10-07T10:41:48.387187+00:00 map_index=10 [queued]>
[2025-10-07T11:12:06.780+0000] {taskinstance.py:2867} INFO - Starting attempt 1 of 3
[2025-10-07T11:12:06.799+0000] {taskinstance.py:2890} INFO - Executing <Mapped(_PythonDecoratedOperator): process_batch> on 2025-10-07 10:41:48.387187+00:00
[2025-10-07T11:12:06.814+0000] {logging_mixin.py:190} WARNING - /home/***/.local/lib/python3.12/site-packages/***/task/task_runner/standard_task_runner.py:70 DeprecationWarning: This process (pid=5504) is multi-threaded, use of fork() may lead to deadlocks in the child.
[2025-10-07T11:12:06.817+0000] {standard_task_runner.py:72} INFO - Started process 5534 to run task
[2025-10-07T11:12:06.816+0000] {standard_task_runner.py:104} INFO - Running: ['***', 'tasks', 'run', 'vnstock_weekly_etl_incremental', 'process_batch', 'manual__2025-10-07T10:41:48.387187+00:00', '--job-id', '135', '--raw', '--subdir', 'DAGS_FOLDER/dag.py', '--cfg-path', '/tmp/tmpln3ionsa', '--map-index', '10']
[2025-10-07T11:12:06.820+0000] {standard_task_runner.py:105} INFO - Job 135: Subtask process_batch
[2025-10-07T11:12:06.839+0000] {logging_mixin.py:190} WARNING - /home/***/.local/lib/python3.12/site-packages/***/settings.py:209 DeprecationWarning: The sql_alchemy_conn option in [core] has been moved to the sql_alchemy_conn option in [database] - the old setting has been used, but please update your config.
[2025-10-07T11:12:06.911+0000] {task_command.py:467} INFO - Running <TaskInstance: vnstock_weekly_etl_incremental.process_batch manual__2025-10-07T10:41:48.387187+00:00 map_index=10 [running]> on host e3278e0f0bbc
[2025-10-07T11:12:07.352+0000] {taskinstance.py:3134} INFO - Exporting env vars: AIRFLOW_CTX_DAG_OWNER='***' AIRFLOW_CTX_DAG_ID='vnstock_weekly_etl_incremental' AIRFLOW_CTX_TASK_ID='process_batch' AIRFLOW_CTX_EXECUTION_DATE='2025-10-07T10:41:48.387187+00:00' AIRFLOW_CTX_TRY_NUMBER='1' AIRFLOW_CTX_DAG_RUN_ID='manual__2025-10-07T10:41:48.387187+00:00'
[2025-10-07T11:12:07.353+0000] {taskinstance.py:732} INFO - ::endgroup::
[2025-10-07T11:12:07.357+0000] {logging_mixin.py:190} INFO - ⬇️ Bắt đầu xử lý symbol = SDG
[2025-10-07T11:12:07.377+0000] {logging_mixin.py:190} INFO - ⚠️ Không đọc được file cũ SDG: 'date'
[2025-10-07T11:12:07.398+0000] {logging_mixin.py:190} INFO - SDG: trích dữ liệu từ 2025-10-07 đến 2025-10-07
[2025-10-07T11:12:07.420+0000] {client.py:83} ERROR - API request failed: HTTPSConnectionPool(host='trading.vietcap.com.vn', port=443): Max retries exceeded with url: /api/chart/OHLCChart/gap (Caused by NameResolutionError("<urllib3.connection.HTTPSConnection object at 0x7e619e890e60>: Failed to resolve 'trading.vietcap.com.vn' ([Errno -2] Name or service not known)"))
[2025-10-07T11:12:09.429+0000] {client.py:83} ERROR - API request failed: HTTPSConnectionPool(host='trading.vietcap.com.vn', port=443): Max retries exceeded with url: /api/chart/OHLCChart/gap (Caused by NameResolutionError("<urllib3.connection.HTTPSConnection object at 0x7e619e938230>: Failed to resolve 'trading.vietcap.com.vn' ([Errno -2] Name or service not known)"))
[2025-10-07T11:12:11.436+0000] {client.py:83} ERROR - API request failed: HTTPSConnectionPool(host='trading.vietcap.com.vn', port=443): Max retries exceeded with url: /api/chart/OHLCChart/gap (Caused by NameResolutionError("<urllib3.connection.HTTPSConnection object at 0x7e619e938d40>: Failed to resolve 'trading.vietcap.com.vn' ([Errno -2] Name or service not known)"))
[2025-10-07T11:12:11.438+0000] {logging_mixin.py:190} INFO - Không tìm thấy dữ liệu cho SDG
[2025-10-07T11:12:11.441+0000] {logging_mixin.py:190} INFO - ℹ️ SDG: Không có dữ liệu mới.
[2025-10-07T11:12:11.442+0000] {logging_mixin.py:190} INFO - ⬇️ Bắt đầu xử lý symbol = SDD
[2025-10-07T11:12:11.464+0000] {logging_mixin.py:190} INFO - ⚠️ Không đọc được file cũ SDD: 'date'
[2025-10-07T11:12:11.485+0000] {logging_mixin.py:190} INFO - SDD: trích dữ liệu từ 2025-10-04 đến 2025-10-07
[2025-10-07T11:12:11.494+0000] {client.py:83} ERROR - API request failed: HTTPSConnectionPool(host='trading.vietcap.com.vn', port=443): Max retries exceeded with url: /api/chart/OHLCChart/gap (Caused by NameResolutionError("<urllib3.connection.HTTPSConnection object at 0x7e619e9397f0>: Failed to resolve 'trading.vietcap.com.vn' ([Errno -2] Name or service not known)"))
[2025-10-07T11:12:13.502+0000] {client.py:83} ERROR - API request failed: HTTPSConnectionPool(host='trading.vietcap.com.vn', port=443): Max retries exceeded with url: /api/chart/OHLCChart/gap (Caused by NameResolutionError("<urllib3.connection.HTTPSConnection object at 0x7e619e93a360>: Failed to resolve 'trading.vietcap.com.vn' ([Errno -2] Name or service not known)"))
[2025-10-07T11:12:15.526+0000] {client.py:83} ERROR - API request failed: HTTPSConnectionPool(host='trading.vietcap.com.vn', port=443): Max retries exceeded with url: /api/chart/OHLCChart/gap (Caused by NameResolutionError("<urllib3.connection.HTTPSConnection object at 0x7e619e93afc0>: Failed to resolve 'trading.vietcap.com.vn' ([Errno -2] Name or service not known)"))
[2025-10-07T11:12:15.528+0000] {logging_mixin.py:190} INFO - Không tìm thấy dữ liệu cho SDD
[2025-10-07T11:12:15.531+0000] {logging_mixin.py:190} INFO - ℹ️ SDD: Không có dữ liệu mới.
[2025-10-07T11:12:15.532+0000] {logging_mixin.py:190} INFO - ⬇️ Bắt đầu xử lý symbol = SDC
[2025-10-07T11:12:15.545+0000] {logging_mixin.py:190} INFO - ⚠️ Không đọc được file cũ SDC: 'date'
[2025-10-07T11:12:15.566+0000] {logging_mixin.py:190} INFO - SDC: trích dữ liệu từ 2025-10-01 đến 2025-10-07
[2025-10-07T11:12:15.578+0000] {client.py:83} ERROR - API request failed: HTTPSConnectionPool(host='trading.vietcap.com.vn', port=443): Max retries exceeded with url: /api/chart/OHLCChart/gap (Caused by NameResolutionError("<urllib3.connection.HTTPSConnection object at 0x7e619e93aba0>: Failed to resolve 'trading.vietcap.com.vn' ([Errno -2] Name or service not known)"))
[2025-10-07T11:12:17.585+0000] {client.py:83} ERROR - API request failed: HTTPSConnectionPool(host='trading.vietcap.com.vn', port=443): Max retries exceeded with url: /api/chart/OHLCChart/gap (Caused by NameResolutionError("<urllib3.connection.HTTPSConnection object at 0x7e619e93a330>: Failed to resolve 'trading.vietcap.com.vn' ([Errno -2] Name or service not known)"))
[2025-10-07T11:12:19.592+0000] {client.py:83} ERROR - API request failed: HTTPSConnectionPool(host='trading.vietcap.com.vn', port=443): Max retries exceeded with url: /api/chart/OHLCChart/gap (Caused by NameResolutionError("<urllib3.connection.HTTPSConnection object at 0x7e619e939490>: Failed to resolve 'trading.vietcap.com.vn' ([Errno -2] Name or service not known)"))
[2025-10-07T11:12:19.594+0000] {logging_mixin.py:190} INFO - Không tìm thấy dữ liệu cho SDC
[2025-10-07T11:12:19.596+0000] {logging_mixin.py:190} INFO - ℹ️ SDC: Không có dữ liệu mới.
[2025-10-07T11:12:19.597+0000] {logging_mixin.py:190} INFO - ⬇️ Bắt đầu xử lý symbol = SDB
[2025-10-07T11:12:19.611+0000] {logging_mixin.py:190} INFO - ⚠️ Không đọc được file cũ SDB: 'date'
[2025-10-07T11:12:19.626+0000] {logging_mixin.py:190} INFO - SDB: trích dữ liệu từ 2024-07-26 đến 2025-10-07
[2025-10-07T11:12:19.632+0000] {client.py:83} ERROR - API request failed: HTTPSConnectionPool(host='trading.vietcap.com.vn', port=443): Max retries exceeded with url: /api/chart/OHLCChart/gap (Caused by NameResolutionError("<urllib3.connection.HTTPSConnection object at 0x7e619e8824e0>: Failed to resolve 'trading.vietcap.com.vn' ([Errno -2] Name or service not known)"))
[2025-10-07T11:12:21.640+0000] {client.py:83} ERROR - API request failed: HTTPSConnectionPool(host='trading.vietcap.com.vn', port=443): Max retries exceeded with url: /api/chart/OHLCChart/gap (Caused by NameResolutionError("<urllib3.connection.HTTPSConnection object at 0x7e619e75cda0>: Failed to resolve 'trading.vietcap.com.vn' ([Errno -2] Name or service not known)"))
[2025-10-07T11:12:23.647+0000] {client.py:83} ERROR - API request failed: HTTPSConnectionPool(host='trading.vietcap.com.vn', port=443): Max retries exceeded with url: /api/chart/OHLCChart/gap (Caused by NameResolutionError("<urllib3.connection.HTTPSConnection object at 0x7e619e93a000>: Failed to resolve 'trading.vietcap.com.vn' ([Errno -2] Name or service not known)"))
[2025-10-07T11:12:23.648+0000] {logging_mixin.py:190} INFO - Không tìm thấy dữ liệu cho SDB
[2025-10-07T11:12:23.651+0000] {logging_mixin.py:190} INFO - ℹ️ SDB: Không có dữ liệu mới.
[2025-10-07T11:12:23.652+0000] {logging_mixin.py:190} INFO - ⬇️ Bắt đầu xử lý symbol = SDA
[2025-10-07T11:12:23.669+0000] {logging_mixin.py:190} INFO - ⚠️ Không đọc được file cũ SDA: 'date'
[2025-10-07T11:12:23.685+0000] {logging_mixin.py:190} INFO - SDA: trích dữ liệu từ 2025-10-04 đến 2025-10-07
[2025-10-07T11:12:23.693+0000] {client.py:83} ERROR - API request failed: HTTPSConnectionPool(host='trading.vietcap.com.vn', port=443): Max retries exceeded with url: /api/chart/OHLCChart/gap (Caused by NameResolutionError("<urllib3.connection.HTTPSConnection object at 0x7e619e75d2b0>: Failed to resolve 'trading.vietcap.com.vn' ([Errno -2] Name or service not known)"))
[2025-10-07T11:12:25.700+0000] {client.py:83} ERROR - API request failed: HTTPSConnectionPool(host='trading.vietcap.com.vn', port=443): Max retries exceeded with url: /api/chart/OHLCChart/gap (Caused by NameResolutionError("<urllib3.connection.HTTPSConnection object at 0x7e619e75de80>: Failed to resolve 'trading.vietcap.com.vn' ([Errno -2] Name or service not known)"))
[2025-10-07T11:12:27.719+0000] {client.py:83} ERROR - API request failed: HTTPSConnectionPool(host='trading.vietcap.com.vn', port=443): Max retries exceeded with url: /api/chart/OHLCChart/gap (Caused by NameResolutionError("<urllib3.connection.HTTPSConnection object at 0x7e619e75ea80>: Failed to resolve 'trading.vietcap.com.vn' ([Errno -2] Name or service not known)"))
[2025-10-07T11:12:27.721+0000] {logging_mixin.py:190} INFO - Không tìm thấy dữ liệu cho SDA
[2025-10-07T11:12:27.723+0000] {logging_mixin.py:190} INFO - ℹ️ SDA: Không có dữ liệu mới.
[2025-10-07T11:12:27.724+0000] {logging_mixin.py:190} INFO - 🚦 Giới hạn API đạt mức tối đa, chờ 39.6s...
[2025-10-07T11:13:07.645+0000] {logging_mixin.py:190} INFO - ⬇️ Bắt đầu xử lý symbol = SD9
[2025-10-07T11:13:07.676+0000] {logging_mixin.py:190} INFO - ⚠️ Không đọc được file cũ SD9: 'date'
[2025-10-07T11:13:07.691+0000] {logging_mixin.py:190} INFO - SD9: trích dữ liệu từ 2025-10-04 đến 2025-10-07
[2025-10-07T11:13:07.699+0000] {client.py:83} ERROR - API request failed: HTTPSConnectionPool(host='trading.vietcap.com.vn', port=443): Max retries exceeded with url: /api/chart/OHLCChart/gap (Caused by NameResolutionError("<urllib3.connection.HTTPSConnection object at 0x7e619e75ecf0>: Failed to resolve 'trading.vietcap.com.vn' ([Errno -2] Name or service not known)"))
[2025-10-07T11:13:09.707+0000] {client.py:83} ERROR - API request failed: HTTPSConnectionPool(host='trading.vietcap.com.vn', port=443): Max retries exceeded with url: /api/chart/OHLCChart/gap (Caused by NameResolutionError("<urllib3.connection.HTTPSConnection object at 0x7e619e75fa40>: Failed to resolve 'trading.vietcap.com.vn' ([Errno -2] Name or service not known)"))
[2025-10-07T11:13:11.714+0000] {client.py:83} ERROR - API request failed: HTTPSConnectionPool(host='trading.vietcap.com.vn', port=443): Max retries exceeded with url: /api/chart/OHLCChart/gap (Caused by NameResolutionError("<urllib3.connection.HTTPSConnection object at 0x7e619e7c0740>: Failed to resolve 'trading.vietcap.com.vn' ([Errno -2] Name or service not known)"))
[2025-10-07T11:13:11.717+0000] {logging_mixin.py:190} INFO - Không tìm thấy dữ liệu cho SD9
[2025-10-07T11:13:11.719+0000] {logging_mixin.py:190} INFO - ℹ️ SD9: Không có dữ liệu mới.
[2025-10-07T11:13:11.720+0000] {logging_mixin.py:190} INFO - ⬇️ Bắt đầu xử lý symbol = SD8
[2025-10-07T11:13:11.759+0000] {logging_mixin.py:190} INFO - ⚠️ Không đọc được file cũ SD8: 'date'
[2025-10-07T11:13:11.773+0000] {logging_mixin.py:190} INFO - SD8: trích dữ liệu từ 2024-07-26 đến 2025-10-07
[2025-10-07T11:13:11.780+0000] {client.py:83} ERROR - API request failed: HTTPSConnectionPool(host='trading.vietcap.com.vn', port=443): Max retries exceeded with url: /api/chart/OHLCChart/gap (Caused by NameResolutionError("<urllib3.connection.HTTPSConnection object at 0x7e619e75f800>: Failed to resolve 'trading.vietcap.com.vn' ([Errno -2] Name or service not known)"))
[2025-10-07T11:13:13.800+0000] {client.py:83} ERROR - API request failed: HTTPSConnectionPool(host='trading.vietcap.com.vn', port=443): Max retries exceeded with url: /api/chart/OHLCChart/gap (Caused by NameResolutionError("<urllib3.connection.HTTPSConnection object at 0x7e619e75cf20>: Failed to resolve 'trading.vietcap.com.vn' ([Errno -2] Name or service not known)"))
[2025-10-07T11:13:15.807+0000] {client.py:83} ERROR - API request failed: HTTPSConnectionPool(host='trading.vietcap.com.vn', port=443): Max retries exceeded with url: /api/chart/OHLCChart/gap (Caused by NameResolutionError("<urllib3.connection.HTTPSConnection object at 0x7e619e7c0200>: Failed to resolve 'trading.vietcap.com.vn' ([Errno -2] Name or service not known)"))
[2025-10-07T11:13:15.809+0000] {logging_mixin.py:190} INFO - Không tìm thấy dữ liệu cho SD8
[2025-10-07T11:13:15.810+0000] {logging_mixin.py:190} INFO - ℹ️ SD8: Không có dữ liệu mới.
[2025-10-07T11:13:15.811+0000] {logging_mixin.py:190} INFO - ⬇️ Bắt đầu xử lý symbol = SD7
[2025-10-07T11:13:15.834+0000] {logging_mixin.py:190} INFO - ⚠️ Không đọc được file cũ SD7: 'date'
[2025-10-07T11:13:15.846+0000] {logging_mixin.py:190} INFO - SD7: trích dữ liệu từ 2025-09-27 đến 2025-10-07
[2025-10-07T11:13:15.855+0000] {client.py:83} ERROR - API request failed: HTTPSConnectionPool(host='trading.vietcap.com.vn', port=443): Max retries exceeded with url: /api/chart/OHLCChart/gap (Caused by NameResolutionError("<urllib3.connection.HTTPSConnection object at 0x7e619e7c2150>: Failed to resolve 'trading.vietcap.com.vn' ([Errno -2] Name or service not known)"))
[2025-10-07T11:13:17.862+0000] {client.py:83} ERROR - API request failed: HTTPSConnectionPool(host='trading.vietcap.com.vn', port=443): Max retries exceeded with url: /api/chart/OHLCChart/gap (Caused by NameResolutionError("<urllib3.connection.HTTPSConnection object at 0x7e619e75d1c0>: Failed to resolve 'trading.vietcap.com.vn' ([Errno -2] Name or service not known)"))
[2025-10-07T11:13:19.869+0000] {client.py:83} ERROR - API request failed: HTTPSConnectionPool(host='trading.vietcap.com.vn', port=443): Max retries exceeded with url: /api/chart/OHLCChart/gap (Caused by NameResolutionError("<urllib3.connection.HTTPSConnection object at 0x7e619e75fd40>: Failed to resolve 'trading.vietcap.com.vn' ([Errno -2] Name or service not known)"))
[2025-10-07T11:13:19.870+0000] {logging_mixin.py:190} INFO - Không tìm thấy dữ liệu cho SD7
[2025-10-07T11:13:19.872+0000] {logging_mixin.py:190} INFO - ℹ️ SD7: Không có dữ liệu mới.
[2025-10-07T11:13:19.873+0000] {logging_mixin.py:190} INFO - ⬇️ Bắt đầu xử lý symbol = SD6
[2025-10-07T11:13:19.905+0000] {logging_mixin.py:190} INFO - ⚠️ Không đọc được file cũ SD6: 'date'
[2025-10-07T11:13:19.919+0000] {logging_mixin.py:190} INFO - SD6: trích dữ liệu từ 2025-10-04 đến 2025-10-07
[2025-10-07T11:13:19.926+0000] {client.py:83} ERROR - API request failed: HTTPSConnectionPool(host='trading.vietcap.com.vn', port=443): Max retries exceeded with url: /api/chart/OHLCChart/gap (Caused by NameResolutionError("<urllib3.connection.HTTPSConnection object at 0x7e619e7c2930>: Failed to resolve 'trading.vietcap.com.vn' ([Errno -2] Name or service not known)"))
[2025-10-07T11:13:21.932+0000] {client.py:83} ERROR - API request failed: HTTPSConnectionPool(host='trading.vietcap.com.vn', port=443): Max retries exceeded with url: /api/chart/OHLCChart/gap (Caused by NameResolutionError("<urllib3.connection.HTTPSConnection object at 0x7e619e7c34a0>: Failed to resolve 'trading.vietcap.com.vn' ([Errno -2] Name or service not known)"))
[2025-10-07T11:13:23.958+0000] {client.py:83} ERROR - API request failed: HTTPSConnectionPool(host='trading.vietcap.com.vn', port=443): Max retries exceeded with url: /api/chart/OHLCChart/gap (Caused by NameResolutionError("<urllib3.connection.HTTPSConnection object at 0x7e619e9389b0>: Failed to resolve 'trading.vietcap.com.vn' ([Errno -2] Name or service not known)"))
[2025-10-07T11:13:23.962+0000] {logging_mixin.py:190} INFO - Không tìm thấy dữ liệu cho SD6
[2025-10-07T11:13:23.972+0000] {logging_mixin.py:190} INFO - ℹ️ SD6: Không có dữ liệu mới.
[2025-10-07T11:13:23.974+0000] {logging_mixin.py:190} INFO - ⬇️ Bắt đầu xử lý symbol = SD5
[2025-10-07T11:13:24.019+0000] {logging_mixin.py:190} INFO - ⚠️ Không đọc được file cũ SD5: 'date'
[2025-10-07T11:13:24.033+0000] {logging_mixin.py:190} INFO - SD5: trích dữ liệu từ 2025-10-03 đến 2025-10-07
[2025-10-07T11:13:24.039+0000] {client.py:83} ERROR - API request failed: HTTPSConnectionPool(host='trading.vietcap.com.vn', port=443): Max retries exceeded with url: /api/chart/OHLCChart/gap (Caused by NameResolutionError("<urllib3.connection.HTTPSConnection object at 0x7e619e7c3ec0>: Failed to resolve 'trading.vietcap.com.vn' ([Errno -2] Name or service not known)"))
[2025-10-07T11:13:26.059+0000] {client.py:83} ERROR - API request failed: HTTPSConnectionPool(host='trading.vietcap.com.vn', port=443): Max retries exceeded with url: /api/chart/OHLCChart/gap (Caused by NameResolutionError("<urllib3.connection.HTTPSConnection object at 0x7e619e804c20>: Failed to resolve 'trading.vietcap.com.vn' ([Errno -2] Name or service not known)"))
[2025-10-07T11:13:28.090+0000] {client.py:83} ERROR - API request failed: HTTPSConnectionPool(host='trading.vietcap.com.vn', port=443): Max retries exceeded with url: /api/chart/OHLCChart/gap (Caused by NameResolutionError("<urllib3.connection.HTTPSConnection object at 0x7e619e805790>: Failed to resolve 'trading.vietcap.com.vn' ([Errno -2] Name or service not known)"))
[2025-10-07T11:13:28.094+0000] {logging_mixin.py:190} INFO - Không tìm thấy dữ liệu cho SD5
[2025-10-07T11:13:28.112+0000] {logging_mixin.py:190} INFO - ℹ️ SD5: Không có dữ liệu mới.
[2025-10-07T11:13:28.114+0000] {logging_mixin.py:190} INFO - 🚦 Giới hạn API đạt mức tối đa, chờ 39.5s...
[2025-10-07T11:14:08.034+0000] {logging_mixin.py:190} INFO - ⬇️ Bắt đầu xử lý symbol = SD4
[2025-10-07T11:14:08.128+0000] {logging_mixin.py:190} INFO - ⚠️ Không đọc được file cũ SD4: 'date'
[2025-10-07T11:14:08.175+0000] {logging_mixin.py:190} INFO - SD4: trích dữ liệu từ 2025-09-13 đến 2025-10-07
[2025-10-07T11:14:08.244+0000] {client.py:83} ERROR - API request failed: HTTPSConnectionPool(host='trading.vietcap.com.vn', port=443): Max retries exceeded with url: /api/chart/OHLCChart/gap (Caused by NameResolutionError("<urllib3.connection.HTTPSConnection object at 0x7e619e804380>: Failed to resolve 'trading.vietcap.com.vn' ([Errno -2] Name or service not known)"))
[2025-10-07T11:14:10.264+0000] {client.py:83} ERROR - API request failed: HTTPSConnectionPool(host='trading.vietcap.com.vn', port=443): Max retries exceeded with url: /api/chart/OHLCChart/gap (Caused by NameResolutionError("<urllib3.connection.HTTPSConnection object at 0x7e619e8062a0>: Failed to resolve 'trading.vietcap.com.vn' ([Errno -2] Name or service not known)"))
[2025-10-07T11:14:12.284+0000] {client.py:83} ERROR - API request failed: HTTPSConnectionPool(host='trading.vietcap.com.vn', port=443): Max retries exceeded with url: /api/chart/OHLCChart/gap (Caused by NameResolutionError("<urllib3.connection.HTTPSConnection object at 0x7e619e806fc0>: Failed to resolve 'trading.vietcap.com.vn' ([Errno -2] Name or service not known)"))
[2025-10-07T11:14:12.443+0000] {logging_mixin.py:190} INFO - Không tìm thấy dữ liệu cho SD4
[2025-10-07T11:14:12.450+0000] {logging_mixin.py:190} INFO - ℹ️ SD4: Không có dữ liệu mới.
[2025-10-07T11:14:12.457+0000] {logging_mixin.py:190} INFO - ⬇️ Bắt đầu xử lý symbol = SD3
[2025-10-07T11:14:12.514+0000] {logging_mixin.py:190} INFO - ⚠️ Không đọc được file cũ SD3: 'date'
[2025-10-07T11:14:12.529+0000] {logging_mixin.py:190} INFO - SD3: trích dữ liệu từ 2025-10-04 đến 2025-10-07
[2025-10-07T11:14:12.540+0000] {client.py:83} ERROR - API request failed: HTTPSConnectionPool(host='trading.vietcap.com.vn', port=443): Max retries exceeded with url: /api/chart/OHLCChart/gap (Caused by NameResolutionError("<urllib3.connection.HTTPSConnection object at 0x7e619e807fb0>: Failed to resolve 'trading.vietcap.com.vn' ([Errno -2] Name or service not known)"))
[2025-10-07T11:14:14.551+0000] {client.py:83} ERROR - API request failed: HTTPSConnectionPool(host='trading.vietcap.com.vn', port=443): Max retries exceeded with url: /api/chart/OHLCChart/gap (Caused by NameResolutionError("<urllib3.connection.HTTPSConnection object at 0x7e619e8048c0>: Failed to resolve 'trading.vietcap.com.vn' ([Errno -2] Name or service not known)"))
[2025-10-07T11:14:16.557+0000] {client.py:83} ERROR - API request failed: HTTPSConnectionPool(host='trading.vietcap.com.vn', port=443): Max retries exceeded with url: /api/chart/OHLCChart/gap (Caused by NameResolutionError("<urllib3.connection.HTTPSConnection object at 0x7e619e7c2780>: Failed to resolve 'trading.vietcap.com.vn' ([Errno -2] Name or service not known)"))
[2025-10-07T11:14:16.559+0000] {logging_mixin.py:190} INFO - Không tìm thấy dữ liệu cho SD3
[2025-10-07T11:14:16.561+0000] {logging_mixin.py:190} INFO - ℹ️ SD3: Không có dữ liệu mới.
[2025-10-07T11:14:16.562+0000] {logging_mixin.py:190} INFO - ⬇️ Bắt đầu xử lý symbol = SD2
[2025-10-07T11:14:16.695+0000] {logging_mixin.py:190} INFO - ⚠️ Không đọc được file cũ SD2: 'date'
[2025-10-07T11:14:16.752+0000] {logging_mixin.py:190} INFO - SD2: trích dữ liệu từ 2025-10-01 đến 2025-10-07
[2025-10-07T11:14:16.764+0000] {client.py:83} ERROR - API request failed: HTTPSConnectionPool(host='trading.vietcap.com.vn', port=443): Max retries exceeded with url: /api/chart/OHLCChart/gap (Caused by NameResolutionError("<urllib3.connection.HTTPSConnection object at 0x7e619e7c1a90>: Failed to resolve 'trading.vietcap.com.vn' ([Errno -2] Name or service not known)"))
[2025-10-07T11:14:18.826+0000] {client.py:83} ERROR - API request failed: HTTPSConnectionPool(host='trading.vietcap.com.vn', port=443): Max retries exceeded with url: /api/chart/OHLCChart/gap (Caused by NameResolutionError("<urllib3.connection.HTTPSConnection object at 0x7e619e8047a0>: Failed to resolve 'trading.vietcap.com.vn' ([Errno -2] Name or service not known)"))
[2025-10-07T11:14:20.843+0000] {client.py:83} ERROR - API request failed: HTTPSConnectionPool(host='trading.vietcap.com.vn', port=443): Max retries exceeded with url: /api/chart/OHLCChart/gap (Caused by NameResolutionError("<urllib3.connection.HTTPSConnection object at 0x7e619e8069f0>: Failed to resolve 'trading.vietcap.com.vn' ([Errno -2] Name or service not known)"))
[2025-10-07T11:14:20.846+0000] {logging_mixin.py:190} INFO - Không tìm thấy dữ liệu cho SD2
[2025-10-07T11:14:20.851+0000] {logging_mixin.py:190} INFO - ℹ️ SD2: Không có dữ liệu mới.
[2025-10-07T11:14:20.853+0000] {logging_mixin.py:190} INFO - ⬇️ Bắt đầu xử lý symbol = SD1
[2025-10-07T11:14:20.911+0000] {logging_mixin.py:190} INFO - ⚠️ Không đọc được file cũ SD1: 'date'
[2025-10-07T11:14:20.942+0000] {logging_mixin.py:190} INFO - SD1: trích dữ liệu từ 2024-07-26 đến 2025-10-07
[2025-10-07T11:14:20.959+0000] {client.py:83} ERROR - API request failed: HTTPSConnectionPool(host='trading.vietcap.com.vn', port=443): Max retries exceeded with url: /api/chart/OHLCChart/gap (Caused by NameResolutionError("<urllib3.connection.HTTPSConnection object at 0x7e619e7c0e60>: Failed to resolve 'trading.vietcap.com.vn' ([Errno -2] Name or service not known)"))
[2025-10-07T11:14:22.968+0000] {client.py:83} ERROR - API request failed: HTTPSConnectionPool(host='trading.vietcap.com.vn', port=443): Max retries exceeded with url: /api/chart/OHLCChart/gap (Caused by NameResolutionError("<urllib3.connection.HTTPSConnection object at 0x7e619e893c80>: Failed to resolve 'trading.vietcap.com.vn' ([Errno -2] Name or service not known)"))
[2025-10-07T11:14:24.984+0000] {client.py:83} ERROR - API request failed: HTTPSConnectionPool(host='trading.vietcap.com.vn', port=443): Max retries exceeded with url: /api/chart/OHLCChart/gap (Caused by NameResolutionError("<urllib3.connection.HTTPSConnection object at 0x7e619e8924e0>: Failed to resolve 'trading.vietcap.com.vn' ([Errno -2] Name or service not known)"))
[2025-10-07T11:14:24.987+0000] {logging_mixin.py:190} INFO - Không tìm thấy dữ liệu cho SD1
[2025-10-07T11:14:24.996+0000] {logging_mixin.py:190} INFO - ℹ️ SD1: Không có dữ liệu mới.
[2025-10-07T11:14:25.002+0000] {logging_mixin.py:190} INFO - ⬇️ Bắt đầu xử lý symbol = SCY
[2025-10-07T11:14:25.059+0000] {logging_mixin.py:190} INFO - ⚠️ Không đọc được file cũ SCY: 'date'
[2025-10-07T11:14:25.070+0000] {logging_mixin.py:190} INFO - SCY: trích dữ liệu từ 2025-06-20 đến 2025-10-07
[2025-10-07T11:14:25.077+0000] {client.py:83} ERROR - API request failed: HTTPSConnectionPool(host='trading.vietcap.com.vn', port=443): Max retries exceeded with url: /api/chart/OHLCChart/gap (Caused by NameResolutionError("<urllib3.connection.HTTPSConnection object at 0x7e619e805d00>: Failed to resolve 'trading.vietcap.com.vn' ([Errno -2] Name or service not known)"))
[2025-10-07T11:14:27.084+0000] {client.py:83} ERROR - API request failed: HTTPSConnectionPool(host='trading.vietcap.com.vn', port=443): Max retries exceeded with url: /api/chart/OHLCChart/gap (Caused by NameResolutionError("<urllib3.connection.HTTPSConnection object at 0x7e619e75ec90>: Failed to resolve 'trading.vietcap.com.vn' ([Errno -2] Name or service not known)"))
[2025-10-07T11:14:29.097+0000] {client.py:83} ERROR - API request failed: HTTPSConnectionPool(host='trading.vietcap.com.vn', port=443): Max retries exceeded with url: /api/chart/OHLCChart/gap (Caused by NameResolutionError("<urllib3.connection.HTTPSConnection object at 0x7e619e75f740>: Failed to resolve 'trading.vietcap.com.vn' ([Errno -2] Name or service not known)"))
[2025-10-07T11:14:29.102+0000] {logging_mixin.py:190} INFO - Không tìm thấy dữ liệu cho SCY
[2025-10-07T11:14:29.108+0000] {logging_mixin.py:190} INFO - ℹ️ SCY: Không có dữ liệu mới.
[2025-10-07T11:14:29.110+0000] {logging_mixin.py:190} INFO - 🚦 Giới hạn API đạt mức tối đa, chờ 38.9s...
[2025-10-07T11:15:08.330+0000] {logging_mixin.py:190} INFO - ⬇️ Bắt đầu xử lý symbol = SCV
[2025-10-07T11:15:08.403+0000] {logging_mixin.py:190} INFO - ⚠️ Không đọc được file cũ SCV: 'date'
[2025-10-07T11:15:08.427+0000] {logging_mixin.py:190} INFO - SCV: trích dữ liệu từ 2022-07-29 đến 2025-10-07
[2025-10-07T11:15:08.446+0000] {client.py:83} ERROR - API request failed: HTTPSConnectionPool(host='trading.vietcap.com.vn', port=443): Max retries exceeded with url: /api/chart/OHLCChart/gap (Caused by NameResolutionError("<urllib3.connection.HTTPSConnection object at 0x7e619e7c2420>: Failed to resolve 'trading.vietcap.com.vn' ([Errno -2] Name or service not known)"))
[2025-10-07T11:15:10.508+0000] {client.py:83} ERROR - API request failed: HTTPSConnectionPool(host='trading.vietcap.com.vn', port=443): Max retries exceeded with url: /api/chart/OHLCChart/gap (Caused by NameResolutionError("<urllib3.connection.HTTPSConnection object at 0x7e619e75c2c0>: Failed to resolve 'trading.vietcap.com.vn' ([Errno -2] Name or service not known)"))
[2025-10-07T11:15:12.523+0000] {client.py:83} ERROR - API request failed: HTTPSConnectionPool(host='trading.vietcap.com.vn', port=443): Max retries exceeded with url: /api/chart/OHLCChart/gap (Caused by NameResolutionError("<urllib3.connection.HTTPSConnection object at 0x7e619e75ec90>: Failed to resolve 'trading.vietcap.com.vn' ([Errno -2] Name or service not known)"))
[2025-10-07T11:15:12.527+0000] {logging_mixin.py:190} INFO - Không tìm thấy dữ liệu cho SCV
[2025-10-07T11:15:12.531+0000] {logging_mixin.py:190} INFO - ℹ️ SCV: Không có dữ liệu mới.
[2025-10-07T11:15:12.533+0000] {logging_mixin.py:190} INFO - ⬇️ Bắt đầu xử lý symbol = SCS
[2025-10-07T11:15:12.606+0000] {logging_mixin.py:190} INFO - ⚠️ Không đọc được file cũ SCS: 'date'
[2025-10-07T11:15:12.651+0000] {logging_mixin.py:190} INFO - SCS: trích dữ liệu từ 2025-10-04 đến 2025-10-07
[2025-10-07T11:15:12.663+0000] {client.py:83} ERROR - API request failed: HTTPSConnectionPool(host='trading.vietcap.com.vn', port=443): Max retries exceeded with url: /api/chart/OHLCChart/gap (Caused by NameResolutionError("<urllib3.connection.HTTPSConnection object at 0x7e619e75cb60>: Failed to resolve 'trading.vietcap.com.vn' ([Errno -2] Name or service not known)"))
[2025-10-07T11:15:14.679+0000] {client.py:83} ERROR - API request failed: HTTPSConnectionPool(host='trading.vietcap.com.vn', port=443): Max retries exceeded with url: /api/chart/OHLCChart/gap (Caused by NameResolutionError("<urllib3.connection.HTTPSConnection object at 0x7e619e7c3740>: Failed to resolve 'trading.vietcap.com.vn' ([Errno -2] Name or service not known)"))
[2025-10-07T11:15:16.832+0000] {client.py:83} ERROR - API request failed: HTTPSConnectionPool(host='trading.vietcap.com.vn', port=443): Max retries exceeded with url: /api/chart/OHLCChart/gap (Caused by NameResolutionError("<urllib3.connection.HTTPSConnection object at 0x7e619e75c320>: Failed to resolve 'trading.vietcap.com.vn' ([Errno -2] Name or service not known)"))
[2025-10-07T11:15:16.833+0000] {logging_mixin.py:190} INFO - Không tìm thấy dữ liệu cho SCS
[2025-10-07T11:15:16.836+0000] {logging_mixin.py:190} INFO - ℹ️ SCS: Không có dữ liệu mới.
[2025-10-07T11:15:16.837+0000] {logging_mixin.py:190} INFO - ⬇️ Bắt đầu xử lý symbol = SCR
[2025-10-07T11:15:16.868+0000] {logging_mixin.py:190} INFO - ⚠️ Không đọc được file cũ SCR: 'date'
[2025-10-07T11:15:16.882+0000] {logging_mixin.py:190} INFO - SCR: trích dữ liệu từ 2025-10-04 đến 2025-10-07
[2025-10-07T11:15:16.888+0000] {client.py:83} ERROR - API request failed: HTTPSConnectionPool(host='trading.vietcap.com.vn', port=443): Max retries exceeded with url: /api/chart/OHLCChart/gap (Caused by NameResolutionError("<urllib3.connection.HTTPSConnection object at 0x7e619e990e90>: Failed to resolve 'trading.vietcap.com.vn' ([Errno -2] Name or service not known)"))
[2025-10-07T11:15:18.894+0000] {client.py:83} ERROR - API request failed: HTTPSConnectionPool(host='trading.vietcap.com.vn', port=443): Max retries exceeded with url: /api/chart/OHLCChart/gap (Caused by NameResolutionError("<urllib3.connection.HTTPSConnection object at 0x7e619e93aa20>: Failed to resolve 'trading.vietcap.com.vn' ([Errno -2] Name or service not known)"))
[2025-10-07T11:15:20.910+0000] {client.py:83} ERROR - API request failed: HTTPSConnectionPool(host='trading.vietcap.com.vn', port=443): Max retries exceeded with url: /api/chart/OHLCChart/gap (Caused by NameResolutionError("<urllib3.connection.HTTPSConnection object at 0x7e619e75dc70>: Failed to resolve 'trading.vietcap.com.vn' ([Errno -2] Name or service not known)"))
[2025-10-07T11:15:20.914+0000] {logging_mixin.py:190} INFO - Không tìm thấy dữ liệu cho SCR
[2025-10-07T11:15:20.920+0000] {logging_mixin.py:190} INFO - ℹ️ SCR: Không có dữ liệu mới.
[2025-10-07T11:15:20.922+0000] {logging_mixin.py:190} INFO - ⬇️ Bắt đầu xử lý symbol = SCO
[2025-10-07T11:15:21.013+0000] {logging_mixin.py:190} INFO - ⚠️ Không đọc được file cũ SCO: 'date'
[2025-10-07T11:15:21.049+0000] {logging_mixin.py:190} INFO - SCO: trích dữ liệu từ 2025-09-13 đến 2025-10-07
[2025-10-07T11:15:21.070+0000] {client.py:83} ERROR - API request failed: HTTPSConnectionPool(host='trading.vietcap.com.vn', port=443): Max retries exceeded with url: /api/chart/OHLCChart/gap (Caused by NameResolutionError("<urllib3.connection.HTTPSConnection object at 0x7e619e93a030>: Failed to resolve 'trading.vietcap.com.vn' ([Errno -2] Name or service not known)"))
[2025-10-07T11:15:23.149+0000] {client.py:83} ERROR - API request failed: HTTPSConnectionPool(host='trading.vietcap.com.vn', port=443): Max retries exceeded with url: /api/chart/OHLCChart/gap (Caused by NameResolutionError("<urllib3.connection.HTTPSConnection object at 0x7e619e938ad0>: Failed to resolve 'trading.vietcap.com.vn' ([Errno -2] Name or service not known)"))
[2025-10-07T11:15:25.169+0000] {client.py:83} ERROR - API request failed: HTTPSConnectionPool(host='trading.vietcap.com.vn', port=443): Max retries exceeded with url: /api/chart/OHLCChart/gap (Caused by NameResolutionError("<urllib3.connection.HTTPSConnection object at 0x7e619e882a50>: Failed to resolve 'trading.vietcap.com.vn' ([Errno -2] Name or service not known)"))
[2025-10-07T11:15:25.173+0000] {logging_mixin.py:190} INFO - Không tìm thấy dữ liệu cho SCO
[2025-10-07T11:15:25.179+0000] {logging_mixin.py:190} INFO - ℹ️ SCO: Không có dữ liệu mới.
[2025-10-07T11:15:25.181+0000] {logging_mixin.py:190} INFO - ⬇️ Bắt đầu xử lý symbol = SCL
[2025-10-07T11:15:25.262+0000] {logging_mixin.py:190} INFO - ⚠️ Không đọc được file cũ SCL: 'date'
[2025-10-07T11:15:25.303+0000] {logging_mixin.py:190} INFO - SCL: trích dữ liệu từ 2025-10-04 đến 2025-10-07
[2025-10-07T11:15:25.315+0000] {client.py:83} ERROR - API request failed: HTTPSConnectionPool(host='trading.vietcap.com.vn', port=443): Max retries exceeded with url: /api/chart/OHLCChart/gap (Caused by NameResolutionError("<urllib3.connection.HTTPSConnection object at 0x7e619e938c80>: Failed to resolve 'trading.vietcap.com.vn' ([Errno -2] Name or service not known)"))
[2025-10-07T11:15:27.321+0000] {client.py:83} ERROR - API request failed: HTTPSConnectionPool(host='trading.vietcap.com.vn', port=443): Max retries exceeded with url: /api/chart/OHLCChart/gap (Caused by NameResolutionError("<urllib3.connection.HTTPSConnection object at 0x7e619e7c3380>: Failed to resolve 'trading.vietcap.com.vn' ([Errno -2] Name or service not known)"))
[2025-10-07T11:15:29.335+0000] {client.py:83} ERROR - API request failed: HTTPSConnectionPool(host='trading.vietcap.com.vn', port=443): Max retries exceeded with url: /api/chart/OHLCChart/gap (Caused by NameResolutionError("<urllib3.connection.HTTPSConnection object at 0x7e619e75fe90>: Failed to resolve 'trading.vietcap.com.vn' ([Errno -2] Name or service not known)"))
[2025-10-07T11:15:29.339+0000] {logging_mixin.py:190} INFO - Không tìm thấy dữ liệu cho SCL
[2025-10-07T11:15:29.346+0000] {logging_mixin.py:190} INFO - ℹ️ SCL: Không có dữ liệu mới.
[2025-10-07T11:15:29.349+0000] {logging_mixin.py:190} INFO - 🚦 Giới hạn API đạt mức tối đa, chờ 39.0s...
[2025-10-07T11:16:08.524+0000] {logging_mixin.py:190} INFO - ⬇️ Bắt đầu xử lý symbol = SCJ
[2025-10-07T11:16:08.560+0000] {logging_mixin.py:190} INFO - ⚠️ Không đọc được file cũ SCJ: 'date'
[2025-10-07T11:16:08.575+0000] {logging_mixin.py:190} INFO - SCJ: trích dữ liệu từ 2025-10-02 đến 2025-10-07
[2025-10-07T11:16:08.582+0000] {client.py:83} ERROR - API request failed: HTTPSConnectionPool(host='trading.vietcap.com.vn', port=443): Max retries exceeded with url: /api/chart/OHLCChart/gap (Caused by NameResolutionError("<urllib3.connection.HTTPSConnection object at 0x7e619e83f500>: Failed to resolve 'trading.vietcap.com.vn' ([Errno -2] Name or service not known)"))
[2025-10-07T11:16:10.592+0000] {client.py:83} ERROR - API request failed: HTTPSConnectionPool(host='trading.vietcap.com.vn', port=443): Max retries exceeded with url: /api/chart/OHLCChart/gap (Caused by NameResolutionError("<urllib3.connection.HTTPSConnection object at 0x7e619e7c3740>: Failed to resolve 'trading.vietcap.com.vn' ([Errno -2] Name or service not known)"))
[2025-10-07T11:16:12.605+0000] {client.py:83} ERROR - API request failed: HTTPSConnectionPool(host='trading.vietcap.com.vn', port=443): Max retries exceeded with url: /api/chart/OHLCChart/gap (Caused by NameResolutionError("<urllib3.connection.HTTPSConnection object at 0x7e619e9386b0>: Failed to resolve 'trading.vietcap.com.vn' ([Errno -2] Name or service not known)"))
[2025-10-07T11:16:12.608+0000] {logging_mixin.py:190} INFO - Không tìm thấy dữ liệu cho SCJ
[2025-10-07T11:16:12.613+0000] {logging_mixin.py:190} INFO - ℹ️ SCJ: Không có dữ liệu mới.
[2025-10-07T11:16:12.615+0000] {logging_mixin.py:190} INFO - ⬇️ Bắt đầu xử lý symbol = SCI
[2025-10-07T11:16:12.710+0000] {logging_mixin.py:190} INFO - ⚠️ Không đọc được file cũ SCI: 'date'
[2025-10-07T11:16:12.752+0000] {logging_mixin.py:190} INFO - SCI: trích dữ liệu từ 2025-10-04 đến 2025-10-07
[2025-10-07T11:16:12.780+0000] {client.py:83} ERROR - API request failed: HTTPSConnectionPool(host='trading.vietcap.com.vn', port=443): Max retries exceeded with url: /api/chart/OHLCChart/gap (Caused by NameResolutionError("<urllib3.connection.HTTPSConnection object at 0x7e619e83f5f0>: Failed to resolve 'trading.vietcap.com.vn' ([Errno -2] Name or service not known)"))
[2025-10-07T11:16:14.799+0000] {client.py:83} ERROR - API request failed: HTTPSConnectionPool(host='trading.vietcap.com.vn', port=443): Max retries exceeded with url: /api/chart/OHLCChart/gap (Caused by NameResolutionError("<urllib3.connection.HTTPSConnection object at 0x7e619e83c7d0>: Failed to resolve 'trading.vietcap.com.vn' ([Errno -2] Name or service not known)"))
[2025-10-07T11:16:16.869+0000] {client.py:83} ERROR - API request failed: HTTPSConnectionPool(host='trading.vietcap.com.vn', port=443): Max retries exceeded with url: /api/chart/OHLCChart/gap (Caused by NameResolutionError("<urllib3.connection.HTTPSConnection object at 0x7e619e939940>: Failed to resolve 'trading.vietcap.com.vn' ([Errno -2] Name or service not known)"))
[2025-10-07T11:16:16.874+0000] {logging_mixin.py:190} INFO - Không tìm thấy dữ liệu cho SCI
[2025-10-07T11:16:16.884+0000] {logging_mixin.py:190} INFO - ℹ️ SCI: Không có dữ liệu mới.
[2025-10-07T11:16:16.887+0000] {logging_mixin.py:190} INFO - ⬇️ Bắt đầu xử lý symbol = SCG
[2025-10-07T11:16:16.981+0000] {logging_mixin.py:190} INFO - ⚠️ Không đọc được file cũ SCG: 'date'
[2025-10-07T11:16:17.015+0000] {logging_mixin.py:190} INFO - SCG: trích dữ liệu từ 2025-10-04 đến 2025-10-07
[2025-10-07T11:16:17.034+0000] {client.py:83} ERROR - API request failed: HTTPSConnectionPool(host='trading.vietcap.com.vn', port=443): Max retries exceeded with url: /api/chart/OHLCChart/gap (Caused by NameResolutionError("<urllib3.connection.HTTPSConnection object at 0x7e619e83f7a0>: Failed to resolve 'trading.vietcap.com.vn' ([Errno -2] Name or service not known)"))
[2025-10-07T11:16:19.089+0000] {client.py:83} ERROR - API request failed: HTTPSConnectionPool(host='trading.vietcap.com.vn', port=443): Max retries exceeded with url: /api/chart/OHLCChart/gap (Caused by NameResolutionError("<urllib3.connection.HTTPSConnection object at 0x7e619e83e360>: Failed to resolve 'trading.vietcap.com.vn' ([Errno -2] Name or service not known)"))
[2025-10-07T11:16:21.356+0000] {client.py:83} ERROR - API request failed: HTTPSConnectionPool(host='trading.vietcap.com.vn', port=443): Max retries exceeded with url: /api/chart/OHLCChart/gap (Caused by NameResolutionError("<urllib3.connection.HTTPSConnection object at 0x7e619e83c860>: Failed to resolve 'trading.vietcap.com.vn' ([Errno -2] Name or service not known)"))
[2025-10-07T11:16:21.358+0000] {logging_mixin.py:190} INFO - Không tìm thấy dữ liệu cho SCG
[2025-10-07T11:16:21.361+0000] {logging_mixin.py:190} INFO - ℹ️ SCG: Không có dữ liệu mới.
[2025-10-07T11:16:21.362+0000] {logging_mixin.py:190} INFO - ⬇️ Bắt đầu xử lý symbol = SCD
[2025-10-07T11:16:21.411+0000] {logging_mixin.py:190} INFO - ⚠️ Không đọc được file cũ SCD: 'date'
[2025-10-07T11:16:21.430+0000] {logging_mixin.py:190} INFO - SCD: trích dữ liệu từ 2025-10-04 đến 2025-10-07
[2025-10-07T11:16:21.440+0000] {client.py:83} ERROR - API request failed: HTTPSConnectionPool(host='trading.vietcap.com.vn', port=443): Max retries exceeded with url: /api/chart/OHLCChart/gap (Caused by NameResolutionError("<urllib3.connection.HTTPSConnection object at 0x7e619e882000>: Failed to resolve 'trading.vietcap.com.vn' ([Errno -2] Name or service not known)"))
[2025-10-07T11:16:23.450+0000] {client.py:83} ERROR - API request failed: HTTPSConnectionPool(host='trading.vietcap.com.vn', port=443): Max retries exceeded with url: /api/chart/OHLCChart/gap (Caused by NameResolutionError("<urllib3.connection.HTTPSConnection object at 0x7e619e83fe30>: Failed to resolve 'trading.vietcap.com.vn' ([Errno -2] Name or service not known)"))
[2025-10-07T11:16:25.472+0000] {client.py:83} ERROR - API request failed: HTTPSConnectionPool(host='trading.vietcap.com.vn', port=443): Max retries exceeded with url: /api/chart/OHLCChart/gap (Caused by NameResolutionError("<urllib3.connection.HTTPSConnection object at 0x7e619e83ddc0>: Failed to resolve 'trading.vietcap.com.vn' ([Errno -2] Name or service not known)"))
[2025-10-07T11:16:25.479+0000] {logging_mixin.py:190} INFO - Không tìm thấy dữ liệu cho SCD
[2025-10-07T11:16:25.489+0000] {logging_mixin.py:190} INFO - ℹ️ SCD: Không có dữ liệu mới.
[2025-10-07T11:16:25.491+0000] {logging_mixin.py:190} INFO - ⬇️ Bắt đầu xử lý symbol = SCC
[2025-10-07T11:16:25.573+0000] {logging_mixin.py:190} INFO - ⚠️ Không đọc được file cũ SCC: 'date'
[2025-10-07T11:16:25.590+0000] {logging_mixin.py:190} INFO - SCC: trích dữ liệu từ 2025-10-04 đến 2025-10-07
[2025-10-07T11:16:25.599+0000] {client.py:83} ERROR - API request failed: HTTPSConnectionPool(host='trading.vietcap.com.vn', port=443): Max retries exceeded with url: /api/chart/OHLCChart/gap (Caused by NameResolutionError("<urllib3.connection.HTTPSConnection object at 0x7e619e83d2e0>: Failed to resolve 'trading.vietcap.com.vn' ([Errno -2] Name or service not known)"))
[2025-10-07T11:16:27.617+0000] {client.py:83} ERROR - API request failed: HTTPSConnectionPool(host='trading.vietcap.com.vn', port=443): Max retries exceeded with url: /api/chart/OHLCChart/gap (Caused by NameResolutionError("<urllib3.connection.HTTPSConnection object at 0x7e619e83ec00>: Failed to resolve 'trading.vietcap.com.vn' ([Errno -2] Name or service not known)"))
[2025-10-07T11:16:29.633+0000] {client.py:83} ERROR - API request failed: HTTPSConnectionPool(host='trading.vietcap.com.vn', port=443): Max retries exceeded with url: /api/chart/OHLCChart/gap (Caused by NameResolutionError("<urllib3.connection.HTTPSConnection object at 0x7e619e96ce60>: Failed to resolve 'trading.vietcap.com.vn' ([Errno -2] Name or service not known)"))
[2025-10-07T11:16:29.636+0000] {logging_mixin.py:190} INFO - Không tìm thấy dữ liệu cho SCC
[2025-10-07T11:16:29.642+0000] {logging_mixin.py:190} INFO - ℹ️ SCC: Không có dữ liệu mới.
[2025-10-07T11:16:29.644+0000] {logging_mixin.py:190} INFO - 🚦 Giới hạn API đạt mức tối đa, chờ 38.9s...
[2025-10-07T11:17:08.627+0000] {logging_mixin.py:190} INFO - ⬇️ Bắt đầu xử lý symbol = SCA
[2025-10-07T11:17:08.694+0000] {logging_mixin.py:190} INFO - ⚠️ Không đọc được file cũ SCA: 'date'
[2025-10-07T11:17:08.728+0000] {logging_mixin.py:190} INFO - SCA: trích dữ liệu từ 2022-07-29 đến 2025-10-07
[2025-10-07T11:17:08.784+0000] {client.py:83} ERROR - API request failed: HTTPSConnectionPool(host='trading.vietcap.com.vn', port=443): Max retries exceeded with url: /api/chart/OHLCChart/gap (Caused by NameResolutionError("<urllib3.connection.HTTPSConnection object at 0x7e619e75caa0>: Failed to resolve 'trading.vietcap.com.vn' ([Errno -2] Name or service not known)"))
[2025-10-07T11:17:10.792+0000] {client.py:83} ERROR - API request failed: HTTPSConnectionPool(host='trading.vietcap.com.vn', port=443): Max retries exceeded with url: /api/chart/OHLCChart/gap (Caused by NameResolutionError("<urllib3.connection.HTTPSConnection object at 0x7e619e893e90>: Failed to resolve 'trading.vietcap.com.vn' ([Errno -2] Name or service not known)"))
[2025-10-07T11:17:12.799+0000] {client.py:83} ERROR - API request failed: HTTPSConnectionPool(host='trading.vietcap.com.vn', port=443): Max retries exceeded with url: /api/chart/OHLCChart/gap (Caused by NameResolutionError("<urllib3.connection.HTTPSConnection object at 0x7e619e75db20>: Failed to resolve 'trading.vietcap.com.vn' ([Errno -2] Name or service not known)"))
[2025-10-07T11:17:12.801+0000] {logging_mixin.py:190} INFO - Không tìm thấy dữ liệu cho SCA
[2025-10-07T11:17:12.802+0000] {logging_mixin.py:190} INFO - ℹ️ SCA: Không có dữ liệu mới.
[2025-10-07T11:17:12.803+0000] {logging_mixin.py:190} INFO - ⬇️ Bắt đầu xử lý symbol = SC5
[2025-10-07T11:17:12.840+0000] {logging_mixin.py:190} INFO - ⚠️ Không đọc được file cũ SC5: 'date'
[2025-10-07T11:17:12.859+0000] {logging_mixin.py:190} INFO - SC5: trích dữ liệu từ 2025-10-02 đến 2025-10-07
[2025-10-07T11:17:12.867+0000] {client.py:83} ERROR - API request failed: HTTPSConnectionPool(host='trading.vietcap.com.vn', port=443): Max retries exceeded with url: /api/chart/OHLCChart/gap (Caused by NameResolutionError("<urllib3.connection.HTTPSConnection object at 0x7e619e83de20>: Failed to resolve 'trading.vietcap.com.vn' ([Errno -2] Name or service not known)"))
[2025-10-07T11:17:14.883+0000] {client.py:83} ERROR - API request failed: HTTPSConnectionPool(host='trading.vietcap.com.vn', port=443): Max retries exceeded with url: /api/chart/OHLCChart/gap (Caused by NameResolutionError("<urllib3.connection.HTTPSConnection object at 0x7e619e893a40>: Failed to resolve 'trading.vietcap.com.vn' ([Errno -2] Name or service not known)"))
[2025-10-07T11:17:16.908+0000] {client.py:83} ERROR - API request failed: HTTPSConnectionPool(host='trading.vietcap.com.vn', port=443): Max retries exceeded with url: /api/chart/OHLCChart/gap (Caused by NameResolutionError("<urllib3.connection.HTTPSConnection object at 0x7e619e807140>: Failed to resolve 'trading.vietcap.com.vn' ([Errno -2] Name or service not known)"))
[2025-10-07T11:17:16.915+0000] {logging_mixin.py:190} INFO - Không tìm thấy dữ liệu cho SC5
[2025-10-07T11:17:16.920+0000] {logging_mixin.py:190} INFO - ℹ️ SC5: Không có dữ liệu mới.
[2025-10-07T11:17:16.922+0000] {logging_mixin.py:190} INFO - ⬇️ Bắt đầu xử lý symbol = SBV
[2025-10-07T11:17:16.956+0000] {logging_mixin.py:190} INFO - ⚠️ Không đọc được file cũ SBV: 'date'
[2025-10-07T11:17:16.966+0000] {logging_mixin.py:190} INFO - SBV: trích dữ liệu từ 2025-10-04 đến 2025-10-07
[2025-10-07T11:17:16.972+0000] {client.py:83} ERROR - API request failed: HTTPSConnectionPool(host='trading.vietcap.com.vn', port=443): Max retries exceeded with url: /api/chart/OHLCChart/gap (Caused by NameResolutionError("<urllib3.connection.HTTPSConnection object at 0x7e619e75db80>: Failed to resolve 'trading.vietcap.com.vn' ([Errno -2] Name or service not known)"))
[2025-10-07T11:17:19.011+0000] {client.py:83} ERROR - API request failed: HTTPSConnectionPool(host='trading.vietcap.com.vn', port=443): Max retries exceeded with url: /api/chart/OHLCChart/gap (Caused by NameResolutionError("<urllib3.connection.HTTPSConnection object at 0x7e619e75f350>: Failed to resolve 'trading.vietcap.com.vn' ([Errno -2] Name or service not known)"))
[2025-10-07T11:17:21.028+0000] {client.py:83} ERROR - API request failed: HTTPSConnectionPool(host='trading.vietcap.com.vn', port=443): Max retries exceeded with url: /api/chart/OHLCChart/gap (Caused by NameResolutionError("<urllib3.connection.HTTPSConnection object at 0x7e619e93ad50>: Failed to resolve 'trading.vietcap.com.vn' ([Errno -2] Name or service not known)"))
[2025-10-07T11:17:21.032+0000] {logging_mixin.py:190} INFO - Không tìm thấy dữ liệu cho SBV
[2025-10-07T11:17:21.037+0000] {logging_mixin.py:190} INFO - ℹ️ SBV: Không có dữ liệu mới.
[2025-10-07T11:17:21.039+0000] {logging_mixin.py:190} INFO - 🚦 Giới hạn API đạt mức tối đa, chờ 0.3s...
[2025-10-07T11:17:21.364+0000] {logging_mixin.py:190} INFO - ⬇️ Bắt đầu xử lý symbol = SBT
[2025-10-07T11:17:21.418+0000] {logging_mixin.py:190} INFO - ⚠️ Không đọc được file cũ SBT: 'date'
[2025-10-07T11:17:21.440+0000] {logging_mixin.py:190} INFO - SBT: trích dữ liệu từ 2025-10-04 đến 2025-10-07
[2025-10-07T11:17:21.450+0000] {client.py:83} ERROR - API request failed: HTTPSConnectionPool(host='trading.vietcap.com.vn', port=443): Max retries exceeded with url: /api/chart/OHLCChart/gap (Caused by NameResolutionError("<urllib3.connection.HTTPSConnection object at 0x7e619e83f110>: Failed to resolve 'trading.vietcap.com.vn' ([Errno -2] Name or service not known)"))
[2025-10-07T11:17:23.458+0000] {client.py:83} ERROR - API request failed: HTTPSConnectionPool(host='trading.vietcap.com.vn', port=443): Max retries exceeded with url: /api/chart/OHLCChart/gap (Caused by NameResolutionError("<urllib3.connection.HTTPSConnection object at 0x7e619e75df40>: Failed to resolve 'trading.vietcap.com.vn' ([Errno -2] Name or service not known)"))
[2025-10-07T11:17:25.465+0000] {client.py:83} ERROR - API request failed: HTTPSConnectionPool(host='trading.vietcap.com.vn', port=443): Max retries exceeded with url: /api/chart/OHLCChart/gap (Caused by NameResolutionError("<urllib3.connection.HTTPSConnection object at 0x7e619e75e8d0>: Failed to resolve 'trading.vietcap.com.vn' ([Errno -2] Name or service not known)"))
[2025-10-07T11:17:25.468+0000] {logging_mixin.py:190} INFO - Không tìm thấy dữ liệu cho SBT
[2025-10-07T11:17:25.471+0000] {logging_mixin.py:190} INFO - ℹ️ SBT: Không có dữ liệu mới.
[2025-10-07T11:17:25.472+0000] {logging_mixin.py:190} INFO - 🚦 Giới hạn API đạt mức tối đa, chờ 0.0s...
[2025-10-07T11:17:25.492+0000] {logging_mixin.py:190} INFO - ⬇️ Bắt đầu xử lý symbol = SBS
[2025-10-07T11:17:25.518+0000] {logging_mixin.py:190} INFO - ⚠️ Không đọc được file cũ SBS: 'date'
[2025-10-07T11:17:25.532+0000] {logging_mixin.py:190} INFO - SBS: trích dữ liệu từ 2025-10-04 đến 2025-10-07
[2025-10-07T11:17:25.539+0000] {client.py:83} ERROR - API request failed: HTTPSConnectionPool(host='trading.vietcap.com.vn', port=443): Max retries exceeded with url: /api/chart/OHLCChart/gap (Caused by NameResolutionError("<urllib3.connection.HTTPSConnection object at 0x7e619e83c1d0>: Failed to resolve 'trading.vietcap.com.vn' ([Errno -2] Name or service not known)"))
[2025-10-07T11:17:27.562+0000] {client.py:83} ERROR - API request failed: HTTPSConnectionPool(host='trading.vietcap.com.vn', port=443): Max retries exceeded with url: /api/chart/OHLCChart/gap (Caused by NameResolutionError("<urllib3.connection.HTTPSConnection object at 0x7e619e83d010>: Failed to resolve 'trading.vietcap.com.vn' ([Errno -2] Name or service not known)"))
[2025-10-07T11:17:29.597+0000] {client.py:83} ERROR - API request failed: HTTPSConnectionPool(host='trading.vietcap.com.vn', port=443): Max retries exceeded with url: /api/chart/OHLCChart/gap (Caused by NameResolutionError("<urllib3.connection.HTTPSConnection object at 0x7e619e83dac0>: Failed to resolve 'trading.vietcap.com.vn' ([Errno -2] Name or service not known)"))
[2025-10-07T11:17:29.601+0000] {logging_mixin.py:190} INFO - Không tìm thấy dữ liệu cho SBS
[2025-10-07T11:17:29.612+0000] {logging_mixin.py:190} INFO - ℹ️ SBS: Không có dữ liệu mới.
[2025-10-07T11:17:29.615+0000] {logging_mixin.py:190} INFO - 🚦 Giới hạn API đạt mức tối đa, chờ 39.0s...
[2025-10-07T11:18:08.697+0000] {logging_mixin.py:190} INFO - ⬇️ Bắt đầu xử lý symbol = SBR
[2025-10-07T11:18:08.784+0000] {logging_mixin.py:190} INFO - ⚠️ Không đọc được file cũ SBR: 'date'
[2025-10-07T11:18:08.829+0000] {logging_mixin.py:190} INFO - SBR: trích dữ liệu từ 2025-10-01 đến 2025-10-07
[2025-10-07T11:18:08.862+0000] {client.py:83} ERROR - API request failed: HTTPSConnectionPool(host='trading.vietcap.com.vn', port=443): Max retries exceeded with url: /api/chart/OHLCChart/gap (Caused by NameResolutionError("<urllib3.connection.HTTPSConnection object at 0x7e619e93baa0>: Failed to resolve 'trading.vietcap.com.vn' ([Errno -2] Name or service not known)"))
[2025-10-07T11:18:10.879+0000] {client.py:83} ERROR - API request failed: HTTPSConnectionPool(host='trading.vietcap.com.vn', port=443): Max retries exceeded with url: /api/chart/OHLCChart/gap (Caused by NameResolutionError("<urllib3.connection.HTTPSConnection object at 0x7e619e8078c0>: Failed to resolve 'trading.vietcap.com.vn' ([Errno -2] Name or service not known)"))
[2025-10-07T11:18:12.905+0000] {client.py:83} ERROR - API request failed: HTTPSConnectionPool(host='trading.vietcap.com.vn', port=443): Max retries exceeded with url: /api/chart/OHLCChart/gap (Caused by NameResolutionError("<urllib3.connection.HTTPSConnection object at 0x7e619e804920>: Failed to resolve 'trading.vietcap.com.vn' ([Errno -2] Name or service not known)"))
[2025-10-07T11:18:12.913+0000] {logging_mixin.py:190} INFO - Không tìm thấy dữ liệu cho SBR
[2025-10-07T11:18:12.917+0000] {logging_mixin.py:190} INFO - ℹ️ SBR: Không có dữ liệu mới.
[2025-10-07T11:18:12.918+0000] {logging_mixin.py:190} INFO - ⬇️ Bắt đầu xử lý symbol = SBM
[2025-10-07T11:18:12.953+0000] {logging_mixin.py:190} INFO - ⚠️ Không đọc được file cũ SBM: 'date'
[2025-10-07T11:18:12.971+0000] {logging_mixin.py:190} INFO - SBM: trích dữ liệu từ 2025-10-01 đến 2025-10-07
[2025-10-07T11:18:12.979+0000] {client.py:83} ERROR - API request failed: HTTPSConnectionPool(host='trading.vietcap.com.vn', port=443): Max retries exceeded with url: /api/chart/OHLCChart/gap (Caused by NameResolutionError("<urllib3.connection.HTTPSConnection object at 0x7e619e75f4a0>: Failed to resolve 'trading.vietcap.com.vn' ([Errno -2] Name or service not known)"))
[2025-10-07T11:18:15.000+0000] {client.py:83} ERROR - API request failed: HTTPSConnectionPool(host='trading.vietcap.com.vn', port=443): Max retries exceeded with url: /api/chart/OHLCChart/gap (Caused by NameResolutionError("<urllib3.connection.HTTPSConnection object at 0x7e619e807ad0>: Failed to resolve 'trading.vietcap.com.vn' ([Errno -2] Name or service not known)"))
[2025-10-07T11:18:17.023+0000] {client.py:83} ERROR - API request failed: HTTPSConnectionPool(host='trading.vietcap.com.vn', port=443): Max retries exceeded with url: /api/chart/OHLCChart/gap (Caused by NameResolutionError("<urllib3.connection.HTTPSConnection object at 0x7e619e804110>: Failed to resolve 'trading.vietcap.com.vn' ([Errno -2] Name or service not known)"))
[2025-10-07T11:18:17.026+0000] {logging_mixin.py:190} INFO - Không tìm thấy dữ liệu cho SBM
[2025-10-07T11:18:17.031+0000] {logging_mixin.py:190} INFO - ℹ️ SBM: Không có dữ liệu mới.
[2025-10-07T11:18:17.034+0000] {logging_mixin.py:190} INFO - ⬇️ Bắt đầu xử lý symbol = SBL
[2025-10-07T11:18:17.121+0000] {logging_mixin.py:190} INFO - ⚠️ Không đọc được file cũ SBL: 'date'
[2025-10-07T11:18:17.141+0000] {logging_mixin.py:190} INFO - SBL: trích dữ liệu từ 2025-10-03 đến 2025-10-07
[2025-10-07T11:18:17.155+0000] {client.py:83} ERROR - API request failed: HTTPSConnectionPool(host='trading.vietcap.com.vn', port=443): Max retries exceeded with url: /api/chart/OHLCChart/gap (Caused by NameResolutionError("<urllib3.connection.HTTPSConnection object at 0x7e619e806420>: Failed to resolve 'trading.vietcap.com.vn' ([Errno -2] Name or service not known)"))
[2025-10-07T11:18:19.191+0000] {client.py:83} ERROR - API request failed: HTTPSConnectionPool(host='trading.vietcap.com.vn', port=443): Max retries exceeded with url: /api/chart/OHLCChart/gap (Caused by NameResolutionError("<urllib3.connection.HTTPSConnection object at 0x7e61d60e2720>: Failed to resolve 'trading.vietcap.com.vn' ([Errno -2] Name or service not known)"))
[2025-10-07T11:18:21.219+0000] {client.py:83} ERROR - API request failed: HTTPSConnectionPool(host='trading.vietcap.com.vn', port=443): Max retries exceeded with url: /api/chart/OHLCChart/gap (Caused by NameResolutionError("<urllib3.connection.HTTPSConnection object at 0x7e619e938aa0>: Failed to resolve 'trading.vietcap.com.vn' ([Errno -2] Name or service not known)"))
[2025-10-07T11:18:21.226+0000] {logging_mixin.py:190} INFO - Không tìm thấy dữ liệu cho SBL
[2025-10-07T11:18:21.237+0000] {logging_mixin.py:190} INFO - ℹ️ SBL: Không có dữ liệu mới.
[2025-10-07T11:18:21.239+0000] {logging_mixin.py:190} INFO - 🚦 Giới hạn API đạt mức tối đa, chờ 0.1s...
[2025-10-07T11:18:21.367+0000] {logging_mixin.py:190} INFO - ⬇️ Bắt đầu xử lý symbol = SBH
[2025-10-07T11:18:21.402+0000] {logging_mixin.py:190} INFO - ⚠️ Không đọc được file cũ SBH: 'date'
[2025-10-07T11:18:21.414+0000] {logging_mixin.py:190} INFO - SBH: trích dữ liệu từ 2025-10-04 đến 2025-10-07
[2025-10-07T11:18:21.420+0000] {client.py:83} ERROR - API request failed: HTTPSConnectionPool(host='trading.vietcap.com.vn', port=443): Max retries exceeded with url: /api/chart/OHLCChart/gap (Caused by NameResolutionError("<urllib3.connection.HTTPSConnection object at 0x7e619e805d30>: Failed to resolve 'trading.vietcap.com.vn' ([Errno -2] Name or service not known)"))
[2025-10-07T11:18:23.427+0000] {client.py:83} ERROR - API request failed: HTTPSConnectionPool(host='trading.vietcap.com.vn', port=443): Max retries exceeded with url: /api/chart/OHLCChart/gap (Caused by NameResolutionError("<urllib3.connection.HTTPSConnection object at 0x7e619e7c2d80>: Failed to resolve 'trading.vietcap.com.vn' ([Errno -2] Name or service not known)"))
[2025-10-07T11:18:25.443+0000] {client.py:83} ERROR - API request failed: HTTPSConnectionPool(host='trading.vietcap.com.vn', port=443): Max retries exceeded with url: /api/chart/OHLCChart/gap (Caused by NameResolutionError("<urllib3.connection.HTTPSConnection object at 0x7e619e806000>: Failed to resolve 'trading.vietcap.com.vn' ([Errno -2] Name or service not known)"))
[2025-10-07T11:18:25.754+0000] {logging_mixin.py:190} INFO - Không tìm thấy dữ liệu cho SBH
[2025-10-07T11:18:25.761+0000] {logging_mixin.py:190} INFO - ℹ️ SBH: Không có dữ liệu mới.
[2025-10-07T11:18:25.765+0000] {logging_mixin.py:190} INFO - ⬇️ Bắt đầu xử lý symbol = SBG
[2025-10-07T11:18:25.796+0000] {logging_mixin.py:190} INFO - ⚠️ Không đọc được file cũ SBG: 'date'
[2025-10-07T11:18:25.806+0000] {logging_mixin.py:190} INFO - SBG: trích dữ liệu từ 2025-10-04 đến 2025-10-07
[2025-10-07T11:18:25.811+0000] {client.py:83} ERROR - API request failed: HTTPSConnectionPool(host='trading.vietcap.com.vn', port=443): Max retries exceeded with url: /api/chart/OHLCChart/gap (Caused by NameResolutionError("<urllib3.connection.HTTPSConnection object at 0x7e619e7c2330>: Failed to resolve 'trading.vietcap.com.vn' ([Errno -2] Name or service not known)"))
[2025-10-07T11:18:27.818+0000] {client.py:83} ERROR - API request failed: HTTPSConnectionPool(host='trading.vietcap.com.vn', port=443): Max retries exceeded with url: /api/chart/OHLCChart/gap (Caused by NameResolutionError("<urllib3.connection.HTTPSConnection object at 0x7e619e7c0380>: Failed to resolve 'trading.vietcap.com.vn' ([Errno -2] Name or service not known)"))
[2025-10-07T11:18:29.832+0000] {client.py:83} ERROR - API request failed: HTTPSConnectionPool(host='trading.vietcap.com.vn', port=443): Max retries exceeded with url: /api/chart/OHLCChart/gap (Caused by NameResolutionError("<urllib3.connection.HTTPSConnection object at 0x7e619e990d40>: Failed to resolve 'trading.vietcap.com.vn' ([Errno -2] Name or service not known)"))
[2025-10-07T11:18:29.833+0000] {logging_mixin.py:190} INFO - Không tìm thấy dữ liệu cho SBG
[2025-10-07T11:18:29.840+0000] {logging_mixin.py:190} INFO - ℹ️ SBG: Không có dữ liệu mới.
[2025-10-07T11:18:29.846+0000] {logging_mixin.py:190} INFO - 🚦 Giới hạn API đạt mức tối đa, chờ 38.9s...
[2025-10-07T11:19:08.712+0000] {logging_mixin.py:190} INFO - ⬇️ Bắt đầu xử lý symbol = SBD
[2025-10-07T11:19:08.796+0000] {logging_mixin.py:190} INFO - ⚠️ Không đọc được file cũ SBD: 'date'
[2025-10-07T11:19:08.809+0000] {logging_mixin.py:190} INFO - SBD: trích dữ liệu từ 2025-10-03 đến 2025-10-07
[2025-10-07T11:19:08.814+0000] {client.py:83} ERROR - API request failed: HTTPSConnectionPool(host='trading.vietcap.com.vn', port=443): Max retries exceeded with url: /api/chart/OHLCChart/gap (Caused by NameResolutionError("<urllib3.connection.HTTPSConnection object at 0x7e619e93a2a0>: Failed to resolve 'trading.vietcap.com.vn' ([Errno -2] Name or service not known)"))
[2025-10-07T11:19:10.823+0000] {client.py:83} ERROR - API request failed: HTTPSConnectionPool(host='trading.vietcap.com.vn', port=443): Max retries exceeded with url: /api/chart/OHLCChart/gap (Caused by NameResolutionError("<urllib3.connection.HTTPSConnection object at 0x7e619e7c2ae0>: Failed to resolve 'trading.vietcap.com.vn' ([Errno -2] Name or service not known)"))
[2025-10-07T11:19:12.831+0000] {client.py:83} ERROR - API request failed: HTTPSConnectionPool(host='trading.vietcap.com.vn', port=443): Max retries exceeded with url: /api/chart/OHLCChart/gap (Caused by NameResolutionError("<urllib3.connection.HTTPSConnection object at 0x7e619e7c0da0>: Failed to resolve 'trading.vietcap.com.vn' ([Errno -2] Name or service not known)"))
[2025-10-07T11:19:12.833+0000] {logging_mixin.py:190} INFO - Không tìm thấy dữ liệu cho SBD
[2025-10-07T11:19:12.836+0000] {logging_mixin.py:190} INFO - ℹ️ SBD: Không có dữ liệu mới.
[2025-10-07T11:19:12.837+0000] {logging_mixin.py:190} INFO - 🚦 Giới hạn API đạt mức tối đa, chờ 0.1s...
[2025-10-07T11:19:12.919+0000] {logging_mixin.py:190} INFO - ⬇️ Bắt đầu xử lý symbol = SBB
[2025-10-07T11:19:12.957+0000] {logging_mixin.py:190} INFO - ⚠️ Không đọc được file cũ SBB: 'date'
[2025-10-07T11:19:12.975+0000] {logging_mixin.py:190} INFO - SBB: trích dữ liệu từ 2025-10-04 đến 2025-10-07
[2025-10-07T11:19:12.985+0000] {client.py:83} ERROR - API request failed: HTTPSConnectionPool(host='trading.vietcap.com.vn', port=443): Max retries exceeded with url: /api/chart/OHLCChart/gap (Caused by NameResolutionError("<urllib3.connection.HTTPSConnection object at 0x7e619e7c39e0>: Failed to resolve 'trading.vietcap.com.vn' ([Errno -2] Name or service not known)"))
[2025-10-07T11:19:15.006+0000] {client.py:83} ERROR - API request failed: HTTPSConnectionPool(host='trading.vietcap.com.vn', port=443): Max retries exceeded with url: /api/chart/OHLCChart/gap (Caused by NameResolutionError("<urllib3.connection.HTTPSConnection object at 0x7e619e83f9b0>: Failed to resolve 'trading.vietcap.com.vn' ([Errno -2] Name or service not known)"))
[2025-10-07T11:19:17.017+0000] {client.py:83} ERROR - API request failed: HTTPSConnectionPool(host='trading.vietcap.com.vn', port=443): Max retries exceeded with url: /api/chart/OHLCChart/gap (Caused by NameResolutionError("<urllib3.connection.HTTPSConnection object at 0x7e619e83fa10>: Failed to resolve 'trading.vietcap.com.vn' ([Errno -2] Name or service not known)"))
[2025-10-07T11:19:17.020+0000] {logging_mixin.py:190} INFO - Không tìm thấy dữ liệu cho SBB
[2025-10-07T11:19:17.039+0000] {logging_mixin.py:190} INFO - ℹ️ SBB: Không có dữ liệu mới.
[2025-10-07T11:19:17.040+0000] {logging_mixin.py:190} INFO - ⬇️ Bắt đầu xử lý symbol = SBA
[2025-10-07T11:19:17.081+0000] {logging_mixin.py:190} INFO - ⚠️ Không đọc được file cũ SBA: 'date'
[2025-10-07T11:19:17.096+0000] {logging_mixin.py:190} INFO - SBA: trích dữ liệu từ 2025-10-04 đến 2025-10-07
[2025-10-07T11:19:17.106+0000] {client.py:83} ERROR - API request failed: HTTPSConnectionPool(host='trading.vietcap.com.vn', port=443): Max retries exceeded with url: /api/chart/OHLCChart/gap (Caused by NameResolutionError("<urllib3.connection.HTTPSConnection object at 0x7e619de77590>: Failed to resolve 'trading.vietcap.com.vn' ([Errno -2] Name or service not known)"))
[2025-10-07T11:19:19.129+0000] {client.py:83} ERROR - API request failed: HTTPSConnectionPool(host='trading.vietcap.com.vn', port=443): Max retries exceeded with url: /api/chart/OHLCChart/gap (Caused by NameResolutionError("<urllib3.connection.HTTPSConnection object at 0x7e619e83f6e0>: Failed to resolve 'trading.vietcap.com.vn' ([Errno -2] Name or service not known)"))
[2025-10-07T11:19:21.140+0000] {client.py:83} ERROR - API request failed: HTTPSConnectionPool(host='trading.vietcap.com.vn', port=443): Max retries exceeded with url: /api/chart/OHLCChart/gap (Caused by NameResolutionError("<urllib3.connection.HTTPSConnection object at 0x7e619e7c0fe0>: Failed to resolve 'trading.vietcap.com.vn' ([Errno -2] Name or service not known)"))
[2025-10-07T11:19:21.141+0000] {logging_mixin.py:190} INFO - Không tìm thấy dữ liệu cho SBA
[2025-10-07T11:19:21.144+0000] {logging_mixin.py:190} INFO - ℹ️ SBA: Không có dữ liệu mới.
[2025-10-07T11:19:21.145+0000] {logging_mixin.py:190} INFO - 🚦 Giới hạn API đạt mức tối đa, chờ 0.2s...
[2025-10-07T11:19:21.368+0000] {logging_mixin.py:190} INFO - ⬇️ Bắt đầu xử lý symbol = SB1
[2025-10-07T11:19:21.398+0000] {logging_mixin.py:190} INFO - ⚠️ Không đọc được file cũ SB1: 'date'
[2025-10-07T11:19:21.412+0000] {logging_mixin.py:190} INFO - SB1: trích dữ liệu từ 2025-10-04 đến 2025-10-07
[2025-10-07T11:19:21.420+0000] {client.py:83} ERROR - API request failed: HTTPSConnectionPool(host='trading.vietcap.com.vn', port=443): Max retries exceeded with url: /api/chart/OHLCChart/gap (Caused by NameResolutionError("<urllib3.connection.HTTPSConnection object at 0x7e619de77350>: Failed to resolve 'trading.vietcap.com.vn' ([Errno -2] Name or service not known)"))
[2025-10-07T11:19:23.427+0000] {client.py:83} ERROR - API request failed: HTTPSConnectionPool(host='trading.vietcap.com.vn', port=443): Max retries exceeded with url: /api/chart/OHLCChart/gap (Caused by NameResolutionError("<urllib3.connection.HTTPSConnection object at 0x7e619de76ea0>: Failed to resolve 'trading.vietcap.com.vn' ([Errno -2] Name or service not known)"))
[2025-10-07T11:19:25.444+0000] {client.py:83} ERROR - API request failed: HTTPSConnectionPool(host='trading.vietcap.com.vn', port=443): Max retries exceeded with url: /api/chart/OHLCChart/gap (Caused by NameResolutionError("<urllib3.connection.HTTPSConnection object at 0x7e619e938650>: Failed to resolve 'trading.vietcap.com.vn' ([Errno -2] Name or service not known)"))
[2025-10-07T11:19:25.447+0000] {logging_mixin.py:190} INFO - Không tìm thấy dữ liệu cho SB1
[2025-10-07T11:19:25.452+0000] {logging_mixin.py:190} INFO - ℹ️ SB1: Không có dữ liệu mới.
[2025-10-07T11:19:25.454+0000] {logging_mixin.py:190} INFO - 🚦 Giới hạn API đạt mức tối đa, chờ 0.3s...
[2025-10-07T11:19:25.768+0000] {logging_mixin.py:190} INFO - ⬇️ Bắt đầu xử lý symbol = SAV
[2025-10-07T11:19:25.877+0000] {logging_mixin.py:190} INFO - ⚠️ Không đọc được file cũ SAV: 'date'
[2025-10-07T11:19:25.897+0000] {logging_mixin.py:190} INFO - SAV: trích dữ liệu từ 2025-10-04 đến 2025-10-07
[2025-10-07T11:19:25.905+0000] {client.py:83} ERROR - API request failed: HTTPSConnectionPool(host='trading.vietcap.com.vn', port=443): Max retries exceeded with url: /api/chart/OHLCChart/gap (Caused by NameResolutionError("<urllib3.connection.HTTPSConnection object at 0x7e619de77470>: Failed to resolve 'trading.vietcap.com.vn' ([Errno -2] Name or service not known)"))
[2025-10-07T11:19:27.928+0000] {client.py:83} ERROR - API request failed: HTTPSConnectionPool(host='trading.vietcap.com.vn', port=443): Max retries exceeded with url: /api/chart/OHLCChart/gap (Caused by NameResolutionError("<urllib3.connection.HTTPSConnection object at 0x7e619de77110>: Failed to resolve 'trading.vietcap.com.vn' ([Errno -2] Name or service not known)"))
[2025-10-07T11:19:29.953+0000] {client.py:83} ERROR - API request failed: HTTPSConnectionPool(host='trading.vietcap.com.vn', port=443): Max retries exceeded with url: /api/chart/OHLCChart/gap (Caused by NameResolutionError("<urllib3.connection.HTTPSConnection object at 0x7e619de746b0>: Failed to resolve 'trading.vietcap.com.vn' ([Errno -2] Name or service not known)"))
[2025-10-07T11:19:29.959+0000] {logging_mixin.py:190} INFO - Không tìm thấy dữ liệu cho SAV
[2025-10-07T11:19:29.967+0000] {logging_mixin.py:190} INFO - ℹ️ SAV: Không có dữ liệu mới.
[2025-10-07T11:19:29.970+0000] {logging_mixin.py:190} INFO - 🚦 Giới hạn API đạt mức tối đa, chờ 38.7s...
[2025-10-07T11:20:08.713+0000] {logging_mixin.py:190} INFO - ⬇️ Bắt đầu xử lý symbol = SAS
[2025-10-07T11:20:08.794+0000] {logging_mixin.py:190} INFO - ⚠️ Không đọc được file cũ SAS: 'date'
[2025-10-07T11:20:08.832+0000] {logging_mixin.py:190} INFO - SAS: trích dữ liệu từ 2025-10-04 đến 2025-10-07
[2025-10-07T11:20:08.882+0000] {client.py:83} ERROR - API request failed: HTTPSConnectionPool(host='trading.vietcap.com.vn', port=443): Max retries exceeded with url: /api/chart/OHLCChart/gap (Caused by NameResolutionError("<urllib3.connection.HTTPSConnection object at 0x7e619de75e50>: Failed to resolve 'trading.vietcap.com.vn' ([Errno -2] Name or service not known)"))
[2025-10-07T11:20:10.897+0000] {client.py:83} ERROR - API request failed: HTTPSConnectionPool(host='trading.vietcap.com.vn', port=443): Max retries exceeded with url: /api/chart/OHLCChart/gap (Caused by NameResolutionError("<urllib3.connection.HTTPSConnection object at 0x7e619de76f60>: Failed to resolve 'trading.vietcap.com.vn' ([Errno -2] Name or service not known)"))
[2025-10-07T11:20:12.907+0000] {client.py:83} ERROR - API request failed: HTTPSConnectionPool(host='trading.vietcap.com.vn', port=443): Max retries exceeded with url: /api/chart/OHLCChart/gap (Caused by NameResolutionError("<urllib3.connection.HTTPSConnection object at 0x7e619de76a50>: Failed to resolve 'trading.vietcap.com.vn' ([Errno -2] Name or service not known)"))
[2025-10-07T11:20:12.908+0000] {logging_mixin.py:190} INFO - Không tìm thấy dữ liệu cho SAS
[2025-10-07T11:20:12.910+0000] {logging_mixin.py:190} INFO - ℹ️ SAS: Không có dữ liệu mới.
[2025-10-07T11:20:12.911+0000] {logging_mixin.py:190} INFO - 🚦 Giới hạn API đạt mức tối đa, chờ 0.0s...
[2025-10-07T11:20:12.920+0000] {logging_mixin.py:190} INFO - ⬇️ Bắt đầu xử lý symbol = SAP
[2025-10-07T11:20:12.975+0000] {logging_mixin.py:190} INFO - ⚠️ Không đọc được file cũ SAP: 'date'
[2025-10-07T11:20:12.995+0000] {logging_mixin.py:190} INFO - SAP: trích dữ liệu từ 2025-09-26 đến 2025-10-07
[2025-10-07T11:20:13.012+0000] {client.py:83} ERROR - API request failed: HTTPSConnectionPool(host='trading.vietcap.com.vn', port=443): Max retries exceeded with url: /api/chart/OHLCChart/gap (Caused by NameResolutionError("<urllib3.connection.HTTPSConnection object at 0x7e619de750d0>: Failed to resolve 'trading.vietcap.com.vn' ([Errno -2] Name or service not known)"))
[2025-10-07T11:20:15.038+0000] {client.py:83} ERROR - API request failed: HTTPSConnectionPool(host='trading.vietcap.com.vn', port=443): Max retries exceeded with url: /api/chart/OHLCChart/gap (Caused by NameResolutionError("<urllib3.connection.HTTPSConnection object at 0x7e619e83f9b0>: Failed to resolve 'trading.vietcap.com.vn' ([Errno -2] Name or service not known)"))
[2025-10-07T11:20:17.057+0000] {client.py:83} ERROR - API request failed: HTTPSConnectionPool(host='trading.vietcap.com.vn', port=443): Max retries exceeded with url: /api/chart/OHLCChart/gap (Caused by NameResolutionError("<urllib3.connection.HTTPSConnection object at 0x7e619de77b90>: Failed to resolve 'trading.vietcap.com.vn' ([Errno -2] Name or service not known)"))
[2025-10-07T11:20:17.061+0000] {logging_mixin.py:190} INFO - Không tìm thấy dữ liệu cho SAP
[2025-10-07T11:20:17.065+0000] {logging_mixin.py:190} INFO - ℹ️ SAP: Không có dữ liệu mới.
[2025-10-07T11:20:17.067+0000] {logging_mixin.py:190} INFO - ⬇️ Bắt đầu xử lý symbol = SAM
[2025-10-07T11:20:17.153+0000] {logging_mixin.py:190} INFO - ⚠️ Không đọc được file cũ SAM: 'date'
[2025-10-07T11:20:17.189+0000] {logging_mixin.py:190} INFO - SAM: trích dữ liệu từ 2025-10-04 đến 2025-10-07
[2025-10-07T11:20:17.210+0000] {client.py:83} ERROR - API request failed: HTTPSConnectionPool(host='trading.vietcap.com.vn', port=443): Max retries exceeded with url: /api/chart/OHLCChart/gap (Caused by NameResolutionError("<urllib3.connection.HTTPSConnection object at 0x7e619de74ef0>: Failed to resolve 'trading.vietcap.com.vn' ([Errno -2] Name or service not known)"))
[2025-10-07T11:20:19.219+0000] {client.py:83} ERROR - API request failed: HTTPSConnectionPool(host='trading.vietcap.com.vn', port=443): Max retries exceeded with url: /api/chart/OHLCChart/gap (Caused by NameResolutionError("<urllib3.connection.HTTPSConnection object at 0x7e619de987d0>: Failed to resolve 'trading.vietcap.com.vn' ([Errno -2] Name or service not known)"))
[2025-10-07T11:20:21.246+0000] {client.py:83} ERROR - API request failed: HTTPSConnectionPool(host='trading.vietcap.com.vn', port=443): Max retries exceeded with url: /api/chart/OHLCChart/gap (Caused by NameResolutionError("<urllib3.connection.HTTPSConnection object at 0x7e619de756d0>: Failed to resolve 'trading.vietcap.com.vn' ([Errno -2] Name or service not known)"))
[2025-10-07T11:20:21.250+0000] {logging_mixin.py:190} INFO - Không tìm thấy dữ liệu cho SAM
[2025-10-07T11:20:21.260+0000] {logging_mixin.py:190} INFO - ℹ️ SAM: Không có dữ liệu mới.
[2025-10-07T11:20:21.262+0000] {logging_mixin.py:190} INFO - 🚦 Giới hạn API đạt mức tối đa, chờ 0.1s...
[2025-10-07T11:20:21.370+0000] {logging_mixin.py:190} INFO - ⬇️ Bắt đầu xử lý symbol = SAL
[2025-10-07T11:20:21.451+0000] {logging_mixin.py:190} INFO - ⚠️ Không đọc được file cũ SAL: 'date'
[2025-10-07T11:20:21.466+0000] {logging_mixin.py:190} INFO - SAL: trích dữ liệu từ 2025-09-24 đến 2025-10-07
[2025-10-07T11:20:21.472+0000] {client.py:83} ERROR - API request failed: HTTPSConnectionPool(host='trading.vietcap.com.vn', port=443): Max retries exceeded with url: /api/chart/OHLCChart/gap (Caused by NameResolutionError("<urllib3.connection.HTTPSConnection object at 0x7e619de77dd0>: Failed to resolve 'trading.vietcap.com.vn' ([Errno -2] Name or service not known)"))
[2025-10-07T11:20:23.479+0000] {client.py:83} ERROR - API request failed: HTTPSConnectionPool(host='trading.vietcap.com.vn', port=443): Max retries exceeded with url: /api/chart/OHLCChart/gap (Caused by NameResolutionError("<urllib3.connection.HTTPSConnection object at 0x7e619e83ef90>: Failed to resolve 'trading.vietcap.com.vn' ([Errno -2] Name or service not known)"))
[2025-10-07T11:20:25.488+0000] {client.py:83} ERROR - API request failed: HTTPSConnectionPool(host='trading.vietcap.com.vn', port=443): Max retries exceeded with url: /api/chart/OHLCChart/gap (Caused by NameResolutionError("<urllib3.connection.HTTPSConnection object at 0x7e619e83c200>: Failed to resolve 'trading.vietcap.com.vn' ([Errno -2] Name or service not known)"))
[2025-10-07T11:20:25.491+0000] {logging_mixin.py:190} INFO - Không tìm thấy dữ liệu cho SAL
[2025-10-07T11:20:25.495+0000] {logging_mixin.py:190} INFO - ℹ️ SAL: Không có dữ liệu mới.
[2025-10-07T11:20:25.496+0000] {logging_mixin.py:190} INFO - 🚦 Giới hạn API đạt mức tối đa, chờ 0.3s...
[2025-10-07T11:20:25.769+0000] {logging_mixin.py:190} INFO - ⬇️ Bắt đầu xử lý symbol = SAF
[2025-10-07T11:20:25.803+0000] {logging_mixin.py:190} INFO - ⚠️ Không đọc được file cũ SAF: 'date'
[2025-10-07T11:20:25.821+0000] {logging_mixin.py:190} INFO - SAF: trích dữ liệu từ 2025-10-04 đến 2025-10-07
[2025-10-07T11:20:25.829+0000] {client.py:83} ERROR - API request failed: HTTPSConnectionPool(host='trading.vietcap.com.vn', port=443): Max retries exceeded with url: /api/chart/OHLCChart/gap (Caused by NameResolutionError("<urllib3.connection.HTTPSConnection object at 0x7e619de74200>: Failed to resolve 'trading.vietcap.com.vn' ([Errno -2] Name or service not known)"))
[2025-10-07T11:20:27.839+0000] {client.py:83} ERROR - API request failed: HTTPSConnectionPool(host='trading.vietcap.com.vn', port=443): Max retries exceeded with url: /api/chart/OHLCChart/gap (Caused by NameResolutionError("<urllib3.connection.HTTPSConnection object at 0x7e619e83c170>: Failed to resolve 'trading.vietcap.com.vn' ([Errno -2] Name or service not known)"))
[2025-10-07T11:20:29.854+0000] {client.py:83} ERROR - API request failed: HTTPSConnectionPool(host='trading.vietcap.com.vn', port=443): Max retries exceeded with url: /api/chart/OHLCChart/gap (Caused by NameResolutionError("<urllib3.connection.HTTPSConnection object at 0x7e619e83c050>: Failed to resolve 'trading.vietcap.com.vn' ([Errno -2] Name or service not known)"))
[2025-10-07T11:20:29.857+0000] {logging_mixin.py:190} INFO - Không tìm thấy dữ liệu cho SAF
[2025-10-07T11:20:29.862+0000] {logging_mixin.py:190} INFO - ℹ️ SAF: Không có dữ liệu mới.
[2025-10-07T11:20:29.863+0000] {logging_mixin.py:190} INFO - 🚦 Giới hạn API đạt mức tối đa, chờ 38.8s...
[2025-10-07T11:21:08.712+0000] {logging_mixin.py:190} INFO - ⬇️ Bắt đầu xử lý symbol = SAC
[2025-10-07T11:21:08.801+0000] {logging_mixin.py:190} INFO - ⚠️ Không đọc được file cũ SAC: 'date'
[2025-10-07T11:21:08.824+0000] {logging_mixin.py:190} INFO - SAC: trích dữ liệu từ 2025-10-04 đến 2025-10-07
[2025-10-07T11:21:08.833+0000] {client.py:83} ERROR - API request failed: HTTPSConnectionPool(host='trading.vietcap.com.vn', port=443): Max retries exceeded with url: /api/chart/OHLCChart/gap (Caused by NameResolutionError("<urllib3.connection.HTTPSConnection object at 0x7e619e75fd10>: Failed to resolve 'trading.vietcap.com.vn' ([Errno -2] Name or service not known)"))
[2025-10-07T11:21:11.037+0000] {client.py:83} ERROR - API request failed: HTTPSConnectionPool(host='trading.vietcap.com.vn', port=443): Max retries exceeded with url: /api/chart/OHLCChart/gap (Caused by NameResolutionError("<urllib3.connection.HTTPSConnection object at 0x7e619e807f20>: Failed to resolve 'trading.vietcap.com.vn' ([Errno -2] Name or service not known)"))
[2025-10-07T11:21:13.046+0000] {client.py:83} ERROR - API request failed: HTTPSConnectionPool(host='trading.vietcap.com.vn', port=443): Max retries exceeded with url: /api/chart/OHLCChart/gap (Caused by NameResolutionError("<urllib3.connection.HTTPSConnection object at 0x7e619e807b30>: Failed to resolve 'trading.vietcap.com.vn' ([Errno -2] Name or service not known)"))
[2025-10-07T11:21:13.047+0000] {logging_mixin.py:190} INFO - Không tìm thấy dữ liệu cho SAC
[2025-10-07T11:21:13.050+0000] {logging_mixin.py:190} INFO - ℹ️ SAC: Không có dữ liệu mới.
[2025-10-07T11:21:13.052+0000] {logging_mixin.py:190} INFO - ⬇️ Bắt đầu xử lý symbol = SAB
[2025-10-07T11:21:13.093+0000] {logging_mixin.py:190} INFO - ⚠️ Không đọc được file cũ SAB: 'date'
[2025-10-07T11:21:13.118+0000] {logging_mixin.py:190} INFO - SAB: trích dữ liệu từ 2025-10-04 đến 2025-10-07
[2025-10-07T11:21:13.133+0000] {client.py:83} ERROR - API request failed: HTTPSConnectionPool(host='trading.vietcap.com.vn', port=443): Max retries exceeded with url: /api/chart/OHLCChart/gap (Caused by NameResolutionError("<urllib3.connection.HTTPSConnection object at 0x7e619de76180>: Failed to resolve 'trading.vietcap.com.vn' ([Errno -2] Name or service not known)"))
[2025-10-07T11:21:15.150+0000] {client.py:83} ERROR - API request failed: HTTPSConnectionPool(host='trading.vietcap.com.vn', port=443): Max retries exceeded with url: /api/chart/OHLCChart/gap (Caused by NameResolutionError("<urllib3.connection.HTTPSConnection object at 0x7e619e7c39e0>: Failed to resolve 'trading.vietcap.com.vn' ([Errno -2] Name or service not known)"))
[2025-10-07T11:21:17.160+0000] {client.py:83} ERROR - API request failed: HTTPSConnectionPool(host='trading.vietcap.com.vn', port=443): Max retries exceeded with url: /api/chart/OHLCChart/gap (Caused by NameResolutionError("<urllib3.connection.HTTPSConnection object at 0x7e619e8072f0>: Failed to resolve 'trading.vietcap.com.vn' ([Errno -2] Name or service not known)"))
[2025-10-07T11:21:17.162+0000] {logging_mixin.py:190} INFO - Không tìm thấy dữ liệu cho SAB
[2025-10-07T11:21:17.164+0000] {logging_mixin.py:190} INFO - ℹ️ SAB: Không có dữ liệu mới.
[2025-10-07T11:21:17.164+0000] {logging_mixin.py:190} INFO - ⬇️ Bắt đầu xử lý symbol = S99
[2025-10-07T11:21:17.193+0000] {logging_mixin.py:190} INFO - ⚠️ Không đọc được file cũ S99: 'date'
[2025-10-07T11:21:17.208+0000] {logging_mixin.py:190} INFO - S99: trích dữ liệu từ 2025-10-04 đến 2025-10-07
[2025-10-07T11:21:17.214+0000] {client.py:83} ERROR - API request failed: HTTPSConnectionPool(host='trading.vietcap.com.vn', port=443): Max retries exceeded with url: /api/chart/OHLCChart/gap (Caused by NameResolutionError("<urllib3.connection.HTTPSConnection object at 0x7e619e75d8b0>: Failed to resolve 'trading.vietcap.com.vn' ([Errno -2] Name or service not known)"))
[2025-10-07T11:21:19.228+0000] {client.py:83} ERROR - API request failed: HTTPSConnectionPool(host='trading.vietcap.com.vn', port=443): Max retries exceeded with url: /api/chart/OHLCChart/gap (Caused by NameResolutionError("<urllib3.connection.HTTPSConnection object at 0x7e619e75fd70>: Failed to resolve 'trading.vietcap.com.vn' ([Errno -2] Name or service not known)"))
[2025-10-07T11:21:21.244+0000] {client.py:83} ERROR - API request failed: HTTPSConnectionPool(host='trading.vietcap.com.vn', port=443): Max retries exceeded with url: /api/chart/OHLCChart/gap (Caused by NameResolutionError("<urllib3.connection.HTTPSConnection object at 0x7e619e75cbc0>: Failed to resolve 'trading.vietcap.com.vn' ([Errno -2] Name or service not known)"))
[2025-10-07T11:21:21.247+0000] {logging_mixin.py:190} INFO - Không tìm thấy dữ liệu cho S99
[2025-10-07T11:21:21.252+0000] {logging_mixin.py:190} INFO - ℹ️ S99: Không có dữ liệu mới.
[2025-10-07T11:21:21.254+0000] {logging_mixin.py:190} INFO - 🚦 Giới hạn API đạt mức tối đa, chờ 0.1s...
[2025-10-07T11:21:21.373+0000] {logging_mixin.py:190} INFO - ⬇️ Bắt đầu xử lý symbol = S96
[2025-10-07T11:21:21.422+0000] {logging_mixin.py:190} INFO - ⚠️ Không đọc được file cũ S96: 'date'
[2025-10-07T11:21:21.434+0000] {logging_mixin.py:190} INFO - S96: trích dữ liệu từ 2024-07-26 đến 2025-10-07
[2025-10-07T11:21:21.443+0000] {client.py:83} ERROR - API request failed: HTTPSConnectionPool(host='trading.vietcap.com.vn', port=443): Max retries exceeded with url: /api/chart/OHLCChart/gap (Caused by NameResolutionError("<urllib3.connection.HTTPSConnection object at 0x7e619e75cc80>: Failed to resolve 'trading.vietcap.com.vn' ([Errno -2] Name or service not known)"))
[2025-10-07T11:21:23.451+0000] {client.py:83} ERROR - API request failed: HTTPSConnectionPool(host='trading.vietcap.com.vn', port=443): Max retries exceeded with url: /api/chart/OHLCChart/gap (Caused by NameResolutionError("<urllib3.connection.HTTPSConnection object at 0x7e619e75cb00>: Failed to resolve 'trading.vietcap.com.vn' ([Errno -2] Name or service not known)"))
[2025-10-07T11:21:25.467+0000] {client.py:83} ERROR - API request failed: HTTPSConnectionPool(host='trading.vietcap.com.vn', port=443): Max retries exceeded with url: /api/chart/OHLCChart/gap (Caused by NameResolutionError("<urllib3.connection.HTTPSConnection object at 0x7e619e75f8c0>: Failed to resolve 'trading.vietcap.com.vn' ([Errno -2] Name or service not known)"))
[2025-10-07T11:21:25.477+0000] {logging_mixin.py:190} INFO - Không tìm thấy dữ liệu cho S96
[2025-10-07T11:21:25.490+0000] {logging_mixin.py:190} INFO - ℹ️ S96: Không có dữ liệu mới.
[2025-10-07T11:21:25.495+0000] {logging_mixin.py:190} INFO - 🚦 Giới hạn API đạt mức tối đa, chờ 0.3s...
[2025-10-07T11:21:25.772+0000] {logging_mixin.py:190} INFO - ⬇️ Bắt đầu xử lý symbol = S74
[2025-10-07T11:21:25.840+0000] {logging_mixin.py:190} INFO - ⚠️ Không đọc được file cũ S74: 'date'
[2025-10-07T11:21:25.879+0000] {logging_mixin.py:190} INFO - S74: trích dữ liệu từ 2025-08-28 đến 2025-10-07
[2025-10-07T11:21:25.892+0000] {client.py:83} ERROR - API request failed: HTTPSConnectionPool(host='trading.vietcap.com.vn', port=443): Max retries exceeded with url: /api/chart/OHLCChart/gap (Caused by NameResolutionError("<urllib3.connection.HTTPSConnection object at 0x7e619e83ef30>: Failed to resolve 'trading.vietcap.com.vn' ([Errno -2] Name or service not known)"))
[2025-10-07T11:21:27.898+0000] {client.py:83} ERROR - API request failed: HTTPSConnectionPool(host='trading.vietcap.com.vn', port=443): Max retries exceeded with url: /api/chart/OHLCChart/gap (Caused by NameResolutionError("<urllib3.connection.HTTPSConnection object at 0x7e619e75da90>: Failed to resolve 'trading.vietcap.com.vn' ([Errno -2] Name or service not known)"))
[2025-10-07T11:21:29.905+0000] {client.py:83} ERROR - API request failed: HTTPSConnectionPool(host='trading.vietcap.com.vn', port=443): Max retries exceeded with url: /api/chart/OHLCChart/gap (Caused by NameResolutionError("<urllib3.connection.HTTPSConnection object at 0x7e619e75e810>: Failed to resolve 'trading.vietcap.com.vn' ([Errno -2] Name or service not known)"))
[2025-10-07T11:21:29.906+0000] {logging_mixin.py:190} INFO - Không tìm thấy dữ liệu cho S74
[2025-10-07T11:21:29.908+0000] {logging_mixin.py:190} INFO - ℹ️ S74: Không có dữ liệu mới.
[2025-10-07T11:21:29.908+0000] {python.py:240} INFO - Done. Returned value was: None
[2025-10-07T11:21:29.927+0000] {taskinstance.py:341} INFO - ::group::Post task execution logs
[2025-10-07T11:21:29.928+0000] {taskinstance.py:353} INFO - Marking task as SUCCESS. dag_id=vnstock_weekly_etl_incremental, task_id=process_batch, run_id=manual__2025-10-07T10:41:48.387187+00:00, map_index=10, execution_date=20251007T104148, start_date=20251007T111206, end_date=20251007T112129
[2025-10-07T11:21:29.996+0000] {local_task_job_runner.py:266} INFO - Task exited with return code 0
[2025-10-07T11:21:30.013+0000] {local_task_job_runner.py:245} INFO - ::endgroup::
