[2025-10-07T10:36:57.079+0000] {local_task_job_runner.py:123} INFO - ::group::Pre task execution logs
[2025-10-07T10:36:57.107+0000] {taskinstance.py:2614} INFO - Dependencies all met for dep_context=non-requeueable deps ti=<TaskInstance: vnstock_weekly_etl_incremental.process_batch manual__2025-10-07T10:36:05.597506+00:00 map_index=28 [queued]>
[2025-10-07T10:36:57.121+0000] {taskinstance.py:2614} INFO - Dependencies all met for dep_context=requeueable deps ti=<TaskInstance: vnstock_weekly_etl_incremental.process_batch manual__2025-10-07T10:36:05.597506+00:00 map_index=28 [queued]>
[2025-10-07T10:36:57.122+0000] {taskinstance.py:2867} INFO - Starting attempt 1 of 3
[2025-10-07T10:36:57.138+0000] {taskinstance.py:2890} INFO - Executing <Mapped(_PythonDecoratedOperator): process_batch> on 2025-10-07 10:36:05.597506+00:00
[2025-10-07T10:36:57.154+0000] {logging_mixin.py:190} WARNING - /home/***/.local/lib/python3.12/site-packages/***/task/task_runner/standard_task_runner.py:70 DeprecationWarning: This process (pid=3063) is multi-threaded, use of fork() may lead to deadlocks in the child.
[2025-10-07T10:36:57.154+0000] {standard_task_runner.py:104} INFO - Running: ['***', 'tasks', 'run', 'vnstock_weekly_etl_incremental', 'process_batch', 'manual__2025-10-07T10:36:05.597506+00:00', '--job-id', '112', '--raw', '--subdir', 'DAGS_FOLDER/dag.py', '--cfg-path', '/tmp/tmpasg1gzk7', '--map-index', '28']
[2025-10-07T10:36:57.156+0000] {standard_task_runner.py:72} INFO - Started process 3114 to run task
[2025-10-07T10:36:57.156+0000] {standard_task_runner.py:105} INFO - Job 112: Subtask process_batch
[2025-10-07T10:36:57.172+0000] {logging_mixin.py:190} WARNING - /home/***/.local/lib/python3.12/site-packages/***/settings.py:209 DeprecationWarning: The sql_alchemy_conn option in [core] has been moved to the sql_alchemy_conn option in [database] - the old setting has been used, but please update your config.
[2025-10-07T10:36:57.530+0000] {task_command.py:467} INFO - Running <TaskInstance: vnstock_weekly_etl_incremental.process_batch manual__2025-10-07T10:36:05.597506+00:00 map_index=28 [running]> on host e3278e0f0bbc
[2025-10-07T10:36:57.629+0000] {taskinstance.py:3134} INFO - Exporting env vars: AIRFLOW_CTX_DAG_OWNER='***' AIRFLOW_CTX_DAG_ID='vnstock_weekly_etl_incremental' AIRFLOW_CTX_TASK_ID='process_batch' AIRFLOW_CTX_EXECUTION_DATE='2025-10-07T10:36:05.597506+00:00' AIRFLOW_CTX_TRY_NUMBER='1' AIRFLOW_CTX_DAG_RUN_ID='manual__2025-10-07T10:36:05.597506+00:00'
[2025-10-07T10:36:57.631+0000] {taskinstance.py:732} INFO - ::endgroup::
[2025-10-07T10:36:57.634+0000] {logging_mixin.py:190} INFO - ⬇️ Xử lý symbol = DBH
[2025-10-07T10:36:57.665+0000] {logging_mixin.py:190} INFO - DBH: trích dữ liệu từ 2022-07-08 đến 2025-10-07
[2025-10-07T10:37:02.249+0000] {logging_mixin.py:190} INFO - Không tìm thấy dữ liệu cho DBH
[2025-10-07T10:37:02.250+0000] {logging_mixin.py:190} INFO - Không có dữ liệu mới cho DBH
[2025-10-07T10:37:04.251+0000] {logging_mixin.py:190} INFO - ⬇️ Xử lý symbol = DBD
[2025-10-07T10:37:04.275+0000] {logging_mixin.py:190} INFO - DBD: trích dữ liệu từ 2025-10-04 đến 2025-10-07
[2025-10-07T10:37:04.455+0000] {logging_mixin.py:190} INFO - Trích xuất 2 dòng mới cho DBD
[2025-10-07T10:37:04.468+0000] {logging_mixin.py:190} INFO - Append 2 dòng mới vào /opt/***/data/lake/DBD.csv
[2025-10-07T10:37:06.469+0000] {logging_mixin.py:190} INFO - ⬇️ Xử lý symbol = DBC
[2025-10-07T10:37:06.488+0000] {logging_mixin.py:190} INFO - DBC: trích dữ liệu từ 2025-10-04 đến 2025-10-07
[2025-10-07T10:37:06.661+0000] {logging_mixin.py:190} INFO - Trích xuất 2 dòng mới cho DBC
[2025-10-07T10:37:06.673+0000] {logging_mixin.py:190} INFO - Append 2 dòng mới vào /opt/***/data/lake/DBC.csv
[2025-10-07T10:37:08.674+0000] {logging_mixin.py:190} INFO - ⬇️ Xử lý symbol = DAT
[2025-10-07T10:37:08.692+0000] {logging_mixin.py:190} INFO - DAT: trích dữ liệu từ 2025-10-04 đến 2025-10-07
[2025-10-07T10:37:08.905+0000] {logging_mixin.py:190} INFO - Trích xuất 2 dòng mới cho DAT
[2025-10-07T10:37:08.914+0000] {logging_mixin.py:190} INFO - Append 2 dòng mới vào /opt/***/data/lake/DAT.csv
[2025-10-07T10:37:10.915+0000] {logging_mixin.py:190} INFO - ⬇️ Xử lý symbol = DAS
[2025-10-07T10:37:10.933+0000] {logging_mixin.py:190} INFO - DAS: trích dữ liệu từ 2025-10-04 đến 2025-10-07
[2025-10-07T10:37:11.111+0000] {logging_mixin.py:190} INFO - Trích xuất 2 dòng mới cho DAS
[2025-10-07T10:37:11.120+0000] {logging_mixin.py:190} INFO - Append 2 dòng mới vào /opt/***/data/lake/DAS.csv
[2025-10-07T10:37:13.121+0000] {logging_mixin.py:190} INFO - ⚠️ Lỗi khi xử lý DAR: Bucket for item=vnstock with Rate limit=5/1.0m is already full
[2025-10-07T10:37:13.122+0000] {logging_mixin.py:190} INFO - ⚠️ Lỗi khi xử lý DAN: Bucket for item=vnstock with Rate limit=5/1.0m is already full
[2025-10-07T10:37:13.122+0000] {logging_mixin.py:190} INFO - ⚠️ Lỗi khi xử lý DAH: Bucket for item=vnstock with Rate limit=5/1.0m is already full
[2025-10-07T10:37:13.123+0000] {logging_mixin.py:190} INFO - ⚠️ Lỗi khi xử lý DAG: Bucket for item=vnstock with Rate limit=5/1.0m is already full
[2025-10-07T10:37:13.123+0000] {logging_mixin.py:190} INFO - ⚠️ Lỗi khi xử lý DAE: Bucket for item=vnstock with Rate limit=5/1.0m is already full
[2025-10-07T10:37:13.123+0000] {logging_mixin.py:190} INFO - ⚠️ Lỗi khi xử lý DAD: Bucket for item=vnstock with Rate limit=5/1.0m is already full
[2025-10-07T10:37:13.123+0000] {logging_mixin.py:190} INFO - ⚠️ Lỗi khi xử lý DAC: Bucket for item=vnstock with Rate limit=5/1.0m is already full
[2025-10-07T10:37:13.124+0000] {logging_mixin.py:190} INFO - ⚠️ Lỗi khi xử lý D2D: Bucket for item=vnstock with Rate limit=5/1.0m is already full
[2025-10-07T10:37:13.124+0000] {logging_mixin.py:190} INFO - ⚠️ Lỗi khi xử lý D17: Bucket for item=vnstock with Rate limit=5/1.0m is already full
[2025-10-07T10:37:13.124+0000] {logging_mixin.py:190} INFO - ⚠️ Lỗi khi xử lý D11: Bucket for item=vnstock with Rate limit=5/1.0m is already full
[2025-10-07T10:37:13.125+0000] {logging_mixin.py:190} INFO - ⚠️ Lỗi khi xử lý CYC: Bucket for item=vnstock with Rate limit=5/1.0m is already full
[2025-10-07T10:37:13.125+0000] {logging_mixin.py:190} INFO - ⚠️ Lỗi khi xử lý CX8: Bucket for item=vnstock with Rate limit=5/1.0m is already full
[2025-10-07T10:37:13.125+0000] {logging_mixin.py:190} INFO - ⚠️ Lỗi khi xử lý CVT: Bucket for item=vnstock with Rate limit=5/1.0m is already full
[2025-10-07T10:37:13.126+0000] {logging_mixin.py:190} INFO - ⚠️ Lỗi khi xử lý CVP: Bucket for item=vnstock with Rate limit=5/1.0m is already full
[2025-10-07T10:37:13.126+0000] {logging_mixin.py:190} INFO - ⚠️ Lỗi khi xử lý CVN: Bucket for item=vnstock with Rate limit=5/1.0m is already full
[2025-10-07T10:37:13.126+0000] {logging_mixin.py:190} INFO - ⚠️ Lỗi khi xử lý CTX: Bucket for item=vnstock with Rate limit=5/1.0m is already full
[2025-10-07T10:37:13.127+0000] {logging_mixin.py:190} INFO - ⚠️ Lỗi khi xử lý CTW: Bucket for item=vnstock with Rate limit=5/1.0m is already full
[2025-10-07T10:37:13.127+0000] {logging_mixin.py:190} INFO - ⚠️ Lỗi khi xử lý CTT: Bucket for item=vnstock with Rate limit=5/1.0m is already full
[2025-10-07T10:37:13.127+0000] {logging_mixin.py:190} INFO - ⚠️ Lỗi khi xử lý CTS: Bucket for item=vnstock with Rate limit=5/1.0m is already full
[2025-10-07T10:37:13.128+0000] {logging_mixin.py:190} INFO - ⚠️ Lỗi khi xử lý CTR: Bucket for item=vnstock with Rate limit=5/1.0m is already full
[2025-10-07T10:37:13.128+0000] {logging_mixin.py:190} INFO - ⚠️ Lỗi khi xử lý CTP: Bucket for item=vnstock with Rate limit=5/1.0m is already full
[2025-10-07T10:37:13.128+0000] {logging_mixin.py:190} INFO - ⚠️ Lỗi khi xử lý CTN: Bucket for item=vnstock with Rate limit=5/1.0m is already full
[2025-10-07T10:37:13.129+0000] {logging_mixin.py:190} INFO - ⚠️ Lỗi khi xử lý CTI: Bucket for item=vnstock with Rate limit=5/1.0m is already full
[2025-10-07T10:37:13.130+0000] {logging_mixin.py:190} INFO - ⚠️ Lỗi khi xử lý CTG: Bucket for item=vnstock with Rate limit=5/1.0m is already full
[2025-10-07T10:37:13.130+0000] {logging_mixin.py:190} INFO - ⚠️ Lỗi khi xử lý CTF: Bucket for item=vnstock with Rate limit=5/1.0m is already full
[2025-10-07T10:37:13.130+0000] {logging_mixin.py:190} INFO - ⚠️ Lỗi khi xử lý CTD: Bucket for item=vnstock with Rate limit=5/1.0m is already full
[2025-10-07T10:37:13.131+0000] {logging_mixin.py:190} INFO - ⚠️ Lỗi khi xử lý CTC: Bucket for item=vnstock with Rate limit=5/1.0m is already full
[2025-10-07T10:37:13.131+0000] {logging_mixin.py:190} INFO - ⚠️ Lỗi khi xử lý CTB: Bucket for item=vnstock with Rate limit=5/1.0m is already full
[2025-10-07T10:37:13.131+0000] {logging_mixin.py:190} INFO - ⚠️ Lỗi khi xử lý CTA: Bucket for item=vnstock with Rate limit=5/1.0m is already full
[2025-10-07T10:37:13.131+0000] {logging_mixin.py:190} INFO - ⚠️ Lỗi khi xử lý CT6: Bucket for item=vnstock with Rate limit=5/1.0m is already full
[2025-10-07T10:37:13.132+0000] {logging_mixin.py:190} INFO - ⚠️ Lỗi khi xử lý CT5: Bucket for item=vnstock with Rate limit=5/1.0m is already full
[2025-10-07T10:37:13.132+0000] {logging_mixin.py:190} INFO - ⚠️ Lỗi khi xử lý CT3: Bucket for item=vnstock with Rate limit=5/1.0m is already full
[2025-10-07T10:37:13.132+0000] {logging_mixin.py:190} INFO - ⚠️ Lỗi khi xử lý CSV: Bucket for item=vnstock with Rate limit=5/1.0m is already full
[2025-10-07T10:37:13.132+0000] {logging_mixin.py:190} INFO - ⚠️ Lỗi khi xử lý CST: Bucket for item=vnstock with Rate limit=5/1.0m is already full
[2025-10-07T10:37:13.133+0000] {logging_mixin.py:190} INFO - ⚠️ Lỗi khi xử lý CSM: Bucket for item=vnstock with Rate limit=5/1.0m is already full
[2025-10-07T10:37:13.133+0000] {logging_mixin.py:190} INFO - ⚠️ Lỗi khi xử lý CSI: Bucket for item=vnstock with Rate limit=5/1.0m is already full
[2025-10-07T10:37:13.133+0000] {logging_mixin.py:190} INFO - ⚠️ Lỗi khi xử lý CSC: Bucket for item=vnstock with Rate limit=5/1.0m is already full
[2025-10-07T10:37:13.134+0000] {logging_mixin.py:190} INFO - ⚠️ Lỗi khi xử lý CRE: Bucket for item=vnstock with Rate limit=5/1.0m is already full
[2025-10-07T10:37:13.134+0000] {logging_mixin.py:190} INFO - ⚠️ Lỗi khi xử lý CRC: Bucket for item=vnstock with Rate limit=5/1.0m is already full
[2025-10-07T10:37:13.134+0000] {logging_mixin.py:190} INFO - ⚠️ Lỗi khi xử lý CQT: Bucket for item=vnstock with Rate limit=5/1.0m is already full
[2025-10-07T10:37:13.135+0000] {logging_mixin.py:190} INFO - ⚠️ Lỗi khi xử lý CQN: Bucket for item=vnstock with Rate limit=5/1.0m is already full
[2025-10-07T10:37:13.135+0000] {logging_mixin.py:190} INFO - ⚠️ Lỗi khi xử lý CPI: Bucket for item=vnstock with Rate limit=5/1.0m is already full
[2025-10-07T10:37:13.135+0000] {logging_mixin.py:190} INFO - ⚠️ Lỗi khi xử lý CPH: Bucket for item=vnstock with Rate limit=5/1.0m is already full
[2025-10-07T10:37:13.135+0000] {logging_mixin.py:190} INFO - ⚠️ Lỗi khi xử lý CPC: Bucket for item=vnstock with Rate limit=5/1.0m is already full
[2025-10-07T10:37:13.136+0000] {logging_mixin.py:190} INFO - ⚠️ Lỗi khi xử lý CPA: Bucket for item=vnstock with Rate limit=5/1.0m is already full
[2025-10-07T10:37:13.136+0000] {python.py:240} INFO - Done. Returned value was: None
[2025-10-07T10:37:13.146+0000] {taskinstance.py:341} INFO - ::group::Post task execution logs
[2025-10-07T10:37:13.147+0000] {taskinstance.py:353} INFO - Marking task as SUCCESS. dag_id=vnstock_weekly_etl_incremental, task_id=process_batch, run_id=manual__2025-10-07T10:36:05.597506+00:00, map_index=28, execution_date=20251007T103605, start_date=20251007T103657, end_date=20251007T103713
[2025-10-07T10:37:13.203+0000] {local_task_job_runner.py:266} INFO - Task exited with return code 0
[2025-10-07T10:37:13.219+0000] {taskinstance.py:3901} INFO - 0 downstream tasks scheduled from follow-on schedule check
[2025-10-07T10:37:13.221+0000] {local_task_job_runner.py:245} INFO - ::endgroup::
