[2025-10-07T10:17:21.215+0000] {local_task_job_runner.py:123} INFO - ::group::Pre task execution logs
[2025-10-07T10:17:21.275+0000] {taskinstance.py:2614} INFO - Dependencies all met for dep_context=non-requeueable deps ti=<TaskInstance: vnstock_weekly_etl_incremental.process_batch manual__2025-10-07T10:16:29.686945+00:00 map_index=13 [queued]>
[2025-10-07T10:17:21.301+0000] {taskinstance.py:2614} INFO - Dependencies all met for dep_context=requeueable deps ti=<TaskInstance: vnstock_weekly_etl_incremental.process_batch manual__2025-10-07T10:16:29.686945+00:00 map_index=13 [queued]>
[2025-10-07T10:17:21.303+0000] {taskinstance.py:2867} INFO - Starting attempt 1 of 3
[2025-10-07T10:17:21.338+0000] {taskinstance.py:2890} INFO - Executing <Mapped(_PythonDecoratedOperator): process_batch> on 2025-10-07 10:16:29.686945+00:00
[2025-10-07T10:17:21.376+0000] {standard_task_runner.py:104} INFO - Running: ['***', 'tasks', 'run', 'vnstock_weekly_etl_incremental', 'process_batch', 'manual__2025-10-07T10:16:29.686945+00:00', '--job-id', '60', '--raw', '--subdir', 'DAGS_FOLDER/dag.py', '--cfg-path', '/tmp/tmp8ktpryan', '--map-index', '13']
[2025-10-07T10:17:21.378+0000] {standard_task_runner.py:105} INFO - Job 60: Subtask process_batch
[2025-10-07T10:17:21.372+0000] {logging_mixin.py:190} WARNING - /home/***/.local/lib/python3.12/site-packages/***/task/task_runner/standard_task_runner.py:70 DeprecationWarning: This process (pid=944) is multi-threaded, use of fork() may lead to deadlocks in the child.
[2025-10-07T10:17:21.379+0000] {standard_task_runner.py:72} INFO - Started process 1110 to run task
[2025-10-07T10:17:21.415+0000] {logging_mixin.py:190} WARNING - /home/***/.local/lib/python3.12/site-packages/***/settings.py:209 DeprecationWarning: The sql_alchemy_conn option in [core] has been moved to the sql_alchemy_conn option in [database] - the old setting has been used, but please update your config.
[2025-10-07T10:17:22.571+0000] {task_command.py:467} INFO - Running <TaskInstance: vnstock_weekly_etl_incremental.process_batch manual__2025-10-07T10:16:29.686945+00:00 map_index=13 [running]> on host e3278e0f0bbc
[2025-10-07T10:17:23.002+0000] {taskinstance.py:3134} INFO - Exporting env vars: AIRFLOW_CTX_DAG_OWNER='***' AIRFLOW_CTX_DAG_ID='vnstock_weekly_etl_incremental' AIRFLOW_CTX_TASK_ID='process_batch' AIRFLOW_CTX_EXECUTION_DATE='2025-10-07T10:16:29.686945+00:00' AIRFLOW_CTX_TRY_NUMBER='1' AIRFLOW_CTX_DAG_RUN_ID='manual__2025-10-07T10:16:29.686945+00:00'
[2025-10-07T10:17:23.013+0000] {taskinstance.py:732} INFO - ::endgroup::
[2025-10-07T10:17:23.017+0000] {logging_mixin.py:190} INFO - ⚠️ Lỗi khi xử lý PPS: 'Limiter' object has no attribute 'ratelimit'
[2025-10-07T10:17:23.019+0000] {logging_mixin.py:190} INFO - ⚠️ Lỗi khi xử lý PPP: 'Limiter' object has no attribute 'ratelimit'
[2025-10-07T10:17:23.021+0000] {logging_mixin.py:190} INFO - ⚠️ Lỗi khi xử lý PPI: 'Limiter' object has no attribute 'ratelimit'
[2025-10-07T10:17:23.031+0000] {logging_mixin.py:190} INFO - ⚠️ Lỗi khi xử lý PPH: 'Limiter' object has no attribute 'ratelimit'
[2025-10-07T10:17:23.032+0000] {logging_mixin.py:190} INFO - ⚠️ Lỗi khi xử lý PPE: 'Limiter' object has no attribute 'ratelimit'
[2025-10-07T10:17:23.038+0000] {logging_mixin.py:190} INFO - ⚠️ Lỗi khi xử lý PPC: 'Limiter' object has no attribute 'ratelimit'
[2025-10-07T10:17:23.044+0000] {logging_mixin.py:190} INFO - ⚠️ Lỗi khi xử lý POW: 'Limiter' object has no attribute 'ratelimit'
[2025-10-07T10:17:23.044+0000] {logging_mixin.py:190} INFO - ⚠️ Lỗi khi xử lý POV: 'Limiter' object has no attribute 'ratelimit'
[2025-10-07T10:17:23.045+0000] {logging_mixin.py:190} INFO - ⚠️ Lỗi khi xử lý POT: 'Limiter' object has no attribute 'ratelimit'
[2025-10-07T10:17:23.045+0000] {logging_mixin.py:190} INFO - ⚠️ Lỗi khi xử lý POS: 'Limiter' object has no attribute 'ratelimit'
[2025-10-07T10:17:23.046+0000] {logging_mixin.py:190} INFO - ⚠️ Lỗi khi xử lý POM: 'Limiter' object has no attribute 'ratelimit'
[2025-10-07T10:17:23.047+0000] {logging_mixin.py:190} INFO - ⚠️ Lỗi khi xử lý POB: 'Limiter' object has no attribute 'ratelimit'
[2025-10-07T10:17:23.048+0000] {logging_mixin.py:190} INFO - ⚠️ Lỗi khi xử lý PNT: 'Limiter' object has no attribute 'ratelimit'
[2025-10-07T10:17:23.055+0000] {logging_mixin.py:190} INFO - ⚠️ Lỗi khi xử lý PNP: 'Limiter' object has no attribute 'ratelimit'
[2025-10-07T10:17:23.055+0000] {logging_mixin.py:190} INFO - ⚠️ Lỗi khi xử lý PNJ: 'Limiter' object has no attribute 'ratelimit'
[2025-10-07T10:17:23.056+0000] {logging_mixin.py:190} INFO - ⚠️ Lỗi khi xử lý PNG: 'Limiter' object has no attribute 'ratelimit'
[2025-10-07T10:17:23.056+0000] {logging_mixin.py:190} INFO - ⚠️ Lỗi khi xử lý PND: 'Limiter' object has no attribute 'ratelimit'
[2025-10-07T10:17:23.057+0000] {logging_mixin.py:190} INFO - ⚠️ Lỗi khi xử lý PNC: 'Limiter' object has no attribute 'ratelimit'
[2025-10-07T10:17:23.067+0000] {logging_mixin.py:190} INFO - ⚠️ Lỗi khi xử lý PMW: 'Limiter' object has no attribute 'ratelimit'
[2025-10-07T10:17:23.068+0000] {logging_mixin.py:190} INFO - ⚠️ Lỗi khi xử lý PMT: 'Limiter' object has no attribute 'ratelimit'
[2025-10-07T10:17:23.068+0000] {logging_mixin.py:190} INFO - ⚠️ Lỗi khi xử lý PMS: 'Limiter' object has no attribute 'ratelimit'
[2025-10-07T10:17:23.069+0000] {logging_mixin.py:190} INFO - ⚠️ Lỗi khi xử lý PMP: 'Limiter' object has no attribute 'ratelimit'
[2025-10-07T10:17:23.070+0000] {logging_mixin.py:190} INFO - ⚠️ Lỗi khi xử lý PMJ: 'Limiter' object has no attribute 'ratelimit'
[2025-10-07T10:17:23.070+0000] {logging_mixin.py:190} INFO - ⚠️ Lỗi khi xử lý PMG: 'Limiter' object has no attribute 'ratelimit'
[2025-10-07T10:17:23.071+0000] {logging_mixin.py:190} INFO - ⚠️ Lỗi khi xử lý PMC: 'Limiter' object has no attribute 'ratelimit'
[2025-10-07T10:17:23.071+0000] {logging_mixin.py:190} INFO - ⚠️ Lỗi khi xử lý PMB: 'Limiter' object has no attribute 'ratelimit'
[2025-10-07T10:17:23.072+0000] {logging_mixin.py:190} INFO - ⚠️ Lỗi khi xử lý PLX: 'Limiter' object has no attribute 'ratelimit'
[2025-10-07T10:17:23.072+0000] {logging_mixin.py:190} INFO - ⚠️ Lỗi khi xử lý PLP: 'Limiter' object has no attribute 'ratelimit'
[2025-10-07T10:17:23.073+0000] {logging_mixin.py:190} INFO - ⚠️ Lỗi khi xử lý PLO: 'Limiter' object has no attribute 'ratelimit'
[2025-10-07T10:17:23.073+0000] {logging_mixin.py:190} INFO - ⚠️ Lỗi khi xử lý PLE: 'Limiter' object has no attribute 'ratelimit'
[2025-10-07T10:17:23.074+0000] {logging_mixin.py:190} INFO - ⚠️ Lỗi khi xử lý PLC: 'Limiter' object has no attribute 'ratelimit'
[2025-10-07T10:17:23.075+0000] {logging_mixin.py:190} INFO - ⚠️ Lỗi khi xử lý PLA: 'Limiter' object has no attribute 'ratelimit'
[2025-10-07T10:17:23.075+0000] {logging_mixin.py:190} INFO - ⚠️ Lỗi khi xử lý PJT: 'Limiter' object has no attribute 'ratelimit'
[2025-10-07T10:17:23.079+0000] {logging_mixin.py:190} INFO - ⚠️ Lỗi khi xử lý PJS: 'Limiter' object has no attribute 'ratelimit'
[2025-10-07T10:17:23.082+0000] {logging_mixin.py:190} INFO - ⚠️ Lỗi khi xử lý PJC: 'Limiter' object has no attribute 'ratelimit'
[2025-10-07T10:17:23.083+0000] {logging_mixin.py:190} INFO - ⚠️ Lỗi khi xử lý PIV: 'Limiter' object has no attribute 'ratelimit'
[2025-10-07T10:17:23.088+0000] {logging_mixin.py:190} INFO - ⚠️ Lỗi khi xử lý PIT: 'Limiter' object has no attribute 'ratelimit'
[2025-10-07T10:17:23.088+0000] {logging_mixin.py:190} INFO - ⚠️ Lỗi khi xử lý PIS: 'Limiter' object has no attribute 'ratelimit'
[2025-10-07T10:17:23.089+0000] {logging_mixin.py:190} INFO - ⚠️ Lỗi khi xử lý PID: 'Limiter' object has no attribute 'ratelimit'
[2025-10-07T10:17:23.093+0000] {logging_mixin.py:190} INFO - ⚠️ Lỗi khi xử lý PIC: 'Limiter' object has no attribute 'ratelimit'
[2025-10-07T10:17:23.093+0000] {logging_mixin.py:190} INFO - ⚠️ Lỗi khi xử lý PIA: 'Limiter' object has no attribute 'ratelimit'
[2025-10-07T10:17:23.094+0000] {logging_mixin.py:190} INFO - ⚠️ Lỗi khi xử lý PHS: 'Limiter' object has no attribute 'ratelimit'
[2025-10-07T10:17:23.094+0000] {logging_mixin.py:190} INFO - ⚠️ Lỗi khi xử lý PHR: 'Limiter' object has no attribute 'ratelimit'
[2025-10-07T10:17:23.095+0000] {logging_mixin.py:190} INFO - ⚠️ Lỗi khi xử lý PHP: 'Limiter' object has no attribute 'ratelimit'
[2025-10-07T10:17:23.095+0000] {logging_mixin.py:190} INFO - ⚠️ Lỗi khi xử lý PHN: 'Limiter' object has no attribute 'ratelimit'
[2025-10-07T10:17:23.096+0000] {logging_mixin.py:190} INFO - ⚠️ Lỗi khi xử lý PHH: 'Limiter' object has no attribute 'ratelimit'
[2025-10-07T10:17:23.097+0000] {logging_mixin.py:190} INFO - ⚠️ Lỗi khi xử lý PHC: 'Limiter' object has no attribute 'ratelimit'
[2025-10-07T10:17:23.098+0000] {logging_mixin.py:190} INFO - ⚠️ Lỗi khi xử lý PGV: 'Limiter' object has no attribute 'ratelimit'
[2025-10-07T10:17:23.099+0000] {logging_mixin.py:190} INFO - ⚠️ Lỗi khi xử lý PGT: 'Limiter' object has no attribute 'ratelimit'
[2025-10-07T10:17:23.100+0000] {logging_mixin.py:190} INFO - ⚠️ Lỗi khi xử lý PGS: 'Limiter' object has no attribute 'ratelimit'
[2025-10-07T10:17:23.102+0000] {python.py:240} INFO - Done. Returned value was: None
[2025-10-07T10:17:23.131+0000] {taskinstance.py:341} INFO - ::group::Post task execution logs
[2025-10-07T10:17:23.136+0000] {taskinstance.py:353} INFO - Marking task as SUCCESS. dag_id=vnstock_weekly_etl_incremental, task_id=process_batch, run_id=manual__2025-10-07T10:16:29.686945+00:00, map_index=13, execution_date=20251007T101629, start_date=20251007T101721, end_date=20251007T101723
[2025-10-07T10:17:23.562+0000] {local_task_job_runner.py:266} INFO - Task exited with return code 0
[2025-10-07T10:17:24.253+0000] {taskinstance.py:3901} INFO - 0 downstream tasks scheduled from follow-on schedule check
[2025-10-07T10:17:24.267+0000] {local_task_job_runner.py:245} INFO - ::endgroup::
