[2025-10-07T10:51:48.162+0000] {local_task_job_runner.py:123} INFO - ::group::Pre task execution logs
[2025-10-07T10:51:48.189+0000] {taskinstance.py:2614} INFO - Dependencies all met for dep_context=non-requeueable deps ti=<TaskInstance: vnstock_weekly_etl_incremental.process_batch manual__2025-10-07T10:41:48.387187+00:00 map_index=6 [queued]>
[2025-10-07T10:51:48.200+0000] {taskinstance.py:2614} INFO - Dependencies all met for dep_context=requeueable deps ti=<TaskInstance: vnstock_weekly_etl_incremental.process_batch manual__2025-10-07T10:41:48.387187+00:00 map_index=6 [queued]>
[2025-10-07T10:51:48.200+0000] {taskinstance.py:2867} INFO - Starting attempt 1 of 3
[2025-10-07T10:51:48.213+0000] {taskinstance.py:2890} INFO - Executing <Mapped(_PythonDecoratedOperator): process_batch> on 2025-10-07 10:41:48.387187+00:00
[2025-10-07T10:51:48.223+0000] {logging_mixin.py:190} WARNING - /home/***/.local/lib/python3.12/site-packages/***/task/task_runner/standard_task_runner.py:70 DeprecationWarning: This process (pid=4283) is multi-threaded, use of fork() may lead to deadlocks in the child.
[2025-10-07T10:51:48.225+0000] {standard_task_runner.py:72} INFO - Started process 4342 to run task
[2025-10-07T10:51:48.225+0000] {standard_task_runner.py:104} INFO - Running: ['***', 'tasks', 'run', 'vnstock_weekly_etl_incremental', 'process_batch', 'manual__2025-10-07T10:41:48.387187+00:00', '--job-id', '129', '--raw', '--subdir', 'DAGS_FOLDER/dag.py', '--cfg-path', '/tmp/tmphw0u8rgo', '--map-index', '6']
[2025-10-07T10:51:48.228+0000] {standard_task_runner.py:105} INFO - Job 129: Subtask process_batch
[2025-10-07T10:51:48.242+0000] {logging_mixin.py:190} WARNING - /home/***/.local/lib/python3.12/site-packages/***/settings.py:209 DeprecationWarning: The sql_alchemy_conn option in [core] has been moved to the sql_alchemy_conn option in [database] - the old setting has been used, but please update your config.
[2025-10-07T10:51:48.286+0000] {task_command.py:467} INFO - Running <TaskInstance: vnstock_weekly_etl_incremental.process_batch manual__2025-10-07T10:41:48.387187+00:00 map_index=6 [running]> on host e3278e0f0bbc
[2025-10-07T10:51:48.611+0000] {taskinstance.py:3134} INFO - Exporting env vars: AIRFLOW_CTX_DAG_OWNER='***' AIRFLOW_CTX_DAG_ID='vnstock_weekly_etl_incremental' AIRFLOW_CTX_TASK_ID='process_batch' AIRFLOW_CTX_EXECUTION_DATE='2025-10-07T10:41:48.387187+00:00' AIRFLOW_CTX_TRY_NUMBER='1' AIRFLOW_CTX_DAG_RUN_ID='manual__2025-10-07T10:41:48.387187+00:00'
[2025-10-07T10:51:48.613+0000] {taskinstance.py:732} INFO - ::endgroup::
[2025-10-07T10:51:48.615+0000] {logging_mixin.py:190} INFO - ⬇️ Bắt đầu xử lý symbol = TLI
[2025-10-07T10:51:48.626+0000] {logging_mixin.py:190} INFO - ⚠️ Không đọc được file cũ TLI: 'date'
[2025-10-07T10:51:48.637+0000] {logging_mixin.py:190} INFO - TLI: trích dữ liệu từ 2025-10-07 đến 2025-10-07
[2025-10-07T10:51:53.127+0000] {logging_mixin.py:190} INFO - Không tìm thấy dữ liệu cho TLI
[2025-10-07T10:51:53.133+0000] {logging_mixin.py:190} INFO - ℹ️ TLI: Không có dữ liệu mới.
[2025-10-07T10:51:53.134+0000] {logging_mixin.py:190} INFO - ⬇️ Bắt đầu xử lý symbol = TLH
[2025-10-07T10:51:53.145+0000] {logging_mixin.py:190} INFO - ⚠️ Không đọc được file cũ TLH: 'date'
[2025-10-07T10:51:53.185+0000] {logging_mixin.py:190} INFO - TLH: trích dữ liệu từ 2025-10-08 đến 2025-10-07
[2025-10-07T10:51:57.604+0000] {logging_mixin.py:190} INFO - Không tìm thấy dữ liệu cho TLH
[2025-10-07T10:51:57.606+0000] {logging_mixin.py:190} INFO - ℹ️ TLH: Không có dữ liệu mới.
[2025-10-07T10:51:57.607+0000] {logging_mixin.py:190} INFO - ⬇️ Bắt đầu xử lý symbol = TLG
[2025-10-07T10:51:57.613+0000] {logging_mixin.py:190} INFO - ⚠️ Không đọc được file cũ TLG: 'date'
[2025-10-07T10:51:57.619+0000] {logging_mixin.py:190} INFO - TLG: trích dữ liệu từ 2025-10-08 đến 2025-10-07
[2025-10-07T10:52:04.560+0000] {logging_mixin.py:190} INFO - Không tìm thấy dữ liệu cho TLG
[2025-10-07T10:52:04.561+0000] {logging_mixin.py:190} INFO - ℹ️ TLG: Không có dữ liệu mới.
[2025-10-07T10:52:04.562+0000] {logging_mixin.py:190} INFO - ⬇️ Bắt đầu xử lý symbol = TLD
[2025-10-07T10:52:04.578+0000] {logging_mixin.py:190} INFO - ⚠️ Không đọc được file cũ TLD: 'date'
[2025-10-07T10:52:04.587+0000] {logging_mixin.py:190} INFO - TLD: trích dữ liệu từ 2025-10-08 đến 2025-10-07
[2025-10-07T10:52:09.004+0000] {logging_mixin.py:190} INFO - Không tìm thấy dữ liệu cho TLD
[2025-10-07T10:52:09.006+0000] {logging_mixin.py:190} INFO - ℹ️ TLD: Không có dữ liệu mới.
[2025-10-07T10:52:09.007+0000] {logging_mixin.py:190} INFO - ⬇️ Bắt đầu xử lý symbol = TL4
[2025-10-07T10:52:09.014+0000] {logging_mixin.py:190} INFO - ⚠️ Không đọc được file cũ TL4: 'date'
[2025-10-07T10:52:09.023+0000] {logging_mixin.py:190} INFO - TL4: trích dữ liệu từ 2025-09-27 đến 2025-10-07
[2025-10-07T10:52:13.471+0000] {logging_mixin.py:190} INFO - Không tìm thấy dữ liệu cho TL4
[2025-10-07T10:52:13.473+0000] {logging_mixin.py:190} INFO - ℹ️ TL4: Không có dữ liệu mới.
[2025-10-07T10:52:13.473+0000] {logging_mixin.py:190} INFO - 🚦 Giới hạn API đạt mức tối đa, chờ 35.1s...
[2025-10-07T10:52:49.606+0000] {logging_mixin.py:190} INFO - ⬇️ Bắt đầu xử lý symbol = TKU
[2025-10-07T10:52:49.637+0000] {logging_mixin.py:190} INFO - ⚠️ Không đọc được file cũ TKU: 'date'
[2025-10-07T10:52:49.650+0000] {logging_mixin.py:190} INFO - TKU: trích dữ liệu từ 2025-10-04 đến 2025-10-07
[2025-10-07T10:52:49.658+0000] {client.py:83} ERROR - API request failed: HTTPSConnectionPool(host='trading.vietcap.com.vn', port=443): Max retries exceeded with url: /api/chart/OHLCChart/gap (Caused by NameResolutionError("<urllib3.connection.HTTPSConnection object at 0x7e619e937c20>: Failed to resolve 'trading.vietcap.com.vn' ([Errno -2] Name or service not known)"))
[2025-10-07T10:52:51.671+0000] {client.py:83} ERROR - API request failed: HTTPSConnectionPool(host='trading.vietcap.com.vn', port=443): Max retries exceeded with url: /api/chart/OHLCChart/gap (Caused by NameResolutionError("<urllib3.connection.HTTPSConnection object at 0x7e619e7a4890>: Failed to resolve 'trading.vietcap.com.vn' ([Errno -2] Name or service not known)"))
[2025-10-07T10:52:53.716+0000] {client.py:83} ERROR - API request failed: HTTPSConnectionPool(host='trading.vietcap.com.vn', port=443): Max retries exceeded with url: /api/chart/OHLCChart/gap (Caused by NameResolutionError("<urllib3.connection.HTTPSConnection object at 0x7e619e7a53a0>: Failed to resolve 'trading.vietcap.com.vn' ([Errno -2] Name or service not known)"))
[2025-10-07T10:52:53.718+0000] {logging_mixin.py:190} INFO - Không tìm thấy dữ liệu cho TKU
[2025-10-07T10:52:53.722+0000] {logging_mixin.py:190} INFO - ℹ️ TKU: Không có dữ liệu mới.
[2025-10-07T10:52:53.723+0000] {logging_mixin.py:190} INFO - ⬇️ Bắt đầu xử lý symbol = TKG
[2025-10-07T10:52:53.771+0000] {logging_mixin.py:190} INFO - ⚠️ Không đọc được file cũ TKG: 'date'
[2025-10-07T10:52:53.794+0000] {logging_mixin.py:190} INFO - TKG: trích dữ liệu từ 2024-08-24 đến 2025-10-07
[2025-10-07T10:52:53.807+0000] {client.py:83} ERROR - API request failed: HTTPSConnectionPool(host='trading.vietcap.com.vn', port=443): Max retries exceeded with url: /api/chart/OHLCChart/gap (Caused by NameResolutionError("<urllib3.connection.HTTPSConnection object at 0x7e619e926f00>: Failed to resolve 'trading.vietcap.com.vn' ([Errno -2] Name or service not known)"))
[2025-10-07T10:52:55.820+0000] {client.py:83} ERROR - API request failed: HTTPSConnectionPool(host='trading.vietcap.com.vn', port=443): Max retries exceeded with url: /api/chart/OHLCChart/gap (Caused by NameResolutionError("<urllib3.connection.HTTPSConnection object at 0x7e619e7a42c0>: Failed to resolve 'trading.vietcap.com.vn' ([Errno -2] Name or service not known)"))
[2025-10-07T10:52:57.835+0000] {client.py:83} ERROR - API request failed: HTTPSConnectionPool(host='trading.vietcap.com.vn', port=443): Max retries exceeded with url: /api/chart/OHLCChart/gap (Caused by NameResolutionError("<urllib3.connection.HTTPSConnection object at 0x7e619e7a5850>: Failed to resolve 'trading.vietcap.com.vn' ([Errno -2] Name or service not known)"))
[2025-10-07T10:52:57.838+0000] {logging_mixin.py:190} INFO - Không tìm thấy dữ liệu cho TKG
[2025-10-07T10:52:57.843+0000] {logging_mixin.py:190} INFO - ℹ️ TKG: Không có dữ liệu mới.
[2025-10-07T10:52:57.845+0000] {logging_mixin.py:190} INFO - ⬇️ Bắt đầu xử lý symbol = TKC
[2025-10-07T10:52:57.909+0000] {logging_mixin.py:190} INFO - ⚠️ Không đọc được file cũ TKC: 'date'
[2025-10-07T10:52:57.939+0000] {logging_mixin.py:190} INFO - TKC: trích dữ liệu từ 2024-07-26 đến 2025-10-07
[2025-10-07T10:52:57.954+0000] {client.py:83} ERROR - API request failed: HTTPSConnectionPool(host='trading.vietcap.com.vn', port=443): Max retries exceeded with url: /api/chart/OHLCChart/gap (Caused by NameResolutionError("<urllib3.connection.HTTPSConnection object at 0x7e619e894590>: Failed to resolve 'trading.vietcap.com.vn' ([Errno -2] Name or service not known)"))
[2025-10-07T10:52:59.970+0000] {client.py:83} ERROR - API request failed: HTTPSConnectionPool(host='trading.vietcap.com.vn', port=443): Max retries exceeded with url: /api/chart/OHLCChart/gap (Caused by NameResolutionError("<urllib3.connection.HTTPSConnection object at 0x7e619e9378c0>: Failed to resolve 'trading.vietcap.com.vn' ([Errno -2] Name or service not known)"))
[2025-10-07T10:53:01.982+0000] {client.py:83} ERROR - API request failed: HTTPSConnectionPool(host='trading.vietcap.com.vn', port=443): Max retries exceeded with url: /api/chart/OHLCChart/gap (Caused by NameResolutionError("<urllib3.connection.HTTPSConnection object at 0x7e619e7a5550>: Failed to resolve 'trading.vietcap.com.vn' ([Errno -2] Name or service not known)"))
[2025-10-07T10:53:04.267+0000] {logging_mixin.py:190} INFO - Không tìm thấy dữ liệu cho TKC
[2025-10-07T10:53:04.271+0000] {logging_mixin.py:190} INFO - ℹ️ TKC: Không có dữ liệu mới.
[2025-10-07T10:53:04.273+0000] {logging_mixin.py:190} INFO - 🚦 Giới hạn API đạt mức tối đa, chờ 0.3s...
[2025-10-07T10:53:04.564+0000] {logging_mixin.py:190} INFO - ⬇️ Bắt đầu xử lý symbol = TKA
[2025-10-07T10:53:04.664+0000] {logging_mixin.py:190} INFO - ⚠️ Không đọc được file cũ TKA: 'date'
[2025-10-07T10:53:04.695+0000] {logging_mixin.py:190} INFO - TKA: trích dữ liệu từ 2024-10-22 đến 2025-10-07
[2025-10-07T10:53:04.706+0000] {client.py:83} ERROR - API request failed: HTTPSConnectionPool(host='trading.vietcap.com.vn', port=443): Max retries exceeded with url: /api/chart/OHLCChart/gap (Caused by NameResolutionError("<urllib3.connection.HTTPSConnection object at 0x7e619e7a6d80>: Failed to resolve 'trading.vietcap.com.vn' ([Errno -2] Name or service not known)"))
[2025-10-07T10:53:06.713+0000] {client.py:83} ERROR - API request failed: HTTPSConnectionPool(host='trading.vietcap.com.vn', port=443): Max retries exceeded with url: /api/chart/OHLCChart/gap (Caused by NameResolutionError("<urllib3.connection.HTTPSConnection object at 0x7e619e9369c0>: Failed to resolve 'trading.vietcap.com.vn' ([Errno -2] Name or service not known)"))
[2025-10-07T10:53:08.720+0000] {client.py:83} ERROR - API request failed: HTTPSConnectionPool(host='trading.vietcap.com.vn', port=443): Max retries exceeded with url: /api/chart/OHLCChart/gap (Caused by NameResolutionError("<urllib3.connection.HTTPSConnection object at 0x7e619e7a7290>: Failed to resolve 'trading.vietcap.com.vn' ([Errno -2] Name or service not known)"))
[2025-10-07T10:53:08.722+0000] {logging_mixin.py:190} INFO - Không tìm thấy dữ liệu cho TKA
[2025-10-07T10:53:08.724+0000] {logging_mixin.py:190} INFO - ℹ️ TKA: Không có dữ liệu mới.
[2025-10-07T10:53:08.725+0000] {logging_mixin.py:190} INFO - 🚦 Giới hạn API đạt mức tối đa, chờ 0.3s...
[2025-10-07T10:53:09.008+0000] {logging_mixin.py:190} INFO - ⬇️ Bắt đầu xử lý symbol = TJC
[2025-10-07T10:53:09.081+0000] {logging_mixin.py:190} INFO - ⚠️ Không đọc được file cũ TJC: 'date'
[2025-10-07T10:53:09.116+0000] {logging_mixin.py:190} INFO - TJC: trích dữ liệu từ 2025-10-04 đến 2025-10-07
[2025-10-07T10:53:09.131+0000] {client.py:83} ERROR - API request failed: HTTPSConnectionPool(host='trading.vietcap.com.vn', port=443): Max retries exceeded with url: /api/chart/OHLCChart/gap (Caused by NameResolutionError("<urllib3.connection.HTTPSConnection object at 0x7e619e7a7830>: Failed to resolve 'trading.vietcap.com.vn' ([Errno -2] Name or service not known)"))
[2025-10-07T10:53:11.184+0000] {client.py:83} ERROR - API request failed: HTTPSConnectionPool(host='trading.vietcap.com.vn', port=443): Max retries exceeded with url: /api/chart/OHLCChart/gap (Caused by NameResolutionError("<urllib3.connection.HTTPSConnection object at 0x7e619e7b43e0>: Failed to resolve 'trading.vietcap.com.vn' ([Errno -2] Name or service not known)"))
[2025-10-07T10:53:13.202+0000] {client.py:83} ERROR - API request failed: HTTPSConnectionPool(host='trading.vietcap.com.vn', port=443): Max retries exceeded with url: /api/chart/OHLCChart/gap (Caused by NameResolutionError("<urllib3.connection.HTTPSConnection object at 0x7e619e7a7b90>: Failed to resolve 'trading.vietcap.com.vn' ([Errno -2] Name or service not known)"))
[2025-10-07T10:53:13.206+0000] {logging_mixin.py:190} INFO - Không tìm thấy dữ liệu cho TJC
[2025-10-07T10:53:13.211+0000] {logging_mixin.py:190} INFO - ℹ️ TJC: Không có dữ liệu mới.
[2025-10-07T10:53:13.213+0000] {logging_mixin.py:190} INFO - 🚦 Giới hạn API đạt mức tối đa, chờ 36.4s...
[2025-10-07T10:53:50.651+0000] {logging_mixin.py:190} INFO - ⬇️ Bắt đầu xử lý symbol = TIX
[2025-10-07T10:53:50.743+0000] {logging_mixin.py:190} INFO - ⚠️ Không đọc được file cũ TIX: 'date'
[2025-10-07T10:53:50.782+0000] {logging_mixin.py:190} INFO - TIX: trích dữ liệu từ 2025-10-04 đến 2025-10-07
[2025-10-07T10:53:50.799+0000] {client.py:83} ERROR - API request failed: HTTPSConnectionPool(host='trading.vietcap.com.vn', port=443): Max retries exceeded with url: /api/chart/OHLCChart/gap (Caused by NameResolutionError("<urllib3.connection.HTTPSConnection object at 0x7e619e7b4080>: Failed to resolve 'trading.vietcap.com.vn' ([Errno -2] Name or service not known)"))
[2025-10-07T10:53:52.810+0000] {client.py:83} ERROR - API request failed: HTTPSConnectionPool(host='trading.vietcap.com.vn', port=443): Max retries exceeded with url: /api/chart/OHLCChart/gap (Caused by NameResolutionError("<urllib3.connection.HTTPSConnection object at 0x7e619e7b55e0>: Failed to resolve 'trading.vietcap.com.vn' ([Errno -2] Name or service not known)"))
[2025-10-07T10:53:55.072+0000] {client.py:83} ERROR - API request failed: HTTPSConnectionPool(host='trading.vietcap.com.vn', port=443): Max retries exceeded with url: /api/chart/OHLCChart/gap (Caused by NameResolutionError("<urllib3.connection.HTTPSConnection object at 0x7e619e7e1d60>: Failed to resolve 'trading.vietcap.com.vn' ([Errno -2] Name or service not known)"))
[2025-10-07T10:53:55.078+0000] {logging_mixin.py:190} INFO - Không tìm thấy dữ liệu cho TIX
[2025-10-07T10:53:55.082+0000] {logging_mixin.py:190} INFO - ℹ️ TIX: Không có dữ liệu mới.
[2025-10-07T10:53:55.085+0000] {logging_mixin.py:190} INFO - ⬇️ Bắt đầu xử lý symbol = TIS
[2025-10-07T10:53:55.108+0000] {logging_mixin.py:190} INFO - ⚠️ Không đọc được file cũ TIS: 'date'
[2025-10-07T10:53:55.116+0000] {logging_mixin.py:190} INFO - TIS: trích dữ liệu từ 2025-10-04 đến 2025-10-07
[2025-10-07T10:53:55.121+0000] {client.py:83} ERROR - API request failed: HTTPSConnectionPool(host='trading.vietcap.com.vn', port=443): Max retries exceeded with url: /api/chart/OHLCChart/gap (Caused by NameResolutionError("<urllib3.connection.HTTPSConnection object at 0x7e619e7b4650>: Failed to resolve 'trading.vietcap.com.vn' ([Errno -2] Name or service not known)"))
[2025-10-07T10:53:57.127+0000] {client.py:83} ERROR - API request failed: HTTPSConnectionPool(host='trading.vietcap.com.vn', port=443): Max retries exceeded with url: /api/chart/OHLCChart/gap (Caused by NameResolutionError("<urllib3.connection.HTTPSConnection object at 0x7e619e856e70>: Failed to resolve 'trading.vietcap.com.vn' ([Errno -2] Name or service not known)"))
[2025-10-07T10:53:59.134+0000] {client.py:83} ERROR - API request failed: HTTPSConnectionPool(host='trading.vietcap.com.vn', port=443): Max retries exceeded with url: /api/chart/OHLCChart/gap (Caused by NameResolutionError("<urllib3.connection.HTTPSConnection object at 0x7e619e935a90>: Failed to resolve 'trading.vietcap.com.vn' ([Errno -2] Name or service not known)"))
[2025-10-07T10:53:59.135+0000] {logging_mixin.py:190} INFO - Không tìm thấy dữ liệu cho TIS
[2025-10-07T10:53:59.137+0000] {logging_mixin.py:190} INFO - ℹ️ TIS: Không có dữ liệu mới.
[2025-10-07T10:53:59.137+0000] {logging_mixin.py:190} INFO - ⬇️ Bắt đầu xử lý symbol = TIP
[2025-10-07T10:53:59.171+0000] {logging_mixin.py:190} INFO - ⚠️ Không đọc được file cũ TIP: 'date'
[2025-10-07T10:53:59.184+0000] {logging_mixin.py:190} INFO - TIP: trích dữ liệu từ 2025-10-04 đến 2025-10-07
[2025-10-07T10:53:59.190+0000] {client.py:83} ERROR - API request failed: HTTPSConnectionPool(host='trading.vietcap.com.vn', port=443): Max retries exceeded with url: /api/chart/OHLCChart/gap (Caused by NameResolutionError("<urllib3.connection.HTTPSConnection object at 0x7e619e7b5f10>: Failed to resolve 'trading.vietcap.com.vn' ([Errno -2] Name or service not known)"))
[2025-10-07T10:54:01.204+0000] {client.py:83} ERROR - API request failed: HTTPSConnectionPool(host='trading.vietcap.com.vn', port=443): Max retries exceeded with url: /api/chart/OHLCChart/gap (Caused by NameResolutionError("<urllib3.connection.HTTPSConnection object at 0x7e619e7b79b0>: Failed to resolve 'trading.vietcap.com.vn' ([Errno -2] Name or service not known)"))
[2025-10-07T10:54:03.221+0000] {client.py:83} ERROR - API request failed: HTTPSConnectionPool(host='trading.vietcap.com.vn', port=443): Max retries exceeded with url: /api/chart/OHLCChart/gap (Caused by NameResolutionError("<urllib3.connection.HTTPSConnection object at 0x7e619e935d90>: Failed to resolve 'trading.vietcap.com.vn' ([Errno -2] Name or service not known)"))
[2025-10-07T10:54:03.225+0000] {logging_mixin.py:190} INFO - Không tìm thấy dữ liệu cho TIP
[2025-10-07T10:54:03.231+0000] {logging_mixin.py:190} INFO - ℹ️ TIP: Không có dữ liệu mới.
[2025-10-07T10:54:03.234+0000] {logging_mixin.py:190} INFO - 🚦 Giới hạn API đạt mức tối đa, chờ 1.3s...
[2025-10-07T10:54:04.568+0000] {logging_mixin.py:190} INFO - ⬇️ Bắt đầu xử lý symbol = TIN
[2025-10-07T10:54:04.616+0000] {logging_mixin.py:190} INFO - ⚠️ Không đọc được file cũ TIN: 'date'
[2025-10-07T10:54:04.637+0000] {logging_mixin.py:190} INFO - TIN: trích dữ liệu từ 2025-10-04 đến 2025-10-07
[2025-10-07T10:54:04.647+0000] {client.py:83} ERROR - API request failed: HTTPSConnectionPool(host='trading.vietcap.com.vn', port=443): Max retries exceeded with url: /api/chart/OHLCChart/gap (Caused by NameResolutionError("<urllib3.connection.HTTPSConnection object at 0x7e619e9352b0>: Failed to resolve 'trading.vietcap.com.vn' ([Errno -2] Name or service not known)"))
[2025-10-07T10:54:07.763+0000] {client.py:83} ERROR - API request failed: HTTPSConnectionPool(host='trading.vietcap.com.vn', port=443): Max retries exceeded with url: /api/chart/OHLCChart/gap (Caused by NameResolutionError("<urllib3.connection.HTTPSConnection object at 0x7e619e7b4260>: Failed to resolve 'trading.vietcap.com.vn' ([Errno -2] Name or service not known)"))
[2025-10-07T10:54:09.773+0000] {client.py:83} ERROR - API request failed: HTTPSConnectionPool(host='trading.vietcap.com.vn', port=443): Max retries exceeded with url: /api/chart/OHLCChart/gap (Caused by NameResolutionError("<urllib3.connection.HTTPSConnection object at 0x7e619e7b6720>: Failed to resolve 'trading.vietcap.com.vn' ([Errno -2] Name or service not known)"))
[2025-10-07T10:54:09.774+0000] {logging_mixin.py:190} INFO - Không tìm thấy dữ liệu cho TIN
[2025-10-07T10:54:09.776+0000] {logging_mixin.py:190} INFO - ℹ️ TIN: Không có dữ liệu mới.
[2025-10-07T10:54:09.777+0000] {logging_mixin.py:190} INFO - ⬇️ Bắt đầu xử lý symbol = TIG
[2025-10-07T10:54:09.803+0000] {logging_mixin.py:190} INFO - ⚠️ Không đọc được file cũ TIG: 'date'
[2025-10-07T10:54:09.816+0000] {logging_mixin.py:190} INFO - TIG: trích dữ liệu từ 2025-10-04 đến 2025-10-07
[2025-10-07T10:54:09.822+0000] {client.py:83} ERROR - API request failed: HTTPSConnectionPool(host='trading.vietcap.com.vn', port=443): Max retries exceeded with url: /api/chart/OHLCChart/gap (Caused by NameResolutionError("<urllib3.connection.HTTPSConnection object at 0x7e619e7a6510>: Failed to resolve 'trading.vietcap.com.vn' ([Errno -2] Name or service not known)"))
[2025-10-07T10:54:11.885+0000] {client.py:83} ERROR - API request failed: HTTPSConnectionPool(host='trading.vietcap.com.vn', port=443): Max retries exceeded with url: /api/chart/OHLCChart/gap (Caused by NameResolutionError("<urllib3.connection.HTTPSConnection object at 0x7e619e7a7ad0>: Failed to resolve 'trading.vietcap.com.vn' ([Errno -2] Name or service not known)"))
[2025-10-07T10:54:13.896+0000] {client.py:83} ERROR - API request failed: HTTPSConnectionPool(host='trading.vietcap.com.vn', port=443): Max retries exceeded with url: /api/chart/OHLCChart/gap (Caused by NameResolutionError("<urllib3.connection.HTTPSConnection object at 0x7e619e7b4e90>: Failed to resolve 'trading.vietcap.com.vn' ([Errno -2] Name or service not known)"))
[2025-10-07T10:54:13.897+0000] {logging_mixin.py:190} INFO - Không tìm thấy dữ liệu cho TIG
[2025-10-07T10:54:13.900+0000] {logging_mixin.py:190} INFO - ℹ️ TIG: Không có dữ liệu mới.
[2025-10-07T10:54:13.901+0000] {logging_mixin.py:190} INFO - 🚦 Giới hạn API đạt mức tối đa, chờ 36.8s...
[2025-10-07T10:54:51.207+0000] {logging_mixin.py:190} INFO - ⬇️ Bắt đầu xử lý symbol = TIE
[2025-10-07T10:54:51.287+0000] {logging_mixin.py:190} INFO - ⚠️ Không đọc được file cũ TIE: 'date'
[2025-10-07T10:54:51.324+0000] {logging_mixin.py:190} INFO - TIE: trích dữ liệu từ 2025-10-04 đến 2025-10-07
[2025-10-07T10:54:51.341+0000] {client.py:83} ERROR - API request failed: HTTPSConnectionPool(host='trading.vietcap.com.vn', port=443): Max retries exceeded with url: /api/chart/OHLCChart/gap (Caused by NameResolutionError("<urllib3.connection.HTTPSConnection object at 0x7e619e7a4440>: Failed to resolve 'trading.vietcap.com.vn' ([Errno -2] Name or service not known)"))
[2025-10-07T10:54:53.358+0000] {client.py:83} ERROR - API request failed: HTTPSConnectionPool(host='trading.vietcap.com.vn', port=443): Max retries exceeded with url: /api/chart/OHLCChart/gap (Caused by NameResolutionError("<urllib3.connection.HTTPSConnection object at 0x7e619e7a6120>: Failed to resolve 'trading.vietcap.com.vn' ([Errno -2] Name or service not known)"))
[2025-10-07T10:54:55.373+0000] {client.py:83} ERROR - API request failed: HTTPSConnectionPool(host='trading.vietcap.com.vn', port=443): Max retries exceeded with url: /api/chart/OHLCChart/gap (Caused by NameResolutionError("<urllib3.connection.HTTPSConnection object at 0x7e619e7e2cf0>: Failed to resolve 'trading.vietcap.com.vn' ([Errno -2] Name or service not known)"))
[2025-10-07T10:54:55.377+0000] {logging_mixin.py:190} INFO - Không tìm thấy dữ liệu cho TIE
[2025-10-07T10:54:55.383+0000] {logging_mixin.py:190} INFO - ℹ️ TIE: Không có dữ liệu mới.
[2025-10-07T10:54:55.385+0000] {logging_mixin.py:190} INFO - ⬇️ Bắt đầu xử lý symbol = TID
[2025-10-07T10:54:55.467+0000] {logging_mixin.py:190} INFO - ⚠️ Không đọc được file cũ TID: 'date'
[2025-10-07T10:54:55.489+0000] {logging_mixin.py:190} INFO - TID: trích dữ liệu từ 2025-10-04 đến 2025-10-07
[2025-10-07T10:54:55.495+0000] {client.py:83} ERROR - API request failed: HTTPSConnectionPool(host='trading.vietcap.com.vn', port=443): Max retries exceeded with url: /api/chart/OHLCChart/gap (Caused by NameResolutionError("<urllib3.connection.HTTPSConnection object at 0x7e619e937fe0>: Failed to resolve 'trading.vietcap.com.vn' ([Errno -2] Name or service not known)"))
[2025-10-07T10:54:57.522+0000] {client.py:83} ERROR - API request failed: HTTPSConnectionPool(host='trading.vietcap.com.vn', port=443): Max retries exceeded with url: /api/chart/OHLCChart/gap (Caused by NameResolutionError("<urllib3.connection.HTTPSConnection object at 0x7e619e7e39b0>: Failed to resolve 'trading.vietcap.com.vn' ([Errno -2] Name or service not known)"))
[2025-10-07T10:54:59.528+0000] {client.py:83} ERROR - API request failed: HTTPSConnectionPool(host='trading.vietcap.com.vn', port=443): Max retries exceeded with url: /api/chart/OHLCChart/gap (Caused by NameResolutionError("<urllib3.connection.HTTPSConnection object at 0x7e619e7e1340>: Failed to resolve 'trading.vietcap.com.vn' ([Errno -2] Name or service not known)"))
[2025-10-07T10:54:59.529+0000] {logging_mixin.py:190} INFO - Không tìm thấy dữ liệu cho TID
[2025-10-07T10:54:59.530+0000] {logging_mixin.py:190} INFO - ℹ️ TID: Không có dữ liệu mới.
[2025-10-07T10:54:59.531+0000] {logging_mixin.py:190} INFO - ⬇️ Bắt đầu xử lý symbol = THW
[2025-10-07T10:54:59.566+0000] {logging_mixin.py:190} INFO - ⚠️ Không đọc được file cũ THW: 'date'
[2025-10-07T10:54:59.579+0000] {logging_mixin.py:190} INFO - THW: trích dữ liệu từ 2025-09-20 đến 2025-10-07
[2025-10-07T10:54:59.585+0000] {client.py:83} ERROR - API request failed: HTTPSConnectionPool(host='trading.vietcap.com.vn', port=443): Max retries exceeded with url: /api/chart/OHLCChart/gap (Caused by NameResolutionError("<urllib3.connection.HTTPSConnection object at 0x7e619e936480>: Failed to resolve 'trading.vietcap.com.vn' ([Errno -2] Name or service not known)"))
[2025-10-07T10:55:01.599+0000] {client.py:83} ERROR - API request failed: HTTPSConnectionPool(host='trading.vietcap.com.vn', port=443): Max retries exceeded with url: /api/chart/OHLCChart/gap (Caused by NameResolutionError("<urllib3.connection.HTTPSConnection object at 0x7e619e7a6420>: Failed to resolve 'trading.vietcap.com.vn' ([Errno -2] Name or service not known)"))
[2025-10-07T10:55:03.608+0000] {client.py:83} ERROR - API request failed: HTTPSConnectionPool(host='trading.vietcap.com.vn', port=443): Max retries exceeded with url: /api/chart/OHLCChart/gap (Caused by NameResolutionError("<urllib3.connection.HTTPSConnection object at 0x7e619e7e1850>: Failed to resolve 'trading.vietcap.com.vn' ([Errno -2] Name or service not known)"))
[2025-10-07T10:55:03.609+0000] {logging_mixin.py:190} INFO - Không tìm thấy dữ liệu cho THW
[2025-10-07T10:55:03.611+0000] {logging_mixin.py:190} INFO - ℹ️ THW: Không có dữ liệu mới.
[2025-10-07T10:55:03.612+0000] {logging_mixin.py:190} INFO - 🚦 Giới hạn API đạt mức tối đa, chờ 1.0s...
[2025-10-07T10:55:04.569+0000] {logging_mixin.py:190} INFO - ⬇️ Bắt đầu xử lý symbol = THU
[2025-10-07T10:55:04.650+0000] {logging_mixin.py:190} INFO - ⚠️ Không đọc được file cũ THU: 'date'
[2025-10-07T10:55:04.688+0000] {logging_mixin.py:190} INFO - THU: trích dữ liệu từ 2025-09-26 đến 2025-10-07
[2025-10-07T10:55:04.705+0000] {client.py:83} ERROR - API request failed: HTTPSConnectionPool(host='trading.vietcap.com.vn', port=443): Max retries exceeded with url: /api/chart/OHLCChart/gap (Caused by NameResolutionError("<urllib3.connection.HTTPSConnection object at 0x7e619e7bcb90>: Failed to resolve 'trading.vietcap.com.vn' ([Errno -2] Name or service not known)"))
[2025-10-07T10:55:06.724+0000] {client.py:83} ERROR - API request failed: HTTPSConnectionPool(host='trading.vietcap.com.vn', port=443): Max retries exceeded with url: /api/chart/OHLCChart/gap (Caused by NameResolutionError("<urllib3.connection.HTTPSConnection object at 0x7e619e7a7a70>: Failed to resolve 'trading.vietcap.com.vn' ([Errno -2] Name or service not known)"))
[2025-10-07T10:55:09.579+0000] {client.py:83} ERROR - API request failed: HTTPSConnectionPool(host='trading.vietcap.com.vn', port=443): Max retries exceeded with url: /api/chart/OHLCChart/gap (Caused by NameResolutionError("<urllib3.connection.HTTPSConnection object at 0x7e619e7e1c10>: Failed to resolve 'trading.vietcap.com.vn' ([Errno -2] Name or service not known)"))
[2025-10-07T10:55:09.582+0000] {logging_mixin.py:190} INFO - Không tìm thấy dữ liệu cho THU
[2025-10-07T10:55:09.587+0000] {logging_mixin.py:190} INFO - ℹ️ THU: Không có dữ liệu mới.
[2025-10-07T10:55:09.589+0000] {logging_mixin.py:190} INFO - 🚦 Giới hạn API đạt mức tối đa, chờ 0.2s...
[2025-10-07T10:55:09.779+0000] {logging_mixin.py:190} INFO - ⬇️ Bắt đầu xử lý symbol = THT
[2025-10-07T10:55:09.855+0000] {logging_mixin.py:190} INFO - ⚠️ Không đọc được file cũ THT: 'date'
[2025-10-07T10:55:09.870+0000] {logging_mixin.py:190} INFO - THT: trích dữ liệu từ 2025-10-04 đến 2025-10-07
[2025-10-07T10:55:09.878+0000] {client.py:83} ERROR - API request failed: HTTPSConnectionPool(host='trading.vietcap.com.vn', port=443): Max retries exceeded with url: /api/chart/OHLCChart/gap (Caused by NameResolutionError("<urllib3.connection.HTTPSConnection object at 0x7e619e7bd610>: Failed to resolve 'trading.vietcap.com.vn' ([Errno -2] Name or service not known)"))
[2025-10-07T10:55:11.884+0000] {client.py:83} ERROR - API request failed: HTTPSConnectionPool(host='trading.vietcap.com.vn', port=443): Max retries exceeded with url: /api/chart/OHLCChart/gap (Caused by NameResolutionError("<urllib3.connection.HTTPSConnection object at 0x7e619e7be120>: Failed to resolve 'trading.vietcap.com.vn' ([Errno -2] Name or service not known)"))
[2025-10-07T10:55:13.943+0000] {client.py:83} ERROR - API request failed: HTTPSConnectionPool(host='trading.vietcap.com.vn', port=443): Max retries exceeded with url: /api/chart/OHLCChart/gap (Caused by NameResolutionError("<urllib3.connection.HTTPSConnection object at 0x7e619e7bec60>: Failed to resolve 'trading.vietcap.com.vn' ([Errno -2] Name or service not known)"))
[2025-10-07T10:55:13.949+0000] {logging_mixin.py:190} INFO - Không tìm thấy dữ liệu cho THT
[2025-10-07T10:55:13.957+0000] {logging_mixin.py:190} INFO - ℹ️ THT: Không có dữ liệu mới.
[2025-10-07T10:55:13.959+0000] {logging_mixin.py:190} INFO - 🚦 Giới hạn API đạt mức tối đa, chờ 37.2s...
[2025-10-07T10:55:51.888+0000] {logging_mixin.py:190} INFO - ⬇️ Bắt đầu xử lý symbol = THS
[2025-10-07T10:55:51.914+0000] {logging_mixin.py:190} INFO - ⚠️ Không đọc được file cũ THS: 'date'
[2025-10-07T10:55:51.927+0000] {logging_mixin.py:190} INFO - THS: trích dữ liệu từ 2025-08-23 đến 2025-10-07
[2025-10-07T10:55:51.932+0000] {client.py:83} ERROR - API request failed: HTTPSConnectionPool(host='trading.vietcap.com.vn', port=443): Max retries exceeded with url: /api/chart/OHLCChart/gap (Caused by NameResolutionError("<urllib3.connection.HTTPSConnection object at 0x7e619e7bc6b0>: Failed to resolve 'trading.vietcap.com.vn' ([Errno -2] Name or service not known)"))
[2025-10-07T10:55:53.940+0000] {client.py:83} ERROR - API request failed: HTTPSConnectionPool(host='trading.vietcap.com.vn', port=443): Max retries exceeded with url: /api/chart/OHLCChart/gap (Caused by NameResolutionError("<urllib3.connection.HTTPSConnection object at 0x7e619e7bd3d0>: Failed to resolve 'trading.vietcap.com.vn' ([Errno -2] Name or service not known)"))
[2025-10-07T10:55:55.991+0000] {client.py:83} ERROR - API request failed: HTTPSConnectionPool(host='trading.vietcap.com.vn', port=443): Max retries exceeded with url: /api/chart/OHLCChart/gap (Caused by NameResolutionError("<urllib3.connection.HTTPSConnection object at 0x7e619e7bf6e0>: Failed to resolve 'trading.vietcap.com.vn' ([Errno -2] Name or service not known)"))
[2025-10-07T10:55:55.995+0000] {logging_mixin.py:190} INFO - Không tìm thấy dữ liệu cho THS
[2025-10-07T10:55:56.001+0000] {logging_mixin.py:190} INFO - ℹ️ THS: Không có dữ liệu mới.
[2025-10-07T10:55:56.003+0000] {logging_mixin.py:190} INFO - ⬇️ Bắt đầu xử lý symbol = THP
[2025-10-07T10:55:56.083+0000] {logging_mixin.py:190} INFO - ⚠️ Không đọc được file cũ THP: 'date'
[2025-10-07T10:55:56.115+0000] {logging_mixin.py:190} INFO - THP: trích dữ liệu từ 2025-10-04 đến 2025-10-07
[2025-10-07T10:55:56.131+0000] {client.py:83} ERROR - API request failed: HTTPSConnectionPool(host='trading.vietcap.com.vn', port=443): Max retries exceeded with url: /api/chart/OHLCChart/gap (Caused by NameResolutionError("<urllib3.connection.HTTPSConnection object at 0x7e619e7bf170>: Failed to resolve 'trading.vietcap.com.vn' ([Errno -2] Name or service not known)"))
[2025-10-07T10:55:58.325+0000] {client.py:83} ERROR - API request failed: HTTPSConnectionPool(host='trading.vietcap.com.vn', port=443): Max retries exceeded with url: /api/chart/OHLCChart/gap (Caused by NameResolutionError("<urllib3.connection.HTTPSConnection object at 0x7e619e7bd100>: Failed to resolve 'trading.vietcap.com.vn' ([Errno -2] Name or service not known)"))
[2025-10-07T10:56:00.336+0000] {client.py:83} ERROR - API request failed: HTTPSConnectionPool(host='trading.vietcap.com.vn', port=443): Max retries exceeded with url: /api/chart/OHLCChart/gap (Caused by NameResolutionError("<urllib3.connection.HTTPSConnection object at 0x7e619e7a74d0>: Failed to resolve 'trading.vietcap.com.vn' ([Errno -2] Name or service not known)"))
[2025-10-07T10:56:00.341+0000] {logging_mixin.py:190} INFO - Không tìm thấy dữ liệu cho THP
[2025-10-07T10:56:00.344+0000] {logging_mixin.py:190} INFO - ℹ️ THP: Không có dữ liệu mới.
[2025-10-07T10:56:00.345+0000] {logging_mixin.py:190} INFO - ⬇️ Bắt đầu xử lý symbol = THN
[2025-10-07T10:56:00.394+0000] {logging_mixin.py:190} INFO - ⚠️ Không đọc được file cũ THN: 'date'
[2025-10-07T10:56:00.418+0000] {logging_mixin.py:190} INFO - THN: trích dữ liệu từ 2025-08-19 đến 2025-10-07
[2025-10-07T10:56:00.426+0000] {client.py:83} ERROR - API request failed: HTTPSConnectionPool(host='trading.vietcap.com.vn', port=443): Max retries exceeded with url: /api/chart/OHLCChart/gap (Caused by NameResolutionError("<urllib3.connection.HTTPSConnection object at 0x7e619e7be7e0>: Failed to resolve 'trading.vietcap.com.vn' ([Errno -2] Name or service not known)"))
[2025-10-07T10:56:02.441+0000] {client.py:83} ERROR - API request failed: HTTPSConnectionPool(host='trading.vietcap.com.vn', port=443): Max retries exceeded with url: /api/chart/OHLCChart/gap (Caused by NameResolutionError("<urllib3.connection.HTTPSConnection object at 0x7e619e7bd280>: Failed to resolve 'trading.vietcap.com.vn' ([Errno -2] Name or service not known)"))
[2025-10-07T10:56:04.449+0000] {client.py:83} ERROR - API request failed: HTTPSConnectionPool(host='trading.vietcap.com.vn', port=443): Max retries exceeded with url: /api/chart/OHLCChart/gap (Caused by NameResolutionError("<urllib3.connection.HTTPSConnection object at 0x7e619e7e0ef0>: Failed to resolve 'trading.vietcap.com.vn' ([Errno -2] Name or service not known)"))
[2025-10-07T10:56:04.450+0000] {logging_mixin.py:190} INFO - Không tìm thấy dữ liệu cho THN
[2025-10-07T10:56:04.451+0000] {logging_mixin.py:190} INFO - ℹ️ THN: Không có dữ liệu mới.
[2025-10-07T10:56:04.452+0000] {logging_mixin.py:190} INFO - 🚦 Giới hạn API đạt mức tối đa, chờ 0.1s...
[2025-10-07T10:56:04.570+0000] {logging_mixin.py:190} INFO - ⬇️ Bắt đầu xử lý symbol = THM
[2025-10-07T10:56:04.599+0000] {logging_mixin.py:190} INFO - ⚠️ Không đọc được file cũ THM: 'date'
[2025-10-07T10:56:04.609+0000] {logging_mixin.py:190} INFO - THM: trích dữ liệu từ 2025-10-04 đến 2025-10-07
[2025-10-07T10:56:04.615+0000] {client.py:83} ERROR - API request failed: HTTPSConnectionPool(host='trading.vietcap.com.vn', port=443): Max retries exceeded with url: /api/chart/OHLCChart/gap (Caused by NameResolutionError("<urllib3.connection.HTTPSConnection object at 0x7e619e7e2ed0>: Failed to resolve 'trading.vietcap.com.vn' ([Errno -2] Name or service not known)"))
[2025-10-07T10:56:06.653+0000] {client.py:83} ERROR - API request failed: HTTPSConnectionPool(host='trading.vietcap.com.vn', port=443): Max retries exceeded with url: /api/chart/OHLCChart/gap (Caused by NameResolutionError("<urllib3.connection.HTTPSConnection object at 0x7e619e7bd280>: Failed to resolve 'trading.vietcap.com.vn' ([Errno -2] Name or service not known)"))
[2025-10-07T10:56:09.470+0000] {client.py:83} ERROR - API request failed: HTTPSConnectionPool(host='trading.vietcap.com.vn', port=443): Max retries exceeded with url: /api/chart/OHLCChart/gap (Caused by NameResolutionError("<urllib3.connection.HTTPSConnection object at 0x7e619e7bc080>: Failed to resolve 'trading.vietcap.com.vn' ([Errno -2] Name or service not known)"))
[2025-10-07T10:56:09.473+0000] {logging_mixin.py:190} INFO - Không tìm thấy dữ liệu cho THM
[2025-10-07T10:56:09.478+0000] {logging_mixin.py:190} INFO - ℹ️ THM: Không có dữ liệu mới.
[2025-10-07T10:56:09.480+0000] {logging_mixin.py:190} INFO - 🚦 Giới hạn API đạt mức tối đa, chờ 0.3s...
[2025-10-07T10:56:09.782+0000] {logging_mixin.py:190} INFO - ⬇️ Bắt đầu xử lý symbol = THI
[2025-10-07T10:56:09.859+0000] {logging_mixin.py:190} INFO - ⚠️ Không đọc được file cũ THI: 'date'
[2025-10-07T10:56:09.897+0000] {logging_mixin.py:190} INFO - THI: trích dữ liệu từ 2023-06-29 đến 2025-10-07
[2025-10-07T10:56:09.917+0000] {client.py:83} ERROR - API request failed: HTTPSConnectionPool(host='trading.vietcap.com.vn', port=443): Max retries exceeded with url: /api/chart/OHLCChart/gap (Caused by NameResolutionError("<urllib3.connection.HTTPSConnection object at 0x7e61d60e2ab0>: Failed to resolve 'trading.vietcap.com.vn' ([Errno -2] Name or service not known)"))
[2025-10-07T10:56:11.936+0000] {client.py:83} ERROR - API request failed: HTTPSConnectionPool(host='trading.vietcap.com.vn', port=443): Max retries exceeded with url: /api/chart/OHLCChart/gap (Caused by NameResolutionError("<urllib3.connection.HTTPSConnection object at 0x7e619e937fe0>: Failed to resolve 'trading.vietcap.com.vn' ([Errno -2] Name or service not known)"))
[2025-10-07T10:56:13.955+0000] {client.py:83} ERROR - API request failed: HTTPSConnectionPool(host='trading.vietcap.com.vn', port=443): Max retries exceeded with url: /api/chart/OHLCChart/gap (Caused by NameResolutionError("<urllib3.connection.HTTPSConnection object at 0x7e619e7bf230>: Failed to resolve 'trading.vietcap.com.vn' ([Errno -2] Name or service not known)"))
[2025-10-07T10:56:13.958+0000] {logging_mixin.py:190} INFO - Không tìm thấy dữ liệu cho THI
[2025-10-07T10:56:13.971+0000] {logging_mixin.py:190} INFO - ℹ️ THI: Không có dữ liệu mới.
[2025-10-07T10:56:13.973+0000] {logging_mixin.py:190} INFO - 🚦 Giới hạn API đạt mức tối đa, chờ 37.9s...
[2025-10-07T10:56:52.688+0000] {logging_mixin.py:190} INFO - ⬇️ Bắt đầu xử lý symbol = THG
[2025-10-07T10:56:52.754+0000] {logging_mixin.py:190} INFO - ⚠️ Không đọc được file cũ THG: 'date'
[2025-10-07T10:56:52.791+0000] {logging_mixin.py:190} INFO - THG: trích dữ liệu từ 2025-10-04 đến 2025-10-07
[2025-10-07T10:56:52.808+0000] {client.py:83} ERROR - API request failed: HTTPSConnectionPool(host='trading.vietcap.com.vn', port=443): Max retries exceeded with url: /api/chart/OHLCChart/gap (Caused by NameResolutionError("<urllib3.connection.HTTPSConnection object at 0x7e619e7e2360>: Failed to resolve 'trading.vietcap.com.vn' ([Errno -2] Name or service not known)"))
[2025-10-07T10:56:54.828+0000] {client.py:83} ERROR - API request failed: HTTPSConnectionPool(host='trading.vietcap.com.vn', port=443): Max retries exceeded with url: /api/chart/OHLCChart/gap (Caused by NameResolutionError("<urllib3.connection.HTTPSConnection object at 0x7e619e934350>: Failed to resolve 'trading.vietcap.com.vn' ([Errno -2] Name or service not known)"))
[2025-10-07T10:56:56.887+0000] {client.py:83} ERROR - API request failed: HTTPSConnectionPool(host='trading.vietcap.com.vn', port=443): Max retries exceeded with url: /api/chart/OHLCChart/gap (Caused by NameResolutionError("<urllib3.connection.HTTPSConnection object at 0x7e619e934080>: Failed to resolve 'trading.vietcap.com.vn' ([Errno -2] Name or service not known)"))
[2025-10-07T10:56:56.891+0000] {logging_mixin.py:190} INFO - Không tìm thấy dữ liệu cho THG
[2025-10-07T10:56:56.896+0000] {logging_mixin.py:190} INFO - ℹ️ THG: Không có dữ liệu mới.
[2025-10-07T10:56:56.898+0000] {logging_mixin.py:190} INFO - ⬇️ Bắt đầu xử lý symbol = THD
[2025-10-07T10:56:56.979+0000] {logging_mixin.py:190} INFO - ⚠️ Không đọc được file cũ THD: 'date'
[2025-10-07T10:56:57.020+0000] {logging_mixin.py:190} INFO - THD: trích dữ liệu từ 2025-10-04 đến 2025-10-07
[2025-10-07T10:56:57.039+0000] {client.py:83} ERROR - API request failed: HTTPSConnectionPool(host='trading.vietcap.com.vn', port=443): Max retries exceeded with url: /api/chart/OHLCChart/gap (Caused by NameResolutionError("<urllib3.connection.HTTPSConnection object at 0x7e619e7a5dc0>: Failed to resolve 'trading.vietcap.com.vn' ([Errno -2] Name or service not known)"))
[2025-10-07T10:56:59.056+0000] {client.py:83} ERROR - API request failed: HTTPSConnectionPool(host='trading.vietcap.com.vn', port=443): Max retries exceeded with url: /api/chart/OHLCChart/gap (Caused by NameResolutionError("<urllib3.connection.HTTPSConnection object at 0x7e619e9341d0>: Failed to resolve 'trading.vietcap.com.vn' ([Errno -2] Name or service not known)"))
[2025-10-07T10:57:01.072+0000] {client.py:83} ERROR - API request failed: HTTPSConnectionPool(host='trading.vietcap.com.vn', port=443): Max retries exceeded with url: /api/chart/OHLCChart/gap (Caused by NameResolutionError("<urllib3.connection.HTTPSConnection object at 0x7e619e934680>: Failed to resolve 'trading.vietcap.com.vn' ([Errno -2] Name or service not known)"))
[2025-10-07T10:57:01.075+0000] {logging_mixin.py:190} INFO - Không tìm thấy dữ liệu cho THD
[2025-10-07T10:57:01.080+0000] {logging_mixin.py:190} INFO - ℹ️ THD: Không có dữ liệu mới.
[2025-10-07T10:57:01.082+0000] {logging_mixin.py:190} INFO - ⬇️ Bắt đầu xử lý symbol = THB
[2025-10-07T10:57:01.154+0000] {logging_mixin.py:190} INFO - ⚠️ Không đọc được file cũ THB: 'date'
[2025-10-07T10:57:01.190+0000] {logging_mixin.py:190} INFO - THB: trích dữ liệu từ 2025-10-04 đến 2025-10-07
[2025-10-07T10:57:01.206+0000] {client.py:83} ERROR - API request failed: HTTPSConnectionPool(host='trading.vietcap.com.vn', port=443): Max retries exceeded with url: /api/chart/OHLCChart/gap (Caused by NameResolutionError("<urllib3.connection.HTTPSConnection object at 0x7e619e894620>: Failed to resolve 'trading.vietcap.com.vn' ([Errno -2] Name or service not known)"))
[2025-10-07T10:57:03.224+0000] {client.py:83} ERROR - API request failed: HTTPSConnectionPool(host='trading.vietcap.com.vn', port=443): Max retries exceeded with url: /api/chart/OHLCChart/gap (Caused by NameResolutionError("<urllib3.connection.HTTPSConnection object at 0x7e619e935d60>: Failed to resolve 'trading.vietcap.com.vn' ([Errno -2] Name or service not known)"))
[2025-10-07T10:57:05.242+0000] {client.py:83} ERROR - API request failed: HTTPSConnectionPool(host='trading.vietcap.com.vn', port=443): Max retries exceeded with url: /api/chart/OHLCChart/gap (Caused by NameResolutionError("<urllib3.connection.HTTPSConnection object at 0x7e619e7a4350>: Failed to resolve 'trading.vietcap.com.vn' ([Errno -2] Name or service not known)"))
[2025-10-07T10:57:05.245+0000] {logging_mixin.py:190} INFO - Không tìm thấy dữ liệu cho THB
[2025-10-07T10:57:05.250+0000] {logging_mixin.py:190} INFO - ℹ️ THB: Không có dữ liệu mới.
[2025-10-07T10:57:05.252+0000] {logging_mixin.py:190} INFO - ⬇️ Bắt đầu xử lý symbol = TH1
[2025-10-07T10:57:05.352+0000] {logging_mixin.py:190} INFO - ⚠️ Không đọc được file cũ TH1: 'date'
[2025-10-07T10:57:05.387+0000] {logging_mixin.py:190} INFO - TH1: trích dữ liệu từ 2025-10-04 đến 2025-10-07
[2025-10-07T10:57:05.402+0000] {client.py:83} ERROR - API request failed: HTTPSConnectionPool(host='trading.vietcap.com.vn', port=443): Max retries exceeded with url: /api/chart/OHLCChart/gap (Caused by NameResolutionError("<urllib3.connection.HTTPSConnection object at 0x7e619e7e1310>: Failed to resolve 'trading.vietcap.com.vn' ([Errno -2] Name or service not known)"))
[2025-10-07T10:57:07.412+0000] {client.py:83} ERROR - API request failed: HTTPSConnectionPool(host='trading.vietcap.com.vn', port=443): Max retries exceeded with url: /api/chart/OHLCChart/gap (Caused by NameResolutionError("<urllib3.connection.HTTPSConnection object at 0x7e619e7b6030>: Failed to resolve 'trading.vietcap.com.vn' ([Errno -2] Name or service not known)"))
[2025-10-07T10:57:09.447+0000] {client.py:83} ERROR - API request failed: HTTPSConnectionPool(host='trading.vietcap.com.vn', port=443): Max retries exceeded with url: /api/chart/OHLCChart/gap (Caused by NameResolutionError("<urllib3.connection.HTTPSConnection object at 0x7e619e935850>: Failed to resolve 'trading.vietcap.com.vn' ([Errno -2] Name or service not known)"))
[2025-10-07T10:57:09.450+0000] {logging_mixin.py:190} INFO - Không tìm thấy dữ liệu cho TH1
[2025-10-07T10:57:09.454+0000] {logging_mixin.py:190} INFO - ℹ️ TH1: Không có dữ liệu mới.
[2025-10-07T10:57:09.456+0000] {logging_mixin.py:190} INFO - 🚦 Giới hạn API đạt mức tối đa, chờ 0.3s...
[2025-10-07T10:57:09.784+0000] {logging_mixin.py:190} INFO - ⬇️ Bắt đầu xử lý symbol = TGP
[2025-10-07T10:57:09.840+0000] {logging_mixin.py:190} INFO - ⚠️ Không đọc được file cũ TGP: 'date'
[2025-10-07T10:57:09.876+0000] {logging_mixin.py:190} INFO - TGP: trích dữ liệu từ 2025-10-04 đến 2025-10-07
[2025-10-07T10:57:09.891+0000] {client.py:83} ERROR - API request failed: HTTPSConnectionPool(host='trading.vietcap.com.vn', port=443): Max retries exceeded with url: /api/chart/OHLCChart/gap (Caused by NameResolutionError("<urllib3.connection.HTTPSConnection object at 0x7e619e7b74a0>: Failed to resolve 'trading.vietcap.com.vn' ([Errno -2] Name or service not known)"))
[2025-10-07T10:57:12.657+0000] {client.py:83} ERROR - API request failed: HTTPSConnectionPool(host='trading.vietcap.com.vn', port=443): Max retries exceeded with url: /api/chart/OHLCChart/gap (Caused by NameResolutionError("<urllib3.connection.HTTPSConnection object at 0x7e619e7b53a0>: Failed to resolve 'trading.vietcap.com.vn' ([Errno -2] Name or service not known)"))
[2025-10-07T10:57:14.675+0000] {client.py:83} ERROR - API request failed: HTTPSConnectionPool(host='trading.vietcap.com.vn', port=443): Max retries exceeded with url: /api/chart/OHLCChart/gap (Caused by NameResolutionError("<urllib3.connection.HTTPSConnection object at 0x7e619e7b6720>: Failed to resolve 'trading.vietcap.com.vn' ([Errno -2] Name or service not known)"))
[2025-10-07T10:57:14.678+0000] {logging_mixin.py:190} INFO - Không tìm thấy dữ liệu cho TGP
[2025-10-07T10:57:14.686+0000] {logging_mixin.py:190} INFO - ℹ️ TGP: Không có dữ liệu mới.
[2025-10-07T10:57:14.688+0000] {logging_mixin.py:190} INFO - 🚦 Giới hạn API đạt mức tối đa, chờ 38.0s...
[2025-10-07T10:57:53.340+0000] {logging_mixin.py:190} INFO - ⬇️ Bắt đầu xử lý symbol = TGG
[2025-10-07T10:57:53.494+0000] {logging_mixin.py:190} INFO - ⚠️ Không đọc được file cũ TGG: 'date'
[2025-10-07T10:57:53.550+0000] {logging_mixin.py:190} INFO - TGG: trích dữ liệu từ 2024-07-26 đến 2025-10-07
[2025-10-07T10:57:53.569+0000] {client.py:83} ERROR - API request failed: HTTPSConnectionPool(host='trading.vietcap.com.vn', port=443): Max retries exceeded with url: /api/chart/OHLCChart/gap (Caused by NameResolutionError("<urllib3.connection.HTTPSConnection object at 0x7e619e934e30>: Failed to resolve 'trading.vietcap.com.vn' ([Errno -2] Name or service not known)"))
[2025-10-07T10:57:55.608+0000] {client.py:83} ERROR - API request failed: HTTPSConnectionPool(host='trading.vietcap.com.vn', port=443): Max retries exceeded with url: /api/chart/OHLCChart/gap (Caused by NameResolutionError("<urllib3.connection.HTTPSConnection object at 0x7e619e7b5be0>: Failed to resolve 'trading.vietcap.com.vn' ([Errno -2] Name or service not known)"))
[2025-10-07T10:57:57.669+0000] {client.py:83} ERROR - API request failed: HTTPSConnectionPool(host='trading.vietcap.com.vn', port=443): Max retries exceeded with url: /api/chart/OHLCChart/gap (Caused by NameResolutionError("<urllib3.connection.HTTPSConnection object at 0x7e619e7b6900>: Failed to resolve 'trading.vietcap.com.vn' ([Errno -2] Name or service not known)"))
[2025-10-07T10:57:57.673+0000] {logging_mixin.py:190} INFO - Không tìm thấy dữ liệu cho TGG
[2025-10-07T10:57:57.679+0000] {logging_mixin.py:190} INFO - ℹ️ TGG: Không có dữ liệu mới.
[2025-10-07T10:57:57.682+0000] {logging_mixin.py:190} INFO - ⬇️ Bắt đầu xử lý symbol = TFC
[2025-10-07T10:57:57.757+0000] {logging_mixin.py:190} INFO - ⚠️ Không đọc được file cũ TFC: 'date'
[2025-10-07T10:57:57.794+0000] {logging_mixin.py:190} INFO - TFC: trích dữ liệu từ 2025-10-04 đến 2025-10-07
[2025-10-07T10:57:57.811+0000] {client.py:83} ERROR - API request failed: HTTPSConnectionPool(host='trading.vietcap.com.vn', port=443): Max retries exceeded with url: /api/chart/OHLCChart/gap (Caused by NameResolutionError("<urllib3.connection.HTTPSConnection object at 0x7e61c7b60650>: Failed to resolve 'trading.vietcap.com.vn' ([Errno -2] Name or service not known)"))
[2025-10-07T10:57:59.837+0000] {client.py:83} ERROR - API request failed: HTTPSConnectionPool(host='trading.vietcap.com.vn', port=443): Max retries exceeded with url: /api/chart/OHLCChart/gap (Caused by NameResolutionError("<urllib3.connection.HTTPSConnection object at 0x7e619e7b5be0>: Failed to resolve 'trading.vietcap.com.vn' ([Errno -2] Name or service not known)"))
[2025-10-07T10:58:01.848+0000] {client.py:83} ERROR - API request failed: HTTPSConnectionPool(host='trading.vietcap.com.vn', port=443): Max retries exceeded with url: /api/chart/OHLCChart/gap (Caused by NameResolutionError("<urllib3.connection.HTTPSConnection object at 0x7e619e7b64b0>: Failed to resolve 'trading.vietcap.com.vn' ([Errno -2] Name or service not known)"))
[2025-10-07T10:58:01.849+0000] {logging_mixin.py:190} INFO - Không tìm thấy dữ liệu cho TFC
[2025-10-07T10:58:01.851+0000] {logging_mixin.py:190} INFO - ℹ️ TFC: Không có dữ liệu mới.
[2025-10-07T10:58:01.852+0000] {logging_mixin.py:190} INFO - ⬇️ Bắt đầu xử lý symbol = TET
[2025-10-07T10:58:01.886+0000] {logging_mixin.py:190} INFO - ⚠️ Không đọc được file cũ TET: 'date'
[2025-10-07T10:58:01.899+0000] {logging_mixin.py:190} INFO - TET: trích dữ liệu từ 2025-09-19 đến 2025-10-07
[2025-10-07T10:58:01.905+0000] {client.py:83} ERROR - API request failed: HTTPSConnectionPool(host='trading.vietcap.com.vn', port=443): Max retries exceeded with url: /api/chart/OHLCChart/gap (Caused by NameResolutionError("<urllib3.connection.HTTPSConnection object at 0x7e619e9372f0>: Failed to resolve 'trading.vietcap.com.vn' ([Errno -2] Name or service not known)"))
[2025-10-07T10:58:03.921+0000] {client.py:83} ERROR - API request failed: HTTPSConnectionPool(host='trading.vietcap.com.vn', port=443): Max retries exceeded with url: /api/chart/OHLCChart/gap (Caused by NameResolutionError("<urllib3.connection.HTTPSConnection object at 0x7e619e9355b0>: Failed to resolve 'trading.vietcap.com.vn' ([Errno -2] Name or service not known)"))
[2025-10-07T10:58:06.182+0000] {client.py:83} ERROR - API request failed: HTTPSConnectionPool(host='trading.vietcap.com.vn', port=443): Max retries exceeded with url: /api/chart/OHLCChart/gap (Caused by NameResolutionError("<urllib3.connection.HTTPSConnection object at 0x7e619e7a5b80>: Failed to resolve 'trading.vietcap.com.vn' ([Errno -2] Name or service not known)"))
[2025-10-07T10:58:06.185+0000] {logging_mixin.py:190} INFO - Không tìm thấy dữ liệu cho TET
[2025-10-07T10:58:06.191+0000] {logging_mixin.py:190} INFO - ℹ️ TET: Không có dữ liệu mới.
[2025-10-07T10:58:06.193+0000] {logging_mixin.py:190} INFO - ⬇️ Bắt đầu xử lý symbol = TEL
[2025-10-07T10:58:06.243+0000] {logging_mixin.py:190} INFO - ⚠️ Không đọc được file cũ TEL: 'date'
[2025-10-07T10:58:06.252+0000] {logging_mixin.py:190} INFO - TEL: trích dữ liệu từ 2025-10-04 đến 2025-10-07
[2025-10-07T10:58:06.257+0000] {client.py:83} ERROR - API request failed: HTTPSConnectionPool(host='trading.vietcap.com.vn', port=443): Max retries exceeded with url: /api/chart/OHLCChart/gap (Caused by NameResolutionError("<urllib3.connection.HTTPSConnection object at 0x7e619e7b4410>: Failed to resolve 'trading.vietcap.com.vn' ([Errno -2] Name or service not known)"))
[2025-10-07T10:58:08.271+0000] {client.py:83} ERROR - API request failed: HTTPSConnectionPool(host='trading.vietcap.com.vn', port=443): Max retries exceeded with url: /api/chart/OHLCChart/gap (Caused by NameResolutionError("<urllib3.connection.HTTPSConnection object at 0x7e619e7e1640>: Failed to resolve 'trading.vietcap.com.vn' ([Errno -2] Name or service not known)"))
[2025-10-07T10:58:10.291+0000] {client.py:83} ERROR - API request failed: HTTPSConnectionPool(host='trading.vietcap.com.vn', port=443): Max retries exceeded with url: /api/chart/OHLCChart/gap (Caused by NameResolutionError("<urllib3.connection.HTTPSConnection object at 0x7e619e7e3980>: Failed to resolve 'trading.vietcap.com.vn' ([Errno -2] Name or service not known)"))
[2025-10-07T10:58:10.294+0000] {logging_mixin.py:190} INFO - Không tìm thấy dữ liệu cho TEL
[2025-10-07T10:58:10.297+0000] {logging_mixin.py:190} INFO - ℹ️ TEL: Không có dữ liệu mới.
[2025-10-07T10:58:10.297+0000] {logging_mixin.py:190} INFO - ⬇️ Bắt đầu xử lý symbol = TEG
[2025-10-07T10:58:10.322+0000] {logging_mixin.py:190} INFO - ⚠️ Không đọc được file cũ TEG: 'date'
[2025-10-07T10:58:10.333+0000] {logging_mixin.py:190} INFO - TEG: trích dữ liệu từ 2025-10-04 đến 2025-10-07
[2025-10-07T10:58:10.338+0000] {client.py:83} ERROR - API request failed: HTTPSConnectionPool(host='trading.vietcap.com.vn', port=443): Max retries exceeded with url: /api/chart/OHLCChart/gap (Caused by NameResolutionError("<urllib3.connection.HTTPSConnection object at 0x7e619e7b5c10>: Failed to resolve 'trading.vietcap.com.vn' ([Errno -2] Name or service not known)"))
[2025-10-07T10:58:13.160+0000] {client.py:83} ERROR - API request failed: HTTPSConnectionPool(host='trading.vietcap.com.vn', port=443): Max retries exceeded with url: /api/chart/OHLCChart/gap (Caused by NameResolutionError("<urllib3.connection.HTTPSConnection object at 0x7e619e937050>: Failed to resolve 'trading.vietcap.com.vn' ([Errno -2] Name or service not known)"))
[2025-10-07T10:58:15.176+0000] {client.py:83} ERROR - API request failed: HTTPSConnectionPool(host='trading.vietcap.com.vn', port=443): Max retries exceeded with url: /api/chart/OHLCChart/gap (Caused by NameResolutionError("<urllib3.connection.HTTPSConnection object at 0x7e619e7a5fd0>: Failed to resolve 'trading.vietcap.com.vn' ([Errno -2] Name or service not known)"))
[2025-10-07T10:58:15.181+0000] {logging_mixin.py:190} INFO - Không tìm thấy dữ liệu cho TEG
[2025-10-07T10:58:15.187+0000] {logging_mixin.py:190} INFO - ℹ️ TEG: Không có dữ liệu mới.
[2025-10-07T10:58:15.189+0000] {logging_mixin.py:190} INFO - 🚦 Giới hạn API đạt mức tối đa, chờ 38.2s...
[2025-10-07T10:58:54.133+0000] {logging_mixin.py:190} INFO - ⬇️ Bắt đầu xử lý symbol = TED
[2025-10-07T10:58:54.216+0000] {logging_mixin.py:190} INFO - ⚠️ Không đọc được file cũ TED: 'date'
[2025-10-07T10:58:54.253+0000] {logging_mixin.py:190} INFO - TED: trích dữ liệu từ 2025-10-04 đến 2025-10-07
[2025-10-07T10:58:54.283+0000] {client.py:83} ERROR - API request failed: HTTPSConnectionPool(host='trading.vietcap.com.vn', port=443): Max retries exceeded with url: /api/chart/OHLCChart/gap (Caused by NameResolutionError("<urllib3.connection.HTTPSConnection object at 0x7e619e7a5fd0>: Failed to resolve 'trading.vietcap.com.vn' ([Errno -2] Name or service not known)"))
[2025-10-07T10:58:56.291+0000] {client.py:83} ERROR - API request failed: HTTPSConnectionPool(host='trading.vietcap.com.vn', port=443): Max retries exceeded with url: /api/chart/OHLCChart/gap (Caused by NameResolutionError("<urllib3.connection.HTTPSConnection object at 0x7e619e934110>: Failed to resolve 'trading.vietcap.com.vn' ([Errno -2] Name or service not known)"))
[2025-10-07T10:58:58.307+0000] {client.py:83} ERROR - API request failed: HTTPSConnectionPool(host='trading.vietcap.com.vn', port=443): Max retries exceeded with url: /api/chart/OHLCChart/gap (Caused by NameResolutionError("<urllib3.connection.HTTPSConnection object at 0x7e619e7b6000>: Failed to resolve 'trading.vietcap.com.vn' ([Errno -2] Name or service not known)"))
[2025-10-07T10:58:58.312+0000] {logging_mixin.py:190} INFO - Không tìm thấy dữ liệu cho TED
[2025-10-07T10:58:58.318+0000] {logging_mixin.py:190} INFO - ℹ️ TED: Không có dữ liệu mới.
[2025-10-07T10:58:58.320+0000] {logging_mixin.py:190} INFO - ⬇️ Bắt đầu xử lý symbol = TEC
[2025-10-07T10:58:58.391+0000] {logging_mixin.py:190} INFO - ⚠️ Không đọc được file cũ TEC: 'date'
[2025-10-07T10:58:58.416+0000] {logging_mixin.py:190} INFO - TEC: trích dữ liệu từ 2022-07-09 đến 2025-10-07
[2025-10-07T10:58:58.427+0000] {client.py:83} ERROR - API request failed: HTTPSConnectionPool(host='trading.vietcap.com.vn', port=443): Max retries exceeded with url: /api/chart/OHLCChart/gap (Caused by NameResolutionError("<urllib3.connection.HTTPSConnection object at 0x7e61c7b620f0>: Failed to resolve 'trading.vietcap.com.vn' ([Errno -2] Name or service not known)"))
[2025-10-07T10:59:00.481+0000] {client.py:83} ERROR - API request failed: HTTPSConnectionPool(host='trading.vietcap.com.vn', port=443): Max retries exceeded with url: /api/chart/OHLCChart/gap (Caused by NameResolutionError("<urllib3.connection.HTTPSConnection object at 0x7e61c7b61ca0>: Failed to resolve 'trading.vietcap.com.vn' ([Errno -2] Name or service not known)"))
[2025-10-07T10:59:02.490+0000] {client.py:83} ERROR - API request failed: HTTPSConnectionPool(host='trading.vietcap.com.vn', port=443): Max retries exceeded with url: /api/chart/OHLCChart/gap (Caused by NameResolutionError("<urllib3.connection.HTTPSConnection object at 0x7e619e7e1af0>: Failed to resolve 'trading.vietcap.com.vn' ([Errno -2] Name or service not known)"))
[2025-10-07T10:59:02.491+0000] {logging_mixin.py:190} INFO - Không tìm thấy dữ liệu cho TEC
[2025-10-07T10:59:02.492+0000] {logging_mixin.py:190} INFO - ℹ️ TEC: Không có dữ liệu mới.
[2025-10-07T10:59:02.493+0000] {logging_mixin.py:190} INFO - ⬇️ Bắt đầu xử lý symbol = TDW
[2025-10-07T10:59:02.523+0000] {logging_mixin.py:190} INFO - ⚠️ Không đọc được file cũ TDW: 'date'
[2025-10-07T10:59:02.536+0000] {logging_mixin.py:190} INFO - TDW: trích dữ liệu từ 2025-10-03 đến 2025-10-07
[2025-10-07T10:59:02.542+0000] {client.py:83} ERROR - API request failed: HTTPSConnectionPool(host='trading.vietcap.com.vn', port=443): Max retries exceeded with url: /api/chart/OHLCChart/gap (Caused by NameResolutionError("<urllib3.connection.HTTPSConnection object at 0x7e619e7bd8b0>: Failed to resolve 'trading.vietcap.com.vn' ([Errno -2] Name or service not known)"))
[2025-10-07T10:59:04.553+0000] {client.py:83} ERROR - API request failed: HTTPSConnectionPool(host='trading.vietcap.com.vn', port=443): Max retries exceeded with url: /api/chart/OHLCChart/gap (Caused by NameResolutionError("<urllib3.connection.HTTPSConnection object at 0x7e619e7a57f0>: Failed to resolve 'trading.vietcap.com.vn' ([Errno -2] Name or service not known)"))
[2025-10-07T10:59:06.574+0000] {client.py:83} ERROR - API request failed: HTTPSConnectionPool(host='trading.vietcap.com.vn', port=443): Max retries exceeded with url: /api/chart/OHLCChart/gap (Caused by NameResolutionError("<urllib3.connection.HTTPSConnection object at 0x7e619e7a7f50>: Failed to resolve 'trading.vietcap.com.vn' ([Errno -2] Name or service not known)"))
[2025-10-07T10:59:06.579+0000] {logging_mixin.py:190} INFO - Không tìm thấy dữ liệu cho TDW
[2025-10-07T10:59:06.586+0000] {logging_mixin.py:190} INFO - ℹ️ TDW: Không có dữ liệu mới.
[2025-10-07T10:59:06.589+0000] {logging_mixin.py:190} INFO - ⬇️ Bắt đầu xử lý symbol = TDT
[2025-10-07T10:59:06.687+0000] {logging_mixin.py:190} INFO - ⚠️ Không đọc được file cũ TDT: 'date'
[2025-10-07T10:59:06.734+0000] {logging_mixin.py:190} INFO - TDT: trích dữ liệu từ 2025-10-04 đến 2025-10-07
[2025-10-07T10:59:06.753+0000] {client.py:83} ERROR - API request failed: HTTPSConnectionPool(host='trading.vietcap.com.vn', port=443): Max retries exceeded with url: /api/chart/OHLCChart/gap (Caused by NameResolutionError("<urllib3.connection.HTTPSConnection object at 0x7e619e7e0290>: Failed to resolve 'trading.vietcap.com.vn' ([Errno -2] Name or service not known)"))
[2025-10-07T10:59:08.770+0000] {client.py:83} ERROR - API request failed: HTTPSConnectionPool(host='trading.vietcap.com.vn', port=443): Max retries exceeded with url: /api/chart/OHLCChart/gap (Caused by NameResolutionError("<urllib3.connection.HTTPSConnection object at 0x7e619e7bc9b0>: Failed to resolve 'trading.vietcap.com.vn' ([Errno -2] Name or service not known)"))
[2025-10-07T10:59:10.827+0000] {client.py:83} ERROR - API request failed: HTTPSConnectionPool(host='trading.vietcap.com.vn', port=443): Max retries exceeded with url: /api/chart/OHLCChart/gap (Caused by NameResolutionError("<urllib3.connection.HTTPSConnection object at 0x7e619e7be480>: Failed to resolve 'trading.vietcap.com.vn' ([Errno -2] Name or service not known)"))
[2025-10-07T10:59:10.830+0000] {logging_mixin.py:190} INFO - Không tìm thấy dữ liệu cho TDT
[2025-10-07T10:59:10.835+0000] {logging_mixin.py:190} INFO - ℹ️ TDT: Không có dữ liệu mới.
[2025-10-07T10:59:10.837+0000] {logging_mixin.py:190} INFO - ⬇️ Bắt đầu xử lý symbol = TDS
[2025-10-07T10:59:10.920+0000] {logging_mixin.py:190} INFO - ⚠️ Không đọc được file cũ TDS: 'date'
[2025-10-07T10:59:10.951+0000] {logging_mixin.py:190} INFO - TDS: trích dữ liệu từ 2025-10-04 đến 2025-10-07
[2025-10-07T10:59:10.964+0000] {client.py:83} ERROR - API request failed: HTTPSConnectionPool(host='trading.vietcap.com.vn', port=443): Max retries exceeded with url: /api/chart/OHLCChart/gap (Caused by NameResolutionError("<urllib3.connection.HTTPSConnection object at 0x7e619e8950a0>: Failed to resolve 'trading.vietcap.com.vn' ([Errno -2] Name or service not known)"))
[2025-10-07T10:59:12.983+0000] {client.py:83} ERROR - API request failed: HTTPSConnectionPool(host='trading.vietcap.com.vn', port=443): Max retries exceeded with url: /api/chart/OHLCChart/gap (Caused by NameResolutionError("<urllib3.connection.HTTPSConnection object at 0x7e619e7be0c0>: Failed to resolve 'trading.vietcap.com.vn' ([Errno -2] Name or service not known)"))
[2025-10-07T10:59:15.649+0000] {client.py:83} ERROR - API request failed: HTTPSConnectionPool(host='trading.vietcap.com.vn', port=443): Max retries exceeded with url: /api/chart/OHLCChart/gap (Caused by NameResolutionError("<urllib3.connection.HTTPSConnection object at 0x7e619e7bffb0>: Failed to resolve 'trading.vietcap.com.vn' ([Errno -2] Name or service not known)"))
[2025-10-07T10:59:15.652+0000] {logging_mixin.py:190} INFO - Không tìm thấy dữ liệu cho TDS
[2025-10-07T10:59:15.657+0000] {logging_mixin.py:190} INFO - ℹ️ TDS: Không có dữ liệu mới.
[2025-10-07T10:59:15.659+0000] {logging_mixin.py:190} INFO - 🚦 Giới hạn API đạt mức tối đa, chờ 38.5s...
[2025-10-07T10:59:54.779+0000] {logging_mixin.py:190} INFO - ⬇️ Bắt đầu xử lý symbol = TDP
[2025-10-07T10:59:54.804+0000] {logging_mixin.py:190} INFO - ⚠️ Không đọc được file cũ TDP: 'date'
[2025-10-07T10:59:54.816+0000] {logging_mixin.py:190} INFO - TDP: trích dữ liệu từ 2025-10-04 đến 2025-10-07
[2025-10-07T10:59:54.822+0000] {client.py:83} ERROR - API request failed: HTTPSConnectionPool(host='trading.vietcap.com.vn', port=443): Max retries exceeded with url: /api/chart/OHLCChart/gap (Caused by NameResolutionError("<urllib3.connection.HTTPSConnection object at 0x7e619e7e3a10>: Failed to resolve 'trading.vietcap.com.vn' ([Errno -2] Name or service not known)"))
[2025-10-07T10:59:56.843+0000] {client.py:83} ERROR - API request failed: HTTPSConnectionPool(host='trading.vietcap.com.vn', port=443): Max retries exceeded with url: /api/chart/OHLCChart/gap (Caused by NameResolutionError("<urllib3.connection.HTTPSConnection object at 0x7e619e934a10>: Failed to resolve 'trading.vietcap.com.vn' ([Errno -2] Name or service not known)"))
[2025-10-07T10:59:58.863+0000] {client.py:83} ERROR - API request failed: HTTPSConnectionPool(host='trading.vietcap.com.vn', port=443): Max retries exceeded with url: /api/chart/OHLCChart/gap (Caused by NameResolutionError("<urllib3.connection.HTTPSConnection object at 0x7e619e7e3f80>: Failed to resolve 'trading.vietcap.com.vn' ([Errno -2] Name or service not known)"))
[2025-10-07T10:59:58.866+0000] {logging_mixin.py:190} INFO - Không tìm thấy dữ liệu cho TDP
[2025-10-07T10:59:58.873+0000] {logging_mixin.py:190} INFO - ℹ️ TDP: Không có dữ liệu mới.
[2025-10-07T10:59:58.875+0000] {logging_mixin.py:190} INFO - ⬇️ Bắt đầu xử lý symbol = TDN
[2025-10-07T10:59:58.960+0000] {logging_mixin.py:190} INFO - ⚠️ Không đọc được file cũ TDN: 'date'
[2025-10-07T10:59:59.001+0000] {logging_mixin.py:190} INFO - TDN: trích dữ liệu từ 2024-06-25 đến 2025-10-07
[2025-10-07T10:59:59.037+0000] {client.py:83} ERROR - API request failed: HTTPSConnectionPool(host='trading.vietcap.com.vn', port=443): Max retries exceeded with url: /api/chart/OHLCChart/gap (Caused by NameResolutionError("<urllib3.connection.HTTPSConnection object at 0x7e619e934b90>: Failed to resolve 'trading.vietcap.com.vn' ([Errno -2] Name or service not known)"))
[2025-10-07T11:00:01.047+0000] {client.py:83} ERROR - API request failed: HTTPSConnectionPool(host='trading.vietcap.com.vn', port=443): Max retries exceeded with url: /api/chart/OHLCChart/gap (Caused by NameResolutionError("<urllib3.connection.HTTPSConnection object at 0x7e619e936a20>: Failed to resolve 'trading.vietcap.com.vn' ([Errno -2] Name or service not known)"))
[2025-10-07T11:00:03.060+0000] {client.py:83} ERROR - API request failed: HTTPSConnectionPool(host='trading.vietcap.com.vn', port=443): Max retries exceeded with url: /api/chart/OHLCChart/gap (Caused by NameResolutionError("<urllib3.connection.HTTPSConnection object at 0x7e619e934e60>: Failed to resolve 'trading.vietcap.com.vn' ([Errno -2] Name or service not known)"))
[2025-10-07T11:00:03.063+0000] {logging_mixin.py:190} INFO - Không tìm thấy dữ liệu cho TDN
[2025-10-07T11:00:03.068+0000] {logging_mixin.py:190} INFO - ℹ️ TDN: Không có dữ liệu mới.
[2025-10-07T11:00:03.070+0000] {logging_mixin.py:190} INFO - ⬇️ Bắt đầu xử lý symbol = TDM
[2025-10-07T11:00:03.169+0000] {logging_mixin.py:190} INFO - ⚠️ Không đọc được file cũ TDM: 'date'
[2025-10-07T11:00:03.204+0000] {logging_mixin.py:190} INFO - TDM: trích dữ liệu từ 2025-10-04 đến 2025-10-07
[2025-10-07T11:00:03.220+0000] {client.py:83} ERROR - API request failed: HTTPSConnectionPool(host='trading.vietcap.com.vn', port=443): Max retries exceeded with url: /api/chart/OHLCChart/gap (Caused by NameResolutionError("<urllib3.connection.HTTPSConnection object at 0x7e619e9346e0>: Failed to resolve 'trading.vietcap.com.vn' ([Errno -2] Name or service not known)"))
[2025-10-07T11:00:05.238+0000] {client.py:83} ERROR - API request failed: HTTPSConnectionPool(host='trading.vietcap.com.vn', port=443): Max retries exceeded with url: /api/chart/OHLCChart/gap (Caused by NameResolutionError("<urllib3.connection.HTTPSConnection object at 0x7e619e7a4110>: Failed to resolve 'trading.vietcap.com.vn' ([Errno -2] Name or service not known)"))
[2025-10-07T11:00:07.247+0000] {client.py:83} ERROR - API request failed: HTTPSConnectionPool(host='trading.vietcap.com.vn', port=443): Max retries exceeded with url: /api/chart/OHLCChart/gap (Caused by NameResolutionError("<urllib3.connection.HTTPSConnection object at 0x7e619e7bfe00>: Failed to resolve 'trading.vietcap.com.vn' ([Errno -2] Name or service not known)"))
[2025-10-07T11:00:07.248+0000] {logging_mixin.py:190} INFO - Không tìm thấy dữ liệu cho TDM
[2025-10-07T11:00:07.250+0000] {logging_mixin.py:190} INFO - ℹ️ TDM: Không có dữ liệu mới.
[2025-10-07T11:00:07.251+0000] {logging_mixin.py:190} INFO - ⬇️ Bắt đầu xử lý symbol = TDI
[2025-10-07T11:00:07.284+0000] {logging_mixin.py:190} INFO - ⚠️ Không đọc được file cũ TDI: 'date'
[2025-10-07T11:00:07.298+0000] {logging_mixin.py:190} INFO - TDI: trích dữ liệu từ 2023-05-16 đến 2025-10-07
[2025-10-07T11:00:07.305+0000] {client.py:83} ERROR - API request failed: HTTPSConnectionPool(host='trading.vietcap.com.vn', port=443): Max retries exceeded with url: /api/chart/OHLCChart/gap (Caused by NameResolutionError("<urllib3.connection.HTTPSConnection object at 0x7e61c7b62270>: Failed to resolve 'trading.vietcap.com.vn' ([Errno -2] Name or service not known)"))
[2025-10-07T11:00:09.324+0000] {client.py:83} ERROR - API request failed: HTTPSConnectionPool(host='trading.vietcap.com.vn', port=443): Max retries exceeded with url: /api/chart/OHLCChart/gap (Caused by NameResolutionError("<urllib3.connection.HTTPSConnection object at 0x7e619e7a4080>: Failed to resolve 'trading.vietcap.com.vn' ([Errno -2] Name or service not known)"))
[2025-10-07T11:00:11.337+0000] {client.py:83} ERROR - API request failed: HTTPSConnectionPool(host='trading.vietcap.com.vn', port=443): Max retries exceeded with url: /api/chart/OHLCChart/gap (Caused by NameResolutionError("<urllib3.connection.HTTPSConnection object at 0x7e619e934f50>: Failed to resolve 'trading.vietcap.com.vn' ([Errno -2] Name or service not known)"))
[2025-10-07T11:00:11.341+0000] {logging_mixin.py:190} INFO - Không tìm thấy dữ liệu cho TDI
[2025-10-07T11:00:11.345+0000] {logging_mixin.py:190} INFO - ℹ️ TDI: Không có dữ liệu mới.
[2025-10-07T11:00:11.347+0000] {logging_mixin.py:190} INFO - ⬇️ Bắt đầu xử lý symbol = TDH
[2025-10-07T11:00:11.422+0000] {logging_mixin.py:190} INFO - ⚠️ Không đọc được file cũ TDH: 'date'
[2025-10-07T11:00:11.459+0000] {logging_mixin.py:190} INFO - TDH: trích dữ liệu từ 2025-10-04 đến 2025-10-07
[2025-10-07T11:00:11.475+0000] {client.py:83} ERROR - API request failed: HTTPSConnectionPool(host='trading.vietcap.com.vn', port=443): Max retries exceeded with url: /api/chart/OHLCChart/gap (Caused by NameResolutionError("<urllib3.connection.HTTPSConnection object at 0x7e61c7b62d80>: Failed to resolve 'trading.vietcap.com.vn' ([Errno -2] Name or service not known)"))
[2025-10-07T11:00:13.648+0000] {client.py:83} ERROR - API request failed: HTTPSConnectionPool(host='trading.vietcap.com.vn', port=443): Max retries exceeded with url: /api/chart/OHLCChart/gap (Caused by NameResolutionError("<urllib3.connection.HTTPSConnection object at 0x7e61c7b64380>: Failed to resolve 'trading.vietcap.com.vn' ([Errno -2] Name or service not known)"))
[2025-10-07T11:00:16.186+0000] {client.py:83} ERROR - API request failed: HTTPSConnectionPool(host='trading.vietcap.com.vn', port=443): Max retries exceeded with url: /api/chart/OHLCChart/gap (Caused by NameResolutionError("<urllib3.connection.HTTPSConnection object at 0x7e61c7b636e0>: Failed to resolve 'trading.vietcap.com.vn' ([Errno -2] Name or service not known)"))
[2025-10-07T11:00:16.194+0000] {logging_mixin.py:190} INFO - Không tìm thấy dữ liệu cho TDH
[2025-10-07T11:00:16.199+0000] {logging_mixin.py:190} INFO - ℹ️ TDH: Không có dữ liệu mới.
[2025-10-07T11:00:16.201+0000] {logging_mixin.py:190} INFO - 🚦 Giới hạn API đạt mức tối đa, chờ 38.6s...
[2025-10-07T11:00:55.260+0000] {logging_mixin.py:190} INFO - ⬇️ Bắt đầu xử lý symbol = TDG
[2025-10-07T11:00:55.313+0000] {logging_mixin.py:190} INFO - ⚠️ Không đọc được file cũ TDG: 'date'
[2025-10-07T11:00:55.343+0000] {logging_mixin.py:190} INFO - TDG: trích dữ liệu từ 2025-10-04 đến 2025-10-07
[2025-10-07T11:00:55.359+0000] {client.py:83} ERROR - API request failed: HTTPSConnectionPool(host='trading.vietcap.com.vn', port=443): Max retries exceeded with url: /api/chart/OHLCChart/gap (Caused by NameResolutionError("<urllib3.connection.HTTPSConnection object at 0x7e61c7b64110>: Failed to resolve 'trading.vietcap.com.vn' ([Errno -2] Name or service not known)"))
[2025-10-07T11:00:57.367+0000] {client.py:83} ERROR - API request failed: HTTPSConnectionPool(host='trading.vietcap.com.vn', port=443): Max retries exceeded with url: /api/chart/OHLCChart/gap (Caused by NameResolutionError("<urllib3.connection.HTTPSConnection object at 0x7e61c7b64830>: Failed to resolve 'trading.vietcap.com.vn' ([Errno -2] Name or service not known)"))
[2025-10-07T11:00:59.424+0000] {client.py:83} ERROR - API request failed: HTTPSConnectionPool(host='trading.vietcap.com.vn', port=443): Max retries exceeded with url: /api/chart/OHLCChart/gap (Caused by NameResolutionError("<urllib3.connection.HTTPSConnection object at 0x7e619e9341a0>: Failed to resolve 'trading.vietcap.com.vn' ([Errno -2] Name or service not known)"))
[2025-10-07T11:00:59.430+0000] {logging_mixin.py:190} INFO - Không tìm thấy dữ liệu cho TDG
[2025-10-07T11:00:59.442+0000] {logging_mixin.py:190} INFO - ℹ️ TDG: Không có dữ liệu mới.
[2025-10-07T11:00:59.447+0000] {logging_mixin.py:190} INFO - ⬇️ Bắt đầu xử lý symbol = TDF
[2025-10-07T11:00:59.581+0000] {logging_mixin.py:190} INFO - ⚠️ Không đọc được file cũ TDF: 'date'
[2025-10-07T11:00:59.605+0000] {logging_mixin.py:190} INFO - TDF: trích dữ liệu từ 2025-10-03 đến 2025-10-07
[2025-10-07T11:00:59.613+0000] {client.py:83} ERROR - API request failed: HTTPSConnectionPool(host='trading.vietcap.com.vn', port=443): Max retries exceeded with url: /api/chart/OHLCChart/gap (Caused by NameResolutionError("<urllib3.connection.HTTPSConnection object at 0x7e619e7be480>: Failed to resolve 'trading.vietcap.com.vn' ([Errno -2] Name or service not known)"))
[2025-10-07T11:01:01.628+0000] {client.py:83} ERROR - API request failed: HTTPSConnectionPool(host='trading.vietcap.com.vn', port=443): Max retries exceeded with url: /api/chart/OHLCChart/gap (Caused by NameResolutionError("<urllib3.connection.HTTPSConnection object at 0x7e619e7bf530>: Failed to resolve 'trading.vietcap.com.vn' ([Errno -2] Name or service not known)"))
[2025-10-07T11:01:03.646+0000] {client.py:83} ERROR - API request failed: HTTPSConnectionPool(host='trading.vietcap.com.vn', port=443): Max retries exceeded with url: /api/chart/OHLCChart/gap (Caused by NameResolutionError("<urllib3.connection.HTTPSConnection object at 0x7e619e7e3020>: Failed to resolve 'trading.vietcap.com.vn' ([Errno -2] Name or service not known)"))
[2025-10-07T11:01:03.649+0000] {logging_mixin.py:190} INFO - Không tìm thấy dữ liệu cho TDF
[2025-10-07T11:01:03.653+0000] {logging_mixin.py:190} INFO - ℹ️ TDF: Không có dữ liệu mới.
[2025-10-07T11:01:03.656+0000] {logging_mixin.py:190} INFO - ⬇️ Bắt đầu xử lý symbol = TDC
[2025-10-07T11:01:03.733+0000] {logging_mixin.py:190} INFO - ⚠️ Không đọc được file cũ TDC: 'date'
[2025-10-07T11:01:03.772+0000] {logging_mixin.py:190} INFO - TDC: trích dữ liệu từ 2025-10-04 đến 2025-10-07
[2025-10-07T11:01:03.788+0000] {client.py:83} ERROR - API request failed: HTTPSConnectionPool(host='trading.vietcap.com.vn', port=443): Max retries exceeded with url: /api/chart/OHLCChart/gap (Caused by NameResolutionError("<urllib3.connection.HTTPSConnection object at 0x7e619e7bc2f0>: Failed to resolve 'trading.vietcap.com.vn' ([Errno -2] Name or service not known)"))
[2025-10-07T11:01:05.797+0000] {client.py:83} ERROR - API request failed: HTTPSConnectionPool(host='trading.vietcap.com.vn', port=443): Max retries exceeded with url: /api/chart/OHLCChart/gap (Caused by NameResolutionError("<urllib3.connection.HTTPSConnection object at 0x7e619e925b50>: Failed to resolve 'trading.vietcap.com.vn' ([Errno -2] Name or service not known)"))
[2025-10-07T11:11:54.131+0000] {job.py:229} INFO - Heartbeat recovered after 652.13 seconds
[2025-10-07T11:11:54.712+0000] {client.py:83} ERROR - API request failed: HTTPSConnectionPool(host='trading.vietcap.com.vn', port=443): Max retries exceeded with url: /api/chart/OHLCChart/gap (Caused by NameResolutionError("<urllib3.connection.HTTPSConnection object at 0x7e619e937920>: Failed to resolve 'trading.vietcap.com.vn' ([Errno -2] Name or service not known)"))
[2025-10-07T11:11:54.714+0000] {logging_mixin.py:190} INFO - Không tìm thấy dữ liệu cho TDC
[2025-10-07T11:11:54.724+0000] {logging_mixin.py:190} INFO - ℹ️ TDC: Không có dữ liệu mới.
[2025-10-07T11:11:54.730+0000] {logging_mixin.py:190} INFO - ⬇️ Bắt đầu xử lý symbol = TDB
[2025-10-07T11:11:54.810+0000] {logging_mixin.py:190} INFO - ⚠️ Không đọc được file cũ TDB: 'date'
[2025-10-07T11:11:54.844+0000] {logging_mixin.py:190} INFO - TDB: trích dữ liệu từ 2025-10-03 đến 2025-10-07
[2025-10-07T11:11:54.867+0000] {client.py:83} ERROR - API request failed: HTTPSConnectionPool(host='trading.vietcap.com.vn', port=443): Max retries exceeded with url: /api/chart/OHLCChart/gap (Caused by NameResolutionError("<urllib3.connection.HTTPSConnection object at 0x7e619e7a5fd0>: Failed to resolve 'trading.vietcap.com.vn' ([Errno -2] Name or service not known)"))
[2025-10-07T11:11:56.921+0000] {client.py:83} ERROR - API request failed: HTTPSConnectionPool(host='trading.vietcap.com.vn', port=443): Max retries exceeded with url: /api/chart/OHLCChart/gap (Caused by NameResolutionError("<urllib3.connection.HTTPSConnection object at 0x7e619e927f20>: Failed to resolve 'trading.vietcap.com.vn' ([Errno -2] Name or service not known)"))
[2025-10-07T11:11:59.050+0000] {client.py:83} ERROR - API request failed: HTTPSConnectionPool(host='trading.vietcap.com.vn', port=443): Max retries exceeded with url: /api/chart/OHLCChart/gap (Caused by NameResolutionError("<urllib3.connection.HTTPSConnection object at 0x7e619e7bef90>: Failed to resolve 'trading.vietcap.com.vn' ([Errno -2] Name or service not known)"))
[2025-10-07T11:11:59.052+0000] {logging_mixin.py:190} INFO - Không tìm thấy dữ liệu cho TDB
[2025-10-07T11:11:59.054+0000] {logging_mixin.py:190} INFO - ℹ️ TDB: Không có dữ liệu mới.
[2025-10-07T11:11:59.055+0000] {logging_mixin.py:190} INFO - ⬇️ Bắt đầu xử lý symbol = TD6
[2025-10-07T11:11:59.085+0000] {logging_mixin.py:190} INFO - ⚠️ Không đọc được file cũ TD6: 'date'
[2025-10-07T11:11:59.099+0000] {logging_mixin.py:190} INFO - TD6: trích dữ liệu từ 2025-10-04 đến 2025-10-07
[2025-10-07T11:11:59.107+0000] {client.py:83} ERROR - API request failed: HTTPSConnectionPool(host='trading.vietcap.com.vn', port=443): Max retries exceeded with url: /api/chart/OHLCChart/gap (Caused by NameResolutionError("<urllib3.connection.HTTPSConnection object at 0x7e619e7b5130>: Failed to resolve 'trading.vietcap.com.vn' ([Errno -2] Name or service not known)"))
[2025-10-07T11:12:01.116+0000] {client.py:83} ERROR - API request failed: HTTPSConnectionPool(host='trading.vietcap.com.vn', port=443): Max retries exceeded with url: /api/chart/OHLCChart/gap (Caused by NameResolutionError("<urllib3.connection.HTTPSConnection object at 0x7e619e7b7d10>: Failed to resolve 'trading.vietcap.com.vn' ([Errno -2] Name or service not known)"))
[2025-10-07T11:12:03.319+0000] {client.py:83} ERROR - API request failed: HTTPSConnectionPool(host='trading.vietcap.com.vn', port=443): Max retries exceeded with url: /api/chart/OHLCChart/gap (Caused by NameResolutionError("<urllib3.connection.HTTPSConnection object at 0x7e619e7b58b0>: Failed to resolve 'trading.vietcap.com.vn' ([Errno -2] Name or service not known)"))
[2025-10-07T11:12:03.323+0000] {logging_mixin.py:190} INFO - Không tìm thấy dữ liệu cho TD6
[2025-10-07T11:12:03.326+0000] {logging_mixin.py:190} INFO - ℹ️ TD6: Không có dữ liệu mới.
[2025-10-07T11:12:03.327+0000] {python.py:240} INFO - Done. Returned value was: None
[2025-10-07T11:12:03.352+0000] {taskinstance.py:341} INFO - ::group::Post task execution logs
[2025-10-07T11:12:03.354+0000] {taskinstance.py:353} INFO - Marking task as SUCCESS. dag_id=vnstock_weekly_etl_incremental, task_id=process_batch, run_id=manual__2025-10-07T10:41:48.387187+00:00, map_index=6, execution_date=20251007T104148, start_date=20251007T105148, end_date=20251007T111203
[2025-10-07T11:12:03.544+0000] {local_task_job_runner.py:266} INFO - Task exited with return code 0
[2025-10-07T11:12:03.834+0000] {taskinstance.py:3901} INFO - 0 downstream tasks scheduled from follow-on schedule check
[2025-10-07T11:12:03.840+0000] {local_task_job_runner.py:245} INFO - ::endgroup::
