[2025-10-07T13:32:23.559+0000] {local_task_job_runner.py:123} INFO - ::group::Pre task execution logs
[2025-10-07T13:32:23.643+0000] {taskinstance.py:2614} INFO - Dependencies all met for dep_context=non-requeueable deps ti=<TaskInstance: vnstock_weekly_etl_incremental.process_batch manual__2025-10-07T10:44:44.201464+00:00 map_index=3 [queued]>
[2025-10-07T13:32:23.680+0000] {taskinstance.py:2614} INFO - Dependencies all met for dep_context=requeueable deps ti=<TaskInstance: vnstock_weekly_etl_incremental.process_batch manual__2025-10-07T10:44:44.201464+00:00 map_index=3 [queued]>
[2025-10-07T13:32:23.691+0000] {taskinstance.py:2867} INFO - Starting attempt 1 of 3
[2025-10-07T13:32:23.726+0000] {taskinstance.py:2890} INFO - Executing <Mapped(_PythonDecoratedOperator): process_batch> on 2025-10-07 10:44:44.201464+00:00
[2025-10-07T13:32:23.767+0000] {standard_task_runner.py:104} INFO - Running: ['***', 'tasks', 'run', 'vnstock_weekly_etl_incremental', 'process_batch', 'manual__2025-10-07T10:44:44.201464+00:00', '--job-id', '197', '--raw', '--subdir', 'DAGS_FOLDER/dag.py', '--cfg-path', '/tmp/tmpotjyxydh', '--map-index', '3']
[2025-10-07T13:32:23.771+0000] {logging_mixin.py:190} WARNING - /home/***/.local/lib/python3.12/site-packages/***/task/task_runner/standard_task_runner.py:70 DeprecationWarning: This process (pid=18043) is multi-threaded, use of fork() may lead to deadlocks in the child.
[2025-10-07T13:32:23.772+0000] {standard_task_runner.py:105} INFO - Job 197: Subtask process_batch
[2025-10-07T13:32:23.773+0000] {standard_task_runner.py:72} INFO - Started process 18055 to run task
[2025-10-07T13:32:23.812+0000] {logging_mixin.py:190} WARNING - /home/***/.local/lib/python3.12/site-packages/***/settings.py:209 DeprecationWarning: The sql_alchemy_conn option in [core] has been moved to the sql_alchemy_conn option in [database] - the old setting has been used, but please update your config.
[2025-10-07T13:32:23.912+0000] {task_command.py:467} INFO - Running <TaskInstance: vnstock_weekly_etl_incremental.process_batch manual__2025-10-07T10:44:44.201464+00:00 map_index=3 [running]> on host e3278e0f0bbc
[2025-10-07T13:32:24.777+0000] {taskinstance.py:3134} INFO - Exporting env vars: AIRFLOW_CTX_DAG_OWNER='***' AIRFLOW_CTX_DAG_ID='vnstock_weekly_etl_incremental' AIRFLOW_CTX_TASK_ID='process_batch' AIRFLOW_CTX_EXECUTION_DATE='2025-10-07T10:44:44.201464+00:00' AIRFLOW_CTX_TRY_NUMBER='1' AIRFLOW_CTX_DAG_RUN_ID='manual__2025-10-07T10:44:44.201464+00:00'
[2025-10-07T13:32:24.781+0000] {taskinstance.py:732} INFO - ::endgroup::
[2025-10-07T13:32:24.787+0000] {logging_mixin.py:190} INFO - ⬇️ Bắt đầu xử lý symbol = VES
[2025-10-07T13:32:24.844+0000] {logging_mixin.py:190} INFO - ⚠️ Không đọc được file cũ VES: 'date'
[2025-10-07T13:32:24.911+0000] {logging_mixin.py:190} INFO - VES: trích dữ liệu từ 2025-10-08 đến 2025-10-07
[2025-10-07T13:32:29.659+0000] {logging_mixin.py:190} INFO - Không tìm thấy dữ liệu cho VES
[2025-10-07T13:32:29.666+0000] {logging_mixin.py:190} INFO - ℹ️ VES: Không có dữ liệu mới.
[2025-10-07T13:32:29.667+0000] {logging_mixin.py:190} INFO - ⬇️ Bắt đầu xử lý symbol = VEF
[2025-10-07T13:32:29.694+0000] {logging_mixin.py:190} INFO - ⚠️ Không đọc được file cũ VEF: 'date'
[2025-10-07T13:32:29.728+0000] {logging_mixin.py:190} INFO - VEF: trích dữ liệu từ 2025-10-08 đến 2025-10-07
[2025-10-07T13:32:34.912+0000] {logging_mixin.py:190} INFO - Không tìm thấy dữ liệu cho VEF
[2025-10-07T13:32:34.914+0000] {logging_mixin.py:190} INFO - ℹ️ VEF: Không có dữ liệu mới.
[2025-10-07T13:32:34.915+0000] {logging_mixin.py:190} INFO - ⬇️ Bắt đầu xử lý symbol = VEC
[2025-10-07T13:32:34.923+0000] {logging_mixin.py:190} INFO - ⚠️ Không đọc được file cũ VEC: 'date'
[2025-10-07T13:32:34.929+0000] {logging_mixin.py:190} INFO - VEC: trích dữ liệu từ 2025-10-08 đến 2025-10-07
[2025-10-07T13:32:40.497+0000] {logging_mixin.py:190} INFO - Không tìm thấy dữ liệu cho VEC
[2025-10-07T13:32:40.499+0000] {logging_mixin.py:190} INFO - ℹ️ VEC: Không có dữ liệu mới.
[2025-10-07T13:32:40.500+0000] {logging_mixin.py:190} INFO - ⬇️ Bắt đầu xử lý symbol = VEA
[2025-10-07T13:32:40.509+0000] {logging_mixin.py:190} INFO - ⚠️ Không đọc được file cũ VEA: 'date'
[2025-10-07T13:32:40.519+0000] {logging_mixin.py:190} INFO - VEA: trích dữ liệu từ 2025-10-08 đến 2025-10-07
[2025-10-07T13:32:45.061+0000] {logging_mixin.py:190} INFO - Không tìm thấy dữ liệu cho VEA
[2025-10-07T13:32:45.067+0000] {logging_mixin.py:190} INFO - ℹ️ VEA: Không có dữ liệu mới.
[2025-10-07T13:32:45.068+0000] {logging_mixin.py:190} INFO - ⬇️ Bắt đầu xử lý symbol = VE9
[2025-10-07T13:32:45.077+0000] {logging_mixin.py:190} INFO - ⚠️ Không đọc được file cũ VE9: 'date'
[2025-10-07T13:32:45.085+0000] {logging_mixin.py:190} INFO - VE9: trích dữ liệu từ 2025-10-08 đến 2025-10-07
[2025-10-07T13:32:49.582+0000] {logging_mixin.py:190} INFO - Không tìm thấy dữ liệu cho VE9
[2025-10-07T13:32:49.584+0000] {logging_mixin.py:190} INFO - ℹ️ VE9: Không có dữ liệu mới.
[2025-10-07T13:32:49.584+0000] {logging_mixin.py:190} INFO - 🚦 Giới hạn API đạt mức tối đa, chờ 35.2s...
[2025-10-07T13:33:24.505+0000] {logging_mixin.py:190} INFO - ⬇️ Bắt đầu xử lý symbol = VE8
[2025-10-07T13:33:24.512+0000] {logging_mixin.py:190} INFO - ⚠️ Không đọc được file cũ VE8: 'date'
[2025-10-07T13:33:24.519+0000] {logging_mixin.py:190} INFO - VE8: trích dữ liệu từ 2025-10-04 đến 2025-10-07
[2025-10-07T13:33:29.296+0000] {logging_mixin.py:190} INFO - Không tìm thấy dữ liệu cho VE8
[2025-10-07T13:33:29.298+0000] {logging_mixin.py:190} INFO - ℹ️ VE8: Không có dữ liệu mới.
[2025-10-07T13:33:29.298+0000] {logging_mixin.py:190} INFO - 🚦 Giới hạn API đạt mức tối đa, chờ 0.4s...
[2025-10-07T13:33:29.668+0000] {logging_mixin.py:190} INFO - ⬇️ Bắt đầu xử lý symbol = VE4
[2025-10-07T13:33:29.683+0000] {logging_mixin.py:190} INFO - ⚠️ Không đọc được file cũ VE4: 'date'
[2025-10-07T13:33:29.689+0000] {logging_mixin.py:190} INFO - VE4: trích dữ liệu từ 2024-07-26 đến 2025-10-07
[2025-10-07T13:33:35.497+0000] {logging_mixin.py:190} INFO - Không tìm thấy dữ liệu cho VE4
[2025-10-07T13:33:35.499+0000] {logging_mixin.py:190} INFO - ℹ️ VE4: Không có dữ liệu mới.
[2025-10-07T13:33:35.499+0000] {logging_mixin.py:190} INFO - ⬇️ Bắt đầu xử lý symbol = VE3
[2025-10-07T13:33:35.507+0000] {logging_mixin.py:190} INFO - ⚠️ Không đọc được file cũ VE3: 'date'
[2025-10-07T13:33:35.513+0000] {logging_mixin.py:190} INFO - VE3: trích dữ liệu từ 2025-10-01 đến 2025-10-07
[2025-10-07T13:33:41.207+0000] {logging_mixin.py:190} INFO - Không tìm thấy dữ liệu cho VE3
[2025-10-07T13:33:41.208+0000] {logging_mixin.py:190} INFO - ℹ️ VE3: Không có dữ liệu mới.
[2025-10-07T13:33:41.209+0000] {logging_mixin.py:190} INFO - ⬇️ Bắt đầu xử lý symbol = VE2
[2025-10-07T13:33:41.216+0000] {logging_mixin.py:190} INFO - ⚠️ Không đọc được file cũ VE2: 'date'
[2025-10-07T13:33:41.222+0000] {logging_mixin.py:190} INFO - VE2: trích dữ liệu từ 2025-09-20 đến 2025-10-07
[2025-10-07T13:33:45.738+0000] {logging_mixin.py:190} INFO - Không tìm thấy dữ liệu cho VE2
[2025-10-07T13:33:45.740+0000] {logging_mixin.py:190} INFO - ℹ️ VE2: Không có dữ liệu mới.
[2025-10-07T13:33:45.741+0000] {logging_mixin.py:190} INFO - ⬇️ Bắt đầu xử lý symbol = VE1
[2025-10-07T13:33:45.748+0000] {logging_mixin.py:190} INFO - ⚠️ Không đọc được file cũ VE1: 'date'
[2025-10-07T13:33:45.757+0000] {logging_mixin.py:190} INFO - VE1: trích dữ liệu từ 2025-10-04 đến 2025-10-07
[2025-10-07T13:33:46.287+0000] {logging_mixin.py:190} INFO - Trích xuất 2 dòng mới cho VE1
[2025-10-07T13:33:46.295+0000] {logging_mixin.py:190} INFO - Append 2 dòng mới vào /opt/***/data/lake/VE1.csv
[2025-10-07T13:33:46.295+0000] {logging_mixin.py:190} INFO - ✅ Hoàn tất VE1, thêm 2 dòng mới.
[2025-10-07T13:33:48.296+0000] {logging_mixin.py:190} INFO - 🚦 Giới hạn API đạt mức tối đa, chờ 36.2s...
[2025-10-07T13:34:24.202+0000] {logging_mixin.py:190} INFO - ⬇️ Bắt đầu xử lý symbol = VDT
[2025-10-07T13:34:24.210+0000] {logging_mixin.py:190} INFO - ⚠️ Không đọc được file cũ VDT: 'date'
[2025-10-07T13:34:24.217+0000] {logging_mixin.py:190} INFO - VDT: trích dữ liệu từ 2025-10-01 đến 2025-10-07
[2025-10-07T13:34:28.877+0000] {logging_mixin.py:190} INFO - Không tìm thấy dữ liệu cho VDT
[2025-10-07T13:34:28.879+0000] {logging_mixin.py:190} INFO - ℹ️ VDT: Không có dữ liệu mới.
[2025-10-07T13:34:28.880+0000] {logging_mixin.py:190} INFO - 🚦 Giới hạn API đạt mức tối đa, chờ 0.8s...
[2025-10-07T13:34:29.669+0000] {logging_mixin.py:190} INFO - ⬇️ Bắt đầu xử lý symbol = VDS
[2025-10-07T13:34:29.677+0000] {logging_mixin.py:190} INFO - ⚠️ Không đọc được file cũ VDS: 'date'
[2025-10-07T13:34:29.683+0000] {logging_mixin.py:190} INFO - VDS: trích dữ liệu từ 2025-10-04 đến 2025-10-07
[2025-10-07T13:34:29.945+0000] {logging_mixin.py:190} INFO - Trích xuất 2 dòng mới cho VDS
[2025-10-07T13:34:29.951+0000] {logging_mixin.py:190} INFO - Append 2 dòng mới vào /opt/***/data/lake/VDS.csv
[2025-10-07T13:34:29.952+0000] {logging_mixin.py:190} INFO - ✅ Hoàn tất VDS, thêm 2 dòng mới.
[2025-10-07T13:34:31.952+0000] {logging_mixin.py:190} INFO - 🚦 Giới hạn API đạt mức tối đa, chờ 3.5s...
[2025-10-07T13:34:35.500+0000] {logging_mixin.py:190} INFO - ⬇️ Bắt đầu xử lý symbol = VDP
[2025-10-07T13:34:35.509+0000] {logging_mixin.py:190} INFO - ⚠️ Không đọc được file cũ VDP: 'date'
[2025-10-07T13:34:35.516+0000] {logging_mixin.py:190} INFO - VDP: trích dữ liệu từ 2025-10-04 đến 2025-10-07
[2025-10-07T13:34:35.779+0000] {logging_mixin.py:190} INFO - Trích xuất 2 dòng mới cho VDP
[2025-10-07T13:34:35.790+0000] {logging_mixin.py:190} INFO - Append 2 dòng mới vào /opt/***/data/lake/VDP.csv
[2025-10-07T13:34:35.791+0000] {logging_mixin.py:190} INFO - ✅ Hoàn tất VDP, thêm 2 dòng mới.
[2025-10-07T13:34:37.792+0000] {logging_mixin.py:190} INFO - 🚦 Giới hạn API đạt mức tối đa, chờ 3.4s...
[2025-10-07T13:34:41.210+0000] {logging_mixin.py:190} INFO - ⬇️ Bắt đầu xử lý symbol = VDN
[2025-10-07T13:34:41.219+0000] {logging_mixin.py:190} INFO - ⚠️ Không đọc được file cũ VDN: 'date'
[2025-10-07T13:34:41.225+0000] {logging_mixin.py:190} INFO - VDN: trích dữ liệu từ 2025-09-30 đến 2025-10-07
[2025-10-07T13:34:41.525+0000] {logging_mixin.py:190} INFO - Trích xuất 1 dòng mới cho VDN
[2025-10-07T13:34:41.533+0000] {logging_mixin.py:190} INFO - Append 1 dòng mới vào /opt/***/data/lake/VDN.csv
[2025-10-07T13:34:41.539+0000] {logging_mixin.py:190} INFO - ✅ Hoàn tất VDN, thêm 1 dòng mới.
[2025-10-07T13:34:43.540+0000] {logging_mixin.py:190} INFO - 🚦 Giới hạn API đạt mức tối đa, chờ 2.2s...
[2025-10-07T13:34:45.742+0000] {logging_mixin.py:190} INFO - ⬇️ Bắt đầu xử lý symbol = VDM
[2025-10-07T13:34:45.759+0000] {logging_mixin.py:190} INFO - VDM: trích dữ liệu từ 2020-01-01 đến 2025-10-07
[2025-10-07T13:34:50.524+0000] {logging_mixin.py:190} INFO - Không tìm thấy dữ liệu cho VDM
[2025-10-07T13:34:50.525+0000] {logging_mixin.py:190} INFO - ℹ️ VDM: Không có dữ liệu mới.
[2025-10-07T13:34:50.526+0000] {logging_mixin.py:190} INFO - 🚦 Giới hạn API đạt mức tối đa, chờ 33.7s...
[2025-10-07T13:35:23.898+0000] {logging_mixin.py:190} INFO - ⬇️ Bắt đầu xử lý symbol = VDL
[2025-10-07T13:35:23.912+0000] {logging_mixin.py:190} INFO - ⚠️ Không đọc được file cũ VDL: 'date'
[2025-10-07T13:35:23.918+0000] {logging_mixin.py:190} INFO - VDL: trích dữ liệu từ 2025-10-01 đến 2025-10-07
[2025-10-07T13:35:28.384+0000] {logging_mixin.py:190} INFO - Không tìm thấy dữ liệu cho VDL
[2025-10-07T13:35:28.385+0000] {logging_mixin.py:190} INFO - ℹ️ VDL: Không có dữ liệu mới.
[2025-10-07T13:35:28.386+0000] {logging_mixin.py:190} INFO - 🚦 Giới hạn API đạt mức tối đa, chờ 1.3s...
[2025-10-07T13:35:29.669+0000] {logging_mixin.py:190} INFO - ⬇️ Bắt đầu xử lý symbol = VDG
[2025-10-07T13:35:29.677+0000] {logging_mixin.py:190} INFO - ⚠️ Không đọc được file cũ VDG: 'date'
[2025-10-07T13:35:29.682+0000] {logging_mixin.py:190} INFO - VDG: trích dữ liệu từ 2025-10-04 đến 2025-10-07
[2025-10-07T13:35:30.299+0000] {logging_mixin.py:190} INFO - Trích xuất 1 dòng mới cho VDG
[2025-10-07T13:35:30.305+0000] {logging_mixin.py:190} INFO - Append 1 dòng mới vào /opt/***/data/lake/VDG.csv
[2025-10-07T13:35:30.306+0000] {logging_mixin.py:190} INFO - ✅ Hoàn tất VDG, thêm 1 dòng mới.
[2025-10-07T13:35:32.306+0000] {logging_mixin.py:190} INFO - 🚦 Giới hạn API đạt mức tối đa, chờ 3.2s...
[2025-10-07T13:35:35.501+0000] {logging_mixin.py:190} INFO - ⬇️ Bắt đầu xử lý symbol = VDB
[2025-10-07T13:35:35.517+0000] {logging_mixin.py:190} INFO - ⚠️ Không đọc được file cũ VDB: 'date'
[2025-10-07T13:35:35.528+0000] {logging_mixin.py:190} INFO - VDB: trích dữ liệu từ 2024-07-26 đến 2025-10-07
[2025-10-07T13:35:40.363+0000] {logging_mixin.py:190} INFO - Không tìm thấy dữ liệu cho VDB
[2025-10-07T13:35:40.365+0000] {logging_mixin.py:190} INFO - ℹ️ VDB: Không có dữ liệu mới.
[2025-10-07T13:35:40.365+0000] {logging_mixin.py:190} INFO - 🚦 Giới hạn API đạt mức tối đa, chờ 0.8s...
[2025-10-07T13:35:41.211+0000] {logging_mixin.py:190} INFO - ⬇️ Bắt đầu xử lý symbol = VCX
[2025-10-07T13:35:41.219+0000] {logging_mixin.py:190} INFO - ⚠️ Không đọc được file cũ VCX: 'date'
[2025-10-07T13:35:41.225+0000] {logging_mixin.py:190} INFO - VCX: trích dữ liệu từ 2025-10-02 đến 2025-10-07
[2025-10-07T13:35:41.391+0000] {logging_mixin.py:190} INFO - Trích xuất 1 dòng mới cho VCX
[2025-10-07T13:35:41.396+0000] {logging_mixin.py:190} INFO - Append 1 dòng mới vào /opt/***/data/lake/VCX.csv
[2025-10-07T13:35:41.397+0000] {logging_mixin.py:190} INFO - ✅ Hoàn tất VCX, thêm 1 dòng mới.
[2025-10-07T13:35:43.398+0000] {logging_mixin.py:190} INFO - 🚦 Giới hạn API đạt mức tối đa, chờ 2.3s...
[2025-10-07T13:35:45.743+0000] {logging_mixin.py:190} INFO - ⬇️ Bắt đầu xử lý symbol = VCW
[2025-10-07T13:35:45.751+0000] {logging_mixin.py:190} INFO - ⚠️ Không đọc được file cũ VCW: 'date'
[2025-10-07T13:35:45.759+0000] {logging_mixin.py:190} INFO - VCW: trích dữ liệu từ 2025-10-04 đến 2025-10-07
[2025-10-07T13:35:46.020+0000] {logging_mixin.py:190} INFO - Trích xuất 2 dòng mới cho VCW
[2025-10-07T13:35:46.026+0000] {logging_mixin.py:190} INFO - Append 2 dòng mới vào /opt/***/data/lake/VCW.csv
[2025-10-07T13:35:46.027+0000] {logging_mixin.py:190} INFO - ✅ Hoàn tất VCW, thêm 2 dòng mới.
[2025-10-07T13:35:48.028+0000] {logging_mixin.py:190} INFO - 🚦 Giới hạn API đạt mức tối đa, chờ 35.9s...
[2025-10-07T13:36:23.605+0000] {logging_mixin.py:190} INFO - ⬇️ Bắt đầu xử lý symbol = VCT
[2025-10-07T13:36:23.614+0000] {logging_mixin.py:190} INFO - ⚠️ Không đọc được file cũ VCT: 'date'
[2025-10-07T13:36:23.620+0000] {logging_mixin.py:190} INFO - VCT: trích dữ liệu từ 2025-07-19 đến 2025-10-07
[2025-10-07T13:36:28.199+0000] {logging_mixin.py:190} INFO - Không tìm thấy dữ liệu cho VCT
[2025-10-07T13:36:28.201+0000] {logging_mixin.py:190} INFO - ℹ️ VCT: Không có dữ liệu mới.
[2025-10-07T13:36:28.201+0000] {logging_mixin.py:190} INFO - 🚦 Giới hạn API đạt mức tối đa, chờ 1.5s...
[2025-10-07T13:36:29.670+0000] {logging_mixin.py:190} INFO - ⬇️ Bắt đầu xử lý symbol = VCS
[2025-10-07T13:36:29.686+0000] {logging_mixin.py:190} INFO - ⚠️ Không đọc được file cũ VCS: 'date'
[2025-10-07T13:36:29.694+0000] {logging_mixin.py:190} INFO - VCS: trích dữ liệu từ 2025-10-04 đến 2025-10-07
[2025-10-07T13:36:29.868+0000] {logging_mixin.py:190} INFO - Trích xuất 2 dòng mới cho VCS
[2025-10-07T13:36:29.875+0000] {logging_mixin.py:190} INFO - Append 2 dòng mới vào /opt/***/data/lake/VCS.csv
[2025-10-07T13:36:29.875+0000] {logging_mixin.py:190} INFO - ✅ Hoàn tất VCS, thêm 2 dòng mới.
[2025-10-07T13:36:31.876+0000] {logging_mixin.py:190} INFO - 🚦 Giới hạn API đạt mức tối đa, chờ 3.6s...
[2025-10-07T13:36:35.502+0000] {logging_mixin.py:190} INFO - ⬇️ Bắt đầu xử lý symbol = VCR
[2025-10-07T13:36:35.512+0000] {logging_mixin.py:190} INFO - ⚠️ Không đọc được file cũ VCR: 'date'
[2025-10-07T13:36:35.519+0000] {logging_mixin.py:190} INFO - VCR: trích dữ liệu từ 2025-10-04 đến 2025-10-07
[2025-10-07T13:36:35.856+0000] {logging_mixin.py:190} INFO - Trích xuất 2 dòng mới cho VCR
[2025-10-07T13:36:35.861+0000] {logging_mixin.py:190} INFO - Append 2 dòng mới vào /opt/***/data/lake/VCR.csv
[2025-10-07T13:36:35.862+0000] {logging_mixin.py:190} INFO - ✅ Hoàn tất VCR, thêm 2 dòng mới.
[2025-10-07T13:36:37.863+0000] {logging_mixin.py:190} INFO - 🚦 Giới hạn API đạt mức tối đa, chờ 3.3s...
[2025-10-07T13:36:41.212+0000] {logging_mixin.py:190} INFO - ⬇️ Bắt đầu xử lý symbol = VCP
[2025-10-07T13:36:41.220+0000] {logging_mixin.py:190} INFO - ⚠️ Không đọc được file cũ VCP: 'date'
[2025-10-07T13:36:41.227+0000] {logging_mixin.py:190} INFO - VCP: trích dữ liệu từ 2025-10-04 đến 2025-10-07
[2025-10-07T13:36:41.693+0000] {logging_mixin.py:190} INFO - Trích xuất 2 dòng mới cho VCP
[2025-10-07T13:36:41.699+0000] {logging_mixin.py:190} INFO - Append 2 dòng mới vào /opt/***/data/lake/VCP.csv
[2025-10-07T13:36:41.700+0000] {logging_mixin.py:190} INFO - ✅ Hoàn tất VCP, thêm 2 dòng mới.
[2025-10-07T13:36:43.700+0000] {logging_mixin.py:190} INFO - 🚦 Giới hạn API đạt mức tối đa, chờ 2.0s...
[2025-10-07T13:36:45.744+0000] {logging_mixin.py:190} INFO - ⬇️ Bắt đầu xử lý symbol = VCM
[2025-10-07T13:36:45.751+0000] {logging_mixin.py:190} INFO - ⚠️ Không đọc được file cũ VCM: 'date'
[2025-10-07T13:36:45.758+0000] {logging_mixin.py:190} INFO - VCM: trích dữ liệu từ 2025-10-04 đến 2025-10-07
[2025-10-07T13:36:45.945+0000] {logging_mixin.py:190} INFO - Trích xuất 2 dòng mới cho VCM
[2025-10-07T13:36:45.952+0000] {logging_mixin.py:190} INFO - Append 2 dòng mới vào /opt/***/data/lake/VCM.csv
[2025-10-07T13:36:45.952+0000] {logging_mixin.py:190} INFO - ✅ Hoàn tất VCM, thêm 2 dòng mới.
[2025-10-07T13:36:47.953+0000] {logging_mixin.py:190} INFO - 🚦 Giới hạn API đạt mức tối đa, chờ 35.7s...
[2025-10-07T13:37:23.311+0000] {logging_mixin.py:190} INFO - ⬇️ Bắt đầu xử lý symbol = VCI
[2025-10-07T13:37:23.329+0000] {logging_mixin.py:190} INFO - ⚠️ Không đọc được file cũ VCI: 'date'
[2025-10-07T13:37:23.336+0000] {logging_mixin.py:190} INFO - VCI: trích dữ liệu từ 2025-10-04 đến 2025-10-07
[2025-10-07T13:37:23.646+0000] {logging_mixin.py:190} INFO - Trích xuất 2 dòng mới cho VCI
[2025-10-07T13:37:23.653+0000] {logging_mixin.py:190} INFO - Append 2 dòng mới vào /opt/***/data/lake/VCI.csv
[2025-10-07T13:37:23.653+0000] {logging_mixin.py:190} INFO - ✅ Hoàn tất VCI, thêm 2 dòng mới.
[2025-10-07T13:37:25.654+0000] {logging_mixin.py:190} INFO - 🚦 Giới hạn API đạt mức tối đa, chờ 4.0s...
[2025-10-07T13:37:29.671+0000] {logging_mixin.py:190} INFO - ⬇️ Bắt đầu xử lý symbol = VCG
[2025-10-07T13:37:29.681+0000] {logging_mixin.py:190} INFO - ⚠️ Không đọc được file cũ VCG: 'date'
[2025-10-07T13:37:29.688+0000] {logging_mixin.py:190} INFO - VCG: trích dữ liệu từ 2025-10-04 đến 2025-10-07
[2025-10-07T13:37:30.189+0000] {logging_mixin.py:190} INFO - Trích xuất 2 dòng mới cho VCG
[2025-10-07T13:37:30.195+0000] {logging_mixin.py:190} INFO - Append 2 dòng mới vào /opt/***/data/lake/VCG.csv
[2025-10-07T13:37:30.195+0000] {logging_mixin.py:190} INFO - ✅ Hoàn tất VCG, thêm 2 dòng mới.
[2025-10-07T13:37:32.196+0000] {logging_mixin.py:190} INFO - 🚦 Giới hạn API đạt mức tối đa, chờ 3.3s...
[2025-10-07T13:37:35.503+0000] {logging_mixin.py:190} INFO - ⬇️ Bắt đầu xử lý symbol = VCF
[2025-10-07T13:37:35.512+0000] {logging_mixin.py:190} INFO - ⚠️ Không đọc được file cũ VCF: 'date'
[2025-10-07T13:37:35.519+0000] {logging_mixin.py:190} INFO - VCF: trích dữ liệu từ 2025-10-04 đến 2025-10-07
[2025-10-07T13:37:35.729+0000] {logging_mixin.py:190} INFO - Trích xuất 2 dòng mới cho VCF
[2025-10-07T13:37:35.746+0000] {logging_mixin.py:190} INFO - Append 2 dòng mới vào /opt/***/data/lake/VCF.csv
[2025-10-07T13:37:35.747+0000] {logging_mixin.py:190} INFO - ✅ Hoàn tất VCF, thêm 2 dòng mới.
[2025-10-07T13:37:37.748+0000] {logging_mixin.py:190} INFO - 🚦 Giới hạn API đạt mức tối đa, chờ 3.5s...
[2025-10-07T13:37:41.214+0000] {logging_mixin.py:190} INFO - ⬇️ Bắt đầu xử lý symbol = VCE
[2025-10-07T13:37:41.223+0000] {logging_mixin.py:190} INFO - ⚠️ Không đọc được file cũ VCE: 'date'
[2025-10-07T13:37:41.229+0000] {logging_mixin.py:190} INFO - VCE: trích dữ liệu từ 2024-07-26 đến 2025-10-07
[2025-10-07T13:37:45.869+0000] {logging_mixin.py:190} INFO - Không tìm thấy dữ liệu cho VCE
[2025-10-07T13:37:45.871+0000] {logging_mixin.py:190} INFO - ℹ️ VCE: Không có dữ liệu mới.
[2025-10-07T13:37:45.872+0000] {logging_mixin.py:190} INFO - ⬇️ Bắt đầu xử lý symbol = VCC
[2025-10-07T13:37:45.880+0000] {logging_mixin.py:190} INFO - ⚠️ Không đọc được file cũ VCC: 'date'
[2025-10-07T13:37:45.886+0000] {logging_mixin.py:190} INFO - VCC: trích dữ liệu từ 2025-10-04 đến 2025-10-07
[2025-10-07T13:37:46.118+0000] {logging_mixin.py:190} INFO - Trích xuất 1 dòng mới cho VCC
[2025-10-07T13:37:46.124+0000] {logging_mixin.py:190} INFO - Append 1 dòng mới vào /opt/***/data/lake/VCC.csv
[2025-10-07T13:37:46.125+0000] {logging_mixin.py:190} INFO - ✅ Hoàn tất VCC, thêm 1 dòng mới.
[2025-10-07T13:37:48.125+0000] {logging_mixin.py:190} INFO - 🚦 Giới hạn API đạt mức tối đa, chờ 35.2s...
[2025-10-07T13:38:23.001+0000] {logging_mixin.py:190} INFO - ⬇️ Bắt đầu xử lý symbol = VCB
[2025-10-07T13:38:23.017+0000] {logging_mixin.py:190} INFO - ⚠️ Không đọc được file cũ VCB: 'date'
[2025-10-07T13:38:23.025+0000] {logging_mixin.py:190} INFO - VCB: trích dữ liệu từ 2025-10-04 đến 2025-10-07
[2025-10-07T13:38:23.338+0000] {logging_mixin.py:190} INFO - Trích xuất 2 dòng mới cho VCB
[2025-10-07T13:38:23.344+0000] {logging_mixin.py:190} INFO - Append 2 dòng mới vào /opt/***/data/lake/VCB.csv
[2025-10-07T13:38:23.344+0000] {logging_mixin.py:190} INFO - ✅ Hoàn tất VCB, thêm 2 dòng mới.
[2025-10-07T13:38:25.345+0000] {logging_mixin.py:190} INFO - 🚦 Giới hạn API đạt mức tối đa, chờ 4.3s...
[2025-10-07T13:38:29.672+0000] {logging_mixin.py:190} INFO - ⬇️ Bắt đầu xử lý symbol = VCA
[2025-10-07T13:38:29.679+0000] {logging_mixin.py:190} INFO - ⚠️ Không đọc được file cũ VCA: 'date'
[2025-10-07T13:38:29.686+0000] {logging_mixin.py:190} INFO - VCA: trích dữ liệu từ 2025-10-04 đến 2025-10-07
[2025-10-07T13:38:29.949+0000] {logging_mixin.py:190} INFO - Trích xuất 2 dòng mới cho VCA
[2025-10-07T13:38:29.955+0000] {logging_mixin.py:190} INFO - Append 2 dòng mới vào /opt/***/data/lake/VCA.csv
[2025-10-07T13:38:29.955+0000] {logging_mixin.py:190} INFO - ✅ Hoàn tất VCA, thêm 2 dòng mới.
[2025-10-07T13:38:31.956+0000] {logging_mixin.py:190} INFO - 🚦 Giới hạn API đạt mức tối đa, chờ 3.5s...
[2025-10-07T13:38:35.504+0000] {logging_mixin.py:190} INFO - ⬇️ Bắt đầu xử lý symbol = VC9
[2025-10-07T13:38:35.514+0000] {logging_mixin.py:190} INFO - ⚠️ Không đọc được file cũ VC9: 'date'
[2025-10-07T13:38:35.520+0000] {logging_mixin.py:190} INFO - VC9: trích dữ liệu từ 2025-10-04 đến 2025-10-07
[2025-10-07T13:38:35.755+0000] {logging_mixin.py:190} INFO - Trích xuất 2 dòng mới cho VC9
[2025-10-07T13:38:35.762+0000] {logging_mixin.py:190} INFO - Append 2 dòng mới vào /opt/***/data/lake/VC9.csv
[2025-10-07T13:38:35.762+0000] {logging_mixin.py:190} INFO - ✅ Hoàn tất VC9, thêm 2 dòng mới.
[2025-10-07T13:38:37.764+0000] {logging_mixin.py:190} INFO - 🚦 Giới hạn API đạt mức tối đa, chờ 3.4s...
[2025-10-07T13:38:41.215+0000] {logging_mixin.py:190} INFO - ⬇️ Bắt đầu xử lý symbol = VC7
[2025-10-07T13:38:41.223+0000] {logging_mixin.py:190} INFO - ⚠️ Không đọc được file cũ VC7: 'date'
[2025-10-07T13:38:41.229+0000] {logging_mixin.py:190} INFO - VC7: trích dữ liệu từ 2025-10-04 đến 2025-10-07
[2025-10-07T13:38:41.463+0000] {logging_mixin.py:190} INFO - Trích xuất 2 dòng mới cho VC7
[2025-10-07T13:38:41.469+0000] {logging_mixin.py:190} INFO - Append 2 dòng mới vào /opt/***/data/lake/VC7.csv
[2025-10-07T13:38:41.469+0000] {logging_mixin.py:190} INFO - ✅ Hoàn tất VC7, thêm 2 dòng mới.
[2025-10-07T13:38:43.470+0000] {logging_mixin.py:190} INFO - 🚦 Giới hạn API đạt mức tối đa, chờ 2.4s...
[2025-10-07T13:38:45.874+0000] {logging_mixin.py:190} INFO - ⬇️ Bắt đầu xử lý symbol = VC6
[2025-10-07T13:38:45.883+0000] {logging_mixin.py:190} INFO - ⚠️ Không đọc được file cũ VC6: 'date'
[2025-10-07T13:38:45.890+0000] {logging_mixin.py:190} INFO - VC6: trích dữ liệu từ 2025-10-04 đến 2025-10-07
[2025-10-07T13:38:46.182+0000] {logging_mixin.py:190} INFO - Trích xuất 2 dòng mới cho VC6
[2025-10-07T13:38:46.189+0000] {logging_mixin.py:190} INFO - Append 2 dòng mới vào /opt/***/data/lake/VC6.csv
[2025-10-07T13:38:46.189+0000] {logging_mixin.py:190} INFO - ✅ Hoàn tất VC6, thêm 2 dòng mới.
[2025-10-07T13:38:48.190+0000] {logging_mixin.py:190} INFO - 🚦 Giới hạn API đạt mức tối đa, chờ 34.8s...
[2025-10-07T13:39:22.699+0000] {logging_mixin.py:190} INFO - ⬇️ Bắt đầu xử lý symbol = VC5
[2025-10-07T13:39:22.707+0000] {logging_mixin.py:190} INFO - ⚠️ Không đọc được file cũ VC5: 'date'
[2025-10-07T13:39:22.713+0000] {logging_mixin.py:190} INFO - VC5: trích dữ liệu từ 2025-05-31 đến 2025-10-07
[2025-10-07T13:39:27.330+0000] {logging_mixin.py:190} INFO - Không tìm thấy dữ liệu cho VC5
[2025-10-07T13:39:27.331+0000] {logging_mixin.py:190} INFO - ℹ️ VC5: Không có dữ liệu mới.
[2025-10-07T13:39:27.332+0000] {logging_mixin.py:190} INFO - 🚦 Giới hạn API đạt mức tối đa, chờ 2.3s...
[2025-10-07T13:39:29.673+0000] {logging_mixin.py:190} INFO - ⬇️ Bắt đầu xử lý symbol = VC3
[2025-10-07T13:39:29.690+0000] {logging_mixin.py:190} INFO - ⚠️ Không đọc được file cũ VC3: 'date'
[2025-10-07T13:39:29.697+0000] {logging_mixin.py:190} INFO - VC3: trích dữ liệu từ 2025-10-04 đến 2025-10-07
[2025-10-07T13:39:29.960+0000] {logging_mixin.py:190} INFO - Trích xuất 2 dòng mới cho VC3
[2025-10-07T13:39:29.966+0000] {logging_mixin.py:190} INFO - Append 2 dòng mới vào /opt/***/data/lake/VC3.csv
[2025-10-07T13:39:29.966+0000] {logging_mixin.py:190} INFO - ✅ Hoàn tất VC3, thêm 2 dòng mới.
[2025-10-07T13:39:31.967+0000] {logging_mixin.py:190} INFO - 🚦 Giới hạn API đạt mức tối đa, chờ 3.5s...
[2025-10-07T13:39:35.506+0000] {logging_mixin.py:190} INFO - ⬇️ Bắt đầu xử lý symbol = VC2
[2025-10-07T13:39:35.513+0000] {logging_mixin.py:190} INFO - ⚠️ Không đọc được file cũ VC2: 'date'
[2025-10-07T13:39:35.521+0000] {logging_mixin.py:190} INFO - VC2: trích dữ liệu từ 2025-10-04 đến 2025-10-07
[2025-10-07T13:39:35.829+0000] {logging_mixin.py:190} INFO - Trích xuất 2 dòng mới cho VC2
[2025-10-07T13:39:35.837+0000] {logging_mixin.py:190} INFO - Append 2 dòng mới vào /opt/***/data/lake/VC2.csv
[2025-10-07T13:39:35.838+0000] {logging_mixin.py:190} INFO - ✅ Hoàn tất VC2, thêm 2 dòng mới.
[2025-10-07T13:39:37.839+0000] {logging_mixin.py:190} INFO - 🚦 Giới hạn API đạt mức tối đa, chờ 3.4s...
[2025-10-07T13:39:41.216+0000] {logging_mixin.py:190} INFO - ⬇️ Bắt đầu xử lý symbol = VC1
[2025-10-07T13:39:41.223+0000] {logging_mixin.py:190} INFO - ⚠️ Không đọc được file cũ VC1: 'date'
[2025-10-07T13:39:41.230+0000] {logging_mixin.py:190} INFO - VC1: trích dữ liệu từ 2025-10-04 đến 2025-10-07
[2025-10-07T13:39:41.594+0000] {logging_mixin.py:190} INFO - Trích xuất 1 dòng mới cho VC1
[2025-10-07T13:39:41.601+0000] {logging_mixin.py:190} INFO - Append 1 dòng mới vào /opt/***/data/lake/VC1.csv
[2025-10-07T13:39:41.601+0000] {logging_mixin.py:190} INFO - ✅ Hoàn tất VC1, thêm 1 dòng mới.
[2025-10-07T13:39:43.602+0000] {logging_mixin.py:190} INFO - 🚦 Giới hạn API đạt mức tối đa, chờ 2.3s...
[2025-10-07T13:39:45.875+0000] {logging_mixin.py:190} INFO - ⬇️ Bắt đầu xử lý symbol = VBH
[2025-10-07T13:39:45.884+0000] {logging_mixin.py:190} INFO - ⚠️ Không đọc được file cũ VBH: 'date'
[2025-10-07T13:39:45.892+0000] {logging_mixin.py:190} INFO - VBH: trích dữ liệu từ 2025-10-04 đến 2025-10-07
[2025-10-07T13:39:50.575+0000] {logging_mixin.py:190} INFO - Không tìm thấy dữ liệu cho VBH
[2025-10-07T13:39:50.576+0000] {logging_mixin.py:190} INFO - ℹ️ VBH: Không có dữ liệu mới.
[2025-10-07T13:39:50.577+0000] {logging_mixin.py:190} INFO - 🚦 Giới hạn API đạt mức tối đa, chờ 32.1s...
[2025-10-07T13:40:22.407+0000] {logging_mixin.py:190} INFO - ⬇️ Bắt đầu xử lý symbol = VBG
[2025-10-07T13:40:22.427+0000] {logging_mixin.py:190} INFO - ⚠️ Không đọc được file cũ VBG: 'date'
[2025-10-07T13:40:22.434+0000] {logging_mixin.py:190} INFO - VBG: trích dữ liệu từ 2025-05-30 đến 2025-10-07
[2025-10-07T13:40:27.361+0000] {logging_mixin.py:190} INFO - Không tìm thấy dữ liệu cho VBG
[2025-10-07T13:40:27.362+0000] {logging_mixin.py:190} INFO - ℹ️ VBG: Không có dữ liệu mới.
[2025-10-07T13:40:27.363+0000] {logging_mixin.py:190} INFO - 🚦 Giới hạn API đạt mức tối đa, chờ 2.3s...
[2025-10-07T13:40:29.674+0000] {logging_mixin.py:190} INFO - ⬇️ Bắt đầu xử lý symbol = VBC
[2025-10-07T13:40:29.692+0000] {logging_mixin.py:190} INFO - ⚠️ Không đọc được file cũ VBC: 'date'
[2025-10-07T13:40:29.700+0000] {logging_mixin.py:190} INFO - VBC: trích dữ liệu từ 2025-10-04 đến 2025-10-07
[2025-10-07T13:40:29.906+0000] {logging_mixin.py:190} INFO - Trích xuất 2 dòng mới cho VBC
[2025-10-07T13:40:29.915+0000] {logging_mixin.py:190} INFO - Append 2 dòng mới vào /opt/***/data/lake/VBC.csv
[2025-10-07T13:40:29.915+0000] {logging_mixin.py:190} INFO - ✅ Hoàn tất VBC, thêm 2 dòng mới.
[2025-10-07T13:40:31.917+0000] {logging_mixin.py:190} INFO - 🚦 Giới hạn API đạt mức tối đa, chờ 3.6s...
[2025-10-07T13:40:35.507+0000] {logging_mixin.py:190} INFO - ⬇️ Bắt đầu xử lý symbol = VBB
[2025-10-07T13:40:35.525+0000] {logging_mixin.py:190} INFO - ⚠️ Không đọc được file cũ VBB: 'date'
[2025-10-07T13:40:35.532+0000] {logging_mixin.py:190} INFO - VBB: trích dữ liệu từ 2025-10-04 đến 2025-10-07
[2025-10-07T13:40:35.732+0000] {logging_mixin.py:190} INFO - Trích xuất 2 dòng mới cho VBB
[2025-10-07T13:40:35.740+0000] {logging_mixin.py:190} INFO - Append 2 dòng mới vào /opt/***/data/lake/VBB.csv
[2025-10-07T13:40:35.740+0000] {logging_mixin.py:190} INFO - ✅ Hoàn tất VBB, thêm 2 dòng mới.
[2025-10-07T13:40:37.741+0000] {logging_mixin.py:190} INFO - 🚦 Giới hạn API đạt mức tối đa, chờ 3.5s...
[2025-10-07T13:40:41.217+0000] {logging_mixin.py:190} INFO - ⬇️ Bắt đầu xử lý symbol = VAV
[2025-10-07T13:40:41.235+0000] {logging_mixin.py:190} INFO - ⚠️ Không đọc được file cũ VAV: 'date'
[2025-10-07T13:40:41.243+0000] {logging_mixin.py:190} INFO - VAV: trích dữ liệu từ 2025-10-02 đến 2025-10-07
[2025-10-07T13:40:41.432+0000] {logging_mixin.py:190} INFO - Trích xuất 2 dòng mới cho VAV
[2025-10-07T13:40:41.438+0000] {logging_mixin.py:190} INFO - Append 2 dòng mới vào /opt/***/data/lake/VAV.csv
[2025-10-07T13:40:41.439+0000] {logging_mixin.py:190} INFO - ✅ Hoàn tất VAV, thêm 2 dòng mới.
[2025-10-07T13:40:43.440+0000] {logging_mixin.py:190} INFO - 🚦 Giới hạn API đạt mức tối đa, chờ 2.4s...
[2025-10-07T13:40:45.876+0000] {logging_mixin.py:190} INFO - ⬇️ Bắt đầu xử lý symbol = VAT
[2025-10-07T13:40:45.891+0000] {logging_mixin.py:190} INFO - ⚠️ Không đọc được file cũ VAT: 'date'
[2025-10-07T13:40:45.897+0000] {logging_mixin.py:190} INFO - VAT: trích dữ liệu từ 2023-02-25 đến 2025-10-07
[2025-10-07T13:40:50.564+0000] {logging_mixin.py:190} INFO - Không tìm thấy dữ liệu cho VAT
[2025-10-07T13:40:50.566+0000] {logging_mixin.py:190} INFO - ℹ️ VAT: Không có dữ liệu mới.
[2025-10-07T13:40:50.566+0000] {logging_mixin.py:190} INFO - 🚦 Giới hạn API đạt mức tối đa, chờ 31.8s...
[2025-10-07T13:41:22.111+0000] {logging_mixin.py:190} INFO - ⬇️ Bắt đầu xử lý symbol = VAF
[2025-10-07T13:41:22.130+0000] {logging_mixin.py:190} INFO - ⚠️ Không đọc được file cũ VAF: 'date'
[2025-10-07T13:41:22.136+0000] {logging_mixin.py:190} INFO - VAF: trích dữ liệu từ 2025-10-02 đến 2025-10-07
[2025-10-07T13:41:22.368+0000] {logging_mixin.py:190} INFO - Trích xuất 1 dòng mới cho VAF
[2025-10-07T13:41:22.374+0000] {logging_mixin.py:190} INFO - Append 1 dòng mới vào /opt/***/data/lake/VAF.csv
[2025-10-07T13:41:22.374+0000] {logging_mixin.py:190} INFO - ✅ Hoàn tất VAF, thêm 1 dòng mới.
[2025-10-07T13:41:24.375+0000] {logging_mixin.py:190} INFO - 🚦 Giới hạn API đạt mức tối đa, chờ 5.3s...
[2025-10-07T13:41:29.675+0000] {logging_mixin.py:190} INFO - ⬇️ Bắt đầu xử lý symbol = VAB
[2025-10-07T13:41:29.692+0000] {logging_mixin.py:190} INFO - ⚠️ Không đọc được file cũ VAB: 'date'
[2025-10-07T13:41:29.699+0000] {logging_mixin.py:190} INFO - VAB: trích dữ liệu từ 2025-10-04 đến 2025-10-07
[2025-10-07T13:41:29.865+0000] {logging_mixin.py:190} INFO - Trích xuất 2 dòng mới cho VAB
[2025-10-07T13:41:29.871+0000] {logging_mixin.py:190} INFO - Append 2 dòng mới vào /opt/***/data/lake/VAB.csv
[2025-10-07T13:41:29.872+0000] {logging_mixin.py:190} INFO - ✅ Hoàn tất VAB, thêm 2 dòng mới.
[2025-10-07T13:41:31.874+0000] {logging_mixin.py:190} INFO - 🚦 Giới hạn API đạt mức tối đa, chờ 3.6s...
[2025-10-07T13:41:35.509+0000] {logging_mixin.py:190} INFO - ⬇️ Bắt đầu xử lý symbol = V21
[2025-10-07T13:41:35.529+0000] {logging_mixin.py:190} INFO - ⚠️ Không đọc được file cũ V21: 'date'
[2025-10-07T13:41:35.536+0000] {logging_mixin.py:190} INFO - V21: trích dữ liệu từ 2025-10-04 đến 2025-10-07
[2025-10-07T13:41:35.800+0000] {logging_mixin.py:190} INFO - Trích xuất 1 dòng mới cho V21
[2025-10-07T13:41:35.808+0000] {logging_mixin.py:190} INFO - Append 1 dòng mới vào /opt/***/data/lake/V21.csv
[2025-10-07T13:41:35.808+0000] {logging_mixin.py:190} INFO - ✅ Hoàn tất V21, thêm 1 dòng mới.
[2025-10-07T13:41:37.812+0000] {logging_mixin.py:190} INFO - 🚦 Giới hạn API đạt mức tối đa, chờ 3.4s...
[2025-10-07T13:41:41.219+0000] {logging_mixin.py:190} INFO - ⬇️ Bắt đầu xử lý symbol = V15
[2025-10-07T13:41:41.235+0000] {logging_mixin.py:190} INFO - ⚠️ Không đọc được file cũ V15: 'date'
[2025-10-07T13:41:41.241+0000] {logging_mixin.py:190} INFO - V15: trích dữ liệu từ 2024-07-26 đến 2025-10-07
[2025-10-07T13:41:46.882+0000] {logging_mixin.py:190} INFO - Không tìm thấy dữ liệu cho V15
[2025-10-07T13:41:46.883+0000] {logging_mixin.py:190} INFO - ℹ️ V15: Không có dữ liệu mới.
[2025-10-07T13:41:46.884+0000] {logging_mixin.py:190} INFO - ⬇️ Bắt đầu xử lý symbol = V12
[2025-10-07T13:41:46.899+0000] {logging_mixin.py:190} INFO - ⚠️ Không đọc được file cũ V12: 'date'
[2025-10-07T13:41:46.906+0000] {logging_mixin.py:190} INFO - V12: trích dữ liệu từ 2025-10-04 đến 2025-10-07
[2025-10-07T13:41:47.110+0000] {logging_mixin.py:190} INFO - Trích xuất 2 dòng mới cho V12
[2025-10-07T13:41:47.116+0000] {logging_mixin.py:190} INFO - Append 2 dòng mới vào /opt/***/data/lake/V12.csv
[2025-10-07T13:41:47.117+0000] {logging_mixin.py:190} INFO - ✅ Hoàn tất V12, thêm 2 dòng mới.
[2025-10-07T13:41:49.117+0000] {python.py:240} INFO - Done. Returned value was: None
[2025-10-07T13:41:49.126+0000] {taskinstance.py:341} INFO - ::group::Post task execution logs
[2025-10-07T13:41:49.127+0000] {taskinstance.py:353} INFO - Marking task as SUCCESS. dag_id=vnstock_weekly_etl_incremental, task_id=process_batch, run_id=manual__2025-10-07T10:44:44.201464+00:00, map_index=3, execution_date=20251007T104444, start_date=20251007T133223, end_date=20251007T134149
[2025-10-07T13:41:49.187+0000] {local_task_job_runner.py:266} INFO - Task exited with return code 0
[2025-10-07T13:41:49.331+0000] {taskinstance.py:3901} INFO - 0 downstream tasks scheduled from follow-on schedule check
[2025-10-07T13:41:49.334+0000] {local_task_job_runner.py:245} INFO - ::endgroup::
