[2025-10-07T10:36:55.887+0000] {local_task_job_runner.py:123} INFO - ::group::Pre task execution logs
[2025-10-07T10:36:55.921+0000] {taskinstance.py:2614} INFO - Dependencies all met for dep_context=non-requeueable deps ti=<TaskInstance: vnstock_weekly_etl_incremental.process_batch manual__2025-10-07T10:36:05.597506+00:00 map_index=26 [queued]>
[2025-10-07T10:36:55.939+0000] {taskinstance.py:2614} INFO - Dependencies all met for dep_context=requeueable deps ti=<TaskInstance: vnstock_weekly_etl_incremental.process_batch manual__2025-10-07T10:36:05.597506+00:00 map_index=26 [queued]>
[2025-10-07T10:36:55.940+0000] {taskinstance.py:2867} INFO - Starting attempt 1 of 3
[2025-10-07T10:36:55.959+0000] {taskinstance.py:2890} INFO - Executing <Mapped(_PythonDecoratedOperator): process_batch> on 2025-10-07 10:36:05.597506+00:00
[2025-10-07T10:36:55.974+0000] {logging_mixin.py:190} WARNING - /home/***/.local/lib/python3.12/site-packages/***/task/task_runner/standard_task_runner.py:70 DeprecationWarning: This process (pid=3044) is multi-threaded, use of fork() may lead to deadlocks in the child.
[2025-10-07T10:36:55.976+0000] {standard_task_runner.py:72} INFO - Started process 3098 to run task
[2025-10-07T10:36:55.974+0000] {standard_task_runner.py:104} INFO - Running: ['***', 'tasks', 'run', 'vnstock_weekly_etl_incremental', 'process_batch', 'manual__2025-10-07T10:36:05.597506+00:00', '--job-id', '108', '--raw', '--subdir', 'DAGS_FOLDER/dag.py', '--cfg-path', '/tmp/tmp4fkfy8lh', '--map-index', '26']
[2025-10-07T10:36:55.977+0000] {standard_task_runner.py:105} INFO - Job 108: Subtask process_batch
[2025-10-07T10:36:55.997+0000] {logging_mixin.py:190} WARNING - /home/***/.local/lib/python3.12/site-packages/***/settings.py:209 DeprecationWarning: The sql_alchemy_conn option in [core] has been moved to the sql_alchemy_conn option in [database] - the old setting has been used, but please update your config.
[2025-10-07T10:36:56.395+0000] {task_command.py:467} INFO - Running <TaskInstance: vnstock_weekly_etl_incremental.process_batch manual__2025-10-07T10:36:05.597506+00:00 map_index=26 [running]> on host e3278e0f0bbc
[2025-10-07T10:36:56.531+0000] {taskinstance.py:3134} INFO - Exporting env vars: AIRFLOW_CTX_DAG_OWNER='***' AIRFLOW_CTX_DAG_ID='vnstock_weekly_etl_incremental' AIRFLOW_CTX_TASK_ID='process_batch' AIRFLOW_CTX_EXECUTION_DATE='2025-10-07T10:36:05.597506+00:00' AIRFLOW_CTX_TRY_NUMBER='1' AIRFLOW_CTX_DAG_RUN_ID='manual__2025-10-07T10:36:05.597506+00:00'
[2025-10-07T10:36:56.533+0000] {taskinstance.py:732} INFO - ::endgroup::
[2025-10-07T10:36:56.537+0000] {logging_mixin.py:190} INFO - ⬇️ Xử lý symbol = DTG
[2025-10-07T10:36:56.585+0000] {logging_mixin.py:190} INFO - DTG: trích dữ liệu từ 2025-10-04 đến 2025-10-07
[2025-10-07T10:36:56.784+0000] {logging_mixin.py:190} INFO - Trích xuất 2 dòng mới cho DTG
[2025-10-07T10:36:56.801+0000] {logging_mixin.py:190} INFO - Append 2 dòng mới vào /opt/***/data/lake/DTG.csv
[2025-10-07T10:36:58.802+0000] {logging_mixin.py:190} INFO - ⬇️ Xử lý symbol = DTE
[2025-10-07T10:36:58.831+0000] {logging_mixin.py:190} INFO - DTE: trích dữ liệu từ 2025-04-26 đến 2025-10-07
[2025-10-07T10:37:03.445+0000] {logging_mixin.py:190} INFO - Không tìm thấy dữ liệu cho DTE
[2025-10-07T10:37:03.446+0000] {logging_mixin.py:190} INFO - Không có dữ liệu mới cho DTE
[2025-10-07T10:37:05.447+0000] {logging_mixin.py:190} INFO - ⬇️ Xử lý symbol = DTD
[2025-10-07T10:37:05.474+0000] {logging_mixin.py:190} INFO - DTD: trích dữ liệu từ 2025-10-04 đến 2025-10-07
[2025-10-07T10:37:05.707+0000] {logging_mixin.py:190} INFO - Trích xuất 2 dòng mới cho DTD
[2025-10-07T10:37:05.714+0000] {logging_mixin.py:190} INFO - Append 2 dòng mới vào /opt/***/data/lake/DTD.csv
[2025-10-07T10:37:07.714+0000] {logging_mixin.py:190} INFO - ⬇️ Xử lý symbol = DTC
[2025-10-07T10:37:07.734+0000] {logging_mixin.py:190} INFO - DTC: trích dữ liệu từ 2025-10-04 đến 2025-10-07
[2025-10-07T10:37:07.906+0000] {logging_mixin.py:190} INFO - Trích xuất 2 dòng mới cho DTC
[2025-10-07T10:37:07.915+0000] {logging_mixin.py:190} INFO - Append 2 dòng mới vào /opt/***/data/lake/DTC.csv
[2025-10-07T10:37:09.916+0000] {logging_mixin.py:190} INFO - ⬇️ Xử lý symbol = DTB
[2025-10-07T10:37:09.936+0000] {logging_mixin.py:190} INFO - DTB: trích dữ liệu từ 2025-08-06 đến 2025-10-07
[2025-10-07T10:37:14.592+0000] {logging_mixin.py:190} INFO - Không tìm thấy dữ liệu cho DTB
[2025-10-07T10:37:14.594+0000] {logging_mixin.py:190} INFO - Không có dữ liệu mới cho DTB
[2025-10-07T10:37:16.594+0000] {logging_mixin.py:190} INFO - ⚠️ Lỗi khi xử lý DTA: Bucket for item=vnstock with Rate limit=5/1.0m is already full
[2025-10-07T10:37:16.595+0000] {logging_mixin.py:190} INFO - ⚠️ Lỗi khi xử lý DT4: Bucket for item=vnstock with Rate limit=5/1.0m is already full
[2025-10-07T10:37:16.596+0000] {logging_mixin.py:190} INFO - ⚠️ Lỗi khi xử lý DSV: Bucket for item=vnstock with Rate limit=5/1.0m is already full
[2025-10-07T10:37:16.596+0000] {logging_mixin.py:190} INFO - ⚠️ Lỗi khi xử lý DST: Bucket for item=vnstock with Rate limit=5/1.0m is already full
[2025-10-07T10:37:16.596+0000] {logging_mixin.py:190} INFO - ⚠️ Lỗi khi xử lý DSP: Bucket for item=vnstock with Rate limit=5/1.0m is already full
[2025-10-07T10:37:16.597+0000] {logging_mixin.py:190} INFO - ⚠️ Lỗi khi xử lý DSN: Bucket for item=vnstock with Rate limit=5/1.0m is already full
[2025-10-07T10:37:16.597+0000] {logging_mixin.py:190} INFO - ⚠️ Lỗi khi xử lý DSH: Bucket for item=vnstock with Rate limit=5/1.0m is already full
[2025-10-07T10:37:16.598+0000] {logging_mixin.py:190} INFO - ⚠️ Lỗi khi xử lý DSG: Bucket for item=vnstock with Rate limit=5/1.0m is already full
[2025-10-07T10:37:16.598+0000] {logging_mixin.py:190} INFO - ⚠️ Lỗi khi xử lý DSE: Bucket for item=vnstock with Rate limit=5/1.0m is already full
[2025-10-07T10:37:16.599+0000] {logging_mixin.py:190} INFO - ⚠️ Lỗi khi xử lý DSD: Bucket for item=vnstock with Rate limit=5/1.0m is already full
[2025-10-07T10:37:16.599+0000] {logging_mixin.py:190} INFO - ⚠️ Lỗi khi xử lý DSC: Bucket for item=vnstock with Rate limit=5/1.0m is already full
[2025-10-07T10:37:16.599+0000] {logging_mixin.py:190} INFO - ⚠️ Lỗi khi xử lý DS3: Bucket for item=vnstock with Rate limit=5/1.0m is already full
[2025-10-07T10:37:16.600+0000] {logging_mixin.py:190} INFO - ⚠️ Lỗi khi xử lý DRL: Bucket for item=vnstock with Rate limit=5/1.0m is already full
[2025-10-07T10:37:16.600+0000] {logging_mixin.py:190} INFO - ⚠️ Lỗi khi xử lý DRI: Bucket for item=vnstock with Rate limit=5/1.0m is already full
[2025-10-07T10:37:16.601+0000] {logging_mixin.py:190} INFO - ⚠️ Lỗi khi xử lý DRH: Bucket for item=vnstock with Rate limit=5/1.0m is already full
[2025-10-07T10:37:16.601+0000] {logging_mixin.py:190} INFO - ⚠️ Lỗi khi xử lý DRG: Bucket for item=vnstock with Rate limit=5/1.0m is already full
[2025-10-07T10:37:16.601+0000] {logging_mixin.py:190} INFO - ⚠️ Lỗi khi xử lý DRC: Bucket for item=vnstock with Rate limit=5/1.0m is already full
[2025-10-07T10:37:16.602+0000] {logging_mixin.py:190} INFO - ⚠️ Lỗi khi xử lý DQC: Bucket for item=vnstock with Rate limit=5/1.0m is already full
[2025-10-07T10:37:16.602+0000] {logging_mixin.py:190} INFO - ⚠️ Lỗi khi xử lý DPS: Bucket for item=vnstock with Rate limit=5/1.0m is already full
[2025-10-07T10:37:16.602+0000] {logging_mixin.py:190} INFO - ⚠️ Lỗi khi xử lý DPR: Bucket for item=vnstock with Rate limit=5/1.0m is already full
[2025-10-07T10:37:16.602+0000] {logging_mixin.py:190} INFO - ⚠️ Lỗi khi xử lý DPP: Bucket for item=vnstock with Rate limit=5/1.0m is already full
[2025-10-07T10:37:16.603+0000] {logging_mixin.py:190} INFO - ⚠️ Lỗi khi xử lý DPM: Bucket for item=vnstock with Rate limit=5/1.0m is already full
[2025-10-07T10:37:16.603+0000] {logging_mixin.py:190} INFO - ⚠️ Lỗi khi xử lý DPH: Bucket for item=vnstock with Rate limit=5/1.0m is already full
[2025-10-07T10:37:16.603+0000] {logging_mixin.py:190} INFO - ⚠️ Lỗi khi xử lý DPG: Bucket for item=vnstock with Rate limit=5/1.0m is already full
[2025-10-07T10:37:16.604+0000] {logging_mixin.py:190} INFO - ⚠️ Lỗi khi xử lý DPD: Bucket for item=vnstock with Rate limit=5/1.0m is already full
[2025-10-07T10:37:16.604+0000] {logging_mixin.py:190} INFO - ⚠️ Lỗi khi xử lý DPC: Bucket for item=vnstock with Rate limit=5/1.0m is already full
[2025-10-07T10:37:16.604+0000] {logging_mixin.py:190} INFO - ⚠️ Lỗi khi xử lý DP3: Bucket for item=vnstock with Rate limit=5/1.0m is already full
[2025-10-07T10:37:16.605+0000] {logging_mixin.py:190} INFO - ⚠️ Lỗi khi xử lý DP2: Bucket for item=vnstock with Rate limit=5/1.0m is already full
[2025-10-07T10:37:16.605+0000] {logging_mixin.py:190} INFO - ⚠️ Lỗi khi xử lý DP1: Bucket for item=vnstock with Rate limit=5/1.0m is already full
[2025-10-07T10:37:16.605+0000] {logging_mixin.py:190} INFO - ⚠️ Lỗi khi xử lý DOP: Bucket for item=vnstock with Rate limit=5/1.0m is already full
[2025-10-07T10:37:16.606+0000] {logging_mixin.py:190} INFO - ⚠️ Lỗi khi xử lý DOC: Bucket for item=vnstock with Rate limit=5/1.0m is already full
[2025-10-07T10:37:16.606+0000] {logging_mixin.py:190} INFO - ⚠️ Lỗi khi xử lý DNW: Bucket for item=vnstock with Rate limit=5/1.0m is already full
[2025-10-07T10:37:16.606+0000] {logging_mixin.py:190} INFO - ⚠️ Lỗi khi xử lý DNT: Bucket for item=vnstock with Rate limit=5/1.0m is already full
[2025-10-07T10:37:16.607+0000] {logging_mixin.py:190} INFO - ⚠️ Lỗi khi xử lý DNP: Bucket for item=vnstock with Rate limit=5/1.0m is already full
[2025-10-07T10:37:16.607+0000] {logging_mixin.py:190} INFO - ⚠️ Lỗi khi xử lý DNN: Bucket for item=vnstock with Rate limit=5/1.0m is already full
[2025-10-07T10:37:16.607+0000] {logging_mixin.py:190} INFO - ⚠️ Lỗi khi xử lý DNM: Bucket for item=vnstock with Rate limit=5/1.0m is already full
[2025-10-07T10:37:16.607+0000] {logging_mixin.py:190} INFO - ⚠️ Lỗi khi xử lý DNL: Bucket for item=vnstock with Rate limit=5/1.0m is already full
[2025-10-07T10:37:16.608+0000] {logging_mixin.py:190} INFO - ⚠️ Lỗi khi xử lý DNH: Bucket for item=vnstock with Rate limit=5/1.0m is already full
[2025-10-07T10:37:16.608+0000] {logging_mixin.py:190} INFO - ⚠️ Lỗi khi xử lý DNE: Bucket for item=vnstock with Rate limit=5/1.0m is already full
[2025-10-07T10:37:16.608+0000] {logging_mixin.py:190} INFO - ⚠️ Lỗi khi xử lý DND: Bucket for item=vnstock with Rate limit=5/1.0m is already full
[2025-10-07T10:37:16.608+0000] {logging_mixin.py:190} INFO - ⚠️ Lỗi khi xử lý DNC: Bucket for item=vnstock with Rate limit=5/1.0m is already full
[2025-10-07T10:37:16.609+0000] {logging_mixin.py:190} INFO - ⚠️ Lỗi khi xử lý DNB: Bucket for item=vnstock with Rate limit=5/1.0m is already full
[2025-10-07T10:37:16.609+0000] {logging_mixin.py:190} INFO - ⚠️ Lỗi khi xử lý DNA: Bucket for item=vnstock with Rate limit=5/1.0m is already full
[2025-10-07T10:37:16.609+0000] {logging_mixin.py:190} INFO - ⚠️ Lỗi khi xử lý DMS: Bucket for item=vnstock with Rate limit=5/1.0m is already full
[2025-10-07T10:37:16.609+0000] {logging_mixin.py:190} INFO - ⚠️ Lỗi khi xử lý DMN: Bucket for item=vnstock with Rate limit=5/1.0m is already full
[2025-10-07T10:37:16.610+0000] {python.py:240} INFO - Done. Returned value was: None
[2025-10-07T10:37:16.617+0000] {taskinstance.py:341} INFO - ::group::Post task execution logs
[2025-10-07T10:37:16.617+0000] {taskinstance.py:353} INFO - Marking task as SUCCESS. dag_id=vnstock_weekly_etl_incremental, task_id=process_batch, run_id=manual__2025-10-07T10:36:05.597506+00:00, map_index=26, execution_date=20251007T103605, start_date=20251007T103655, end_date=20251007T103716
[2025-10-07T10:37:16.688+0000] {local_task_job_runner.py:266} INFO - Task exited with return code 0
[2025-10-07T10:37:16.701+0000] {taskinstance.py:3901} INFO - 0 downstream tasks scheduled from follow-on schedule check
[2025-10-07T10:37:16.707+0000] {local_task_job_runner.py:245} INFO - ::endgroup::
