[2025-10-07T12:35:22.937+0000] {local_task_job_runner.py:123} INFO - ::group::Pre task execution logs
[2025-10-07T12:35:22.956+0000] {taskinstance.py:2614} INFO - Dependencies all met for dep_context=non-requeueable deps ti=<TaskInstance: vnstock_weekly_etl_incremental.process_batch manual__2025-10-07T10:43:54.222487+00:00 map_index=14 [queued]>
[2025-10-07T12:35:22.966+0000] {taskinstance.py:2614} INFO - Dependencies all met for dep_context=requeueable deps ti=<TaskInstance: vnstock_weekly_etl_incremental.process_batch manual__2025-10-07T10:43:54.222487+00:00 map_index=14 [queued]>
[2025-10-07T12:35:22.967+0000] {taskinstance.py:2867} INFO - Starting attempt 1 of 3
[2025-10-07T12:35:22.978+0000] {taskinstance.py:2890} INFO - Executing <Mapped(_PythonDecoratedOperator): process_batch> on 2025-10-07 10:43:54.222487+00:00
[2025-10-07T12:35:22.987+0000] {logging_mixin.py:190} WARNING - /home/***/.local/lib/python3.12/site-packages/***/task/task_runner/standard_task_runner.py:70 DeprecationWarning: This process (pid=13262) is multi-threaded, use of fork() may lead to deadlocks in the child.
[2025-10-07T12:35:22.988+0000] {standard_task_runner.py:72} INFO - Started process 13272 to run task
[2025-10-07T12:35:22.987+0000] {standard_task_runner.py:104} INFO - Running: ['***', 'tasks', 'run', 'vnstock_weekly_etl_incremental', 'process_batch', 'manual__2025-10-07T10:43:54.222487+00:00', '--job-id', '173', '--raw', '--subdir', 'DAGS_FOLDER/dag.py', '--cfg-path', '/tmp/tmp9eid6c5p', '--map-index', '14']
[2025-10-07T12:35:22.990+0000] {standard_task_runner.py:105} INFO - Job 173: Subtask process_batch
[2025-10-07T12:35:23.003+0000] {logging_mixin.py:190} WARNING - /home/***/.local/lib/python3.12/site-packages/***/settings.py:209 DeprecationWarning: The sql_alchemy_conn option in [core] has been moved to the sql_alchemy_conn option in [database] - the old setting has been used, but please update your config.
[2025-10-07T12:35:23.046+0000] {task_command.py:467} INFO - Running <TaskInstance: vnstock_weekly_etl_incremental.process_batch manual__2025-10-07T10:43:54.222487+00:00 map_index=14 [running]> on host e3278e0f0bbc
[2025-10-07T12:35:23.279+0000] {taskinstance.py:3134} INFO - Exporting env vars: AIRFLOW_CTX_DAG_OWNER='***' AIRFLOW_CTX_DAG_ID='vnstock_weekly_etl_incremental' AIRFLOW_CTX_TASK_ID='process_batch' AIRFLOW_CTX_EXECUTION_DATE='2025-10-07T10:43:54.222487+00:00' AIRFLOW_CTX_TRY_NUMBER='1' AIRFLOW_CTX_DAG_RUN_ID='manual__2025-10-07T10:43:54.222487+00:00'
[2025-10-07T12:35:23.281+0000] {taskinstance.py:732} INFO - ::endgroup::
[2025-10-07T12:35:23.283+0000] {logging_mixin.py:190} INFO - ⬇️ Bắt đầu xử lý symbol = PGN
[2025-10-07T12:35:23.294+0000] {logging_mixin.py:190} INFO - ⚠️ Không đọc được file cũ PGN: 'date'
[2025-10-07T12:35:23.303+0000] {logging_mixin.py:190} INFO - PGN: trích dữ liệu từ 2025-10-08 đến 2025-10-07
[2025-10-07T12:35:27.790+0000] {logging_mixin.py:190} INFO - Không tìm thấy dữ liệu cho PGN
[2025-10-07T12:35:27.792+0000] {logging_mixin.py:190} INFO - ℹ️ PGN: Không có dữ liệu mới.
[2025-10-07T12:35:27.793+0000] {logging_mixin.py:190} INFO - ⬇️ Bắt đầu xử lý symbol = PGI
[2025-10-07T12:35:27.801+0000] {logging_mixin.py:190} INFO - ⚠️ Không đọc được file cũ PGI: 'date'
[2025-10-07T12:35:27.808+0000] {logging_mixin.py:190} INFO - PGI: trích dữ liệu từ 2025-10-08 đến 2025-10-07
[2025-10-07T12:35:32.414+0000] {logging_mixin.py:190} INFO - Không tìm thấy dữ liệu cho PGI
[2025-10-07T12:35:32.416+0000] {logging_mixin.py:190} INFO - ℹ️ PGI: Không có dữ liệu mới.
[2025-10-07T12:35:32.417+0000] {logging_mixin.py:190} INFO - ⬇️ Bắt đầu xử lý symbol = PGD
[2025-10-07T12:35:32.424+0000] {logging_mixin.py:190} INFO - ⚠️ Không đọc được file cũ PGD: 'date'
[2025-10-07T12:35:32.431+0000] {logging_mixin.py:190} INFO - PGD: trích dữ liệu từ 2025-10-07 đến 2025-10-07
[2025-10-07T12:35:37.022+0000] {logging_mixin.py:190} INFO - Không tìm thấy dữ liệu cho PGD
[2025-10-07T12:35:37.024+0000] {logging_mixin.py:190} INFO - ℹ️ PGD: Không có dữ liệu mới.
[2025-10-07T12:35:37.025+0000] {logging_mixin.py:190} INFO - ⬇️ Bắt đầu xử lý symbol = PGC
[2025-10-07T12:35:37.033+0000] {logging_mixin.py:190} INFO - ⚠️ Không đọc được file cũ PGC: 'date'
[2025-10-07T12:35:37.040+0000] {logging_mixin.py:190} INFO - PGC: trích dữ liệu từ 2025-10-08 đến 2025-10-07
[2025-10-07T12:35:41.670+0000] {logging_mixin.py:190} INFO - Không tìm thấy dữ liệu cho PGC
[2025-10-07T12:35:41.671+0000] {logging_mixin.py:190} INFO - ℹ️ PGC: Không có dữ liệu mới.
[2025-10-07T12:35:41.672+0000] {logging_mixin.py:190} INFO - ⬇️ Bắt đầu xử lý symbol = PGB
[2025-10-07T12:35:41.680+0000] {logging_mixin.py:190} INFO - ⚠️ Không đọc được file cũ PGB: 'date'
[2025-10-07T12:35:41.686+0000] {logging_mixin.py:190} INFO - PGB: trích dữ liệu từ 2025-10-08 đến 2025-10-07
[2025-10-07T12:35:46.227+0000] {logging_mixin.py:190} INFO - Không tìm thấy dữ liệu cho PGB
[2025-10-07T12:35:46.228+0000] {logging_mixin.py:190} INFO - ℹ️ PGB: Không có dữ liệu mới.
[2025-10-07T12:35:46.229+0000] {logging_mixin.py:190} INFO - 🚦 Giới hạn API đạt mức tối đa, chờ 37.1s...
[2025-10-07T12:36:23.300+0000] {logging_mixin.py:190} INFO - ⬇️ Bắt đầu xử lý symbol = PFL
[2025-10-07T12:36:23.308+0000] {logging_mixin.py:190} INFO - ⚠️ Không đọc được file cũ PFL: 'date'
[2025-10-07T12:36:23.314+0000] {logging_mixin.py:190} INFO - PFL: trích dữ liệu từ 2025-10-04 đến 2025-10-07
[2025-10-07T12:36:23.498+0000] {logging_mixin.py:190} INFO - Trích xuất 2 dòng mới cho PFL
[2025-10-07T12:36:23.506+0000] {logging_mixin.py:190} INFO - Append 2 dòng mới vào /opt/***/data/lake/PFL.csv
[2025-10-07T12:36:23.506+0000] {logging_mixin.py:190} INFO - ✅ Hoàn tất PFL, thêm 2 dòng mới.
[2025-10-07T12:36:25.508+0000] {logging_mixin.py:190} INFO - 🚦 Giới hạn API đạt mức tối đa, chờ 2.3s...
[2025-10-07T12:36:27.794+0000] {logging_mixin.py:190} INFO - ⬇️ Bắt đầu xử lý symbol = PET
[2025-10-07T12:36:27.805+0000] {logging_mixin.py:190} INFO - ⚠️ Không đọc được file cũ PET: 'date'
[2025-10-07T12:36:27.813+0000] {logging_mixin.py:190} INFO - PET: trích dữ liệu từ 2025-10-04 đến 2025-10-07
[2025-10-07T12:36:28.077+0000] {logging_mixin.py:190} INFO - Trích xuất 2 dòng mới cho PET
[2025-10-07T12:36:28.083+0000] {logging_mixin.py:190} INFO - Append 2 dòng mới vào /opt/***/data/lake/PET.csv
[2025-10-07T12:36:28.083+0000] {logging_mixin.py:190} INFO - ✅ Hoàn tất PET, thêm 2 dòng mới.
[2025-10-07T12:36:30.084+0000] {logging_mixin.py:190} INFO - 🚦 Giới hạn API đạt mức tối đa, chờ 2.3s...
[2025-10-07T12:36:32.418+0000] {logging_mixin.py:190} INFO - ⬇️ Bắt đầu xử lý symbol = PEQ
[2025-10-07T12:36:32.426+0000] {logging_mixin.py:190} INFO - ⚠️ Không đọc được file cũ PEQ: 'date'
[2025-10-07T12:36:32.432+0000] {logging_mixin.py:190} INFO - PEQ: trích dữ liệu từ 2025-10-04 đến 2025-10-07
[2025-10-07T12:36:37.015+0000] {logging_mixin.py:190} INFO - Không tìm thấy dữ liệu cho PEQ
[2025-10-07T12:36:37.016+0000] {logging_mixin.py:190} INFO - ℹ️ PEQ: Không có dữ liệu mới.
[2025-10-07T12:36:37.017+0000] {logging_mixin.py:190} INFO - 🚦 Giới hạn API đạt mức tối đa, chờ 0.0s...
[2025-10-07T12:36:37.025+0000] {logging_mixin.py:190} INFO - ⬇️ Bắt đầu xử lý symbol = PEN
[2025-10-07T12:36:37.038+0000] {logging_mixin.py:190} INFO - ⚠️ Không đọc được file cũ PEN: 'date'
[2025-10-07T12:36:37.044+0000] {logging_mixin.py:190} INFO - PEN: trích dữ liệu từ 2025-10-01 đến 2025-10-07
[2025-10-07T12:36:41.877+0000] {logging_mixin.py:190} INFO - Không tìm thấy dữ liệu cho PEN
[2025-10-07T12:36:41.879+0000] {logging_mixin.py:190} INFO - ℹ️ PEN: Không có dữ liệu mới.
[2025-10-07T12:36:41.880+0000] {logging_mixin.py:190} INFO - ⬇️ Bắt đầu xử lý symbol = PEG
[2025-10-07T12:36:41.894+0000] {logging_mixin.py:190} INFO - ⚠️ Không đọc được file cũ PEG: 'date'
[2025-10-07T12:36:41.900+0000] {logging_mixin.py:190} INFO - PEG: trích dữ liệu từ 2025-10-03 đến 2025-10-07
[2025-10-07T12:36:43.083+0000] {logging_mixin.py:190} INFO - Trích xuất 1 dòng mới cho PEG
[2025-10-07T12:36:43.090+0000] {logging_mixin.py:190} INFO - Append 1 dòng mới vào /opt/***/data/lake/PEG.csv
[2025-10-07T12:36:43.090+0000] {logging_mixin.py:190} INFO - ✅ Hoàn tất PEG, thêm 1 dòng mới.
[2025-10-07T12:36:45.110+0000] {logging_mixin.py:190} INFO - 🚦 Giới hạn API đạt mức tối đa, chờ 38.2s...
[2025-10-07T12:37:23.321+0000] {logging_mixin.py:190} INFO - ⬇️ Bắt đầu xử lý symbol = PEC
[2025-10-07T12:37:23.329+0000] {logging_mixin.py:190} INFO - ⚠️ Không đọc được file cũ PEC: 'date'
[2025-10-07T12:37:23.334+0000] {logging_mixin.py:190} INFO - PEC: trích dữ liệu từ 2025-08-02 đến 2025-10-07
[2025-10-07T12:37:28.104+0000] {logging_mixin.py:190} INFO - Không tìm thấy dữ liệu cho PEC
[2025-10-07T12:37:28.105+0000] {logging_mixin.py:190} INFO - ℹ️ PEC: Không có dữ liệu mới.
[2025-10-07T12:37:28.106+0000] {logging_mixin.py:190} INFO - ⬇️ Bắt đầu xử lý symbol = PDV
[2025-10-07T12:37:28.112+0000] {logging_mixin.py:190} INFO - ⚠️ Không đọc được file cũ PDV: 'date'
[2025-10-07T12:37:28.118+0000] {logging_mixin.py:190} INFO - PDV: trích dữ liệu từ 2025-10-04 đến 2025-10-07
[2025-10-07T12:37:28.302+0000] {logging_mixin.py:190} INFO - Trích xuất 1 dòng mới cho PDV
[2025-10-07T12:37:28.308+0000] {logging_mixin.py:190} INFO - Append 1 dòng mới vào /opt/***/data/lake/PDV.csv
[2025-10-07T12:37:28.308+0000] {logging_mixin.py:190} INFO - ✅ Hoàn tất PDV, thêm 1 dòng mới.
[2025-10-07T12:37:30.309+0000] {logging_mixin.py:190} INFO - 🚦 Giới hạn API đạt mức tối đa, chờ 2.1s...
[2025-10-07T12:37:32.419+0000] {logging_mixin.py:190} INFO - ⬇️ Bắt đầu xử lý symbol = PDT
[2025-10-07T12:37:32.430+0000] {logging_mixin.py:190} INFO - PDT: trích dữ liệu từ 2020-01-01 đến 2025-10-07
[2025-10-07T12:37:37.545+0000] {logging_mixin.py:190} INFO - Không tìm thấy dữ liệu cho PDT
[2025-10-07T12:37:37.547+0000] {logging_mixin.py:190} INFO - ℹ️ PDT: Không có dữ liệu mới.
[2025-10-07T12:37:37.547+0000] {logging_mixin.py:190} INFO - ⬇️ Bắt đầu xử lý symbol = PDR
[2025-10-07T12:37:37.554+0000] {logging_mixin.py:190} INFO - ⚠️ Không đọc được file cũ PDR: 'date'
[2025-10-07T12:37:37.561+0000] {logging_mixin.py:190} INFO - PDR: trích dữ liệu từ 2025-10-04 đến 2025-10-07
[2025-10-07T12:37:37.774+0000] {logging_mixin.py:190} INFO - Trích xuất 2 dòng mới cho PDR
[2025-10-07T12:37:37.784+0000] {logging_mixin.py:190} INFO - Append 2 dòng mới vào /opt/***/data/lake/PDR.csv
[2025-10-07T12:37:37.787+0000] {logging_mixin.py:190} INFO - ✅ Hoàn tất PDR, thêm 2 dòng mới.
[2025-10-07T12:37:39.788+0000] {logging_mixin.py:190} INFO - 🚦 Giới hạn API đạt mức tối đa, chờ 2.1s...
[2025-10-07T12:37:41.881+0000] {logging_mixin.py:190} INFO - ⬇️ Bắt đầu xử lý symbol = PDN
[2025-10-07T12:37:41.890+0000] {logging_mixin.py:190} INFO - ⚠️ Không đọc được file cũ PDN: 'date'
[2025-10-07T12:37:41.896+0000] {logging_mixin.py:190} INFO - PDN: trích dữ liệu từ 2025-10-04 đến 2025-10-07
[2025-10-07T12:37:42.062+0000] {logging_mixin.py:190} INFO - Trích xuất 2 dòng mới cho PDN
[2025-10-07T12:37:42.068+0000] {logging_mixin.py:190} INFO - Append 2 dòng mới vào /opt/***/data/lake/PDN.csv
[2025-10-07T12:37:42.069+0000] {logging_mixin.py:190} INFO - ✅ Hoàn tất PDN, thêm 2 dòng mới.
[2025-10-07T12:37:44.081+0000] {logging_mixin.py:190} INFO - 🚦 Giới hạn API đạt mức tối đa, chờ 39.2s...
[2025-10-07T12:38:23.342+0000] {logging_mixin.py:190} INFO - ⬇️ Bắt đầu xử lý symbol = PDC
[2025-10-07T12:38:23.359+0000] {logging_mixin.py:190} INFO - ⚠️ Không đọc được file cũ PDC: 'date'
[2025-10-07T12:38:23.365+0000] {logging_mixin.py:190} INFO - PDC: trích dữ liệu từ 2025-10-01 đến 2025-10-07
[2025-10-07T12:38:28.069+0000] {logging_mixin.py:190} INFO - Không tìm thấy dữ liệu cho PDC
[2025-10-07T12:38:28.071+0000] {logging_mixin.py:190} INFO - ℹ️ PDC: Không có dữ liệu mới.
[2025-10-07T12:38:28.071+0000] {logging_mixin.py:190} INFO - 🚦 Giới hạn API đạt mức tối đa, chờ 0.0s...
[2025-10-07T12:38:28.106+0000] {logging_mixin.py:190} INFO - ⬇️ Bắt đầu xử lý symbol = PDB
[2025-10-07T12:38:28.113+0000] {logging_mixin.py:190} INFO - ⚠️ Không đọc được file cũ PDB: 'date'
[2025-10-07T12:38:28.119+0000] {logging_mixin.py:190} INFO - PDB: trích dữ liệu từ 2025-10-04 đến 2025-10-07
[2025-10-07T12:38:28.463+0000] {logging_mixin.py:190} INFO - Trích xuất 2 dòng mới cho PDB
[2025-10-07T12:38:28.470+0000] {logging_mixin.py:190} INFO - Append 2 dòng mới vào /opt/***/data/lake/PDB.csv
[2025-10-07T12:38:28.470+0000] {logging_mixin.py:190} INFO - ✅ Hoàn tất PDB, thêm 2 dòng mới.
[2025-10-07T12:38:30.471+0000] {logging_mixin.py:190} INFO - 🚦 Giới hạn API đạt mức tối đa, chờ 1.9s...
[2025-10-07T12:38:32.420+0000] {logging_mixin.py:190} INFO - ⬇️ Bắt đầu xử lý symbol = PCT
[2025-10-07T12:38:32.428+0000] {logging_mixin.py:190} INFO - ⚠️ Không đọc được file cũ PCT: 'date'
[2025-10-07T12:38:32.435+0000] {logging_mixin.py:190} INFO - PCT: trích dữ liệu từ 2025-10-04 đến 2025-10-07
[2025-10-07T12:38:32.632+0000] {logging_mixin.py:190} INFO - Trích xuất 2 dòng mới cho PCT
[2025-10-07T12:38:32.638+0000] {logging_mixin.py:190} INFO - Append 2 dòng mới vào /opt/***/data/lake/PCT.csv
[2025-10-07T12:38:32.639+0000] {logging_mixin.py:190} INFO - ✅ Hoàn tất PCT, thêm 2 dòng mới.
[2025-10-07T12:38:34.639+0000] {logging_mixin.py:190} INFO - 🚦 Giới hạn API đạt mức tối đa, chờ 2.9s...
[2025-10-07T12:38:37.549+0000] {logging_mixin.py:190} INFO - ⬇️ Bắt đầu xử lý symbol = PCN
[2025-10-07T12:38:37.557+0000] {logging_mixin.py:190} INFO - ⚠️ Không đọc được file cũ PCN: 'date'
[2025-10-07T12:38:37.563+0000] {logging_mixin.py:190} INFO - PCN: trích dữ liệu từ 2024-12-14 đến 2025-10-07
[2025-10-07T12:38:42.051+0000] {logging_mixin.py:190} INFO - Không tìm thấy dữ liệu cho PCN
[2025-10-07T12:38:42.052+0000] {logging_mixin.py:190} INFO - ℹ️ PCN: Không có dữ liệu mới.
[2025-10-07T12:38:42.053+0000] {logging_mixin.py:190} INFO - ⬇️ Bắt đầu xử lý symbol = PCM
[2025-10-07T12:38:42.060+0000] {logging_mixin.py:190} INFO - ⚠️ Không đọc được file cũ PCM: 'date'
[2025-10-07T12:38:42.066+0000] {logging_mixin.py:190} INFO - PCM: trích dữ liệu từ 2025-09-05 đến 2025-10-07
[2025-10-07T12:38:46.896+0000] {logging_mixin.py:190} INFO - Không tìm thấy dữ liệu cho PCM
[2025-10-07T12:38:46.897+0000] {logging_mixin.py:190} INFO - ℹ️ PCM: Không có dữ liệu mới.
[2025-10-07T12:38:46.897+0000] {logging_mixin.py:190} INFO - 🚦 Giới hạn API đạt mức tối đa, chờ 36.4s...
[2025-10-07T12:39:23.368+0000] {logging_mixin.py:190} INFO - ⬇️ Bắt đầu xử lý symbol = PCH
[2025-10-07T12:39:23.378+0000] {logging_mixin.py:190} INFO - ⚠️ Không đọc được file cũ PCH: 'date'
[2025-10-07T12:39:23.385+0000] {logging_mixin.py:190} INFO - PCH: trích dữ liệu từ 2025-10-04 đến 2025-10-07
[2025-10-07T12:39:24.577+0000] {logging_mixin.py:190} INFO - Trích xuất 2 dòng mới cho PCH
[2025-10-07T12:39:24.584+0000] {logging_mixin.py:190} INFO - Append 2 dòng mới vào /opt/***/data/lake/PCH.csv
[2025-10-07T12:39:24.585+0000] {logging_mixin.py:190} INFO - ✅ Hoàn tất PCH, thêm 2 dòng mới.
[2025-10-07T12:39:26.586+0000] {logging_mixin.py:190} INFO - 🚦 Giới hạn API đạt mức tối đa, chờ 1.5s...
[2025-10-07T12:39:28.108+0000] {logging_mixin.py:190} INFO - ⬇️ Bắt đầu xử lý symbol = PCG
[2025-10-07T12:39:28.117+0000] {logging_mixin.py:190} INFO - ⚠️ Không đọc được file cũ PCG: 'date'
[2025-10-07T12:39:28.125+0000] {logging_mixin.py:190} INFO - PCG: trích dữ liệu từ 2025-10-04 đến 2025-10-07
[2025-10-07T12:39:32.723+0000] {logging_mixin.py:190} INFO - Không tìm thấy dữ liệu cho PCG
[2025-10-07T12:39:32.725+0000] {logging_mixin.py:190} INFO - ℹ️ PCG: Không có dữ liệu mới.
[2025-10-07T12:39:32.725+0000] {logging_mixin.py:190} INFO - ⬇️ Bắt đầu xử lý symbol = PCF
[2025-10-07T12:39:32.732+0000] {logging_mixin.py:190} INFO - ⚠️ Không đọc được file cũ PCF: 'date'
[2025-10-07T12:39:32.738+0000] {logging_mixin.py:190} INFO - PCF: trích dữ liệu từ 2025-10-04 đến 2025-10-07
[2025-10-07T12:39:32.979+0000] {logging_mixin.py:190} INFO - Trích xuất 2 dòng mới cho PCF
[2025-10-07T12:39:32.988+0000] {logging_mixin.py:190} INFO - Append 2 dòng mới vào /opt/***/data/lake/PCF.csv
[2025-10-07T12:39:32.989+0000] {logging_mixin.py:190} INFO - ✅ Hoàn tất PCF, thêm 2 dòng mới.
[2025-10-07T12:39:34.991+0000] {logging_mixin.py:190} INFO - 🚦 Giới hạn API đạt mức tối đa, chờ 2.6s...
[2025-10-07T12:39:37.551+0000] {logging_mixin.py:190} INFO - ⬇️ Bắt đầu xử lý symbol = PCE
[2025-10-07T12:39:37.559+0000] {logging_mixin.py:190} INFO - ⚠️ Không đọc được file cũ PCE: 'date'
[2025-10-07T12:39:37.565+0000] {logging_mixin.py:190} INFO - PCE: trích dữ liệu từ 2025-10-04 đến 2025-10-07
[2025-10-07T12:39:38.039+0000] {logging_mixin.py:190} INFO - Trích xuất 2 dòng mới cho PCE
[2025-10-07T12:39:38.045+0000] {logging_mixin.py:190} INFO - Append 2 dòng mới vào /opt/***/data/lake/PCE.csv
[2025-10-07T12:39:38.046+0000] {logging_mixin.py:190} INFO - ✅ Hoàn tất PCE, thêm 2 dòng mới.
[2025-10-07T12:39:40.047+0000] {logging_mixin.py:190} INFO - 🚦 Giới hạn API đạt mức tối đa, chờ 2.0s...
[2025-10-07T12:39:42.054+0000] {logging_mixin.py:190} INFO - ⬇️ Bắt đầu xử lý symbol = PCC
[2025-10-07T12:39:42.064+0000] {logging_mixin.py:190} INFO - ⚠️ Không đọc được file cũ PCC: 'date'
[2025-10-07T12:39:42.070+0000] {logging_mixin.py:190} INFO - PCC: trích dữ liệu từ 2025-10-03 đến 2025-10-07
[2025-10-07T12:39:46.672+0000] {logging_mixin.py:190} INFO - Không tìm thấy dữ liệu cho PCC
[2025-10-07T12:39:46.673+0000] {logging_mixin.py:190} INFO - ℹ️ PCC: Không có dữ liệu mới.
[2025-10-07T12:39:46.674+0000] {logging_mixin.py:190} INFO - 🚦 Giới hạn API đạt mức tối đa, chờ 36.7s...
[2025-10-07T12:40:23.378+0000] {logging_mixin.py:190} INFO - ⬇️ Bắt đầu xử lý symbol = PC1
[2025-10-07T12:40:23.385+0000] {logging_mixin.py:190} INFO - ⚠️ Không đọc được file cũ PC1: 'date'
[2025-10-07T12:40:23.391+0000] {logging_mixin.py:190} INFO - PC1: trích dữ liệu từ 2025-10-04 đến 2025-10-07
[2025-10-07T12:40:23.686+0000] {logging_mixin.py:190} INFO - Trích xuất 2 dòng mới cho PC1
[2025-10-07T12:40:23.693+0000] {logging_mixin.py:190} INFO - Append 2 dòng mới vào /opt/***/data/lake/PC1.csv
[2025-10-07T12:40:23.694+0000] {logging_mixin.py:190} INFO - ✅ Hoàn tất PC1, thêm 2 dòng mới.
[2025-10-07T12:40:25.695+0000] {logging_mixin.py:190} INFO - 🚦 Giới hạn API đạt mức tối đa, chờ 2.4s...
[2025-10-07T12:40:28.109+0000] {logging_mixin.py:190} INFO - ⬇️ Bắt đầu xử lý symbol = PBT
[2025-10-07T12:40:28.117+0000] {logging_mixin.py:190} INFO - ⚠️ Không đọc được file cũ PBT: 'date'
[2025-10-07T12:40:28.123+0000] {logging_mixin.py:190} INFO - PBT: trích dữ liệu từ 2025-10-03 đến 2025-10-07
[2025-10-07T12:40:28.463+0000] {logging_mixin.py:190} INFO - Trích xuất 1 dòng mới cho PBT
[2025-10-07T12:40:28.471+0000] {logging_mixin.py:190} INFO - Append 1 dòng mới vào /opt/***/data/lake/PBT.csv
[2025-10-07T12:40:28.471+0000] {logging_mixin.py:190} INFO - ✅ Hoàn tất PBT, thêm 1 dòng mới.
[2025-10-07T12:40:30.472+0000] {logging_mixin.py:190} INFO - 🚦 Giới hạn API đạt mức tối đa, chờ 2.3s...
[2025-10-07T12:40:32.727+0000] {logging_mixin.py:190} INFO - ⬇️ Bắt đầu xử lý symbol = PBP
[2025-10-07T12:40:32.741+0000] {logging_mixin.py:190} INFO - ⚠️ Không đọc được file cũ PBP: 'date'
[2025-10-07T12:40:32.749+0000] {logging_mixin.py:190} INFO - PBP: trích dữ liệu từ 2025-10-04 đến 2025-10-07
[2025-10-07T12:40:33.063+0000] {logging_mixin.py:190} INFO - Trích xuất 2 dòng mới cho PBP
[2025-10-07T12:40:33.071+0000] {logging_mixin.py:190} INFO - Append 2 dòng mới vào /opt/***/data/lake/PBP.csv
[2025-10-07T12:40:33.071+0000] {logging_mixin.py:190} INFO - ✅ Hoàn tất PBP, thêm 2 dòng mới.
[2025-10-07T12:40:35.072+0000] {logging_mixin.py:190} INFO - 🚦 Giới hạn API đạt mức tối đa, chờ 2.5s...
[2025-10-07T12:40:37.551+0000] {logging_mixin.py:190} INFO - ⬇️ Bắt đầu xử lý symbol = PBC
[2025-10-07T12:40:37.560+0000] {logging_mixin.py:190} INFO - ⚠️ Không đọc được file cũ PBC: 'date'
[2025-10-07T12:40:37.567+0000] {logging_mixin.py:190} INFO - PBC: trích dữ liệu từ 2025-10-04 đến 2025-10-07
[2025-10-07T12:40:37.744+0000] {logging_mixin.py:190} INFO - Trích xuất 2 dòng mới cho PBC
[2025-10-07T12:40:37.752+0000] {logging_mixin.py:190} INFO - Append 2 dòng mới vào /opt/***/data/lake/PBC.csv
[2025-10-07T12:40:37.752+0000] {logging_mixin.py:190} INFO - ✅ Hoàn tất PBC, thêm 2 dòng mới.
[2025-10-07T12:40:39.752+0000] {logging_mixin.py:190} INFO - 🚦 Giới hạn API đạt mức tối đa, chờ 2.3s...
[2025-10-07T12:40:42.056+0000] {logging_mixin.py:190} INFO - ⬇️ Bắt đầu xử lý symbol = PAT
[2025-10-07T12:40:42.072+0000] {logging_mixin.py:190} INFO - ⚠️ Không đọc được file cũ PAT: 'date'
[2025-10-07T12:40:42.080+0000] {logging_mixin.py:190} INFO - PAT: trích dữ liệu từ 2025-10-04 đến 2025-10-07
[2025-10-07T12:40:42.449+0000] {logging_mixin.py:190} INFO - Trích xuất 2 dòng mới cho PAT
[2025-10-07T12:40:42.455+0000] {logging_mixin.py:190} INFO - Append 2 dòng mới vào /opt/***/data/lake/PAT.csv
[2025-10-07T12:40:42.455+0000] {logging_mixin.py:190} INFO - ✅ Hoàn tất PAT, thêm 2 dòng mới.
[2025-10-07T12:40:44.470+0000] {logging_mixin.py:190} INFO - 🚦 Giới hạn API đạt mức tối đa, chờ 38.9s...
[2025-10-07T12:41:23.395+0000] {logging_mixin.py:190} INFO - ⬇️ Bắt đầu xử lý symbol = PAS
[2025-10-07T12:41:23.405+0000] {logging_mixin.py:190} INFO - ⚠️ Không đọc được file cũ PAS: 'date'
[2025-10-07T12:41:23.412+0000] {logging_mixin.py:190} INFO - PAS: trích dữ liệu từ 2025-10-04 đến 2025-10-07
[2025-10-07T12:41:23.651+0000] {logging_mixin.py:190} INFO - Trích xuất 2 dòng mới cho PAS
[2025-10-07T12:41:23.657+0000] {logging_mixin.py:190} INFO - Append 2 dòng mới vào /opt/***/data/lake/PAS.csv
[2025-10-07T12:41:23.657+0000] {logging_mixin.py:190} INFO - ✅ Hoàn tất PAS, thêm 2 dòng mới.
[2025-10-07T12:41:25.658+0000] {logging_mixin.py:190} INFO - 🚦 Giới hạn API đạt mức tối đa, chờ 2.5s...
[2025-10-07T12:41:28.111+0000] {logging_mixin.py:190} INFO - ⬇️ Bắt đầu xử lý symbol = PAP
[2025-10-07T12:41:28.128+0000] {logging_mixin.py:190} INFO - ⚠️ Không đọc được file cũ PAP: 'date'
[2025-10-07T12:41:28.135+0000] {logging_mixin.py:190} INFO - PAP: trích dữ liệu từ 2025-10-04 đến 2025-10-07
[2025-10-07T12:41:28.302+0000] {logging_mixin.py:190} INFO - Trích xuất 1 dòng mới cho PAP
[2025-10-07T12:41:28.309+0000] {logging_mixin.py:190} INFO - Append 1 dòng mới vào /opt/***/data/lake/PAP.csv
[2025-10-07T12:41:28.310+0000] {logging_mixin.py:190} INFO - ✅ Hoàn tất PAP, thêm 1 dòng mới.
[2025-10-07T12:41:30.311+0000] {logging_mixin.py:190} INFO - 🚦 Giới hạn API đạt mức tối đa, chờ 2.4s...
[2025-10-07T12:41:32.729+0000] {logging_mixin.py:190} INFO - ⬇️ Bắt đầu xử lý symbol = PAN
[2025-10-07T12:41:32.738+0000] {logging_mixin.py:190} INFO - ⚠️ Không đọc được file cũ PAN: 'date'
[2025-10-07T12:41:32.745+0000] {logging_mixin.py:190} INFO - PAN: trích dữ liệu từ 2025-10-04 đến 2025-10-07
[2025-10-07T12:41:32.980+0000] {logging_mixin.py:190} INFO - Trích xuất 2 dòng mới cho PAN
[2025-10-07T12:41:32.986+0000] {logging_mixin.py:190} INFO - Append 2 dòng mới vào /opt/***/data/lake/PAN.csv
[2025-10-07T12:41:32.986+0000] {logging_mixin.py:190} INFO - ✅ Hoàn tất PAN, thêm 2 dòng mới.
[2025-10-07T12:41:34.987+0000] {logging_mixin.py:190} INFO - 🚦 Giới hạn API đạt mức tối đa, chờ 2.6s...
[2025-10-07T12:41:37.553+0000] {logging_mixin.py:190} INFO - ⬇️ Bắt đầu xử lý symbol = PAI
[2025-10-07T12:41:37.563+0000] {logging_mixin.py:190} INFO - ⚠️ Không đọc được file cũ PAI: 'date'
[2025-10-07T12:41:37.569+0000] {logging_mixin.py:190} INFO - PAI: trích dữ liệu từ 2025-09-06 đến 2025-10-07
[2025-10-07T12:41:42.405+0000] {logging_mixin.py:190} INFO - Không tìm thấy dữ liệu cho PAI
[2025-10-07T12:41:42.406+0000] {logging_mixin.py:190} INFO - ℹ️ PAI: Không có dữ liệu mới.
[2025-10-07T12:41:42.407+0000] {logging_mixin.py:190} INFO - ⬇️ Bắt đầu xử lý symbol = PAC
[2025-10-07T12:41:42.415+0000] {logging_mixin.py:190} INFO - ⚠️ Không đọc được file cũ PAC: 'date'
[2025-10-07T12:41:42.421+0000] {logging_mixin.py:190} INFO - PAC: trích dữ liệu từ 2025-10-04 đến 2025-10-07
[2025-10-07T12:41:42.617+0000] {logging_mixin.py:190} INFO - Trích xuất 2 dòng mới cho PAC
[2025-10-07T12:41:42.624+0000] {logging_mixin.py:190} INFO - Append 2 dòng mới vào /opt/***/data/lake/PAC.csv
[2025-10-07T12:41:42.624+0000] {logging_mixin.py:190} INFO - ✅ Hoàn tất PAC, thêm 2 dòng mới.
[2025-10-07T12:41:44.632+0000] {logging_mixin.py:190} INFO - 🚦 Giới hạn API đạt mức tối đa, chờ 38.8s...
[2025-10-07T12:52:13.926+0000] {job.py:229} INFO - Heartbeat recovered after 622.44 seconds
[2025-10-07T12:52:40.718+0000] {logging_mixin.py:190} INFO - ⬇️ Bắt đầu xử lý symbol = ORS
[2025-10-07T12:52:40.746+0000] {logging_mixin.py:190} INFO - ⚠️ Không đọc được file cũ ORS: 'date'
[2025-10-07T12:52:40.804+0000] {logging_mixin.py:190} INFO - ORS: trích dữ liệu từ 2025-10-04 đến 2025-10-07
[2025-10-07T12:52:41.089+0000] {logging_mixin.py:190} INFO - Trích xuất 2 dòng mới cho ORS
[2025-10-07T12:52:41.121+0000] {logging_mixin.py:190} INFO - Append 2 dòng mới vào /opt/***/data/lake/ORS.csv
[2025-10-07T12:52:41.122+0000] {logging_mixin.py:190} INFO - ✅ Hoàn tất ORS, thêm 2 dòng mới.
[2025-10-07T12:52:43.123+0000] {logging_mixin.py:190} INFO - ⬇️ Bắt đầu xử lý symbol = OPC
[2025-10-07T12:52:43.131+0000] {logging_mixin.py:190} INFO - ⚠️ Không đọc được file cũ OPC: 'date'
[2025-10-07T12:52:43.138+0000] {logging_mixin.py:190} INFO - OPC: trích dữ liệu từ 2025-10-04 đến 2025-10-07
[2025-10-07T12:52:43.380+0000] {logging_mixin.py:190} INFO - Trích xuất 2 dòng mới cho OPC
[2025-10-07T12:52:43.386+0000] {logging_mixin.py:190} INFO - Append 2 dòng mới vào /opt/***/data/lake/OPC.csv
[2025-10-07T12:52:43.386+0000] {logging_mixin.py:190} INFO - ✅ Hoàn tất OPC, thêm 2 dòng mới.
[2025-10-07T12:52:45.387+0000] {logging_mixin.py:190} INFO - ⬇️ Bắt đầu xử lý symbol = ONW
[2025-10-07T12:52:45.396+0000] {logging_mixin.py:190} INFO - ⚠️ Không đọc được file cũ ONW: 'date'
[2025-10-07T12:52:45.401+0000] {logging_mixin.py:190} INFO - ONW: trích dữ liệu từ 2025-09-11 đến 2025-10-07
[2025-10-07T12:52:49.868+0000] {logging_mixin.py:190} INFO - Không tìm thấy dữ liệu cho ONW
[2025-10-07T12:52:49.870+0000] {logging_mixin.py:190} INFO - ℹ️ ONW: Không có dữ liệu mới.
[2025-10-07T12:52:49.870+0000] {logging_mixin.py:190} INFO - ⬇️ Bắt đầu xử lý symbol = ONE
[2025-10-07T12:52:49.877+0000] {logging_mixin.py:190} INFO - ⚠️ Không đọc được file cũ ONE: 'date'
[2025-10-07T12:52:49.883+0000] {logging_mixin.py:190} INFO - ONE: trích dữ liệu từ 2025-10-04 đến 2025-10-07
[2025-10-07T12:52:50.137+0000] {logging_mixin.py:190} INFO - Trích xuất 2 dòng mới cho ONE
[2025-10-07T12:52:50.144+0000] {logging_mixin.py:190} INFO - Append 2 dòng mới vào /opt/***/data/lake/ONE.csv
[2025-10-07T12:52:50.145+0000] {logging_mixin.py:190} INFO - ✅ Hoàn tất ONE, thêm 2 dòng mới.
[2025-10-07T12:52:52.146+0000] {logging_mixin.py:190} INFO - ⬇️ Bắt đầu xử lý symbol = OIL
[2025-10-07T12:52:52.155+0000] {logging_mixin.py:190} INFO - ⚠️ Không đọc được file cũ OIL: 'date'
[2025-10-07T12:52:52.162+0000] {logging_mixin.py:190} INFO - OIL: trích dữ liệu từ 2025-10-04 đến 2025-10-07
[2025-10-07T12:52:52.362+0000] {logging_mixin.py:190} INFO - Trích xuất 2 dòng mới cho OIL
[2025-10-07T12:52:52.368+0000] {logging_mixin.py:190} INFO - Append 2 dòng mới vào /opt/***/data/lake/OIL.csv
[2025-10-07T12:52:52.369+0000] {logging_mixin.py:190} INFO - ✅ Hoàn tất OIL, thêm 2 dòng mới.
[2025-10-07T12:52:54.369+0000] {logging_mixin.py:190} INFO - 🚦 Giới hạn API đạt mức tối đa, chờ 46.3s...
[2025-10-07T12:53:40.789+0000] {logging_mixin.py:190} INFO - ⬇️ Bắt đầu xử lý symbol = OGC
[2025-10-07T12:53:40.797+0000] {logging_mixin.py:190} INFO - ⚠️ Không đọc được file cũ OGC: 'date'
[2025-10-07T12:53:40.805+0000] {logging_mixin.py:190} INFO - OGC: trích dữ liệu từ 2025-10-04 đến 2025-10-07
[2025-10-07T12:53:40.962+0000] {logging_mixin.py:190} INFO - Trích xuất 2 dòng mới cho OGC
[2025-10-07T12:53:40.974+0000] {logging_mixin.py:190} INFO - Append 2 dòng mới vào /opt/***/data/lake/OGC.csv
[2025-10-07T12:53:40.975+0000] {logging_mixin.py:190} INFO - ✅ Hoàn tất OGC, thêm 2 dòng mới.
[2025-10-07T12:53:42.976+0000] {logging_mixin.py:190} INFO - 🚦 Giới hạn API đạt mức tối đa, chờ 0.1s...
[2025-10-07T12:53:43.126+0000] {logging_mixin.py:190} INFO - ⬇️ Bắt đầu xử lý symbol = ODE
[2025-10-07T12:53:43.281+0000] {logging_mixin.py:190} INFO - ⚠️ Không đọc được file cũ ODE: 'date'
[2025-10-07T12:53:43.288+0000] {logging_mixin.py:190} INFO - ODE: trích dữ liệu từ 2025-10-04 đến 2025-10-07
[2025-10-07T12:53:43.473+0000] {logging_mixin.py:190} INFO - Trích xuất 2 dòng mới cho ODE
[2025-10-07T12:53:43.479+0000] {logging_mixin.py:190} INFO - Append 2 dòng mới vào /opt/***/data/lake/ODE.csv
[2025-10-07T12:53:43.479+0000] {logging_mixin.py:190} INFO - ✅ Hoàn tất ODE, thêm 2 dòng mới.
[2025-10-07T12:53:45.480+0000] {logging_mixin.py:190} INFO - ⬇️ Bắt đầu xử lý symbol = OCH
[2025-10-07T12:53:45.490+0000] {logging_mixin.py:190} INFO - ⚠️ Không đọc được file cũ OCH: 'date'
[2025-10-07T12:53:45.498+0000] {logging_mixin.py:190} INFO - OCH: trích dữ liệu từ 2025-10-04 đến 2025-10-07
[2025-10-07T12:53:45.664+0000] {logging_mixin.py:190} INFO - Trích xuất 2 dòng mới cho OCH
[2025-10-07T12:53:45.669+0000] {logging_mixin.py:190} INFO - Append 2 dòng mới vào /opt/***/data/lake/OCH.csv
[2025-10-07T12:53:45.669+0000] {logging_mixin.py:190} INFO - ✅ Hoàn tất OCH, thêm 2 dòng mới.
[2025-10-07T12:53:47.670+0000] {logging_mixin.py:190} INFO - 🚦 Giới hạn API đạt mức tối đa, chờ 2.2s...
[2025-10-07T12:53:49.871+0000] {logging_mixin.py:190} INFO - ⬇️ Bắt đầu xử lý symbol = OCB
[2025-10-07T12:53:49.879+0000] {logging_mixin.py:190} INFO - ⚠️ Không đọc được file cũ OCB: 'date'
[2025-10-07T12:53:49.885+0000] {logging_mixin.py:190} INFO - OCB: trích dữ liệu từ 2025-10-04 đến 2025-10-07
[2025-10-07T12:53:50.033+0000] {logging_mixin.py:190} INFO - Trích xuất 2 dòng mới cho OCB
[2025-10-07T12:53:50.039+0000] {logging_mixin.py:190} INFO - Append 2 dòng mới vào /opt/***/data/lake/OCB.csv
[2025-10-07T12:53:50.039+0000] {logging_mixin.py:190} INFO - ✅ Hoàn tất OCB, thêm 2 dòng mới.
[2025-10-07T12:53:52.040+0000] {logging_mixin.py:190} INFO - 🚦 Giới hạn API đạt mức tối đa, chờ 0.1s...
[2025-10-07T12:53:52.147+0000] {logging_mixin.py:190} INFO - ⬇️ Bắt đầu xử lý symbol = NXT
[2025-10-07T12:53:52.155+0000] {logging_mixin.py:190} INFO - ⚠️ Không đọc được file cũ NXT: 'date'
[2025-10-07T12:53:52.163+0000] {logging_mixin.py:190} INFO - NXT: trích dữ liệu từ 2025-10-04 đến 2025-10-07
[2025-10-07T12:53:52.468+0000] {logging_mixin.py:190} INFO - Trích xuất 2 dòng mới cho NXT
[2025-10-07T12:53:52.479+0000] {logging_mixin.py:190} INFO - Append 2 dòng mới vào /opt/***/data/lake/NXT.csv
[2025-10-07T12:53:52.480+0000] {logging_mixin.py:190} INFO - ✅ Hoàn tất NXT, thêm 2 dòng mới.
[2025-10-07T12:53:54.481+0000] {logging_mixin.py:190} INFO - 🚦 Giới hạn API đạt mức tối đa, chờ 46.3s...
[2025-10-07T12:54:40.792+0000] {logging_mixin.py:190} INFO - ⬇️ Bắt đầu xử lý symbol = NWT
[2025-10-07T12:54:40.808+0000] {logging_mixin.py:190} INFO - ⚠️ Không đọc được file cũ NWT: 'date'
[2025-10-07T12:54:40.816+0000] {logging_mixin.py:190} INFO - NWT: trích dữ liệu từ 2025-09-20 đến 2025-10-07
[2025-10-07T12:54:45.290+0000] {logging_mixin.py:190} INFO - Không tìm thấy dữ liệu cho NWT
[2025-10-07T12:54:45.291+0000] {logging_mixin.py:190} INFO - ℹ️ NWT: Không có dữ liệu mới.
[2025-10-07T12:54:45.292+0000] {logging_mixin.py:190} INFO - ⬇️ Bắt đầu xử lý symbol = NVT
[2025-10-07T12:54:45.299+0000] {logging_mixin.py:190} INFO - ⚠️ Không đọc được file cũ NVT: 'date'
[2025-10-07T12:54:45.305+0000] {logging_mixin.py:190} INFO - NVT: trích dữ liệu từ 2025-10-04 đến 2025-10-07
[2025-10-07T12:54:45.536+0000] {logging_mixin.py:190} INFO - Trích xuất 1 dòng mới cho NVT
[2025-10-07T12:54:45.545+0000] {logging_mixin.py:190} INFO - Append 1 dòng mới vào /opt/***/data/lake/NVT.csv
[2025-10-07T12:54:45.545+0000] {logging_mixin.py:190} INFO - ✅ Hoàn tất NVT, thêm 1 dòng mới.
[2025-10-07T12:54:47.546+0000] {logging_mixin.py:190} INFO - ⬇️ Bắt đầu xử lý symbol = NVP
[2025-10-07T12:54:47.555+0000] {logging_mixin.py:190} INFO - ⚠️ Không đọc được file cũ NVP: 'date'
[2025-10-07T12:54:47.561+0000] {logging_mixin.py:190} INFO - NVP: trích dữ liệu từ 2025-09-09 đến 2025-10-07
[2025-10-07T12:54:52.034+0000] {logging_mixin.py:190} INFO - Không tìm thấy dữ liệu cho NVP
[2025-10-07T12:54:52.036+0000] {logging_mixin.py:190} INFO - ℹ️ NVP: Không có dữ liệu mới.
[2025-10-07T12:54:52.036+0000] {logging_mixin.py:190} INFO - ⬇️ Bắt đầu xử lý symbol = NVL
[2025-10-07T12:54:52.043+0000] {logging_mixin.py:190} INFO - ⚠️ Không đọc được file cũ NVL: 'date'
[2025-10-07T12:54:52.050+0000] {logging_mixin.py:190} INFO - NVL: trích dữ liệu từ 2025-10-04 đến 2025-10-07
[2025-10-07T12:54:52.250+0000] {logging_mixin.py:190} INFO - Trích xuất 2 dòng mới cho NVL
[2025-10-07T12:54:52.256+0000] {logging_mixin.py:190} INFO - Append 2 dòng mới vào /opt/***/data/lake/NVL.csv
[2025-10-07T12:54:52.257+0000] {logging_mixin.py:190} INFO - ✅ Hoàn tất NVL, thêm 2 dòng mới.
[2025-10-07T12:54:54.257+0000] {logging_mixin.py:190} INFO - ⬇️ Bắt đầu xử lý symbol = NVB
[2025-10-07T12:54:54.266+0000] {logging_mixin.py:190} INFO - ⚠️ Không đọc được file cũ NVB: 'date'
[2025-10-07T12:54:54.273+0000] {logging_mixin.py:190} INFO - NVB: trích dữ liệu từ 2025-10-04 đến 2025-10-07
[2025-10-07T12:54:54.466+0000] {logging_mixin.py:190} INFO - Trích xuất 2 dòng mới cho NVB
[2025-10-07T12:54:54.473+0000] {logging_mixin.py:190} INFO - Append 2 dòng mới vào /opt/***/data/lake/NVB.csv
[2025-10-07T12:54:54.473+0000] {logging_mixin.py:190} INFO - ✅ Hoàn tất NVB, thêm 2 dòng mới.
[2025-10-07T12:54:56.474+0000] {python.py:240} INFO - Done. Returned value was: None
[2025-10-07T12:54:56.486+0000] {taskinstance.py:341} INFO - ::group::Post task execution logs
[2025-10-07T12:54:56.487+0000] {taskinstance.py:353} INFO - Marking task as SUCCESS. dag_id=vnstock_weekly_etl_incremental, task_id=process_batch, run_id=manual__2025-10-07T10:43:54.222487+00:00, map_index=14, execution_date=20251007T104354, start_date=20251007T123522, end_date=20251007T125456
[2025-10-07T12:54:56.567+0000] {local_task_job_runner.py:266} INFO - Task exited with return code 0
[2025-10-07T12:54:56.733+0000] {taskinstance.py:3901} INFO - 0 downstream tasks scheduled from follow-on schedule check
[2025-10-07T12:54:56.736+0000] {local_task_job_runner.py:245} INFO - ::endgroup::
