[2025-10-07T12:15:50.209+0000] {local_task_job_runner.py:123} INFO - ::group::Pre task execution logs
[2025-10-07T12:15:50.229+0000] {taskinstance.py:2614} INFO - Dependencies all met for dep_context=non-requeueable deps ti=<TaskInstance: vnstock_weekly_etl_incremental.process_batch manual__2025-10-07T10:43:54.222487+00:00 map_index=1 [queued]>
[2025-10-07T12:15:50.239+0000] {taskinstance.py:2614} INFO - Dependencies all met for dep_context=requeueable deps ti=<TaskInstance: vnstock_weekly_etl_incremental.process_batch manual__2025-10-07T10:43:54.222487+00:00 map_index=1 [queued]>
[2025-10-07T12:15:50.240+0000] {taskinstance.py:2867} INFO - Starting attempt 1 of 3
[2025-10-07T12:15:50.252+0000] {taskinstance.py:2890} INFO - Executing <Mapped(_PythonDecoratedOperator): process_batch> on 2025-10-07 10:43:54.222487+00:00
[2025-10-07T12:15:50.266+0000] {logging_mixin.py:190} WARNING - /home/***/.local/lib/python3.12/site-packages/***/task/task_runner/standard_task_runner.py:70 DeprecationWarning: This process (pid=11193) is multi-threaded, use of fork() may lead to deadlocks in the child.
[2025-10-07T12:15:50.266+0000] {standard_task_runner.py:104} INFO - Running: ['***', 'tasks', 'run', 'vnstock_weekly_etl_incremental', 'process_batch', 'manual__2025-10-07T10:43:54.222487+00:00', '--job-id', '160', '--raw', '--subdir', 'DAGS_FOLDER/dag.py', '--cfg-path', '/tmp/tmpjsxgss3h', '--map-index', '1']
[2025-10-07T12:15:50.268+0000] {standard_task_runner.py:72} INFO - Started process 11215 to run task
[2025-10-07T12:15:50.269+0000] {standard_task_runner.py:105} INFO - Job 160: Subtask process_batch
[2025-10-07T12:15:50.282+0000] {logging_mixin.py:190} WARNING - /home/***/.local/lib/python3.12/site-packages/***/settings.py:209 DeprecationWarning: The sql_alchemy_conn option in [core] has been moved to the sql_alchemy_conn option in [database] - the old setting has been used, but please update your config.
[2025-10-07T12:15:50.326+0000] {task_command.py:467} INFO - Running <TaskInstance: vnstock_weekly_etl_incremental.process_batch manual__2025-10-07T10:43:54.222487+00:00 map_index=1 [running]> on host e3278e0f0bbc
[2025-10-07T12:15:50.595+0000] {taskinstance.py:3134} INFO - Exporting env vars: AIRFLOW_CTX_DAG_OWNER='***' AIRFLOW_CTX_DAG_ID='vnstock_weekly_etl_incremental' AIRFLOW_CTX_TASK_ID='process_batch' AIRFLOW_CTX_EXECUTION_DATE='2025-10-07T10:43:54.222487+00:00' AIRFLOW_CTX_TRY_NUMBER='1' AIRFLOW_CTX_DAG_RUN_ID='manual__2025-10-07T10:43:54.222487+00:00'
[2025-10-07T12:15:50.596+0000] {taskinstance.py:732} INFO - ::endgroup::
[2025-10-07T12:15:50.598+0000] {logging_mixin.py:190} INFO - ⬇️ Bắt đầu xử lý symbol = VSM
[2025-10-07T12:15:50.610+0000] {logging_mixin.py:190} INFO - ⚠️ Không đọc được file cũ VSM: 'date'
[2025-10-07T12:15:50.620+0000] {logging_mixin.py:190} INFO - VSM: trích dữ liệu từ 2025-10-07 đến 2025-10-07
[2025-10-07T12:15:55.262+0000] {logging_mixin.py:190} INFO - Không tìm thấy dữ liệu cho VSM
[2025-10-07T12:15:55.264+0000] {logging_mixin.py:190} INFO - ℹ️ VSM: Không có dữ liệu mới.
[2025-10-07T12:15:55.264+0000] {logging_mixin.py:190} INFO - ⬇️ Bắt đầu xử lý symbol = VSI
[2025-10-07T12:15:55.279+0000] {logging_mixin.py:190} INFO - ⚠️ Không đọc được file cũ VSI: 'date'
[2025-10-07T12:15:55.293+0000] {logging_mixin.py:190} INFO - VSI: trích dữ liệu từ 2025-10-08 đến 2025-10-07
[2025-10-07T12:15:59.895+0000] {logging_mixin.py:190} INFO - Không tìm thấy dữ liệu cho VSI
[2025-10-07T12:15:59.897+0000] {logging_mixin.py:190} INFO - ℹ️ VSI: Không có dữ liệu mới.
[2025-10-07T12:15:59.897+0000] {logging_mixin.py:190} INFO - ⬇️ Bắt đầu xử lý symbol = VSH
[2025-10-07T12:15:59.904+0000] {logging_mixin.py:190} INFO - ⚠️ Không đọc được file cũ VSH: 'date'
[2025-10-07T12:15:59.910+0000] {logging_mixin.py:190} INFO - VSH: trích dữ liệu từ 2025-10-08 đến 2025-10-07
[2025-10-07T12:16:04.713+0000] {logging_mixin.py:190} INFO - Không tìm thấy dữ liệu cho VSH
[2025-10-07T12:16:04.714+0000] {logging_mixin.py:190} INFO - ℹ️ VSH: Không có dữ liệu mới.
[2025-10-07T12:16:04.715+0000] {logging_mixin.py:190} INFO - ⬇️ Bắt đầu xử lý symbol = VSG
[2025-10-07T12:16:04.721+0000] {logging_mixin.py:190} INFO - ⚠️ Không đọc được file cũ VSG: 'date'
[2025-10-07T12:16:04.729+0000] {logging_mixin.py:190} INFO - VSG: trích dữ liệu từ 2025-10-04 đến 2025-10-07
[2025-10-07T12:16:09.663+0000] {logging_mixin.py:190} INFO - Không tìm thấy dữ liệu cho VSG
[2025-10-07T12:16:09.665+0000] {logging_mixin.py:190} INFO - ℹ️ VSG: Không có dữ liệu mới.
[2025-10-07T12:16:09.666+0000] {logging_mixin.py:190} INFO - ⬇️ Bắt đầu xử lý symbol = VSF
[2025-10-07T12:16:09.686+0000] {logging_mixin.py:190} INFO - ⚠️ Không đọc được file cũ VSF: 'date'
[2025-10-07T12:16:09.699+0000] {logging_mixin.py:190} INFO - VSF: trích dữ liệu từ 2025-10-08 đến 2025-10-07
[2025-10-07T12:16:14.416+0000] {logging_mixin.py:190} INFO - Không tìm thấy dữ liệu cho VSF
[2025-10-07T12:16:14.430+0000] {logging_mixin.py:190} INFO - ℹ️ VSF: Không có dữ liệu mới.
[2025-10-07T12:16:14.431+0000] {logging_mixin.py:190} INFO - 🚦 Giới hạn API đạt mức tối đa, chờ 36.2s...
[2025-10-07T12:16:50.600+0000] {logging_mixin.py:190} INFO - ⬇️ Bắt đầu xử lý symbol = VSE
[2025-10-07T12:16:50.618+0000] {logging_mixin.py:190} INFO - ⚠️ Không đọc được file cũ VSE: 'date'
[2025-10-07T12:16:50.625+0000] {logging_mixin.py:190} INFO - VSE: trích dữ liệu từ 2025-10-04 đến 2025-10-07
[2025-10-07T12:16:50.781+0000] {logging_mixin.py:190} INFO - Trích xuất 2 dòng mới cho VSE
[2025-10-07T12:16:50.783+0000] {logging_mixin.py:190} INFO - ⚠️ Lỗi khi xử lý VSE: load_data() got an unexpected keyword argument 'mode'
[2025-10-07T12:16:50.784+0000] {logging_mixin.py:190} INFO - 🚦 Giới hạn API đạt mức tối đa, chờ 4.5s...
[2025-10-07T12:16:55.265+0000] {logging_mixin.py:190} INFO - ⬇️ Bắt đầu xử lý symbol = VSC
[2025-10-07T12:16:55.279+0000] {logging_mixin.py:190} INFO - ⚠️ Không đọc được file cũ VSC: 'date'
[2025-10-07T12:16:55.286+0000] {logging_mixin.py:190} INFO - VSC: trích dữ liệu từ 2025-10-04 đến 2025-10-07
[2025-10-07T12:16:56.084+0000] {logging_mixin.py:190} INFO - Trích xuất 2 dòng mới cho VSC
[2025-10-07T12:16:56.085+0000] {logging_mixin.py:190} INFO - ⚠️ Lỗi khi xử lý VSC: load_data() got an unexpected keyword argument 'mode'
[2025-10-07T12:16:56.086+0000] {logging_mixin.py:190} INFO - 🚦 Giới hạn API đạt mức tối đa, chờ 3.8s...
[2025-10-07T12:16:59.898+0000] {logging_mixin.py:190} INFO - ⬇️ Bắt đầu xử lý symbol = VSA
[2025-10-07T12:16:59.906+0000] {logging_mixin.py:190} INFO - ⚠️ Không đọc được file cũ VSA: 'date'
[2025-10-07T12:16:59.912+0000] {logging_mixin.py:190} INFO - VSA: trích dữ liệu từ 2025-10-04 đến 2025-10-07
[2025-10-07T12:17:00.264+0000] {logging_mixin.py:190} INFO - Trích xuất 1 dòng mới cho VSA
[2025-10-07T12:17:00.266+0000] {logging_mixin.py:190} INFO - ⚠️ Lỗi khi xử lý VSA: load_data() got an unexpected keyword argument 'mode'
[2025-10-07T12:17:00.267+0000] {logging_mixin.py:190} INFO - 🚦 Giới hạn API đạt mức tối đa, chờ 4.4s...
[2025-10-07T12:17:04.715+0000] {logging_mixin.py:190} INFO - ⬇️ Bắt đầu xử lý symbol = VRG
[2025-10-07T12:17:04.734+0000] {logging_mixin.py:190} INFO - ⚠️ Không đọc được file cũ VRG: 'date'
[2025-10-07T12:17:04.742+0000] {logging_mixin.py:190} INFO - VRG: trích dữ liệu từ 2025-10-04 đến 2025-10-07
[2025-10-07T12:17:04.932+0000] {logging_mixin.py:190} INFO - Trích xuất 2 dòng mới cho VRG
[2025-10-07T12:17:04.934+0000] {logging_mixin.py:190} INFO - ⚠️ Lỗi khi xử lý VRG: load_data() got an unexpected keyword argument 'mode'
[2025-10-07T12:17:04.934+0000] {logging_mixin.py:190} INFO - 🚦 Giới hạn API đạt mức tối đa, chờ 4.7s...
[2025-10-07T12:17:09.667+0000] {logging_mixin.py:190} INFO - ⬇️ Bắt đầu xử lý symbol = VRE
[2025-10-07T12:17:09.676+0000] {logging_mixin.py:190} INFO - ⚠️ Không đọc được file cũ VRE: 'date'
[2025-10-07T12:17:09.682+0000] {logging_mixin.py:190} INFO - VRE: trích dữ liệu từ 2025-10-04 đến 2025-10-07
[2025-10-07T12:17:09.880+0000] {logging_mixin.py:190} INFO - Trích xuất 2 dòng mới cho VRE
[2025-10-07T12:17:09.881+0000] {logging_mixin.py:190} INFO - ⚠️ Lỗi khi xử lý VRE: load_data() got an unexpected keyword argument 'mode'
[2025-10-07T12:17:09.882+0000] {logging_mixin.py:190} INFO - 🚦 Giới hạn API đạt mức tối đa, chờ 40.7s...
[2025-10-07T12:17:50.597+0000] {logging_mixin.py:190} INFO - ⬇️ Bắt đầu xử lý symbol = VRC
[2025-10-07T12:17:50.606+0000] {logging_mixin.py:190} INFO - ⚠️ Không đọc được file cũ VRC: 'date'
[2025-10-07T12:17:50.612+0000] {logging_mixin.py:190} INFO - VRC: trích dữ liệu từ 2025-10-04 đến 2025-10-07
[2025-10-07T12:17:50.810+0000] {logging_mixin.py:190} INFO - Trích xuất 2 dòng mới cho VRC
[2025-10-07T12:17:50.812+0000] {logging_mixin.py:190} INFO - ⚠️ Lỗi khi xử lý VRC: load_data() got an unexpected keyword argument 'mode'
[2025-10-07T12:17:50.812+0000] {logging_mixin.py:190} INFO - 🚦 Giới hạn API đạt mức tối đa, chờ 4.5s...
[2025-10-07T12:17:55.265+0000] {logging_mixin.py:190} INFO - ⬇️ Bắt đầu xử lý symbol = VQC
[2025-10-07T12:17:55.273+0000] {logging_mixin.py:190} INFO - ⚠️ Không đọc được file cũ VQC: 'date'
[2025-10-07T12:17:55.280+0000] {logging_mixin.py:190} INFO - VQC: trích dữ liệu từ 2025-10-02 đến 2025-10-07
[2025-10-07T12:17:59.783+0000] {logging_mixin.py:190} INFO - Không tìm thấy dữ liệu cho VQC
[2025-10-07T12:17:59.784+0000] {logging_mixin.py:190} INFO - ℹ️ VQC: Không có dữ liệu mới.
[2025-10-07T12:17:59.785+0000] {logging_mixin.py:190} INFO - 🚦 Giới hạn API đạt mức tối đa, chờ 0.1s...
[2025-10-07T12:17:59.898+0000] {logging_mixin.py:190} INFO - ⬇️ Bắt đầu xử lý symbol = VPW
[2025-10-07T12:17:59.906+0000] {logging_mixin.py:190} INFO - ⚠️ Không đọc được file cũ VPW: 'date'
[2025-10-07T12:17:59.912+0000] {logging_mixin.py:190} INFO - VPW: trích dữ liệu từ 2025-07-15 đến 2025-10-07
[2025-10-07T12:18:04.515+0000] {logging_mixin.py:190} INFO - Không tìm thấy dữ liệu cho VPW
[2025-10-07T12:18:04.517+0000] {logging_mixin.py:190} INFO - ℹ️ VPW: Không có dữ liệu mới.
[2025-10-07T12:18:04.517+0000] {logging_mixin.py:190} INFO - 🚦 Giới hạn API đạt mức tối đa, chờ 0.2s...
[2025-10-07T12:18:04.716+0000] {logging_mixin.py:190} INFO - ⬇️ Bắt đầu xử lý symbol = VPS
[2025-10-07T12:18:04.722+0000] {logging_mixin.py:190} INFO - ⚠️ Không đọc được file cũ VPS: 'date'
[2025-10-07T12:18:04.728+0000] {logging_mixin.py:190} INFO - VPS: trích dữ liệu từ 2025-10-04 đến 2025-10-07
[2025-10-07T12:18:05.035+0000] {logging_mixin.py:190} INFO - Trích xuất 2 dòng mới cho VPS
[2025-10-07T12:18:05.036+0000] {logging_mixin.py:190} INFO - ⚠️ Lỗi khi xử lý VPS: load_data() got an unexpected keyword argument 'mode'
[2025-10-07T12:18:05.037+0000] {logging_mixin.py:190} INFO - 🚦 Giới hạn API đạt mức tối đa, chờ 4.6s...
[2025-10-07T12:18:09.667+0000] {logging_mixin.py:190} INFO - ⬇️ Bắt đầu xử lý symbol = VPR
[2025-10-07T12:18:09.674+0000] {logging_mixin.py:190} INFO - ⚠️ Không đọc được file cũ VPR: 'date'
[2025-10-07T12:18:09.681+0000] {logging_mixin.py:190} INFO - VPR: trích dữ liệu từ 2025-09-20 đến 2025-10-07
[2025-10-07T12:18:14.380+0000] {logging_mixin.py:190} INFO - Không tìm thấy dữ liệu cho VPR
[2025-10-07T12:18:14.381+0000] {logging_mixin.py:190} INFO - ℹ️ VPR: Không có dữ liệu mới.
[2025-10-07T12:18:14.382+0000] {logging_mixin.py:190} INFO - 🚦 Giới hạn API đạt mức tối đa, chờ 36.2s...
[2025-10-07T12:18:50.597+0000] {logging_mixin.py:190} INFO - ⬇️ Bắt đầu xử lý symbol = VPL
[2025-10-07T12:18:50.605+0000] {logging_mixin.py:190} INFO - ⚠️ Không đọc được file cũ VPL: 'date'
[2025-10-07T12:18:50.609+0000] {logging_mixin.py:190} INFO - VPL: trích dữ liệu từ 2025-10-04 đến 2025-10-07
[2025-10-07T12:18:50.808+0000] {logging_mixin.py:190} INFO - Trích xuất 2 dòng mới cho VPL
[2025-10-07T12:18:50.809+0000] {logging_mixin.py:190} INFO - ⚠️ Lỗi khi xử lý VPL: load_data() got an unexpected keyword argument 'mode'
[2025-10-07T12:18:50.810+0000] {logging_mixin.py:190} INFO - 🚦 Giới hạn API đạt mức tối đa, chờ 4.5s...
[2025-10-07T12:18:55.266+0000] {logging_mixin.py:190} INFO - ⬇️ Bắt đầu xử lý symbol = VPI
[2025-10-07T12:18:55.274+0000] {logging_mixin.py:190} INFO - ⚠️ Không đọc được file cũ VPI: 'date'
[2025-10-07T12:18:55.282+0000] {logging_mixin.py:190} INFO - VPI: trích dữ liệu từ 2025-10-04 đến 2025-10-07
[2025-10-07T12:18:55.484+0000] {logging_mixin.py:190} INFO - Trích xuất 2 dòng mới cho VPI
[2025-10-07T12:18:55.485+0000] {logging_mixin.py:190} INFO - ⚠️ Lỗi khi xử lý VPI: load_data() got an unexpected keyword argument 'mode'
[2025-10-07T12:18:55.485+0000] {logging_mixin.py:190} INFO - 🚦 Giới hạn API đạt mức tối đa, chờ 4.4s...
[2025-10-07T12:18:59.899+0000] {logging_mixin.py:190} INFO - ⬇️ Bắt đầu xử lý symbol = VPH
[2025-10-07T12:18:59.907+0000] {logging_mixin.py:190} INFO - ⚠️ Không đọc được file cũ VPH: 'date'
[2025-10-07T12:18:59.914+0000] {logging_mixin.py:190} INFO - VPH: trích dữ liệu từ 2025-10-04 đến 2025-10-07
[2025-10-07T12:19:00.096+0000] {logging_mixin.py:190} INFO - Trích xuất 2 dòng mới cho VPH
[2025-10-07T12:19:00.098+0000] {logging_mixin.py:190} INFO - ⚠️ Lỗi khi xử lý VPH: load_data() got an unexpected keyword argument 'mode'
[2025-10-07T12:19:00.098+0000] {logging_mixin.py:190} INFO - 🚦 Giới hạn API đạt mức tối đa, chờ 4.6s...
[2025-10-07T12:19:04.717+0000] {logging_mixin.py:190} INFO - ⬇️ Bắt đầu xử lý symbol = VPG
[2025-10-07T12:19:04.725+0000] {logging_mixin.py:190} INFO - ⚠️ Không đọc được file cũ VPG: 'date'
[2025-10-07T12:19:04.732+0000] {logging_mixin.py:190} INFO - VPG: trích dữ liệu từ 2025-10-04 đến 2025-10-07
[2025-10-07T12:19:04.884+0000] {logging_mixin.py:190} INFO - Trích xuất 2 dòng mới cho VPG
[2025-10-07T12:19:04.885+0000] {logging_mixin.py:190} INFO - ⚠️ Lỗi khi xử lý VPG: load_data() got an unexpected keyword argument 'mode'
[2025-10-07T12:19:04.886+0000] {logging_mixin.py:190} INFO - 🚦 Giới hạn API đạt mức tối đa, chờ 4.8s...
[2025-10-07T12:19:09.668+0000] {logging_mixin.py:190} INFO - ⬇️ Bắt đầu xử lý symbol = VPD
[2025-10-07T12:19:09.677+0000] {logging_mixin.py:190} INFO - ⚠️ Không đọc được file cũ VPD: 'date'
[2025-10-07T12:19:09.683+0000] {logging_mixin.py:190} INFO - VPD: trích dữ liệu từ 2025-10-04 đến 2025-10-07
[2025-10-07T12:19:09.896+0000] {logging_mixin.py:190} INFO - Trích xuất 2 dòng mới cho VPD
[2025-10-07T12:19:09.898+0000] {logging_mixin.py:190} INFO - ⚠️ Lỗi khi xử lý VPD: load_data() got an unexpected keyword argument 'mode'
[2025-10-07T12:19:09.899+0000] {logging_mixin.py:190} INFO - 🚦 Giới hạn API đạt mức tối đa, chờ 40.7s...
[2025-10-07T12:19:50.594+0000] {logging_mixin.py:190} INFO - ⬇️ Bắt đầu xử lý symbol = VPC
[2025-10-07T12:19:50.601+0000] {logging_mixin.py:190} INFO - ⚠️ Không đọc được file cũ VPC: 'date'
[2025-10-07T12:19:50.608+0000] {logging_mixin.py:190} INFO - VPC: trích dữ liệu từ 2025-08-30 đến 2025-10-07
[2025-10-07T12:19:55.420+0000] {logging_mixin.py:190} INFO - Không tìm thấy dữ liệu cho VPC
[2025-10-07T12:19:55.422+0000] {logging_mixin.py:190} INFO - ℹ️ VPC: Không có dữ liệu mới.
[2025-10-07T12:19:55.422+0000] {logging_mixin.py:190} INFO - ⬇️ Bắt đầu xử lý symbol = VPB
[2025-10-07T12:19:55.430+0000] {logging_mixin.py:190} INFO - ⚠️ Không đọc được file cũ VPB: 'date'
[2025-10-07T12:19:55.436+0000] {logging_mixin.py:190} INFO - VPB: trích dữ liệu từ 2025-10-04 đến 2025-10-07
[2025-10-07T12:19:55.603+0000] {logging_mixin.py:190} INFO - Trích xuất 2 dòng mới cho VPB
[2025-10-07T12:19:55.606+0000] {logging_mixin.py:190} INFO - ⚠️ Lỗi khi xử lý VPB: load_data() got an unexpected keyword argument 'mode'
[2025-10-07T12:19:55.607+0000] {logging_mixin.py:190} INFO - 🚦 Giới hạn API đạt mức tối đa, chờ 4.3s...
[2025-10-07T12:19:59.900+0000] {logging_mixin.py:190} INFO - ⬇️ Bắt đầu xử lý symbol = VPA
[2025-10-07T12:19:59.909+0000] {logging_mixin.py:190} INFO - ⚠️ Không đọc được file cũ VPA: 'date'
[2025-10-07T12:19:59.914+0000] {logging_mixin.py:190} INFO - VPA: trích dữ liệu từ 2025-10-04 đến 2025-10-07
[2025-10-07T12:20:05.079+0000] {logging_mixin.py:190} INFO - Không tìm thấy dữ liệu cho VPA
[2025-10-07T12:20:05.081+0000] {logging_mixin.py:190} INFO - ℹ️ VPA: Không có dữ liệu mới.
[2025-10-07T12:20:05.082+0000] {logging_mixin.py:190} INFO - ⬇️ Bắt đầu xử lý symbol = VOS
[2025-10-07T12:20:05.090+0000] {logging_mixin.py:190} INFO - ⚠️ Không đọc được file cũ VOS: 'date'
[2025-10-07T12:20:05.096+0000] {logging_mixin.py:190} INFO - VOS: trích dữ liệu từ 2025-10-04 đến 2025-10-07
[2025-10-07T12:20:05.304+0000] {logging_mixin.py:190} INFO - Trích xuất 2 dòng mới cho VOS
[2025-10-07T12:20:05.306+0000] {logging_mixin.py:190} INFO - ⚠️ Lỗi khi xử lý VOS: load_data() got an unexpected keyword argument 'mode'
[2025-10-07T12:20:05.306+0000] {logging_mixin.py:190} INFO - 🚦 Giới hạn API đạt mức tối đa, chờ 4.4s...
[2025-10-07T12:20:09.668+0000] {logging_mixin.py:190} INFO - ⬇️ Bắt đầu xử lý symbol = VOC
[2025-10-07T12:20:09.685+0000] {logging_mixin.py:190} INFO - ⚠️ Không đọc được file cũ VOC: 'date'
[2025-10-07T12:20:09.692+0000] {logging_mixin.py:190} INFO - VOC: trích dữ liệu từ 2025-10-04 đến 2025-10-07
[2025-10-07T12:20:09.866+0000] {logging_mixin.py:190} INFO - Trích xuất 2 dòng mới cho VOC
[2025-10-07T12:20:09.867+0000] {logging_mixin.py:190} INFO - ⚠️ Lỗi khi xử lý VOC: load_data() got an unexpected keyword argument 'mode'
[2025-10-07T12:20:09.868+0000] {logging_mixin.py:190} INFO - 🚦 Giới hạn API đạt mức tối đa, chờ 40.7s...
[2025-10-07T12:20:50.593+0000] {logging_mixin.py:190} INFO - ⬇️ Bắt đầu xử lý symbol = VNZ
[2025-10-07T12:20:50.610+0000] {logging_mixin.py:190} INFO - ⚠️ Không đọc được file cũ VNZ: 'date'
[2025-10-07T12:20:50.616+0000] {logging_mixin.py:190} INFO - VNZ: trích dữ liệu từ 2025-10-04 đến 2025-10-07
[2025-10-07T12:20:50.842+0000] {logging_mixin.py:190} INFO - Trích xuất 2 dòng mới cho VNZ
[2025-10-07T12:20:50.843+0000] {logging_mixin.py:190} INFO - ⚠️ Lỗi khi xử lý VNZ: load_data() got an unexpected keyword argument 'mode'
[2025-10-07T12:20:50.844+0000] {logging_mixin.py:190} INFO - 🚦 Giới hạn API đạt mức tối đa, chờ 4.6s...
[2025-10-07T12:20:55.423+0000] {logging_mixin.py:190} INFO - ⬇️ Bắt đầu xử lý symbol = VNY
[2025-10-07T12:20:55.431+0000] {logging_mixin.py:190} INFO - ⚠️ Không đọc được file cũ VNY: 'date'
[2025-10-07T12:20:55.437+0000] {logging_mixin.py:190} INFO - VNY: trích dữ liệu từ 2025-10-04 đến 2025-10-07
[2025-10-07T12:20:55.705+0000] {logging_mixin.py:190} INFO - Trích xuất 1 dòng mới cho VNY
[2025-10-07T12:20:55.707+0000] {logging_mixin.py:190} INFO - ⚠️ Lỗi khi xử lý VNY: load_data() got an unexpected keyword argument 'mode'
[2025-10-07T12:20:55.708+0000] {logging_mixin.py:190} INFO - 🚦 Giới hạn API đạt mức tối đa, chờ 4.2s...
[2025-10-07T12:20:59.901+0000] {logging_mixin.py:190} INFO - ⬇️ Bắt đầu xử lý symbol = VNX
[2025-10-07T12:20:59.909+0000] {logging_mixin.py:190} INFO - ⚠️ Không đọc được file cũ VNX: 'date'
[2025-10-07T12:20:59.915+0000] {logging_mixin.py:190} INFO - VNX: trích dữ liệu từ 2025-08-15 đến 2025-10-07
[2025-10-07T12:21:04.560+0000] {logging_mixin.py:190} INFO - Không tìm thấy dữ liệu cho VNX
[2025-10-07T12:21:04.561+0000] {logging_mixin.py:190} INFO - ℹ️ VNX: Không có dữ liệu mới.
[2025-10-07T12:21:04.562+0000] {logging_mixin.py:190} INFO - 🚦 Giới hạn API đạt mức tối đa, chờ 0.5s...
[2025-10-07T12:21:05.082+0000] {logging_mixin.py:190} INFO - ⬇️ Bắt đầu xử lý symbol = VNT
[2025-10-07T12:21:05.090+0000] {logging_mixin.py:190} INFO - ⚠️ Không đọc được file cũ VNT: 'date'
[2025-10-07T12:21:05.096+0000] {logging_mixin.py:190} INFO - VNT: trích dữ liệu từ 2025-10-02 đến 2025-10-07
[2025-10-07T12:21:05.285+0000] {logging_mixin.py:190} INFO - Trích xuất 1 dòng mới cho VNT
[2025-10-07T12:21:05.287+0000] {logging_mixin.py:190} INFO - ⚠️ Lỗi khi xử lý VNT: load_data() got an unexpected keyword argument 'mode'
[2025-10-07T12:21:05.288+0000] {logging_mixin.py:190} INFO - 🚦 Giới hạn API đạt mức tối đa, chờ 4.4s...
[2025-10-07T12:21:09.669+0000] {logging_mixin.py:190} INFO - ⬇️ Bắt đầu xử lý symbol = VNS
[2025-10-07T12:21:09.679+0000] {logging_mixin.py:190} INFO - ⚠️ Không đọc được file cũ VNS: 'date'
[2025-10-07T12:21:09.685+0000] {logging_mixin.py:190} INFO - VNS: trích dữ liệu từ 2025-10-04 đến 2025-10-07
[2025-10-07T12:21:09.861+0000] {logging_mixin.py:190} INFO - Trích xuất 2 dòng mới cho VNS
[2025-10-07T12:21:09.863+0000] {logging_mixin.py:190} INFO - ⚠️ Lỗi khi xử lý VNS: load_data() got an unexpected keyword argument 'mode'
[2025-10-07T12:21:09.863+0000] {logging_mixin.py:190} INFO - 🚦 Giới hạn API đạt mức tối đa, chờ 40.7s...
[2025-10-07T12:21:50.591+0000] {logging_mixin.py:190} INFO - ⬇️ Bắt đầu xử lý symbol = VNR
[2025-10-07T12:21:50.600+0000] {logging_mixin.py:190} INFO - ⚠️ Không đọc được file cũ VNR: 'date'
[2025-10-07T12:21:50.606+0000] {logging_mixin.py:190} INFO - VNR: trích dữ liệu từ 2025-10-04 đến 2025-10-07
[2025-10-07T12:21:50.802+0000] {logging_mixin.py:190} INFO - Trích xuất 2 dòng mới cho VNR
[2025-10-07T12:21:50.804+0000] {logging_mixin.py:190} INFO - ⚠️ Lỗi khi xử lý VNR: load_data() got an unexpected keyword argument 'mode'
[2025-10-07T12:21:50.804+0000] {logging_mixin.py:190} INFO - 🚦 Giới hạn API đạt mức tối đa, chờ 4.6s...
[2025-10-07T12:21:55.424+0000] {logging_mixin.py:190} INFO - ⬇️ Bắt đầu xử lý symbol = VNP
[2025-10-07T12:21:55.433+0000] {logging_mixin.py:190} INFO - ⚠️ Không đọc được file cũ VNP: 'date'
[2025-10-07T12:21:55.440+0000] {logging_mixin.py:190} INFO - VNP: trích dữ liệu từ 2025-10-04 đến 2025-10-07
[2025-10-07T12:21:55.649+0000] {logging_mixin.py:190} INFO - Trích xuất 2 dòng mới cho VNP
[2025-10-07T12:21:55.652+0000] {logging_mixin.py:190} INFO - ⚠️ Lỗi khi xử lý VNP: load_data() got an unexpected keyword argument 'mode'
[2025-10-07T12:21:55.652+0000] {logging_mixin.py:190} INFO - 🚦 Giới hạn API đạt mức tối đa, chờ 4.2s...
[2025-10-07T12:21:59.901+0000] {logging_mixin.py:190} INFO - ⬇️ Bắt đầu xử lý symbol = VNM
[2025-10-07T12:21:59.916+0000] {logging_mixin.py:190} INFO - ⚠️ Không đọc được file cũ VNM: 'date'
[2025-10-07T12:21:59.923+0000] {logging_mixin.py:190} INFO - VNM: trích dữ liệu từ 2025-10-04 đến 2025-10-07
[2025-10-07T12:22:00.181+0000] {logging_mixin.py:190} INFO - Trích xuất 2 dòng mới cho VNM
[2025-10-07T12:22:00.183+0000] {logging_mixin.py:190} INFO - ⚠️ Lỗi khi xử lý VNM: load_data() got an unexpected keyword argument 'mode'
[2025-10-07T12:22:00.184+0000] {logging_mixin.py:190} INFO - 🚦 Giới hạn API đạt mức tối đa, chờ 4.9s...
[2025-10-07T12:22:05.083+0000] {logging_mixin.py:190} INFO - ⬇️ Bắt đầu xử lý symbol = VNL
[2025-10-07T12:22:05.098+0000] {logging_mixin.py:190} INFO - ⚠️ Không đọc được file cũ VNL: 'date'
[2025-10-07T12:22:05.105+0000] {logging_mixin.py:190} INFO - VNL: trích dữ liệu từ 2025-10-04 đến 2025-10-07
[2025-10-07T12:22:05.476+0000] {logging_mixin.py:190} INFO - Trích xuất 2 dòng mới cho VNL
[2025-10-07T12:22:05.478+0000] {logging_mixin.py:190} INFO - ⚠️ Lỗi khi xử lý VNL: load_data() got an unexpected keyword argument 'mode'
[2025-10-07T12:22:05.478+0000] {logging_mixin.py:190} INFO - 🚦 Giới hạn API đạt mức tối đa, chờ 4.2s...
[2025-10-07T12:22:09.670+0000] {logging_mixin.py:190} INFO - ⬇️ Bắt đầu xử lý symbol = VNI
[2025-10-07T12:22:09.687+0000] {logging_mixin.py:190} INFO - ⚠️ Không đọc được file cũ VNI: 'date'
[2025-10-07T12:22:09.694+0000] {logging_mixin.py:190} INFO - VNI: trích dữ liệu từ 2025-10-04 đến 2025-10-07
[2025-10-07T12:22:09.892+0000] {logging_mixin.py:190} INFO - Trích xuất 2 dòng mới cho VNI
[2025-10-07T12:22:09.895+0000] {logging_mixin.py:190} INFO - ⚠️ Lỗi khi xử lý VNI: load_data() got an unexpected keyword argument 'mode'
[2025-10-07T12:22:09.896+0000] {logging_mixin.py:190} INFO - 🚦 Giới hạn API đạt mức tối đa, chờ 40.7s...
[2025-10-07T12:22:50.589+0000] {logging_mixin.py:190} INFO - ⬇️ Bắt đầu xử lý symbol = VNH
[2025-10-07T12:22:50.596+0000] {logging_mixin.py:190} INFO - ⚠️ Không đọc được file cũ VNH: 'date'
[2025-10-07T12:22:50.603+0000] {logging_mixin.py:190} INFO - VNH: trích dữ liệu từ 2025-10-04 đến 2025-10-07
[2025-10-07T12:22:55.267+0000] {logging_mixin.py:190} INFO - Không tìm thấy dữ liệu cho VNH
[2025-10-07T12:22:55.269+0000] {logging_mixin.py:190} INFO - ℹ️ VNH: Không có dữ liệu mới.
[2025-10-07T12:22:55.269+0000] {logging_mixin.py:190} INFO - 🚦 Giới hạn API đạt mức tối đa, chờ 0.2s...
[2025-10-07T12:22:55.424+0000] {logging_mixin.py:190} INFO - ⬇️ Bắt đầu xử lý symbol = VNG
[2025-10-07T12:22:55.431+0000] {logging_mixin.py:190} INFO - ⚠️ Không đọc được file cũ VNG: 'date'
[2025-10-07T12:22:55.438+0000] {logging_mixin.py:190} INFO - VNG: trích dữ liệu từ 2025-10-04 đến 2025-10-07
[2025-10-07T12:22:55.717+0000] {logging_mixin.py:190} INFO - Trích xuất 2 dòng mới cho VNG
[2025-10-07T12:22:55.719+0000] {logging_mixin.py:190} INFO - ⚠️ Lỗi khi xử lý VNG: load_data() got an unexpected keyword argument 'mode'
[2025-10-07T12:22:55.720+0000] {logging_mixin.py:190} INFO - 🚦 Giới hạn API đạt mức tối đa, chờ 4.2s...
[2025-10-07T12:22:59.902+0000] {logging_mixin.py:190} INFO - ⬇️ Bắt đầu xử lý symbol = VNF
[2025-10-07T12:22:59.912+0000] {logging_mixin.py:190} INFO - ⚠️ Không đọc được file cũ VNF: 'date'
[2025-10-07T12:22:59.920+0000] {logging_mixin.py:190} INFO - VNF: trích dữ liệu từ 2025-10-04 đến 2025-10-07
[2025-10-07T12:23:00.173+0000] {logging_mixin.py:190} INFO - Trích xuất 2 dòng mới cho VNF
[2025-10-07T12:23:00.175+0000] {logging_mixin.py:190} INFO - ⚠️ Lỗi khi xử lý VNF: load_data() got an unexpected keyword argument 'mode'
[2025-10-07T12:23:00.176+0000] {logging_mixin.py:190} INFO - 🚦 Giới hạn API đạt mức tối đa, chờ 4.9s...
[2025-10-07T12:23:05.084+0000] {logging_mixin.py:190} INFO - ⬇️ Bắt đầu xử lý symbol = VNE
[2025-10-07T12:23:05.092+0000] {logging_mixin.py:190} INFO - ⚠️ Không đọc được file cũ VNE: 'date'
[2025-10-07T12:23:05.099+0000] {logging_mixin.py:190} INFO - VNE: trích dữ liệu từ 2025-10-04 đến 2025-10-07
[2025-10-07T12:23:05.296+0000] {logging_mixin.py:190} INFO - Trích xuất 2 dòng mới cho VNE
[2025-10-07T12:23:05.297+0000] {logging_mixin.py:190} INFO - ⚠️ Lỗi khi xử lý VNE: load_data() got an unexpected keyword argument 'mode'
[2025-10-07T12:23:05.298+0000] {logging_mixin.py:190} INFO - 🚦 Giới hạn API đạt mức tối đa, chờ 4.4s...
[2025-10-07T12:23:09.671+0000] {logging_mixin.py:190} INFO - ⬇️ Bắt đầu xử lý symbol = VND
[2025-10-07T12:23:09.678+0000] {logging_mixin.py:190} INFO - ⚠️ Không đọc được file cũ VND: 'date'
[2025-10-07T12:23:09.685+0000] {logging_mixin.py:190} INFO - VND: trích dữ liệu từ 2025-10-04 đến 2025-10-07
[2025-10-07T12:23:09.894+0000] {logging_mixin.py:190} INFO - Trích xuất 2 dòng mới cho VND
[2025-10-07T12:23:09.897+0000] {logging_mixin.py:190} INFO - ⚠️ Lỗi khi xử lý VND: load_data() got an unexpected keyword argument 'mode'
[2025-10-07T12:23:09.898+0000] {logging_mixin.py:190} INFO - 🚦 Giới hạn API đạt mức tối đa, chờ 40.7s...
[2025-10-07T12:23:50.587+0000] {logging_mixin.py:190} INFO - ⬇️ Bắt đầu xử lý symbol = VNC
[2025-10-07T12:23:50.598+0000] {logging_mixin.py:190} INFO - ⚠️ Không đọc được file cũ VNC: 'date'
[2025-10-07T12:23:50.603+0000] {logging_mixin.py:190} INFO - VNC: trích dữ liệu từ 2025-10-04 đến 2025-10-07
[2025-10-07T12:23:50.799+0000] {logging_mixin.py:190} INFO - Trích xuất 2 dòng mới cho VNC
[2025-10-07T12:23:50.801+0000] {logging_mixin.py:190} INFO - ⚠️ Lỗi khi xử lý VNC: load_data() got an unexpected keyword argument 'mode'
[2025-10-07T12:23:50.801+0000] {logging_mixin.py:190} INFO - 🚦 Giới hạn API đạt mức tối đa, chờ 4.6s...
[2025-10-07T12:23:55.425+0000] {logging_mixin.py:190} INFO - ⬇️ Bắt đầu xử lý symbol = VNB
[2025-10-07T12:23:55.435+0000] {logging_mixin.py:190} INFO - ⚠️ Không đọc được file cũ VNB: 'date'
[2025-10-07T12:23:55.442+0000] {logging_mixin.py:190} INFO - VNB: trích dữ liệu từ 2025-10-04 đến 2025-10-07
[2025-10-07T12:23:55.687+0000] {logging_mixin.py:190} INFO - Trích xuất 2 dòng mới cho VNB
[2025-10-07T12:23:55.689+0000] {logging_mixin.py:190} INFO - ⚠️ Lỗi khi xử lý VNB: load_data() got an unexpected keyword argument 'mode'
[2025-10-07T12:23:55.690+0000] {logging_mixin.py:190} INFO - 🚦 Giới hạn API đạt mức tối đa, chờ 4.2s...
[2025-10-07T12:23:59.902+0000] {logging_mixin.py:190} INFO - ⬇️ Bắt đầu xử lý symbol = VNA
[2025-10-07T12:23:59.911+0000] {logging_mixin.py:190} INFO - ⚠️ Không đọc được file cũ VNA: 'date'
[2025-10-07T12:23:59.917+0000] {logging_mixin.py:190} INFO - VNA: trích dữ liệu từ 2025-10-04 đến 2025-10-07
[2025-10-07T12:24:00.120+0000] {logging_mixin.py:190} INFO - Trích xuất 2 dòng mới cho VNA
[2025-10-07T12:24:00.122+0000] {logging_mixin.py:190} INFO - ⚠️ Lỗi khi xử lý VNA: load_data() got an unexpected keyword argument 'mode'
[2025-10-07T12:24:00.122+0000] {logging_mixin.py:190} INFO - 🚦 Giới hạn API đạt mức tối đa, chờ 5.0s...
[2025-10-07T12:24:05.084+0000] {logging_mixin.py:190} INFO - ⬇️ Bắt đầu xử lý symbol = VMT
[2025-10-07T12:24:05.091+0000] {logging_mixin.py:190} INFO - ⚠️ Không đọc được file cũ VMT: 'date'
[2025-10-07T12:24:05.099+0000] {logging_mixin.py:190} INFO - VMT: trích dữ liệu từ 2025-09-17 đến 2025-10-07
[2025-10-07T12:24:09.829+0000] {logging_mixin.py:190} INFO - Không tìm thấy dữ liệu cho VMT
[2025-10-07T12:24:09.831+0000] {logging_mixin.py:190} INFO - ℹ️ VMT: Không có dữ liệu mới.
[2025-10-07T12:24:09.831+0000] {logging_mixin.py:190} INFO - ⬇️ Bắt đầu xử lý symbol = VMS
[2025-10-07T12:24:09.845+0000] {logging_mixin.py:190} INFO - ⚠️ Không đọc được file cũ VMS: 'date'
[2025-10-07T12:24:09.852+0000] {logging_mixin.py:190} INFO - VMS: trích dữ liệu từ 2025-10-01 đến 2025-10-07
[2025-10-07T12:24:14.728+0000] {logging_mixin.py:190} INFO - Không tìm thấy dữ liệu cho VMS
[2025-10-07T12:24:14.730+0000] {logging_mixin.py:190} INFO - ℹ️ VMS: Không có dữ liệu mới.
[2025-10-07T12:24:14.731+0000] {logging_mixin.py:190} INFO - 🚦 Giới hạn API đạt mức tối đa, chờ 35.9s...
[2025-10-07T12:24:50.585+0000] {logging_mixin.py:190} INFO - ⬇️ Bắt đầu xử lý symbol = VMK
[2025-10-07T12:24:50.592+0000] {logging_mixin.py:190} INFO - ⚠️ Không đọc được file cũ VMK: 'date'
[2025-10-07T12:24:50.599+0000] {logging_mixin.py:190} INFO - VMK: trích dữ liệu từ 2025-09-17 đến 2025-10-07
[2025-10-07T12:24:56.166+0000] {logging_mixin.py:190} INFO - Không tìm thấy dữ liệu cho VMK
[2025-10-07T12:24:56.168+0000] {logging_mixin.py:190} INFO - ℹ️ VMK: Không có dữ liệu mới.
[2025-10-07T12:24:56.168+0000] {logging_mixin.py:190} INFO - ⬇️ Bắt đầu xử lý symbol = VMI
[2025-10-07T12:24:56.176+0000] {logging_mixin.py:190} INFO - ⚠️ Không đọc được file cũ VMI: 'date'
[2025-10-07T12:24:56.184+0000] {logging_mixin.py:190} INFO - VMI: trích dữ liệu từ 2022-09-17 đến 2025-10-07
[2025-10-07T12:25:01.027+0000] {logging_mixin.py:190} INFO - Không tìm thấy dữ liệu cho VMI
[2025-10-07T12:25:01.028+0000] {logging_mixin.py:190} INFO - ℹ️ VMI: Không có dữ liệu mới.
[2025-10-07T12:25:01.030+0000] {logging_mixin.py:190} INFO - ⬇️ Bắt đầu xử lý symbol = VMG
[2025-10-07T12:25:01.039+0000] {logging_mixin.py:190} INFO - ⚠️ Không đọc được file cũ VMG: 'date'
[2025-10-07T12:25:01.048+0000] {logging_mixin.py:190} INFO - VMG: trích dữ liệu từ 2025-10-03 đến 2025-10-07
[2025-10-07T12:25:01.240+0000] {logging_mixin.py:190} INFO - Trích xuất 1 dòng mới cho VMG
[2025-10-07T12:25:01.242+0000] {logging_mixin.py:190} INFO - ⚠️ Lỗi khi xử lý VMG: load_data() got an unexpected keyword argument 'mode'
[2025-10-07T12:25:01.242+0000] {logging_mixin.py:190} INFO - 🚦 Giới hạn API đạt mức tối đa, chờ 3.8s...
[2025-10-07T12:25:05.085+0000] {logging_mixin.py:190} INFO - ⬇️ Bắt đầu xử lý symbol = VMD
[2025-10-07T12:25:05.099+0000] {logging_mixin.py:190} INFO - ⚠️ Không đọc được file cũ VMD: 'date'
[2025-10-07T12:25:05.106+0000] {logging_mixin.py:190} INFO - VMD: trích dữ liệu từ 2025-10-04 đến 2025-10-07
[2025-10-07T12:25:05.419+0000] {logging_mixin.py:190} INFO - Trích xuất 2 dòng mới cho VMD
[2025-10-07T12:25:05.421+0000] {logging_mixin.py:190} INFO - ⚠️ Lỗi khi xử lý VMD: load_data() got an unexpected keyword argument 'mode'
[2025-10-07T12:25:05.421+0000] {logging_mixin.py:190} INFO - 🚦 Giới hạn API đạt mức tối đa, chờ 4.4s...
[2025-10-07T12:25:09.832+0000] {logging_mixin.py:190} INFO - ⬇️ Bắt đầu xử lý symbol = VMC
[2025-10-07T12:25:09.847+0000] {logging_mixin.py:190} INFO - ⚠️ Không đọc được file cũ VMC: 'date'
[2025-10-07T12:25:09.855+0000] {logging_mixin.py:190} INFO - VMC: trích dữ liệu từ 2025-10-04 đến 2025-10-07
[2025-10-07T12:25:10.016+0000] {logging_mixin.py:190} INFO - Trích xuất 2 dòng mới cho VMC
[2025-10-07T12:25:10.017+0000] {logging_mixin.py:190} INFO - ⚠️ Lỗi khi xử lý VMC: load_data() got an unexpected keyword argument 'mode'
[2025-10-07T12:25:10.018+0000] {python.py:240} INFO - Done. Returned value was: None
[2025-10-07T12:25:10.026+0000] {taskinstance.py:341} INFO - ::group::Post task execution logs
[2025-10-07T12:25:10.027+0000] {taskinstance.py:353} INFO - Marking task as SUCCESS. dag_id=vnstock_weekly_etl_incremental, task_id=process_batch, run_id=manual__2025-10-07T10:43:54.222487+00:00, map_index=1, execution_date=20251007T104354, start_date=20251007T121550, end_date=20251007T122510
[2025-10-07T12:25:10.098+0000] {local_task_job_runner.py:266} INFO - Task exited with return code 0
[2025-10-07T12:25:10.257+0000] {taskinstance.py:3901} INFO - 0 downstream tasks scheduled from follow-on schedule check
[2025-10-07T12:25:10.260+0000] {local_task_job_runner.py:245} INFO - ::endgroup::
